[2024-09-06T17:29:41.847+0000] {local_task_job_runner.py:123} INFO - ::group::Pre task execution logs
[2024-09-06T17:29:41.887+0000] {taskinstance.py:2612} INFO - Dependencies all met for dep_context=non-requeueable deps ti=<TaskInstance: async_flow.task_backfill_number_of_cancelled_candidates_in_batch manual__2024-09-06T17:29:39.458358+00:00 map_index=4 [queued]>
[2024-09-06T17:29:41.911+0000] {taskinstance.py:2612} INFO - Dependencies all met for dep_context=requeueable deps ti=<TaskInstance: async_flow.task_backfill_number_of_cancelled_candidates_in_batch manual__2024-09-06T17:29:39.458358+00:00 map_index=4 [queued]>
[2024-09-06T17:29:41.911+0000] {taskinstance.py:2865} INFO - Starting attempt 1 of 1
[2024-09-06T17:29:41.961+0000] {taskinstance.py:2888} INFO - Executing <Mapped(_PythonDecoratedOperator): task_backfill_number_of_cancelled_candidates_in_batch> on 2024-09-06 17:29:39.458358+00:00
[2024-09-06T17:29:41.986+0000] {standard_task_runner.py:104} INFO - Running: ['***', 'tasks', 'run', 'async_flow', 'task_backfill_number_of_cancelled_candidates_in_batch', 'manual__2024-09-06T17:29:39.458358+00:00', '--job-id', '126', '--raw', '--subdir', 'DAGS_FOLDER/dags_async_flow.py', '--cfg-path', '/tmp/tmp4xj7jab0', '--map-index', '4']
[2024-09-06T17:29:41.990+0000] {standard_task_runner.py:105} INFO - Job 126: Subtask task_backfill_number_of_cancelled_candidates_in_batch
[2024-09-06T17:29:41.972+0000] {warnings.py:112} WARNING - /home/***/.local/lib/python3.12/site-packages/***/task/task_runner/standard_task_runner.py:70: DeprecationWarning: This process (pid=3115) is multi-threaded, use of fork() may lead to deadlocks in the child.
  pid = os.fork()

[2024-09-06T17:29:41.994+0000] {standard_task_runner.py:72} INFO - Started process 3204 to run task
[2024-09-06T17:29:42.089+0000] {task_command.py:467} INFO - Running <TaskInstance: async_flow.task_backfill_number_of_cancelled_candidates_in_batch manual__2024-09-06T17:29:39.458358+00:00 map_index=4 [running]> on host a3a5f1897683
[2024-09-06T17:29:42.368+0000] {taskinstance.py:3131} INFO - Exporting env vars: AIRFLOW_CTX_DAG_OWNER='***' AIRFLOW_CTX_DAG_ID='async_flow' AIRFLOW_CTX_TASK_ID='task_backfill_number_of_cancelled_candidates_in_batch' AIRFLOW_CTX_EXECUTION_DATE='2024-09-06T17:29:39.458358+00:00' AIRFLOW_CTX_TRY_NUMBER='1' AIRFLOW_CTX_DAG_RUN_ID='manual__2024-09-06T17:29:39.458358+00:00'
[2024-09-06T17:29:42.371+0000] {taskinstance.py:731} INFO - ::endgroup::
[2024-09-06T17:29:42.414+0000] {core_li.py:23} INFO - Successfully updated job requisition 66db04aabf0a19d8769e5e82
[2024-09-06T17:29:42.427+0000] {core_li.py:23} INFO - Successfully updated job requisition 66db04aabf0a19d8769e5e84
[2024-09-06T17:29:42.451+0000] {core_li.py:23} INFO - Successfully updated job requisition 66db04aabf0a19d8769e5e86
[2024-09-06T17:29:42.468+0000] {core_li.py:23} INFO - Successfully updated job requisition 66db04aabf0a19d8769e5e88
[2024-09-06T17:29:42.502+0000] {core_li.py:23} INFO - Successfully updated job requisition 66db04aabf0a19d8769e5e8a
[2024-09-06T17:29:42.532+0000] {core_li.py:23} INFO - Successfully updated job requisition 66db04aabf0a19d8769e5e8c
[2024-09-06T17:29:42.548+0000] {core_li.py:23} INFO - Successfully updated job requisition 66db04aabf0a19d8769e5e8e
[2024-09-06T17:29:42.558+0000] {core_li.py:23} INFO - Successfully updated job requisition 66db04aabf0a19d8769e5e90
[2024-09-06T17:29:42.569+0000] {core_li.py:23} INFO - Successfully updated job requisition 66db04aabf0a19d8769e5e92
[2024-09-06T17:29:42.592+0000] {core_li.py:23} INFO - Successfully updated job requisition 66db04aabf0a19d8769e5e94
[2024-09-06T17:29:42.604+0000] {core_li.py:23} INFO - Successfully updated job requisition 66db04aabf0a19d8769e5e96
[2024-09-06T17:29:42.626+0000] {core_li.py:23} INFO - Successfully updated job requisition 66db04aabf0a19d8769e5e98
[2024-09-06T17:29:42.639+0000] {core_li.py:23} INFO - Successfully updated job requisition 66db04aabf0a19d8769e5e9a
[2024-09-06T17:29:42.650+0000] {core_li.py:23} INFO - Successfully updated job requisition 66db04aabf0a19d8769e5e9c
[2024-09-06T17:29:42.664+0000] {core_li.py:23} INFO - Successfully updated job requisition 66db04aabf0a19d8769e5e9e
[2024-09-06T17:29:42.678+0000] {core_li.py:23} INFO - Successfully updated job requisition 66db04aabf0a19d8769e5ea0
[2024-09-06T17:29:42.688+0000] {core_li.py:23} INFO - Successfully updated job requisition 66db04aabf0a19d8769e5ea2
[2024-09-06T17:29:42.705+0000] {core_li.py:23} INFO - Successfully updated job requisition 66db04aabf0a19d8769e5ea4
[2024-09-06T17:29:42.717+0000] {core_li.py:23} INFO - Successfully updated job requisition 66db04aabf0a19d8769e5ea6
[2024-09-06T17:29:42.726+0000] {core_li.py:23} INFO - Successfully updated job requisition 66db04aabf0a19d8769e5ea8
[2024-09-06T17:29:42.739+0000] {core_li.py:23} INFO - Successfully updated job requisition 66db04aabf0a19d8769e5eaa
[2024-09-06T17:29:42.754+0000] {core_li.py:23} INFO - Successfully updated job requisition 66db04aabf0a19d8769e5eac
[2024-09-06T17:29:42.763+0000] {core_li.py:23} INFO - Successfully updated job requisition 66db04aabf0a19d8769e5eae
[2024-09-06T17:29:42.776+0000] {core_li.py:23} INFO - Successfully updated job requisition 66db04aabf0a19d8769e5eb0
[2024-09-06T17:29:42.787+0000] {core_li.py:23} INFO - Successfully updated job requisition 66db04aabf0a19d8769e5eb2
[2024-09-06T17:29:42.800+0000] {core_li.py:23} INFO - Successfully updated job requisition 66db04aabf0a19d8769e5eb4
[2024-09-06T17:29:42.811+0000] {core_li.py:23} INFO - Successfully updated job requisition 66db04aabf0a19d8769e5eb6
[2024-09-06T17:29:42.820+0000] {core_li.py:23} INFO - Successfully updated job requisition 66db04aabf0a19d8769e5eb8
[2024-09-06T17:29:42.830+0000] {core_li.py:23} INFO - Successfully updated job requisition 66db04aabf0a19d8769e5eba
[2024-09-06T17:29:42.840+0000] {core_li.py:23} INFO - Successfully updated job requisition 66db04aabf0a19d8769e5ebc
[2024-09-06T17:29:42.851+0000] {core_li.py:23} INFO - Successfully updated job requisition 66db04aabf0a19d8769e5ebe
[2024-09-06T17:29:42.882+0000] {core_li.py:23} INFO - Successfully updated job requisition 66db04aabf0a19d8769e5ec0
[2024-09-06T17:29:42.892+0000] {core_li.py:23} INFO - Successfully updated job requisition 66db04aabf0a19d8769e5ec2
[2024-09-06T17:29:42.901+0000] {core_li.py:23} INFO - Successfully updated job requisition 66db04aabf0a19d8769e5ec4
[2024-09-06T17:29:42.913+0000] {core_li.py:23} INFO - Successfully updated job requisition 66db04aabf0a19d8769e5ec6
[2024-09-06T17:29:42.921+0000] {core_li.py:23} INFO - Successfully updated job requisition 66db04aabf0a19d8769e5ec8
[2024-09-06T17:29:42.930+0000] {core_li.py:23} INFO - Successfully updated job requisition 66db04aabf0a19d8769e5eca
[2024-09-06T17:29:42.939+0000] {core_li.py:23} INFO - Successfully updated job requisition 66db04aabf0a19d8769e5ecc
[2024-09-06T17:29:42.947+0000] {core_li.py:23} INFO - Successfully updated job requisition 66db04aabf0a19d8769e5ece
[2024-09-06T17:29:42.958+0000] {core_li.py:23} INFO - Successfully updated job requisition 66db04aabf0a19d8769e5ed0
[2024-09-06T17:29:42.974+0000] {core_li.py:23} INFO - Successfully updated job requisition 66db04aabf0a19d8769e5ed2
[2024-09-06T17:29:42.989+0000] {core_li.py:23} INFO - Successfully updated job requisition 66db04aabf0a19d8769e5ed4
[2024-09-06T17:29:43.002+0000] {core_li.py:23} INFO - Successfully updated job requisition 66db04aabf0a19d8769e5ed6
[2024-09-06T17:29:43.012+0000] {core_li.py:23} INFO - Successfully updated job requisition 66db04aabf0a19d8769e5ed8
[2024-09-06T17:29:43.025+0000] {core_li.py:23} INFO - Successfully updated job requisition 66db04aabf0a19d8769e5eda
[2024-09-06T17:29:43.037+0000] {core_li.py:23} INFO - Successfully updated job requisition 66db04aabf0a19d8769e5edc
[2024-09-06T17:29:43.046+0000] {core_li.py:23} INFO - Successfully updated job requisition 66db04aabf0a19d8769e5ede
[2024-09-06T17:29:43.052+0000] {core_li.py:23} INFO - Successfully updated job requisition 66db04aabf0a19d8769e5ee0
[2024-09-06T17:29:43.064+0000] {core_li.py:23} INFO - Successfully updated job requisition 66db04aabf0a19d8769e5ee2
[2024-09-06T17:29:43.071+0000] {core_li.py:23} INFO - Successfully updated job requisition 66db04aabf0a19d8769e5ee4
[2024-09-06T17:29:43.084+0000] {core_li.py:23} INFO - Successfully updated job requisition 66db04aabf0a19d8769e5ee6
[2024-09-06T17:29:43.093+0000] {core_li.py:23} INFO - Successfully updated job requisition 66db04aabf0a19d8769e5ee8
[2024-09-06T17:29:43.103+0000] {core_li.py:23} INFO - Successfully updated job requisition 66db04aabf0a19d8769e5eea
[2024-09-06T17:29:43.113+0000] {core_li.py:23} INFO - Successfully updated job requisition 66db04aabf0a19d8769e5eec
[2024-09-06T17:29:43.123+0000] {core_li.py:23} INFO - Successfully updated job requisition 66db04aabf0a19d8769e5eee
[2024-09-06T17:29:43.138+0000] {core_li.py:23} INFO - Successfully updated job requisition 66db04aabf0a19d8769e5ef0
[2024-09-06T17:29:43.147+0000] {core_li.py:23} INFO - Successfully updated job requisition 66db04aabf0a19d8769e5ef2
[2024-09-06T17:29:43.155+0000] {core_li.py:23} INFO - Successfully updated job requisition 66db04aabf0a19d8769e5ef4
[2024-09-06T17:29:43.168+0000] {core_li.py:23} INFO - Successfully updated job requisition 66db04aabf0a19d8769e5ef6
[2024-09-06T17:29:43.183+0000] {core_li.py:23} INFO - Successfully updated job requisition 66db04aabf0a19d8769e5ef8
[2024-09-06T17:29:43.195+0000] {core_li.py:23} INFO - Successfully updated job requisition 66db04aabf0a19d8769e5efa
[2024-09-06T17:29:43.207+0000] {core_li.py:23} INFO - Successfully updated job requisition 66db04aabf0a19d8769e5efc
[2024-09-06T17:29:43.216+0000] {core_li.py:23} INFO - Successfully updated job requisition 66db04aabf0a19d8769e5efe
[2024-09-06T17:29:43.236+0000] {core_li.py:23} INFO - Successfully updated job requisition 66db04aabf0a19d8769e5f00
[2024-09-06T17:29:43.253+0000] {core_li.py:23} INFO - Successfully updated job requisition 66db04aabf0a19d8769e5f02
[2024-09-06T17:29:43.277+0000] {core_li.py:23} INFO - Successfully updated job requisition 66db04aabf0a19d8769e5f04
[2024-09-06T17:29:43.294+0000] {core_li.py:23} INFO - Successfully updated job requisition 66db04aabf0a19d8769e5f06
[2024-09-06T17:29:43.313+0000] {core_li.py:23} INFO - Successfully updated job requisition 66db04aabf0a19d8769e5f08
[2024-09-06T17:29:43.331+0000] {core_li.py:23} INFO - Successfully updated job requisition 66db04aabf0a19d8769e5f0a
[2024-09-06T17:29:43.351+0000] {core_li.py:23} INFO - Successfully updated job requisition 66db04aabf0a19d8769e5f0c
[2024-09-06T17:29:43.366+0000] {core_li.py:23} INFO - Successfully updated job requisition 66db04aabf0a19d8769e5f0e
[2024-09-06T17:29:43.382+0000] {core_li.py:23} INFO - Successfully updated job requisition 66db04aabf0a19d8769e5f10
[2024-09-06T17:29:43.395+0000] {core_li.py:23} INFO - Successfully updated job requisition 66db04aabf0a19d8769e5f12
[2024-09-06T17:29:43.408+0000] {core_li.py:23} INFO - Successfully updated job requisition 66db04aabf0a19d8769e5f14
[2024-09-06T17:29:43.421+0000] {core_li.py:23} INFO - Successfully updated job requisition 66db04aabf0a19d8769e5f16
[2024-09-06T17:29:43.436+0000] {core_li.py:23} INFO - Successfully updated job requisition 66db04aabf0a19d8769e5f18
[2024-09-06T17:29:43.450+0000] {core_li.py:23} INFO - Successfully updated job requisition 66db04aabf0a19d8769e5f1a
[2024-09-06T17:29:43.467+0000] {core_li.py:23} INFO - Successfully updated job requisition 66db04aabf0a19d8769e5f1c
[2024-09-06T17:29:43.497+0000] {core_li.py:23} INFO - Successfully updated job requisition 66db04aabf0a19d8769e5f1e
[2024-09-06T17:29:43.516+0000] {core_li.py:23} INFO - Successfully updated job requisition 66db04aabf0a19d8769e5f20
[2024-09-06T17:29:43.534+0000] {core_li.py:23} INFO - Successfully updated job requisition 66db04aabf0a19d8769e5f22
[2024-09-06T17:29:43.547+0000] {core_li.py:23} INFO - Successfully updated job requisition 66db04aabf0a19d8769e5f24
[2024-09-06T17:29:43.563+0000] {core_li.py:23} INFO - Successfully updated job requisition 66db04aabf0a19d8769e5f26
[2024-09-06T17:29:43.574+0000] {core_li.py:23} INFO - Successfully updated job requisition 66db04aabf0a19d8769e5f28
[2024-09-06T17:29:43.590+0000] {core_li.py:23} INFO - Successfully updated job requisition 66db04aabf0a19d8769e5f2a
[2024-09-06T17:29:43.609+0000] {core_li.py:23} INFO - Successfully updated job requisition 66db04aabf0a19d8769e5f2c
[2024-09-06T17:29:43.626+0000] {core_li.py:23} INFO - Successfully updated job requisition 66db04aabf0a19d8769e5f2e
[2024-09-06T17:29:43.640+0000] {core_li.py:23} INFO - Successfully updated job requisition 66db04aabf0a19d8769e5f30
[2024-09-06T17:29:43.653+0000] {core_li.py:23} INFO - Successfully updated job requisition 66db04aabf0a19d8769e5f32
[2024-09-06T17:29:43.670+0000] {core_li.py:23} INFO - Successfully updated job requisition 66db04aabf0a19d8769e5f34
[2024-09-06T17:29:43.685+0000] {core_li.py:23} INFO - Successfully updated job requisition 66db04aabf0a19d8769e5f36
[2024-09-06T17:29:43.702+0000] {core_li.py:23} INFO - Successfully updated job requisition 66db04aabf0a19d8769e5f38
[2024-09-06T17:29:43.723+0000] {core_li.py:23} INFO - Successfully updated job requisition 66db04aabf0a19d8769e5f3a
[2024-09-06T17:29:43.736+0000] {core_li.py:23} INFO - Successfully updated job requisition 66db04aabf0a19d8769e5f3c
[2024-09-06T17:29:43.761+0000] {core_li.py:23} INFO - Successfully updated job requisition 66db04aabf0a19d8769e5f3e
[2024-09-06T17:29:43.772+0000] {core_li.py:23} INFO - Successfully updated job requisition 66db04aabf0a19d8769e5f40
[2024-09-06T17:29:43.783+0000] {core_li.py:23} INFO - Successfully updated job requisition 66db04aabf0a19d8769e5f42
[2024-09-06T17:29:43.794+0000] {core_li.py:23} INFO - Successfully updated job requisition 66db04aabf0a19d8769e5f44
[2024-09-06T17:29:43.809+0000] {core_li.py:23} INFO - Successfully updated job requisition 66db04aabf0a19d8769e5f46
[2024-09-06T17:29:43.827+0000] {core_li.py:23} INFO - Successfully updated job requisition 66db04aabf0a19d8769e5f48
[2024-09-06T17:29:43.830+0000] {python.py:240} INFO - Done. Returned value was: 100
[2024-09-06T17:29:43.854+0000] {taskinstance.py:340} INFO - ::group::Post task execution logs
[2024-09-06T17:29:43.858+0000] {taskinstance.py:352} INFO - Marking task as SUCCESS. dag_id=async_flow, task_id=task_backfill_number_of_cancelled_candidates_in_batch, run_id=manual__2024-09-06T17:29:39.458358+00:00, map_index=4, execution_date=20240906T172939, start_date=20240906T172941, end_date=20240906T172943
[2024-09-06T17:29:43.911+0000] {local_task_job_runner.py:266} INFO - Task exited with return code 0
[2024-09-06T17:29:43.932+0000] {taskinstance.py:3900} INFO - 0 downstream tasks scheduled from follow-on schedule check
[2024-09-06T17:29:43.933+0000] {local_task_job_runner.py:245} INFO - ::endgroup::
