[2024-09-06T17:45:48.124+0000] {local_task_job_runner.py:123} INFO - ::group::Pre task execution logs
[2024-09-06T17:45:48.180+0000] {taskinstance.py:2612} INFO - Dependencies all met for dep_context=non-requeueable deps ti=<TaskInstance: async_flow.task_backfill_number_of_cancelled_candidates_in_batch manual__2024-09-06T17:29:39.458358+00:00 map_index=4 [queued]>
[2024-09-06T17:45:48.203+0000] {taskinstance.py:2612} INFO - Dependencies all met for dep_context=requeueable deps ti=<TaskInstance: async_flow.task_backfill_number_of_cancelled_candidates_in_batch manual__2024-09-06T17:29:39.458358+00:00 map_index=4 [queued]>
[2024-09-06T17:45:48.206+0000] {taskinstance.py:2865} INFO - Starting attempt 2 of 2
[2024-09-06T17:45:48.235+0000] {taskinstance.py:2888} INFO - Executing <Mapped(_PythonDecoratedOperator): task_backfill_number_of_cancelled_candidates_in_batch> on 2024-09-06 17:29:39.458358+00:00
[2024-09-06T17:45:48.242+0000] {warnings.py:112} WARNING - /home/***/.local/lib/python3.12/site-packages/***/task/task_runner/standard_task_runner.py:70: DeprecationWarning: This process (pid=429) is multi-threaded, use of fork() may lead to deadlocks in the child.
  pid = os.fork()

[2024-09-06T17:45:48.244+0000] {standard_task_runner.py:72} INFO - Started process 497 to run task
[2024-09-06T17:45:48.246+0000] {standard_task_runner.py:104} INFO - Running: ['***', 'tasks', 'run', 'async_flow', 'task_backfill_number_of_cancelled_candidates_in_batch', 'manual__2024-09-06T17:29:39.458358+00:00', '--job-id', '237', '--raw', '--subdir', 'DAGS_FOLDER/dags_async_flow.py', '--cfg-path', '/tmp/tmpxorce6f_', '--map-index', '4']
[2024-09-06T17:45:48.250+0000] {standard_task_runner.py:105} INFO - Job 237: Subtask task_backfill_number_of_cancelled_candidates_in_batch
[2024-09-06T17:45:48.321+0000] {task_command.py:467} INFO - Running <TaskInstance: async_flow.task_backfill_number_of_cancelled_candidates_in_batch manual__2024-09-06T17:29:39.458358+00:00 map_index=4 [running]> on host 0817eb6c24af
[2024-09-06T17:45:48.437+0000] {taskinstance.py:3131} INFO - Exporting env vars: AIRFLOW_CTX_DAG_OWNER='***' AIRFLOW_CTX_DAG_ID='async_flow' AIRFLOW_CTX_TASK_ID='task_backfill_number_of_cancelled_candidates_in_batch' AIRFLOW_CTX_EXECUTION_DATE='2024-09-06T17:29:39.458358+00:00' AIRFLOW_CTX_TRY_NUMBER='2' AIRFLOW_CTX_DAG_RUN_ID='manual__2024-09-06T17:29:39.458358+00:00'
[2024-09-06T17:45:48.438+0000] {taskinstance.py:731} INFO - ::endgroup::
[2024-09-06T17:45:48.456+0000] {core_li.py:23} INFO - Successfully updated job requisition 66db04aabf0a19d8769e5e82
[2024-09-06T17:45:48.474+0000] {core_li.py:23} INFO - Successfully updated job requisition 66db04aabf0a19d8769e5e84
[2024-09-06T17:45:48.486+0000] {core_li.py:23} INFO - Successfully updated job requisition 66db04aabf0a19d8769e5e86
[2024-09-06T17:45:48.504+0000] {core_li.py:23} INFO - Successfully updated job requisition 66db04aabf0a19d8769e5e88
[2024-09-06T17:45:48.551+0000] {core_li.py:23} INFO - Successfully updated job requisition 66db04aabf0a19d8769e5e8a
[2024-09-06T17:45:48.563+0000] {core_li.py:23} INFO - Successfully updated job requisition 66db04aabf0a19d8769e5e8c
[2024-09-06T17:45:48.577+0000] {core_li.py:23} INFO - Successfully updated job requisition 66db04aabf0a19d8769e5e8e
[2024-09-06T17:45:48.590+0000] {core_li.py:23} INFO - Successfully updated job requisition 66db04aabf0a19d8769e5e90
[2024-09-06T17:45:48.603+0000] {core_li.py:23} INFO - Successfully updated job requisition 66db04aabf0a19d8769e5e92
[2024-09-06T17:45:48.614+0000] {core_li.py:23} INFO - Successfully updated job requisition 66db04aabf0a19d8769e5e94
[2024-09-06T17:45:48.628+0000] {core_li.py:23} INFO - Successfully updated job requisition 66db04aabf0a19d8769e5e96
[2024-09-06T17:45:48.644+0000] {core_li.py:23} INFO - Successfully updated job requisition 66db04aabf0a19d8769e5e98
[2024-09-06T17:45:48.657+0000] {core_li.py:23} INFO - Successfully updated job requisition 66db04aabf0a19d8769e5e9a
[2024-09-06T17:45:48.670+0000] {core_li.py:23} INFO - Successfully updated job requisition 66db04aabf0a19d8769e5e9c
[2024-09-06T17:45:48.689+0000] {core_li.py:23} INFO - Successfully updated job requisition 66db04aabf0a19d8769e5e9e
[2024-09-06T17:45:48.703+0000] {core_li.py:23} INFO - Successfully updated job requisition 66db04aabf0a19d8769e5ea0
[2024-09-06T17:45:48.715+0000] {core_li.py:23} INFO - Successfully updated job requisition 66db04aabf0a19d8769e5ea2
[2024-09-06T17:45:48.726+0000] {core_li.py:23} INFO - Successfully updated job requisition 66db04aabf0a19d8769e5ea4
[2024-09-06T17:45:48.738+0000] {core_li.py:23} INFO - Successfully updated job requisition 66db04aabf0a19d8769e5ea6
[2024-09-06T17:45:48.751+0000] {core_li.py:23} INFO - Successfully updated job requisition 66db04aabf0a19d8769e5ea8
[2024-09-06T17:45:48.763+0000] {core_li.py:23} INFO - Successfully updated job requisition 66db04aabf0a19d8769e5eaa
[2024-09-06T17:45:48.777+0000] {core_li.py:23} INFO - Successfully updated job requisition 66db04aabf0a19d8769e5eac
[2024-09-06T17:45:48.788+0000] {core_li.py:23} INFO - Successfully updated job requisition 66db04aabf0a19d8769e5eae
[2024-09-06T17:45:48.801+0000] {core_li.py:23} INFO - Successfully updated job requisition 66db04aabf0a19d8769e5eb0
[2024-09-06T17:45:48.820+0000] {core_li.py:23} INFO - Successfully updated job requisition 66db04aabf0a19d8769e5eb2
[2024-09-06T17:45:48.841+0000] {core_li.py:23} INFO - Successfully updated job requisition 66db04aabf0a19d8769e5eb4
[2024-09-06T17:45:48.853+0000] {core_li.py:23} INFO - Successfully updated job requisition 66db04aabf0a19d8769e5eb6
[2024-09-06T17:45:48.873+0000] {core_li.py:23} INFO - Successfully updated job requisition 66db04aabf0a19d8769e5eb8
[2024-09-06T17:45:48.886+0000] {core_li.py:23} INFO - Successfully updated job requisition 66db04aabf0a19d8769e5eba
[2024-09-06T17:45:48.900+0000] {core_li.py:23} INFO - Successfully updated job requisition 66db04aabf0a19d8769e5ebc
[2024-09-06T17:45:48.918+0000] {core_li.py:23} INFO - Successfully updated job requisition 66db04aabf0a19d8769e5ebe
[2024-09-06T17:45:48.930+0000] {core_li.py:23} INFO - Successfully updated job requisition 66db04aabf0a19d8769e5ec0
[2024-09-06T17:45:48.937+0000] {core_li.py:23} INFO - Successfully updated job requisition 66db04aabf0a19d8769e5ec2
[2024-09-06T17:45:48.951+0000] {core_li.py:23} INFO - Successfully updated job requisition 66db04aabf0a19d8769e5ec4
[2024-09-06T17:45:48.965+0000] {core_li.py:23} INFO - Successfully updated job requisition 66db04aabf0a19d8769e5ec6
[2024-09-06T17:45:48.982+0000] {core_li.py:23} INFO - Successfully updated job requisition 66db04aabf0a19d8769e5ec8
[2024-09-06T17:45:49.002+0000] {core_li.py:23} INFO - Successfully updated job requisition 66db04aabf0a19d8769e5eca
[2024-09-06T17:45:49.030+0000] {core_li.py:23} INFO - Successfully updated job requisition 66db04aabf0a19d8769e5ecc
[2024-09-06T17:45:49.045+0000] {core_li.py:23} INFO - Successfully updated job requisition 66db04aabf0a19d8769e5ece
[2024-09-06T17:45:49.094+0000] {core_li.py:23} INFO - Successfully updated job requisition 66db04aabf0a19d8769e5ed0
[2024-09-06T17:45:49.107+0000] {core_li.py:23} INFO - Successfully updated job requisition 66db04aabf0a19d8769e5ed2
[2024-09-06T17:45:49.121+0000] {core_li.py:23} INFO - Successfully updated job requisition 66db04aabf0a19d8769e5ed4
[2024-09-06T17:45:49.135+0000] {core_li.py:23} INFO - Successfully updated job requisition 66db04aabf0a19d8769e5ed6
[2024-09-06T17:45:49.144+0000] {core_li.py:23} INFO - Successfully updated job requisition 66db04aabf0a19d8769e5ed8
[2024-09-06T17:45:49.155+0000] {core_li.py:23} INFO - Successfully updated job requisition 66db04aabf0a19d8769e5eda
[2024-09-06T17:45:49.165+0000] {core_li.py:23} INFO - Successfully updated job requisition 66db04aabf0a19d8769e5edc
[2024-09-06T17:45:49.176+0000] {core_li.py:23} INFO - Successfully updated job requisition 66db04aabf0a19d8769e5ede
[2024-09-06T17:45:49.184+0000] {core_li.py:23} INFO - Successfully updated job requisition 66db04aabf0a19d8769e5ee0
[2024-09-06T17:45:49.192+0000] {core_li.py:23} INFO - Successfully updated job requisition 66db04aabf0a19d8769e5ee2
[2024-09-06T17:45:49.202+0000] {core_li.py:23} INFO - Successfully updated job requisition 66db04aabf0a19d8769e5ee4
[2024-09-06T17:45:49.214+0000] {core_li.py:23} INFO - Successfully updated job requisition 66db04aabf0a19d8769e5ee6
[2024-09-06T17:45:49.224+0000] {core_li.py:23} INFO - Successfully updated job requisition 66db04aabf0a19d8769e5ee8
[2024-09-06T17:45:49.232+0000] {core_li.py:23} INFO - Successfully updated job requisition 66db04aabf0a19d8769e5eea
[2024-09-06T17:45:49.244+0000] {core_li.py:23} INFO - Successfully updated job requisition 66db04aabf0a19d8769e5eec
[2024-09-06T17:45:49.252+0000] {core_li.py:23} INFO - Successfully updated job requisition 66db04aabf0a19d8769e5eee
[2024-09-06T17:45:49.261+0000] {core_li.py:23} INFO - Successfully updated job requisition 66db04aabf0a19d8769e5ef0
[2024-09-06T17:45:49.270+0000] {core_li.py:23} INFO - Successfully updated job requisition 66db04aabf0a19d8769e5ef2
[2024-09-06T17:45:49.279+0000] {core_li.py:23} INFO - Successfully updated job requisition 66db04aabf0a19d8769e5ef4
[2024-09-06T17:45:49.295+0000] {core_li.py:23} INFO - Successfully updated job requisition 66db04aabf0a19d8769e5ef6
[2024-09-06T17:45:49.308+0000] {core_li.py:23} INFO - Successfully updated job requisition 66db04aabf0a19d8769e5ef8
[2024-09-06T17:45:49.322+0000] {core_li.py:23} INFO - Successfully updated job requisition 66db04aabf0a19d8769e5efa
[2024-09-06T17:45:49.334+0000] {core_li.py:23} INFO - Successfully updated job requisition 66db04aabf0a19d8769e5efc
[2024-09-06T17:45:49.350+0000] {core_li.py:23} INFO - Successfully updated job requisition 66db04aabf0a19d8769e5efe
[2024-09-06T17:45:49.360+0000] {core_li.py:23} INFO - Successfully updated job requisition 66db04aabf0a19d8769e5f00
[2024-09-06T17:45:49.374+0000] {core_li.py:23} INFO - Successfully updated job requisition 66db04aabf0a19d8769e5f02
[2024-09-06T17:45:49.386+0000] {core_li.py:23} INFO - Successfully updated job requisition 66db04aabf0a19d8769e5f04
[2024-09-06T17:45:49.395+0000] {core_li.py:23} INFO - Successfully updated job requisition 66db04aabf0a19d8769e5f06
[2024-09-06T17:45:49.408+0000] {core_li.py:23} INFO - Successfully updated job requisition 66db04aabf0a19d8769e5f08
[2024-09-06T17:45:49.420+0000] {core_li.py:23} INFO - Successfully updated job requisition 66db04aabf0a19d8769e5f0a
[2024-09-06T17:45:49.431+0000] {core_li.py:23} INFO - Successfully updated job requisition 66db04aabf0a19d8769e5f0c
[2024-09-06T17:45:49.445+0000] {core_li.py:23} INFO - Successfully updated job requisition 66db04aabf0a19d8769e5f0e
[2024-09-06T17:45:49.459+0000] {core_li.py:23} INFO - Successfully updated job requisition 66db04aabf0a19d8769e5f10
[2024-09-06T17:45:49.468+0000] {core_li.py:23} INFO - Successfully updated job requisition 66db04aabf0a19d8769e5f12
[2024-09-06T17:45:49.477+0000] {core_li.py:23} INFO - Successfully updated job requisition 66db04aabf0a19d8769e5f14
[2024-09-06T17:45:49.486+0000] {core_li.py:23} INFO - Successfully updated job requisition 66db04aabf0a19d8769e5f16
[2024-09-06T17:45:49.496+0000] {core_li.py:23} INFO - Successfully updated job requisition 66db04aabf0a19d8769e5f18
[2024-09-06T17:45:49.507+0000] {core_li.py:23} INFO - Successfully updated job requisition 66db04aabf0a19d8769e5f1a
[2024-09-06T17:45:49.514+0000] {core_li.py:23} INFO - Successfully updated job requisition 66db04aabf0a19d8769e5f1c
[2024-09-06T17:45:49.525+0000] {core_li.py:23} INFO - Successfully updated job requisition 66db04aabf0a19d8769e5f1e
[2024-09-06T17:45:49.533+0000] {core_li.py:23} INFO - Successfully updated job requisition 66db04aabf0a19d8769e5f20
[2024-09-06T17:45:49.543+0000] {core_li.py:23} INFO - Successfully updated job requisition 66db04aabf0a19d8769e5f22
[2024-09-06T17:45:49.551+0000] {core_li.py:23} INFO - Successfully updated job requisition 66db04aabf0a19d8769e5f24
[2024-09-06T17:45:49.559+0000] {core_li.py:23} INFO - Successfully updated job requisition 66db04aabf0a19d8769e5f26
[2024-09-06T17:45:49.571+0000] {core_li.py:23} INFO - Successfully updated job requisition 66db04aabf0a19d8769e5f28
[2024-09-06T17:45:49.584+0000] {core_li.py:23} INFO - Successfully updated job requisition 66db04aabf0a19d8769e5f2a
[2024-09-06T17:45:49.598+0000] {core_li.py:23} INFO - Successfully updated job requisition 66db04aabf0a19d8769e5f2c
[2024-09-06T17:45:49.610+0000] {core_li.py:23} INFO - Successfully updated job requisition 66db04aabf0a19d8769e5f2e
[2024-09-06T17:45:49.621+0000] {core_li.py:23} INFO - Successfully updated job requisition 66db04aabf0a19d8769e5f30
[2024-09-06T17:45:49.631+0000] {core_li.py:23} INFO - Successfully updated job requisition 66db04aabf0a19d8769e5f32
[2024-09-06T17:45:49.643+0000] {core_li.py:23} INFO - Successfully updated job requisition 66db04aabf0a19d8769e5f34
[2024-09-06T17:45:49.658+0000] {core_li.py:23} INFO - Successfully updated job requisition 66db04aabf0a19d8769e5f36
[2024-09-06T17:45:49.667+0000] {core_li.py:23} INFO - Successfully updated job requisition 66db04aabf0a19d8769e5f38
[2024-09-06T17:45:49.677+0000] {core_li.py:23} INFO - Successfully updated job requisition 66db04aabf0a19d8769e5f3a
[2024-09-06T17:45:49.686+0000] {core_li.py:23} INFO - Successfully updated job requisition 66db04aabf0a19d8769e5f3c
[2024-09-06T17:45:49.700+0000] {core_li.py:23} INFO - Successfully updated job requisition 66db04aabf0a19d8769e5f3e
[2024-09-06T17:45:49.708+0000] {core_li.py:23} INFO - Successfully updated job requisition 66db04aabf0a19d8769e5f40
[2024-09-06T17:45:49.713+0000] {core_li.py:23} INFO - Successfully updated job requisition 66db04aabf0a19d8769e5f42
[2024-09-06T17:45:49.721+0000] {core_li.py:23} INFO - Successfully updated job requisition 66db04aabf0a19d8769e5f44
[2024-09-06T17:45:49.730+0000] {core_li.py:23} INFO - Successfully updated job requisition 66db04aabf0a19d8769e5f46
[2024-09-06T17:45:49.737+0000] {core_li.py:23} INFO - Successfully updated job requisition 66db04aabf0a19d8769e5f48
[2024-09-06T17:45:49.738+0000] {python.py:240} INFO - Done. Returned value was: 100
[2024-09-06T17:45:49.764+0000] {taskinstance.py:340} INFO - ::group::Post task execution logs
[2024-09-06T17:45:49.765+0000] {taskinstance.py:352} INFO - Marking task as SUCCESS. dag_id=async_flow, task_id=task_backfill_number_of_cancelled_candidates_in_batch, run_id=manual__2024-09-06T17:29:39.458358+00:00, map_index=4, execution_date=20240906T172939, start_date=20240906T174548, end_date=20240906T174549
[2024-09-06T17:45:49.803+0000] {local_task_job_runner.py:266} INFO - Task exited with return code 0
[2024-09-06T17:45:49.833+0000] {taskinstance.py:3900} INFO - 0 downstream tasks scheduled from follow-on schedule check
[2024-09-06T17:45:49.834+0000] {local_task_job_runner.py:245} INFO - ::endgroup::
