[2024-09-06T17:43:07.206+0000] {local_task_job_runner.py:123} INFO - ::group::Pre task execution logs
[2024-09-06T17:43:07.297+0000] {taskinstance.py:2612} INFO - Dependencies all met for dep_context=non-requeueable deps ti=<TaskInstance: async_flow.task_backfill_number_of_cancelled_candidates_in_batch manual__2024-09-06T17:43:02.727107+00:00 map_index=26 [queued]>
[2024-09-06T17:43:07.322+0000] {taskinstance.py:2612} INFO - Dependencies all met for dep_context=requeueable deps ti=<TaskInstance: async_flow.task_backfill_number_of_cancelled_candidates_in_batch manual__2024-09-06T17:43:02.727107+00:00 map_index=26 [queued]>
[2024-09-06T17:43:07.325+0000] {taskinstance.py:2865} INFO - Starting attempt 1 of 1
[2024-09-06T17:43:07.343+0000] {taskinstance.py:2888} INFO - Executing <Mapped(_PythonDecoratedOperator): task_backfill_number_of_cancelled_candidates_in_batch> on 2024-09-06 17:43:02.727107+00:00
[2024-09-06T17:43:07.350+0000] {warnings.py:112} WARNING - /home/***/.local/lib/python3.12/site-packages/***/task/task_runner/standard_task_runner.py:70: DeprecationWarning: This process (pid=180) is multi-threaded, use of fork() may lead to deadlocks in the child.
  pid = os.fork()

[2024-09-06T17:43:07.352+0000] {standard_task_runner.py:72} INFO - Started process 236 to run task
[2024-09-06T17:43:07.353+0000] {standard_task_runner.py:104} INFO - Running: ['***', 'tasks', 'run', 'async_flow', 'task_backfill_number_of_cancelled_candidates_in_batch', 'manual__2024-09-06T17:43:02.727107+00:00', '--job-id', '199', '--raw', '--subdir', 'DAGS_FOLDER/dags_async_flow.py', '--cfg-path', '/tmp/tmpq2ztdo6t', '--map-index', '26']
[2024-09-06T17:43:07.356+0000] {standard_task_runner.py:105} INFO - Job 199: Subtask task_backfill_number_of_cancelled_candidates_in_batch
[2024-09-06T17:43:07.415+0000] {task_command.py:467} INFO - Running <TaskInstance: async_flow.task_backfill_number_of_cancelled_candidates_in_batch manual__2024-09-06T17:43:02.727107+00:00 map_index=26 [running]> on host 0817eb6c24af
[2024-09-06T17:43:07.517+0000] {taskinstance.py:3131} INFO - Exporting env vars: AIRFLOW_CTX_DAG_OWNER='***' AIRFLOW_CTX_DAG_ID='async_flow' AIRFLOW_CTX_TASK_ID='task_backfill_number_of_cancelled_candidates_in_batch' AIRFLOW_CTX_EXECUTION_DATE='2024-09-06T17:43:02.727107+00:00' AIRFLOW_CTX_TRY_NUMBER='1' AIRFLOW_CTX_DAG_RUN_ID='manual__2024-09-06T17:43:02.727107+00:00'
[2024-09-06T17:43:07.519+0000] {taskinstance.py:731} INFO - ::endgroup::
[2024-09-06T17:43:07.540+0000] {core_li.py:23} INFO - Successfully updated job requisition 66db04abbf0a19d8769e6fb2
[2024-09-06T17:43:07.552+0000] {core_li.py:23} INFO - Successfully updated job requisition 66db04abbf0a19d8769e6fb4
[2024-09-06T17:43:07.563+0000] {core_li.py:23} INFO - Successfully updated job requisition 66db04abbf0a19d8769e6fb6
[2024-09-06T17:43:07.580+0000] {core_li.py:23} INFO - Successfully updated job requisition 66db04abbf0a19d8769e6fb8
[2024-09-06T17:43:07.590+0000] {core_li.py:23} INFO - Successfully updated job requisition 66db04abbf0a19d8769e6fba
[2024-09-06T17:43:07.604+0000] {core_li.py:23} INFO - Successfully updated job requisition 66db04abbf0a19d8769e6fbc
[2024-09-06T17:43:07.621+0000] {core_li.py:23} INFO - Successfully updated job requisition 66db04abbf0a19d8769e6fbe
[2024-09-06T17:43:07.634+0000] {core_li.py:23} INFO - Successfully updated job requisition 66db04abbf0a19d8769e6fc0
[2024-09-06T17:43:07.643+0000] {core_li.py:23} INFO - Successfully updated job requisition 66db04abbf0a19d8769e6fc2
[2024-09-06T17:43:07.659+0000] {core_li.py:23} INFO - Successfully updated job requisition 66db04abbf0a19d8769e6fc4
[2024-09-06T17:43:07.671+0000] {core_li.py:23} INFO - Successfully updated job requisition 66db04abbf0a19d8769e6fc6
[2024-09-06T17:43:07.682+0000] {core_li.py:23} INFO - Successfully updated job requisition 66db04abbf0a19d8769e6fc8
[2024-09-06T17:43:07.692+0000] {core_li.py:23} INFO - Successfully updated job requisition 66db04abbf0a19d8769e6fca
[2024-09-06T17:43:07.700+0000] {core_li.py:23} INFO - Successfully updated job requisition 66db04abbf0a19d8769e6fcc
[2024-09-06T17:43:07.715+0000] {core_li.py:23} INFO - Successfully updated job requisition 66db04abbf0a19d8769e6fce
[2024-09-06T17:43:07.738+0000] {core_li.py:23} INFO - Successfully updated job requisition 66db04abbf0a19d8769e6fd0
[2024-09-06T17:43:07.755+0000] {core_li.py:23} INFO - Successfully updated job requisition 66db04abbf0a19d8769e6fd2
[2024-09-06T17:43:07.763+0000] {core_li.py:23} INFO - Successfully updated job requisition 66db04abbf0a19d8769e6fd4
[2024-09-06T17:43:07.772+0000] {core_li.py:23} INFO - Successfully updated job requisition 66db04abbf0a19d8769e6fd6
[2024-09-06T17:43:07.779+0000] {core_li.py:23} INFO - Successfully updated job requisition 66db04abbf0a19d8769e6fd8
[2024-09-06T17:43:07.789+0000] {core_li.py:23} INFO - Successfully updated job requisition 66db04abbf0a19d8769e6fda
[2024-09-06T17:43:07.805+0000] {core_li.py:23} INFO - Successfully updated job requisition 66db04abbf0a19d8769e6fdc
[2024-09-06T17:43:07.813+0000] {core_li.py:23} INFO - Successfully updated job requisition 66db04abbf0a19d8769e6fde
[2024-09-06T17:43:07.827+0000] {core_li.py:23} INFO - Successfully updated job requisition 66db04abbf0a19d8769e6fe0
[2024-09-06T17:43:07.839+0000] {core_li.py:23} INFO - Successfully updated job requisition 66db04abbf0a19d8769e6fe2
[2024-09-06T17:43:07.846+0000] {core_li.py:23} INFO - Successfully updated job requisition 66db04abbf0a19d8769e6fe4
[2024-09-06T17:43:07.856+0000] {core_li.py:23} INFO - Successfully updated job requisition 66db04abbf0a19d8769e6fe6
[2024-09-06T17:43:07.869+0000] {core_li.py:23} INFO - Successfully updated job requisition 66db04abbf0a19d8769e6fe8
[2024-09-06T17:43:07.879+0000] {core_li.py:23} INFO - Successfully updated job requisition 66db04abbf0a19d8769e6fea
[2024-09-06T17:43:07.886+0000] {core_li.py:23} INFO - Successfully updated job requisition 66db04abbf0a19d8769e6fec
[2024-09-06T17:43:07.895+0000] {core_li.py:23} INFO - Successfully updated job requisition 66db04abbf0a19d8769e6fee
[2024-09-06T17:43:07.904+0000] {core_li.py:23} INFO - Successfully updated job requisition 66db04abbf0a19d8769e6ff0
[2024-09-06T17:43:07.913+0000] {core_li.py:23} INFO - Successfully updated job requisition 66db04abbf0a19d8769e6ff2
[2024-09-06T17:43:07.923+0000] {core_li.py:23} INFO - Successfully updated job requisition 66db04abbf0a19d8769e6ff4
[2024-09-06T17:43:07.932+0000] {core_li.py:23} INFO - Successfully updated job requisition 66db04abbf0a19d8769e6ff6
[2024-09-06T17:43:07.940+0000] {core_li.py:23} INFO - Successfully updated job requisition 66db04abbf0a19d8769e6ff8
[2024-09-06T17:43:07.947+0000] {core_li.py:23} INFO - Successfully updated job requisition 66db04abbf0a19d8769e6ffa
[2024-09-06T17:43:07.955+0000] {core_li.py:23} INFO - Successfully updated job requisition 66db04abbf0a19d8769e6ffc
[2024-09-06T17:43:07.968+0000] {core_li.py:23} INFO - Successfully updated job requisition 66db04abbf0a19d8769e6ffe
[2024-09-06T17:43:07.983+0000] {core_li.py:23} INFO - Successfully updated job requisition 66db04abbf0a19d8769e7000
[2024-09-06T17:43:07.991+0000] {core_li.py:23} INFO - Successfully updated job requisition 66db04abbf0a19d8769e7002
[2024-09-06T17:43:07.999+0000] {core_li.py:23} INFO - Successfully updated job requisition 66db04abbf0a19d8769e7004
[2024-09-06T17:43:08.006+0000] {core_li.py:23} INFO - Successfully updated job requisition 66db04abbf0a19d8769e7006
[2024-09-06T17:43:08.015+0000] {core_li.py:23} INFO - Successfully updated job requisition 66db04abbf0a19d8769e7008
[2024-09-06T17:43:08.025+0000] {core_li.py:23} INFO - Successfully updated job requisition 66db04abbf0a19d8769e700a
[2024-09-06T17:43:08.035+0000] {core_li.py:23} INFO - Successfully updated job requisition 66db04abbf0a19d8769e700c
[2024-09-06T17:43:08.046+0000] {core_li.py:23} INFO - Successfully updated job requisition 66db04abbf0a19d8769e700e
[2024-09-06T17:43:08.061+0000] {core_li.py:23} INFO - Successfully updated job requisition 66db04abbf0a19d8769e7010
[2024-09-06T17:43:08.073+0000] {core_li.py:23} INFO - Successfully updated job requisition 66db04abbf0a19d8769e7012
[2024-09-06T17:43:08.081+0000] {core_li.py:23} INFO - Successfully updated job requisition 66db04abbf0a19d8769e7014
[2024-09-06T17:43:08.088+0000] {core_li.py:23} INFO - Successfully updated job requisition 66db04abbf0a19d8769e7016
[2024-09-06T17:43:08.100+0000] {core_li.py:23} INFO - Successfully updated job requisition 66db04abbf0a19d8769e7018
[2024-09-06T17:43:08.109+0000] {core_li.py:23} INFO - Successfully updated job requisition 66db04abbf0a19d8769e701a
[2024-09-06T17:43:08.116+0000] {core_li.py:23} INFO - Successfully updated job requisition 66db04abbf0a19d8769e701c
[2024-09-06T17:43:08.124+0000] {core_li.py:23} INFO - Successfully updated job requisition 66db04abbf0a19d8769e701e
[2024-09-06T17:43:08.131+0000] {core_li.py:23} INFO - Successfully updated job requisition 66db04abbf0a19d8769e7020
[2024-09-06T17:43:08.145+0000] {core_li.py:23} INFO - Successfully updated job requisition 66db04abbf0a19d8769e7022
[2024-09-06T17:43:08.151+0000] {core_li.py:23} INFO - Successfully updated job requisition 66db04abbf0a19d8769e7024
[2024-09-06T17:43:08.157+0000] {core_li.py:23} INFO - Successfully updated job requisition 66db04abbf0a19d8769e7026
[2024-09-06T17:43:08.166+0000] {core_li.py:23} INFO - Successfully updated job requisition 66db04abbf0a19d8769e7028
[2024-09-06T17:43:08.175+0000] {core_li.py:23} INFO - Successfully updated job requisition 66db04abbf0a19d8769e702a
[2024-09-06T17:43:08.184+0000] {core_li.py:23} INFO - Successfully updated job requisition 66db04abbf0a19d8769e702c
[2024-09-06T17:43:08.191+0000] {core_li.py:23} INFO - Successfully updated job requisition 66db04abbf0a19d8769e702e
[2024-09-06T17:43:08.199+0000] {core_li.py:23} INFO - Successfully updated job requisition 66db04abbf0a19d8769e7030
[2024-09-06T17:43:08.207+0000] {core_li.py:23} INFO - Successfully updated job requisition 66db04abbf0a19d8769e7032
[2024-09-06T17:43:08.214+0000] {core_li.py:23} INFO - Successfully updated job requisition 66db04abbf0a19d8769e7034
[2024-09-06T17:43:08.220+0000] {core_li.py:23} INFO - Successfully updated job requisition 66db04abbf0a19d8769e7036
[2024-09-06T17:43:08.225+0000] {core_li.py:23} INFO - Successfully updated job requisition 66db04abbf0a19d8769e7038
[2024-09-06T17:43:08.234+0000] {core_li.py:23} INFO - Successfully updated job requisition 66db04abbf0a19d8769e703a
[2024-09-06T17:43:08.245+0000] {core_li.py:23} INFO - Successfully updated job requisition 66db04abbf0a19d8769e703c
[2024-09-06T17:43:08.253+0000] {core_li.py:23} INFO - Successfully updated job requisition 66db04abbf0a19d8769e703e
[2024-09-06T17:43:08.263+0000] {core_li.py:23} INFO - Successfully updated job requisition 66db04abbf0a19d8769e7040
[2024-09-06T17:43:08.273+0000] {core_li.py:23} INFO - Successfully updated job requisition 66db04abbf0a19d8769e7042
[2024-09-06T17:43:08.281+0000] {core_li.py:23} INFO - Successfully updated job requisition 66db04abbf0a19d8769e7044
[2024-09-06T17:43:08.288+0000] {core_li.py:23} INFO - Successfully updated job requisition 66db04abbf0a19d8769e7046
[2024-09-06T17:43:08.295+0000] {core_li.py:23} INFO - Successfully updated job requisition 66db04abbf0a19d8769e7048
[2024-09-06T17:43:08.308+0000] {core_li.py:23} INFO - Successfully updated job requisition 66db04abbf0a19d8769e704a
[2024-09-06T17:43:08.315+0000] {core_li.py:23} INFO - Successfully updated job requisition 66db04abbf0a19d8769e704c
[2024-09-06T17:43:08.323+0000] {core_li.py:23} INFO - Successfully updated job requisition 66db04abbf0a19d8769e704e
[2024-09-06T17:43:08.338+0000] {core_li.py:23} INFO - Successfully updated job requisition 66db04abbf0a19d8769e7050
[2024-09-06T17:43:08.347+0000] {core_li.py:23} INFO - Successfully updated job requisition 66db04abbf0a19d8769e7052
[2024-09-06T17:43:08.356+0000] {core_li.py:23} INFO - Successfully updated job requisition 66db04abbf0a19d8769e7054
[2024-09-06T17:43:08.364+0000] {core_li.py:23} INFO - Successfully updated job requisition 66db04abbf0a19d8769e7056
[2024-09-06T17:43:08.369+0000] {core_li.py:23} INFO - Successfully updated job requisition 66db04abbf0a19d8769e7058
[2024-09-06T17:43:08.379+0000] {core_li.py:23} INFO - Successfully updated job requisition 66db04abbf0a19d8769e705a
[2024-09-06T17:43:08.390+0000] {core_li.py:23} INFO - Successfully updated job requisition 66db04abbf0a19d8769e705c
[2024-09-06T17:43:08.399+0000] {core_li.py:23} INFO - Successfully updated job requisition 66db04abbf0a19d8769e705e
[2024-09-06T17:43:08.409+0000] {core_li.py:23} INFO - Successfully updated job requisition 66db04abbf0a19d8769e7060
[2024-09-06T17:43:08.423+0000] {core_li.py:23} INFO - Successfully updated job requisition 66db04abbf0a19d8769e7062
[2024-09-06T17:43:08.439+0000] {core_li.py:23} INFO - Successfully updated job requisition 66db04abbf0a19d8769e7064
[2024-09-06T17:43:08.456+0000] {core_li.py:23} INFO - Successfully updated job requisition 66db04abbf0a19d8769e7066
[2024-09-06T17:43:08.478+0000] {core_li.py:23} INFO - Successfully updated job requisition 66db04abbf0a19d8769e7068
[2024-09-06T17:43:08.492+0000] {core_li.py:23} INFO - Successfully updated job requisition 66db04abbf0a19d8769e706a
[2024-09-06T17:43:08.503+0000] {core_li.py:23} INFO - Successfully updated job requisition 66db04abbf0a19d8769e706c
[2024-09-06T17:43:08.510+0000] {core_li.py:23} INFO - Successfully updated job requisition 66db04abbf0a19d8769e706e
[2024-09-06T17:43:08.518+0000] {core_li.py:23} INFO - Successfully updated job requisition 66db04abbf0a19d8769e7070
[2024-09-06T17:43:08.527+0000] {core_li.py:23} INFO - Successfully updated job requisition 66db04abbf0a19d8769e7072
[2024-09-06T17:43:08.544+0000] {core_li.py:23} INFO - Successfully updated job requisition 66db04abbf0a19d8769e7074
[2024-09-06T17:43:08.560+0000] {core_li.py:23} INFO - Successfully updated job requisition 66db04abbf0a19d8769e7076
[2024-09-06T17:43:08.569+0000] {core_li.py:23} INFO - Successfully updated job requisition 66db04abbf0a19d8769e7078
[2024-09-06T17:43:08.570+0000] {python.py:240} INFO - Done. Returned value was: 100
[2024-09-06T17:43:08.590+0000] {taskinstance.py:340} INFO - ::group::Post task execution logs
[2024-09-06T17:43:08.591+0000] {taskinstance.py:352} INFO - Marking task as SUCCESS. dag_id=async_flow, task_id=task_backfill_number_of_cancelled_candidates_in_batch, run_id=manual__2024-09-06T17:43:02.727107+00:00, map_index=26, execution_date=20240906T174302, start_date=20240906T174307, end_date=20240906T174308
[2024-09-06T17:43:08.608+0000] {local_task_job_runner.py:266} INFO - Task exited with return code 0
[2024-09-06T17:43:08.621+0000] {local_task_job_runner.py:245} INFO - ::endgroup::
