[2024-09-06T17:29:42.013+0000] {local_task_job_runner.py:123} INFO - ::group::Pre task execution logs
[2024-09-06T17:29:42.030+0000] {taskinstance.py:2612} INFO - Dependencies all met for dep_context=non-requeueable deps ti=<TaskInstance: async_flow.task_backfill_number_of_cancelled_candidates_in_batch manual__2024-09-06T17:29:39.458358+00:00 map_index=6 [queued]>
[2024-09-06T17:29:42.061+0000] {taskinstance.py:2612} INFO - Dependencies all met for dep_context=requeueable deps ti=<TaskInstance: async_flow.task_backfill_number_of_cancelled_candidates_in_batch manual__2024-09-06T17:29:39.458358+00:00 map_index=6 [queued]>
[2024-09-06T17:29:42.065+0000] {taskinstance.py:2865} INFO - Starting attempt 1 of 1
[2024-09-06T17:29:42.091+0000] {taskinstance.py:2888} INFO - Executing <Mapped(_PythonDecoratedOperator): task_backfill_number_of_cancelled_candidates_in_batch> on 2024-09-06 17:29:39.458358+00:00
[2024-09-06T17:29:42.106+0000] {warnings.py:112} WARNING - /home/***/.local/lib/python3.12/site-packages/***/task/task_runner/standard_task_runner.py:70: DeprecationWarning: This process (pid=3122) is multi-threaded, use of fork() may lead to deadlocks in the child.
  pid = os.fork()

[2024-09-06T17:29:42.113+0000] {standard_task_runner.py:72} INFO - Started process 3212 to run task
[2024-09-06T17:29:42.135+0000] {standard_task_runner.py:104} INFO - Running: ['***', 'tasks', 'run', 'async_flow', 'task_backfill_number_of_cancelled_candidates_in_batch', 'manual__2024-09-06T17:29:39.458358+00:00', '--job-id', '134', '--raw', '--subdir', 'DAGS_FOLDER/dags_async_flow.py', '--cfg-path', '/tmp/tmppjc43imw', '--map-index', '6']
[2024-09-06T17:29:42.176+0000] {standard_task_runner.py:105} INFO - Job 134: Subtask task_backfill_number_of_cancelled_candidates_in_batch
[2024-09-06T17:29:42.302+0000] {task_command.py:467} INFO - Running <TaskInstance: async_flow.task_backfill_number_of_cancelled_candidates_in_batch manual__2024-09-06T17:29:39.458358+00:00 map_index=6 [running]> on host a3a5f1897683
[2024-09-06T17:29:42.467+0000] {taskinstance.py:3131} INFO - Exporting env vars: AIRFLOW_CTX_DAG_OWNER='***' AIRFLOW_CTX_DAG_ID='async_flow' AIRFLOW_CTX_TASK_ID='task_backfill_number_of_cancelled_candidates_in_batch' AIRFLOW_CTX_EXECUTION_DATE='2024-09-06T17:29:39.458358+00:00' AIRFLOW_CTX_TRY_NUMBER='1' AIRFLOW_CTX_DAG_RUN_ID='manual__2024-09-06T17:29:39.458358+00:00'
[2024-09-06T17:29:42.468+0000] {taskinstance.py:731} INFO - ::endgroup::
[2024-09-06T17:29:42.489+0000] {core_li.py:23} INFO - Successfully updated job requisition 66db04aabf0a19d8769e6012
[2024-09-06T17:29:42.500+0000] {core_li.py:23} INFO - Successfully updated job requisition 66db04aabf0a19d8769e6014
[2024-09-06T17:29:42.515+0000] {core_li.py:23} INFO - Successfully updated job requisition 66db04aabf0a19d8769e6016
[2024-09-06T17:29:42.531+0000] {core_li.py:23} INFO - Successfully updated job requisition 66db04aabf0a19d8769e6018
[2024-09-06T17:29:42.541+0000] {core_li.py:23} INFO - Successfully updated job requisition 66db04aabf0a19d8769e601a
[2024-09-06T17:29:42.552+0000] {core_li.py:23} INFO - Successfully updated job requisition 66db04aabf0a19d8769e601c
[2024-09-06T17:29:42.570+0000] {core_li.py:23} INFO - Successfully updated job requisition 66db04aabf0a19d8769e601e
[2024-09-06T17:29:42.585+0000] {core_li.py:23} INFO - Successfully updated job requisition 66db04aabf0a19d8769e6020
[2024-09-06T17:29:42.601+0000] {core_li.py:23} INFO - Successfully updated job requisition 66db04abbf0a19d8769e6022
[2024-09-06T17:29:42.616+0000] {core_li.py:23} INFO - Successfully updated job requisition 66db04abbf0a19d8769e6024
[2024-09-06T17:29:42.626+0000] {core_li.py:23} INFO - Successfully updated job requisition 66db04abbf0a19d8769e6026
[2024-09-06T17:29:42.636+0000] {core_li.py:23} INFO - Successfully updated job requisition 66db04abbf0a19d8769e6028
[2024-09-06T17:29:42.646+0000] {core_li.py:23} INFO - Successfully updated job requisition 66db04abbf0a19d8769e602a
[2024-09-06T17:29:42.659+0000] {core_li.py:23} INFO - Successfully updated job requisition 66db04abbf0a19d8769e602c
[2024-09-06T17:29:42.670+0000] {core_li.py:23} INFO - Successfully updated job requisition 66db04abbf0a19d8769e602e
[2024-09-06T17:29:42.681+0000] {core_li.py:23} INFO - Successfully updated job requisition 66db04abbf0a19d8769e6030
[2024-09-06T17:29:42.688+0000] {core_li.py:23} INFO - Successfully updated job requisition 66db04abbf0a19d8769e6032
[2024-09-06T17:29:42.707+0000] {core_li.py:23} INFO - Successfully updated job requisition 66db04abbf0a19d8769e6034
[2024-09-06T17:29:42.719+0000] {core_li.py:23} INFO - Successfully updated job requisition 66db04abbf0a19d8769e6036
[2024-09-06T17:29:42.728+0000] {core_li.py:23} INFO - Successfully updated job requisition 66db04abbf0a19d8769e6038
[2024-09-06T17:29:42.740+0000] {core_li.py:23} INFO - Successfully updated job requisition 66db04abbf0a19d8769e603a
[2024-09-06T17:29:42.753+0000] {core_li.py:23} INFO - Successfully updated job requisition 66db04abbf0a19d8769e603c
[2024-09-06T17:29:42.761+0000] {core_li.py:23} INFO - Successfully updated job requisition 66db04abbf0a19d8769e603e
[2024-09-06T17:29:42.775+0000] {core_li.py:23} INFO - Successfully updated job requisition 66db04abbf0a19d8769e6040
[2024-09-06T17:29:42.783+0000] {core_li.py:23} INFO - Successfully updated job requisition 66db04abbf0a19d8769e6042
[2024-09-06T17:29:42.797+0000] {core_li.py:23} INFO - Successfully updated job requisition 66db04abbf0a19d8769e6044
[2024-09-06T17:29:42.808+0000] {core_li.py:23} INFO - Successfully updated job requisition 66db04abbf0a19d8769e6046
[2024-09-06T17:29:42.818+0000] {core_li.py:23} INFO - Successfully updated job requisition 66db04abbf0a19d8769e6048
[2024-09-06T17:29:42.828+0000] {core_li.py:23} INFO - Successfully updated job requisition 66db04abbf0a19d8769e604a
[2024-09-06T17:29:42.838+0000] {core_li.py:23} INFO - Successfully updated job requisition 66db04abbf0a19d8769e604c
[2024-09-06T17:29:42.848+0000] {core_li.py:23} INFO - Successfully updated job requisition 66db04abbf0a19d8769e604e
[2024-09-06T17:29:42.859+0000] {core_li.py:23} INFO - Successfully updated job requisition 66db04abbf0a19d8769e6050
[2024-09-06T17:29:42.871+0000] {core_li.py:23} INFO - Successfully updated job requisition 66db04abbf0a19d8769e6052
[2024-09-06T17:29:42.885+0000] {core_li.py:23} INFO - Successfully updated job requisition 66db04abbf0a19d8769e6054
[2024-09-06T17:29:42.895+0000] {core_li.py:23} INFO - Successfully updated job requisition 66db04abbf0a19d8769e6056
[2024-09-06T17:29:42.903+0000] {core_li.py:23} INFO - Successfully updated job requisition 66db04abbf0a19d8769e6058
[2024-09-06T17:29:42.915+0000] {core_li.py:23} INFO - Successfully updated job requisition 66db04abbf0a19d8769e605a
[2024-09-06T17:29:42.923+0000] {core_li.py:23} INFO - Successfully updated job requisition 66db04abbf0a19d8769e605c
[2024-09-06T17:29:42.933+0000] {core_li.py:23} INFO - Successfully updated job requisition 66db04abbf0a19d8769e605e
[2024-09-06T17:29:42.946+0000] {core_li.py:23} INFO - Successfully updated job requisition 66db04abbf0a19d8769e6060
[2024-09-06T17:29:42.960+0000] {core_li.py:23} INFO - Successfully updated job requisition 66db04abbf0a19d8769e6062
[2024-09-06T17:29:42.972+0000] {core_li.py:23} INFO - Successfully updated job requisition 66db04abbf0a19d8769e6064
[2024-09-06T17:29:42.991+0000] {core_li.py:23} INFO - Successfully updated job requisition 66db04abbf0a19d8769e6066
[2024-09-06T17:29:43.002+0000] {core_li.py:23} INFO - Successfully updated job requisition 66db04abbf0a19d8769e6068
[2024-09-06T17:29:43.012+0000] {core_li.py:23} INFO - Successfully updated job requisition 66db04abbf0a19d8769e606a
[2024-09-06T17:29:43.025+0000] {core_li.py:23} INFO - Successfully updated job requisition 66db04abbf0a19d8769e606c
[2024-09-06T17:29:43.040+0000] {core_li.py:23} INFO - Successfully updated job requisition 66db04abbf0a19d8769e606e
[2024-09-06T17:29:43.049+0000] {core_li.py:23} INFO - Successfully updated job requisition 66db04abbf0a19d8769e6070
[2024-09-06T17:29:43.062+0000] {core_li.py:23} INFO - Successfully updated job requisition 66db04abbf0a19d8769e6072
[2024-09-06T17:29:43.070+0000] {core_li.py:23} INFO - Successfully updated job requisition 66db04abbf0a19d8769e6074
[2024-09-06T17:29:43.083+0000] {core_li.py:23} INFO - Successfully updated job requisition 66db04abbf0a19d8769e6076
[2024-09-06T17:29:43.093+0000] {core_li.py:23} INFO - Successfully updated job requisition 66db04abbf0a19d8769e6078
[2024-09-06T17:29:43.105+0000] {core_li.py:23} INFO - Successfully updated job requisition 66db04abbf0a19d8769e607a
[2024-09-06T17:29:43.115+0000] {core_li.py:23} INFO - Successfully updated job requisition 66db04abbf0a19d8769e607c
[2024-09-06T17:29:43.125+0000] {core_li.py:23} INFO - Successfully updated job requisition 66db04abbf0a19d8769e607e
[2024-09-06T17:29:43.138+0000] {core_li.py:23} INFO - Successfully updated job requisition 66db04abbf0a19d8769e6080
[2024-09-06T17:29:43.151+0000] {core_li.py:23} INFO - Successfully updated job requisition 66db04abbf0a19d8769e6082
[2024-09-06T17:29:43.162+0000] {core_li.py:23} INFO - Successfully updated job requisition 66db04abbf0a19d8769e6084
[2024-09-06T17:29:43.177+0000] {core_li.py:23} INFO - Successfully updated job requisition 66db04abbf0a19d8769e6086
[2024-09-06T17:29:43.190+0000] {core_li.py:23} INFO - Successfully updated job requisition 66db04abbf0a19d8769e6088
[2024-09-06T17:29:43.201+0000] {core_li.py:23} INFO - Successfully updated job requisition 66db04abbf0a19d8769e608a
[2024-09-06T17:29:43.211+0000] {core_li.py:23} INFO - Successfully updated job requisition 66db04abbf0a19d8769e608c
[2024-09-06T17:29:43.220+0000] {core_li.py:23} INFO - Successfully updated job requisition 66db04abbf0a19d8769e608e
[2024-09-06T17:29:43.238+0000] {core_li.py:23} INFO - Successfully updated job requisition 66db04abbf0a19d8769e6090
[2024-09-06T17:29:43.250+0000] {core_li.py:23} INFO - Successfully updated job requisition 66db04abbf0a19d8769e6092
[2024-09-06T17:29:43.272+0000] {core_li.py:23} INFO - Successfully updated job requisition 66db04abbf0a19d8769e6094
[2024-09-06T17:29:43.289+0000] {core_li.py:23} INFO - Successfully updated job requisition 66db04abbf0a19d8769e6096
[2024-09-06T17:29:43.308+0000] {core_li.py:23} INFO - Successfully updated job requisition 66db04abbf0a19d8769e6098
[2024-09-06T17:29:43.322+0000] {core_li.py:23} INFO - Successfully updated job requisition 66db04abbf0a19d8769e609a
[2024-09-06T17:29:43.334+0000] {core_li.py:23} INFO - Successfully updated job requisition 66db04abbf0a19d8769e609c
[2024-09-06T17:29:43.351+0000] {core_li.py:23} INFO - Successfully updated job requisition 66db04abbf0a19d8769e609e
[2024-09-06T17:29:43.367+0000] {core_li.py:23} INFO - Successfully updated job requisition 66db04abbf0a19d8769e60a0
[2024-09-06T17:29:43.380+0000] {core_li.py:23} INFO - Successfully updated job requisition 66db04abbf0a19d8769e60a2
[2024-09-06T17:29:43.394+0000] {core_li.py:23} INFO - Successfully updated job requisition 66db04abbf0a19d8769e60a4
[2024-09-06T17:29:43.409+0000] {core_li.py:23} INFO - Successfully updated job requisition 66db04abbf0a19d8769e60a6
[2024-09-06T17:29:43.420+0000] {core_li.py:23} INFO - Successfully updated job requisition 66db04abbf0a19d8769e60a8
[2024-09-06T17:29:43.436+0000] {core_li.py:23} INFO - Successfully updated job requisition 66db04abbf0a19d8769e60aa
[2024-09-06T17:29:43.452+0000] {core_li.py:23} INFO - Successfully updated job requisition 66db04abbf0a19d8769e60ac
[2024-09-06T17:29:43.469+0000] {core_li.py:23} INFO - Successfully updated job requisition 66db04abbf0a19d8769e60ae
[2024-09-06T17:29:43.493+0000] {core_li.py:23} INFO - Successfully updated job requisition 66db04abbf0a19d8769e60b0
[2024-09-06T17:29:43.509+0000] {core_li.py:23} INFO - Successfully updated job requisition 66db04abbf0a19d8769e60b2
[2024-09-06T17:29:43.524+0000] {core_li.py:23} INFO - Successfully updated job requisition 66db04abbf0a19d8769e60b4
[2024-09-06T17:29:43.535+0000] {core_li.py:23} INFO - Successfully updated job requisition 66db04abbf0a19d8769e60b6
[2024-09-06T17:29:43.550+0000] {core_li.py:23} INFO - Successfully updated job requisition 66db04abbf0a19d8769e60b8
[2024-09-06T17:29:43.563+0000] {core_li.py:23} INFO - Successfully updated job requisition 66db04abbf0a19d8769e60ba
[2024-09-06T17:29:43.578+0000] {core_li.py:23} INFO - Successfully updated job requisition 66db04abbf0a19d8769e60bc
[2024-09-06T17:29:43.593+0000] {core_li.py:23} INFO - Successfully updated job requisition 66db04abbf0a19d8769e60be
[2024-09-06T17:29:43.607+0000] {core_li.py:23} INFO - Successfully updated job requisition 66db04abbf0a19d8769e60c0
[2024-09-06T17:29:43.620+0000] {core_li.py:23} INFO - Successfully updated job requisition 66db04abbf0a19d8769e60c2
[2024-09-06T17:29:43.636+0000] {core_li.py:23} INFO - Successfully updated job requisition 66db04abbf0a19d8769e60c4
[2024-09-06T17:29:43.651+0000] {core_li.py:23} INFO - Successfully updated job requisition 66db04abbf0a19d8769e60c6
[2024-09-06T17:29:43.661+0000] {core_li.py:23} INFO - Successfully updated job requisition 66db04abbf0a19d8769e60c8
[2024-09-06T17:29:43.671+0000] {core_li.py:23} INFO - Successfully updated job requisition 66db04abbf0a19d8769e60ca
[2024-09-06T17:29:43.681+0000] {core_li.py:23} INFO - Successfully updated job requisition 66db04abbf0a19d8769e60cc
[2024-09-06T17:29:43.693+0000] {core_li.py:23} INFO - Successfully updated job requisition 66db04abbf0a19d8769e60ce
[2024-09-06T17:29:43.710+0000] {core_li.py:23} INFO - Successfully updated job requisition 66db04abbf0a19d8769e60d0
[2024-09-06T17:29:43.722+0000] {core_li.py:23} INFO - Successfully updated job requisition 66db04abbf0a19d8769e60d2
[2024-09-06T17:29:43.736+0000] {core_li.py:23} INFO - Successfully updated job requisition 66db04abbf0a19d8769e60d4
[2024-09-06T17:29:43.756+0000] {core_li.py:23} INFO - Successfully updated job requisition 66db04abbf0a19d8769e60d6
[2024-09-06T17:29:43.774+0000] {core_li.py:23} INFO - Successfully updated job requisition 66db04abbf0a19d8769e60d8
[2024-09-06T17:29:43.774+0000] {python.py:240} INFO - Done. Returned value was: 100
[2024-09-06T17:29:43.819+0000] {taskinstance.py:340} INFO - ::group::Post task execution logs
[2024-09-06T17:29:43.821+0000] {taskinstance.py:352} INFO - Marking task as SUCCESS. dag_id=async_flow, task_id=task_backfill_number_of_cancelled_candidates_in_batch, run_id=manual__2024-09-06T17:29:39.458358+00:00, map_index=6, execution_date=20240906T172939, start_date=20240906T172942, end_date=20240906T172943
[2024-09-06T17:29:43.871+0000] {local_task_job_runner.py:266} INFO - Task exited with return code 0
[2024-09-06T17:29:43.879+0000] {local_task_job_runner.py:245} INFO - ::endgroup::
