[2024-09-06T17:45:48.072+0000] {local_task_job_runner.py:123} INFO - ::group::Pre task execution logs
[2024-09-06T17:45:48.106+0000] {taskinstance.py:2612} INFO - Dependencies all met for dep_context=non-requeueable deps ti=<TaskInstance: async_flow.task_backfill_number_of_cancelled_candidates_in_batch manual__2024-09-06T17:29:39.458358+00:00 map_index=6 [queued]>
[2024-09-06T17:45:48.173+0000] {taskinstance.py:2612} INFO - Dependencies all met for dep_context=requeueable deps ti=<TaskInstance: async_flow.task_backfill_number_of_cancelled_candidates_in_batch manual__2024-09-06T17:29:39.458358+00:00 map_index=6 [queued]>
[2024-09-06T17:45:48.175+0000] {taskinstance.py:2865} INFO - Starting attempt 2 of 2
[2024-09-06T17:45:48.206+0000] {taskinstance.py:2888} INFO - Executing <Mapped(_PythonDecoratedOperator): task_backfill_number_of_cancelled_candidates_in_batch> on 2024-09-06 17:29:39.458358+00:00
[2024-09-06T17:45:48.211+0000] {warnings.py:112} WARNING - /home/***/.local/lib/python3.12/site-packages/***/task/task_runner/standard_task_runner.py:70: DeprecationWarning: This process (pid=420) is multi-threaded, use of fork() may lead to deadlocks in the child.
  pid = os.fork()

[2024-09-06T17:45:48.225+0000] {standard_task_runner.py:72} INFO - Started process 491 to run task
[2024-09-06T17:45:48.219+0000] {standard_task_runner.py:104} INFO - Running: ['***', 'tasks', 'run', 'async_flow', 'task_backfill_number_of_cancelled_candidates_in_batch', 'manual__2024-09-06T17:29:39.458358+00:00', '--job-id', '232', '--raw', '--subdir', 'DAGS_FOLDER/dags_async_flow.py', '--cfg-path', '/tmp/tmpffou_0ln', '--map-index', '6']
[2024-09-06T17:45:48.232+0000] {standard_task_runner.py:105} INFO - Job 232: Subtask task_backfill_number_of_cancelled_candidates_in_batch
[2024-09-06T17:45:48.327+0000] {task_command.py:467} INFO - Running <TaskInstance: async_flow.task_backfill_number_of_cancelled_candidates_in_batch manual__2024-09-06T17:29:39.458358+00:00 map_index=6 [running]> on host 0817eb6c24af
[2024-09-06T17:45:48.446+0000] {taskinstance.py:3131} INFO - Exporting env vars: AIRFLOW_CTX_DAG_OWNER='***' AIRFLOW_CTX_DAG_ID='async_flow' AIRFLOW_CTX_TASK_ID='task_backfill_number_of_cancelled_candidates_in_batch' AIRFLOW_CTX_EXECUTION_DATE='2024-09-06T17:29:39.458358+00:00' AIRFLOW_CTX_TRY_NUMBER='2' AIRFLOW_CTX_DAG_RUN_ID='manual__2024-09-06T17:29:39.458358+00:00'
[2024-09-06T17:45:48.448+0000] {taskinstance.py:731} INFO - ::endgroup::
[2024-09-06T17:45:48.468+0000] {core_li.py:23} INFO - Successfully updated job requisition 66db04aabf0a19d8769e6012
[2024-09-06T17:45:48.482+0000] {core_li.py:23} INFO - Successfully updated job requisition 66db04aabf0a19d8769e6014
[2024-09-06T17:45:48.503+0000] {core_li.py:23} INFO - Successfully updated job requisition 66db04aabf0a19d8769e6016
[2024-09-06T17:45:48.538+0000] {core_li.py:23} INFO - Successfully updated job requisition 66db04aabf0a19d8769e6018
[2024-09-06T17:45:48.553+0000] {core_li.py:23} INFO - Successfully updated job requisition 66db04aabf0a19d8769e601a
[2024-09-06T17:45:48.564+0000] {core_li.py:23} INFO - Successfully updated job requisition 66db04aabf0a19d8769e601c
[2024-09-06T17:45:48.580+0000] {core_li.py:23} INFO - Successfully updated job requisition 66db04aabf0a19d8769e601e
[2024-09-06T17:45:48.594+0000] {core_li.py:23} INFO - Successfully updated job requisition 66db04aabf0a19d8769e6020
[2024-09-06T17:45:48.607+0000] {core_li.py:23} INFO - Successfully updated job requisition 66db04abbf0a19d8769e6022
[2024-09-06T17:45:48.619+0000] {core_li.py:23} INFO - Successfully updated job requisition 66db04abbf0a19d8769e6024
[2024-09-06T17:45:48.635+0000] {core_li.py:23} INFO - Successfully updated job requisition 66db04abbf0a19d8769e6026
[2024-09-06T17:45:48.646+0000] {core_li.py:23} INFO - Successfully updated job requisition 66db04abbf0a19d8769e6028
[2024-09-06T17:45:48.658+0000] {core_li.py:23} INFO - Successfully updated job requisition 66db04abbf0a19d8769e602a
[2024-09-06T17:45:48.670+0000] {core_li.py:23} INFO - Successfully updated job requisition 66db04abbf0a19d8769e602c
[2024-09-06T17:45:48.688+0000] {core_li.py:23} INFO - Successfully updated job requisition 66db04abbf0a19d8769e602e
[2024-09-06T17:45:48.698+0000] {core_li.py:23} INFO - Successfully updated job requisition 66db04abbf0a19d8769e6030
[2024-09-06T17:45:48.711+0000] {core_li.py:23} INFO - Successfully updated job requisition 66db04abbf0a19d8769e6032
[2024-09-06T17:45:48.722+0000] {core_li.py:23} INFO - Successfully updated job requisition 66db04abbf0a19d8769e6034
[2024-09-06T17:45:48.733+0000] {core_li.py:23} INFO - Successfully updated job requisition 66db04abbf0a19d8769e6036
[2024-09-06T17:45:48.748+0000] {core_li.py:23} INFO - Successfully updated job requisition 66db04abbf0a19d8769e6038
[2024-09-06T17:45:48.763+0000] {core_li.py:23} INFO - Successfully updated job requisition 66db04abbf0a19d8769e603a
[2024-09-06T17:45:48.778+0000] {core_li.py:23} INFO - Successfully updated job requisition 66db04abbf0a19d8769e603c
[2024-09-06T17:45:48.788+0000] {core_li.py:23} INFO - Successfully updated job requisition 66db04abbf0a19d8769e603e
[2024-09-06T17:45:48.798+0000] {core_li.py:23} INFO - Successfully updated job requisition 66db04abbf0a19d8769e6040
[2024-09-06T17:45:48.817+0000] {core_li.py:23} INFO - Successfully updated job requisition 66db04abbf0a19d8769e6042
[2024-09-06T17:45:48.836+0000] {core_li.py:23} INFO - Successfully updated job requisition 66db04abbf0a19d8769e6044
[2024-09-06T17:45:48.851+0000] {core_li.py:23} INFO - Successfully updated job requisition 66db04abbf0a19d8769e6046
[2024-09-06T17:45:48.867+0000] {core_li.py:23} INFO - Successfully updated job requisition 66db04abbf0a19d8769e6048
[2024-09-06T17:45:48.878+0000] {core_li.py:23} INFO - Successfully updated job requisition 66db04abbf0a19d8769e604a
[2024-09-06T17:45:48.894+0000] {core_li.py:23} INFO - Successfully updated job requisition 66db04abbf0a19d8769e604c
[2024-09-06T17:45:48.913+0000] {core_li.py:23} INFO - Successfully updated job requisition 66db04abbf0a19d8769e604e
[2024-09-06T17:45:48.927+0000] {core_li.py:23} INFO - Successfully updated job requisition 66db04abbf0a19d8769e6050
[2024-09-06T17:45:48.960+0000] {core_li.py:23} INFO - Successfully updated job requisition 66db04abbf0a19d8769e6052
[2024-09-06T17:45:48.977+0000] {core_li.py:23} INFO - Successfully updated job requisition 66db04abbf0a19d8769e6054
[2024-09-06T17:45:48.990+0000] {core_li.py:23} INFO - Successfully updated job requisition 66db04abbf0a19d8769e6056
[2024-09-06T17:45:49.031+0000] {core_li.py:23} INFO - Successfully updated job requisition 66db04abbf0a19d8769e6058
[2024-09-06T17:45:49.058+0000] {core_li.py:23} INFO - Successfully updated job requisition 66db04abbf0a19d8769e605a
[2024-09-06T17:45:49.082+0000] {core_li.py:23} INFO - Successfully updated job requisition 66db04abbf0a19d8769e605c
[2024-09-06T17:45:49.102+0000] {core_li.py:23} INFO - Successfully updated job requisition 66db04abbf0a19d8769e605e
[2024-09-06T17:45:49.112+0000] {core_li.py:23} INFO - Successfully updated job requisition 66db04abbf0a19d8769e6060
[2024-09-06T17:45:49.129+0000] {core_li.py:23} INFO - Successfully updated job requisition 66db04abbf0a19d8769e6062
[2024-09-06T17:45:49.144+0000] {core_li.py:23} INFO - Successfully updated job requisition 66db04abbf0a19d8769e6064
[2024-09-06T17:45:49.155+0000] {core_li.py:23} INFO - Successfully updated job requisition 66db04abbf0a19d8769e6066
[2024-09-06T17:45:49.169+0000] {core_li.py:23} INFO - Successfully updated job requisition 66db04abbf0a19d8769e6068
[2024-09-06T17:45:49.180+0000] {core_li.py:23} INFO - Successfully updated job requisition 66db04abbf0a19d8769e606a
[2024-09-06T17:45:49.189+0000] {core_li.py:23} INFO - Successfully updated job requisition 66db04abbf0a19d8769e606c
[2024-09-06T17:45:49.197+0000] {core_li.py:23} INFO - Successfully updated job requisition 66db04abbf0a19d8769e606e
[2024-09-06T17:45:49.212+0000] {core_li.py:23} INFO - Successfully updated job requisition 66db04abbf0a19d8769e6070
[2024-09-06T17:45:49.222+0000] {core_li.py:23} INFO - Successfully updated job requisition 66db04abbf0a19d8769e6072
[2024-09-06T17:45:49.236+0000] {core_li.py:23} INFO - Successfully updated job requisition 66db04abbf0a19d8769e6074
[2024-09-06T17:45:49.245+0000] {core_li.py:23} INFO - Successfully updated job requisition 66db04abbf0a19d8769e6076
[2024-09-06T17:45:49.254+0000] {core_li.py:23} INFO - Successfully updated job requisition 66db04abbf0a19d8769e6078
[2024-09-06T17:45:49.261+0000] {core_li.py:23} INFO - Successfully updated job requisition 66db04abbf0a19d8769e607a
[2024-09-06T17:45:49.272+0000] {core_li.py:23} INFO - Successfully updated job requisition 66db04abbf0a19d8769e607c
[2024-09-06T17:45:49.280+0000] {core_li.py:23} INFO - Successfully updated job requisition 66db04abbf0a19d8769e607e
[2024-09-06T17:45:49.302+0000] {core_li.py:23} INFO - Successfully updated job requisition 66db04abbf0a19d8769e6080
[2024-09-06T17:45:49.318+0000] {core_li.py:23} INFO - Successfully updated job requisition 66db04abbf0a19d8769e6082
[2024-09-06T17:45:49.329+0000] {core_li.py:23} INFO - Successfully updated job requisition 66db04abbf0a19d8769e6084
[2024-09-06T17:45:49.346+0000] {core_li.py:23} INFO - Successfully updated job requisition 66db04abbf0a19d8769e6086
[2024-09-06T17:45:49.359+0000] {core_li.py:23} INFO - Successfully updated job requisition 66db04abbf0a19d8769e6088
[2024-09-06T17:45:49.371+0000] {core_li.py:23} INFO - Successfully updated job requisition 66db04abbf0a19d8769e608a
[2024-09-06T17:45:49.379+0000] {core_li.py:23} INFO - Successfully updated job requisition 66db04abbf0a19d8769e608c
[2024-09-06T17:45:49.389+0000] {core_li.py:23} INFO - Successfully updated job requisition 66db04abbf0a19d8769e608e
[2024-09-06T17:45:49.400+0000] {core_li.py:23} INFO - Successfully updated job requisition 66db04abbf0a19d8769e6090
[2024-09-06T17:45:49.409+0000] {core_li.py:23} INFO - Successfully updated job requisition 66db04abbf0a19d8769e6092
[2024-09-06T17:45:49.420+0000] {core_li.py:23} INFO - Successfully updated job requisition 66db04abbf0a19d8769e6094
[2024-09-06T17:45:49.433+0000] {core_li.py:23} INFO - Successfully updated job requisition 66db04abbf0a19d8769e6096
[2024-09-06T17:45:49.449+0000] {core_li.py:23} INFO - Successfully updated job requisition 66db04abbf0a19d8769e6098
[2024-09-06T17:45:49.466+0000] {core_li.py:23} INFO - Successfully updated job requisition 66db04abbf0a19d8769e609a
[2024-09-06T17:45:49.484+0000] {core_li.py:23} INFO - Successfully updated job requisition 66db04abbf0a19d8769e609c
[2024-09-06T17:45:49.496+0000] {core_li.py:23} INFO - Successfully updated job requisition 66db04abbf0a19d8769e609e
[2024-09-06T17:45:49.506+0000] {core_li.py:23} INFO - Successfully updated job requisition 66db04abbf0a19d8769e60a0
[2024-09-06T17:45:49.515+0000] {core_li.py:23} INFO - Successfully updated job requisition 66db04abbf0a19d8769e60a2
[2024-09-06T17:45:49.526+0000] {core_li.py:23} INFO - Successfully updated job requisition 66db04abbf0a19d8769e60a4
[2024-09-06T17:45:49.533+0000] {core_li.py:23} INFO - Successfully updated job requisition 66db04abbf0a19d8769e60a6
[2024-09-06T17:45:49.543+0000] {core_li.py:23} INFO - Successfully updated job requisition 66db04abbf0a19d8769e60a8
[2024-09-06T17:45:49.552+0000] {core_li.py:23} INFO - Successfully updated job requisition 66db04abbf0a19d8769e60aa
[2024-09-06T17:45:49.559+0000] {core_li.py:23} INFO - Successfully updated job requisition 66db04abbf0a19d8769e60ac
[2024-09-06T17:45:49.572+0000] {core_li.py:23} INFO - Successfully updated job requisition 66db04abbf0a19d8769e60ae
[2024-09-06T17:45:49.584+0000] {core_li.py:23} INFO - Successfully updated job requisition 66db04abbf0a19d8769e60b0
[2024-09-06T17:45:49.593+0000] {core_li.py:23} INFO - Successfully updated job requisition 66db04abbf0a19d8769e60b2
[2024-09-06T17:45:49.604+0000] {core_li.py:23} INFO - Successfully updated job requisition 66db04abbf0a19d8769e60b4
[2024-09-06T17:45:49.615+0000] {core_li.py:23} INFO - Successfully updated job requisition 66db04abbf0a19d8769e60b6
[2024-09-06T17:45:49.626+0000] {core_li.py:23} INFO - Successfully updated job requisition 66db04abbf0a19d8769e60b8
[2024-09-06T17:45:49.638+0000] {core_li.py:23} INFO - Successfully updated job requisition 66db04abbf0a19d8769e60ba
[2024-09-06T17:45:49.653+0000] {core_li.py:23} INFO - Successfully updated job requisition 66db04abbf0a19d8769e60bc
[2024-09-06T17:45:49.667+0000] {core_li.py:23} INFO - Successfully updated job requisition 66db04abbf0a19d8769e60be
[2024-09-06T17:45:49.677+0000] {core_li.py:23} INFO - Successfully updated job requisition 66db04abbf0a19d8769e60c0
[2024-09-06T17:45:49.689+0000] {core_li.py:23} INFO - Successfully updated job requisition 66db04abbf0a19d8769e60c2
[2024-09-06T17:45:49.699+0000] {core_li.py:23} INFO - Successfully updated job requisition 66db04abbf0a19d8769e60c4
[2024-09-06T17:45:49.709+0000] {core_li.py:23} INFO - Successfully updated job requisition 66db04abbf0a19d8769e60c6
[2024-09-06T17:45:49.719+0000] {core_li.py:23} INFO - Successfully updated job requisition 66db04abbf0a19d8769e60c8
[2024-09-06T17:45:49.726+0000] {core_li.py:23} INFO - Successfully updated job requisition 66db04abbf0a19d8769e60ca
[2024-09-06T17:45:49.733+0000] {core_li.py:23} INFO - Successfully updated job requisition 66db04abbf0a19d8769e60cc
[2024-09-06T17:45:49.742+0000] {core_li.py:23} INFO - Successfully updated job requisition 66db04abbf0a19d8769e60ce
[2024-09-06T17:45:49.749+0000] {core_li.py:23} INFO - Successfully updated job requisition 66db04abbf0a19d8769e60d0
[2024-09-06T17:45:49.760+0000] {core_li.py:23} INFO - Successfully updated job requisition 66db04abbf0a19d8769e60d2
[2024-09-06T17:45:49.769+0000] {core_li.py:23} INFO - Successfully updated job requisition 66db04abbf0a19d8769e60d4
[2024-09-06T17:45:49.777+0000] {core_li.py:23} INFO - Successfully updated job requisition 66db04abbf0a19d8769e60d6
[2024-09-06T17:45:49.787+0000] {core_li.py:23} INFO - Successfully updated job requisition 66db04abbf0a19d8769e60d8
[2024-09-06T17:45:49.788+0000] {python.py:240} INFO - Done. Returned value was: 100
[2024-09-06T17:45:49.821+0000] {taskinstance.py:340} INFO - ::group::Post task execution logs
[2024-09-06T17:45:49.823+0000] {taskinstance.py:352} INFO - Marking task as SUCCESS. dag_id=async_flow, task_id=task_backfill_number_of_cancelled_candidates_in_batch, run_id=manual__2024-09-06T17:29:39.458358+00:00, map_index=6, execution_date=20240906T172939, start_date=20240906T174548, end_date=20240906T174549
[2024-09-06T17:45:49.868+0000] {local_task_job_runner.py:266} INFO - Task exited with return code 0
[2024-09-06T17:45:49.876+0000] {local_task_job_runner.py:245} INFO - ::endgroup::
