[2024-09-06T17:43:09.914+0000] {local_task_job_runner.py:123} INFO - ::group::Pre task execution logs
[2024-09-06T17:43:09.930+0000] {taskinstance.py:2612} INFO - Dependencies all met for dep_context=non-requeueable deps ti=<TaskInstance: async_flow.task_backfill_number_of_cancelled_candidates_in_batch manual__2024-09-06T17:43:02.727107+00:00 map_index=44 [queued]>
[2024-09-06T17:43:09.942+0000] {taskinstance.py:2612} INFO - Dependencies all met for dep_context=requeueable deps ti=<TaskInstance: async_flow.task_backfill_number_of_cancelled_candidates_in_batch manual__2024-09-06T17:43:02.727107+00:00 map_index=44 [queued]>
[2024-09-06T17:43:09.944+0000] {taskinstance.py:2865} INFO - Starting attempt 1 of 1
[2024-09-06T17:43:09.986+0000] {taskinstance.py:2888} INFO - Executing <Mapped(_PythonDecoratedOperator): task_backfill_number_of_cancelled_candidates_in_batch> on 2024-09-06 17:43:02.727107+00:00
[2024-09-06T17:43:09.989+0000] {warnings.py:112} WARNING - /home/***/.local/lib/python3.12/site-packages/***/task/task_runner/standard_task_runner.py:70: DeprecationWarning: This process (pid=275) is multi-threaded, use of fork() may lead to deadlocks in the child.
  pid = os.fork()

[2024-09-06T17:43:09.992+0000] {standard_task_runner.py:72} INFO - Started process 343 to run task
[2024-09-06T17:43:09.997+0000] {standard_task_runner.py:104} INFO - Running: ['***', 'tasks', 'run', 'async_flow', 'task_backfill_number_of_cancelled_candidates_in_batch', 'manual__2024-09-06T17:43:02.727107+00:00', '--job-id', '213', '--raw', '--subdir', 'DAGS_FOLDER/dags_async_flow.py', '--cfg-path', '/tmp/tmprb7hdt4u', '--map-index', '44']
[2024-09-06T17:43:10.002+0000] {standard_task_runner.py:105} INFO - Job 213: Subtask task_backfill_number_of_cancelled_candidates_in_batch
[2024-09-06T17:43:10.078+0000] {task_command.py:467} INFO - Running <TaskInstance: async_flow.task_backfill_number_of_cancelled_candidates_in_batch manual__2024-09-06T17:43:02.727107+00:00 map_index=44 [running]> on host 0817eb6c24af
[2024-09-06T17:43:10.230+0000] {taskinstance.py:3131} INFO - Exporting env vars: AIRFLOW_CTX_DAG_OWNER='***' AIRFLOW_CTX_DAG_ID='async_flow' AIRFLOW_CTX_TASK_ID='task_backfill_number_of_cancelled_candidates_in_batch' AIRFLOW_CTX_EXECUTION_DATE='2024-09-06T17:43:02.727107+00:00' AIRFLOW_CTX_TRY_NUMBER='1' AIRFLOW_CTX_DAG_RUN_ID='manual__2024-09-06T17:43:02.727107+00:00'
[2024-09-06T17:43:10.232+0000] {taskinstance.py:731} INFO - ::endgroup::
[2024-09-06T17:43:10.257+0000] {core_li.py:23} INFO - Successfully updated job requisition 66db04acbf0a19d8769e7dc2
[2024-09-06T17:43:10.267+0000] {core_li.py:23} INFO - Successfully updated job requisition 66db04acbf0a19d8769e7dc4
[2024-09-06T17:43:10.276+0000] {core_li.py:23} INFO - Successfully updated job requisition 66db04acbf0a19d8769e7dc6
[2024-09-06T17:43:10.290+0000] {core_li.py:23} INFO - Successfully updated job requisition 66db04acbf0a19d8769e7dc8
[2024-09-06T17:43:10.302+0000] {core_li.py:23} INFO - Successfully updated job requisition 66db04acbf0a19d8769e7dca
[2024-09-06T17:43:10.309+0000] {core_li.py:23} INFO - Successfully updated job requisition 66db04acbf0a19d8769e7dcc
[2024-09-06T17:43:10.322+0000] {core_li.py:23} INFO - Successfully updated job requisition 66db04acbf0a19d8769e7dce
[2024-09-06T17:43:10.332+0000] {core_li.py:23} INFO - Successfully updated job requisition 66db04acbf0a19d8769e7dd0
[2024-09-06T17:43:10.343+0000] {core_li.py:23} INFO - Successfully updated job requisition 66db04acbf0a19d8769e7dd2
[2024-09-06T17:43:10.355+0000] {core_li.py:23} INFO - Successfully updated job requisition 66db04acbf0a19d8769e7dd4
[2024-09-06T17:43:10.365+0000] {core_li.py:23} INFO - Successfully updated job requisition 66db04acbf0a19d8769e7dd6
[2024-09-06T17:43:10.372+0000] {core_li.py:23} INFO - Successfully updated job requisition 66db04acbf0a19d8769e7dd8
[2024-09-06T17:43:10.381+0000] {core_li.py:23} INFO - Successfully updated job requisition 66db04acbf0a19d8769e7dda
[2024-09-06T17:43:10.392+0000] {core_li.py:23} INFO - Successfully updated job requisition 66db04acbf0a19d8769e7ddc
[2024-09-06T17:43:10.401+0000] {core_li.py:23} INFO - Successfully updated job requisition 66db04acbf0a19d8769e7dde
[2024-09-06T17:43:10.414+0000] {core_li.py:23} INFO - Successfully updated job requisition 66db04acbf0a19d8769e7de0
[2024-09-06T17:43:10.421+0000] {core_li.py:23} INFO - Successfully updated job requisition 66db04acbf0a19d8769e7de2
[2024-09-06T17:43:10.429+0000] {core_li.py:23} INFO - Successfully updated job requisition 66db04acbf0a19d8769e7de4
[2024-09-06T17:43:10.441+0000] {core_li.py:23} INFO - Successfully updated job requisition 66db04acbf0a19d8769e7de6
[2024-09-06T17:43:10.447+0000] {core_li.py:23} INFO - Successfully updated job requisition 66db04acbf0a19d8769e7de8
[2024-09-06T17:43:10.460+0000] {core_li.py:23} INFO - Successfully updated job requisition 66db04acbf0a19d8769e7dea
[2024-09-06T17:43:10.468+0000] {core_li.py:23} INFO - Successfully updated job requisition 66db04acbf0a19d8769e7dec
[2024-09-06T17:43:10.477+0000] {core_li.py:23} INFO - Successfully updated job requisition 66db04acbf0a19d8769e7dee
[2024-09-06T17:43:10.484+0000] {core_li.py:23} INFO - Successfully updated job requisition 66db04acbf0a19d8769e7df0
[2024-09-06T17:43:10.496+0000] {core_li.py:23} INFO - Successfully updated job requisition 66db04acbf0a19d8769e7df2
[2024-09-06T17:43:10.506+0000] {core_li.py:23} INFO - Successfully updated job requisition 66db04acbf0a19d8769e7df4
[2024-09-06T17:43:10.512+0000] {core_li.py:23} INFO - Successfully updated job requisition 66db04acbf0a19d8769e7df6
[2024-09-06T17:43:10.527+0000] {core_li.py:23} INFO - Successfully updated job requisition 66db04acbf0a19d8769e7df8
[2024-09-06T17:43:10.534+0000] {core_li.py:23} INFO - Successfully updated job requisition 66db04acbf0a19d8769e7dfa
[2024-09-06T17:43:10.542+0000] {core_li.py:23} INFO - Successfully updated job requisition 66db04acbf0a19d8769e7dfc
[2024-09-06T17:43:10.551+0000] {core_li.py:23} INFO - Successfully updated job requisition 66db04acbf0a19d8769e7dfe
[2024-09-06T17:43:10.561+0000] {core_li.py:23} INFO - Successfully updated job requisition 66db04acbf0a19d8769e7e00
[2024-09-06T17:43:10.571+0000] {core_li.py:23} INFO - Successfully updated job requisition 66db04acbf0a19d8769e7e02
[2024-09-06T17:43:10.580+0000] {core_li.py:23} INFO - Successfully updated job requisition 66db04acbf0a19d8769e7e04
[2024-09-06T17:43:10.589+0000] {core_li.py:23} INFO - Successfully updated job requisition 66db04acbf0a19d8769e7e06
[2024-09-06T17:43:10.598+0000] {core_li.py:23} INFO - Successfully updated job requisition 66db04acbf0a19d8769e7e08
[2024-09-06T17:43:10.606+0000] {core_li.py:23} INFO - Successfully updated job requisition 66db04acbf0a19d8769e7e0a
[2024-09-06T17:43:10.612+0000] {core_li.py:23} INFO - Successfully updated job requisition 66db04acbf0a19d8769e7e0c
[2024-09-06T17:43:10.620+0000] {core_li.py:23} INFO - Successfully updated job requisition 66db04acbf0a19d8769e7e0e
[2024-09-06T17:43:10.627+0000] {core_li.py:23} INFO - Successfully updated job requisition 66db04acbf0a19d8769e7e10
[2024-09-06T17:43:10.635+0000] {core_li.py:23} INFO - Successfully updated job requisition 66db04acbf0a19d8769e7e12
[2024-09-06T17:43:10.647+0000] {core_li.py:23} INFO - Successfully updated job requisition 66db04acbf0a19d8769e7e14
[2024-09-06T17:43:10.665+0000] {core_li.py:23} INFO - Successfully updated job requisition 66db04acbf0a19d8769e7e16
[2024-09-06T17:43:10.673+0000] {core_li.py:23} INFO - Successfully updated job requisition 66db04acbf0a19d8769e7e18
[2024-09-06T17:43:10.683+0000] {core_li.py:23} INFO - Successfully updated job requisition 66db04acbf0a19d8769e7e1a
[2024-09-06T17:43:10.693+0000] {core_li.py:23} INFO - Successfully updated job requisition 66db04acbf0a19d8769e7e1c
[2024-09-06T17:43:10.702+0000] {core_li.py:23} INFO - Successfully updated job requisition 66db04acbf0a19d8769e7e1e
[2024-09-06T17:43:10.710+0000] {core_li.py:23} INFO - Successfully updated job requisition 66db04acbf0a19d8769e7e20
[2024-09-06T17:43:10.717+0000] {core_li.py:23} INFO - Successfully updated job requisition 66db04acbf0a19d8769e7e22
[2024-09-06T17:43:10.724+0000] {core_li.py:23} INFO - Successfully updated job requisition 66db04acbf0a19d8769e7e24
[2024-09-06T17:43:10.734+0000] {core_li.py:23} INFO - Successfully updated job requisition 66db04acbf0a19d8769e7e26
[2024-09-06T17:43:10.744+0000] {core_li.py:23} INFO - Successfully updated job requisition 66db04acbf0a19d8769e7e28
[2024-09-06T17:43:10.751+0000] {core_li.py:23} INFO - Successfully updated job requisition 66db04acbf0a19d8769e7e2a
[2024-09-06T17:43:10.759+0000] {core_li.py:23} INFO - Successfully updated job requisition 66db04acbf0a19d8769e7e2c
[2024-09-06T17:43:10.767+0000] {core_li.py:23} INFO - Successfully updated job requisition 66db04acbf0a19d8769e7e2e
[2024-09-06T17:43:10.775+0000] {core_li.py:23} INFO - Successfully updated job requisition 66db04acbf0a19d8769e7e30
[2024-09-06T17:43:10.783+0000] {core_li.py:23} INFO - Successfully updated job requisition 66db04acbf0a19d8769e7e32
[2024-09-06T17:43:10.791+0000] {core_li.py:23} INFO - Successfully updated job requisition 66db04acbf0a19d8769e7e34
[2024-09-06T17:43:10.800+0000] {core_li.py:23} INFO - Successfully updated job requisition 66db04acbf0a19d8769e7e36
[2024-09-06T17:43:10.807+0000] {core_li.py:23} INFO - Successfully updated job requisition 66db04acbf0a19d8769e7e38
[2024-09-06T17:43:10.814+0000] {core_li.py:23} INFO - Successfully updated job requisition 66db04acbf0a19d8769e7e3a
[2024-09-06T17:43:10.822+0000] {core_li.py:23} INFO - Successfully updated job requisition 66db04acbf0a19d8769e7e3c
[2024-09-06T17:43:10.834+0000] {core_li.py:23} INFO - Successfully updated job requisition 66db04acbf0a19d8769e7e3e
[2024-09-06T17:43:10.848+0000] {core_li.py:23} INFO - Successfully updated job requisition 66db04acbf0a19d8769e7e40
[2024-09-06T17:43:10.858+0000] {core_li.py:23} INFO - Successfully updated job requisition 66db04acbf0a19d8769e7e42
[2024-09-06T17:43:10.865+0000] {core_li.py:23} INFO - Successfully updated job requisition 66db04acbf0a19d8769e7e44
[2024-09-06T17:43:10.870+0000] {core_li.py:23} INFO - Successfully updated job requisition 66db04acbf0a19d8769e7e46
[2024-09-06T17:43:10.879+0000] {core_li.py:23} INFO - Successfully updated job requisition 66db04acbf0a19d8769e7e48
[2024-09-06T17:43:10.891+0000] {core_li.py:23} INFO - Successfully updated job requisition 66db04acbf0a19d8769e7e4a
[2024-09-06T17:43:10.903+0000] {core_li.py:23} INFO - Successfully updated job requisition 66db04acbf0a19d8769e7e4c
[2024-09-06T17:43:10.911+0000] {core_li.py:23} INFO - Successfully updated job requisition 66db04acbf0a19d8769e7e4e
[2024-09-06T17:43:10.929+0000] {core_li.py:23} INFO - Successfully updated job requisition 66db04acbf0a19d8769e7e50
[2024-09-06T17:43:10.938+0000] {core_li.py:23} INFO - Successfully updated job requisition 66db04acbf0a19d8769e7e52
[2024-09-06T17:43:10.946+0000] {core_li.py:23} INFO - Successfully updated job requisition 66db04acbf0a19d8769e7e54
[2024-09-06T17:43:10.955+0000] {core_li.py:23} INFO - Successfully updated job requisition 66db04acbf0a19d8769e7e56
[2024-09-06T17:43:10.965+0000] {core_li.py:23} INFO - Successfully updated job requisition 66db04acbf0a19d8769e7e58
[2024-09-06T17:43:10.974+0000] {core_li.py:23} INFO - Successfully updated job requisition 66db04acbf0a19d8769e7e5a
[2024-09-06T17:43:10.989+0000] {core_li.py:23} INFO - Successfully updated job requisition 66db04acbf0a19d8769e7e5c
[2024-09-06T17:43:10.998+0000] {core_li.py:23} INFO - Successfully updated job requisition 66db04acbf0a19d8769e7e5e
[2024-09-06T17:43:11.006+0000] {core_li.py:23} INFO - Successfully updated job requisition 66db04acbf0a19d8769e7e60
[2024-09-06T17:43:11.015+0000] {core_li.py:23} INFO - Successfully updated job requisition 66db04acbf0a19d8769e7e62
[2024-09-06T17:43:11.025+0000] {core_li.py:23} INFO - Successfully updated job requisition 66db04acbf0a19d8769e7e64
[2024-09-06T17:43:11.033+0000] {core_li.py:23} INFO - Successfully updated job requisition 66db04acbf0a19d8769e7e66
[2024-09-06T17:43:11.040+0000] {core_li.py:23} INFO - Successfully updated job requisition 66db04acbf0a19d8769e7e68
[2024-09-06T17:43:11.050+0000] {core_li.py:23} INFO - Successfully updated job requisition 66db04acbf0a19d8769e7e6a
[2024-09-06T17:43:11.058+0000] {core_li.py:23} INFO - Successfully updated job requisition 66db04acbf0a19d8769e7e6c
[2024-09-06T17:43:11.064+0000] {core_li.py:23} INFO - Successfully updated job requisition 66db04acbf0a19d8769e7e6e
[2024-09-06T17:43:11.071+0000] {core_li.py:23} INFO - Successfully updated job requisition 66db04acbf0a19d8769e7e70
[2024-09-06T17:43:11.078+0000] {core_li.py:23} INFO - Successfully updated job requisition 66db04acbf0a19d8769e7e72
[2024-09-06T17:43:11.083+0000] {core_li.py:23} INFO - Successfully updated job requisition 66db04acbf0a19d8769e7e74
[2024-09-06T17:43:11.089+0000] {core_li.py:23} INFO - Successfully updated job requisition 66db04acbf0a19d8769e7e76
[2024-09-06T17:43:11.096+0000] {core_li.py:23} INFO - Successfully updated job requisition 66db04acbf0a19d8769e7e78
[2024-09-06T17:43:11.104+0000] {core_li.py:23} INFO - Successfully updated job requisition 66db04acbf0a19d8769e7e7a
[2024-09-06T17:43:11.109+0000] {core_li.py:23} INFO - Successfully updated job requisition 66db04acbf0a19d8769e7e7c
[2024-09-06T17:43:11.116+0000] {core_li.py:23} INFO - Successfully updated job requisition 66db04acbf0a19d8769e7e7e
[2024-09-06T17:43:11.126+0000] {core_li.py:23} INFO - Successfully updated job requisition 66db04acbf0a19d8769e7e80
[2024-09-06T17:43:11.134+0000] {core_li.py:23} INFO - Successfully updated job requisition 66db04acbf0a19d8769e7e82
[2024-09-06T17:43:11.150+0000] {core_li.py:23} INFO - Successfully updated job requisition 66db04acbf0a19d8769e7e84
[2024-09-06T17:43:11.161+0000] {core_li.py:23} INFO - Successfully updated job requisition 66db04acbf0a19d8769e7e86
[2024-09-06T17:43:11.168+0000] {core_li.py:23} INFO - Successfully updated job requisition 66db04acbf0a19d8769e7e88
[2024-09-06T17:43:11.169+0000] {python.py:240} INFO - Done. Returned value was: 100
[2024-09-06T17:43:11.195+0000] {taskinstance.py:340} INFO - ::group::Post task execution logs
[2024-09-06T17:43:11.195+0000] {taskinstance.py:352} INFO - Marking task as SUCCESS. dag_id=async_flow, task_id=task_backfill_number_of_cancelled_candidates_in_batch, run_id=manual__2024-09-06T17:43:02.727107+00:00, map_index=44, execution_date=20240906T174302, start_date=20240906T174309, end_date=20240906T174311
[2024-09-06T17:43:11.253+0000] {local_task_job_runner.py:266} INFO - Task exited with return code 0
[2024-09-06T17:43:11.267+0000] {local_task_job_runner.py:245} INFO - ::endgroup::
