[2024-09-06T17:43:07.679+0000] {local_task_job_runner.py:123} INFO - ::group::Pre task execution logs
[2024-09-06T17:43:07.700+0000] {taskinstance.py:2612} INFO - Dependencies all met for dep_context=non-requeueable deps ti=<TaskInstance: async_flow.task_backfill_number_of_cancelled_candidates_in_batch manual__2024-09-06T17:43:02.727107+00:00 map_index=31 [queued]>
[2024-09-06T17:43:07.712+0000] {taskinstance.py:2612} INFO - Dependencies all met for dep_context=requeueable deps ti=<TaskInstance: async_flow.task_backfill_number_of_cancelled_candidates_in_batch manual__2024-09-06T17:43:02.727107+00:00 map_index=31 [queued]>
[2024-09-06T17:43:07.713+0000] {taskinstance.py:2865} INFO - Starting attempt 1 of 1
[2024-09-06T17:43:07.723+0000] {taskinstance.py:2888} INFO - Executing <Mapped(_PythonDecoratedOperator): task_backfill_number_of_cancelled_candidates_in_batch> on 2024-09-06 17:43:02.727107+00:00
[2024-09-06T17:43:07.728+0000] {warnings.py:112} WARNING - /home/***/.local/lib/python3.12/site-packages/***/task/task_runner/standard_task_runner.py:70: DeprecationWarning: This process (pid=231) is multi-threaded, use of fork() may lead to deadlocks in the child.
  pid = os.fork()

[2024-09-06T17:43:07.729+0000] {standard_task_runner.py:72} INFO - Started process 266 to run task
[2024-09-06T17:43:07.731+0000] {standard_task_runner.py:104} INFO - Running: ['***', 'tasks', 'run', 'async_flow', 'task_backfill_number_of_cancelled_candidates_in_batch', 'manual__2024-09-06T17:43:02.727107+00:00', '--job-id', '206', '--raw', '--subdir', 'DAGS_FOLDER/dags_async_flow.py', '--cfg-path', '/tmp/tmpt7x232b3', '--map-index', '31']
[2024-09-06T17:43:07.732+0000] {standard_task_runner.py:105} INFO - Job 206: Subtask task_backfill_number_of_cancelled_candidates_in_batch
[2024-09-06T17:43:07.767+0000] {task_command.py:467} INFO - Running <TaskInstance: async_flow.task_backfill_number_of_cancelled_candidates_in_batch manual__2024-09-06T17:43:02.727107+00:00 map_index=31 [running]> on host 0817eb6c24af
[2024-09-06T17:43:07.837+0000] {taskinstance.py:3131} INFO - Exporting env vars: AIRFLOW_CTX_DAG_OWNER='***' AIRFLOW_CTX_DAG_ID='async_flow' AIRFLOW_CTX_TASK_ID='task_backfill_number_of_cancelled_candidates_in_batch' AIRFLOW_CTX_EXECUTION_DATE='2024-09-06T17:43:02.727107+00:00' AIRFLOW_CTX_TRY_NUMBER='1' AIRFLOW_CTX_DAG_RUN_ID='manual__2024-09-06T17:43:02.727107+00:00'
[2024-09-06T17:43:07.840+0000] {taskinstance.py:731} INFO - ::endgroup::
[2024-09-06T17:43:07.850+0000] {core_li.py:23} INFO - Successfully updated job requisition 66db04abbf0a19d8769e739a
[2024-09-06T17:43:07.861+0000] {core_li.py:23} INFO - Successfully updated job requisition 66db04abbf0a19d8769e739c
[2024-09-06T17:43:07.871+0000] {core_li.py:23} INFO - Successfully updated job requisition 66db04abbf0a19d8769e739e
[2024-09-06T17:43:07.878+0000] {core_li.py:23} INFO - Successfully updated job requisition 66db04abbf0a19d8769e73a0
[2024-09-06T17:43:07.887+0000] {core_li.py:23} INFO - Successfully updated job requisition 66db04abbf0a19d8769e73a2
[2024-09-06T17:43:07.894+0000] {core_li.py:23} INFO - Successfully updated job requisition 66db04abbf0a19d8769e73a4
[2024-09-06T17:43:07.902+0000] {core_li.py:23} INFO - Successfully updated job requisition 66db04abbf0a19d8769e73a6
[2024-09-06T17:43:07.913+0000] {core_li.py:23} INFO - Successfully updated job requisition 66db04abbf0a19d8769e73a8
[2024-09-06T17:43:07.923+0000] {core_li.py:23} INFO - Successfully updated job requisition 66db04abbf0a19d8769e73aa
[2024-09-06T17:43:07.930+0000] {core_li.py:23} INFO - Successfully updated job requisition 66db04abbf0a19d8769e73ac
[2024-09-06T17:43:07.937+0000] {core_li.py:23} INFO - Successfully updated job requisition 66db04abbf0a19d8769e73ae
[2024-09-06T17:43:07.945+0000] {core_li.py:23} INFO - Successfully updated job requisition 66db04abbf0a19d8769e73b0
[2024-09-06T17:43:07.950+0000] {core_li.py:23} INFO - Successfully updated job requisition 66db04abbf0a19d8769e73b2
[2024-09-06T17:43:07.956+0000] {core_li.py:23} INFO - Successfully updated job requisition 66db04abbf0a19d8769e73b4
[2024-09-06T17:43:07.963+0000] {core_li.py:23} INFO - Successfully updated job requisition 66db04abbf0a19d8769e73b6
[2024-09-06T17:43:07.971+0000] {core_li.py:23} INFO - Successfully updated job requisition 66db04abbf0a19d8769e73b8
[2024-09-06T17:43:07.983+0000] {core_li.py:23} INFO - Successfully updated job requisition 66db04abbf0a19d8769e73ba
[2024-09-06T17:43:07.989+0000] {core_li.py:23} INFO - Successfully updated job requisition 66db04abbf0a19d8769e73bc
[2024-09-06T17:43:07.995+0000] {core_li.py:23} INFO - Successfully updated job requisition 66db04abbf0a19d8769e73be
[2024-09-06T17:43:08.002+0000] {core_li.py:23} INFO - Successfully updated job requisition 66db04abbf0a19d8769e73c0
[2024-09-06T17:43:08.009+0000] {core_li.py:23} INFO - Successfully updated job requisition 66db04abbf0a19d8769e73c2
[2024-09-06T17:43:08.020+0000] {core_li.py:23} INFO - Successfully updated job requisition 66db04abbf0a19d8769e73c4
[2024-09-06T17:43:08.029+0000] {core_li.py:23} INFO - Successfully updated job requisition 66db04abbf0a19d8769e73c6
[2024-09-06T17:43:08.039+0000] {core_li.py:23} INFO - Successfully updated job requisition 66db04abbf0a19d8769e73c8
[2024-09-06T17:43:08.047+0000] {core_li.py:23} INFO - Successfully updated job requisition 66db04abbf0a19d8769e73ca
[2024-09-06T17:43:08.055+0000] {core_li.py:23} INFO - Successfully updated job requisition 66db04abbf0a19d8769e73cc
[2024-09-06T17:43:08.062+0000] {core_li.py:23} INFO - Successfully updated job requisition 66db04abbf0a19d8769e73ce
[2024-09-06T17:43:08.071+0000] {core_li.py:23} INFO - Successfully updated job requisition 66db04abbf0a19d8769e73d0
[2024-09-06T17:43:08.081+0000] {core_li.py:23} INFO - Successfully updated job requisition 66db04abbf0a19d8769e73d2
[2024-09-06T17:43:08.089+0000] {core_li.py:23} INFO - Successfully updated job requisition 66db04abbf0a19d8769e73d4
[2024-09-06T17:43:08.101+0000] {core_li.py:23} INFO - Successfully updated job requisition 66db04abbf0a19d8769e73d6
[2024-09-06T17:43:08.107+0000] {core_li.py:23} INFO - Successfully updated job requisition 66db04abbf0a19d8769e73d8
[2024-09-06T17:43:08.116+0000] {core_li.py:23} INFO - Successfully updated job requisition 66db04abbf0a19d8769e73da
[2024-09-06T17:43:08.123+0000] {core_li.py:23} INFO - Successfully updated job requisition 66db04abbf0a19d8769e73dc
[2024-09-06T17:43:08.131+0000] {core_li.py:23} INFO - Successfully updated job requisition 66db04abbf0a19d8769e73de
[2024-09-06T17:43:08.145+0000] {core_li.py:23} INFO - Successfully updated job requisition 66db04abbf0a19d8769e73e0
[2024-09-06T17:43:08.153+0000] {core_li.py:23} INFO - Successfully updated job requisition 66db04abbf0a19d8769e73e2
[2024-09-06T17:43:08.161+0000] {core_li.py:23} INFO - Successfully updated job requisition 66db04abbf0a19d8769e73e4
[2024-09-06T17:43:08.167+0000] {core_li.py:23} INFO - Successfully updated job requisition 66db04abbf0a19d8769e73e6
[2024-09-06T17:43:08.174+0000] {core_li.py:23} INFO - Successfully updated job requisition 66db04abbf0a19d8769e73e8
[2024-09-06T17:43:08.185+0000] {core_li.py:23} INFO - Successfully updated job requisition 66db04abbf0a19d8769e73ea
[2024-09-06T17:43:08.196+0000] {core_li.py:23} INFO - Successfully updated job requisition 66db04abbf0a19d8769e73ec
[2024-09-06T17:43:08.203+0000] {core_li.py:23} INFO - Successfully updated job requisition 66db04abbf0a19d8769e73ee
[2024-09-06T17:43:08.212+0000] {core_li.py:23} INFO - Successfully updated job requisition 66db04abbf0a19d8769e73f0
[2024-09-06T17:43:08.223+0000] {core_li.py:23} INFO - Successfully updated job requisition 66db04abbf0a19d8769e73f2
[2024-09-06T17:43:08.232+0000] {core_li.py:23} INFO - Successfully updated job requisition 66db04abbf0a19d8769e73f4
[2024-09-06T17:43:08.240+0000] {core_li.py:23} INFO - Successfully updated job requisition 66db04abbf0a19d8769e73f6
[2024-09-06T17:43:08.248+0000] {core_li.py:23} INFO - Successfully updated job requisition 66db04abbf0a19d8769e73f8
[2024-09-06T17:43:08.255+0000] {core_li.py:23} INFO - Successfully updated job requisition 66db04abbf0a19d8769e73fa
[2024-09-06T17:43:08.270+0000] {core_li.py:23} INFO - Successfully updated job requisition 66db04abbf0a19d8769e73fc
[2024-09-06T17:43:08.282+0000] {core_li.py:23} INFO - Successfully updated job requisition 66db04abbf0a19d8769e73fe
[2024-09-06T17:43:08.288+0000] {core_li.py:23} INFO - Successfully updated job requisition 66db04abbf0a19d8769e7400
[2024-09-06T17:43:08.300+0000] {core_li.py:23} INFO - Successfully updated job requisition 66db04abbf0a19d8769e7402
[2024-09-06T17:43:08.311+0000] {core_li.py:23} INFO - Successfully updated job requisition 66db04abbf0a19d8769e7404
[2024-09-06T17:43:08.318+0000] {core_li.py:23} INFO - Successfully updated job requisition 66db04abbf0a19d8769e7406
[2024-09-06T17:43:08.327+0000] {core_li.py:23} INFO - Successfully updated job requisition 66db04abbf0a19d8769e7408
[2024-09-06T17:43:08.339+0000] {core_li.py:23} INFO - Successfully updated job requisition 66db04abbf0a19d8769e740a
[2024-09-06T17:43:08.347+0000] {core_li.py:23} INFO - Successfully updated job requisition 66db04abbf0a19d8769e740c
[2024-09-06T17:43:08.355+0000] {core_li.py:23} INFO - Successfully updated job requisition 66db04abbf0a19d8769e740e
[2024-09-06T17:43:08.361+0000] {core_li.py:23} INFO - Successfully updated job requisition 66db04abbf0a19d8769e7410
[2024-09-06T17:43:08.368+0000] {core_li.py:23} INFO - Successfully updated job requisition 66db04abbf0a19d8769e7412
[2024-09-06T17:43:08.377+0000] {core_li.py:23} INFO - Successfully updated job requisition 66db04abbf0a19d8769e7414
[2024-09-06T17:43:08.384+0000] {core_li.py:23} INFO - Successfully updated job requisition 66db04abbf0a19d8769e7416
[2024-09-06T17:43:08.391+0000] {core_li.py:23} INFO - Successfully updated job requisition 66db04abbf0a19d8769e7418
[2024-09-06T17:43:08.400+0000] {core_li.py:23} INFO - Successfully updated job requisition 66db04abbf0a19d8769e741a
[2024-09-06T17:43:08.412+0000] {core_li.py:23} INFO - Successfully updated job requisition 66db04abbf0a19d8769e741c
[2024-09-06T17:43:08.422+0000] {core_li.py:23} INFO - Successfully updated job requisition 66db04abbf0a19d8769e741e
[2024-09-06T17:43:08.433+0000] {core_li.py:23} INFO - Successfully updated job requisition 66db04abbf0a19d8769e7420
[2024-09-06T17:43:08.450+0000] {core_li.py:23} INFO - Successfully updated job requisition 66db04abbf0a19d8769e7422
[2024-09-06T17:43:08.458+0000] {core_li.py:23} INFO - Successfully updated job requisition 66db04abbf0a19d8769e7424
[2024-09-06T17:43:08.484+0000] {core_li.py:23} INFO - Successfully updated job requisition 66db04abbf0a19d8769e7426
[2024-09-06T17:43:08.503+0000] {core_li.py:23} INFO - Successfully updated job requisition 66db04abbf0a19d8769e7428
[2024-09-06T17:43:08.510+0000] {core_li.py:23} INFO - Successfully updated job requisition 66db04abbf0a19d8769e742a
[2024-09-06T17:43:08.518+0000] {core_li.py:23} INFO - Successfully updated job requisition 66db04abbf0a19d8769e742c
[2024-09-06T17:43:08.541+0000] {core_li.py:23} INFO - Successfully updated job requisition 66db04abbf0a19d8769e742e
[2024-09-06T17:43:08.556+0000] {core_li.py:23} INFO - Successfully updated job requisition 66db04abbf0a19d8769e7430
[2024-09-06T17:43:08.564+0000] {core_li.py:23} INFO - Successfully updated job requisition 66db04abbf0a19d8769e7432
[2024-09-06T17:43:08.573+0000] {core_li.py:23} INFO - Successfully updated job requisition 66db04abbf0a19d8769e7434
[2024-09-06T17:43:08.586+0000] {core_li.py:23} INFO - Successfully updated job requisition 66db04abbf0a19d8769e7436
[2024-09-06T17:43:08.598+0000] {core_li.py:23} INFO - Successfully updated job requisition 66db04abbf0a19d8769e7438
[2024-09-06T17:43:08.606+0000] {core_li.py:23} INFO - Successfully updated job requisition 66db04abbf0a19d8769e743a
[2024-09-06T17:43:08.614+0000] {core_li.py:23} INFO - Successfully updated job requisition 66db04abbf0a19d8769e743c
[2024-09-06T17:43:08.624+0000] {core_li.py:23} INFO - Successfully updated job requisition 66db04abbf0a19d8769e743e
[2024-09-06T17:43:08.630+0000] {core_li.py:23} INFO - Successfully updated job requisition 66db04abbf0a19d8769e7440
[2024-09-06T17:43:08.637+0000] {core_li.py:23} INFO - Successfully updated job requisition 66db04abbf0a19d8769e7442
[2024-09-06T17:43:08.646+0000] {core_li.py:23} INFO - Successfully updated job requisition 66db04abbf0a19d8769e7444
[2024-09-06T17:43:08.665+0000] {core_li.py:23} INFO - Successfully updated job requisition 66db04abbf0a19d8769e7446
[2024-09-06T17:43:08.673+0000] {core_li.py:23} INFO - Successfully updated job requisition 66db04abbf0a19d8769e7448
[2024-09-06T17:43:08.681+0000] {core_li.py:23} INFO - Successfully updated job requisition 66db04abbf0a19d8769e744a
[2024-09-06T17:43:08.687+0000] {core_li.py:23} INFO - Successfully updated job requisition 66db04abbf0a19d8769e744c
[2024-09-06T17:43:08.693+0000] {core_li.py:23} INFO - Successfully updated job requisition 66db04abbf0a19d8769e744e
[2024-09-06T17:43:08.702+0000] {core_li.py:23} INFO - Successfully updated job requisition 66db04abbf0a19d8769e7450
[2024-09-06T17:43:08.706+0000] {core_li.py:23} INFO - Successfully updated job requisition 66db04abbf0a19d8769e7452
[2024-09-06T17:43:08.713+0000] {core_li.py:23} INFO - Successfully updated job requisition 66db04abbf0a19d8769e7454
[2024-09-06T17:43:08.718+0000] {core_li.py:23} INFO - Successfully updated job requisition 66db04abbf0a19d8769e7456
[2024-09-06T17:43:08.722+0000] {core_li.py:23} INFO - Successfully updated job requisition 66db04abbf0a19d8769e7458
[2024-09-06T17:43:08.727+0000] {core_li.py:23} INFO - Successfully updated job requisition 66db04abbf0a19d8769e745a
[2024-09-06T17:43:08.733+0000] {core_li.py:23} INFO - Successfully updated job requisition 66db04abbf0a19d8769e745c
[2024-09-06T17:43:08.739+0000] {core_li.py:23} INFO - Successfully updated job requisition 66db04abbf0a19d8769e745e
[2024-09-06T17:43:08.744+0000] {core_li.py:23} INFO - Successfully updated job requisition 66db04abbf0a19d8769e7460
[2024-09-06T17:43:08.744+0000] {python.py:240} INFO - Done. Returned value was: 100
[2024-09-06T17:43:08.760+0000] {taskinstance.py:340} INFO - ::group::Post task execution logs
[2024-09-06T17:43:08.761+0000] {taskinstance.py:352} INFO - Marking task as SUCCESS. dag_id=async_flow, task_id=task_backfill_number_of_cancelled_candidates_in_batch, run_id=manual__2024-09-06T17:43:02.727107+00:00, map_index=31, execution_date=20240906T174302, start_date=20240906T174307, end_date=20240906T174308
[2024-09-06T17:43:08.774+0000] {local_task_job_runner.py:266} INFO - Task exited with return code 0
[2024-09-06T17:43:08.793+0000] {taskinstance.py:3900} INFO - 0 downstream tasks scheduled from follow-on schedule check
[2024-09-06T17:43:08.793+0000] {local_task_job_runner.py:245} INFO - ::endgroup::
