[2024-09-06T17:47:34.892+0000] {local_task_job_runner.py:123} INFO - ::group::Pre task execution logs
[2024-09-06T17:47:34.959+0000] {taskinstance.py:2612} INFO - Dependencies all met for dep_context=non-requeueable deps ti=<TaskInstance: async_flow.task_backfill_number_of_cancelled_candidates_in_batch manual__2024-09-06T17:47:30.120511+00:00 map_index=25 [queued]>
[2024-09-06T17:47:34.986+0000] {taskinstance.py:2612} INFO - Dependencies all met for dep_context=requeueable deps ti=<TaskInstance: async_flow.task_backfill_number_of_cancelled_candidates_in_batch manual__2024-09-06T17:47:30.120511+00:00 map_index=25 [queued]>
[2024-09-06T17:47:34.988+0000] {taskinstance.py:2865} INFO - Starting attempt 1 of 1
[2024-09-06T17:47:35.017+0000] {taskinstance.py:2888} INFO - Executing <Mapped(_PythonDecoratedOperator): task_backfill_number_of_cancelled_candidates_in_batch> on 2024-09-06 17:47:30.120511+00:00
[2024-09-06T17:47:35.030+0000] {warnings.py:112} WARNING - /home/***/.local/lib/python3.12/site-packages/***/task/task_runner/standard_task_runner.py:70: DeprecationWarning: This process (pid=1148) is multi-threaded, use of fork() may lead to deadlocks in the child.
  pid = os.fork()

[2024-09-06T17:47:35.037+0000] {standard_task_runner.py:72} INFO - Started process 1221 to run task
[2024-09-06T17:47:35.041+0000] {standard_task_runner.py:104} INFO - Running: ['***', 'tasks', 'run', 'async_flow', 'task_backfill_number_of_cancelled_candidates_in_batch', 'manual__2024-09-06T17:47:30.120511+00:00', '--job-id', '352', '--raw', '--subdir', 'DAGS_FOLDER/dags_async_flow.py', '--cfg-path', '/tmp/tmpyk6tlaa6', '--map-index', '25']
[2024-09-06T17:47:35.042+0000] {standard_task_runner.py:105} INFO - Job 352: Subtask task_backfill_number_of_cancelled_candidates_in_batch
[2024-09-06T17:47:35.130+0000] {task_command.py:467} INFO - Running <TaskInstance: async_flow.task_backfill_number_of_cancelled_candidates_in_batch manual__2024-09-06T17:47:30.120511+00:00 map_index=25 [running]> on host 0817eb6c24af
[2024-09-06T17:47:35.343+0000] {taskinstance.py:3131} INFO - Exporting env vars: AIRFLOW_CTX_DAG_OWNER='***' AIRFLOW_CTX_DAG_ID='async_flow' AIRFLOW_CTX_TASK_ID='task_backfill_number_of_cancelled_candidates_in_batch' AIRFLOW_CTX_EXECUTION_DATE='2024-09-06T17:47:30.120511+00:00' AIRFLOW_CTX_TRY_NUMBER='1' AIRFLOW_CTX_DAG_RUN_ID='manual__2024-09-06T17:47:30.120511+00:00'
[2024-09-06T17:47:35.344+0000] {taskinstance.py:731} INFO - ::endgroup::
[2024-09-06T17:47:35.369+0000] {core_li.py:23} INFO - Successfully updated job requisition 66db04abbf0a19d8769e7b6a
[2024-09-06T17:47:35.380+0000] {core_li.py:23} INFO - Successfully updated job requisition 66db04abbf0a19d8769e7b6c
[2024-09-06T17:47:35.393+0000] {core_li.py:23} INFO - Successfully updated job requisition 66db04abbf0a19d8769e7b6e
[2024-09-06T17:47:35.405+0000] {core_li.py:23} INFO - Successfully updated job requisition 66db04abbf0a19d8769e7b70
[2024-09-06T17:47:35.419+0000] {core_li.py:23} INFO - Successfully updated job requisition 66db04abbf0a19d8769e7b72
[2024-09-06T17:47:35.432+0000] {core_li.py:23} INFO - Successfully updated job requisition 66db04abbf0a19d8769e7b74
[2024-09-06T17:47:35.441+0000] {core_li.py:23} INFO - Successfully updated job requisition 66db04abbf0a19d8769e7b76
[2024-09-06T17:47:35.450+0000] {core_li.py:23} INFO - Successfully updated job requisition 66db04abbf0a19d8769e7b78
[2024-09-06T17:47:35.460+0000] {core_li.py:23} INFO - Successfully updated job requisition 66db04abbf0a19d8769e7b7a
[2024-09-06T17:47:35.475+0000] {core_li.py:23} INFO - Successfully updated job requisition 66db04abbf0a19d8769e7b7c
[2024-09-06T17:47:35.489+0000] {core_li.py:23} INFO - Successfully updated job requisition 66db04abbf0a19d8769e7b7e
[2024-09-06T17:47:35.499+0000] {core_li.py:23} INFO - Successfully updated job requisition 66db04abbf0a19d8769e7b80
[2024-09-06T17:47:35.508+0000] {core_li.py:23} INFO - Successfully updated job requisition 66db04abbf0a19d8769e7b82
[2024-09-06T17:47:35.524+0000] {core_li.py:23} INFO - Successfully updated job requisition 66db04abbf0a19d8769e7b84
[2024-09-06T17:47:35.536+0000] {core_li.py:23} INFO - Successfully updated job requisition 66db04abbf0a19d8769e7b86
[2024-09-06T17:47:35.543+0000] {core_li.py:23} INFO - Successfully updated job requisition 66db04abbf0a19d8769e7b88
[2024-09-06T17:47:35.558+0000] {core_li.py:23} INFO - Successfully updated job requisition 66db04abbf0a19d8769e7b8a
[2024-09-06T17:47:35.575+0000] {core_li.py:23} INFO - Successfully updated job requisition 66db04abbf0a19d8769e7b8c
[2024-09-06T17:47:35.583+0000] {core_li.py:23} INFO - Successfully updated job requisition 66db04abbf0a19d8769e7b8e
[2024-09-06T17:47:35.594+0000] {core_li.py:23} INFO - Successfully updated job requisition 66db04abbf0a19d8769e7b90
[2024-09-06T17:47:35.600+0000] {core_li.py:23} INFO - Successfully updated job requisition 66db04abbf0a19d8769e7b92
[2024-09-06T17:47:35.607+0000] {core_li.py:23} INFO - Successfully updated job requisition 66db04abbf0a19d8769e7b94
[2024-09-06T17:47:35.614+0000] {core_li.py:23} INFO - Successfully updated job requisition 66db04abbf0a19d8769e7b96
[2024-09-06T17:47:35.622+0000] {core_li.py:23} INFO - Successfully updated job requisition 66db04abbf0a19d8769e7b98
[2024-09-06T17:47:35.635+0000] {core_li.py:23} INFO - Successfully updated job requisition 66db04abbf0a19d8769e7b9a
[2024-09-06T17:47:35.642+0000] {core_li.py:23} INFO - Successfully updated job requisition 66db04abbf0a19d8769e7b9c
[2024-09-06T17:47:35.650+0000] {core_li.py:23} INFO - Successfully updated job requisition 66db04abbf0a19d8769e7b9e
[2024-09-06T17:47:35.660+0000] {core_li.py:23} INFO - Successfully updated job requisition 66db04abbf0a19d8769e7ba0
[2024-09-06T17:47:35.675+0000] {core_li.py:23} INFO - Successfully updated job requisition 66db04abbf0a19d8769e7ba2
[2024-09-06T17:47:35.691+0000] {core_li.py:23} INFO - Successfully updated job requisition 66db04abbf0a19d8769e7ba4
[2024-09-06T17:47:35.703+0000] {core_li.py:23} INFO - Successfully updated job requisition 66db04abbf0a19d8769e7ba6
[2024-09-06T17:47:35.714+0000] {core_li.py:23} INFO - Successfully updated job requisition 66db04abbf0a19d8769e7ba8
[2024-09-06T17:47:35.730+0000] {core_li.py:23} INFO - Successfully updated job requisition 66db04abbf0a19d8769e7baa
[2024-09-06T17:47:35.747+0000] {core_li.py:23} INFO - Successfully updated job requisition 66db04abbf0a19d8769e7bac
[2024-09-06T17:47:35.759+0000] {core_li.py:23} INFO - Successfully updated job requisition 66db04abbf0a19d8769e7bae
[2024-09-06T17:47:35.774+0000] {core_li.py:23} INFO - Successfully updated job requisition 66db04abbf0a19d8769e7bb0
[2024-09-06T17:47:35.782+0000] {core_li.py:23} INFO - Successfully updated job requisition 66db04abbf0a19d8769e7bb2
[2024-09-06T17:47:35.791+0000] {core_li.py:23} INFO - Successfully updated job requisition 66db04abbf0a19d8769e7bb4
[2024-09-06T17:47:35.801+0000] {core_li.py:23} INFO - Successfully updated job requisition 66db04abbf0a19d8769e7bb6
[2024-09-06T17:47:35.811+0000] {core_li.py:23} INFO - Successfully updated job requisition 66db04abbf0a19d8769e7bb8
[2024-09-06T17:47:35.822+0000] {core_li.py:23} INFO - Successfully updated job requisition 66db04abbf0a19d8769e7bba
[2024-09-06T17:47:35.838+0000] {core_li.py:23} INFO - Successfully updated job requisition 66db04abbf0a19d8769e7bbc
[2024-09-06T17:47:35.850+0000] {core_li.py:23} INFO - Successfully updated job requisition 66db04abbf0a19d8769e7bbe
[2024-09-06T17:47:35.866+0000] {core_li.py:23} INFO - Successfully updated job requisition 66db04abbf0a19d8769e7bc0
[2024-09-06T17:47:35.874+0000] {core_li.py:23} INFO - Successfully updated job requisition 66db04abbf0a19d8769e7bc2
[2024-09-06T17:47:35.887+0000] {core_li.py:23} INFO - Successfully updated job requisition 66db04abbf0a19d8769e7bc4
[2024-09-06T17:47:35.900+0000] {core_li.py:23} INFO - Successfully updated job requisition 66db04abbf0a19d8769e7bc6
[2024-09-06T17:47:35.910+0000] {core_li.py:23} INFO - Successfully updated job requisition 66db04abbf0a19d8769e7bc8
[2024-09-06T17:47:35.919+0000] {core_li.py:23} INFO - Successfully updated job requisition 66db04abbf0a19d8769e7bca
[2024-09-06T17:47:35.933+0000] {core_li.py:23} INFO - Successfully updated job requisition 66db04abbf0a19d8769e7bcc
[2024-09-06T17:47:35.946+0000] {core_li.py:23} INFO - Successfully updated job requisition 66db04abbf0a19d8769e7bce
[2024-09-06T17:47:35.958+0000] {core_li.py:23} INFO - Successfully updated job requisition 66db04abbf0a19d8769e7bd0
[2024-09-06T17:47:35.974+0000] {core_li.py:23} INFO - Successfully updated job requisition 66db04abbf0a19d8769e7bd2
[2024-09-06T17:47:35.983+0000] {core_li.py:23} INFO - Successfully updated job requisition 66db04abbf0a19d8769e7bd4
[2024-09-06T17:47:35.995+0000] {core_li.py:23} INFO - Successfully updated job requisition 66db04abbf0a19d8769e7bd6
[2024-09-06T17:47:36.007+0000] {core_li.py:23} INFO - Successfully updated job requisition 66db04abbf0a19d8769e7bd8
[2024-09-06T17:47:36.029+0000] {core_li.py:23} INFO - Successfully updated job requisition 66db04abbf0a19d8769e7bda
[2024-09-06T17:47:36.038+0000] {core_li.py:23} INFO - Successfully updated job requisition 66db04abbf0a19d8769e7bdc
[2024-09-06T17:47:36.051+0000] {core_li.py:23} INFO - Successfully updated job requisition 66db04abbf0a19d8769e7bde
[2024-09-06T17:47:36.060+0000] {core_li.py:23} INFO - Successfully updated job requisition 66db04abbf0a19d8769e7be0
[2024-09-06T17:47:36.070+0000] {core_li.py:23} INFO - Successfully updated job requisition 66db04abbf0a19d8769e7be2
[2024-09-06T17:47:36.081+0000] {core_li.py:23} INFO - Successfully updated job requisition 66db04abbf0a19d8769e7be4
[2024-09-06T17:47:36.092+0000] {core_li.py:23} INFO - Successfully updated job requisition 66db04abbf0a19d8769e7be6
[2024-09-06T17:47:36.102+0000] {core_li.py:23} INFO - Successfully updated job requisition 66db04abbf0a19d8769e7be8
[2024-09-06T17:47:36.111+0000] {core_li.py:23} INFO - Successfully updated job requisition 66db04abbf0a19d8769e7bea
[2024-09-06T17:47:36.121+0000] {core_li.py:23} INFO - Successfully updated job requisition 66db04abbf0a19d8769e7bec
[2024-09-06T17:47:36.130+0000] {core_li.py:23} INFO - Successfully updated job requisition 66db04abbf0a19d8769e7bee
[2024-09-06T17:47:36.138+0000] {core_li.py:23} INFO - Successfully updated job requisition 66db04abbf0a19d8769e7bf0
[2024-09-06T17:47:36.147+0000] {core_li.py:23} INFO - Successfully updated job requisition 66db04abbf0a19d8769e7bf2
[2024-09-06T17:47:36.161+0000] {core_li.py:23} INFO - Successfully updated job requisition 66db04abbf0a19d8769e7bf4
[2024-09-06T17:47:36.177+0000] {core_li.py:23} INFO - Successfully updated job requisition 66db04abbf0a19d8769e7bf6
[2024-09-06T17:47:36.202+0000] {core_li.py:23} INFO - Successfully updated job requisition 66db04abbf0a19d8769e7bf8
[2024-09-06T17:47:36.220+0000] {core_li.py:23} INFO - Successfully updated job requisition 66db04abbf0a19d8769e7bfa
[2024-09-06T17:47:36.240+0000] {core_li.py:23} INFO - Successfully updated job requisition 66db04abbf0a19d8769e7bfc
[2024-09-06T17:47:36.256+0000] {core_li.py:23} INFO - Successfully updated job requisition 66db04abbf0a19d8769e7bfe
[2024-09-06T17:47:36.272+0000] {core_li.py:23} INFO - Successfully updated job requisition 66db04abbf0a19d8769e7c00
[2024-09-06T17:47:36.285+0000] {core_li.py:23} INFO - Successfully updated job requisition 66db04abbf0a19d8769e7c02
[2024-09-06T17:47:36.294+0000] {core_li.py:23} INFO - Successfully updated job requisition 66db04abbf0a19d8769e7c04
[2024-09-06T17:47:36.309+0000] {core_li.py:23} INFO - Successfully updated job requisition 66db04abbf0a19d8769e7c06
[2024-09-06T17:47:36.320+0000] {core_li.py:23} INFO - Successfully updated job requisition 66db04abbf0a19d8769e7c08
[2024-09-06T17:47:36.333+0000] {core_li.py:23} INFO - Successfully updated job requisition 66db04abbf0a19d8769e7c0a
[2024-09-06T17:47:36.344+0000] {core_li.py:23} INFO - Successfully updated job requisition 66db04abbf0a19d8769e7c0c
[2024-09-06T17:47:36.355+0000] {core_li.py:23} INFO - Successfully updated job requisition 66db04abbf0a19d8769e7c0e
[2024-09-06T17:47:36.385+0000] {core_li.py:23} INFO - Successfully updated job requisition 66db04abbf0a19d8769e7c10
[2024-09-06T17:47:36.408+0000] {core_li.py:23} INFO - Successfully updated job requisition 66db04abbf0a19d8769e7c12
[2024-09-06T17:47:36.418+0000] {core_li.py:23} INFO - Successfully updated job requisition 66db04abbf0a19d8769e7c14
[2024-09-06T17:47:36.427+0000] {core_li.py:23} INFO - Successfully updated job requisition 66db04abbf0a19d8769e7c16
[2024-09-06T17:47:36.439+0000] {core_li.py:23} INFO - Successfully updated job requisition 66db04abbf0a19d8769e7c18
[2024-09-06T17:47:36.447+0000] {core_li.py:23} INFO - Successfully updated job requisition 66db04abbf0a19d8769e7c1a
[2024-09-06T17:47:36.455+0000] {core_li.py:23} INFO - Successfully updated job requisition 66db04abbf0a19d8769e7c1c
[2024-09-06T17:47:36.466+0000] {core_li.py:23} INFO - Successfully updated job requisition 66db04abbf0a19d8769e7c1e
[2024-09-06T17:47:36.475+0000] {core_li.py:23} INFO - Successfully updated job requisition 66db04abbf0a19d8769e7c20
[2024-09-06T17:47:36.488+0000] {core_li.py:23} INFO - Successfully updated job requisition 66db04abbf0a19d8769e7c22
[2024-09-06T17:47:36.495+0000] {core_li.py:23} INFO - Successfully updated job requisition 66db04abbf0a19d8769e7c24
[2024-09-06T17:47:36.511+0000] {core_li.py:23} INFO - Successfully updated job requisition 66db04abbf0a19d8769e7c26
[2024-09-06T17:47:36.519+0000] {core_li.py:23} INFO - Successfully updated job requisition 66db04abbf0a19d8769e7c28
[2024-09-06T17:47:36.528+0000] {core_li.py:23} INFO - Successfully updated job requisition 66db04abbf0a19d8769e7c2a
[2024-09-06T17:47:36.536+0000] {core_li.py:23} INFO - Successfully updated job requisition 66db04abbf0a19d8769e7c2c
[2024-09-06T17:47:36.549+0000] {core_li.py:23} INFO - Successfully updated job requisition 66db04abbf0a19d8769e7c2e
[2024-09-06T17:47:36.563+0000] {core_li.py:23} INFO - Successfully updated job requisition 66db04abbf0a19d8769e7c30
[2024-09-06T17:47:36.564+0000] {python.py:240} INFO - Done. Returned value was: 100
[2024-09-06T17:47:36.613+0000] {taskinstance.py:340} INFO - ::group::Post task execution logs
[2024-09-06T17:47:36.614+0000] {taskinstance.py:352} INFO - Marking task as SUCCESS. dag_id=async_flow, task_id=task_backfill_number_of_cancelled_candidates_in_batch, run_id=manual__2024-09-06T17:47:30.120511+00:00, map_index=25, execution_date=20240906T174730, start_date=20240906T174734, end_date=20240906T174736
[2024-09-06T17:47:36.669+0000] {local_task_job_runner.py:266} INFO - Task exited with return code 0
[2024-09-06T17:47:36.675+0000] {local_task_job_runner.py:245} INFO - ::endgroup::
