[2024-09-06T17:29:45.208+0000] {local_task_job_runner.py:123} INFO - ::group::Pre task execution logs
[2024-09-06T17:29:45.230+0000] {taskinstance.py:2612} INFO - Dependencies all met for dep_context=non-requeueable deps ti=<TaskInstance: async_flow.task_backfill_number_of_cancelled_candidates_in_batch manual__2024-09-06T17:29:39.458358+00:00 map_index=27 [queued]>
[2024-09-06T17:29:45.242+0000] {taskinstance.py:2612} INFO - Dependencies all met for dep_context=requeueable deps ti=<TaskInstance: async_flow.task_backfill_number_of_cancelled_candidates_in_batch manual__2024-09-06T17:29:39.458358+00:00 map_index=27 [queued]>
[2024-09-06T17:29:45.244+0000] {taskinstance.py:2865} INFO - Starting attempt 1 of 1
[2024-09-06T17:29:45.309+0000] {taskinstance.py:2888} INFO - Executing <Mapped(_PythonDecoratedOperator): task_backfill_number_of_cancelled_candidates_in_batch> on 2024-09-06 17:29:39.458358+00:00
[2024-09-06T17:29:45.313+0000] {warnings.py:112} WARNING - /home/***/.local/lib/python3.12/site-packages/***/task/task_runner/standard_task_runner.py:70: DeprecationWarning: This process (pid=3220) is multi-threaded, use of fork() may lead to deadlocks in the child.
  pid = os.fork()

[2024-09-06T17:29:45.317+0000] {standard_task_runner.py:72} INFO - Started process 3288 to run task
[2024-09-06T17:29:45.316+0000] {standard_task_runner.py:104} INFO - Running: ['***', 'tasks', 'run', 'async_flow', 'task_backfill_number_of_cancelled_candidates_in_batch', 'manual__2024-09-06T17:29:39.458358+00:00', '--job-id', '142', '--raw', '--subdir', 'DAGS_FOLDER/dags_async_flow.py', '--cfg-path', '/tmp/tmpxw55qej_', '--map-index', '27']
[2024-09-06T17:29:45.321+0000] {standard_task_runner.py:105} INFO - Job 142: Subtask task_backfill_number_of_cancelled_candidates_in_batch
[2024-09-06T17:29:45.415+0000] {task_command.py:467} INFO - Running <TaskInstance: async_flow.task_backfill_number_of_cancelled_candidates_in_batch manual__2024-09-06T17:29:39.458358+00:00 map_index=27 [running]> on host a3a5f1897683
[2024-09-06T17:29:45.594+0000] {taskinstance.py:3131} INFO - Exporting env vars: AIRFLOW_CTX_DAG_OWNER='***' AIRFLOW_CTX_DAG_ID='async_flow' AIRFLOW_CTX_TASK_ID='task_backfill_number_of_cancelled_candidates_in_batch' AIRFLOW_CTX_EXECUTION_DATE='2024-09-06T17:29:39.458358+00:00' AIRFLOW_CTX_TRY_NUMBER='1' AIRFLOW_CTX_DAG_RUN_ID='manual__2024-09-06T17:29:39.458358+00:00'
[2024-09-06T17:29:45.596+0000] {taskinstance.py:731} INFO - ::endgroup::
[2024-09-06T17:29:45.629+0000] {core_li.py:23} INFO - Successfully updated job requisition 66db04acbf0a19d8769e7cfa
[2024-09-06T17:29:45.668+0000] {core_li.py:23} INFO - Successfully updated job requisition 66db04acbf0a19d8769e7cfc
[2024-09-06T17:29:45.689+0000] {core_li.py:23} INFO - Successfully updated job requisition 66db04acbf0a19d8769e7cfe
[2024-09-06T17:29:45.705+0000] {core_li.py:23} INFO - Successfully updated job requisition 66db04acbf0a19d8769e7d00
[2024-09-06T17:29:45.719+0000] {core_li.py:23} INFO - Successfully updated job requisition 66db04acbf0a19d8769e7d02
[2024-09-06T17:29:45.736+0000] {core_li.py:23} INFO - Successfully updated job requisition 66db04acbf0a19d8769e7d04
[2024-09-06T17:29:45.763+0000] {core_li.py:23} INFO - Successfully updated job requisition 66db04acbf0a19d8769e7d06
[2024-09-06T17:29:45.774+0000] {core_li.py:23} INFO - Successfully updated job requisition 66db04acbf0a19d8769e7d08
[2024-09-06T17:29:45.789+0000] {core_li.py:23} INFO - Successfully updated job requisition 66db04acbf0a19d8769e7d0a
[2024-09-06T17:29:45.797+0000] {core_li.py:23} INFO - Successfully updated job requisition 66db04acbf0a19d8769e7d0c
[2024-09-06T17:29:45.806+0000] {core_li.py:23} INFO - Successfully updated job requisition 66db04acbf0a19d8769e7d0e
[2024-09-06T17:29:45.816+0000] {core_li.py:23} INFO - Successfully updated job requisition 66db04acbf0a19d8769e7d10
[2024-09-06T17:29:45.829+0000] {core_li.py:23} INFO - Successfully updated job requisition 66db04acbf0a19d8769e7d12
[2024-09-06T17:29:45.841+0000] {core_li.py:23} INFO - Successfully updated job requisition 66db04acbf0a19d8769e7d14
[2024-09-06T17:29:45.852+0000] {core_li.py:23} INFO - Successfully updated job requisition 66db04acbf0a19d8769e7d16
[2024-09-06T17:29:45.863+0000] {core_li.py:23} INFO - Successfully updated job requisition 66db04acbf0a19d8769e7d18
[2024-09-06T17:29:45.873+0000] {core_li.py:23} INFO - Successfully updated job requisition 66db04acbf0a19d8769e7d1a
[2024-09-06T17:29:45.882+0000] {core_li.py:23} INFO - Successfully updated job requisition 66db04acbf0a19d8769e7d1c
[2024-09-06T17:29:45.892+0000] {core_li.py:23} INFO - Successfully updated job requisition 66db04acbf0a19d8769e7d1e
[2024-09-06T17:29:45.905+0000] {core_li.py:23} INFO - Successfully updated job requisition 66db04acbf0a19d8769e7d20
[2024-09-06T17:29:45.919+0000] {core_li.py:23} INFO - Successfully updated job requisition 66db04acbf0a19d8769e7d22
[2024-09-06T17:29:45.932+0000] {core_li.py:23} INFO - Successfully updated job requisition 66db04acbf0a19d8769e7d24
[2024-09-06T17:29:45.946+0000] {core_li.py:23} INFO - Successfully updated job requisition 66db04acbf0a19d8769e7d26
[2024-09-06T17:29:45.955+0000] {core_li.py:23} INFO - Successfully updated job requisition 66db04acbf0a19d8769e7d28
[2024-09-06T17:29:45.965+0000] {core_li.py:23} INFO - Successfully updated job requisition 66db04acbf0a19d8769e7d2a
[2024-09-06T17:29:45.976+0000] {core_li.py:23} INFO - Successfully updated job requisition 66db04acbf0a19d8769e7d2c
[2024-09-06T17:29:45.984+0000] {core_li.py:23} INFO - Successfully updated job requisition 66db04acbf0a19d8769e7d2e
[2024-09-06T17:29:45.993+0000] {core_li.py:23} INFO - Successfully updated job requisition 66db04acbf0a19d8769e7d30
[2024-09-06T17:29:46.002+0000] {core_li.py:23} INFO - Successfully updated job requisition 66db04acbf0a19d8769e7d32
[2024-09-06T17:29:46.014+0000] {core_li.py:23} INFO - Successfully updated job requisition 66db04acbf0a19d8769e7d34
[2024-09-06T17:29:46.028+0000] {core_li.py:23} INFO - Successfully updated job requisition 66db04acbf0a19d8769e7d36
[2024-09-06T17:29:46.037+0000] {core_li.py:23} INFO - Successfully updated job requisition 66db04acbf0a19d8769e7d38
[2024-09-06T17:29:46.047+0000] {core_li.py:23} INFO - Successfully updated job requisition 66db04acbf0a19d8769e7d3a
[2024-09-06T17:29:46.058+0000] {core_li.py:23} INFO - Successfully updated job requisition 66db04acbf0a19d8769e7d3c
[2024-09-06T17:29:46.067+0000] {core_li.py:23} INFO - Successfully updated job requisition 66db04acbf0a19d8769e7d3e
[2024-09-06T17:29:46.078+0000] {core_li.py:23} INFO - Successfully updated job requisition 66db04acbf0a19d8769e7d40
[2024-09-06T17:29:46.089+0000] {core_li.py:23} INFO - Successfully updated job requisition 66db04acbf0a19d8769e7d42
[2024-09-06T17:29:46.106+0000] {core_li.py:23} INFO - Successfully updated job requisition 66db04acbf0a19d8769e7d44
[2024-09-06T17:29:46.122+0000] {core_li.py:23} INFO - Successfully updated job requisition 66db04acbf0a19d8769e7d46
[2024-09-06T17:29:46.133+0000] {core_li.py:23} INFO - Successfully updated job requisition 66db04acbf0a19d8769e7d48
[2024-09-06T17:29:46.145+0000] {core_li.py:23} INFO - Successfully updated job requisition 66db04acbf0a19d8769e7d4a
[2024-09-06T17:29:46.157+0000] {core_li.py:23} INFO - Successfully updated job requisition 66db04acbf0a19d8769e7d4c
[2024-09-06T17:29:46.171+0000] {core_li.py:23} INFO - Successfully updated job requisition 66db04acbf0a19d8769e7d4e
[2024-09-06T17:29:46.181+0000] {core_li.py:23} INFO - Successfully updated job requisition 66db04acbf0a19d8769e7d50
[2024-09-06T17:29:46.191+0000] {core_li.py:23} INFO - Successfully updated job requisition 66db04acbf0a19d8769e7d52
[2024-09-06T17:29:46.204+0000] {core_li.py:23} INFO - Successfully updated job requisition 66db04acbf0a19d8769e7d54
[2024-09-06T17:29:46.211+0000] {core_li.py:23} INFO - Successfully updated job requisition 66db04acbf0a19d8769e7d56
[2024-09-06T17:29:46.219+0000] {core_li.py:23} INFO - Successfully updated job requisition 66db04acbf0a19d8769e7d58
[2024-09-06T17:29:46.228+0000] {core_li.py:23} INFO - Successfully updated job requisition 66db04acbf0a19d8769e7d5a
[2024-09-06T17:29:46.238+0000] {core_li.py:23} INFO - Successfully updated job requisition 66db04acbf0a19d8769e7d5c
[2024-09-06T17:29:46.249+0000] {core_li.py:23} INFO - Successfully updated job requisition 66db04acbf0a19d8769e7d5e
[2024-09-06T17:29:46.256+0000] {core_li.py:23} INFO - Successfully updated job requisition 66db04acbf0a19d8769e7d60
[2024-09-06T17:29:46.263+0000] {core_li.py:23} INFO - Successfully updated job requisition 66db04acbf0a19d8769e7d62
[2024-09-06T17:29:46.274+0000] {core_li.py:23} INFO - Successfully updated job requisition 66db04acbf0a19d8769e7d64
[2024-09-06T17:29:46.289+0000] {core_li.py:23} INFO - Successfully updated job requisition 66db04acbf0a19d8769e7d66
[2024-09-06T17:29:46.297+0000] {core_li.py:23} INFO - Successfully updated job requisition 66db04acbf0a19d8769e7d68
[2024-09-06T17:29:46.305+0000] {core_li.py:23} INFO - Successfully updated job requisition 66db04acbf0a19d8769e7d6a
[2024-09-06T17:29:46.314+0000] {core_li.py:23} INFO - Successfully updated job requisition 66db04acbf0a19d8769e7d6c
[2024-09-06T17:29:46.322+0000] {core_li.py:23} INFO - Successfully updated job requisition 66db04acbf0a19d8769e7d6e
[2024-09-06T17:29:46.330+0000] {core_li.py:23} INFO - Successfully updated job requisition 66db04acbf0a19d8769e7d70
[2024-09-06T17:29:46.342+0000] {core_li.py:23} INFO - Successfully updated job requisition 66db04acbf0a19d8769e7d72
[2024-09-06T17:29:46.356+0000] {core_li.py:23} INFO - Successfully updated job requisition 66db04acbf0a19d8769e7d74
[2024-09-06T17:29:46.364+0000] {core_li.py:23} INFO - Successfully updated job requisition 66db04acbf0a19d8769e7d76
[2024-09-06T17:29:46.375+0000] {core_li.py:23} INFO - Successfully updated job requisition 66db04acbf0a19d8769e7d78
[2024-09-06T17:29:46.384+0000] {core_li.py:23} INFO - Successfully updated job requisition 66db04acbf0a19d8769e7d7a
[2024-09-06T17:29:46.393+0000] {core_li.py:23} INFO - Successfully updated job requisition 66db04acbf0a19d8769e7d7c
[2024-09-06T17:29:46.400+0000] {core_li.py:23} INFO - Successfully updated job requisition 66db04acbf0a19d8769e7d7e
[2024-09-06T17:29:46.406+0000] {core_li.py:23} INFO - Successfully updated job requisition 66db04acbf0a19d8769e7d80
[2024-09-06T17:29:46.416+0000] {core_li.py:23} INFO - Successfully updated job requisition 66db04acbf0a19d8769e7d82
[2024-09-06T17:29:46.426+0000] {core_li.py:23} INFO - Successfully updated job requisition 66db04acbf0a19d8769e7d84
[2024-09-06T17:29:46.434+0000] {core_li.py:23} INFO - Successfully updated job requisition 66db04acbf0a19d8769e7d86
[2024-09-06T17:29:46.443+0000] {core_li.py:23} INFO - Successfully updated job requisition 66db04acbf0a19d8769e7d88
[2024-09-06T17:29:46.452+0000] {core_li.py:23} INFO - Successfully updated job requisition 66db04acbf0a19d8769e7d8a
[2024-09-06T17:29:46.460+0000] {core_li.py:23} INFO - Successfully updated job requisition 66db04acbf0a19d8769e7d8c
[2024-09-06T17:29:46.468+0000] {core_li.py:23} INFO - Successfully updated job requisition 66db04acbf0a19d8769e7d8e
[2024-09-06T17:29:46.477+0000] {core_li.py:23} INFO - Successfully updated job requisition 66db04acbf0a19d8769e7d90
[2024-09-06T17:29:46.486+0000] {core_li.py:23} INFO - Successfully updated job requisition 66db04acbf0a19d8769e7d92
[2024-09-06T17:29:46.493+0000] {core_li.py:23} INFO - Successfully updated job requisition 66db04acbf0a19d8769e7d94
[2024-09-06T17:29:46.501+0000] {core_li.py:23} INFO - Successfully updated job requisition 66db04acbf0a19d8769e7d96
[2024-09-06T17:29:46.508+0000] {core_li.py:23} INFO - Successfully updated job requisition 66db04acbf0a19d8769e7d98
[2024-09-06T17:29:46.517+0000] {core_li.py:23} INFO - Successfully updated job requisition 66db04acbf0a19d8769e7d9a
[2024-09-06T17:29:46.524+0000] {core_li.py:23} INFO - Successfully updated job requisition 66db04acbf0a19d8769e7d9c
[2024-09-06T17:29:46.532+0000] {core_li.py:23} INFO - Successfully updated job requisition 66db04acbf0a19d8769e7d9e
[2024-09-06T17:29:46.539+0000] {core_li.py:23} INFO - Successfully updated job requisition 66db04acbf0a19d8769e7da0
[2024-09-06T17:29:46.547+0000] {core_li.py:23} INFO - Successfully updated job requisition 66db04acbf0a19d8769e7da2
[2024-09-06T17:29:46.554+0000] {core_li.py:23} INFO - Successfully updated job requisition 66db04acbf0a19d8769e7da4
[2024-09-06T17:29:46.562+0000] {core_li.py:23} INFO - Successfully updated job requisition 66db04acbf0a19d8769e7da6
[2024-09-06T17:29:46.576+0000] {core_li.py:23} INFO - Successfully updated job requisition 66db04acbf0a19d8769e7da8
[2024-09-06T17:29:46.583+0000] {core_li.py:23} INFO - Successfully updated job requisition 66db04acbf0a19d8769e7daa
[2024-09-06T17:29:46.591+0000] {core_li.py:23} INFO - Successfully updated job requisition 66db04acbf0a19d8769e7dac
[2024-09-06T17:29:46.600+0000] {core_li.py:23} INFO - Successfully updated job requisition 66db04acbf0a19d8769e7dae
[2024-09-06T17:29:46.617+0000] {core_li.py:23} INFO - Successfully updated job requisition 66db04acbf0a19d8769e7db0
[2024-09-06T17:29:46.626+0000] {core_li.py:23} INFO - Successfully updated job requisition 66db04acbf0a19d8769e7db2
[2024-09-06T17:29:46.644+0000] {core_li.py:23} INFO - Successfully updated job requisition 66db04acbf0a19d8769e7db4
[2024-09-06T17:29:46.652+0000] {core_li.py:23} INFO - Successfully updated job requisition 66db04acbf0a19d8769e7db6
[2024-09-06T17:29:46.659+0000] {core_li.py:23} INFO - Successfully updated job requisition 66db04acbf0a19d8769e7db8
[2024-09-06T17:29:46.665+0000] {core_li.py:23} INFO - Successfully updated job requisition 66db04acbf0a19d8769e7dba
[2024-09-06T17:29:46.678+0000] {core_li.py:23} INFO - Successfully updated job requisition 66db04acbf0a19d8769e7dbc
[2024-09-06T17:29:46.688+0000] {core_li.py:23} INFO - Successfully updated job requisition 66db04acbf0a19d8769e7dbe
[2024-09-06T17:29:46.697+0000] {core_li.py:23} INFO - Successfully updated job requisition 66db04acbf0a19d8769e7dc0
[2024-09-06T17:29:46.698+0000] {python.py:240} INFO - Done. Returned value was: 100
[2024-09-06T17:29:46.721+0000] {taskinstance.py:340} INFO - ::group::Post task execution logs
[2024-09-06T17:29:46.723+0000] {taskinstance.py:352} INFO - Marking task as SUCCESS. dag_id=async_flow, task_id=task_backfill_number_of_cancelled_candidates_in_batch, run_id=manual__2024-09-06T17:29:39.458358+00:00, map_index=27, execution_date=20240906T172939, start_date=20240906T172945, end_date=20240906T172946
[2024-09-06T17:29:46.781+0000] {local_task_job_runner.py:266} INFO - Task exited with return code 0
[2024-09-06T17:29:46.789+0000] {local_task_job_runner.py:245} INFO - ::endgroup::
