[2024-09-06T17:43:07.314+0000] {local_task_job_runner.py:123} INFO - ::group::Pre task execution logs
[2024-09-06T17:43:07.344+0000] {taskinstance.py:2612} INFO - Dependencies all met for dep_context=non-requeueable deps ti=<TaskInstance: async_flow.task_backfill_number_of_cancelled_candidates_in_batch manual__2024-09-06T17:43:02.727107+00:00 map_index=27 [queued]>
[2024-09-06T17:43:07.355+0000] {taskinstance.py:2612} INFO - Dependencies all met for dep_context=requeueable deps ti=<TaskInstance: async_flow.task_backfill_number_of_cancelled_candidates_in_batch manual__2024-09-06T17:43:02.727107+00:00 map_index=27 [queued]>
[2024-09-06T17:43:07.366+0000] {taskinstance.py:2865} INFO - Starting attempt 1 of 1
[2024-09-06T17:43:07.406+0000] {taskinstance.py:2888} INFO - Executing <Mapped(_PythonDecoratedOperator): task_backfill_number_of_cancelled_candidates_in_batch> on 2024-09-06 17:43:02.727107+00:00
[2024-09-06T17:43:07.410+0000] {warnings.py:112} WARNING - /home/***/.local/lib/python3.12/site-packages/***/task/task_runner/standard_task_runner.py:70: DeprecationWarning: This process (pid=182) is multi-threaded, use of fork() may lead to deadlocks in the child.
  pid = os.fork()

[2024-09-06T17:43:07.414+0000] {standard_task_runner.py:72} INFO - Started process 250 to run task
[2024-09-06T17:43:07.415+0000] {standard_task_runner.py:104} INFO - Running: ['***', 'tasks', 'run', 'async_flow', 'task_backfill_number_of_cancelled_candidates_in_batch', 'manual__2024-09-06T17:43:02.727107+00:00', '--job-id', '201', '--raw', '--subdir', 'DAGS_FOLDER/dags_async_flow.py', '--cfg-path', '/tmp/tmpv_op2_n_', '--map-index', '27']
[2024-09-06T17:43:07.421+0000] {standard_task_runner.py:105} INFO - Job 201: Subtask task_backfill_number_of_cancelled_candidates_in_batch
[2024-09-06T17:43:07.492+0000] {task_command.py:467} INFO - Running <TaskInstance: async_flow.task_backfill_number_of_cancelled_candidates_in_batch manual__2024-09-06T17:43:02.727107+00:00 map_index=27 [running]> on host 0817eb6c24af
[2024-09-06T17:43:07.617+0000] {taskinstance.py:3131} INFO - Exporting env vars: AIRFLOW_CTX_DAG_OWNER='***' AIRFLOW_CTX_DAG_ID='async_flow' AIRFLOW_CTX_TASK_ID='task_backfill_number_of_cancelled_candidates_in_batch' AIRFLOW_CTX_EXECUTION_DATE='2024-09-06T17:43:02.727107+00:00' AIRFLOW_CTX_TRY_NUMBER='1' AIRFLOW_CTX_DAG_RUN_ID='manual__2024-09-06T17:43:02.727107+00:00'
[2024-09-06T17:43:07.619+0000] {taskinstance.py:731} INFO - ::endgroup::
[2024-09-06T17:43:07.630+0000] {core_li.py:23} INFO - Successfully updated job requisition 66db04abbf0a19d8769e707a
[2024-09-06T17:43:07.639+0000] {core_li.py:23} INFO - Successfully updated job requisition 66db04abbf0a19d8769e707c
[2024-09-06T17:43:07.653+0000] {core_li.py:23} INFO - Successfully updated job requisition 66db04abbf0a19d8769e707e
[2024-09-06T17:43:07.660+0000] {core_li.py:23} INFO - Successfully updated job requisition 66db04abbf0a19d8769e7080
[2024-09-06T17:43:07.674+0000] {core_li.py:23} INFO - Successfully updated job requisition 66db04abbf0a19d8769e7082
[2024-09-06T17:43:07.682+0000] {core_li.py:23} INFO - Successfully updated job requisition 66db04abbf0a19d8769e7084
[2024-09-06T17:43:07.691+0000] {core_li.py:23} INFO - Successfully updated job requisition 66db04abbf0a19d8769e7086
[2024-09-06T17:43:07.699+0000] {core_li.py:23} INFO - Successfully updated job requisition 66db04abbf0a19d8769e7088
[2024-09-06T17:43:07.712+0000] {core_li.py:23} INFO - Successfully updated job requisition 66db04abbf0a19d8769e708a
[2024-09-06T17:43:07.718+0000] {core_li.py:23} INFO - Successfully updated job requisition 66db04abbf0a19d8769e708c
[2024-09-06T17:43:07.728+0000] {core_li.py:23} INFO - Successfully updated job requisition 66db04abbf0a19d8769e708e
[2024-09-06T17:43:07.735+0000] {core_li.py:23} INFO - Successfully updated job requisition 66db04abbf0a19d8769e7090
[2024-09-06T17:43:07.741+0000] {core_li.py:23} INFO - Successfully updated job requisition 66db04abbf0a19d8769e7092
[2024-09-06T17:43:07.751+0000] {core_li.py:23} INFO - Successfully updated job requisition 66db04abbf0a19d8769e7094
[2024-09-06T17:43:07.758+0000] {core_li.py:23} INFO - Successfully updated job requisition 66db04abbf0a19d8769e7096
[2024-09-06T17:43:07.765+0000] {core_li.py:23} INFO - Successfully updated job requisition 66db04abbf0a19d8769e7098
[2024-09-06T17:43:07.772+0000] {core_li.py:23} INFO - Successfully updated job requisition 66db04abbf0a19d8769e709a
[2024-09-06T17:43:07.780+0000] {core_li.py:23} INFO - Successfully updated job requisition 66db04abbf0a19d8769e709c
[2024-09-06T17:43:07.788+0000] {core_li.py:23} INFO - Successfully updated job requisition 66db04abbf0a19d8769e709e
[2024-09-06T17:43:07.795+0000] {core_li.py:23} INFO - Successfully updated job requisition 66db04abbf0a19d8769e70a0
[2024-09-06T17:43:07.805+0000] {core_li.py:23} INFO - Successfully updated job requisition 66db04abbf0a19d8769e70a2
[2024-09-06T17:43:07.815+0000] {core_li.py:23} INFO - Successfully updated job requisition 66db04abbf0a19d8769e70a4
[2024-09-06T17:43:07.823+0000] {core_li.py:23} INFO - Successfully updated job requisition 66db04abbf0a19d8769e70a6
[2024-09-06T17:43:07.833+0000] {core_li.py:23} INFO - Successfully updated job requisition 66db04abbf0a19d8769e70a8
[2024-09-06T17:43:07.841+0000] {core_li.py:23} INFO - Successfully updated job requisition 66db04abbf0a19d8769e70aa
[2024-09-06T17:43:07.849+0000] {core_li.py:23} INFO - Successfully updated job requisition 66db04abbf0a19d8769e70ac
[2024-09-06T17:43:07.859+0000] {core_li.py:23} INFO - Successfully updated job requisition 66db04abbf0a19d8769e70ae
[2024-09-06T17:43:07.871+0000] {core_li.py:23} INFO - Successfully updated job requisition 66db04abbf0a19d8769e70b0
[2024-09-06T17:43:07.879+0000] {core_li.py:23} INFO - Successfully updated job requisition 66db04abbf0a19d8769e70b2
[2024-09-06T17:43:07.887+0000] {core_li.py:23} INFO - Successfully updated job requisition 66db04abbf0a19d8769e70b4
[2024-09-06T17:43:07.896+0000] {core_li.py:23} INFO - Successfully updated job requisition 66db04abbf0a19d8769e70b6
[2024-09-06T17:43:07.910+0000] {core_li.py:23} INFO - Successfully updated job requisition 66db04abbf0a19d8769e70b8
[2024-09-06T17:43:07.920+0000] {core_li.py:23} INFO - Successfully updated job requisition 66db04abbf0a19d8769e70ba
[2024-09-06T17:43:07.927+0000] {core_li.py:23} INFO - Successfully updated job requisition 66db04abbf0a19d8769e70bc
[2024-09-06T17:43:07.941+0000] {core_li.py:23} INFO - Successfully updated job requisition 66db04abbf0a19d8769e70be
[2024-09-06T17:43:07.951+0000] {core_li.py:23} INFO - Successfully updated job requisition 66db04abbf0a19d8769e70c0
[2024-09-06T17:43:07.957+0000] {core_li.py:23} INFO - Successfully updated job requisition 66db04abbf0a19d8769e70c2
[2024-09-06T17:43:07.964+0000] {core_li.py:23} INFO - Successfully updated job requisition 66db04abbf0a19d8769e70c4
[2024-09-06T17:43:07.970+0000] {core_li.py:23} INFO - Successfully updated job requisition 66db04abbf0a19d8769e70c6
[2024-09-06T17:43:07.979+0000] {core_li.py:23} INFO - Successfully updated job requisition 66db04abbf0a19d8769e70c8
[2024-09-06T17:43:07.985+0000] {core_li.py:23} INFO - Successfully updated job requisition 66db04abbf0a19d8769e70ca
[2024-09-06T17:43:07.992+0000] {core_li.py:23} INFO - Successfully updated job requisition 66db04abbf0a19d8769e70cc
[2024-09-06T17:43:07.999+0000] {core_li.py:23} INFO - Successfully updated job requisition 66db04abbf0a19d8769e70ce
[2024-09-06T17:43:08.007+0000] {core_li.py:23} INFO - Successfully updated job requisition 66db04abbf0a19d8769e70d0
[2024-09-06T17:43:08.014+0000] {core_li.py:23} INFO - Successfully updated job requisition 66db04abbf0a19d8769e70d2
[2024-09-06T17:43:08.022+0000] {core_li.py:23} INFO - Successfully updated job requisition 66db04abbf0a19d8769e70d4
[2024-09-06T17:43:08.029+0000] {core_li.py:23} INFO - Successfully updated job requisition 66db04abbf0a19d8769e70d6
[2024-09-06T17:43:08.039+0000] {core_li.py:23} INFO - Successfully updated job requisition 66db04abbf0a19d8769e70d8
[2024-09-06T17:43:08.045+0000] {core_li.py:23} INFO - Successfully updated job requisition 66db04abbf0a19d8769e70da
[2024-09-06T17:43:08.054+0000] {core_li.py:23} INFO - Successfully updated job requisition 66db04abbf0a19d8769e70dc
[2024-09-06T17:43:08.062+0000] {core_li.py:23} INFO - Successfully updated job requisition 66db04abbf0a19d8769e70de
[2024-09-06T17:43:08.069+0000] {core_li.py:23} INFO - Successfully updated job requisition 66db04abbf0a19d8769e70e0
[2024-09-06T17:43:08.077+0000] {core_li.py:23} INFO - Successfully updated job requisition 66db04abbf0a19d8769e70e2
[2024-09-06T17:43:08.086+0000] {core_li.py:23} INFO - Successfully updated job requisition 66db04abbf0a19d8769e70e4
[2024-09-06T17:43:08.097+0000] {core_li.py:23} INFO - Successfully updated job requisition 66db04abbf0a19d8769e70e6
[2024-09-06T17:43:08.104+0000] {core_li.py:23} INFO - Successfully updated job requisition 66db04abbf0a19d8769e70e8
[2024-09-06T17:43:08.112+0000] {core_li.py:23} INFO - Successfully updated job requisition 66db04abbf0a19d8769e70ea
[2024-09-06T17:43:08.123+0000] {core_li.py:23} INFO - Successfully updated job requisition 66db04abbf0a19d8769e70ec
[2024-09-06T17:43:08.131+0000] {core_li.py:23} INFO - Successfully updated job requisition 66db04abbf0a19d8769e70ee
[2024-09-06T17:43:08.146+0000] {core_li.py:23} INFO - Successfully updated job requisition 66db04abbf0a19d8769e70f0
[2024-09-06T17:43:08.154+0000] {core_li.py:23} INFO - Successfully updated job requisition 66db04abbf0a19d8769e70f2
[2024-09-06T17:43:08.163+0000] {core_li.py:23} INFO - Successfully updated job requisition 66db04abbf0a19d8769e70f4
[2024-09-06T17:43:08.170+0000] {core_li.py:23} INFO - Successfully updated job requisition 66db04abbf0a19d8769e70f6
[2024-09-06T17:43:08.177+0000] {core_li.py:23} INFO - Successfully updated job requisition 66db04abbf0a19d8769e70f8
[2024-09-06T17:43:08.186+0000] {core_li.py:23} INFO - Successfully updated job requisition 66db04abbf0a19d8769e70fa
[2024-09-06T17:43:08.195+0000] {core_li.py:23} INFO - Successfully updated job requisition 66db04abbf0a19d8769e70fc
[2024-09-06T17:43:08.203+0000] {core_li.py:23} INFO - Successfully updated job requisition 66db04abbf0a19d8769e70fe
[2024-09-06T17:43:08.211+0000] {core_li.py:23} INFO - Successfully updated job requisition 66db04abbf0a19d8769e7100
[2024-09-06T17:43:08.218+0000] {core_li.py:23} INFO - Successfully updated job requisition 66db04abbf0a19d8769e7102
[2024-09-06T17:43:08.226+0000] {core_li.py:23} INFO - Successfully updated job requisition 66db04abbf0a19d8769e7104
[2024-09-06T17:43:08.233+0000] {core_li.py:23} INFO - Successfully updated job requisition 66db04abbf0a19d8769e7106
[2024-09-06T17:43:08.241+0000] {core_li.py:23} INFO - Successfully updated job requisition 66db04abbf0a19d8769e7108
[2024-09-06T17:43:08.250+0000] {core_li.py:23} INFO - Successfully updated job requisition 66db04abbf0a19d8769e710a
[2024-09-06T17:43:08.264+0000] {core_li.py:23} INFO - Successfully updated job requisition 66db04abbf0a19d8769e710c
[2024-09-06T17:43:08.272+0000] {core_li.py:23} INFO - Successfully updated job requisition 66db04abbf0a19d8769e710e
[2024-09-06T17:43:08.280+0000] {core_li.py:23} INFO - Successfully updated job requisition 66db04abbf0a19d8769e7110
[2024-09-06T17:43:08.289+0000] {core_li.py:23} INFO - Successfully updated job requisition 66db04abbf0a19d8769e7112
[2024-09-06T17:43:08.295+0000] {core_li.py:23} INFO - Successfully updated job requisition 66db04abbf0a19d8769e7114
[2024-09-06T17:43:08.308+0000] {core_li.py:23} INFO - Successfully updated job requisition 66db04abbf0a19d8769e7116
[2024-09-06T17:43:08.316+0000] {core_li.py:23} INFO - Successfully updated job requisition 66db04abbf0a19d8769e7118
[2024-09-06T17:43:08.324+0000] {core_li.py:23} INFO - Successfully updated job requisition 66db04abbf0a19d8769e711a
[2024-09-06T17:43:08.339+0000] {core_li.py:23} INFO - Successfully updated job requisition 66db04abbf0a19d8769e711c
[2024-09-06T17:43:08.347+0000] {core_li.py:23} INFO - Successfully updated job requisition 66db04abbf0a19d8769e711e
[2024-09-06T17:43:08.353+0000] {core_li.py:23} INFO - Successfully updated job requisition 66db04abbf0a19d8769e7120
[2024-09-06T17:43:08.361+0000] {core_li.py:23} INFO - Successfully updated job requisition 66db04abbf0a19d8769e7122
[2024-09-06T17:43:08.368+0000] {core_li.py:23} INFO - Successfully updated job requisition 66db04abbf0a19d8769e7124
[2024-09-06T17:43:08.378+0000] {core_li.py:23} INFO - Successfully updated job requisition 66db04abbf0a19d8769e7126
[2024-09-06T17:43:08.389+0000] {core_li.py:23} INFO - Successfully updated job requisition 66db04abbf0a19d8769e7128
[2024-09-06T17:43:08.400+0000] {core_li.py:23} INFO - Successfully updated job requisition 66db04abbf0a19d8769e712a
[2024-09-06T17:43:08.411+0000] {core_li.py:23} INFO - Successfully updated job requisition 66db04abbf0a19d8769e712c
[2024-09-06T17:43:08.424+0000] {core_li.py:23} INFO - Successfully updated job requisition 66db04abbf0a19d8769e712e
[2024-09-06T17:43:08.437+0000] {core_li.py:23} INFO - Successfully updated job requisition 66db04abbf0a19d8769e7130
[2024-09-06T17:43:08.457+0000] {core_li.py:23} INFO - Successfully updated job requisition 66db04abbf0a19d8769e7132
[2024-09-06T17:43:08.484+0000] {core_li.py:23} INFO - Successfully updated job requisition 66db04abbf0a19d8769e7134
[2024-09-06T17:43:08.501+0000] {core_li.py:23} INFO - Successfully updated job requisition 66db04abbf0a19d8769e7136
[2024-09-06T17:43:08.513+0000] {core_li.py:23} INFO - Successfully updated job requisition 66db04abbf0a19d8769e7138
[2024-09-06T17:43:08.521+0000] {core_li.py:23} INFO - Successfully updated job requisition 66db04abbf0a19d8769e713a
[2024-09-06T17:43:08.542+0000] {core_li.py:23} INFO - Successfully updated job requisition 66db04abbf0a19d8769e713c
[2024-09-06T17:43:08.556+0000] {core_li.py:23} INFO - Successfully updated job requisition 66db04abbf0a19d8769e713e
[2024-09-06T17:43:08.563+0000] {core_li.py:23} INFO - Successfully updated job requisition 66db04abbf0a19d8769e7140
[2024-09-06T17:43:08.563+0000] {python.py:240} INFO - Done. Returned value was: 100
[2024-09-06T17:43:08.584+0000] {taskinstance.py:340} INFO - ::group::Post task execution logs
[2024-09-06T17:43:08.586+0000] {taskinstance.py:352} INFO - Marking task as SUCCESS. dag_id=async_flow, task_id=task_backfill_number_of_cancelled_candidates_in_batch, run_id=manual__2024-09-06T17:43:02.727107+00:00, map_index=27, execution_date=20240906T174302, start_date=20240906T174307, end_date=20240906T174308
[2024-09-06T17:43:08.641+0000] {local_task_job_runner.py:266} INFO - Task exited with return code 0
[2024-09-06T17:43:08.651+0000] {local_task_job_runner.py:245} INFO - ::endgroup::
