[2024-09-06T17:43:04.430+0000] {local_task_job_runner.py:123} INFO - ::group::Pre task execution logs
[2024-09-06T17:43:04.459+0000] {taskinstance.py:2612} INFO - Dependencies all met for dep_context=non-requeueable deps ti=<TaskInstance: async_flow.task_backfill_number_of_cancelled_candidates_in_batch manual__2024-09-06T17:43:02.727107+00:00 map_index=1 [queued]>
[2024-09-06T17:43:04.472+0000] {taskinstance.py:2612} INFO - Dependencies all met for dep_context=requeueable deps ti=<TaskInstance: async_flow.task_backfill_number_of_cancelled_candidates_in_batch manual__2024-09-06T17:43:02.727107+00:00 map_index=1 [queued]>
[2024-09-06T17:43:04.473+0000] {taskinstance.py:2865} INFO - Starting attempt 1 of 1
[2024-09-06T17:43:04.495+0000] {taskinstance.py:2888} INFO - Executing <Mapped(_PythonDecoratedOperator): task_backfill_number_of_cancelled_candidates_in_batch> on 2024-09-06 17:43:02.727107+00:00
[2024-09-06T17:43:04.511+0000] {standard_task_runner.py:104} INFO - Running: ['***', 'tasks', 'run', 'async_flow', 'task_backfill_number_of_cancelled_candidates_in_batch', 'manual__2024-09-06T17:43:02.727107+00:00', '--job-id', '181', '--raw', '--subdir', 'DAGS_FOLDER/dags_async_flow.py', '--cfg-path', '/tmp/tmpnap60cd4', '--map-index', '1']
[2024-09-06T17:43:04.508+0000] {warnings.py:112} WARNING - /home/***/.local/lib/python3.12/site-packages/***/task/task_runner/standard_task_runner.py:70: DeprecationWarning: This process (pid=84) is multi-threaded, use of fork() may lead to deadlocks in the child.
  pid = os.fork()

[2024-09-06T17:43:04.516+0000] {standard_task_runner.py:72} INFO - Started process 153 to run task
[2024-09-06T17:43:04.516+0000] {standard_task_runner.py:105} INFO - Job 181: Subtask task_backfill_number_of_cancelled_candidates_in_batch
[2024-09-06T17:43:04.696+0000] {task_command.py:467} INFO - Running <TaskInstance: async_flow.task_backfill_number_of_cancelled_candidates_in_batch manual__2024-09-06T17:43:02.727107+00:00 map_index=1 [running]> on host 0817eb6c24af
[2024-09-06T17:43:05.003+0000] {taskinstance.py:3131} INFO - Exporting env vars: AIRFLOW_CTX_DAG_OWNER='***' AIRFLOW_CTX_DAG_ID='async_flow' AIRFLOW_CTX_TASK_ID='task_backfill_number_of_cancelled_candidates_in_batch' AIRFLOW_CTX_EXECUTION_DATE='2024-09-06T17:43:02.727107+00:00' AIRFLOW_CTX_TRY_NUMBER='1' AIRFLOW_CTX_DAG_RUN_ID='manual__2024-09-06T17:43:02.727107+00:00'
[2024-09-06T17:43:05.006+0000] {taskinstance.py:731} INFO - ::endgroup::
[2024-09-06T17:43:05.029+0000] {core_li.py:23} INFO - Successfully updated job requisition 66db04aabf0a19d8769e5c2a
[2024-09-06T17:43:05.040+0000] {core_li.py:23} INFO - Successfully updated job requisition 66db04aabf0a19d8769e5c2c
[2024-09-06T17:43:05.057+0000] {core_li.py:23} INFO - Successfully updated job requisition 66db04aabf0a19d8769e5c2e
[2024-09-06T17:43:05.068+0000] {core_li.py:23} INFO - Successfully updated job requisition 66db04aabf0a19d8769e5c30
[2024-09-06T17:43:05.079+0000] {core_li.py:23} INFO - Successfully updated job requisition 66db04aabf0a19d8769e5c32
[2024-09-06T17:43:05.091+0000] {core_li.py:23} INFO - Successfully updated job requisition 66db04aabf0a19d8769e5c34
[2024-09-06T17:43:05.103+0000] {core_li.py:23} INFO - Successfully updated job requisition 66db04aabf0a19d8769e5c36
[2024-09-06T17:43:05.118+0000] {core_li.py:23} INFO - Successfully updated job requisition 66db04aabf0a19d8769e5c38
[2024-09-06T17:43:05.130+0000] {core_li.py:23} INFO - Successfully updated job requisition 66db04aabf0a19d8769e5c3a
[2024-09-06T17:43:05.142+0000] {core_li.py:23} INFO - Successfully updated job requisition 66db04aabf0a19d8769e5c3c
[2024-09-06T17:43:05.149+0000] {core_li.py:23} INFO - Successfully updated job requisition 66db04aabf0a19d8769e5c3e
[2024-09-06T17:43:05.158+0000] {core_li.py:23} INFO - Successfully updated job requisition 66db04aabf0a19d8769e5c40
[2024-09-06T17:43:05.166+0000] {core_li.py:23} INFO - Successfully updated job requisition 66db04aabf0a19d8769e5c42
[2024-09-06T17:43:05.175+0000] {core_li.py:23} INFO - Successfully updated job requisition 66db04aabf0a19d8769e5c44
[2024-09-06T17:43:05.180+0000] {core_li.py:23} INFO - Successfully updated job requisition 66db04aabf0a19d8769e5c46
[2024-09-06T17:43:05.195+0000] {core_li.py:23} INFO - Successfully updated job requisition 66db04aabf0a19d8769e5c48
[2024-09-06T17:43:05.207+0000] {core_li.py:23} INFO - Successfully updated job requisition 66db04aabf0a19d8769e5c4a
[2024-09-06T17:43:05.215+0000] {core_li.py:23} INFO - Successfully updated job requisition 66db04aabf0a19d8769e5c4c
[2024-09-06T17:43:05.229+0000] {core_li.py:23} INFO - Successfully updated job requisition 66db04aabf0a19d8769e5c4e
[2024-09-06T17:43:05.241+0000] {core_li.py:23} INFO - Successfully updated job requisition 66db04aabf0a19d8769e5c50
[2024-09-06T17:43:05.254+0000] {core_li.py:23} INFO - Successfully updated job requisition 66db04aabf0a19d8769e5c52
[2024-09-06T17:43:05.262+0000] {core_li.py:23} INFO - Successfully updated job requisition 66db04aabf0a19d8769e5c54
[2024-09-06T17:43:05.275+0000] {core_li.py:23} INFO - Successfully updated job requisition 66db04aabf0a19d8769e5c56
[2024-09-06T17:43:05.289+0000] {core_li.py:23} INFO - Successfully updated job requisition 66db04aabf0a19d8769e5c58
[2024-09-06T17:43:05.302+0000] {core_li.py:23} INFO - Successfully updated job requisition 66db04aabf0a19d8769e5c5a
[2024-09-06T17:43:05.310+0000] {core_li.py:23} INFO - Successfully updated job requisition 66db04aabf0a19d8769e5c5c
[2024-09-06T17:43:05.319+0000] {core_li.py:23} INFO - Successfully updated job requisition 66db04aabf0a19d8769e5c5e
[2024-09-06T17:43:05.328+0000] {core_li.py:23} INFO - Successfully updated job requisition 66db04aabf0a19d8769e5c60
[2024-09-06T17:43:05.338+0000] {core_li.py:23} INFO - Successfully updated job requisition 66db04aabf0a19d8769e5c62
[2024-09-06T17:43:05.346+0000] {core_li.py:23} INFO - Successfully updated job requisition 66db04aabf0a19d8769e5c64
[2024-09-06T17:43:05.356+0000] {core_li.py:23} INFO - Successfully updated job requisition 66db04aabf0a19d8769e5c66
[2024-09-06T17:43:05.365+0000] {core_li.py:23} INFO - Successfully updated job requisition 66db04aabf0a19d8769e5c68
[2024-09-06T17:43:05.378+0000] {core_li.py:23} INFO - Successfully updated job requisition 66db04aabf0a19d8769e5c6a
[2024-09-06T17:43:05.386+0000] {core_li.py:23} INFO - Successfully updated job requisition 66db04aabf0a19d8769e5c6c
[2024-09-06T17:43:05.394+0000] {core_li.py:23} INFO - Successfully updated job requisition 66db04aabf0a19d8769e5c6e
[2024-09-06T17:43:05.401+0000] {core_li.py:23} INFO - Successfully updated job requisition 66db04aabf0a19d8769e5c70
[2024-09-06T17:43:05.415+0000] {core_li.py:23} INFO - Successfully updated job requisition 66db04aabf0a19d8769e5c72
[2024-09-06T17:43:05.426+0000] {core_li.py:23} INFO - Successfully updated job requisition 66db04aabf0a19d8769e5c74
[2024-09-06T17:43:05.434+0000] {core_li.py:23} INFO - Successfully updated job requisition 66db04aabf0a19d8769e5c76
[2024-09-06T17:43:05.445+0000] {core_li.py:23} INFO - Successfully updated job requisition 66db04aabf0a19d8769e5c78
[2024-09-06T17:43:05.458+0000] {core_li.py:23} INFO - Successfully updated job requisition 66db04aabf0a19d8769e5c7a
[2024-09-06T17:43:05.466+0000] {core_li.py:23} INFO - Successfully updated job requisition 66db04aabf0a19d8769e5c7c
[2024-09-06T17:43:05.476+0000] {core_li.py:23} INFO - Successfully updated job requisition 66db04aabf0a19d8769e5c7e
[2024-09-06T17:43:05.488+0000] {core_li.py:23} INFO - Successfully updated job requisition 66db04aabf0a19d8769e5c80
[2024-09-06T17:43:05.501+0000] {core_li.py:23} INFO - Successfully updated job requisition 66db04aabf0a19d8769e5c82
[2024-09-06T17:43:05.513+0000] {core_li.py:23} INFO - Successfully updated job requisition 66db04aabf0a19d8769e5c84
[2024-09-06T17:43:05.520+0000] {core_li.py:23} INFO - Successfully updated job requisition 66db04aabf0a19d8769e5c86
[2024-09-06T17:43:05.528+0000] {core_li.py:23} INFO - Successfully updated job requisition 66db04aabf0a19d8769e5c88
[2024-09-06T17:43:05.544+0000] {core_li.py:23} INFO - Successfully updated job requisition 66db04aabf0a19d8769e5c8a
[2024-09-06T17:43:05.557+0000] {core_li.py:23} INFO - Successfully updated job requisition 66db04aabf0a19d8769e5c8c
[2024-09-06T17:43:05.570+0000] {core_li.py:23} INFO - Successfully updated job requisition 66db04aabf0a19d8769e5c8e
[2024-09-06T17:43:05.587+0000] {core_li.py:23} INFO - Successfully updated job requisition 66db04aabf0a19d8769e5c90
[2024-09-06T17:43:05.609+0000] {core_li.py:23} INFO - Successfully updated job requisition 66db04aabf0a19d8769e5c92
[2024-09-06T17:43:05.623+0000] {core_li.py:23} INFO - Successfully updated job requisition 66db04aabf0a19d8769e5c94
[2024-09-06T17:43:05.645+0000] {core_li.py:23} INFO - Successfully updated job requisition 66db04aabf0a19d8769e5c96
[2024-09-06T17:43:05.692+0000] {core_li.py:23} INFO - Successfully updated job requisition 66db04aabf0a19d8769e5c98
[2024-09-06T17:43:05.727+0000] {core_li.py:23} INFO - Successfully updated job requisition 66db04aabf0a19d8769e5c9a
[2024-09-06T17:43:05.746+0000] {core_li.py:23} INFO - Successfully updated job requisition 66db04aabf0a19d8769e5c9c
[2024-09-06T17:43:05.765+0000] {core_li.py:23} INFO - Successfully updated job requisition 66db04aabf0a19d8769e5c9e
[2024-09-06T17:43:05.784+0000] {core_li.py:23} INFO - Successfully updated job requisition 66db04aabf0a19d8769e5ca0
[2024-09-06T17:43:05.800+0000] {core_li.py:23} INFO - Successfully updated job requisition 66db04aabf0a19d8769e5ca2
[2024-09-06T17:43:05.813+0000] {core_li.py:23} INFO - Successfully updated job requisition 66db04aabf0a19d8769e5ca4
[2024-09-06T17:43:05.824+0000] {core_li.py:23} INFO - Successfully updated job requisition 66db04aabf0a19d8769e5ca6
[2024-09-06T17:43:05.833+0000] {core_li.py:23} INFO - Successfully updated job requisition 66db04aabf0a19d8769e5ca8
[2024-09-06T17:43:05.850+0000] {core_li.py:23} INFO - Successfully updated job requisition 66db04aabf0a19d8769e5caa
[2024-09-06T17:43:05.868+0000] {core_li.py:23} INFO - Successfully updated job requisition 66db04aabf0a19d8769e5cac
[2024-09-06T17:43:05.889+0000] {core_li.py:23} INFO - Successfully updated job requisition 66db04aabf0a19d8769e5cae
[2024-09-06T17:43:05.898+0000] {core_li.py:23} INFO - Successfully updated job requisition 66db04aabf0a19d8769e5cb0
[2024-09-06T17:43:05.909+0000] {core_li.py:23} INFO - Successfully updated job requisition 66db04aabf0a19d8769e5cb2
[2024-09-06T17:43:05.920+0000] {core_li.py:23} INFO - Successfully updated job requisition 66db04aabf0a19d8769e5cb4
[2024-09-06T17:43:05.938+0000] {core_li.py:23} INFO - Successfully updated job requisition 66db04aabf0a19d8769e5cb6
[2024-09-06T17:43:05.950+0000] {core_li.py:23} INFO - Successfully updated job requisition 66db04aabf0a19d8769e5cb8
[2024-09-06T17:43:05.962+0000] {core_li.py:23} INFO - Successfully updated job requisition 66db04aabf0a19d8769e5cba
[2024-09-06T17:43:05.973+0000] {core_li.py:23} INFO - Successfully updated job requisition 66db04aabf0a19d8769e5cbc
[2024-09-06T17:43:05.985+0000] {core_li.py:23} INFO - Successfully updated job requisition 66db04aabf0a19d8769e5cbe
[2024-09-06T17:43:05.992+0000] {core_li.py:23} INFO - Successfully updated job requisition 66db04aabf0a19d8769e5cc0
[2024-09-06T17:43:06.013+0000] {core_li.py:23} INFO - Successfully updated job requisition 66db04aabf0a19d8769e5cc2
[2024-09-06T17:43:06.024+0000] {core_li.py:23} INFO - Successfully updated job requisition 66db04aabf0a19d8769e5cc4
[2024-09-06T17:43:06.031+0000] {core_li.py:23} INFO - Successfully updated job requisition 66db04aabf0a19d8769e5cc6
[2024-09-06T17:43:06.041+0000] {core_li.py:23} INFO - Successfully updated job requisition 66db04aabf0a19d8769e5cc8
[2024-09-06T17:43:06.051+0000] {core_li.py:23} INFO - Successfully updated job requisition 66db04aabf0a19d8769e5cca
[2024-09-06T17:43:06.060+0000] {core_li.py:23} INFO - Successfully updated job requisition 66db04aabf0a19d8769e5ccc
[2024-09-06T17:43:06.067+0000] {core_li.py:23} INFO - Successfully updated job requisition 66db04aabf0a19d8769e5cce
[2024-09-06T17:43:06.076+0000] {core_li.py:23} INFO - Successfully updated job requisition 66db04aabf0a19d8769e5cd0
[2024-09-06T17:43:06.090+0000] {core_li.py:23} INFO - Successfully updated job requisition 66db04aabf0a19d8769e5cd2
[2024-09-06T17:43:06.100+0000] {core_li.py:23} INFO - Successfully updated job requisition 66db04aabf0a19d8769e5cd4
[2024-09-06T17:43:06.108+0000] {core_li.py:23} INFO - Successfully updated job requisition 66db04aabf0a19d8769e5cd6
[2024-09-06T17:43:06.115+0000] {core_li.py:23} INFO - Successfully updated job requisition 66db04aabf0a19d8769e5cd8
[2024-09-06T17:43:06.124+0000] {core_li.py:23} INFO - Successfully updated job requisition 66db04aabf0a19d8769e5cda
[2024-09-06T17:43:06.135+0000] {core_li.py:23} INFO - Successfully updated job requisition 66db04aabf0a19d8769e5cdc
[2024-09-06T17:43:06.149+0000] {core_li.py:23} INFO - Successfully updated job requisition 66db04aabf0a19d8769e5cde
[2024-09-06T17:43:06.160+0000] {core_li.py:23} INFO - Successfully updated job requisition 66db04aabf0a19d8769e5ce0
[2024-09-06T17:43:06.167+0000] {core_li.py:23} INFO - Successfully updated job requisition 66db04aabf0a19d8769e5ce2
[2024-09-06T17:43:06.175+0000] {core_li.py:23} INFO - Successfully updated job requisition 66db04aabf0a19d8769e5ce4
[2024-09-06T17:43:06.183+0000] {core_li.py:23} INFO - Successfully updated job requisition 66db04aabf0a19d8769e5ce6
[2024-09-06T17:43:06.195+0000] {core_li.py:23} INFO - Successfully updated job requisition 66db04aabf0a19d8769e5ce8
[2024-09-06T17:43:06.205+0000] {core_li.py:23} INFO - Successfully updated job requisition 66db04aabf0a19d8769e5cea
[2024-09-06T17:43:06.213+0000] {core_li.py:23} INFO - Successfully updated job requisition 66db04aabf0a19d8769e5cec
[2024-09-06T17:43:06.222+0000] {core_li.py:23} INFO - Successfully updated job requisition 66db04aabf0a19d8769e5cee
[2024-09-06T17:43:06.230+0000] {core_li.py:23} INFO - Successfully updated job requisition 66db04aabf0a19d8769e5cf0
[2024-09-06T17:43:06.235+0000] {python.py:240} INFO - Done. Returned value was: 100
[2024-09-06T17:43:06.300+0000] {taskinstance.py:340} INFO - ::group::Post task execution logs
[2024-09-06T17:43:06.304+0000] {taskinstance.py:352} INFO - Marking task as SUCCESS. dag_id=async_flow, task_id=task_backfill_number_of_cancelled_candidates_in_batch, run_id=manual__2024-09-06T17:43:02.727107+00:00, map_index=1, execution_date=20240906T174302, start_date=20240906T174304, end_date=20240906T174306
[2024-09-06T17:43:06.335+0000] {local_task_job_runner.py:266} INFO - Task exited with return code 0
[2024-09-06T17:43:06.365+0000] {local_task_job_runner.py:245} INFO - ::endgroup::
