[2024-09-06T17:45:56.368+0000] {local_task_job_runner.py:123} INFO - ::group::Pre task execution logs
[2024-09-06T17:45:56.383+0000] {taskinstance.py:2612} INFO - Dependencies all met for dep_context=non-requeueable deps ti=<TaskInstance: async_flow.task_backfill_number_of_cancelled_candidates_in_batch manual__2024-09-06T17:43:02.727107+00:00 map_index=1 [queued]>
[2024-09-06T17:45:56.395+0000] {taskinstance.py:2612} INFO - Dependencies all met for dep_context=requeueable deps ti=<TaskInstance: async_flow.task_backfill_number_of_cancelled_candidates_in_batch manual__2024-09-06T17:43:02.727107+00:00 map_index=1 [queued]>
[2024-09-06T17:45:56.397+0000] {taskinstance.py:2865} INFO - Starting attempt 2 of 2
[2024-09-06T17:45:56.407+0000] {taskinstance.py:2888} INFO - Executing <Mapped(_PythonDecoratedOperator): task_backfill_number_of_cancelled_candidates_in_batch> on 2024-09-06 17:43:02.727107+00:00
[2024-09-06T17:45:56.412+0000] {warnings.py:112} WARNING - /home/***/.local/lib/python3.12/site-packages/***/task/task_runner/standard_task_runner.py:70: DeprecationWarning: This process (pid=711) is multi-threaded, use of fork() may lead to deadlocks in the child.
  pid = os.fork()

[2024-09-06T17:45:56.415+0000] {standard_task_runner.py:72} INFO - Started process 770 to run task
[2024-09-06T17:45:56.415+0000] {standard_task_runner.py:104} INFO - Running: ['***', 'tasks', 'run', 'async_flow', 'task_backfill_number_of_cancelled_candidates_in_batch', 'manual__2024-09-06T17:43:02.727107+00:00', '--job-id', '277', '--raw', '--subdir', 'DAGS_FOLDER/dags_async_flow.py', '--cfg-path', '/tmp/tmpv8w2vgwq', '--map-index', '1']
[2024-09-06T17:45:56.423+0000] {standard_task_runner.py:105} INFO - Job 277: Subtask task_backfill_number_of_cancelled_candidates_in_batch
[2024-09-06T17:45:56.485+0000] {task_command.py:467} INFO - Running <TaskInstance: async_flow.task_backfill_number_of_cancelled_candidates_in_batch manual__2024-09-06T17:43:02.727107+00:00 map_index=1 [running]> on host 0817eb6c24af
[2024-09-06T17:45:56.685+0000] {taskinstance.py:3131} INFO - Exporting env vars: AIRFLOW_CTX_DAG_OWNER='***' AIRFLOW_CTX_DAG_ID='async_flow' AIRFLOW_CTX_TASK_ID='task_backfill_number_of_cancelled_candidates_in_batch' AIRFLOW_CTX_EXECUTION_DATE='2024-09-06T17:43:02.727107+00:00' AIRFLOW_CTX_TRY_NUMBER='2' AIRFLOW_CTX_DAG_RUN_ID='manual__2024-09-06T17:43:02.727107+00:00'
[2024-09-06T17:45:56.685+0000] {taskinstance.py:731} INFO - ::endgroup::
[2024-09-06T17:45:56.717+0000] {core_li.py:23} INFO - Successfully updated job requisition 66db04abbf0a19d8769e720a
[2024-09-06T17:45:56.734+0000] {core_li.py:23} INFO - Successfully updated job requisition 66db04abbf0a19d8769e720c
[2024-09-06T17:45:56.747+0000] {core_li.py:23} INFO - Successfully updated job requisition 66db04abbf0a19d8769e720e
[2024-09-06T17:45:56.754+0000] {core_li.py:23} INFO - Successfully updated job requisition 66db04abbf0a19d8769e7210
[2024-09-06T17:45:56.779+0000] {core_li.py:23} INFO - Successfully updated job requisition 66db04abbf0a19d8769e7212
[2024-09-06T17:45:56.787+0000] {core_li.py:23} INFO - Successfully updated job requisition 66db04abbf0a19d8769e7214
[2024-09-06T17:45:56.793+0000] {core_li.py:23} INFO - Successfully updated job requisition 66db04abbf0a19d8769e7216
[2024-09-06T17:45:56.804+0000] {core_li.py:23} INFO - Successfully updated job requisition 66db04abbf0a19d8769e7218
[2024-09-06T17:45:56.818+0000] {core_li.py:23} INFO - Successfully updated job requisition 66db04abbf0a19d8769e721a
[2024-09-06T17:45:56.827+0000] {core_li.py:23} INFO - Successfully updated job requisition 66db04abbf0a19d8769e721c
[2024-09-06T17:45:56.840+0000] {core_li.py:23} INFO - Successfully updated job requisition 66db04abbf0a19d8769e721e
[2024-09-06T17:45:56.851+0000] {core_li.py:23} INFO - Successfully updated job requisition 66db04abbf0a19d8769e7220
[2024-09-06T17:45:56.859+0000] {core_li.py:23} INFO - Successfully updated job requisition 66db04abbf0a19d8769e7222
[2024-09-06T17:45:56.869+0000] {core_li.py:23} INFO - Successfully updated job requisition 66db04abbf0a19d8769e7224
[2024-09-06T17:45:56.882+0000] {core_li.py:23} INFO - Successfully updated job requisition 66db04abbf0a19d8769e7226
[2024-09-06T17:45:56.889+0000] {core_li.py:23} INFO - Successfully updated job requisition 66db04abbf0a19d8769e7228
[2024-09-06T17:45:56.897+0000] {core_li.py:23} INFO - Successfully updated job requisition 66db04abbf0a19d8769e722a
[2024-09-06T17:45:56.903+0000] {core_li.py:23} INFO - Successfully updated job requisition 66db04abbf0a19d8769e722c
[2024-09-06T17:45:56.909+0000] {core_li.py:23} INFO - Successfully updated job requisition 66db04abbf0a19d8769e722e
[2024-09-06T17:45:56.918+0000] {core_li.py:23} INFO - Successfully updated job requisition 66db04abbf0a19d8769e7230
[2024-09-06T17:45:56.926+0000] {core_li.py:23} INFO - Successfully updated job requisition 66db04abbf0a19d8769e7232
[2024-09-06T17:45:56.935+0000] {core_li.py:23} INFO - Successfully updated job requisition 66db04abbf0a19d8769e7234
[2024-09-06T17:45:56.942+0000] {core_li.py:23} INFO - Successfully updated job requisition 66db04abbf0a19d8769e7236
[2024-09-06T17:45:56.948+0000] {core_li.py:23} INFO - Successfully updated job requisition 66db04abbf0a19d8769e7238
[2024-09-06T17:45:56.964+0000] {core_li.py:23} INFO - Successfully updated job requisition 66db04abbf0a19d8769e723a
[2024-09-06T17:45:56.972+0000] {core_li.py:23} INFO - Successfully updated job requisition 66db04abbf0a19d8769e723c
[2024-09-06T17:45:56.987+0000] {core_li.py:23} INFO - Successfully updated job requisition 66db04abbf0a19d8769e723e
[2024-09-06T17:45:56.995+0000] {core_li.py:23} INFO - Successfully updated job requisition 66db04abbf0a19d8769e7240
[2024-09-06T17:45:57.004+0000] {core_li.py:23} INFO - Successfully updated job requisition 66db04abbf0a19d8769e7242
[2024-09-06T17:45:57.010+0000] {core_li.py:23} INFO - Successfully updated job requisition 66db04abbf0a19d8769e7244
[2024-09-06T17:45:57.018+0000] {core_li.py:23} INFO - Successfully updated job requisition 66db04abbf0a19d8769e7246
[2024-09-06T17:45:57.028+0000] {core_li.py:23} INFO - Successfully updated job requisition 66db04abbf0a19d8769e7248
[2024-09-06T17:45:57.040+0000] {core_li.py:23} INFO - Successfully updated job requisition 66db04abbf0a19d8769e724a
[2024-09-06T17:45:57.049+0000] {core_li.py:23} INFO - Successfully updated job requisition 66db04abbf0a19d8769e724c
[2024-09-06T17:45:57.058+0000] {core_li.py:23} INFO - Successfully updated job requisition 66db04abbf0a19d8769e724e
[2024-09-06T17:45:57.068+0000] {core_li.py:23} INFO - Successfully updated job requisition 66db04abbf0a19d8769e7250
[2024-09-06T17:45:57.075+0000] {core_li.py:23} INFO - Successfully updated job requisition 66db04abbf0a19d8769e7252
[2024-09-06T17:45:57.087+0000] {core_li.py:23} INFO - Successfully updated job requisition 66db04abbf0a19d8769e7254
[2024-09-06T17:45:57.095+0000] {core_li.py:23} INFO - Successfully updated job requisition 66db04abbf0a19d8769e7256
[2024-09-06T17:45:57.104+0000] {core_li.py:23} INFO - Successfully updated job requisition 66db04abbf0a19d8769e7258
[2024-09-06T17:45:57.118+0000] {core_li.py:23} INFO - Successfully updated job requisition 66db04abbf0a19d8769e725a
[2024-09-06T17:45:57.126+0000] {core_li.py:23} INFO - Successfully updated job requisition 66db04abbf0a19d8769e725c
[2024-09-06T17:45:57.134+0000] {core_li.py:23} INFO - Successfully updated job requisition 66db04abbf0a19d8769e725e
[2024-09-06T17:45:57.146+0000] {core_li.py:23} INFO - Successfully updated job requisition 66db04abbf0a19d8769e7260
[2024-09-06T17:45:57.153+0000] {core_li.py:23} INFO - Successfully updated job requisition 66db04abbf0a19d8769e7262
[2024-09-06T17:45:57.161+0000] {core_li.py:23} INFO - Successfully updated job requisition 66db04abbf0a19d8769e7264
[2024-09-06T17:45:57.167+0000] {core_li.py:23} INFO - Successfully updated job requisition 66db04abbf0a19d8769e7266
[2024-09-06T17:45:57.173+0000] {core_li.py:23} INFO - Successfully updated job requisition 66db04abbf0a19d8769e7268
[2024-09-06T17:45:57.183+0000] {core_li.py:23} INFO - Successfully updated job requisition 66db04abbf0a19d8769e726a
[2024-09-06T17:45:57.190+0000] {core_li.py:23} INFO - Successfully updated job requisition 66db04abbf0a19d8769e726c
[2024-09-06T17:45:57.195+0000] {core_li.py:23} INFO - Successfully updated job requisition 66db04abbf0a19d8769e726e
[2024-09-06T17:45:57.202+0000] {core_li.py:23} INFO - Successfully updated job requisition 66db04abbf0a19d8769e7270
[2024-09-06T17:45:57.210+0000] {core_li.py:23} INFO - Successfully updated job requisition 66db04abbf0a19d8769e7272
[2024-09-06T17:45:57.215+0000] {core_li.py:23} INFO - Successfully updated job requisition 66db04abbf0a19d8769e7274
[2024-09-06T17:45:57.221+0000] {core_li.py:23} INFO - Successfully updated job requisition 66db04abbf0a19d8769e7276
[2024-09-06T17:45:57.229+0000] {core_li.py:23} INFO - Successfully updated job requisition 66db04abbf0a19d8769e7278
[2024-09-06T17:45:57.237+0000] {core_li.py:23} INFO - Successfully updated job requisition 66db04abbf0a19d8769e727a
[2024-09-06T17:45:57.243+0000] {core_li.py:23} INFO - Successfully updated job requisition 66db04abbf0a19d8769e727c
[2024-09-06T17:45:57.254+0000] {core_li.py:23} INFO - Successfully updated job requisition 66db04abbf0a19d8769e727e
[2024-09-06T17:45:57.264+0000] {core_li.py:23} INFO - Successfully updated job requisition 66db04abbf0a19d8769e7280
[2024-09-06T17:45:57.271+0000] {core_li.py:23} INFO - Successfully updated job requisition 66db04abbf0a19d8769e7282
[2024-09-06T17:45:57.279+0000] {core_li.py:23} INFO - Successfully updated job requisition 66db04abbf0a19d8769e7284
[2024-09-06T17:45:57.287+0000] {core_li.py:23} INFO - Successfully updated job requisition 66db04abbf0a19d8769e7286
[2024-09-06T17:45:57.295+0000] {core_li.py:23} INFO - Successfully updated job requisition 66db04abbf0a19d8769e7288
[2024-09-06T17:45:57.307+0000] {core_li.py:23} INFO - Successfully updated job requisition 66db04abbf0a19d8769e728a
[2024-09-06T17:45:57.315+0000] {core_li.py:23} INFO - Successfully updated job requisition 66db04abbf0a19d8769e728c
[2024-09-06T17:45:57.321+0000] {core_li.py:23} INFO - Successfully updated job requisition 66db04abbf0a19d8769e728e
[2024-09-06T17:45:57.329+0000] {core_li.py:23} INFO - Successfully updated job requisition 66db04abbf0a19d8769e7290
[2024-09-06T17:45:57.337+0000] {core_li.py:23} INFO - Successfully updated job requisition 66db04abbf0a19d8769e7292
[2024-09-06T17:45:57.343+0000] {core_li.py:23} INFO - Successfully updated job requisition 66db04abbf0a19d8769e7294
[2024-09-06T17:45:57.353+0000] {core_li.py:23} INFO - Successfully updated job requisition 66db04abbf0a19d8769e7296
[2024-09-06T17:45:57.363+0000] {core_li.py:23} INFO - Successfully updated job requisition 66db04abbf0a19d8769e7298
[2024-09-06T17:45:57.374+0000] {core_li.py:23} INFO - Successfully updated job requisition 66db04abbf0a19d8769e729a
[2024-09-06T17:45:57.382+0000] {core_li.py:23} INFO - Successfully updated job requisition 66db04abbf0a19d8769e729c
[2024-09-06T17:45:57.391+0000] {core_li.py:23} INFO - Successfully updated job requisition 66db04abbf0a19d8769e729e
[2024-09-06T17:45:57.402+0000] {core_li.py:23} INFO - Successfully updated job requisition 66db04abbf0a19d8769e72a0
[2024-09-06T17:45:57.412+0000] {core_li.py:23} INFO - Successfully updated job requisition 66db04abbf0a19d8769e72a2
[2024-09-06T17:45:57.421+0000] {core_li.py:23} INFO - Successfully updated job requisition 66db04abbf0a19d8769e72a4
[2024-09-06T17:45:57.431+0000] {core_li.py:23} INFO - Successfully updated job requisition 66db04abbf0a19d8769e72a6
[2024-09-06T17:45:57.438+0000] {core_li.py:23} INFO - Successfully updated job requisition 66db04abbf0a19d8769e72a8
[2024-09-06T17:45:57.446+0000] {core_li.py:23} INFO - Successfully updated job requisition 66db04abbf0a19d8769e72aa
[2024-09-06T17:45:57.456+0000] {core_li.py:23} INFO - Successfully updated job requisition 66db04abbf0a19d8769e72ac
[2024-09-06T17:45:57.465+0000] {core_li.py:23} INFO - Successfully updated job requisition 66db04abbf0a19d8769e72ae
[2024-09-06T17:45:57.472+0000] {core_li.py:23} INFO - Successfully updated job requisition 66db04abbf0a19d8769e72b0
[2024-09-06T17:45:57.480+0000] {core_li.py:23} INFO - Successfully updated job requisition 66db04abbf0a19d8769e72b2
[2024-09-06T17:45:57.488+0000] {core_li.py:23} INFO - Successfully updated job requisition 66db04abbf0a19d8769e72b4
[2024-09-06T17:45:57.497+0000] {core_li.py:23} INFO - Successfully updated job requisition 66db04abbf0a19d8769e72b6
[2024-09-06T17:45:57.505+0000] {core_li.py:23} INFO - Successfully updated job requisition 66db04abbf0a19d8769e72b8
[2024-09-06T17:45:57.514+0000] {core_li.py:23} INFO - Successfully updated job requisition 66db04abbf0a19d8769e72ba
[2024-09-06T17:45:57.523+0000] {core_li.py:23} INFO - Successfully updated job requisition 66db04abbf0a19d8769e72bc
[2024-09-06T17:45:57.530+0000] {core_li.py:23} INFO - Successfully updated job requisition 66db04abbf0a19d8769e72be
[2024-09-06T17:45:57.539+0000] {core_li.py:23} INFO - Successfully updated job requisition 66db04abbf0a19d8769e72c0
[2024-09-06T17:45:57.547+0000] {core_li.py:23} INFO - Successfully updated job requisition 66db04abbf0a19d8769e72c2
[2024-09-06T17:45:57.555+0000] {core_li.py:23} INFO - Successfully updated job requisition 66db04abbf0a19d8769e72c4
[2024-09-06T17:45:57.561+0000] {core_li.py:23} INFO - Successfully updated job requisition 66db04abbf0a19d8769e72c6
[2024-09-06T17:45:57.575+0000] {core_li.py:23} INFO - Successfully updated job requisition 66db04abbf0a19d8769e72c8
[2024-09-06T17:45:57.585+0000] {core_li.py:23} INFO - Successfully updated job requisition 66db04abbf0a19d8769e72ca
[2024-09-06T17:45:57.594+0000] {core_li.py:23} INFO - Successfully updated job requisition 66db04abbf0a19d8769e72cc
[2024-09-06T17:45:57.603+0000] {core_li.py:23} INFO - Successfully updated job requisition 66db04abbf0a19d8769e72ce
[2024-09-06T17:45:57.611+0000] {core_li.py:23} INFO - Successfully updated job requisition 66db04abbf0a19d8769e72d0
[2024-09-06T17:45:57.613+0000] {python.py:240} INFO - Done. Returned value was: 100
[2024-09-06T17:45:57.644+0000] {taskinstance.py:340} INFO - ::group::Post task execution logs
[2024-09-06T17:45:57.645+0000] {taskinstance.py:352} INFO - Marking task as SUCCESS. dag_id=async_flow, task_id=task_backfill_number_of_cancelled_candidates_in_batch, run_id=manual__2024-09-06T17:43:02.727107+00:00, map_index=1, execution_date=20240906T174302, start_date=20240906T174556, end_date=20240906T174557
[2024-09-06T17:45:57.672+0000] {local_task_job_runner.py:266} INFO - Task exited with return code 0
[2024-09-06T17:45:57.682+0000] {local_task_job_runner.py:245} INFO - ::endgroup::
