[2024-09-06T17:45:51.243+0000] {local_task_job_runner.py:123} INFO - ::group::Pre task execution logs
[2024-09-06T17:45:51.263+0000] {taskinstance.py:2612} INFO - Dependencies all met for dep_context=non-requeueable deps ti=<TaskInstance: async_flow.task_backfill_number_of_cancelled_candidates_in_batch manual__2024-09-06T17:29:39.458358+00:00 map_index=29 [queued]>
[2024-09-06T17:45:51.276+0000] {taskinstance.py:2612} INFO - Dependencies all met for dep_context=requeueable deps ti=<TaskInstance: async_flow.task_backfill_number_of_cancelled_candidates_in_batch manual__2024-09-06T17:29:39.458358+00:00 map_index=29 [queued]>
[2024-09-06T17:45:51.276+0000] {taskinstance.py:2865} INFO - Starting attempt 2 of 2
[2024-09-06T17:45:51.298+0000] {taskinstance.py:2888} INFO - Executing <Mapped(_PythonDecoratedOperator): task_backfill_number_of_cancelled_candidates_in_batch> on 2024-09-06 17:29:39.458358+00:00
[2024-09-06T17:45:51.303+0000] {warnings.py:112} WARNING - /home/***/.local/lib/python3.12/site-packages/***/task/task_runner/standard_task_runner.py:70: DeprecationWarning: This process (pid=528) is multi-threaded, use of fork() may lead to deadlocks in the child.
  pid = os.fork()

[2024-09-06T17:45:51.305+0000] {standard_task_runner.py:72} INFO - Started process 604 to run task
[2024-09-06T17:45:51.309+0000] {standard_task_runner.py:104} INFO - Running: ['***', 'tasks', 'run', 'async_flow', 'task_backfill_number_of_cancelled_candidates_in_batch', 'manual__2024-09-06T17:29:39.458358+00:00', '--job-id', '256', '--raw', '--subdir', 'DAGS_FOLDER/dags_async_flow.py', '--cfg-path', '/tmp/tmplmy71sh7', '--map-index', '29']
[2024-09-06T17:45:51.312+0000] {standard_task_runner.py:105} INFO - Job 256: Subtask task_backfill_number_of_cancelled_candidates_in_batch
[2024-09-06T17:45:51.367+0000] {task_command.py:467} INFO - Running <TaskInstance: async_flow.task_backfill_number_of_cancelled_candidates_in_batch manual__2024-09-06T17:29:39.458358+00:00 map_index=29 [running]> on host 0817eb6c24af
[2024-09-06T17:45:51.459+0000] {taskinstance.py:3131} INFO - Exporting env vars: AIRFLOW_CTX_DAG_OWNER='***' AIRFLOW_CTX_DAG_ID='async_flow' AIRFLOW_CTX_TASK_ID='task_backfill_number_of_cancelled_candidates_in_batch' AIRFLOW_CTX_EXECUTION_DATE='2024-09-06T17:29:39.458358+00:00' AIRFLOW_CTX_TRY_NUMBER='2' AIRFLOW_CTX_DAG_RUN_ID='manual__2024-09-06T17:29:39.458358+00:00'
[2024-09-06T17:45:51.460+0000] {taskinstance.py:731} INFO - ::endgroup::
[2024-09-06T17:45:51.475+0000] {core_li.py:23} INFO - Successfully updated job requisition 66db04acbf0a19d8769e7e8a
[2024-09-06T17:45:51.485+0000] {core_li.py:23} INFO - Successfully updated job requisition 66db04acbf0a19d8769e7e8c
[2024-09-06T17:45:51.493+0000] {core_li.py:23} INFO - Successfully updated job requisition 66db04acbf0a19d8769e7e8e
[2024-09-06T17:45:51.501+0000] {core_li.py:23} INFO - Successfully updated job requisition 66db04acbf0a19d8769e7e90
[2024-09-06T17:45:51.508+0000] {core_li.py:23} INFO - Successfully updated job requisition 66db04acbf0a19d8769e7e92
[2024-09-06T17:45:51.518+0000] {core_li.py:23} INFO - Successfully updated job requisition 66db04acbf0a19d8769e7e94
[2024-09-06T17:45:51.534+0000] {core_li.py:23} INFO - Successfully updated job requisition 66db04acbf0a19d8769e7e96
[2024-09-06T17:45:51.541+0000] {core_li.py:23} INFO - Successfully updated job requisition 66db04acbf0a19d8769e7e98
[2024-09-06T17:45:51.547+0000] {core_li.py:23} INFO - Successfully updated job requisition 66db04acbf0a19d8769e7e9a
[2024-09-06T17:45:51.554+0000] {core_li.py:23} INFO - Successfully updated job requisition 66db04acbf0a19d8769e7e9c
[2024-09-06T17:45:51.561+0000] {core_li.py:23} INFO - Successfully updated job requisition 66db04acbf0a19d8769e7e9e
[2024-09-06T17:45:51.568+0000] {core_li.py:23} INFO - Successfully updated job requisition 66db04acbf0a19d8769e7ea0
[2024-09-06T17:45:51.578+0000] {core_li.py:23} INFO - Successfully updated job requisition 66db04acbf0a19d8769e7ea2
[2024-09-06T17:45:51.584+0000] {core_li.py:23} INFO - Successfully updated job requisition 66db04acbf0a19d8769e7ea4
[2024-09-06T17:45:51.591+0000] {core_li.py:23} INFO - Successfully updated job requisition 66db04acbf0a19d8769e7ea6
[2024-09-06T17:45:51.600+0000] {core_li.py:23} INFO - Successfully updated job requisition 66db04acbf0a19d8769e7ea8
[2024-09-06T17:45:51.606+0000] {core_li.py:23} INFO - Successfully updated job requisition 66db04acbf0a19d8769e7eaa
[2024-09-06T17:45:51.620+0000] {core_li.py:23} INFO - Successfully updated job requisition 66db04acbf0a19d8769e7eac
[2024-09-06T17:45:51.629+0000] {core_li.py:23} INFO - Successfully updated job requisition 66db04acbf0a19d8769e7eae
[2024-09-06T17:45:51.637+0000] {core_li.py:23} INFO - Successfully updated job requisition 66db04acbf0a19d8769e7eb0
[2024-09-06T17:45:51.646+0000] {core_li.py:23} INFO - Successfully updated job requisition 66db04acbf0a19d8769e7eb2
[2024-09-06T17:45:51.653+0000] {core_li.py:23} INFO - Successfully updated job requisition 66db04acbf0a19d8769e7eb4
[2024-09-06T17:45:51.666+0000] {core_li.py:23} INFO - Successfully updated job requisition 66db04acbf0a19d8769e7eb6
[2024-09-06T17:45:51.674+0000] {core_li.py:23} INFO - Successfully updated job requisition 66db04acbf0a19d8769e7eb8
[2024-09-06T17:45:51.681+0000] {core_li.py:23} INFO - Successfully updated job requisition 66db04acbf0a19d8769e7eba
[2024-09-06T17:45:51.690+0000] {core_li.py:23} INFO - Successfully updated job requisition 66db04acbf0a19d8769e7ebc
[2024-09-06T17:45:51.696+0000] {core_li.py:23} INFO - Successfully updated job requisition 66db04acbf0a19d8769e7ebe
[2024-09-06T17:45:51.701+0000] {core_li.py:23} INFO - Successfully updated job requisition 66db04acbf0a19d8769e7ec0
[2024-09-06T17:45:51.709+0000] {core_li.py:23} INFO - Successfully updated job requisition 66db04acbf0a19d8769e7ec2
[2024-09-06T17:45:51.714+0000] {core_li.py:23} INFO - Successfully updated job requisition 66db04acbf0a19d8769e7ec4
[2024-09-06T17:45:51.721+0000] {core_li.py:23} INFO - Successfully updated job requisition 66db04acbf0a19d8769e7ec6
[2024-09-06T17:45:51.729+0000] {core_li.py:23} INFO - Successfully updated job requisition 66db04acbf0a19d8769e7ec8
[2024-09-06T17:45:51.736+0000] {core_li.py:23} INFO - Successfully updated job requisition 66db04acbf0a19d8769e7eca
[2024-09-06T17:45:51.744+0000] {core_li.py:23} INFO - Successfully updated job requisition 66db04acbf0a19d8769e7ecc
[2024-09-06T17:45:51.751+0000] {core_li.py:23} INFO - Successfully updated job requisition 66db04acbf0a19d8769e7ece
[2024-09-06T17:45:51.759+0000] {core_li.py:23} INFO - Successfully updated job requisition 66db04acbf0a19d8769e7ed0
[2024-09-06T17:45:51.769+0000] {core_li.py:23} INFO - Successfully updated job requisition 66db04acbf0a19d8769e7ed2
[2024-09-06T17:45:51.777+0000] {core_li.py:23} INFO - Successfully updated job requisition 66db04acbf0a19d8769e7ed4
[2024-09-06T17:45:51.786+0000] {core_li.py:23} INFO - Successfully updated job requisition 66db04acbf0a19d8769e7ed6
[2024-09-06T17:45:51.796+0000] {core_li.py:23} INFO - Successfully updated job requisition 66db04acbf0a19d8769e7ed8
[2024-09-06T17:45:51.805+0000] {core_li.py:23} INFO - Successfully updated job requisition 66db04acbf0a19d8769e7eda
[2024-09-06T17:45:51.812+0000] {core_li.py:23} INFO - Successfully updated job requisition 66db04acbf0a19d8769e7edc
[2024-09-06T17:45:51.819+0000] {core_li.py:23} INFO - Successfully updated job requisition 66db04acbf0a19d8769e7ede
[2024-09-06T17:45:51.828+0000] {core_li.py:23} INFO - Successfully updated job requisition 66db04acbf0a19d8769e7ee0
[2024-09-06T17:45:51.837+0000] {core_li.py:23} INFO - Successfully updated job requisition 66db04acbf0a19d8769e7ee2
[2024-09-06T17:45:51.850+0000] {core_li.py:23} INFO - Successfully updated job requisition 66db04acbf0a19d8769e7ee4
[2024-09-06T17:45:51.857+0000] {core_li.py:23} INFO - Successfully updated job requisition 66db04acbf0a19d8769e7ee6
[2024-09-06T17:45:51.864+0000] {core_li.py:23} INFO - Successfully updated job requisition 66db04acbf0a19d8769e7ee8
[2024-09-06T17:45:51.871+0000] {core_li.py:23} INFO - Successfully updated job requisition 66db04acbf0a19d8769e7eea
[2024-09-06T17:45:51.879+0000] {core_li.py:23} INFO - Successfully updated job requisition 66db04acbf0a19d8769e7eec
[2024-09-06T17:45:51.889+0000] {core_li.py:23} INFO - Successfully updated job requisition 66db04acbf0a19d8769e7eee
[2024-09-06T17:45:51.896+0000] {core_li.py:23} INFO - Successfully updated job requisition 66db04acbf0a19d8769e7ef0
[2024-09-06T17:45:51.902+0000] {core_li.py:23} INFO - Successfully updated job requisition 66db04acbf0a19d8769e7ef2
[2024-09-06T17:45:51.909+0000] {core_li.py:23} INFO - Successfully updated job requisition 66db04acbf0a19d8769e7ef4
[2024-09-06T17:45:51.917+0000] {core_li.py:23} INFO - Successfully updated job requisition 66db04acbf0a19d8769e7ef6
[2024-09-06T17:45:51.926+0000] {core_li.py:23} INFO - Successfully updated job requisition 66db04acbf0a19d8769e7ef8
[2024-09-06T17:45:51.936+0000] {core_li.py:23} INFO - Successfully updated job requisition 66db04acbf0a19d8769e7efa
[2024-09-06T17:45:51.943+0000] {core_li.py:23} INFO - Successfully updated job requisition 66db04acbf0a19d8769e7efc
[2024-09-06T17:45:51.951+0000] {core_li.py:23} INFO - Successfully updated job requisition 66db04acbf0a19d8769e7efe
[2024-09-06T17:45:51.957+0000] {core_li.py:23} INFO - Successfully updated job requisition 66db04acbf0a19d8769e7f00
[2024-09-06T17:45:51.964+0000] {core_li.py:23} INFO - Successfully updated job requisition 66db04acbf0a19d8769e7f02
[2024-09-06T17:45:51.971+0000] {core_li.py:23} INFO - Successfully updated job requisition 66db04acbf0a19d8769e7f04
[2024-09-06T17:45:51.980+0000] {core_li.py:23} INFO - Successfully updated job requisition 66db04acbf0a19d8769e7f06
[2024-09-06T17:45:51.988+0000] {core_li.py:23} INFO - Successfully updated job requisition 66db04acbf0a19d8769e7f08
[2024-09-06T17:45:51.994+0000] {core_li.py:23} INFO - Successfully updated job requisition 66db04acbf0a19d8769e7f0a
[2024-09-06T17:45:52.001+0000] {core_li.py:23} INFO - Successfully updated job requisition 66db04acbf0a19d8769e7f0c
[2024-09-06T17:45:52.008+0000] {core_li.py:23} INFO - Successfully updated job requisition 66db04acbf0a19d8769e7f0e
[2024-09-06T17:45:52.015+0000] {core_li.py:23} INFO - Successfully updated job requisition 66db04acbf0a19d8769e7f10
[2024-09-06T17:45:52.022+0000] {core_li.py:23} INFO - Successfully updated job requisition 66db04acbf0a19d8769e7f12
[2024-09-06T17:45:52.029+0000] {core_li.py:23} INFO - Successfully updated job requisition 66db04acbf0a19d8769e7f14
[2024-09-06T17:45:52.035+0000] {core_li.py:23} INFO - Successfully updated job requisition 66db04acbf0a19d8769e7f16
[2024-09-06T17:45:52.044+0000] {core_li.py:23} INFO - Successfully updated job requisition 66db04acbf0a19d8769e7f18
[2024-09-06T17:45:52.050+0000] {core_li.py:23} INFO - Successfully updated job requisition 66db04acbf0a19d8769e7f1a
[2024-09-06T17:45:52.058+0000] {core_li.py:23} INFO - Successfully updated job requisition 66db04acbf0a19d8769e7f1c
[2024-09-06T17:45:52.066+0000] {core_li.py:23} INFO - Successfully updated job requisition 66db04acbf0a19d8769e7f1e
[2024-09-06T17:45:52.075+0000] {core_li.py:23} INFO - Successfully updated job requisition 66db04acbf0a19d8769e7f20
[2024-09-06T17:45:52.092+0000] {core_li.py:23} INFO - Successfully updated job requisition 66db04acbf0a19d8769e7f22
[2024-09-06T17:45:52.100+0000] {core_li.py:23} INFO - Successfully updated job requisition 66db04acbf0a19d8769e7f24
[2024-09-06T17:45:52.109+0000] {core_li.py:23} INFO - Successfully updated job requisition 66db04acbf0a19d8769e7f26
[2024-09-06T17:45:52.118+0000] {core_li.py:23} INFO - Successfully updated job requisition 66db04acbf0a19d8769e7f28
[2024-09-06T17:45:52.127+0000] {core_li.py:23} INFO - Successfully updated job requisition 66db04acbf0a19d8769e7f2a
[2024-09-06T17:45:52.134+0000] {core_li.py:23} INFO - Successfully updated job requisition 66db04acbf0a19d8769e7f2c
[2024-09-06T17:45:52.141+0000] {core_li.py:23} INFO - Successfully updated job requisition 66db04acbf0a19d8769e7f2e
[2024-09-06T17:45:52.149+0000] {core_li.py:23} INFO - Successfully updated job requisition 66db04acbf0a19d8769e7f30
[2024-09-06T17:45:52.155+0000] {core_li.py:23} INFO - Successfully updated job requisition 66db04acbf0a19d8769e7f32
[2024-09-06T17:45:52.161+0000] {core_li.py:23} INFO - Successfully updated job requisition 66db04acbf0a19d8769e7f34
[2024-09-06T17:45:52.169+0000] {core_li.py:23} INFO - Successfully updated job requisition 66db04acbf0a19d8769e7f36
[2024-09-06T17:45:52.178+0000] {core_li.py:23} INFO - Successfully updated job requisition 66db04acbf0a19d8769e7f38
[2024-09-06T17:45:52.186+0000] {core_li.py:23} INFO - Successfully updated job requisition 66db04acbf0a19d8769e7f3a
[2024-09-06T17:45:52.193+0000] {core_li.py:23} INFO - Successfully updated job requisition 66db04acbf0a19d8769e7f3c
[2024-09-06T17:45:52.200+0000] {core_li.py:23} INFO - Successfully updated job requisition 66db04acbf0a19d8769e7f3e
[2024-09-06T17:45:52.211+0000] {core_li.py:23} INFO - Successfully updated job requisition 66db04acbf0a19d8769e7f40
[2024-09-06T17:45:52.219+0000] {core_li.py:23} INFO - Successfully updated job requisition 66db04acbf0a19d8769e7f42
[2024-09-06T17:45:52.227+0000] {core_li.py:23} INFO - Successfully updated job requisition 66db04acbf0a19d8769e7f44
[2024-09-06T17:45:52.238+0000] {core_li.py:23} INFO - Successfully updated job requisition 66db04acbf0a19d8769e7f46
[2024-09-06T17:45:52.246+0000] {core_li.py:23} INFO - Successfully updated job requisition 66db04acbf0a19d8769e7f48
[2024-09-06T17:45:52.254+0000] {core_li.py:23} INFO - Successfully updated job requisition 66db04acbf0a19d8769e7f4a
[2024-09-06T17:45:52.262+0000] {core_li.py:23} INFO - Successfully updated job requisition 66db04acbf0a19d8769e7f4c
[2024-09-06T17:45:52.269+0000] {core_li.py:23} INFO - Successfully updated job requisition 66db04acbf0a19d8769e7f4e
[2024-09-06T17:45:52.279+0000] {core_li.py:23} INFO - Successfully updated job requisition 66db04acbf0a19d8769e7f50
[2024-09-06T17:45:52.279+0000] {python.py:240} INFO - Done. Returned value was: 100
[2024-09-06T17:45:52.308+0000] {taskinstance.py:340} INFO - ::group::Post task execution logs
[2024-09-06T17:45:52.309+0000] {taskinstance.py:352} INFO - Marking task as SUCCESS. dag_id=async_flow, task_id=task_backfill_number_of_cancelled_candidates_in_batch, run_id=manual__2024-09-06T17:29:39.458358+00:00, map_index=29, execution_date=20240906T172939, start_date=20240906T174551, end_date=20240906T174552
[2024-09-06T17:45:52.360+0000] {local_task_job_runner.py:266} INFO - Task exited with return code 0
[2024-09-06T17:45:52.365+0000] {local_task_job_runner.py:245} INFO - ::endgroup::
