[2024-09-06T17:29:45.307+0000] {local_task_job_runner.py:123} INFO - ::group::Pre task execution logs
[2024-09-06T17:29:45.324+0000] {taskinstance.py:2612} INFO - Dependencies all met for dep_context=non-requeueable deps ti=<TaskInstance: async_flow.task_backfill_number_of_cancelled_candidates_in_batch manual__2024-09-06T17:29:39.458358+00:00 map_index=29 [queued]>
[2024-09-06T17:29:45.337+0000] {taskinstance.py:2612} INFO - Dependencies all met for dep_context=requeueable deps ti=<TaskInstance: async_flow.task_backfill_number_of_cancelled_candidates_in_batch manual__2024-09-06T17:29:39.458358+00:00 map_index=29 [queued]>
[2024-09-06T17:29:45.339+0000] {taskinstance.py:2865} INFO - Starting attempt 1 of 1
[2024-09-06T17:29:45.391+0000] {taskinstance.py:2888} INFO - Executing <Mapped(_PythonDecoratedOperator): task_backfill_number_of_cancelled_candidates_in_batch> on 2024-09-06 17:29:39.458358+00:00
[2024-09-06T17:29:45.403+0000] {warnings.py:112} WARNING - /home/***/.local/lib/python3.12/site-packages/***/task/task_runner/standard_task_runner.py:70: DeprecationWarning: This process (pid=3226) is multi-threaded, use of fork() may lead to deadlocks in the child.
  pid = os.fork()

[2024-09-06T17:29:45.408+0000] {standard_task_runner.py:72} INFO - Started process 3303 to run task
[2024-09-06T17:29:45.413+0000] {standard_task_runner.py:104} INFO - Running: ['***', 'tasks', 'run', 'async_flow', 'task_backfill_number_of_cancelled_candidates_in_batch', 'manual__2024-09-06T17:29:39.458358+00:00', '--job-id', '150', '--raw', '--subdir', 'DAGS_FOLDER/dags_async_flow.py', '--cfg-path', '/tmp/tmpnbxng7g3', '--map-index', '29']
[2024-09-06T17:29:45.417+0000] {standard_task_runner.py:105} INFO - Job 150: Subtask task_backfill_number_of_cancelled_candidates_in_batch
[2024-09-06T17:29:45.594+0000] {task_command.py:467} INFO - Running <TaskInstance: async_flow.task_backfill_number_of_cancelled_candidates_in_batch manual__2024-09-06T17:29:39.458358+00:00 map_index=29 [running]> on host a3a5f1897683
[2024-09-06T17:29:45.711+0000] {taskinstance.py:3131} INFO - Exporting env vars: AIRFLOW_CTX_DAG_OWNER='***' AIRFLOW_CTX_DAG_ID='async_flow' AIRFLOW_CTX_TASK_ID='task_backfill_number_of_cancelled_candidates_in_batch' AIRFLOW_CTX_EXECUTION_DATE='2024-09-06T17:29:39.458358+00:00' AIRFLOW_CTX_TRY_NUMBER='1' AIRFLOW_CTX_DAG_RUN_ID='manual__2024-09-06T17:29:39.458358+00:00'
[2024-09-06T17:29:45.714+0000] {taskinstance.py:731} INFO - ::endgroup::
[2024-09-06T17:29:45.728+0000] {core_li.py:23} INFO - Successfully updated job requisition 66db04acbf0a19d8769e7e8a
[2024-09-06T17:29:45.742+0000] {core_li.py:23} INFO - Successfully updated job requisition 66db04acbf0a19d8769e7e8c
[2024-09-06T17:29:45.765+0000] {core_li.py:23} INFO - Successfully updated job requisition 66db04acbf0a19d8769e7e8e
[2024-09-06T17:29:45.779+0000] {core_li.py:23} INFO - Successfully updated job requisition 66db04acbf0a19d8769e7e90
[2024-09-06T17:29:45.790+0000] {core_li.py:23} INFO - Successfully updated job requisition 66db04acbf0a19d8769e7e92
[2024-09-06T17:29:45.797+0000] {core_li.py:23} INFO - Successfully updated job requisition 66db04acbf0a19d8769e7e94
[2024-09-06T17:29:45.807+0000] {core_li.py:23} INFO - Successfully updated job requisition 66db04acbf0a19d8769e7e96
[2024-09-06T17:29:45.823+0000] {core_li.py:23} INFO - Successfully updated job requisition 66db04acbf0a19d8769e7e98
[2024-09-06T17:29:45.841+0000] {core_li.py:23} INFO - Successfully updated job requisition 66db04acbf0a19d8769e7e9a
[2024-09-06T17:29:45.848+0000] {core_li.py:23} INFO - Successfully updated job requisition 66db04acbf0a19d8769e7e9c
[2024-09-06T17:29:45.861+0000] {core_li.py:23} INFO - Successfully updated job requisition 66db04acbf0a19d8769e7e9e
[2024-09-06T17:29:45.873+0000] {core_li.py:23} INFO - Successfully updated job requisition 66db04acbf0a19d8769e7ea0
[2024-09-06T17:29:45.885+0000] {core_li.py:23} INFO - Successfully updated job requisition 66db04acbf0a19d8769e7ea2
[2024-09-06T17:29:45.901+0000] {core_li.py:23} INFO - Successfully updated job requisition 66db04acbf0a19d8769e7ea4
[2024-09-06T17:29:45.916+0000] {core_li.py:23} INFO - Successfully updated job requisition 66db04acbf0a19d8769e7ea6
[2024-09-06T17:29:45.924+0000] {core_li.py:23} INFO - Successfully updated job requisition 66db04acbf0a19d8769e7ea8
[2024-09-06T17:29:45.932+0000] {core_li.py:23} INFO - Successfully updated job requisition 66db04acbf0a19d8769e7eaa
[2024-09-06T17:29:45.944+0000] {core_li.py:23} INFO - Successfully updated job requisition 66db04acbf0a19d8769e7eac
[2024-09-06T17:29:45.953+0000] {core_li.py:23} INFO - Successfully updated job requisition 66db04acbf0a19d8769e7eae
[2024-09-06T17:29:45.962+0000] {core_li.py:23} INFO - Successfully updated job requisition 66db04acbf0a19d8769e7eb0
[2024-09-06T17:29:45.970+0000] {core_li.py:23} INFO - Successfully updated job requisition 66db04acbf0a19d8769e7eb2
[2024-09-06T17:29:45.979+0000] {core_li.py:23} INFO - Successfully updated job requisition 66db04acbf0a19d8769e7eb4
[2024-09-06T17:29:45.989+0000] {core_li.py:23} INFO - Successfully updated job requisition 66db04acbf0a19d8769e7eb6
[2024-09-06T17:29:45.998+0000] {core_li.py:23} INFO - Successfully updated job requisition 66db04acbf0a19d8769e7eb8
[2024-09-06T17:29:46.009+0000] {core_li.py:23} INFO - Successfully updated job requisition 66db04acbf0a19d8769e7eba
[2024-09-06T17:29:46.022+0000] {core_li.py:23} INFO - Successfully updated job requisition 66db04acbf0a19d8769e7ebc
[2024-09-06T17:29:46.034+0000] {core_li.py:23} INFO - Successfully updated job requisition 66db04acbf0a19d8769e7ebe
[2024-09-06T17:29:46.045+0000] {core_li.py:23} INFO - Successfully updated job requisition 66db04acbf0a19d8769e7ec0
[2024-09-06T17:29:46.055+0000] {core_li.py:23} INFO - Successfully updated job requisition 66db04acbf0a19d8769e7ec2
[2024-09-06T17:29:46.065+0000] {core_li.py:23} INFO - Successfully updated job requisition 66db04acbf0a19d8769e7ec4
[2024-09-06T17:29:46.073+0000] {core_li.py:23} INFO - Successfully updated job requisition 66db04acbf0a19d8769e7ec6
[2024-09-06T17:29:46.085+0000] {core_li.py:23} INFO - Successfully updated job requisition 66db04acbf0a19d8769e7ec8
[2024-09-06T17:29:46.098+0000] {core_li.py:23} INFO - Successfully updated job requisition 66db04acbf0a19d8769e7eca
[2024-09-06T17:29:46.118+0000] {core_li.py:23} INFO - Successfully updated job requisition 66db04acbf0a19d8769e7ecc
[2024-09-06T17:29:46.129+0000] {core_li.py:23} INFO - Successfully updated job requisition 66db04acbf0a19d8769e7ece
[2024-09-06T17:29:46.142+0000] {core_li.py:23} INFO - Successfully updated job requisition 66db04acbf0a19d8769e7ed0
[2024-09-06T17:29:46.153+0000] {core_li.py:23} INFO - Successfully updated job requisition 66db04acbf0a19d8769e7ed2
[2024-09-06T17:29:46.164+0000] {core_li.py:23} INFO - Successfully updated job requisition 66db04acbf0a19d8769e7ed4
[2024-09-06T17:29:46.174+0000] {core_li.py:23} INFO - Successfully updated job requisition 66db04acbf0a19d8769e7ed6
[2024-09-06T17:29:46.182+0000] {core_li.py:23} INFO - Successfully updated job requisition 66db04acbf0a19d8769e7ed8
[2024-09-06T17:29:46.190+0000] {core_li.py:23} INFO - Successfully updated job requisition 66db04acbf0a19d8769e7eda
[2024-09-06T17:29:46.201+0000] {core_li.py:23} INFO - Successfully updated job requisition 66db04acbf0a19d8769e7edc
[2024-09-06T17:29:46.210+0000] {core_li.py:23} INFO - Successfully updated job requisition 66db04acbf0a19d8769e7ede
[2024-09-06T17:29:46.220+0000] {core_li.py:23} INFO - Successfully updated job requisition 66db04acbf0a19d8769e7ee0
[2024-09-06T17:29:46.229+0000] {core_li.py:23} INFO - Successfully updated job requisition 66db04acbf0a19d8769e7ee2
[2024-09-06T17:29:46.240+0000] {core_li.py:23} INFO - Successfully updated job requisition 66db04acbf0a19d8769e7ee4
[2024-09-06T17:29:46.248+0000] {core_li.py:23} INFO - Successfully updated job requisition 66db04acbf0a19d8769e7ee6
[2024-09-06T17:29:46.259+0000] {core_li.py:23} INFO - Successfully updated job requisition 66db04acbf0a19d8769e7ee8
[2024-09-06T17:29:46.267+0000] {core_li.py:23} INFO - Successfully updated job requisition 66db04acbf0a19d8769e7eea
[2024-09-06T17:29:46.278+0000] {core_li.py:23} INFO - Successfully updated job requisition 66db04acbf0a19d8769e7eec
[2024-09-06T17:29:46.289+0000] {core_li.py:23} INFO - Successfully updated job requisition 66db04acbf0a19d8769e7eee
[2024-09-06T17:29:46.300+0000] {core_li.py:23} INFO - Successfully updated job requisition 66db04acbf0a19d8769e7ef0
[2024-09-06T17:29:46.309+0000] {core_li.py:23} INFO - Successfully updated job requisition 66db04acbf0a19d8769e7ef2
[2024-09-06T17:29:46.318+0000] {core_li.py:23} INFO - Successfully updated job requisition 66db04acbf0a19d8769e7ef4
[2024-09-06T17:29:46.324+0000] {core_li.py:23} INFO - Successfully updated job requisition 66db04acbf0a19d8769e7ef6
[2024-09-06T17:29:46.331+0000] {core_li.py:23} INFO - Successfully updated job requisition 66db04acbf0a19d8769e7ef8
[2024-09-06T17:29:46.342+0000] {core_li.py:23} INFO - Successfully updated job requisition 66db04acbf0a19d8769e7efa
[2024-09-06T17:29:46.363+0000] {core_li.py:23} INFO - Successfully updated job requisition 66db04acbf0a19d8769e7efc
[2024-09-06T17:29:46.371+0000] {core_li.py:23} INFO - Successfully updated job requisition 66db04acbf0a19d8769e7efe
[2024-09-06T17:29:46.377+0000] {core_li.py:23} INFO - Successfully updated job requisition 66db04acbf0a19d8769e7f00
[2024-09-06T17:29:46.384+0000] {core_li.py:23} INFO - Successfully updated job requisition 66db04acbf0a19d8769e7f02
[2024-09-06T17:29:46.391+0000] {core_li.py:23} INFO - Successfully updated job requisition 66db04acbf0a19d8769e7f04
[2024-09-06T17:29:46.398+0000] {core_li.py:23} INFO - Successfully updated job requisition 66db04acbf0a19d8769e7f06
[2024-09-06T17:29:46.406+0000] {core_li.py:23} INFO - Successfully updated job requisition 66db04acbf0a19d8769e7f08
[2024-09-06T17:29:46.412+0000] {core_li.py:23} INFO - Successfully updated job requisition 66db04acbf0a19d8769e7f0a
[2024-09-06T17:29:46.419+0000] {core_li.py:23} INFO - Successfully updated job requisition 66db04acbf0a19d8769e7f0c
[2024-09-06T17:29:46.426+0000] {core_li.py:23} INFO - Successfully updated job requisition 66db04acbf0a19d8769e7f0e
[2024-09-06T17:29:46.434+0000] {core_li.py:23} INFO - Successfully updated job requisition 66db04acbf0a19d8769e7f10
[2024-09-06T17:29:46.444+0000] {core_li.py:23} INFO - Successfully updated job requisition 66db04acbf0a19d8769e7f12
[2024-09-06T17:29:46.453+0000] {core_li.py:23} INFO - Successfully updated job requisition 66db04acbf0a19d8769e7f14
[2024-09-06T17:29:46.460+0000] {core_li.py:23} INFO - Successfully updated job requisition 66db04acbf0a19d8769e7f16
[2024-09-06T17:29:46.469+0000] {core_li.py:23} INFO - Successfully updated job requisition 66db04acbf0a19d8769e7f18
[2024-09-06T17:29:46.478+0000] {core_li.py:23} INFO - Successfully updated job requisition 66db04acbf0a19d8769e7f1a
[2024-09-06T17:29:46.486+0000] {core_li.py:23} INFO - Successfully updated job requisition 66db04acbf0a19d8769e7f1c
[2024-09-06T17:29:46.493+0000] {core_li.py:23} INFO - Successfully updated job requisition 66db04acbf0a19d8769e7f1e
[2024-09-06T17:29:46.502+0000] {core_li.py:23} INFO - Successfully updated job requisition 66db04acbf0a19d8769e7f20
[2024-09-06T17:29:46.509+0000] {core_li.py:23} INFO - Successfully updated job requisition 66db04acbf0a19d8769e7f22
[2024-09-06T17:29:46.518+0000] {core_li.py:23} INFO - Successfully updated job requisition 66db04acbf0a19d8769e7f24
[2024-09-06T17:29:46.526+0000] {core_li.py:23} INFO - Successfully updated job requisition 66db04acbf0a19d8769e7f26
[2024-09-06T17:29:46.533+0000] {core_li.py:23} INFO - Successfully updated job requisition 66db04acbf0a19d8769e7f28
[2024-09-06T17:29:46.541+0000] {core_li.py:23} INFO - Successfully updated job requisition 66db04acbf0a19d8769e7f2a
[2024-09-06T17:29:46.553+0000] {core_li.py:23} INFO - Successfully updated job requisition 66db04acbf0a19d8769e7f2c
[2024-09-06T17:29:46.560+0000] {core_li.py:23} INFO - Successfully updated job requisition 66db04acbf0a19d8769e7f2e
[2024-09-06T17:29:46.570+0000] {core_li.py:23} INFO - Successfully updated job requisition 66db04acbf0a19d8769e7f30
[2024-09-06T17:29:46.581+0000] {core_li.py:23} INFO - Successfully updated job requisition 66db04acbf0a19d8769e7f32
[2024-09-06T17:29:46.592+0000] {core_li.py:23} INFO - Successfully updated job requisition 66db04acbf0a19d8769e7f34
[2024-09-06T17:29:46.600+0000] {core_li.py:23} INFO - Successfully updated job requisition 66db04acbf0a19d8769e7f36
[2024-09-06T17:29:46.614+0000] {core_li.py:23} INFO - Successfully updated job requisition 66db04acbf0a19d8769e7f38
[2024-09-06T17:29:46.622+0000] {core_li.py:23} INFO - Successfully updated job requisition 66db04acbf0a19d8769e7f3a
[2024-09-06T17:29:46.633+0000] {core_li.py:23} INFO - Successfully updated job requisition 66db04acbf0a19d8769e7f3c
[2024-09-06T17:29:46.641+0000] {core_li.py:23} INFO - Successfully updated job requisition 66db04acbf0a19d8769e7f3e
[2024-09-06T17:29:46.650+0000] {core_li.py:23} INFO - Successfully updated job requisition 66db04acbf0a19d8769e7f40
[2024-09-06T17:29:46.657+0000] {core_li.py:23} INFO - Successfully updated job requisition 66db04acbf0a19d8769e7f42
[2024-09-06T17:29:46.667+0000] {core_li.py:23} INFO - Successfully updated job requisition 66db04acbf0a19d8769e7f44
[2024-09-06T17:29:46.674+0000] {core_li.py:23} INFO - Successfully updated job requisition 66db04acbf0a19d8769e7f46
[2024-09-06T17:29:46.684+0000] {core_li.py:23} INFO - Successfully updated job requisition 66db04acbf0a19d8769e7f48
[2024-09-06T17:29:46.693+0000] {core_li.py:23} INFO - Successfully updated job requisition 66db04acbf0a19d8769e7f4a
[2024-09-06T17:29:46.700+0000] {core_li.py:23} INFO - Successfully updated job requisition 66db04acbf0a19d8769e7f4c
[2024-09-06T17:29:46.707+0000] {core_li.py:23} INFO - Successfully updated job requisition 66db04acbf0a19d8769e7f4e
[2024-09-06T17:29:46.715+0000] {core_li.py:23} INFO - Successfully updated job requisition 66db04acbf0a19d8769e7f50
[2024-09-06T17:29:46.716+0000] {python.py:240} INFO - Done. Returned value was: 100
[2024-09-06T17:29:46.737+0000] {taskinstance.py:340} INFO - ::group::Post task execution logs
[2024-09-06T17:29:46.738+0000] {taskinstance.py:352} INFO - Marking task as SUCCESS. dag_id=async_flow, task_id=task_backfill_number_of_cancelled_candidates_in_batch, run_id=manual__2024-09-06T17:29:39.458358+00:00, map_index=29, execution_date=20240906T172939, start_date=20240906T172945, end_date=20240906T172946
[2024-09-06T17:29:46.756+0000] {local_task_job_runner.py:266} INFO - Task exited with return code 0
[2024-09-06T17:29:46.762+0000] {local_task_job_runner.py:245} INFO - ::endgroup::
