[2024-09-06T17:29:47.898+0000] {local_task_job_runner.py:123} INFO - ::group::Pre task execution logs
[2024-09-06T17:29:47.924+0000] {taskinstance.py:2612} INFO - Dependencies all met for dep_context=non-requeueable deps ti=<TaskInstance: async_flow.task_backfill_number_of_cancelled_candidates_in_batch manual__2024-09-06T17:29:39.458358+00:00 map_index=37 [queued]>
[2024-09-06T17:29:47.941+0000] {taskinstance.py:2612} INFO - Dependencies all met for dep_context=requeueable deps ti=<TaskInstance: async_flow.task_backfill_number_of_cancelled_candidates_in_batch manual__2024-09-06T17:29:39.458358+00:00 map_index=37 [queued]>
[2024-09-06T17:29:47.946+0000] {taskinstance.py:2865} INFO - Starting attempt 1 of 1
[2024-09-06T17:29:47.972+0000] {taskinstance.py:2888} INFO - Executing <Mapped(_PythonDecoratedOperator): task_backfill_number_of_cancelled_candidates_in_batch> on 2024-09-06 17:29:39.458358+00:00
[2024-09-06T17:29:47.979+0000] {warnings.py:112} WARNING - /home/***/.local/lib/python3.12/site-packages/***/task/task_runner/standard_task_runner.py:70: DeprecationWarning: This process (pid=3315) is multi-threaded, use of fork() may lead to deadlocks in the child.
  pid = os.fork()

[2024-09-06T17:29:47.983+0000] {standard_task_runner.py:72} INFO - Started process 3375 to run task
[2024-09-06T17:29:47.986+0000] {standard_task_runner.py:104} INFO - Running: ['***', 'tasks', 'run', 'async_flow', 'task_backfill_number_of_cancelled_candidates_in_batch', 'manual__2024-09-06T17:29:39.458358+00:00', '--job-id', '158', '--raw', '--subdir', 'DAGS_FOLDER/dags_async_flow.py', '--cfg-path', '/tmp/tmpfgs_qq02', '--map-index', '37']
[2024-09-06T17:29:47.995+0000] {standard_task_runner.py:105} INFO - Job 158: Subtask task_backfill_number_of_cancelled_candidates_in_batch
[2024-09-06T17:29:48.103+0000] {task_command.py:467} INFO - Running <TaskInstance: async_flow.task_backfill_number_of_cancelled_candidates_in_batch manual__2024-09-06T17:29:39.458358+00:00 map_index=37 [running]> on host a3a5f1897683
[2024-09-06T17:29:48.269+0000] {taskinstance.py:3131} INFO - Exporting env vars: AIRFLOW_CTX_DAG_OWNER='***' AIRFLOW_CTX_DAG_ID='async_flow' AIRFLOW_CTX_TASK_ID='task_backfill_number_of_cancelled_candidates_in_batch' AIRFLOW_CTX_EXECUTION_DATE='2024-09-06T17:29:39.458358+00:00' AIRFLOW_CTX_TRY_NUMBER='1' AIRFLOW_CTX_DAG_RUN_ID='manual__2024-09-06T17:29:39.458358+00:00'
[2024-09-06T17:29:48.274+0000] {taskinstance.py:731} INFO - ::endgroup::
[2024-09-06T17:29:48.293+0000] {core_li.py:23} INFO - Successfully updated job requisition 66db04abbf0a19d8769e68aa
[2024-09-06T17:29:48.325+0000] {core_li.py:23} INFO - Successfully updated job requisition 66db04abbf0a19d8769e68ac
[2024-09-06T17:29:48.344+0000] {core_li.py:23} INFO - Successfully updated job requisition 66db04abbf0a19d8769e68ae
[2024-09-06T17:29:48.361+0000] {core_li.py:23} INFO - Successfully updated job requisition 66db04abbf0a19d8769e68b0
[2024-09-06T17:29:48.367+0000] {core_li.py:23} INFO - Successfully updated job requisition 66db04abbf0a19d8769e68b2
[2024-09-06T17:29:48.378+0000] {core_li.py:23} INFO - Successfully updated job requisition 66db04abbf0a19d8769e68b4
[2024-09-06T17:29:48.388+0000] {core_li.py:23} INFO - Successfully updated job requisition 66db04abbf0a19d8769e68b6
[2024-09-06T17:29:48.401+0000] {core_li.py:23} INFO - Successfully updated job requisition 66db04abbf0a19d8769e68b8
[2024-09-06T17:29:48.409+0000] {core_li.py:23} INFO - Successfully updated job requisition 66db04abbf0a19d8769e68ba
[2024-09-06T17:29:48.446+0000] {core_li.py:23} INFO - Successfully updated job requisition 66db04abbf0a19d8769e68bc
[2024-09-06T17:29:48.462+0000] {core_li.py:23} INFO - Successfully updated job requisition 66db04abbf0a19d8769e68be
[2024-09-06T17:29:48.469+0000] {core_li.py:23} INFO - Successfully updated job requisition 66db04abbf0a19d8769e68c0
[2024-09-06T17:29:48.476+0000] {core_li.py:23} INFO - Successfully updated job requisition 66db04abbf0a19d8769e68c2
[2024-09-06T17:29:48.488+0000] {core_li.py:23} INFO - Successfully updated job requisition 66db04abbf0a19d8769e68c4
[2024-09-06T17:29:48.496+0000] {core_li.py:23} INFO - Successfully updated job requisition 66db04abbf0a19d8769e68c6
[2024-09-06T17:29:48.505+0000] {core_li.py:23} INFO - Successfully updated job requisition 66db04abbf0a19d8769e68c8
[2024-09-06T17:29:48.525+0000] {core_li.py:23} INFO - Successfully updated job requisition 66db04abbf0a19d8769e68ca
[2024-09-06T17:29:48.541+0000] {core_li.py:23} INFO - Successfully updated job requisition 66db04abbf0a19d8769e68cc
[2024-09-06T17:29:48.551+0000] {core_li.py:23} INFO - Successfully updated job requisition 66db04abbf0a19d8769e68ce
[2024-09-06T17:29:48.567+0000] {core_li.py:23} INFO - Successfully updated job requisition 66db04abbf0a19d8769e68d0
[2024-09-06T17:29:48.584+0000] {core_li.py:23} INFO - Successfully updated job requisition 66db04abbf0a19d8769e68d2
[2024-09-06T17:29:48.595+0000] {core_li.py:23} INFO - Successfully updated job requisition 66db04abbf0a19d8769e68d4
[2024-09-06T17:29:48.634+0000] {core_li.py:23} INFO - Successfully updated job requisition 66db04abbf0a19d8769e68d6
[2024-09-06T17:29:48.657+0000] {core_li.py:23} INFO - Successfully updated job requisition 66db04abbf0a19d8769e68d8
[2024-09-06T17:29:48.672+0000] {core_li.py:23} INFO - Successfully updated job requisition 66db04abbf0a19d8769e68da
[2024-09-06T17:29:48.690+0000] {core_li.py:23} INFO - Successfully updated job requisition 66db04abbf0a19d8769e68dc
[2024-09-06T17:29:48.700+0000] {core_li.py:23} INFO - Successfully updated job requisition 66db04abbf0a19d8769e68de
[2024-09-06T17:29:48.710+0000] {core_li.py:23} INFO - Successfully updated job requisition 66db04abbf0a19d8769e68e0
[2024-09-06T17:29:48.720+0000] {core_li.py:23} INFO - Successfully updated job requisition 66db04abbf0a19d8769e68e2
[2024-09-06T17:29:48.730+0000] {core_li.py:23} INFO - Successfully updated job requisition 66db04abbf0a19d8769e68e4
[2024-09-06T17:29:48.742+0000] {core_li.py:23} INFO - Successfully updated job requisition 66db04abbf0a19d8769e68e6
[2024-09-06T17:29:48.752+0000] {core_li.py:23} INFO - Successfully updated job requisition 66db04abbf0a19d8769e68e8
[2024-09-06T17:29:48.760+0000] {core_li.py:23} INFO - Successfully updated job requisition 66db04abbf0a19d8769e68ea
[2024-09-06T17:29:48.774+0000] {core_li.py:23} INFO - Successfully updated job requisition 66db04abbf0a19d8769e68ec
[2024-09-06T17:29:48.781+0000] {core_li.py:23} INFO - Successfully updated job requisition 66db04abbf0a19d8769e68ee
[2024-09-06T17:29:48.788+0000] {core_li.py:23} INFO - Successfully updated job requisition 66db04abbf0a19d8769e68f0
[2024-09-06T17:29:48.796+0000] {core_li.py:23} INFO - Successfully updated job requisition 66db04abbf0a19d8769e68f2
[2024-09-06T17:29:48.805+0000] {core_li.py:23} INFO - Successfully updated job requisition 66db04abbf0a19d8769e68f4
[2024-09-06T17:29:48.817+0000] {core_li.py:23} INFO - Successfully updated job requisition 66db04abbf0a19d8769e68f6
[2024-09-06T17:29:48.823+0000] {core_li.py:23} INFO - Successfully updated job requisition 66db04abbf0a19d8769e68f8
[2024-09-06T17:29:48.832+0000] {core_li.py:23} INFO - Successfully updated job requisition 66db04abbf0a19d8769e68fa
[2024-09-06T17:29:48.840+0000] {core_li.py:23} INFO - Successfully updated job requisition 66db04abbf0a19d8769e68fc
[2024-09-06T17:29:48.848+0000] {core_li.py:23} INFO - Successfully updated job requisition 66db04abbf0a19d8769e68fe
[2024-09-06T17:29:48.856+0000] {core_li.py:23} INFO - Successfully updated job requisition 66db04abbf0a19d8769e6900
[2024-09-06T17:29:48.863+0000] {core_li.py:23} INFO - Successfully updated job requisition 66db04abbf0a19d8769e6902
[2024-09-06T17:29:48.872+0000] {core_li.py:23} INFO - Successfully updated job requisition 66db04abbf0a19d8769e6904
[2024-09-06T17:29:48.881+0000] {core_li.py:23} INFO - Successfully updated job requisition 66db04abbf0a19d8769e6906
[2024-09-06T17:29:48.892+0000] {core_li.py:23} INFO - Successfully updated job requisition 66db04abbf0a19d8769e6908
[2024-09-06T17:29:48.906+0000] {core_li.py:23} INFO - Successfully updated job requisition 66db04abbf0a19d8769e690a
[2024-09-06T17:29:48.915+0000] {core_li.py:23} INFO - Successfully updated job requisition 66db04abbf0a19d8769e690c
[2024-09-06T17:29:48.926+0000] {core_li.py:23} INFO - Successfully updated job requisition 66db04abbf0a19d8769e690e
[2024-09-06T17:29:48.935+0000] {core_li.py:23} INFO - Successfully updated job requisition 66db04abbf0a19d8769e6910
[2024-09-06T17:29:48.941+0000] {core_li.py:23} INFO - Successfully updated job requisition 66db04abbf0a19d8769e6912
[2024-09-06T17:29:48.949+0000] {core_li.py:23} INFO - Successfully updated job requisition 66db04abbf0a19d8769e6914
[2024-09-06T17:29:48.957+0000] {core_li.py:23} INFO - Successfully updated job requisition 66db04abbf0a19d8769e6916
[2024-09-06T17:29:48.966+0000] {core_li.py:23} INFO - Successfully updated job requisition 66db04abbf0a19d8769e6918
[2024-09-06T17:29:48.976+0000] {core_li.py:23} INFO - Successfully updated job requisition 66db04abbf0a19d8769e691a
[2024-09-06T17:29:48.989+0000] {core_li.py:23} INFO - Successfully updated job requisition 66db04abbf0a19d8769e691c
[2024-09-06T17:29:48.997+0000] {core_li.py:23} INFO - Successfully updated job requisition 66db04abbf0a19d8769e691e
[2024-09-06T17:29:49.010+0000] {core_li.py:23} INFO - Successfully updated job requisition 66db04abbf0a19d8769e6920
[2024-09-06T17:29:49.016+0000] {core_li.py:23} INFO - Successfully updated job requisition 66db04abbf0a19d8769e6922
[2024-09-06T17:29:49.025+0000] {core_li.py:23} INFO - Successfully updated job requisition 66db04abbf0a19d8769e6924
[2024-09-06T17:29:49.038+0000] {core_li.py:23} INFO - Successfully updated job requisition 66db04abbf0a19d8769e6926
[2024-09-06T17:29:49.049+0000] {core_li.py:23} INFO - Successfully updated job requisition 66db04abbf0a19d8769e6928
[2024-09-06T17:29:49.056+0000] {core_li.py:23} INFO - Successfully updated job requisition 66db04abbf0a19d8769e692a
[2024-09-06T17:29:49.063+0000] {core_li.py:23} INFO - Successfully updated job requisition 66db04abbf0a19d8769e692c
[2024-09-06T17:29:49.074+0000] {core_li.py:23} INFO - Successfully updated job requisition 66db04abbf0a19d8769e692e
[2024-09-06T17:29:49.082+0000] {core_li.py:23} INFO - Successfully updated job requisition 66db04abbf0a19d8769e6930
[2024-09-06T17:29:49.090+0000] {core_li.py:23} INFO - Successfully updated job requisition 66db04abbf0a19d8769e6932
[2024-09-06T17:29:49.097+0000] {core_li.py:23} INFO - Successfully updated job requisition 66db04abbf0a19d8769e6934
[2024-09-06T17:29:49.104+0000] {core_li.py:23} INFO - Successfully updated job requisition 66db04abbf0a19d8769e6936
[2024-09-06T17:29:49.114+0000] {core_li.py:23} INFO - Successfully updated job requisition 66db04abbf0a19d8769e6938
[2024-09-06T17:29:49.125+0000] {core_li.py:23} INFO - Successfully updated job requisition 66db04abbf0a19d8769e693a
[2024-09-06T17:29:49.132+0000] {core_li.py:23} INFO - Successfully updated job requisition 66db04abbf0a19d8769e693c
[2024-09-06T17:29:49.140+0000] {core_li.py:23} INFO - Successfully updated job requisition 66db04abbf0a19d8769e693e
[2024-09-06T17:29:49.152+0000] {core_li.py:23} INFO - Successfully updated job requisition 66db04abbf0a19d8769e6940
[2024-09-06T17:29:49.158+0000] {core_li.py:23} INFO - Successfully updated job requisition 66db04abbf0a19d8769e6942
[2024-09-06T17:29:49.165+0000] {core_li.py:23} INFO - Successfully updated job requisition 66db04abbf0a19d8769e6944
[2024-09-06T17:29:49.172+0000] {core_li.py:23} INFO - Successfully updated job requisition 66db04abbf0a19d8769e6946
[2024-09-06T17:29:49.181+0000] {core_li.py:23} INFO - Successfully updated job requisition 66db04abbf0a19d8769e6948
[2024-09-06T17:29:49.188+0000] {core_li.py:23} INFO - Successfully updated job requisition 66db04abbf0a19d8769e694a
[2024-09-06T17:29:49.194+0000] {core_li.py:23} INFO - Successfully updated job requisition 66db04abbf0a19d8769e694c
[2024-09-06T17:29:49.208+0000] {core_li.py:23} INFO - Successfully updated job requisition 66db04abbf0a19d8769e694e
[2024-09-06T17:29:49.214+0000] {core_li.py:23} INFO - Successfully updated job requisition 66db04abbf0a19d8769e6950
[2024-09-06T17:29:49.227+0000] {core_li.py:23} INFO - Successfully updated job requisition 66db04abbf0a19d8769e6952
[2024-09-06T17:29:49.236+0000] {core_li.py:23} INFO - Successfully updated job requisition 66db04abbf0a19d8769e6954
[2024-09-06T17:29:49.243+0000] {core_li.py:23} INFO - Successfully updated job requisition 66db04abbf0a19d8769e6956
[2024-09-06T17:29:49.251+0000] {core_li.py:23} INFO - Successfully updated job requisition 66db04abbf0a19d8769e6958
[2024-09-06T17:29:49.257+0000] {core_li.py:23} INFO - Successfully updated job requisition 66db04abbf0a19d8769e695a
[2024-09-06T17:29:49.264+0000] {core_li.py:23} INFO - Successfully updated job requisition 66db04abbf0a19d8769e695c
[2024-09-06T17:29:49.272+0000] {core_li.py:23} INFO - Successfully updated job requisition 66db04abbf0a19d8769e695e
[2024-09-06T17:29:49.280+0000] {core_li.py:23} INFO - Successfully updated job requisition 66db04abbf0a19d8769e6960
[2024-09-06T17:29:49.292+0000] {core_li.py:23} INFO - Successfully updated job requisition 66db04abbf0a19d8769e6962
[2024-09-06T17:29:49.301+0000] {core_li.py:23} INFO - Successfully updated job requisition 66db04abbf0a19d8769e6964
[2024-09-06T17:29:49.311+0000] {core_li.py:23} INFO - Successfully updated job requisition 66db04abbf0a19d8769e6966
[2024-09-06T17:29:49.320+0000] {core_li.py:23} INFO - Successfully updated job requisition 66db04abbf0a19d8769e6968
[2024-09-06T17:29:49.329+0000] {core_li.py:23} INFO - Successfully updated job requisition 66db04abbf0a19d8769e696a
[2024-09-06T17:29:49.341+0000] {core_li.py:23} INFO - Successfully updated job requisition 66db04abbf0a19d8769e696c
[2024-09-06T17:29:49.353+0000] {core_li.py:23} INFO - Successfully updated job requisition 66db04abbf0a19d8769e696e
[2024-09-06T17:29:49.364+0000] {core_li.py:23} INFO - Successfully updated job requisition 66db04abbf0a19d8769e6970
[2024-09-06T17:29:49.365+0000] {python.py:240} INFO - Done. Returned value was: 100
[2024-09-06T17:29:49.416+0000] {taskinstance.py:340} INFO - ::group::Post task execution logs
[2024-09-06T17:29:49.417+0000] {taskinstance.py:352} INFO - Marking task as SUCCESS. dag_id=async_flow, task_id=task_backfill_number_of_cancelled_candidates_in_batch, run_id=manual__2024-09-06T17:29:39.458358+00:00, map_index=37, execution_date=20240906T172939, start_date=20240906T172947, end_date=20240906T172949
[2024-09-06T17:29:49.450+0000] {local_task_job_runner.py:266} INFO - Task exited with return code 0
[2024-09-06T17:29:49.483+0000] {local_task_job_runner.py:245} INFO - ::endgroup::
