[2024-09-06T17:29:47.981+0000] {local_task_job_runner.py:123} INFO - ::group::Pre task execution logs
[2024-09-06T17:29:48.007+0000] {taskinstance.py:2612} INFO - Dependencies all met for dep_context=non-requeueable deps ti=<TaskInstance: async_flow.task_backfill_number_of_cancelled_candidates_in_batch manual__2024-09-06T17:29:39.458358+00:00 map_index=35 [queued]>
[2024-09-06T17:29:48.021+0000] {taskinstance.py:2612} INFO - Dependencies all met for dep_context=requeueable deps ti=<TaskInstance: async_flow.task_backfill_number_of_cancelled_candidates_in_batch manual__2024-09-06T17:29:39.458358+00:00 map_index=35 [queued]>
[2024-09-06T17:29:48.022+0000] {taskinstance.py:2865} INFO - Starting attempt 1 of 1
[2024-09-06T17:29:48.040+0000] {taskinstance.py:2888} INFO - Executing <Mapped(_PythonDecoratedOperator): task_backfill_number_of_cancelled_candidates_in_batch> on 2024-09-06 17:29:39.458358+00:00
[2024-09-06T17:29:48.047+0000] {warnings.py:112} WARNING - /home/***/.local/lib/python3.12/site-packages/***/task/task_runner/standard_task_runner.py:70: DeprecationWarning: This process (pid=3327) is multi-threaded, use of fork() may lead to deadlocks in the child.
  pid = os.fork()

[2024-09-06T17:29:48.051+0000] {standard_task_runner.py:72} INFO - Started process 3387 to run task
[2024-09-06T17:29:48.052+0000] {standard_task_runner.py:104} INFO - Running: ['***', 'tasks', 'run', 'async_flow', 'task_backfill_number_of_cancelled_candidates_in_batch', 'manual__2024-09-06T17:29:39.458358+00:00', '--job-id', '160', '--raw', '--subdir', 'DAGS_FOLDER/dags_async_flow.py', '--cfg-path', '/tmp/tmp_kcb7blm', '--map-index', '35']
[2024-09-06T17:29:48.056+0000] {standard_task_runner.py:105} INFO - Job 160: Subtask task_backfill_number_of_cancelled_candidates_in_batch
[2024-09-06T17:29:48.142+0000] {task_command.py:467} INFO - Running <TaskInstance: async_flow.task_backfill_number_of_cancelled_candidates_in_batch manual__2024-09-06T17:29:39.458358+00:00 map_index=35 [running]> on host a3a5f1897683
[2024-09-06T17:29:48.280+0000] {taskinstance.py:3131} INFO - Exporting env vars: AIRFLOW_CTX_DAG_OWNER='***' AIRFLOW_CTX_DAG_ID='async_flow' AIRFLOW_CTX_TASK_ID='task_backfill_number_of_cancelled_candidates_in_batch' AIRFLOW_CTX_EXECUTION_DATE='2024-09-06T17:29:39.458358+00:00' AIRFLOW_CTX_TRY_NUMBER='1' AIRFLOW_CTX_DAG_RUN_ID='manual__2024-09-06T17:29:39.458358+00:00'
[2024-09-06T17:29:48.281+0000] {taskinstance.py:731} INFO - ::endgroup::
[2024-09-06T17:29:48.300+0000] {core_li.py:23} INFO - Successfully updated job requisition 66db04acbf0a19d8769e81aa
[2024-09-06T17:29:48.333+0000] {core_li.py:23} INFO - Successfully updated job requisition 66db04acbf0a19d8769e81ac
[2024-09-06T17:29:48.364+0000] {core_li.py:23} INFO - Successfully updated job requisition 66db04acbf0a19d8769e81ae
[2024-09-06T17:29:48.375+0000] {core_li.py:23} INFO - Successfully updated job requisition 66db04acbf0a19d8769e81b0
[2024-09-06T17:29:48.389+0000] {core_li.py:23} INFO - Successfully updated job requisition 66db04acbf0a19d8769e81b2
[2024-09-06T17:29:48.397+0000] {core_li.py:23} INFO - Successfully updated job requisition 66db04acbf0a19d8769e81b4
[2024-09-06T17:29:48.413+0000] {core_li.py:23} INFO - Successfully updated job requisition 66db04acbf0a19d8769e81b6
[2024-09-06T17:29:48.429+0000] {core_li.py:23} INFO - Successfully updated job requisition 66db04acbf0a19d8769e81b8
[2024-09-06T17:29:48.446+0000] {core_li.py:23} INFO - Successfully updated job requisition 66db04acbf0a19d8769e81ba
[2024-09-06T17:29:48.456+0000] {core_li.py:23} INFO - Successfully updated job requisition 66db04acbf0a19d8769e81bc
[2024-09-06T17:29:48.466+0000] {core_li.py:23} INFO - Successfully updated job requisition 66db04acbf0a19d8769e81be
[2024-09-06T17:29:48.475+0000] {core_li.py:23} INFO - Successfully updated job requisition 66db04acbf0a19d8769e81c0
[2024-09-06T17:29:48.483+0000] {core_li.py:23} INFO - Successfully updated job requisition 66db04acbf0a19d8769e81c2
[2024-09-06T17:29:48.495+0000] {core_li.py:23} INFO - Successfully updated job requisition 66db04acbf0a19d8769e81c4
[2024-09-06T17:29:48.504+0000] {core_li.py:23} INFO - Successfully updated job requisition 66db04acbf0a19d8769e81c6
[2024-09-06T17:29:48.513+0000] {core_li.py:23} INFO - Successfully updated job requisition 66db04acbf0a19d8769e81c8
[2024-09-06T17:29:48.529+0000] {core_li.py:23} INFO - Successfully updated job requisition 66db04acbf0a19d8769e81ca
[2024-09-06T17:29:48.545+0000] {core_li.py:23} INFO - Successfully updated job requisition 66db04acbf0a19d8769e81cc
[2024-09-06T17:29:48.560+0000] {core_li.py:23} INFO - Successfully updated job requisition 66db04acbf0a19d8769e81ce
[2024-09-06T17:29:48.573+0000] {core_li.py:23} INFO - Successfully updated job requisition 66db04acbf0a19d8769e81d0
[2024-09-06T17:29:48.588+0000] {core_li.py:23} INFO - Successfully updated job requisition 66db04acbf0a19d8769e81d2
[2024-09-06T17:29:48.600+0000] {core_li.py:23} INFO - Successfully updated job requisition 66db04acbf0a19d8769e81d4
[2024-09-06T17:29:48.648+0000] {core_li.py:23} INFO - Successfully updated job requisition 66db04acbf0a19d8769e81d6
[2024-09-06T17:29:48.659+0000] {core_li.py:23} INFO - Successfully updated job requisition 66db04acbf0a19d8769e81d8
[2024-09-06T17:29:48.673+0000] {core_li.py:23} INFO - Successfully updated job requisition 66db04acbf0a19d8769e81da
[2024-09-06T17:29:48.692+0000] {core_li.py:23} INFO - Successfully updated job requisition 66db04acbf0a19d8769e81dc
[2024-09-06T17:29:48.704+0000] {core_li.py:23} INFO - Successfully updated job requisition 66db04acbf0a19d8769e81de
[2024-09-06T17:29:48.713+0000] {core_li.py:23} INFO - Successfully updated job requisition 66db04acbf0a19d8769e81e0
[2024-09-06T17:29:48.723+0000] {core_li.py:23} INFO - Successfully updated job requisition 66db04acbf0a19d8769e81e2
[2024-09-06T17:29:48.732+0000] {core_li.py:23} INFO - Successfully updated job requisition 66db04acbf0a19d8769e81e4
[2024-09-06T17:29:48.745+0000] {core_li.py:23} INFO - Successfully updated job requisition 66db04acbf0a19d8769e81e6
[2024-09-06T17:29:48.754+0000] {core_li.py:23} INFO - Successfully updated job requisition 66db04acbf0a19d8769e81e8
[2024-09-06T17:29:48.764+0000] {core_li.py:23} INFO - Successfully updated job requisition 66db04acbf0a19d8769e81ea
[2024-09-06T17:29:48.773+0000] {core_li.py:23} INFO - Successfully updated job requisition 66db04acbf0a19d8769e81ec
[2024-09-06T17:29:48.780+0000] {core_li.py:23} INFO - Successfully updated job requisition 66db04acbf0a19d8769e81ee
[2024-09-06T17:29:48.787+0000] {core_li.py:23} INFO - Successfully updated job requisition 66db04acbf0a19d8769e81f0
[2024-09-06T17:29:48.797+0000] {core_li.py:23} INFO - Successfully updated job requisition 66db04acbf0a19d8769e81f2
[2024-09-06T17:29:48.806+0000] {core_li.py:23} INFO - Successfully updated job requisition 66db04acbf0a19d8769e81f4
[2024-09-06T17:29:48.821+0000] {core_li.py:23} INFO - Successfully updated job requisition 66db04acbf0a19d8769e81f6
[2024-09-06T17:29:48.831+0000] {core_li.py:23} INFO - Successfully updated job requisition 66db04acbf0a19d8769e81f8
[2024-09-06T17:29:48.839+0000] {core_li.py:23} INFO - Successfully updated job requisition 66db04acbf0a19d8769e81fa
[2024-09-06T17:29:48.848+0000] {core_li.py:23} INFO - Successfully updated job requisition 66db04acbf0a19d8769e81fc
[2024-09-06T17:29:48.855+0000] {core_li.py:23} INFO - Successfully updated job requisition 66db04acbf0a19d8769e81fe
[2024-09-06T17:29:48.865+0000] {core_li.py:23} INFO - Successfully updated job requisition 66db04acbf0a19d8769e8200
[2024-09-06T17:29:48.871+0000] {core_li.py:23} INFO - Successfully updated job requisition 66db04acbf0a19d8769e8202
[2024-09-06T17:29:48.881+0000] {core_li.py:23} INFO - Successfully updated job requisition 66db04acbf0a19d8769e8204
[2024-09-06T17:29:48.900+0000] {core_li.py:23} INFO - Successfully updated job requisition 66db04acbf0a19d8769e8206
[2024-09-06T17:29:48.910+0000] {core_li.py:23} INFO - Successfully updated job requisition 66db04acbf0a19d8769e8208
[2024-09-06T17:29:48.917+0000] {core_li.py:23} INFO - Successfully updated job requisition 66db04acbf0a19d8769e820a
[2024-09-06T17:29:48.924+0000] {core_li.py:23} INFO - Successfully updated job requisition 66db04acbf0a19d8769e820c
[2024-09-06T17:29:48.935+0000] {core_li.py:23} INFO - Successfully updated job requisition 66db04acbf0a19d8769e820e
[2024-09-06T17:29:48.941+0000] {core_li.py:23} INFO - Successfully updated job requisition 66db04acbf0a19d8769e8210
[2024-09-06T17:29:48.949+0000] {core_li.py:23} INFO - Successfully updated job requisition 66db04acbf0a19d8769e8212
[2024-09-06T17:29:48.957+0000] {core_li.py:23} INFO - Successfully updated job requisition 66db04acbf0a19d8769e8214
[2024-09-06T17:29:48.966+0000] {core_li.py:23} INFO - Successfully updated job requisition 66db04acbf0a19d8769e8216
[2024-09-06T17:29:48.976+0000] {core_li.py:23} INFO - Successfully updated job requisition 66db04acbf0a19d8769e8218
[2024-09-06T17:29:48.986+0000] {core_li.py:23} INFO - Successfully updated job requisition 66db04acbf0a19d8769e821a
[2024-09-06T17:29:48.997+0000] {core_li.py:23} INFO - Successfully updated job requisition 66db04acbf0a19d8769e821c
[2024-09-06T17:29:49.005+0000] {core_li.py:23} INFO - Successfully updated job requisition 66db04acbf0a19d8769e821e
[2024-09-06T17:29:49.013+0000] {core_li.py:23} INFO - Successfully updated job requisition 66db04acbf0a19d8769e8220
[2024-09-06T17:29:49.024+0000] {core_li.py:23} INFO - Successfully updated job requisition 66db04acbf0a19d8769e8222
[2024-09-06T17:29:49.031+0000] {core_li.py:23} INFO - Successfully updated job requisition 66db04acbf0a19d8769e8224
[2024-09-06T17:29:49.039+0000] {core_li.py:23} INFO - Successfully updated job requisition 66db04acbf0a19d8769e8226
[2024-09-06T17:29:49.050+0000] {core_li.py:23} INFO - Successfully updated job requisition 66db04acbf0a19d8769e8228
[2024-09-06T17:29:49.060+0000] {core_li.py:23} INFO - Successfully updated job requisition 66db04acbf0a19d8769e822a
[2024-09-06T17:29:49.067+0000] {core_li.py:23} INFO - Successfully updated job requisition 66db04acbf0a19d8769e822c
[2024-09-06T17:29:49.075+0000] {core_li.py:23} INFO - Successfully updated job requisition 66db04acbf0a19d8769e822e
[2024-09-06T17:29:49.084+0000] {core_li.py:23} INFO - Successfully updated job requisition 66db04acbf0a19d8769e8230
[2024-09-06T17:29:49.092+0000] {core_li.py:23} INFO - Successfully updated job requisition 66db04acbf0a19d8769e8232
[2024-09-06T17:29:49.099+0000] {core_li.py:23} INFO - Successfully updated job requisition 66db04acbf0a19d8769e8234
[2024-09-06T17:29:49.106+0000] {core_li.py:23} INFO - Successfully updated job requisition 66db04acbf0a19d8769e8236
[2024-09-06T17:29:49.113+0000] {core_li.py:23} INFO - Successfully updated job requisition 66db04acbf0a19d8769e8238
[2024-09-06T17:29:49.121+0000] {core_li.py:23} INFO - Successfully updated job requisition 66db04acbf0a19d8769e823a
[2024-09-06T17:29:49.130+0000] {core_li.py:23} INFO - Successfully updated job requisition 66db04acbf0a19d8769e823c
[2024-09-06T17:29:49.140+0000] {core_li.py:23} INFO - Successfully updated job requisition 66db04acbf0a19d8769e823e
[2024-09-06T17:29:49.149+0000] {core_li.py:23} INFO - Successfully updated job requisition 66db04acbf0a19d8769e8240
[2024-09-06T17:29:49.158+0000] {core_li.py:23} INFO - Successfully updated job requisition 66db04acbf0a19d8769e8242
[2024-09-06T17:29:49.165+0000] {core_li.py:23} INFO - Successfully updated job requisition 66db04acbf0a19d8769e8244
[2024-09-06T17:29:49.174+0000] {core_li.py:23} INFO - Successfully updated job requisition 66db04acbf0a19d8769e8246
[2024-09-06T17:29:49.181+0000] {core_li.py:23} INFO - Successfully updated job requisition 66db04acbf0a19d8769e8248
[2024-09-06T17:29:49.189+0000] {core_li.py:23} INFO - Successfully updated job requisition 66db04acbf0a19d8769e824a
[2024-09-06T17:29:49.198+0000] {core_li.py:23} INFO - Successfully updated job requisition 66db04acbf0a19d8769e824c
[2024-09-06T17:29:49.209+0000] {core_li.py:23} INFO - Successfully updated job requisition 66db04acbf0a19d8769e824e
[2024-09-06T17:29:49.223+0000] {core_li.py:23} INFO - Successfully updated job requisition 66db04acbf0a19d8769e8250
[2024-09-06T17:29:49.234+0000] {core_li.py:23} INFO - Successfully updated job requisition 66db04acbf0a19d8769e8252
[2024-09-06T17:29:49.240+0000] {core_li.py:23} INFO - Successfully updated job requisition 66db04acbf0a19d8769e8254
[2024-09-06T17:29:49.246+0000] {core_li.py:23} INFO - Successfully updated job requisition 66db04acbf0a19d8769e8256
[2024-09-06T17:29:49.260+0000] {core_li.py:23} INFO - Successfully updated job requisition 66db04acbf0a19d8769e8258
[2024-09-06T17:29:49.268+0000] {core_li.py:23} INFO - Successfully updated job requisition 66db04acbf0a19d8769e825a
[2024-09-06T17:29:49.277+0000] {core_li.py:23} INFO - Successfully updated job requisition 66db04acbf0a19d8769e825c
[2024-09-06T17:29:49.289+0000] {core_li.py:23} INFO - Successfully updated job requisition 66db04acbf0a19d8769e825e
[2024-09-06T17:29:49.298+0000] {core_li.py:23} INFO - Successfully updated job requisition 66db04acbf0a19d8769e8260
[2024-09-06T17:29:49.310+0000] {core_li.py:23} INFO - Successfully updated job requisition 66db04acbf0a19d8769e8262
[2024-09-06T17:29:49.318+0000] {core_li.py:23} INFO - Successfully updated job requisition 66db04acbf0a19d8769e8264
[2024-09-06T17:29:49.326+0000] {core_li.py:23} INFO - Successfully updated job requisition 66db04acbf0a19d8769e8266
[2024-09-06T17:29:49.339+0000] {core_li.py:23} INFO - Successfully updated job requisition 66db04acbf0a19d8769e8268
[2024-09-06T17:29:49.350+0000] {core_li.py:23} INFO - Successfully updated job requisition 66db04acbf0a19d8769e826a
[2024-09-06T17:29:49.360+0000] {core_li.py:23} INFO - Successfully updated job requisition 66db04acbf0a19d8769e826c
[2024-09-06T17:29:49.373+0000] {core_li.py:23} INFO - Successfully updated job requisition 66db04acbf0a19d8769e826e
[2024-09-06T17:29:49.395+0000] {core_li.py:23} INFO - Successfully updated job requisition 66db04acbf0a19d8769e8270
[2024-09-06T17:29:49.397+0000] {python.py:240} INFO - Done. Returned value was: 100
[2024-09-06T17:29:49.429+0000] {taskinstance.py:340} INFO - ::group::Post task execution logs
[2024-09-06T17:29:49.430+0000] {taskinstance.py:352} INFO - Marking task as SUCCESS. dag_id=async_flow, task_id=task_backfill_number_of_cancelled_candidates_in_batch, run_id=manual__2024-09-06T17:29:39.458358+00:00, map_index=35, execution_date=20240906T172939, start_date=20240906T172948, end_date=20240906T172949
[2024-09-06T17:29:49.485+0000] {local_task_job_runner.py:266} INFO - Task exited with return code 0
[2024-09-06T17:29:49.508+0000] {local_task_job_runner.py:245} INFO - ::endgroup::
