[2024-09-06T17:45:53.860+0000] {local_task_job_runner.py:123} INFO - ::group::Pre task execution logs
[2024-09-06T17:45:53.879+0000] {taskinstance.py:2612} INFO - Dependencies all met for dep_context=non-requeueable deps ti=<TaskInstance: async_flow.task_backfill_number_of_cancelled_candidates_in_batch manual__2024-09-06T17:29:39.458358+00:00 map_index=35 [queued]>
[2024-09-06T17:45:53.888+0000] {taskinstance.py:2612} INFO - Dependencies all met for dep_context=requeueable deps ti=<TaskInstance: async_flow.task_backfill_number_of_cancelled_candidates_in_batch manual__2024-09-06T17:29:39.458358+00:00 map_index=35 [queued]>
[2024-09-06T17:45:53.889+0000] {taskinstance.py:2865} INFO - Starting attempt 2 of 2
[2024-09-06T17:45:53.911+0000] {taskinstance.py:2888} INFO - Executing <Mapped(_PythonDecoratedOperator): task_backfill_number_of_cancelled_candidates_in_batch> on 2024-09-06 17:29:39.458358+00:00
[2024-09-06T17:45:53.921+0000] {warnings.py:112} WARNING - /home/***/.local/lib/python3.12/site-packages/***/task/task_runner/standard_task_runner.py:70: DeprecationWarning: This process (pid=621) is multi-threaded, use of fork() may lead to deadlocks in the child.
  pid = os.fork()

[2024-09-06T17:45:53.922+0000] {standard_task_runner.py:104} INFO - Running: ['***', 'tasks', 'run', 'async_flow', 'task_backfill_number_of_cancelled_candidates_in_batch', 'manual__2024-09-06T17:29:39.458358+00:00', '--job-id', '272', '--raw', '--subdir', 'DAGS_FOLDER/dags_async_flow.py', '--cfg-path', '/tmp/tmpy9fr5ip0', '--map-index', '35']
[2024-09-06T17:45:53.923+0000] {standard_task_runner.py:105} INFO - Job 272: Subtask task_backfill_number_of_cancelled_candidates_in_batch
[2024-09-06T17:45:53.923+0000] {standard_task_runner.py:72} INFO - Started process 695 to run task
[2024-09-06T17:45:53.967+0000] {task_command.py:467} INFO - Running <TaskInstance: async_flow.task_backfill_number_of_cancelled_candidates_in_batch manual__2024-09-06T17:29:39.458358+00:00 map_index=35 [running]> on host 0817eb6c24af
[2024-09-06T17:45:54.085+0000] {taskinstance.py:3131} INFO - Exporting env vars: AIRFLOW_CTX_DAG_OWNER='***' AIRFLOW_CTX_DAG_ID='async_flow' AIRFLOW_CTX_TASK_ID='task_backfill_number_of_cancelled_candidates_in_batch' AIRFLOW_CTX_EXECUTION_DATE='2024-09-06T17:29:39.458358+00:00' AIRFLOW_CTX_TRY_NUMBER='2' AIRFLOW_CTX_DAG_RUN_ID='manual__2024-09-06T17:29:39.458358+00:00'
[2024-09-06T17:45:54.086+0000] {taskinstance.py:731} INFO - ::endgroup::
[2024-09-06T17:45:54.100+0000] {core_li.py:23} INFO - Successfully updated job requisition 66db04acbf0a19d8769e81aa
[2024-09-06T17:45:54.117+0000] {core_li.py:23} INFO - Successfully updated job requisition 66db04acbf0a19d8769e81ac
[2024-09-06T17:45:54.123+0000] {core_li.py:23} INFO - Successfully updated job requisition 66db04acbf0a19d8769e81ae
[2024-09-06T17:45:54.142+0000] {core_li.py:23} INFO - Successfully updated job requisition 66db04acbf0a19d8769e81b0
[2024-09-06T17:45:54.149+0000] {core_li.py:23} INFO - Successfully updated job requisition 66db04acbf0a19d8769e81b2
[2024-09-06T17:45:54.160+0000] {core_li.py:23} INFO - Successfully updated job requisition 66db04acbf0a19d8769e81b4
[2024-09-06T17:45:54.165+0000] {core_li.py:23} INFO - Successfully updated job requisition 66db04acbf0a19d8769e81b6
[2024-09-06T17:45:54.173+0000] {core_li.py:23} INFO - Successfully updated job requisition 66db04acbf0a19d8769e81b8
[2024-09-06T17:45:54.181+0000] {core_li.py:23} INFO - Successfully updated job requisition 66db04acbf0a19d8769e81ba
[2024-09-06T17:45:54.188+0000] {core_li.py:23} INFO - Successfully updated job requisition 66db04acbf0a19d8769e81bc
[2024-09-06T17:45:54.195+0000] {core_li.py:23} INFO - Successfully updated job requisition 66db04acbf0a19d8769e81be
[2024-09-06T17:45:54.203+0000] {core_li.py:23} INFO - Successfully updated job requisition 66db04acbf0a19d8769e81c0
[2024-09-06T17:45:54.209+0000] {core_li.py:23} INFO - Successfully updated job requisition 66db04acbf0a19d8769e81c2
[2024-09-06T17:45:54.222+0000] {core_li.py:23} INFO - Successfully updated job requisition 66db04acbf0a19d8769e81c4
[2024-09-06T17:45:54.231+0000] {core_li.py:23} INFO - Successfully updated job requisition 66db04acbf0a19d8769e81c6
[2024-09-06T17:45:54.237+0000] {core_li.py:23} INFO - Successfully updated job requisition 66db04acbf0a19d8769e81c8
[2024-09-06T17:45:54.242+0000] {core_li.py:23} INFO - Successfully updated job requisition 66db04acbf0a19d8769e81ca
[2024-09-06T17:45:54.251+0000] {core_li.py:23} INFO - Successfully updated job requisition 66db04acbf0a19d8769e81cc
[2024-09-06T17:45:54.259+0000] {core_li.py:23} INFO - Successfully updated job requisition 66db04acbf0a19d8769e81ce
[2024-09-06T17:45:54.267+0000] {core_li.py:23} INFO - Successfully updated job requisition 66db04acbf0a19d8769e81d0
[2024-09-06T17:45:54.276+0000] {core_li.py:23} INFO - Successfully updated job requisition 66db04acbf0a19d8769e81d2
[2024-09-06T17:45:54.283+0000] {core_li.py:23} INFO - Successfully updated job requisition 66db04acbf0a19d8769e81d4
[2024-09-06T17:45:54.289+0000] {core_li.py:23} INFO - Successfully updated job requisition 66db04acbf0a19d8769e81d6
[2024-09-06T17:45:54.295+0000] {core_li.py:23} INFO - Successfully updated job requisition 66db04acbf0a19d8769e81d8
[2024-09-06T17:45:54.303+0000] {core_li.py:23} INFO - Successfully updated job requisition 66db04acbf0a19d8769e81da
[2024-09-06T17:45:54.311+0000] {core_li.py:23} INFO - Successfully updated job requisition 66db04acbf0a19d8769e81dc
[2024-09-06T17:45:54.320+0000] {core_li.py:23} INFO - Successfully updated job requisition 66db04acbf0a19d8769e81de
[2024-09-06T17:45:54.327+0000] {core_li.py:23} INFO - Successfully updated job requisition 66db04acbf0a19d8769e81e0
[2024-09-06T17:45:54.333+0000] {core_li.py:23} INFO - Successfully updated job requisition 66db04acbf0a19d8769e81e2
[2024-09-06T17:45:54.343+0000] {core_li.py:23} INFO - Successfully updated job requisition 66db04acbf0a19d8769e81e4
[2024-09-06T17:45:54.354+0000] {core_li.py:23} INFO - Successfully updated job requisition 66db04acbf0a19d8769e81e6
[2024-09-06T17:45:54.362+0000] {core_li.py:23} INFO - Successfully updated job requisition 66db04acbf0a19d8769e81e8
[2024-09-06T17:45:54.369+0000] {core_li.py:23} INFO - Successfully updated job requisition 66db04acbf0a19d8769e81ea
[2024-09-06T17:45:54.375+0000] {core_li.py:23} INFO - Successfully updated job requisition 66db04acbf0a19d8769e81ec
[2024-09-06T17:45:54.382+0000] {core_li.py:23} INFO - Successfully updated job requisition 66db04acbf0a19d8769e81ee
[2024-09-06T17:45:54.389+0000] {core_li.py:23} INFO - Successfully updated job requisition 66db04acbf0a19d8769e81f0
[2024-09-06T17:45:54.395+0000] {core_li.py:23} INFO - Successfully updated job requisition 66db04acbf0a19d8769e81f2
[2024-09-06T17:45:54.403+0000] {core_li.py:23} INFO - Successfully updated job requisition 66db04acbf0a19d8769e81f4
[2024-09-06T17:45:54.416+0000] {core_li.py:23} INFO - Successfully updated job requisition 66db04acbf0a19d8769e81f6
[2024-09-06T17:45:54.425+0000] {core_li.py:23} INFO - Successfully updated job requisition 66db04acbf0a19d8769e81f8
[2024-09-06T17:45:54.434+0000] {core_li.py:23} INFO - Successfully updated job requisition 66db04acbf0a19d8769e81fa
[2024-09-06T17:45:54.443+0000] {core_li.py:23} INFO - Successfully updated job requisition 66db04acbf0a19d8769e81fc
[2024-09-06T17:45:54.450+0000] {core_li.py:23} INFO - Successfully updated job requisition 66db04acbf0a19d8769e81fe
[2024-09-06T17:45:54.460+0000] {core_li.py:23} INFO - Successfully updated job requisition 66db04acbf0a19d8769e8200
[2024-09-06T17:45:54.468+0000] {core_li.py:23} INFO - Successfully updated job requisition 66db04acbf0a19d8769e8202
[2024-09-06T17:45:54.478+0000] {core_li.py:23} INFO - Successfully updated job requisition 66db04acbf0a19d8769e8204
[2024-09-06T17:45:54.486+0000] {core_li.py:23} INFO - Successfully updated job requisition 66db04acbf0a19d8769e8206
[2024-09-06T17:45:54.496+0000] {core_li.py:23} INFO - Successfully updated job requisition 66db04acbf0a19d8769e8208
[2024-09-06T17:45:54.504+0000] {core_li.py:23} INFO - Successfully updated job requisition 66db04acbf0a19d8769e820a
[2024-09-06T17:45:54.511+0000] {core_li.py:23} INFO - Successfully updated job requisition 66db04acbf0a19d8769e820c
[2024-09-06T17:45:54.519+0000] {core_li.py:23} INFO - Successfully updated job requisition 66db04acbf0a19d8769e820e
[2024-09-06T17:45:54.529+0000] {core_li.py:23} INFO - Successfully updated job requisition 66db04acbf0a19d8769e8210
[2024-09-06T17:45:54.536+0000] {core_li.py:23} INFO - Successfully updated job requisition 66db04acbf0a19d8769e8212
[2024-09-06T17:45:54.545+0000] {core_li.py:23} INFO - Successfully updated job requisition 66db04acbf0a19d8769e8214
[2024-09-06T17:45:54.556+0000] {core_li.py:23} INFO - Successfully updated job requisition 66db04acbf0a19d8769e8216
[2024-09-06T17:45:54.567+0000] {core_li.py:23} INFO - Successfully updated job requisition 66db04acbf0a19d8769e8218
[2024-09-06T17:45:54.575+0000] {core_li.py:23} INFO - Successfully updated job requisition 66db04acbf0a19d8769e821a
[2024-09-06T17:45:54.597+0000] {core_li.py:23} INFO - Successfully updated job requisition 66db04acbf0a19d8769e821c
[2024-09-06T17:45:54.605+0000] {core_li.py:23} INFO - Successfully updated job requisition 66db04acbf0a19d8769e821e
[2024-09-06T17:45:54.614+0000] {core_li.py:23} INFO - Successfully updated job requisition 66db04acbf0a19d8769e8220
[2024-09-06T17:45:54.625+0000] {core_li.py:23} INFO - Successfully updated job requisition 66db04acbf0a19d8769e8222
[2024-09-06T17:45:54.637+0000] {core_li.py:23} INFO - Successfully updated job requisition 66db04acbf0a19d8769e8224
[2024-09-06T17:45:54.649+0000] {core_li.py:23} INFO - Successfully updated job requisition 66db04acbf0a19d8769e8226
[2024-09-06T17:45:54.660+0000] {core_li.py:23} INFO - Successfully updated job requisition 66db04acbf0a19d8769e8228
[2024-09-06T17:45:54.675+0000] {core_li.py:23} INFO - Successfully updated job requisition 66db04acbf0a19d8769e822a
[2024-09-06T17:45:54.688+0000] {core_li.py:23} INFO - Successfully updated job requisition 66db04acbf0a19d8769e822c
[2024-09-06T17:45:54.700+0000] {core_li.py:23} INFO - Successfully updated job requisition 66db04acbf0a19d8769e822e
[2024-09-06T17:45:54.712+0000] {core_li.py:23} INFO - Successfully updated job requisition 66db04acbf0a19d8769e8230
[2024-09-06T17:45:54.725+0000] {core_li.py:23} INFO - Successfully updated job requisition 66db04acbf0a19d8769e8232
[2024-09-06T17:45:54.738+0000] {core_li.py:23} INFO - Successfully updated job requisition 66db04acbf0a19d8769e8234
[2024-09-06T17:45:54.750+0000] {core_li.py:23} INFO - Successfully updated job requisition 66db04acbf0a19d8769e8236
[2024-09-06T17:45:54.762+0000] {core_li.py:23} INFO - Successfully updated job requisition 66db04acbf0a19d8769e8238
[2024-09-06T17:45:54.771+0000] {core_li.py:23} INFO - Successfully updated job requisition 66db04acbf0a19d8769e823a
[2024-09-06T17:45:54.781+0000] {core_li.py:23} INFO - Successfully updated job requisition 66db04acbf0a19d8769e823c
[2024-09-06T17:45:54.791+0000] {core_li.py:23} INFO - Successfully updated job requisition 66db04acbf0a19d8769e823e
[2024-09-06T17:45:54.799+0000] {core_li.py:23} INFO - Successfully updated job requisition 66db04acbf0a19d8769e8240
[2024-09-06T17:45:54.805+0000] {core_li.py:23} INFO - Successfully updated job requisition 66db04acbf0a19d8769e8242
[2024-09-06T17:45:54.815+0000] {core_li.py:23} INFO - Successfully updated job requisition 66db04acbf0a19d8769e8244
[2024-09-06T17:45:54.823+0000] {core_li.py:23} INFO - Successfully updated job requisition 66db04acbf0a19d8769e8246
[2024-09-06T17:45:54.832+0000] {core_li.py:23} INFO - Successfully updated job requisition 66db04acbf0a19d8769e8248
[2024-09-06T17:45:54.842+0000] {core_li.py:23} INFO - Successfully updated job requisition 66db04acbf0a19d8769e824a
[2024-09-06T17:45:54.852+0000] {core_li.py:23} INFO - Successfully updated job requisition 66db04acbf0a19d8769e824c
[2024-09-06T17:45:54.861+0000] {core_li.py:23} INFO - Successfully updated job requisition 66db04acbf0a19d8769e824e
[2024-09-06T17:45:54.868+0000] {core_li.py:23} INFO - Successfully updated job requisition 66db04acbf0a19d8769e8250
[2024-09-06T17:45:54.876+0000] {core_li.py:23} INFO - Successfully updated job requisition 66db04acbf0a19d8769e8252
[2024-09-06T17:45:54.891+0000] {core_li.py:23} INFO - Successfully updated job requisition 66db04acbf0a19d8769e8254
[2024-09-06T17:45:54.910+0000] {core_li.py:23} INFO - Successfully updated job requisition 66db04acbf0a19d8769e8256
[2024-09-06T17:45:54.924+0000] {core_li.py:23} INFO - Successfully updated job requisition 66db04acbf0a19d8769e8258
[2024-09-06T17:45:54.933+0000] {core_li.py:23} INFO - Successfully updated job requisition 66db04acbf0a19d8769e825a
[2024-09-06T17:45:54.941+0000] {core_li.py:23} INFO - Successfully updated job requisition 66db04acbf0a19d8769e825c
[2024-09-06T17:45:54.952+0000] {core_li.py:23} INFO - Successfully updated job requisition 66db04acbf0a19d8769e825e
[2024-09-06T17:45:54.960+0000] {core_li.py:23} INFO - Successfully updated job requisition 66db04acbf0a19d8769e8260
[2024-09-06T17:45:54.968+0000] {core_li.py:23} INFO - Successfully updated job requisition 66db04acbf0a19d8769e8262
[2024-09-06T17:45:54.987+0000] {core_li.py:23} INFO - Successfully updated job requisition 66db04acbf0a19d8769e8264
[2024-09-06T17:45:54.997+0000] {core_li.py:23} INFO - Successfully updated job requisition 66db04acbf0a19d8769e8266
[2024-09-06T17:45:55.004+0000] {core_li.py:23} INFO - Successfully updated job requisition 66db04acbf0a19d8769e8268
[2024-09-06T17:45:55.011+0000] {core_li.py:23} INFO - Successfully updated job requisition 66db04acbf0a19d8769e826a
[2024-09-06T17:45:55.020+0000] {core_li.py:23} INFO - Successfully updated job requisition 66db04acbf0a19d8769e826c
[2024-09-06T17:45:55.028+0000] {core_li.py:23} INFO - Successfully updated job requisition 66db04acbf0a19d8769e826e
[2024-09-06T17:45:55.033+0000] {core_li.py:23} INFO - Successfully updated job requisition 66db04acbf0a19d8769e8270
[2024-09-06T17:45:55.033+0000] {python.py:240} INFO - Done. Returned value was: 100
[2024-09-06T17:45:55.055+0000] {taskinstance.py:340} INFO - ::group::Post task execution logs
[2024-09-06T17:45:55.056+0000] {taskinstance.py:352} INFO - Marking task as SUCCESS. dag_id=async_flow, task_id=task_backfill_number_of_cancelled_candidates_in_batch, run_id=manual__2024-09-06T17:29:39.458358+00:00, map_index=35, execution_date=20240906T172939, start_date=20240906T174553, end_date=20240906T174555
[2024-09-06T17:45:55.091+0000] {local_task_job_runner.py:266} INFO - Task exited with return code 0
[2024-09-06T17:45:55.100+0000] {local_task_job_runner.py:245} INFO - ::endgroup::
