[2024-09-06T17:43:07.171+0000] {local_task_job_runner.py:123} INFO - ::group::Pre task execution logs
[2024-09-06T17:43:07.257+0000] {taskinstance.py:2612} INFO - Dependencies all met for dep_context=non-requeueable deps ti=<TaskInstance: async_flow.task_backfill_number_of_cancelled_candidates_in_batch manual__2024-09-06T17:43:02.727107+00:00 map_index=19 [queued]>
[2024-09-06T17:43:07.291+0000] {taskinstance.py:2612} INFO - Dependencies all met for dep_context=requeueable deps ti=<TaskInstance: async_flow.task_backfill_number_of_cancelled_candidates_in_batch manual__2024-09-06T17:43:02.727107+00:00 map_index=19 [queued]>
[2024-09-06T17:43:07.295+0000] {taskinstance.py:2865} INFO - Starting attempt 1 of 1
[2024-09-06T17:43:07.383+0000] {taskinstance.py:2888} INFO - Executing <Mapped(_PythonDecoratedOperator): task_backfill_number_of_cancelled_candidates_in_batch> on 2024-09-06 17:43:02.727107+00:00
[2024-09-06T17:43:07.392+0000] {warnings.py:112} WARNING - /home/***/.local/lib/python3.12/site-packages/***/task/task_runner/standard_task_runner.py:70: DeprecationWarning: This process (pid=177) is multi-threaded, use of fork() may lead to deadlocks in the child.
  pid = os.fork()

[2024-09-06T17:43:07.394+0000] {standard_task_runner.py:104} INFO - Running: ['***', 'tasks', 'run', 'async_flow', 'task_backfill_number_of_cancelled_candidates_in_batch', 'manual__2024-09-06T17:43:02.727107+00:00', '--job-id', '193', '--raw', '--subdir', 'DAGS_FOLDER/dags_async_flow.py', '--cfg-path', '/tmp/tmp_a40raqy', '--map-index', '19']
[2024-09-06T17:43:07.395+0000] {standard_task_runner.py:105} INFO - Job 193: Subtask task_backfill_number_of_cancelled_candidates_in_batch
[2024-09-06T17:43:07.394+0000] {standard_task_runner.py:72} INFO - Started process 246 to run task
[2024-09-06T17:43:07.455+0000] {task_command.py:467} INFO - Running <TaskInstance: async_flow.task_backfill_number_of_cancelled_candidates_in_batch manual__2024-09-06T17:43:02.727107+00:00 map_index=19 [running]> on host 0817eb6c24af
[2024-09-06T17:43:07.554+0000] {taskinstance.py:3131} INFO - Exporting env vars: AIRFLOW_CTX_DAG_OWNER='***' AIRFLOW_CTX_DAG_ID='async_flow' AIRFLOW_CTX_TASK_ID='task_backfill_number_of_cancelled_candidates_in_batch' AIRFLOW_CTX_EXECUTION_DATE='2024-09-06T17:43:02.727107+00:00' AIRFLOW_CTX_TRY_NUMBER='1' AIRFLOW_CTX_DAG_RUN_ID='manual__2024-09-06T17:43:02.727107+00:00'
[2024-09-06T17:43:07.556+0000] {taskinstance.py:731} INFO - ::endgroup::
[2024-09-06T17:43:07.571+0000] {core_li.py:23} INFO - Successfully updated job requisition 66db04abbf0a19d8769e6a3a
[2024-09-06T17:43:07.589+0000] {core_li.py:23} INFO - Successfully updated job requisition 66db04abbf0a19d8769e6a3c
[2024-09-06T17:43:07.603+0000] {core_li.py:23} INFO - Successfully updated job requisition 66db04abbf0a19d8769e6a3e
[2024-09-06T17:43:07.615+0000] {core_li.py:23} INFO - Successfully updated job requisition 66db04abbf0a19d8769e6a40
[2024-09-06T17:43:07.626+0000] {core_li.py:23} INFO - Successfully updated job requisition 66db04abbf0a19d8769e6a42
[2024-09-06T17:43:07.638+0000] {core_li.py:23} INFO - Successfully updated job requisition 66db04abbf0a19d8769e6a44
[2024-09-06T17:43:07.647+0000] {core_li.py:23} INFO - Successfully updated job requisition 66db04abbf0a19d8769e6a46
[2024-09-06T17:43:07.662+0000] {core_li.py:23} INFO - Successfully updated job requisition 66db04abbf0a19d8769e6a48
[2024-09-06T17:43:07.676+0000] {core_li.py:23} INFO - Successfully updated job requisition 66db04abbf0a19d8769e6a4a
[2024-09-06T17:43:07.686+0000] {core_li.py:23} INFO - Successfully updated job requisition 66db04abbf0a19d8769e6a4c
[2024-09-06T17:43:07.697+0000] {core_li.py:23} INFO - Successfully updated job requisition 66db04abbf0a19d8769e6a4e
[2024-09-06T17:43:07.706+0000] {core_li.py:23} INFO - Successfully updated job requisition 66db04abbf0a19d8769e6a50
[2024-09-06T17:43:07.714+0000] {core_li.py:23} INFO - Successfully updated job requisition 66db04abbf0a19d8769e6a52
[2024-09-06T17:43:07.724+0000] {core_li.py:23} INFO - Successfully updated job requisition 66db04abbf0a19d8769e6a54
[2024-09-06T17:43:07.733+0000] {core_li.py:23} INFO - Successfully updated job requisition 66db04abbf0a19d8769e6a56
[2024-09-06T17:43:07.743+0000] {core_li.py:23} INFO - Successfully updated job requisition 66db04abbf0a19d8769e6a58
[2024-09-06T17:43:07.754+0000] {core_li.py:23} INFO - Successfully updated job requisition 66db04abbf0a19d8769e6a5a
[2024-09-06T17:43:07.763+0000] {core_li.py:23} INFO - Successfully updated job requisition 66db04abbf0a19d8769e6a5c
[2024-09-06T17:43:07.768+0000] {core_li.py:23} INFO - Successfully updated job requisition 66db04abbf0a19d8769e6a5e
[2024-09-06T17:43:07.777+0000] {core_li.py:23} INFO - Successfully updated job requisition 66db04abbf0a19d8769e6a60
[2024-09-06T17:43:07.786+0000] {core_li.py:23} INFO - Successfully updated job requisition 66db04abbf0a19d8769e6a62
[2024-09-06T17:43:07.794+0000] {core_li.py:23} INFO - Successfully updated job requisition 66db04abbf0a19d8769e6a64
[2024-09-06T17:43:07.805+0000] {core_li.py:23} INFO - Successfully updated job requisition 66db04abbf0a19d8769e6a66
[2024-09-06T17:43:07.815+0000] {core_li.py:23} INFO - Successfully updated job requisition 66db04abbf0a19d8769e6a68
[2024-09-06T17:43:07.828+0000] {core_li.py:23} INFO - Successfully updated job requisition 66db04abbf0a19d8769e6a6a
[2024-09-06T17:43:07.843+0000] {core_li.py:23} INFO - Successfully updated job requisition 66db04abbf0a19d8769e6a6c
[2024-09-06T17:43:07.853+0000] {core_li.py:23} INFO - Successfully updated job requisition 66db04abbf0a19d8769e6a6e
[2024-09-06T17:43:07.861+0000] {core_li.py:23} INFO - Successfully updated job requisition 66db04abbf0a19d8769e6a70
[2024-09-06T17:43:07.869+0000] {core_li.py:23} INFO - Successfully updated job requisition 66db04abbf0a19d8769e6a72
[2024-09-06T17:43:07.878+0000] {core_li.py:23} INFO - Successfully updated job requisition 66db04abbf0a19d8769e6a74
[2024-09-06T17:43:07.884+0000] {core_li.py:23} INFO - Successfully updated job requisition 66db04abbf0a19d8769e6a76
[2024-09-06T17:43:07.894+0000] {core_li.py:23} INFO - Successfully updated job requisition 66db04abbf0a19d8769e6a78
[2024-09-06T17:43:07.904+0000] {core_li.py:23} INFO - Successfully updated job requisition 66db04abbf0a19d8769e6a7a
[2024-09-06T17:43:07.916+0000] {core_li.py:23} INFO - Successfully updated job requisition 66db04abbf0a19d8769e6a7c
[2024-09-06T17:43:07.925+0000] {core_li.py:23} INFO - Successfully updated job requisition 66db04abbf0a19d8769e6a7e
[2024-09-06T17:43:07.932+0000] {core_li.py:23} INFO - Successfully updated job requisition 66db04abbf0a19d8769e6a80
[2024-09-06T17:43:07.939+0000] {core_li.py:23} INFO - Successfully updated job requisition 66db04abbf0a19d8769e6a82
[2024-09-06T17:43:07.945+0000] {core_li.py:23} INFO - Successfully updated job requisition 66db04abbf0a19d8769e6a84
[2024-09-06T17:43:07.953+0000] {core_li.py:23} INFO - Successfully updated job requisition 66db04abbf0a19d8769e6a86
[2024-09-06T17:43:07.959+0000] {core_li.py:23} INFO - Successfully updated job requisition 66db04abbf0a19d8769e6a88
[2024-09-06T17:43:07.966+0000] {core_li.py:23} INFO - Successfully updated job requisition 66db04abbf0a19d8769e6a8a
[2024-09-06T17:43:07.979+0000] {core_li.py:23} INFO - Successfully updated job requisition 66db04abbf0a19d8769e6a8c
[2024-09-06T17:43:07.987+0000] {core_li.py:23} INFO - Successfully updated job requisition 66db04abbf0a19d8769e6a8e
[2024-09-06T17:43:07.994+0000] {core_li.py:23} INFO - Successfully updated job requisition 66db04abbf0a19d8769e6a90
[2024-09-06T17:43:08.002+0000] {core_li.py:23} INFO - Successfully updated job requisition 66db04abbf0a19d8769e6a92
[2024-09-06T17:43:08.010+0000] {core_li.py:23} INFO - Successfully updated job requisition 66db04abbf0a19d8769e6a94
[2024-09-06T17:43:08.018+0000] {core_li.py:23} INFO - Successfully updated job requisition 66db04abbf0a19d8769e6a96
[2024-09-06T17:43:08.025+0000] {core_li.py:23} INFO - Successfully updated job requisition 66db04abbf0a19d8769e6a98
[2024-09-06T17:43:08.033+0000] {core_li.py:23} INFO - Successfully updated job requisition 66db04abbf0a19d8769e6a9a
[2024-09-06T17:43:08.043+0000] {core_li.py:23} INFO - Successfully updated job requisition 66db04abbf0a19d8769e6a9c
[2024-09-06T17:43:08.052+0000] {core_li.py:23} INFO - Successfully updated job requisition 66db04abbf0a19d8769e6a9e
[2024-09-06T17:43:08.059+0000] {core_li.py:23} INFO - Successfully updated job requisition 66db04abbf0a19d8769e6aa0
[2024-09-06T17:43:08.069+0000] {core_li.py:23} INFO - Successfully updated job requisition 66db04abbf0a19d8769e6aa2
[2024-09-06T17:43:08.077+0000] {core_li.py:23} INFO - Successfully updated job requisition 66db04abbf0a19d8769e6aa4
[2024-09-06T17:43:08.087+0000] {core_li.py:23} INFO - Successfully updated job requisition 66db04abbf0a19d8769e6aa6
[2024-09-06T17:43:08.099+0000] {core_li.py:23} INFO - Successfully updated job requisition 66db04abbf0a19d8769e6aa8
[2024-09-06T17:43:08.108+0000] {core_li.py:23} INFO - Successfully updated job requisition 66db04abbf0a19d8769e6aaa
[2024-09-06T17:43:08.117+0000] {core_li.py:23} INFO - Successfully updated job requisition 66db04abbf0a19d8769e6aac
[2024-09-06T17:43:08.127+0000] {core_li.py:23} INFO - Successfully updated job requisition 66db04abbf0a19d8769e6aae
[2024-09-06T17:43:08.139+0000] {core_li.py:23} INFO - Successfully updated job requisition 66db04abbf0a19d8769e6ab0
[2024-09-06T17:43:08.150+0000] {core_li.py:23} INFO - Successfully updated job requisition 66db04abbf0a19d8769e6ab2
[2024-09-06T17:43:08.158+0000] {core_li.py:23} INFO - Successfully updated job requisition 66db04abbf0a19d8769e6ab4
[2024-09-06T17:43:08.165+0000] {core_li.py:23} INFO - Successfully updated job requisition 66db04abbf0a19d8769e6ab6
[2024-09-06T17:43:08.171+0000] {core_li.py:23} INFO - Successfully updated job requisition 66db04abbf0a19d8769e6ab8
[2024-09-06T17:43:08.179+0000] {core_li.py:23} INFO - Successfully updated job requisition 66db04abbf0a19d8769e6aba
[2024-09-06T17:43:08.185+0000] {core_li.py:23} INFO - Successfully updated job requisition 66db04abbf0a19d8769e6abc
[2024-09-06T17:43:08.194+0000] {core_li.py:23} INFO - Successfully updated job requisition 66db04abbf0a19d8769e6abe
[2024-09-06T17:43:08.205+0000] {core_li.py:23} INFO - Successfully updated job requisition 66db04abbf0a19d8769e6ac0
[2024-09-06T17:43:08.212+0000] {core_li.py:23} INFO - Successfully updated job requisition 66db04abbf0a19d8769e6ac2
[2024-09-06T17:43:08.220+0000] {core_li.py:23} INFO - Successfully updated job requisition 66db04abbf0a19d8769e6ac4
[2024-09-06T17:43:08.225+0000] {core_li.py:23} INFO - Successfully updated job requisition 66db04abbf0a19d8769e6ac6
[2024-09-06T17:43:08.233+0000] {core_li.py:23} INFO - Successfully updated job requisition 66db04abbf0a19d8769e6ac8
[2024-09-06T17:43:08.241+0000] {core_li.py:23} INFO - Successfully updated job requisition 66db04abbf0a19d8769e6aca
[2024-09-06T17:43:08.249+0000] {core_li.py:23} INFO - Successfully updated job requisition 66db04abbf0a19d8769e6acc
[2024-09-06T17:43:08.264+0000] {core_li.py:23} INFO - Successfully updated job requisition 66db04abbf0a19d8769e6ace
[2024-09-06T17:43:08.272+0000] {core_li.py:23} INFO - Successfully updated job requisition 66db04abbf0a19d8769e6ad0
[2024-09-06T17:43:08.279+0000] {core_li.py:23} INFO - Successfully updated job requisition 66db04abbf0a19d8769e6ad2
[2024-09-06T17:43:08.287+0000] {core_li.py:23} INFO - Successfully updated job requisition 66db04abbf0a19d8769e6ad4
[2024-09-06T17:43:08.295+0000] {core_li.py:23} INFO - Successfully updated job requisition 66db04abbf0a19d8769e6ad6
[2024-09-06T17:43:08.308+0000] {core_li.py:23} INFO - Successfully updated job requisition 66db04abbf0a19d8769e6ad8
[2024-09-06T17:43:08.316+0000] {core_li.py:23} INFO - Successfully updated job requisition 66db04abbf0a19d8769e6ada
[2024-09-06T17:43:08.323+0000] {core_li.py:23} INFO - Successfully updated job requisition 66db04abbf0a19d8769e6adc
[2024-09-06T17:43:08.333+0000] {core_li.py:23} INFO - Successfully updated job requisition 66db04abbf0a19d8769e6ade
[2024-09-06T17:43:08.340+0000] {core_li.py:23} INFO - Successfully updated job requisition 66db04abbf0a19d8769e6ae0
[2024-09-06T17:43:08.346+0000] {core_li.py:23} INFO - Successfully updated job requisition 66db04abbf0a19d8769e6ae2
[2024-09-06T17:43:08.353+0000] {core_li.py:23} INFO - Successfully updated job requisition 66db04abbf0a19d8769e6ae4
[2024-09-06T17:43:08.361+0000] {core_li.py:23} INFO - Successfully updated job requisition 66db04abbf0a19d8769e6ae6
[2024-09-06T17:43:08.368+0000] {core_li.py:23} INFO - Successfully updated job requisition 66db04abbf0a19d8769e6ae8
[2024-09-06T17:43:08.378+0000] {core_li.py:23} INFO - Successfully updated job requisition 66db04abbf0a19d8769e6aea
[2024-09-06T17:43:08.391+0000] {core_li.py:23} INFO - Successfully updated job requisition 66db04abbf0a19d8769e6aec
[2024-09-06T17:43:08.400+0000] {core_li.py:23} INFO - Successfully updated job requisition 66db04abbf0a19d8769e6aee
[2024-09-06T17:43:08.411+0000] {core_li.py:23} INFO - Successfully updated job requisition 66db04abbf0a19d8769e6af0
[2024-09-06T17:43:08.422+0000] {core_li.py:23} INFO - Successfully updated job requisition 66db04abbf0a19d8769e6af2
[2024-09-06T17:43:08.432+0000] {core_li.py:23} INFO - Successfully updated job requisition 66db04abbf0a19d8769e6af4
[2024-09-06T17:43:08.450+0000] {core_li.py:23} INFO - Successfully updated job requisition 66db04abbf0a19d8769e6af6
[2024-09-06T17:43:08.477+0000] {core_li.py:23} INFO - Successfully updated job requisition 66db04abbf0a19d8769e6af8
[2024-09-06T17:43:08.502+0000] {core_li.py:23} INFO - Successfully updated job requisition 66db04abbf0a19d8769e6afa
[2024-09-06T17:43:08.510+0000] {core_li.py:23} INFO - Successfully updated job requisition 66db04abbf0a19d8769e6afc
[2024-09-06T17:43:08.520+0000] {core_li.py:23} INFO - Successfully updated job requisition 66db04abbf0a19d8769e6afe
[2024-09-06T17:43:08.541+0000] {core_li.py:23} INFO - Successfully updated job requisition 66db04abbf0a19d8769e6b00
[2024-09-06T17:43:08.543+0000] {python.py:240} INFO - Done. Returned value was: 100
[2024-09-06T17:43:08.561+0000] {taskinstance.py:340} INFO - ::group::Post task execution logs
[2024-09-06T17:43:08.561+0000] {taskinstance.py:352} INFO - Marking task as SUCCESS. dag_id=async_flow, task_id=task_backfill_number_of_cancelled_candidates_in_batch, run_id=manual__2024-09-06T17:43:02.727107+00:00, map_index=19, execution_date=20240906T174302, start_date=20240906T174307, end_date=20240906T174308
[2024-09-06T17:43:08.581+0000] {local_task_job_runner.py:266} INFO - Task exited with return code 0
[2024-09-06T17:43:08.598+0000] {local_task_job_runner.py:245} INFO - ::endgroup::
