[2024-09-06T17:47:32.258+0000] {local_task_job_runner.py:123} INFO - ::group::Pre task execution logs
[2024-09-06T17:47:32.409+0000] {taskinstance.py:2612} INFO - Dependencies all met for dep_context=non-requeueable deps ti=<TaskInstance: async_flow.task_backfill_number_of_cancelled_candidates_in_batch manual__2024-09-06T17:47:30.120511+00:00 map_index=8 [queued]>
[2024-09-06T17:47:32.426+0000] {taskinstance.py:2612} INFO - Dependencies all met for dep_context=requeueable deps ti=<TaskInstance: async_flow.task_backfill_number_of_cancelled_candidates_in_batch manual__2024-09-06T17:47:30.120511+00:00 map_index=8 [queued]>
[2024-09-06T17:47:32.426+0000] {taskinstance.py:2865} INFO - Starting attempt 1 of 1
[2024-09-06T17:47:32.439+0000] {taskinstance.py:2888} INFO - Executing <Mapped(_PythonDecoratedOperator): task_backfill_number_of_cancelled_candidates_in_batch> on 2024-09-06 17:47:30.120511+00:00
[2024-09-06T17:47:32.445+0000] {warnings.py:112} WARNING - /home/***/.local/lib/python3.12/site-packages/***/task/task_runner/standard_task_runner.py:70: DeprecationWarning: This process (pid=1058) is multi-threaded, use of fork() may lead to deadlocks in the child.
  pid = os.fork()

[2024-09-06T17:47:32.448+0000] {standard_task_runner.py:72} INFO - Started process 1139 to run task
[2024-09-06T17:47:32.449+0000] {standard_task_runner.py:104} INFO - Running: ['***', 'tasks', 'run', 'async_flow', 'task_backfill_number_of_cancelled_candidates_in_batch', 'manual__2024-09-06T17:47:30.120511+00:00', '--job-id', '343', '--raw', '--subdir', 'DAGS_FOLDER/dags_async_flow.py', '--cfg-path', '/tmp/tmpwxiwzcpc', '--map-index', '8']
[2024-09-06T17:47:32.450+0000] {standard_task_runner.py:105} INFO - Job 343: Subtask task_backfill_number_of_cancelled_candidates_in_batch
[2024-09-06T17:47:32.519+0000] {task_command.py:467} INFO - Running <TaskInstance: async_flow.task_backfill_number_of_cancelled_candidates_in_batch manual__2024-09-06T17:47:30.120511+00:00 map_index=8 [running]> on host 0817eb6c24af
[2024-09-06T17:47:32.590+0000] {taskinstance.py:3131} INFO - Exporting env vars: AIRFLOW_CTX_DAG_OWNER='***' AIRFLOW_CTX_DAG_ID='async_flow' AIRFLOW_CTX_TASK_ID='task_backfill_number_of_cancelled_candidates_in_batch' AIRFLOW_CTX_EXECUTION_DATE='2024-09-06T17:47:30.120511+00:00' AIRFLOW_CTX_TRY_NUMBER='1' AIRFLOW_CTX_DAG_RUN_ID='manual__2024-09-06T17:47:30.120511+00:00'
[2024-09-06T17:47:32.591+0000] {taskinstance.py:731} INFO - ::endgroup::
[2024-09-06T17:47:32.606+0000] {core_li.py:23} INFO - Successfully updated job requisition 66db04abbf0a19d8769e61a2
[2024-09-06T17:47:32.618+0000] {core_li.py:23} INFO - Successfully updated job requisition 66db04abbf0a19d8769e61a4
[2024-09-06T17:47:32.629+0000] {core_li.py:23} INFO - Successfully updated job requisition 66db04abbf0a19d8769e61a6
[2024-09-06T17:47:32.640+0000] {core_li.py:23} INFO - Successfully updated job requisition 66db04abbf0a19d8769e61a8
[2024-09-06T17:47:32.650+0000] {core_li.py:23} INFO - Successfully updated job requisition 66db04abbf0a19d8769e61aa
[2024-09-06T17:47:32.661+0000] {core_li.py:23} INFO - Successfully updated job requisition 66db04abbf0a19d8769e61ac
[2024-09-06T17:47:32.671+0000] {core_li.py:23} INFO - Successfully updated job requisition 66db04abbf0a19d8769e61ae
[2024-09-06T17:47:32.686+0000] {core_li.py:23} INFO - Successfully updated job requisition 66db04abbf0a19d8769e61b0
[2024-09-06T17:47:32.697+0000] {core_li.py:23} INFO - Successfully updated job requisition 66db04abbf0a19d8769e61b2
[2024-09-06T17:47:32.707+0000] {core_li.py:23} INFO - Successfully updated job requisition 66db04abbf0a19d8769e61b4
[2024-09-06T17:47:32.717+0000] {core_li.py:23} INFO - Successfully updated job requisition 66db04abbf0a19d8769e61b6
[2024-09-06T17:47:32.728+0000] {core_li.py:23} INFO - Successfully updated job requisition 66db04abbf0a19d8769e61b8
[2024-09-06T17:47:32.739+0000] {core_li.py:23} INFO - Successfully updated job requisition 66db04abbf0a19d8769e61ba
[2024-09-06T17:47:32.748+0000] {core_li.py:23} INFO - Successfully updated job requisition 66db04abbf0a19d8769e61bc
[2024-09-06T17:47:32.760+0000] {core_li.py:23} INFO - Successfully updated job requisition 66db04abbf0a19d8769e61be
[2024-09-06T17:47:32.772+0000] {core_li.py:23} INFO - Successfully updated job requisition 66db04abbf0a19d8769e61c0
[2024-09-06T17:47:32.780+0000] {core_li.py:23} INFO - Successfully updated job requisition 66db04abbf0a19d8769e61c2
[2024-09-06T17:47:32.790+0000] {core_li.py:23} INFO - Successfully updated job requisition 66db04abbf0a19d8769e61c4
[2024-09-06T17:47:32.801+0000] {core_li.py:23} INFO - Successfully updated job requisition 66db04abbf0a19d8769e61c6
[2024-09-06T17:47:32.809+0000] {core_li.py:23} INFO - Successfully updated job requisition 66db04abbf0a19d8769e61c8
[2024-09-06T17:47:32.818+0000] {core_li.py:23} INFO - Successfully updated job requisition 66db04abbf0a19d8769e61ca
[2024-09-06T17:47:32.827+0000] {core_li.py:23} INFO - Successfully updated job requisition 66db04abbf0a19d8769e61cc
[2024-09-06T17:47:32.836+0000] {core_li.py:23} INFO - Successfully updated job requisition 66db04abbf0a19d8769e61ce
[2024-09-06T17:47:32.843+0000] {core_li.py:23} INFO - Successfully updated job requisition 66db04abbf0a19d8769e61d0
[2024-09-06T17:47:32.854+0000] {core_li.py:23} INFO - Successfully updated job requisition 66db04abbf0a19d8769e61d2
[2024-09-06T17:47:32.864+0000] {core_li.py:23} INFO - Successfully updated job requisition 66db04abbf0a19d8769e61d4
[2024-09-06T17:47:32.879+0000] {core_li.py:23} INFO - Successfully updated job requisition 66db04abbf0a19d8769e61d6
[2024-09-06T17:47:32.886+0000] {core_li.py:23} INFO - Successfully updated job requisition 66db04abbf0a19d8769e61d8
[2024-09-06T17:47:32.897+0000] {core_li.py:23} INFO - Successfully updated job requisition 66db04abbf0a19d8769e61da
[2024-09-06T17:47:32.907+0000] {core_li.py:23} INFO - Successfully updated job requisition 66db04abbf0a19d8769e61dc
[2024-09-06T17:47:32.921+0000] {core_li.py:23} INFO - Successfully updated job requisition 66db04abbf0a19d8769e61de
[2024-09-06T17:47:32.931+0000] {core_li.py:23} INFO - Successfully updated job requisition 66db04abbf0a19d8769e61e0
[2024-09-06T17:47:32.940+0000] {core_li.py:23} INFO - Successfully updated job requisition 66db04abbf0a19d8769e61e2
[2024-09-06T17:47:32.949+0000] {core_li.py:23} INFO - Successfully updated job requisition 66db04abbf0a19d8769e61e4
[2024-09-06T17:47:32.962+0000] {core_li.py:23} INFO - Successfully updated job requisition 66db04abbf0a19d8769e61e6
[2024-09-06T17:47:32.977+0000] {core_li.py:23} INFO - Successfully updated job requisition 66db04abbf0a19d8769e61e8
[2024-09-06T17:47:32.984+0000] {core_li.py:23} INFO - Successfully updated job requisition 66db04abbf0a19d8769e61ea
[2024-09-06T17:47:32.991+0000] {core_li.py:23} INFO - Successfully updated job requisition 66db04abbf0a19d8769e61ec
[2024-09-06T17:47:33.006+0000] {core_li.py:23} INFO - Successfully updated job requisition 66db04abbf0a19d8769e61ee
[2024-09-06T17:47:33.019+0000] {core_li.py:23} INFO - Successfully updated job requisition 66db04abbf0a19d8769e61f0
[2024-09-06T17:47:33.028+0000] {core_li.py:23} INFO - Successfully updated job requisition 66db04abbf0a19d8769e61f2
[2024-09-06T17:47:33.036+0000] {core_li.py:23} INFO - Successfully updated job requisition 66db04abbf0a19d8769e61f4
[2024-09-06T17:47:33.045+0000] {core_li.py:23} INFO - Successfully updated job requisition 66db04abbf0a19d8769e61f6
[2024-09-06T17:47:33.053+0000] {core_li.py:23} INFO - Successfully updated job requisition 66db04abbf0a19d8769e61f8
[2024-09-06T17:47:33.061+0000] {core_li.py:23} INFO - Successfully updated job requisition 66db04abbf0a19d8769e61fa
[2024-09-06T17:47:33.068+0000] {core_li.py:23} INFO - Successfully updated job requisition 66db04abbf0a19d8769e61fc
[2024-09-06T17:47:33.078+0000] {core_li.py:23} INFO - Successfully updated job requisition 66db04abbf0a19d8769e61fe
[2024-09-06T17:47:33.087+0000] {core_li.py:23} INFO - Successfully updated job requisition 66db04abbf0a19d8769e6200
[2024-09-06T17:47:33.095+0000] {core_li.py:23} INFO - Successfully updated job requisition 66db04abbf0a19d8769e6202
[2024-09-06T17:47:33.109+0000] {core_li.py:23} INFO - Successfully updated job requisition 66db04abbf0a19d8769e6204
[2024-09-06T17:47:33.116+0000] {core_li.py:23} INFO - Successfully updated job requisition 66db04abbf0a19d8769e6206
[2024-09-06T17:47:33.125+0000] {core_li.py:23} INFO - Successfully updated job requisition 66db04abbf0a19d8769e6208
[2024-09-06T17:47:33.132+0000] {core_li.py:23} INFO - Successfully updated job requisition 66db04abbf0a19d8769e620a
[2024-09-06T17:47:33.141+0000] {core_li.py:23} INFO - Successfully updated job requisition 66db04abbf0a19d8769e620c
[2024-09-06T17:47:33.149+0000] {core_li.py:23} INFO - Successfully updated job requisition 66db04abbf0a19d8769e620e
[2024-09-06T17:47:33.158+0000] {core_li.py:23} INFO - Successfully updated job requisition 66db04abbf0a19d8769e6210
[2024-09-06T17:47:33.165+0000] {core_li.py:23} INFO - Successfully updated job requisition 66db04abbf0a19d8769e6212
[2024-09-06T17:47:33.173+0000] {core_li.py:23} INFO - Successfully updated job requisition 66db04abbf0a19d8769e6214
[2024-09-06T17:47:33.183+0000] {core_li.py:23} INFO - Successfully updated job requisition 66db04abbf0a19d8769e6216
[2024-09-06T17:47:33.194+0000] {core_li.py:23} INFO - Successfully updated job requisition 66db04abbf0a19d8769e6218
[2024-09-06T17:47:33.203+0000] {core_li.py:23} INFO - Successfully updated job requisition 66db04abbf0a19d8769e621a
[2024-09-06T17:47:33.214+0000] {core_li.py:23} INFO - Successfully updated job requisition 66db04abbf0a19d8769e621c
[2024-09-06T17:47:33.220+0000] {core_li.py:23} INFO - Successfully updated job requisition 66db04abbf0a19d8769e621e
[2024-09-06T17:47:33.228+0000] {core_li.py:23} INFO - Successfully updated job requisition 66db04abbf0a19d8769e6220
[2024-09-06T17:47:33.240+0000] {core_li.py:23} INFO - Successfully updated job requisition 66db04abbf0a19d8769e6222
[2024-09-06T17:47:33.248+0000] {core_li.py:23} INFO - Successfully updated job requisition 66db04abbf0a19d8769e6224
[2024-09-06T17:47:33.256+0000] {core_li.py:23} INFO - Successfully updated job requisition 66db04abbf0a19d8769e6226
[2024-09-06T17:47:33.262+0000] {core_li.py:23} INFO - Successfully updated job requisition 66db04abbf0a19d8769e6228
[2024-09-06T17:47:33.268+0000] {core_li.py:23} INFO - Successfully updated job requisition 66db04abbf0a19d8769e622a
[2024-09-06T17:47:33.276+0000] {core_li.py:23} INFO - Successfully updated job requisition 66db04abbf0a19d8769e622c
[2024-09-06T17:47:33.286+0000] {core_li.py:23} INFO - Successfully updated job requisition 66db04abbf0a19d8769e622e
[2024-09-06T17:47:33.301+0000] {core_li.py:23} INFO - Successfully updated job requisition 66db04abbf0a19d8769e6230
[2024-09-06T17:47:33.309+0000] {core_li.py:23} INFO - Successfully updated job requisition 66db04abbf0a19d8769e6232
[2024-09-06T17:47:33.317+0000] {core_li.py:23} INFO - Successfully updated job requisition 66db04abbf0a19d8769e6234
[2024-09-06T17:47:33.325+0000] {core_li.py:23} INFO - Successfully updated job requisition 66db04abbf0a19d8769e6236
[2024-09-06T17:47:33.333+0000] {core_li.py:23} INFO - Successfully updated job requisition 66db04abbf0a19d8769e6238
[2024-09-06T17:47:33.342+0000] {core_li.py:23} INFO - Successfully updated job requisition 66db04abbf0a19d8769e623a
[2024-09-06T17:47:33.348+0000] {core_li.py:23} INFO - Successfully updated job requisition 66db04abbf0a19d8769e623c
[2024-09-06T17:47:33.356+0000] {core_li.py:23} INFO - Successfully updated job requisition 66db04abbf0a19d8769e623e
[2024-09-06T17:47:33.365+0000] {core_li.py:23} INFO - Successfully updated job requisition 66db04abbf0a19d8769e6240
[2024-09-06T17:47:33.372+0000] {core_li.py:23} INFO - Successfully updated job requisition 66db04abbf0a19d8769e6242
[2024-09-06T17:47:33.389+0000] {core_li.py:23} INFO - Successfully updated job requisition 66db04abbf0a19d8769e6244
[2024-09-06T17:47:33.400+0000] {core_li.py:23} INFO - Successfully updated job requisition 66db04abbf0a19d8769e6246
[2024-09-06T17:47:33.409+0000] {core_li.py:23} INFO - Successfully updated job requisition 66db04abbf0a19d8769e6248
[2024-09-06T17:47:33.418+0000] {core_li.py:23} INFO - Successfully updated job requisition 66db04abbf0a19d8769e624a
[2024-09-06T17:47:33.426+0000] {core_li.py:23} INFO - Successfully updated job requisition 66db04abbf0a19d8769e624c
[2024-09-06T17:47:33.435+0000] {core_li.py:23} INFO - Successfully updated job requisition 66db04abbf0a19d8769e624e
[2024-09-06T17:47:33.442+0000] {core_li.py:23} INFO - Successfully updated job requisition 66db04abbf0a19d8769e6250
[2024-09-06T17:47:33.450+0000] {core_li.py:23} INFO - Successfully updated job requisition 66db04abbf0a19d8769e6252
[2024-09-06T17:47:33.460+0000] {core_li.py:23} INFO - Successfully updated job requisition 66db04abbf0a19d8769e6254
[2024-09-06T17:47:33.469+0000] {core_li.py:23} INFO - Successfully updated job requisition 66db04abbf0a19d8769e6256
[2024-09-06T17:47:33.476+0000] {core_li.py:23} INFO - Successfully updated job requisition 66db04abbf0a19d8769e6258
[2024-09-06T17:47:33.486+0000] {core_li.py:23} INFO - Successfully updated job requisition 66db04abbf0a19d8769e625a
[2024-09-06T17:47:33.496+0000] {core_li.py:23} INFO - Successfully updated job requisition 66db04abbf0a19d8769e625c
[2024-09-06T17:47:33.504+0000] {core_li.py:23} INFO - Successfully updated job requisition 66db04abbf0a19d8769e625e
[2024-09-06T17:47:33.512+0000] {core_li.py:23} INFO - Successfully updated job requisition 66db04abbf0a19d8769e6260
[2024-09-06T17:47:33.521+0000] {core_li.py:23} INFO - Successfully updated job requisition 66db04abbf0a19d8769e6262
[2024-09-06T17:47:33.529+0000] {core_li.py:23} INFO - Successfully updated job requisition 66db04abbf0a19d8769e6264
[2024-09-06T17:47:33.540+0000] {core_li.py:23} INFO - Successfully updated job requisition 66db04abbf0a19d8769e6266
[2024-09-06T17:47:33.550+0000] {core_li.py:23} INFO - Successfully updated job requisition 66db04abbf0a19d8769e6268
[2024-09-06T17:47:33.551+0000] {python.py:240} INFO - Done. Returned value was: 100
[2024-09-06T17:47:33.572+0000] {taskinstance.py:340} INFO - ::group::Post task execution logs
[2024-09-06T17:47:33.572+0000] {taskinstance.py:352} INFO - Marking task as SUCCESS. dag_id=async_flow, task_id=task_backfill_number_of_cancelled_candidates_in_batch, run_id=manual__2024-09-06T17:47:30.120511+00:00, map_index=8, execution_date=20240906T174730, start_date=20240906T174732, end_date=20240906T174733
[2024-09-06T17:47:33.590+0000] {local_task_job_runner.py:266} INFO - Task exited with return code 0
[2024-09-06T17:47:33.598+0000] {local_task_job_runner.py:245} INFO - ::endgroup::
