[2024-09-06T17:43:07.196+0000] {local_task_job_runner.py:123} INFO - ::group::Pre task execution logs
[2024-09-06T17:43:07.290+0000] {taskinstance.py:2612} INFO - Dependencies all met for dep_context=non-requeueable deps ti=<TaskInstance: async_flow.task_backfill_number_of_cancelled_candidates_in_batch manual__2024-09-06T17:43:02.727107+00:00 map_index=18 [queued]>
[2024-09-06T17:43:07.313+0000] {taskinstance.py:2612} INFO - Dependencies all met for dep_context=requeueable deps ti=<TaskInstance: async_flow.task_backfill_number_of_cancelled_candidates_in_batch manual__2024-09-06T17:43:02.727107+00:00 map_index=18 [queued]>
[2024-09-06T17:43:07.316+0000] {taskinstance.py:2865} INFO - Starting attempt 1 of 1
[2024-09-06T17:43:07.396+0000] {taskinstance.py:2888} INFO - Executing <Mapped(_PythonDecoratedOperator): task_backfill_number_of_cancelled_candidates_in_batch> on 2024-09-06 17:43:02.727107+00:00
[2024-09-06T17:43:07.402+0000] {warnings.py:112} WARNING - /home/***/.local/lib/python3.12/site-packages/***/task/task_runner/standard_task_runner.py:70: DeprecationWarning: This process (pid=174) is multi-threaded, use of fork() may lead to deadlocks in the child.
  pid = os.fork()

[2024-09-06T17:43:07.404+0000] {standard_task_runner.py:72} INFO - Started process 248 to run task
[2024-09-06T17:43:07.412+0000] {standard_task_runner.py:104} INFO - Running: ['***', 'tasks', 'run', 'async_flow', 'task_backfill_number_of_cancelled_candidates_in_batch', 'manual__2024-09-06T17:43:02.727107+00:00', '--job-id', '198', '--raw', '--subdir', 'DAGS_FOLDER/dags_async_flow.py', '--cfg-path', '/tmp/tmpxnts8alm', '--map-index', '18']
[2024-09-06T17:43:07.413+0000] {standard_task_runner.py:105} INFO - Job 198: Subtask task_backfill_number_of_cancelled_candidates_in_batch
[2024-09-06T17:43:07.465+0000] {task_command.py:467} INFO - Running <TaskInstance: async_flow.task_backfill_number_of_cancelled_candidates_in_batch manual__2024-09-06T17:43:02.727107+00:00 map_index=18 [running]> on host 0817eb6c24af
[2024-09-06T17:43:07.572+0000] {taskinstance.py:3131} INFO - Exporting env vars: AIRFLOW_CTX_DAG_OWNER='***' AIRFLOW_CTX_DAG_ID='async_flow' AIRFLOW_CTX_TASK_ID='task_backfill_number_of_cancelled_candidates_in_batch' AIRFLOW_CTX_EXECUTION_DATE='2024-09-06T17:43:02.727107+00:00' AIRFLOW_CTX_TRY_NUMBER='1' AIRFLOW_CTX_DAG_RUN_ID='manual__2024-09-06T17:43:02.727107+00:00'
[2024-09-06T17:43:07.575+0000] {taskinstance.py:731} INFO - ::endgroup::
[2024-09-06T17:43:07.591+0000] {core_li.py:23} INFO - Successfully updated job requisition 66db04abbf0a19d8769e6972
[2024-09-06T17:43:07.602+0000] {core_li.py:23} INFO - Successfully updated job requisition 66db04abbf0a19d8769e6974
[2024-09-06T17:43:07.610+0000] {core_li.py:23} INFO - Successfully updated job requisition 66db04abbf0a19d8769e6976
[2024-09-06T17:43:07.621+0000] {core_li.py:23} INFO - Successfully updated job requisition 66db04abbf0a19d8769e6978
[2024-09-06T17:43:07.631+0000] {core_li.py:23} INFO - Successfully updated job requisition 66db04abbf0a19d8769e697a
[2024-09-06T17:43:07.639+0000] {core_li.py:23} INFO - Successfully updated job requisition 66db04abbf0a19d8769e697c
[2024-09-06T17:43:07.654+0000] {core_li.py:23} INFO - Successfully updated job requisition 66db04abbf0a19d8769e697e
[2024-09-06T17:43:07.664+0000] {core_li.py:23} INFO - Successfully updated job requisition 66db04abbf0a19d8769e6980
[2024-09-06T17:43:07.680+0000] {core_li.py:23} INFO - Successfully updated job requisition 66db04abbf0a19d8769e6982
[2024-09-06T17:43:07.685+0000] {core_li.py:23} INFO - Successfully updated job requisition 66db04abbf0a19d8769e6984
[2024-09-06T17:43:07.693+0000] {core_li.py:23} INFO - Successfully updated job requisition 66db04abbf0a19d8769e6986
[2024-09-06T17:43:07.700+0000] {core_li.py:23} INFO - Successfully updated job requisition 66db04abbf0a19d8769e6988
[2024-09-06T17:43:07.710+0000] {core_li.py:23} INFO - Successfully updated job requisition 66db04abbf0a19d8769e698a
[2024-09-06T17:43:07.718+0000] {core_li.py:23} INFO - Successfully updated job requisition 66db04abbf0a19d8769e698c
[2024-09-06T17:43:07.726+0000] {core_li.py:23} INFO - Successfully updated job requisition 66db04abbf0a19d8769e698e
[2024-09-06T17:43:07.735+0000] {core_li.py:23} INFO - Successfully updated job requisition 66db04abbf0a19d8769e6990
[2024-09-06T17:43:07.746+0000] {core_li.py:23} INFO - Successfully updated job requisition 66db04abbf0a19d8769e6992
[2024-09-06T17:43:07.757+0000] {core_li.py:23} INFO - Successfully updated job requisition 66db04abbf0a19d8769e6994
[2024-09-06T17:43:07.763+0000] {core_li.py:23} INFO - Successfully updated job requisition 66db04abbf0a19d8769e6996
[2024-09-06T17:43:07.771+0000] {core_li.py:23} INFO - Successfully updated job requisition 66db04abbf0a19d8769e6998
[2024-09-06T17:43:07.780+0000] {core_li.py:23} INFO - Successfully updated job requisition 66db04abbf0a19d8769e699a
[2024-09-06T17:43:07.790+0000] {core_li.py:23} INFO - Successfully updated job requisition 66db04abbf0a19d8769e699c
[2024-09-06T17:43:07.801+0000] {core_li.py:23} INFO - Successfully updated job requisition 66db04abbf0a19d8769e699e
[2024-09-06T17:43:07.811+0000] {core_li.py:23} INFO - Successfully updated job requisition 66db04abbf0a19d8769e69a0
[2024-09-06T17:43:07.819+0000] {core_li.py:23} INFO - Successfully updated job requisition 66db04abbf0a19d8769e69a2
[2024-09-06T17:43:07.833+0000] {core_li.py:23} INFO - Successfully updated job requisition 66db04abbf0a19d8769e69a4
[2024-09-06T17:43:07.840+0000] {core_li.py:23} INFO - Successfully updated job requisition 66db04abbf0a19d8769e69a6
[2024-09-06T17:43:07.846+0000] {core_li.py:23} INFO - Successfully updated job requisition 66db04abbf0a19d8769e69a8
[2024-09-06T17:43:07.857+0000] {core_li.py:23} INFO - Successfully updated job requisition 66db04abbf0a19d8769e69aa
[2024-09-06T17:43:07.869+0000] {core_li.py:23} INFO - Successfully updated job requisition 66db04abbf0a19d8769e69ac
[2024-09-06T17:43:07.877+0000] {core_li.py:23} INFO - Successfully updated job requisition 66db04abbf0a19d8769e69ae
[2024-09-06T17:43:07.885+0000] {core_li.py:23} INFO - Successfully updated job requisition 66db04abbf0a19d8769e69b0
[2024-09-06T17:43:07.893+0000] {core_li.py:23} INFO - Successfully updated job requisition 66db04abbf0a19d8769e69b2
[2024-09-06T17:43:07.900+0000] {core_li.py:23} INFO - Successfully updated job requisition 66db04abbf0a19d8769e69b4
[2024-09-06T17:43:07.910+0000] {core_li.py:23} INFO - Successfully updated job requisition 66db04abbf0a19d8769e69b6
[2024-09-06T17:43:07.917+0000] {core_li.py:23} INFO - Successfully updated job requisition 66db04abbf0a19d8769e69b8
[2024-09-06T17:43:07.926+0000] {core_li.py:23} INFO - Successfully updated job requisition 66db04abbf0a19d8769e69ba
[2024-09-06T17:43:07.935+0000] {core_li.py:23} INFO - Successfully updated job requisition 66db04abbf0a19d8769e69bc
[2024-09-06T17:43:07.943+0000] {core_li.py:23} INFO - Successfully updated job requisition 66db04abbf0a19d8769e69be
[2024-09-06T17:43:07.950+0000] {core_li.py:23} INFO - Successfully updated job requisition 66db04abbf0a19d8769e69c0
[2024-09-06T17:43:07.957+0000] {core_li.py:23} INFO - Successfully updated job requisition 66db04abbf0a19d8769e69c2
[2024-09-06T17:43:07.966+0000] {core_li.py:23} INFO - Successfully updated job requisition 66db04abbf0a19d8769e69c4
[2024-09-06T17:43:07.972+0000] {core_li.py:23} INFO - Successfully updated job requisition 66db04abbf0a19d8769e69c6
[2024-09-06T17:43:07.982+0000] {core_li.py:23} INFO - Successfully updated job requisition 66db04abbf0a19d8769e69c8
[2024-09-06T17:43:07.991+0000] {core_li.py:23} INFO - Successfully updated job requisition 66db04abbf0a19d8769e69ca
[2024-09-06T17:43:07.997+0000] {core_li.py:23} INFO - Successfully updated job requisition 66db04abbf0a19d8769e69cc
[2024-09-06T17:43:08.006+0000] {core_li.py:23} INFO - Successfully updated job requisition 66db04abbf0a19d8769e69ce
[2024-09-06T17:43:08.018+0000] {core_li.py:23} INFO - Successfully updated job requisition 66db04abbf0a19d8769e69d0
[2024-09-06T17:43:08.028+0000] {core_li.py:23} INFO - Successfully updated job requisition 66db04abbf0a19d8769e69d2
[2024-09-06T17:43:08.039+0000] {core_li.py:23} INFO - Successfully updated job requisition 66db04abbf0a19d8769e69d4
[2024-09-06T17:43:08.051+0000] {core_li.py:23} INFO - Successfully updated job requisition 66db04abbf0a19d8769e69d6
[2024-09-06T17:43:08.059+0000] {core_li.py:23} INFO - Successfully updated job requisition 66db04abbf0a19d8769e69d8
[2024-09-06T17:43:08.065+0000] {core_li.py:23} INFO - Successfully updated job requisition 66db04abbf0a19d8769e69da
[2024-09-06T17:43:08.073+0000] {core_li.py:23} INFO - Successfully updated job requisition 66db04abbf0a19d8769e69dc
[2024-09-06T17:43:08.081+0000] {core_li.py:23} INFO - Successfully updated job requisition 66db04abbf0a19d8769e69de
[2024-09-06T17:43:08.090+0000] {core_li.py:23} INFO - Successfully updated job requisition 66db04abbf0a19d8769e69e0
[2024-09-06T17:43:08.100+0000] {core_li.py:23} INFO - Successfully updated job requisition 66db04abbf0a19d8769e69e2
[2024-09-06T17:43:08.108+0000] {core_li.py:23} INFO - Successfully updated job requisition 66db04abbf0a19d8769e69e4
[2024-09-06T17:43:08.116+0000] {core_li.py:23} INFO - Successfully updated job requisition 66db04abbf0a19d8769e69e6
[2024-09-06T17:43:08.126+0000] {core_li.py:23} INFO - Successfully updated job requisition 66db04abbf0a19d8769e69e8
[2024-09-06T17:43:08.138+0000] {core_li.py:23} INFO - Successfully updated job requisition 66db04abbf0a19d8769e69ea
[2024-09-06T17:43:08.149+0000] {core_li.py:23} INFO - Successfully updated job requisition 66db04abbf0a19d8769e69ec
[2024-09-06T17:43:08.157+0000] {core_li.py:23} INFO - Successfully updated job requisition 66db04abbf0a19d8769e69ee
[2024-09-06T17:43:08.165+0000] {core_li.py:23} INFO - Successfully updated job requisition 66db04abbf0a19d8769e69f0
[2024-09-06T17:43:08.173+0000] {core_li.py:23} INFO - Successfully updated job requisition 66db04abbf0a19d8769e69f2
[2024-09-06T17:43:08.181+0000] {core_li.py:23} INFO - Successfully updated job requisition 66db04abbf0a19d8769e69f4
[2024-09-06T17:43:08.189+0000] {core_li.py:23} INFO - Successfully updated job requisition 66db04abbf0a19d8769e69f6
[2024-09-06T17:43:08.196+0000] {core_li.py:23} INFO - Successfully updated job requisition 66db04abbf0a19d8769e69f8
[2024-09-06T17:43:08.203+0000] {core_li.py:23} INFO - Successfully updated job requisition 66db04abbf0a19d8769e69fa
[2024-09-06T17:43:08.212+0000] {core_li.py:23} INFO - Successfully updated job requisition 66db04abbf0a19d8769e69fc
[2024-09-06T17:43:08.223+0000] {core_li.py:23} INFO - Successfully updated job requisition 66db04abbf0a19d8769e69fe
[2024-09-06T17:43:08.232+0000] {core_li.py:23} INFO - Successfully updated job requisition 66db04abbf0a19d8769e6a00
[2024-09-06T17:43:08.243+0000] {core_li.py:23} INFO - Successfully updated job requisition 66db04abbf0a19d8769e6a02
[2024-09-06T17:43:08.255+0000] {core_li.py:23} INFO - Successfully updated job requisition 66db04abbf0a19d8769e6a04
[2024-09-06T17:43:08.264+0000] {core_li.py:23} INFO - Successfully updated job requisition 66db04abbf0a19d8769e6a06
[2024-09-06T17:43:08.274+0000] {core_li.py:23} INFO - Successfully updated job requisition 66db04abbf0a19d8769e6a08
[2024-09-06T17:43:08.283+0000] {core_li.py:23} INFO - Successfully updated job requisition 66db04abbf0a19d8769e6a0a
[2024-09-06T17:43:08.290+0000] {core_li.py:23} INFO - Successfully updated job requisition 66db04abbf0a19d8769e6a0c
[2024-09-06T17:43:08.297+0000] {core_li.py:23} INFO - Successfully updated job requisition 66db04abbf0a19d8769e6a0e
[2024-09-06T17:43:08.308+0000] {core_li.py:23} INFO - Successfully updated job requisition 66db04abbf0a19d8769e6a10
[2024-09-06T17:43:08.316+0000] {core_li.py:23} INFO - Successfully updated job requisition 66db04abbf0a19d8769e6a12
[2024-09-06T17:43:08.324+0000] {core_li.py:23} INFO - Successfully updated job requisition 66db04abbf0a19d8769e6a14
[2024-09-06T17:43:08.333+0000] {core_li.py:23} INFO - Successfully updated job requisition 66db04abbf0a19d8769e6a16
[2024-09-06T17:43:08.343+0000] {core_li.py:23} INFO - Successfully updated job requisition 66db04abbf0a19d8769e6a18
[2024-09-06T17:43:08.353+0000] {core_li.py:23} INFO - Successfully updated job requisition 66db04abbf0a19d8769e6a1a
[2024-09-06T17:43:08.361+0000] {core_li.py:23} INFO - Successfully updated job requisition 66db04abbf0a19d8769e6a1c
[2024-09-06T17:43:08.368+0000] {core_li.py:23} INFO - Successfully updated job requisition 66db04abbf0a19d8769e6a1e
[2024-09-06T17:43:08.377+0000] {core_li.py:23} INFO - Successfully updated job requisition 66db04abbf0a19d8769e6a20
[2024-09-06T17:43:08.393+0000] {core_li.py:23} INFO - Successfully updated job requisition 66db04abbf0a19d8769e6a22
[2024-09-06T17:43:08.403+0000] {core_li.py:23} INFO - Successfully updated job requisition 66db04abbf0a19d8769e6a24
[2024-09-06T17:43:08.410+0000] {core_li.py:23} INFO - Successfully updated job requisition 66db04abbf0a19d8769e6a26
[2024-09-06T17:43:08.429+0000] {core_li.py:23} INFO - Successfully updated job requisition 66db04abbf0a19d8769e6a28
[2024-09-06T17:43:08.451+0000] {core_li.py:23} INFO - Successfully updated job requisition 66db04abbf0a19d8769e6a2a
[2024-09-06T17:43:08.476+0000] {core_li.py:23} INFO - Successfully updated job requisition 66db04abbf0a19d8769e6a2c
[2024-09-06T17:43:08.486+0000] {core_li.py:23} INFO - Successfully updated job requisition 66db04abbf0a19d8769e6a2e
[2024-09-06T17:43:08.495+0000] {core_li.py:23} INFO - Successfully updated job requisition 66db04abbf0a19d8769e6a30
[2024-09-06T17:43:08.508+0000] {core_li.py:23} INFO - Successfully updated job requisition 66db04abbf0a19d8769e6a32
[2024-09-06T17:43:08.518+0000] {core_li.py:23} INFO - Successfully updated job requisition 66db04abbf0a19d8769e6a34
[2024-09-06T17:43:08.542+0000] {core_li.py:23} INFO - Successfully updated job requisition 66db04abbf0a19d8769e6a36
[2024-09-06T17:43:08.555+0000] {core_li.py:23} INFO - Successfully updated job requisition 66db04abbf0a19d8769e6a38
[2024-09-06T17:43:08.556+0000] {python.py:240} INFO - Done. Returned value was: 100
[2024-09-06T17:43:08.576+0000] {taskinstance.py:340} INFO - ::group::Post task execution logs
[2024-09-06T17:43:08.578+0000] {taskinstance.py:352} INFO - Marking task as SUCCESS. dag_id=async_flow, task_id=task_backfill_number_of_cancelled_candidates_in_batch, run_id=manual__2024-09-06T17:43:02.727107+00:00, map_index=18, execution_date=20240906T174302, start_date=20240906T174307, end_date=20240906T174308
[2024-09-06T17:43:08.611+0000] {local_task_job_runner.py:266} INFO - Task exited with return code 0
[2024-09-06T17:43:08.621+0000] {local_task_job_runner.py:245} INFO - ::endgroup::
