[2024-09-06T17:47:37.761+0000] {local_task_job_runner.py:123} INFO - ::group::Pre task execution logs
[2024-09-06T17:47:37.779+0000] {taskinstance.py:2612} INFO - Dependencies all met for dep_context=non-requeueable deps ti=<TaskInstance: async_flow.task_backfill_number_of_cancelled_candidates_in_batch manual__2024-09-06T17:47:30.120511+00:00 map_index=39 [queued]>
[2024-09-06T17:47:37.799+0000] {taskinstance.py:2612} INFO - Dependencies all met for dep_context=requeueable deps ti=<TaskInstance: async_flow.task_backfill_number_of_cancelled_candidates_in_batch manual__2024-09-06T17:47:30.120511+00:00 map_index=39 [queued]>
[2024-09-06T17:47:37.800+0000] {taskinstance.py:2865} INFO - Starting attempt 1 of 1
[2024-09-06T17:47:37.825+0000] {taskinstance.py:2888} INFO - Executing <Mapped(_PythonDecoratedOperator): task_backfill_number_of_cancelled_candidates_in_batch> on 2024-09-06 17:47:30.120511+00:00
[2024-09-06T17:47:37.831+0000] {warnings.py:112} WARNING - /home/***/.local/lib/python3.12/site-packages/***/task/task_runner/standard_task_runner.py:70: DeprecationWarning: This process (pid=1249) is multi-threaded, use of fork() may lead to deadlocks in the child.
  pid = os.fork()

[2024-09-06T17:47:37.834+0000] {standard_task_runner.py:72} INFO - Started process 1317 to run task
[2024-09-06T17:47:37.840+0000] {standard_task_runner.py:104} INFO - Running: ['***', 'tasks', 'run', 'async_flow', 'task_backfill_number_of_cancelled_candidates_in_batch', 'manual__2024-09-06T17:47:30.120511+00:00', '--job-id', '368', '--raw', '--subdir', 'DAGS_FOLDER/dags_async_flow.py', '--cfg-path', '/tmp/tmpdvuiex8m', '--map-index', '39']
[2024-09-06T17:47:37.842+0000] {standard_task_runner.py:105} INFO - Job 368: Subtask task_backfill_number_of_cancelled_candidates_in_batch
[2024-09-06T17:47:37.901+0000] {task_command.py:467} INFO - Running <TaskInstance: async_flow.task_backfill_number_of_cancelled_candidates_in_batch manual__2024-09-06T17:47:30.120511+00:00 map_index=39 [running]> on host 0817eb6c24af
[2024-09-06T17:47:38.072+0000] {taskinstance.py:3131} INFO - Exporting env vars: AIRFLOW_CTX_DAG_OWNER='***' AIRFLOW_CTX_DAG_ID='async_flow' AIRFLOW_CTX_TASK_ID='task_backfill_number_of_cancelled_candidates_in_batch' AIRFLOW_CTX_EXECUTION_DATE='2024-09-06T17:47:30.120511+00:00' AIRFLOW_CTX_TRY_NUMBER='1' AIRFLOW_CTX_DAG_RUN_ID='manual__2024-09-06T17:47:30.120511+00:00'
[2024-09-06T17:47:38.073+0000] {taskinstance.py:731} INFO - ::endgroup::
[2024-09-06T17:47:38.099+0000] {core_li.py:23} INFO - Successfully updated job requisition 66db04abbf0a19d8769e6a3a
[2024-09-06T17:47:38.115+0000] {core_li.py:23} INFO - Successfully updated job requisition 66db04abbf0a19d8769e6a3c
[2024-09-06T17:47:38.130+0000] {core_li.py:23} INFO - Successfully updated job requisition 66db04abbf0a19d8769e6a3e
[2024-09-06T17:47:38.138+0000] {core_li.py:23} INFO - Successfully updated job requisition 66db04abbf0a19d8769e6a40
[2024-09-06T17:47:38.146+0000] {core_li.py:23} INFO - Successfully updated job requisition 66db04abbf0a19d8769e6a42
[2024-09-06T17:47:38.162+0000] {core_li.py:23} INFO - Successfully updated job requisition 66db04abbf0a19d8769e6a44
[2024-09-06T17:47:38.171+0000] {core_li.py:23} INFO - Successfully updated job requisition 66db04abbf0a19d8769e6a46
[2024-09-06T17:47:38.177+0000] {core_li.py:23} INFO - Successfully updated job requisition 66db04abbf0a19d8769e6a48
[2024-09-06T17:47:38.183+0000] {core_li.py:23} INFO - Successfully updated job requisition 66db04abbf0a19d8769e6a4a
[2024-09-06T17:47:38.198+0000] {core_li.py:23} INFO - Successfully updated job requisition 66db04abbf0a19d8769e6a4c
[2024-09-06T17:47:38.206+0000] {core_li.py:23} INFO - Successfully updated job requisition 66db04abbf0a19d8769e6a4e
[2024-09-06T17:47:38.220+0000] {core_li.py:23} INFO - Successfully updated job requisition 66db04abbf0a19d8769e6a50
[2024-09-06T17:47:38.236+0000] {core_li.py:23} INFO - Successfully updated job requisition 66db04abbf0a19d8769e6a52
[2024-09-06T17:47:38.243+0000] {core_li.py:23} INFO - Successfully updated job requisition 66db04abbf0a19d8769e6a54
[2024-09-06T17:47:38.254+0000] {core_li.py:23} INFO - Successfully updated job requisition 66db04abbf0a19d8769e6a56
[2024-09-06T17:47:38.261+0000] {core_li.py:23} INFO - Successfully updated job requisition 66db04abbf0a19d8769e6a58
[2024-09-06T17:47:38.272+0000] {core_li.py:23} INFO - Successfully updated job requisition 66db04abbf0a19d8769e6a5a
[2024-09-06T17:47:38.279+0000] {core_li.py:23} INFO - Successfully updated job requisition 66db04abbf0a19d8769e6a5c
[2024-09-06T17:47:38.287+0000] {core_li.py:23} INFO - Successfully updated job requisition 66db04abbf0a19d8769e6a5e
[2024-09-06T17:47:38.297+0000] {core_li.py:23} INFO - Successfully updated job requisition 66db04abbf0a19d8769e6a60
[2024-09-06T17:47:38.305+0000] {core_li.py:23} INFO - Successfully updated job requisition 66db04abbf0a19d8769e6a62
[2024-09-06T17:47:38.316+0000] {core_li.py:23} INFO - Successfully updated job requisition 66db04abbf0a19d8769e6a64
[2024-09-06T17:47:38.328+0000] {core_li.py:23} INFO - Successfully updated job requisition 66db04abbf0a19d8769e6a66
[2024-09-06T17:47:38.337+0000] {core_li.py:23} INFO - Successfully updated job requisition 66db04abbf0a19d8769e6a68
[2024-09-06T17:47:38.344+0000] {core_li.py:23} INFO - Successfully updated job requisition 66db04abbf0a19d8769e6a6a
[2024-09-06T17:47:38.353+0000] {core_li.py:23} INFO - Successfully updated job requisition 66db04abbf0a19d8769e6a6c
[2024-09-06T17:47:38.360+0000] {core_li.py:23} INFO - Successfully updated job requisition 66db04abbf0a19d8769e6a6e
[2024-09-06T17:47:38.367+0000] {core_li.py:23} INFO - Successfully updated job requisition 66db04abbf0a19d8769e6a70
[2024-09-06T17:47:38.388+0000] {core_li.py:23} INFO - Successfully updated job requisition 66db04abbf0a19d8769e6a72
[2024-09-06T17:47:38.394+0000] {core_li.py:23} INFO - Successfully updated job requisition 66db04abbf0a19d8769e6a74
[2024-09-06T17:47:38.400+0000] {core_li.py:23} INFO - Successfully updated job requisition 66db04abbf0a19d8769e6a76
[2024-09-06T17:47:38.410+0000] {core_li.py:23} INFO - Successfully updated job requisition 66db04abbf0a19d8769e6a78
[2024-09-06T17:47:38.418+0000] {core_li.py:23} INFO - Successfully updated job requisition 66db04abbf0a19d8769e6a7a
[2024-09-06T17:47:38.426+0000] {core_li.py:23} INFO - Successfully updated job requisition 66db04abbf0a19d8769e6a7c
[2024-09-06T17:47:38.440+0000] {core_li.py:23} INFO - Successfully updated job requisition 66db04abbf0a19d8769e6a7e
[2024-09-06T17:47:38.449+0000] {core_li.py:23} INFO - Successfully updated job requisition 66db04abbf0a19d8769e6a80
[2024-09-06T17:47:38.459+0000] {core_li.py:23} INFO - Successfully updated job requisition 66db04abbf0a19d8769e6a82
[2024-09-06T17:47:38.466+0000] {core_li.py:23} INFO - Successfully updated job requisition 66db04abbf0a19d8769e6a84
[2024-09-06T17:47:38.473+0000] {core_li.py:23} INFO - Successfully updated job requisition 66db04abbf0a19d8769e6a86
[2024-09-06T17:47:38.482+0000] {core_li.py:23} INFO - Successfully updated job requisition 66db04abbf0a19d8769e6a88
[2024-09-06T17:47:38.494+0000] {core_li.py:23} INFO - Successfully updated job requisition 66db04abbf0a19d8769e6a8a
[2024-09-06T17:47:38.515+0000] {core_li.py:23} INFO - Successfully updated job requisition 66db04abbf0a19d8769e6a8c
[2024-09-06T17:47:38.547+0000] {core_li.py:23} INFO - Successfully updated job requisition 66db04abbf0a19d8769e6a8e
[2024-09-06T17:47:38.560+0000] {core_li.py:23} INFO - Successfully updated job requisition 66db04abbf0a19d8769e6a90
[2024-09-06T17:47:38.570+0000] {core_li.py:23} INFO - Successfully updated job requisition 66db04abbf0a19d8769e6a92
[2024-09-06T17:47:38.578+0000] {core_li.py:23} INFO - Successfully updated job requisition 66db04abbf0a19d8769e6a94
[2024-09-06T17:47:38.590+0000] {core_li.py:23} INFO - Successfully updated job requisition 66db04abbf0a19d8769e6a96
[2024-09-06T17:47:38.599+0000] {core_li.py:23} INFO - Successfully updated job requisition 66db04abbf0a19d8769e6a98
[2024-09-06T17:47:38.609+0000] {core_li.py:23} INFO - Successfully updated job requisition 66db04abbf0a19d8769e6a9a
[2024-09-06T17:47:38.618+0000] {core_li.py:23} INFO - Successfully updated job requisition 66db04abbf0a19d8769e6a9c
[2024-09-06T17:47:38.627+0000] {core_li.py:23} INFO - Successfully updated job requisition 66db04abbf0a19d8769e6a9e
[2024-09-06T17:47:38.634+0000] {core_li.py:23} INFO - Successfully updated job requisition 66db04abbf0a19d8769e6aa0
[2024-09-06T17:47:38.641+0000] {core_li.py:23} INFO - Successfully updated job requisition 66db04abbf0a19d8769e6aa2
[2024-09-06T17:47:38.650+0000] {core_li.py:23} INFO - Successfully updated job requisition 66db04abbf0a19d8769e6aa4
[2024-09-06T17:47:38.663+0000] {core_li.py:23} INFO - Successfully updated job requisition 66db04abbf0a19d8769e6aa6
[2024-09-06T17:47:38.676+0000] {core_li.py:23} INFO - Successfully updated job requisition 66db04abbf0a19d8769e6aa8
[2024-09-06T17:47:38.683+0000] {core_li.py:23} INFO - Successfully updated job requisition 66db04abbf0a19d8769e6aaa
[2024-09-06T17:47:38.692+0000] {core_li.py:23} INFO - Successfully updated job requisition 66db04abbf0a19d8769e6aac
[2024-09-06T17:47:38.702+0000] {core_li.py:23} INFO - Successfully updated job requisition 66db04abbf0a19d8769e6aae
[2024-09-06T17:47:38.722+0000] {core_li.py:23} INFO - Successfully updated job requisition 66db04abbf0a19d8769e6ab0
[2024-09-06T17:47:38.733+0000] {core_li.py:23} INFO - Successfully updated job requisition 66db04abbf0a19d8769e6ab2
[2024-09-06T17:47:38.740+0000] {core_li.py:23} INFO - Successfully updated job requisition 66db04abbf0a19d8769e6ab4
[2024-09-06T17:47:38.747+0000] {core_li.py:23} INFO - Successfully updated job requisition 66db04abbf0a19d8769e6ab6
[2024-09-06T17:47:38.753+0000] {core_li.py:23} INFO - Successfully updated job requisition 66db04abbf0a19d8769e6ab8
[2024-09-06T17:47:38.761+0000] {core_li.py:23} INFO - Successfully updated job requisition 66db04abbf0a19d8769e6aba
[2024-09-06T17:47:38.768+0000] {core_li.py:23} INFO - Successfully updated job requisition 66db04abbf0a19d8769e6abc
[2024-09-06T17:47:38.778+0000] {core_li.py:23} INFO - Successfully updated job requisition 66db04abbf0a19d8769e6abe
[2024-09-06T17:47:38.785+0000] {core_li.py:23} INFO - Successfully updated job requisition 66db04abbf0a19d8769e6ac0
[2024-09-06T17:47:38.791+0000] {core_li.py:23} INFO - Successfully updated job requisition 66db04abbf0a19d8769e6ac2
[2024-09-06T17:47:38.802+0000] {core_li.py:23} INFO - Successfully updated job requisition 66db04abbf0a19d8769e6ac4
[2024-09-06T17:47:38.814+0000] {core_li.py:23} INFO - Successfully updated job requisition 66db04abbf0a19d8769e6ac6
[2024-09-06T17:47:38.822+0000] {core_li.py:23} INFO - Successfully updated job requisition 66db04abbf0a19d8769e6ac8
[2024-09-06T17:47:38.839+0000] {core_li.py:23} INFO - Successfully updated job requisition 66db04abbf0a19d8769e6aca
[2024-09-06T17:47:38.860+0000] {core_li.py:23} INFO - Successfully updated job requisition 66db04abbf0a19d8769e6acc
[2024-09-06T17:47:38.870+0000] {core_li.py:23} INFO - Successfully updated job requisition 66db04abbf0a19d8769e6ace
[2024-09-06T17:47:38.879+0000] {core_li.py:23} INFO - Successfully updated job requisition 66db04abbf0a19d8769e6ad0
[2024-09-06T17:47:38.886+0000] {core_li.py:23} INFO - Successfully updated job requisition 66db04abbf0a19d8769e6ad2
[2024-09-06T17:47:38.894+0000] {core_li.py:23} INFO - Successfully updated job requisition 66db04abbf0a19d8769e6ad4
[2024-09-06T17:47:38.906+0000] {core_li.py:23} INFO - Successfully updated job requisition 66db04abbf0a19d8769e6ad6
[2024-09-06T17:47:38.917+0000] {core_li.py:23} INFO - Successfully updated job requisition 66db04abbf0a19d8769e6ad8
[2024-09-06T17:47:38.922+0000] {core_li.py:23} INFO - Successfully updated job requisition 66db04abbf0a19d8769e6ada
[2024-09-06T17:47:38.931+0000] {core_li.py:23} INFO - Successfully updated job requisition 66db04abbf0a19d8769e6adc
[2024-09-06T17:47:38.937+0000] {core_li.py:23} INFO - Successfully updated job requisition 66db04abbf0a19d8769e6ade
[2024-09-06T17:47:38.942+0000] {core_li.py:23} INFO - Successfully updated job requisition 66db04abbf0a19d8769e6ae0
[2024-09-06T17:47:38.950+0000] {core_li.py:23} INFO - Successfully updated job requisition 66db04abbf0a19d8769e6ae2
[2024-09-06T17:47:38.957+0000] {core_li.py:23} INFO - Successfully updated job requisition 66db04abbf0a19d8769e6ae4
[2024-09-06T17:47:38.964+0000] {core_li.py:23} INFO - Successfully updated job requisition 66db04abbf0a19d8769e6ae6
[2024-09-06T17:47:38.971+0000] {core_li.py:23} INFO - Successfully updated job requisition 66db04abbf0a19d8769e6ae8
[2024-09-06T17:47:38.980+0000] {core_li.py:23} INFO - Successfully updated job requisition 66db04abbf0a19d8769e6aea
[2024-09-06T17:47:38.988+0000] {core_li.py:23} INFO - Successfully updated job requisition 66db04abbf0a19d8769e6aec
[2024-09-06T17:47:39.002+0000] {core_li.py:23} INFO - Successfully updated job requisition 66db04abbf0a19d8769e6aee
[2024-09-06T17:47:39.016+0000] {core_li.py:23} INFO - Successfully updated job requisition 66db04abbf0a19d8769e6af0
[2024-09-06T17:47:39.025+0000] {core_li.py:23} INFO - Successfully updated job requisition 66db04abbf0a19d8769e6af2
[2024-09-06T17:47:39.034+0000] {core_li.py:23} INFO - Successfully updated job requisition 66db04abbf0a19d8769e6af4
[2024-09-06T17:47:39.040+0000] {core_li.py:23} INFO - Successfully updated job requisition 66db04abbf0a19d8769e6af6
[2024-09-06T17:47:39.050+0000] {core_li.py:23} INFO - Successfully updated job requisition 66db04abbf0a19d8769e6af8
[2024-09-06T17:47:39.061+0000] {core_li.py:23} INFO - Successfully updated job requisition 66db04abbf0a19d8769e6afa
[2024-09-06T17:47:39.070+0000] {core_li.py:23} INFO - Successfully updated job requisition 66db04abbf0a19d8769e6afc
[2024-09-06T17:47:39.083+0000] {core_li.py:23} INFO - Successfully updated job requisition 66db04abbf0a19d8769e6afe
[2024-09-06T17:47:39.098+0000] {core_li.py:23} INFO - Successfully updated job requisition 66db04abbf0a19d8769e6b00
[2024-09-06T17:47:39.099+0000] {python.py:240} INFO - Done. Returned value was: 100
[2024-09-06T17:47:39.125+0000] {taskinstance.py:340} INFO - ::group::Post task execution logs
[2024-09-06T17:47:39.126+0000] {taskinstance.py:352} INFO - Marking task as SUCCESS. dag_id=async_flow, task_id=task_backfill_number_of_cancelled_candidates_in_batch, run_id=manual__2024-09-06T17:47:30.120511+00:00, map_index=39, execution_date=20240906T174730, start_date=20240906T174737, end_date=20240906T174739
[2024-09-06T17:47:39.173+0000] {local_task_job_runner.py:266} INFO - Task exited with return code 0
[2024-09-06T17:47:39.179+0000] {local_task_job_runner.py:245} INFO - ::endgroup::
