[2024-09-06T17:45:48.203+0000] {local_task_job_runner.py:123} INFO - ::group::Pre task execution logs
[2024-09-06T17:45:48.237+0000] {taskinstance.py:2612} INFO - Dependencies all met for dep_context=non-requeueable deps ti=<TaskInstance: async_flow.task_backfill_number_of_cancelled_candidates_in_batch manual__2024-09-06T17:29:39.458358+00:00 map_index=8 [queued]>
[2024-09-06T17:45:48.251+0000] {taskinstance.py:2612} INFO - Dependencies all met for dep_context=requeueable deps ti=<TaskInstance: async_flow.task_backfill_number_of_cancelled_candidates_in_batch manual__2024-09-06T17:29:39.458358+00:00 map_index=8 [queued]>
[2024-09-06T17:45:48.252+0000] {taskinstance.py:2865} INFO - Starting attempt 2 of 2
[2024-09-06T17:45:48.278+0000] {taskinstance.py:2888} INFO - Executing <Mapped(_PythonDecoratedOperator): task_backfill_number_of_cancelled_candidates_in_batch> on 2024-09-06 17:29:39.458358+00:00
[2024-09-06T17:45:48.286+0000] {warnings.py:112} WARNING - /home/***/.local/lib/python3.12/site-packages/***/task/task_runner/standard_task_runner.py:70: DeprecationWarning: This process (pid=430) is multi-threaded, use of fork() may lead to deadlocks in the child.
  pid = os.fork()

[2024-09-06T17:45:48.291+0000] {standard_task_runner.py:72} INFO - Started process 508 to run task
[2024-09-06T17:45:48.294+0000] {standard_task_runner.py:104} INFO - Running: ['***', 'tasks', 'run', 'async_flow', 'task_backfill_number_of_cancelled_candidates_in_batch', 'manual__2024-09-06T17:29:39.458358+00:00', '--job-id', '241', '--raw', '--subdir', 'DAGS_FOLDER/dags_async_flow.py', '--cfg-path', '/tmp/tmpuebgjhyi', '--map-index', '8']
[2024-09-06T17:45:48.295+0000] {standard_task_runner.py:105} INFO - Job 241: Subtask task_backfill_number_of_cancelled_candidates_in_batch
[2024-09-06T17:45:48.394+0000] {task_command.py:467} INFO - Running <TaskInstance: async_flow.task_backfill_number_of_cancelled_candidates_in_batch manual__2024-09-06T17:29:39.458358+00:00 map_index=8 [running]> on host 0817eb6c24af
[2024-09-06T17:45:48.551+0000] {taskinstance.py:3131} INFO - Exporting env vars: AIRFLOW_CTX_DAG_OWNER='***' AIRFLOW_CTX_DAG_ID='async_flow' AIRFLOW_CTX_TASK_ID='task_backfill_number_of_cancelled_candidates_in_batch' AIRFLOW_CTX_EXECUTION_DATE='2024-09-06T17:29:39.458358+00:00' AIRFLOW_CTX_TRY_NUMBER='2' AIRFLOW_CTX_DAG_RUN_ID='manual__2024-09-06T17:29:39.458358+00:00'
[2024-09-06T17:45:48.553+0000] {taskinstance.py:731} INFO - ::endgroup::
[2024-09-06T17:45:48.570+0000] {core_li.py:23} INFO - Successfully updated job requisition 66db04abbf0a19d8769e61a2
[2024-09-06T17:45:48.583+0000] {core_li.py:23} INFO - Successfully updated job requisition 66db04abbf0a19d8769e61a4
[2024-09-06T17:45:48.597+0000] {core_li.py:23} INFO - Successfully updated job requisition 66db04abbf0a19d8769e61a6
[2024-09-06T17:45:48.608+0000] {core_li.py:23} INFO - Successfully updated job requisition 66db04abbf0a19d8769e61a8
[2024-09-06T17:45:48.620+0000] {core_li.py:23} INFO - Successfully updated job requisition 66db04abbf0a19d8769e61aa
[2024-09-06T17:45:48.634+0000] {core_li.py:23} INFO - Successfully updated job requisition 66db04abbf0a19d8769e61ac
[2024-09-06T17:45:48.648+0000] {core_li.py:23} INFO - Successfully updated job requisition 66db04abbf0a19d8769e61ae
[2024-09-06T17:45:48.662+0000] {core_li.py:23} INFO - Successfully updated job requisition 66db04abbf0a19d8769e61b0
[2024-09-06T17:45:48.678+0000] {core_li.py:23} INFO - Successfully updated job requisition 66db04abbf0a19d8769e61b2
[2024-09-06T17:45:48.693+0000] {core_li.py:23} INFO - Successfully updated job requisition 66db04abbf0a19d8769e61b4
[2024-09-06T17:45:48.707+0000] {core_li.py:23} INFO - Successfully updated job requisition 66db04abbf0a19d8769e61b6
[2024-09-06T17:45:48.719+0000] {core_li.py:23} INFO - Successfully updated job requisition 66db04abbf0a19d8769e61b8
[2024-09-06T17:45:48.730+0000] {core_li.py:23} INFO - Successfully updated job requisition 66db04abbf0a19d8769e61ba
[2024-09-06T17:45:48.744+0000] {core_li.py:23} INFO - Successfully updated job requisition 66db04abbf0a19d8769e61bc
[2024-09-06T17:45:48.756+0000] {core_li.py:23} INFO - Successfully updated job requisition 66db04abbf0a19d8769e61be
[2024-09-06T17:45:48.770+0000] {core_li.py:23} INFO - Successfully updated job requisition 66db04abbf0a19d8769e61c0
[2024-09-06T17:45:48.781+0000] {core_li.py:23} INFO - Successfully updated job requisition 66db04abbf0a19d8769e61c2
[2024-09-06T17:45:48.794+0000] {core_li.py:23} INFO - Successfully updated job requisition 66db04abbf0a19d8769e61c4
[2024-09-06T17:45:48.814+0000] {core_li.py:23} INFO - Successfully updated job requisition 66db04abbf0a19d8769e61c6
[2024-09-06T17:45:48.836+0000] {core_li.py:23} INFO - Successfully updated job requisition 66db04abbf0a19d8769e61c8
[2024-09-06T17:45:48.860+0000] {core_li.py:23} INFO - Successfully updated job requisition 66db04abbf0a19d8769e61ca
[2024-09-06T17:45:48.877+0000] {core_li.py:23} INFO - Successfully updated job requisition 66db04abbf0a19d8769e61cc
[2024-09-06T17:45:48.894+0000] {core_li.py:23} INFO - Successfully updated job requisition 66db04abbf0a19d8769e61ce
[2024-09-06T17:45:48.909+0000] {core_li.py:23} INFO - Successfully updated job requisition 66db04abbf0a19d8769e61d0
[2024-09-06T17:45:48.926+0000] {core_li.py:23} INFO - Successfully updated job requisition 66db04abbf0a19d8769e61d2
[2024-09-06T17:45:48.938+0000] {core_li.py:23} INFO - Successfully updated job requisition 66db04abbf0a19d8769e61d4
[2024-09-06T17:45:48.951+0000] {core_li.py:23} INFO - Successfully updated job requisition 66db04abbf0a19d8769e61d6
[2024-09-06T17:45:48.970+0000] {core_li.py:23} INFO - Successfully updated job requisition 66db04abbf0a19d8769e61d8
[2024-09-06T17:45:48.981+0000] {core_li.py:23} INFO - Successfully updated job requisition 66db04abbf0a19d8769e61da
[2024-09-06T17:45:48.992+0000] {core_li.py:23} INFO - Successfully updated job requisition 66db04abbf0a19d8769e61dc
[2024-09-06T17:45:49.024+0000] {core_li.py:23} INFO - Successfully updated job requisition 66db04abbf0a19d8769e61de
[2024-09-06T17:45:49.050+0000] {core_li.py:23} INFO - Successfully updated job requisition 66db04abbf0a19d8769e61e0
[2024-09-06T17:45:49.064+0000] {core_li.py:23} INFO - Successfully updated job requisition 66db04abbf0a19d8769e61e2
[2024-09-06T17:45:49.093+0000] {core_li.py:23} INFO - Successfully updated job requisition 66db04abbf0a19d8769e61e4
[2024-09-06T17:45:49.107+0000] {core_li.py:23} INFO - Successfully updated job requisition 66db04abbf0a19d8769e61e6
[2024-09-06T17:45:49.120+0000] {core_li.py:23} INFO - Successfully updated job requisition 66db04abbf0a19d8769e61e8
[2024-09-06T17:45:49.128+0000] {core_li.py:23} INFO - Successfully updated job requisition 66db04abbf0a19d8769e61ea
[2024-09-06T17:45:49.137+0000] {core_li.py:23} INFO - Successfully updated job requisition 66db04abbf0a19d8769e61ec
[2024-09-06T17:45:49.149+0000] {core_li.py:23} INFO - Successfully updated job requisition 66db04abbf0a19d8769e61ee
[2024-09-06T17:45:49.160+0000] {core_li.py:23} INFO - Successfully updated job requisition 66db04abbf0a19d8769e61f0
[2024-09-06T17:45:49.173+0000] {core_li.py:23} INFO - Successfully updated job requisition 66db04abbf0a19d8769e61f2
[2024-09-06T17:45:49.184+0000] {core_li.py:23} INFO - Successfully updated job requisition 66db04abbf0a19d8769e61f4
[2024-09-06T17:45:49.193+0000] {core_li.py:23} INFO - Successfully updated job requisition 66db04abbf0a19d8769e61f6
[2024-09-06T17:45:49.209+0000] {core_li.py:23} INFO - Successfully updated job requisition 66db04abbf0a19d8769e61f8
[2024-09-06T17:45:49.221+0000] {core_li.py:23} INFO - Successfully updated job requisition 66db04abbf0a19d8769e61fa
[2024-09-06T17:45:49.232+0000] {core_li.py:23} INFO - Successfully updated job requisition 66db04abbf0a19d8769e61fc
[2024-09-06T17:45:49.240+0000] {core_li.py:23} INFO - Successfully updated job requisition 66db04abbf0a19d8769e61fe
[2024-09-06T17:45:49.249+0000] {core_li.py:23} INFO - Successfully updated job requisition 66db04abbf0a19d8769e6200
[2024-09-06T17:45:49.257+0000] {core_li.py:23} INFO - Successfully updated job requisition 66db04abbf0a19d8769e6202
[2024-09-06T17:45:49.266+0000] {core_li.py:23} INFO - Successfully updated job requisition 66db04abbf0a19d8769e6204
[2024-09-06T17:45:49.275+0000] {core_li.py:23} INFO - Successfully updated job requisition 66db04abbf0a19d8769e6206
[2024-09-06T17:45:49.296+0000] {core_li.py:23} INFO - Successfully updated job requisition 66db04abbf0a19d8769e6208
[2024-09-06T17:45:49.307+0000] {core_li.py:23} INFO - Successfully updated job requisition 66db04abbf0a19d8769e620a
[2024-09-06T17:45:49.326+0000] {core_li.py:23} INFO - Successfully updated job requisition 66db04abbf0a19d8769e620c
[2024-09-06T17:45:49.345+0000] {core_li.py:23} INFO - Successfully updated job requisition 66db04abbf0a19d8769e620e
[2024-09-06T17:45:49.361+0000] {core_li.py:23} INFO - Successfully updated job requisition 66db04abbf0a19d8769e6210
[2024-09-06T17:45:49.369+0000] {core_li.py:23} INFO - Successfully updated job requisition 66db04abbf0a19d8769e6212
[2024-09-06T17:45:49.377+0000] {core_li.py:23} INFO - Successfully updated job requisition 66db04abbf0a19d8769e6214
[2024-09-06T17:45:49.386+0000] {core_li.py:23} INFO - Successfully updated job requisition 66db04abbf0a19d8769e6216
[2024-09-06T17:45:49.396+0000] {core_li.py:23} INFO - Successfully updated job requisition 66db04abbf0a19d8769e6218
[2024-09-06T17:45:49.407+0000] {core_li.py:23} INFO - Successfully updated job requisition 66db04abbf0a19d8769e621a
[2024-09-06T17:45:49.420+0000] {core_li.py:23} INFO - Successfully updated job requisition 66db04abbf0a19d8769e621c
[2024-09-06T17:45:49.429+0000] {core_li.py:23} INFO - Successfully updated job requisition 66db04abbf0a19d8769e621e
[2024-09-06T17:45:49.442+0000] {core_li.py:23} INFO - Successfully updated job requisition 66db04abbf0a19d8769e6220
[2024-09-06T17:45:49.459+0000] {core_li.py:23} INFO - Successfully updated job requisition 66db04abbf0a19d8769e6222
[2024-09-06T17:45:49.473+0000] {core_li.py:23} INFO - Successfully updated job requisition 66db04abbf0a19d8769e6224
[2024-09-06T17:45:49.486+0000] {core_li.py:23} INFO - Successfully updated job requisition 66db04abbf0a19d8769e6226
[2024-09-06T17:45:49.497+0000] {core_li.py:23} INFO - Successfully updated job requisition 66db04abbf0a19d8769e6228
[2024-09-06T17:45:49.509+0000] {core_li.py:23} INFO - Successfully updated job requisition 66db04abbf0a19d8769e622a
[2024-09-06T17:45:49.518+0000] {core_li.py:23} INFO - Successfully updated job requisition 66db04abbf0a19d8769e622c
[2024-09-06T17:45:49.528+0000] {core_li.py:23} INFO - Successfully updated job requisition 66db04abbf0a19d8769e622e
[2024-09-06T17:45:49.536+0000] {core_li.py:23} INFO - Successfully updated job requisition 66db04abbf0a19d8769e6230
[2024-09-06T17:45:49.546+0000] {core_li.py:23} INFO - Successfully updated job requisition 66db04abbf0a19d8769e6232
[2024-09-06T17:45:49.554+0000] {core_li.py:23} INFO - Successfully updated job requisition 66db04abbf0a19d8769e6234
[2024-09-06T17:45:49.562+0000] {core_li.py:23} INFO - Successfully updated job requisition 66db04abbf0a19d8769e6236
[2024-09-06T17:45:49.574+0000] {core_li.py:23} INFO - Successfully updated job requisition 66db04abbf0a19d8769e6238
[2024-09-06T17:45:49.587+0000] {core_li.py:23} INFO - Successfully updated job requisition 66db04abbf0a19d8769e623a
[2024-09-06T17:45:49.599+0000] {core_li.py:23} INFO - Successfully updated job requisition 66db04abbf0a19d8769e623c
[2024-09-06T17:45:49.614+0000] {core_li.py:23} INFO - Successfully updated job requisition 66db04abbf0a19d8769e623e
[2024-09-06T17:45:49.627+0000] {core_li.py:23} INFO - Successfully updated job requisition 66db04abbf0a19d8769e6240
[2024-09-06T17:45:49.640+0000] {core_li.py:23} INFO - Successfully updated job requisition 66db04abbf0a19d8769e6242
[2024-09-06T17:45:49.652+0000] {core_li.py:23} INFO - Successfully updated job requisition 66db04abbf0a19d8769e6244
[2024-09-06T17:45:49.661+0000] {core_li.py:23} INFO - Successfully updated job requisition 66db04abbf0a19d8769e6246
[2024-09-06T17:45:49.668+0000] {core_li.py:23} INFO - Successfully updated job requisition 66db04abbf0a19d8769e6248
[2024-09-06T17:45:49.676+0000] {core_li.py:23} INFO - Successfully updated job requisition 66db04abbf0a19d8769e624a
[2024-09-06T17:45:49.686+0000] {core_li.py:23} INFO - Successfully updated job requisition 66db04abbf0a19d8769e624c
[2024-09-06T17:45:49.697+0000] {core_li.py:23} INFO - Successfully updated job requisition 66db04abbf0a19d8769e624e
[2024-09-06T17:45:49.706+0000] {core_li.py:23} INFO - Successfully updated job requisition 66db04abbf0a19d8769e6250
[2024-09-06T17:45:49.714+0000] {core_li.py:23} INFO - Successfully updated job requisition 66db04abbf0a19d8769e6252
[2024-09-06T17:45:49.722+0000] {core_li.py:23} INFO - Successfully updated job requisition 66db04abbf0a19d8769e6254
[2024-09-06T17:45:49.728+0000] {core_li.py:23} INFO - Successfully updated job requisition 66db04abbf0a19d8769e6256
[2024-09-06T17:45:49.734+0000] {core_li.py:23} INFO - Successfully updated job requisition 66db04abbf0a19d8769e6258
[2024-09-06T17:45:49.744+0000] {core_li.py:23} INFO - Successfully updated job requisition 66db04abbf0a19d8769e625a
[2024-09-06T17:45:49.752+0000] {core_li.py:23} INFO - Successfully updated job requisition 66db04abbf0a19d8769e625c
[2024-09-06T17:45:49.760+0000] {core_li.py:23} INFO - Successfully updated job requisition 66db04abbf0a19d8769e625e
[2024-09-06T17:45:49.769+0000] {core_li.py:23} INFO - Successfully updated job requisition 66db04abbf0a19d8769e6260
[2024-09-06T17:45:49.777+0000] {core_li.py:23} INFO - Successfully updated job requisition 66db04abbf0a19d8769e6262
[2024-09-06T17:45:49.786+0000] {core_li.py:23} INFO - Successfully updated job requisition 66db04abbf0a19d8769e6264
[2024-09-06T17:45:49.796+0000] {core_li.py:23} INFO - Successfully updated job requisition 66db04abbf0a19d8769e6266
[2024-09-06T17:45:49.803+0000] {core_li.py:23} INFO - Successfully updated job requisition 66db04abbf0a19d8769e6268
[2024-09-06T17:45:49.803+0000] {python.py:240} INFO - Done. Returned value was: 100
[2024-09-06T17:45:49.828+0000] {taskinstance.py:340} INFO - ::group::Post task execution logs
[2024-09-06T17:45:49.829+0000] {taskinstance.py:352} INFO - Marking task as SUCCESS. dag_id=async_flow, task_id=task_backfill_number_of_cancelled_candidates_in_batch, run_id=manual__2024-09-06T17:29:39.458358+00:00, map_index=8, execution_date=20240906T172939, start_date=20240906T174548, end_date=20240906T174549
[2024-09-06T17:45:49.886+0000] {local_task_job_runner.py:266} INFO - Task exited with return code 0
[2024-09-06T17:45:49.915+0000] {taskinstance.py:3900} INFO - 0 downstream tasks scheduled from follow-on schedule check
[2024-09-06T17:45:49.917+0000] {local_task_job_runner.py:245} INFO - ::endgroup::
