[2024-09-06T17:29:41.867+0000] {local_task_job_runner.py:123} INFO - ::group::Pre task execution logs
[2024-09-06T17:29:41.909+0000] {taskinstance.py:2612} INFO - Dependencies all met for dep_context=non-requeueable deps ti=<TaskInstance: async_flow.task_backfill_number_of_cancelled_candidates_in_batch manual__2024-09-06T17:29:39.458358+00:00 map_index=8 [queued]>
[2024-09-06T17:29:41.925+0000] {taskinstance.py:2612} INFO - Dependencies all met for dep_context=requeueable deps ti=<TaskInstance: async_flow.task_backfill_number_of_cancelled_candidates_in_batch manual__2024-09-06T17:29:39.458358+00:00 map_index=8 [queued]>
[2024-09-06T17:29:41.933+0000] {taskinstance.py:2865} INFO - Starting attempt 1 of 1
[2024-09-06T17:29:41.959+0000] {taskinstance.py:2888} INFO - Executing <Mapped(_PythonDecoratedOperator): task_backfill_number_of_cancelled_candidates_in_batch> on 2024-09-06 17:29:39.458358+00:00
[2024-09-06T17:29:41.964+0000] {warnings.py:112} WARNING - /home/***/.local/lib/python3.12/site-packages/***/task/task_runner/standard_task_runner.py:70: DeprecationWarning: This process (pid=3116) is multi-threaded, use of fork() may lead to deadlocks in the child.
  pid = os.fork()

[2024-09-06T17:29:41.967+0000] {standard_task_runner.py:72} INFO - Started process 3200 to run task
[2024-09-06T17:29:41.968+0000] {standard_task_runner.py:104} INFO - Running: ['***', 'tasks', 'run', 'async_flow', 'task_backfill_number_of_cancelled_candidates_in_batch', 'manual__2024-09-06T17:29:39.458358+00:00', '--job-id', '131', '--raw', '--subdir', 'DAGS_FOLDER/dags_async_flow.py', '--cfg-path', '/tmp/tmpx9pdcnrm', '--map-index', '8']
[2024-09-06T17:29:41.978+0000] {standard_task_runner.py:105} INFO - Job 131: Subtask task_backfill_number_of_cancelled_candidates_in_batch
[2024-09-06T17:29:42.088+0000] {task_command.py:467} INFO - Running <TaskInstance: async_flow.task_backfill_number_of_cancelled_candidates_in_batch manual__2024-09-06T17:29:39.458358+00:00 map_index=8 [running]> on host a3a5f1897683
[2024-09-06T17:29:42.329+0000] {taskinstance.py:3131} INFO - Exporting env vars: AIRFLOW_CTX_DAG_OWNER='***' AIRFLOW_CTX_DAG_ID='async_flow' AIRFLOW_CTX_TASK_ID='task_backfill_number_of_cancelled_candidates_in_batch' AIRFLOW_CTX_EXECUTION_DATE='2024-09-06T17:29:39.458358+00:00' AIRFLOW_CTX_TRY_NUMBER='1' AIRFLOW_CTX_DAG_RUN_ID='manual__2024-09-06T17:29:39.458358+00:00'
[2024-09-06T17:29:42.335+0000] {taskinstance.py:731} INFO - ::endgroup::
[2024-09-06T17:29:42.366+0000] {core_li.py:23} INFO - Successfully updated job requisition 66db04abbf0a19d8769e61a2
[2024-09-06T17:29:42.384+0000] {core_li.py:23} INFO - Successfully updated job requisition 66db04abbf0a19d8769e61a4
[2024-09-06T17:29:42.401+0000] {core_li.py:23} INFO - Successfully updated job requisition 66db04abbf0a19d8769e61a6
[2024-09-06T17:29:42.414+0000] {core_li.py:23} INFO - Successfully updated job requisition 66db04abbf0a19d8769e61a8
[2024-09-06T17:29:42.431+0000] {core_li.py:23} INFO - Successfully updated job requisition 66db04abbf0a19d8769e61aa
[2024-09-06T17:29:42.457+0000] {core_li.py:23} INFO - Successfully updated job requisition 66db04abbf0a19d8769e61ac
[2024-09-06T17:29:42.468+0000] {core_li.py:23} INFO - Successfully updated job requisition 66db04abbf0a19d8769e61ae
[2024-09-06T17:29:42.486+0000] {core_li.py:23} INFO - Successfully updated job requisition 66db04abbf0a19d8769e61b0
[2024-09-06T17:29:42.499+0000] {core_li.py:23} INFO - Successfully updated job requisition 66db04abbf0a19d8769e61b2
[2024-09-06T17:29:42.517+0000] {core_li.py:23} INFO - Successfully updated job requisition 66db04abbf0a19d8769e61b4
[2024-09-06T17:29:42.540+0000] {core_li.py:23} INFO - Successfully updated job requisition 66db04abbf0a19d8769e61b6
[2024-09-06T17:29:42.552+0000] {core_li.py:23} INFO - Successfully updated job requisition 66db04abbf0a19d8769e61b8
[2024-09-06T17:29:42.562+0000] {core_li.py:23} INFO - Successfully updated job requisition 66db04abbf0a19d8769e61ba
[2024-09-06T17:29:42.578+0000] {core_li.py:23} INFO - Successfully updated job requisition 66db04abbf0a19d8769e61bc
[2024-09-06T17:29:42.597+0000] {core_li.py:23} INFO - Successfully updated job requisition 66db04abbf0a19d8769e61be
[2024-09-06T17:29:42.615+0000] {core_li.py:23} INFO - Successfully updated job requisition 66db04abbf0a19d8769e61c0
[2024-09-06T17:29:42.628+0000] {core_li.py:23} INFO - Successfully updated job requisition 66db04abbf0a19d8769e61c2
[2024-09-06T17:29:42.639+0000] {core_li.py:23} INFO - Successfully updated job requisition 66db04abbf0a19d8769e61c4
[2024-09-06T17:29:42.649+0000] {core_li.py:23} INFO - Successfully updated job requisition 66db04abbf0a19d8769e61c6
[2024-09-06T17:29:42.657+0000] {core_li.py:23} INFO - Successfully updated job requisition 66db04abbf0a19d8769e61c8
[2024-09-06T17:29:42.670+0000] {core_li.py:23} INFO - Successfully updated job requisition 66db04abbf0a19d8769e61ca
[2024-09-06T17:29:42.685+0000] {core_li.py:23} INFO - Successfully updated job requisition 66db04abbf0a19d8769e61cc
[2024-09-06T17:29:42.703+0000] {core_li.py:23} INFO - Successfully updated job requisition 66db04abbf0a19d8769e61ce
[2024-09-06T17:29:42.713+0000] {core_li.py:23} INFO - Successfully updated job requisition 66db04abbf0a19d8769e61d0
[2024-09-06T17:29:42.726+0000] {core_li.py:23} INFO - Successfully updated job requisition 66db04abbf0a19d8769e61d2
[2024-09-06T17:29:42.738+0000] {core_li.py:23} INFO - Successfully updated job requisition 66db04abbf0a19d8769e61d4
[2024-09-06T17:29:42.757+0000] {core_li.py:23} INFO - Successfully updated job requisition 66db04abbf0a19d8769e61d6
[2024-09-06T17:29:42.775+0000] {core_li.py:23} INFO - Successfully updated job requisition 66db04abbf0a19d8769e61d8
[2024-09-06T17:29:42.788+0000] {core_li.py:23} INFO - Successfully updated job requisition 66db04abbf0a19d8769e61da
[2024-09-06T17:29:42.804+0000] {core_li.py:23} INFO - Successfully updated job requisition 66db04abbf0a19d8769e61dc
[2024-09-06T17:29:42.812+0000] {core_li.py:23} INFO - Successfully updated job requisition 66db04abbf0a19d8769e61de
[2024-09-06T17:29:42.827+0000] {core_li.py:23} INFO - Successfully updated job requisition 66db04abbf0a19d8769e61e0
[2024-09-06T17:29:42.837+0000] {core_li.py:23} INFO - Successfully updated job requisition 66db04abbf0a19d8769e61e2
[2024-09-06T17:29:42.848+0000] {core_li.py:23} INFO - Successfully updated job requisition 66db04abbf0a19d8769e61e4
[2024-09-06T17:29:42.859+0000] {core_li.py:23} INFO - Successfully updated job requisition 66db04abbf0a19d8769e61e6
[2024-09-06T17:29:42.870+0000] {core_li.py:23} INFO - Successfully updated job requisition 66db04abbf0a19d8769e61e8
[2024-09-06T17:29:42.882+0000] {core_li.py:23} INFO - Successfully updated job requisition 66db04abbf0a19d8769e61ea
[2024-09-06T17:29:42.893+0000] {core_li.py:23} INFO - Successfully updated job requisition 66db04abbf0a19d8769e61ec
[2024-09-06T17:29:42.901+0000] {core_li.py:23} INFO - Successfully updated job requisition 66db04abbf0a19d8769e61ee
[2024-09-06T17:29:42.913+0000] {core_li.py:23} INFO - Successfully updated job requisition 66db04abbf0a19d8769e61f0
[2024-09-06T17:29:42.923+0000] {core_li.py:23} INFO - Successfully updated job requisition 66db04abbf0a19d8769e61f2
[2024-09-06T17:29:42.934+0000] {core_li.py:23} INFO - Successfully updated job requisition 66db04abbf0a19d8769e61f4
[2024-09-06T17:29:42.944+0000] {core_li.py:23} INFO - Successfully updated job requisition 66db04abbf0a19d8769e61f6
[2024-09-06T17:29:42.958+0000] {core_li.py:23} INFO - Successfully updated job requisition 66db04abbf0a19d8769e61f8
[2024-09-06T17:29:42.974+0000] {core_li.py:23} INFO - Successfully updated job requisition 66db04abbf0a19d8769e61fa
[2024-09-06T17:29:42.989+0000] {core_li.py:23} INFO - Successfully updated job requisition 66db04abbf0a19d8769e61fc
[2024-09-06T17:29:42.999+0000] {core_li.py:23} INFO - Successfully updated job requisition 66db04abbf0a19d8769e61fe
[2024-09-06T17:29:43.012+0000] {core_li.py:23} INFO - Successfully updated job requisition 66db04abbf0a19d8769e6200
[2024-09-06T17:29:43.026+0000] {core_li.py:23} INFO - Successfully updated job requisition 66db04abbf0a19d8769e6202
[2024-09-06T17:29:43.041+0000] {core_li.py:23} INFO - Successfully updated job requisition 66db04abbf0a19d8769e6204
[2024-09-06T17:29:43.050+0000] {core_li.py:23} INFO - Successfully updated job requisition 66db04abbf0a19d8769e6206
[2024-09-06T17:29:43.057+0000] {core_li.py:23} INFO - Successfully updated job requisition 66db04abbf0a19d8769e6208
[2024-09-06T17:29:43.067+0000] {core_li.py:23} INFO - Successfully updated job requisition 66db04abbf0a19d8769e620a
[2024-09-06T17:29:43.079+0000] {core_li.py:23} INFO - Successfully updated job requisition 66db04abbf0a19d8769e620c
[2024-09-06T17:29:43.089+0000] {core_li.py:23} INFO - Successfully updated job requisition 66db04abbf0a19d8769e620e
[2024-09-06T17:29:43.101+0000] {core_li.py:23} INFO - Successfully updated job requisition 66db04abbf0a19d8769e6210
[2024-09-06T17:29:43.109+0000] {core_li.py:23} INFO - Successfully updated job requisition 66db04abbf0a19d8769e6212
[2024-09-06T17:29:43.117+0000] {core_li.py:23} INFO - Successfully updated job requisition 66db04abbf0a19d8769e6214
[2024-09-06T17:29:43.134+0000] {core_li.py:23} INFO - Successfully updated job requisition 66db04abbf0a19d8769e6216
[2024-09-06T17:29:43.144+0000] {core_li.py:23} INFO - Successfully updated job requisition 66db04abbf0a19d8769e6218
[2024-09-06T17:29:43.154+0000] {core_li.py:23} INFO - Successfully updated job requisition 66db04abbf0a19d8769e621a
[2024-09-06T17:29:43.163+0000] {core_li.py:23} INFO - Successfully updated job requisition 66db04abbf0a19d8769e621c
[2024-09-06T17:29:43.177+0000] {core_li.py:23} INFO - Successfully updated job requisition 66db04abbf0a19d8769e621e
[2024-09-06T17:29:43.189+0000] {core_li.py:23} INFO - Successfully updated job requisition 66db04abbf0a19d8769e6220
[2024-09-06T17:29:43.199+0000] {core_li.py:23} INFO - Successfully updated job requisition 66db04abbf0a19d8769e6222
[2024-09-06T17:29:43.209+0000] {core_li.py:23} INFO - Successfully updated job requisition 66db04abbf0a19d8769e6224
[2024-09-06T17:29:43.218+0000] {core_li.py:23} INFO - Successfully updated job requisition 66db04abbf0a19d8769e6226
[2024-09-06T17:29:43.234+0000] {core_li.py:23} INFO - Successfully updated job requisition 66db04abbf0a19d8769e6228
[2024-09-06T17:29:43.251+0000] {core_li.py:23} INFO - Successfully updated job requisition 66db04abbf0a19d8769e622a
[2024-09-06T17:29:43.271+0000] {core_li.py:23} INFO - Successfully updated job requisition 66db04abbf0a19d8769e622c
[2024-09-06T17:29:43.293+0000] {core_li.py:23} INFO - Successfully updated job requisition 66db04abbf0a19d8769e622e
[2024-09-06T17:29:43.313+0000] {core_li.py:23} INFO - Successfully updated job requisition 66db04abbf0a19d8769e6230
[2024-09-06T17:29:43.329+0000] {core_li.py:23} INFO - Successfully updated job requisition 66db04abbf0a19d8769e6232
[2024-09-06T17:29:43.342+0000] {core_li.py:23} INFO - Successfully updated job requisition 66db04abbf0a19d8769e6234
[2024-09-06T17:29:43.352+0000] {core_li.py:23} INFO - Successfully updated job requisition 66db04abbf0a19d8769e6236
[2024-09-06T17:29:43.367+0000] {core_li.py:23} INFO - Successfully updated job requisition 66db04abbf0a19d8769e6238
[2024-09-06T17:29:43.382+0000] {core_li.py:23} INFO - Successfully updated job requisition 66db04abbf0a19d8769e623a
[2024-09-06T17:29:43.394+0000] {core_li.py:23} INFO - Successfully updated job requisition 66db04abbf0a19d8769e623c
[2024-09-06T17:29:43.403+0000] {core_li.py:23} INFO - Successfully updated job requisition 66db04abbf0a19d8769e623e
[2024-09-06T17:29:43.417+0000] {core_li.py:23} INFO - Successfully updated job requisition 66db04abbf0a19d8769e6240
[2024-09-06T17:29:43.435+0000] {core_li.py:23} INFO - Successfully updated job requisition 66db04abbf0a19d8769e6242
[2024-09-06T17:29:43.450+0000] {core_li.py:23} INFO - Successfully updated job requisition 66db04abbf0a19d8769e6244
[2024-09-06T17:29:43.468+0000] {core_li.py:23} INFO - Successfully updated job requisition 66db04abbf0a19d8769e6246
[2024-09-06T17:29:43.493+0000] {core_li.py:23} INFO - Successfully updated job requisition 66db04abbf0a19d8769e6248
[2024-09-06T17:29:43.510+0000] {core_li.py:23} INFO - Successfully updated job requisition 66db04abbf0a19d8769e624a
[2024-09-06T17:29:43.535+0000] {core_li.py:23} INFO - Successfully updated job requisition 66db04abbf0a19d8769e624c
[2024-09-06T17:29:43.547+0000] {core_li.py:23} INFO - Successfully updated job requisition 66db04abbf0a19d8769e624e
[2024-09-06T17:29:43.561+0000] {core_li.py:23} INFO - Successfully updated job requisition 66db04abbf0a19d8769e6250
[2024-09-06T17:29:43.576+0000] {core_li.py:23} INFO - Successfully updated job requisition 66db04abbf0a19d8769e6252
[2024-09-06T17:29:43.586+0000] {core_li.py:23} INFO - Successfully updated job requisition 66db04abbf0a19d8769e6254
[2024-09-06T17:29:43.596+0000] {core_li.py:23} INFO - Successfully updated job requisition 66db04abbf0a19d8769e6256
[2024-09-06T17:29:43.611+0000] {core_li.py:23} INFO - Successfully updated job requisition 66db04abbf0a19d8769e6258
[2024-09-06T17:29:43.626+0000] {core_li.py:23} INFO - Successfully updated job requisition 66db04abbf0a19d8769e625a
[2024-09-06T17:29:43.641+0000] {core_li.py:23} INFO - Successfully updated job requisition 66db04abbf0a19d8769e625c
[2024-09-06T17:29:43.654+0000] {core_li.py:23} INFO - Successfully updated job requisition 66db04abbf0a19d8769e625e
[2024-09-06T17:29:43.668+0000] {core_li.py:23} INFO - Successfully updated job requisition 66db04abbf0a19d8769e6260
[2024-09-06T17:29:43.684+0000] {core_li.py:23} INFO - Successfully updated job requisition 66db04abbf0a19d8769e6262
[2024-09-06T17:29:43.728+0000] {core_li.py:23} INFO - Successfully updated job requisition 66db04abbf0a19d8769e6264
[2024-09-06T17:29:43.759+0000] {core_li.py:23} INFO - Successfully updated job requisition 66db04abbf0a19d8769e6266
[2024-09-06T17:29:43.770+0000] {core_li.py:23} INFO - Successfully updated job requisition 66db04abbf0a19d8769e6268
[2024-09-06T17:29:43.771+0000] {python.py:240} INFO - Done. Returned value was: 100
[2024-09-06T17:29:43.811+0000] {taskinstance.py:340} INFO - ::group::Post task execution logs
[2024-09-06T17:29:43.811+0000] {taskinstance.py:352} INFO - Marking task as SUCCESS. dag_id=async_flow, task_id=task_backfill_number_of_cancelled_candidates_in_batch, run_id=manual__2024-09-06T17:29:39.458358+00:00, map_index=8, execution_date=20240906T172939, start_date=20240906T172941, end_date=20240906T172943
[2024-09-06T17:29:43.861+0000] {local_task_job_runner.py:266} INFO - Task exited with return code 0
[2024-09-06T17:29:43.870+0000] {local_task_job_runner.py:245} INFO - ::endgroup::
