[2024-09-06T17:47:35.138+0000] {local_task_job_runner.py:123} INFO - ::group::Pre task execution logs
[2024-09-06T17:47:35.170+0000] {taskinstance.py:2612} INFO - Dependencies all met for dep_context=non-requeueable deps ti=<TaskInstance: async_flow.task_backfill_number_of_cancelled_candidates_in_batch manual__2024-09-06T17:47:30.120511+00:00 map_index=21 [queued]>
[2024-09-06T17:47:35.180+0000] {taskinstance.py:2612} INFO - Dependencies all met for dep_context=requeueable deps ti=<TaskInstance: async_flow.task_backfill_number_of_cancelled_candidates_in_batch manual__2024-09-06T17:47:30.120511+00:00 map_index=21 [queued]>
[2024-09-06T17:47:35.182+0000] {taskinstance.py:2865} INFO - Starting attempt 1 of 1
[2024-09-06T17:47:35.225+0000] {taskinstance.py:2888} INFO - Executing <Mapped(_PythonDecoratedOperator): task_backfill_number_of_cancelled_candidates_in_batch> on 2024-09-06 17:47:30.120511+00:00
[2024-09-06T17:47:35.230+0000] {warnings.py:112} WARNING - /home/***/.local/lib/python3.12/site-packages/***/task/task_runner/standard_task_runner.py:70: DeprecationWarning: This process (pid=1154) is multi-threaded, use of fork() may lead to deadlocks in the child.
  pid = os.fork()

[2024-09-06T17:47:35.232+0000] {standard_task_runner.py:72} INFO - Started process 1233 to run task
[2024-09-06T17:47:35.235+0000] {standard_task_runner.py:104} INFO - Running: ['***', 'tasks', 'run', 'async_flow', 'task_backfill_number_of_cancelled_candidates_in_batch', 'manual__2024-09-06T17:47:30.120511+00:00', '--job-id', '358', '--raw', '--subdir', 'DAGS_FOLDER/dags_async_flow.py', '--cfg-path', '/tmp/tmpboz1e_p9', '--map-index', '21']
[2024-09-06T17:47:35.237+0000] {standard_task_runner.py:105} INFO - Job 358: Subtask task_backfill_number_of_cancelled_candidates_in_batch
[2024-09-06T17:47:35.299+0000] {task_command.py:467} INFO - Running <TaskInstance: async_flow.task_backfill_number_of_cancelled_candidates_in_batch manual__2024-09-06T17:47:30.120511+00:00 map_index=21 [running]> on host 0817eb6c24af
[2024-09-06T17:47:35.436+0000] {taskinstance.py:3131} INFO - Exporting env vars: AIRFLOW_CTX_DAG_OWNER='***' AIRFLOW_CTX_DAG_ID='async_flow' AIRFLOW_CTX_TASK_ID='task_backfill_number_of_cancelled_candidates_in_batch' AIRFLOW_CTX_EXECUTION_DATE='2024-09-06T17:47:30.120511+00:00' AIRFLOW_CTX_TRY_NUMBER='1' AIRFLOW_CTX_DAG_RUN_ID='manual__2024-09-06T17:47:30.120511+00:00'
[2024-09-06T17:47:35.439+0000] {taskinstance.py:731} INFO - ::endgroup::
[2024-09-06T17:47:35.453+0000] {core_li.py:23} INFO - Successfully updated job requisition 66db04abbf0a19d8769e784a
[2024-09-06T17:47:35.470+0000] {core_li.py:23} INFO - Successfully updated job requisition 66db04abbf0a19d8769e784c
[2024-09-06T17:47:35.482+0000] {core_li.py:23} INFO - Successfully updated job requisition 66db04abbf0a19d8769e784e
[2024-09-06T17:47:35.495+0000] {core_li.py:23} INFO - Successfully updated job requisition 66db04abbf0a19d8769e7850
[2024-09-06T17:47:35.512+0000] {core_li.py:23} INFO - Successfully updated job requisition 66db04abbf0a19d8769e7852
[2024-09-06T17:47:35.522+0000] {core_li.py:23} INFO - Successfully updated job requisition 66db04abbf0a19d8769e7854
[2024-09-06T17:47:35.540+0000] {core_li.py:23} INFO - Successfully updated job requisition 66db04abbf0a19d8769e7856
[2024-09-06T17:47:35.550+0000] {core_li.py:23} INFO - Successfully updated job requisition 66db04abbf0a19d8769e7858
[2024-09-06T17:47:35.562+0000] {core_li.py:23} INFO - Successfully updated job requisition 66db04abbf0a19d8769e785a
[2024-09-06T17:47:35.570+0000] {core_li.py:23} INFO - Successfully updated job requisition 66db04abbf0a19d8769e785c
[2024-09-06T17:47:35.582+0000] {core_li.py:23} INFO - Successfully updated job requisition 66db04abbf0a19d8769e785e
[2024-09-06T17:47:35.591+0000] {core_li.py:23} INFO - Successfully updated job requisition 66db04abbf0a19d8769e7860
[2024-09-06T17:47:35.600+0000] {core_li.py:23} INFO - Successfully updated job requisition 66db04abbf0a19d8769e7862
[2024-09-06T17:47:35.615+0000] {core_li.py:23} INFO - Successfully updated job requisition 66db04abbf0a19d8769e7864
[2024-09-06T17:47:35.624+0000] {core_li.py:23} INFO - Successfully updated job requisition 66db04abbf0a19d8769e7866
[2024-09-06T17:47:35.635+0000] {core_li.py:23} INFO - Successfully updated job requisition 66db04abbf0a19d8769e7868
[2024-09-06T17:47:35.648+0000] {core_li.py:23} INFO - Successfully updated job requisition 66db04abbf0a19d8769e786a
[2024-09-06T17:47:35.657+0000] {core_li.py:23} INFO - Successfully updated job requisition 66db04abbf0a19d8769e786c
[2024-09-06T17:47:35.673+0000] {core_li.py:23} INFO - Successfully updated job requisition 66db04abbf0a19d8769e786e
[2024-09-06T17:47:35.684+0000] {core_li.py:23} INFO - Successfully updated job requisition 66db04abbf0a19d8769e7870
[2024-09-06T17:47:35.697+0000] {core_li.py:23} INFO - Successfully updated job requisition 66db04abbf0a19d8769e7872
[2024-09-06T17:47:35.708+0000] {core_li.py:23} INFO - Successfully updated job requisition 66db04abbf0a19d8769e7874
[2024-09-06T17:47:35.732+0000] {core_li.py:23} INFO - Successfully updated job requisition 66db04abbf0a19d8769e7876
[2024-09-06T17:47:35.746+0000] {core_li.py:23} INFO - Successfully updated job requisition 66db04abbf0a19d8769e7878
[2024-09-06T17:47:35.759+0000] {core_li.py:23} INFO - Successfully updated job requisition 66db04abbf0a19d8769e787a
[2024-09-06T17:47:35.768+0000] {core_li.py:23} INFO - Successfully updated job requisition 66db04abbf0a19d8769e787c
[2024-09-06T17:47:35.776+0000] {core_li.py:23} INFO - Successfully updated job requisition 66db04abbf0a19d8769e787e
[2024-09-06T17:47:35.784+0000] {core_li.py:23} INFO - Successfully updated job requisition 66db04abbf0a19d8769e7880
[2024-09-06T17:47:35.796+0000] {core_li.py:23} INFO - Successfully updated job requisition 66db04abbf0a19d8769e7882
[2024-09-06T17:47:35.806+0000] {core_li.py:23} INFO - Successfully updated job requisition 66db04abbf0a19d8769e7884
[2024-09-06T17:47:35.813+0000] {core_li.py:23} INFO - Successfully updated job requisition 66db04abbf0a19d8769e7886
[2024-09-06T17:47:35.823+0000] {core_li.py:23} INFO - Successfully updated job requisition 66db04abbf0a19d8769e7888
[2024-09-06T17:47:35.833+0000] {core_li.py:23} INFO - Successfully updated job requisition 66db04abbf0a19d8769e788a
[2024-09-06T17:47:35.841+0000] {core_li.py:23} INFO - Successfully updated job requisition 66db04abbf0a19d8769e788c
[2024-09-06T17:47:35.855+0000] {core_li.py:23} INFO - Successfully updated job requisition 66db04abbf0a19d8769e788e
[2024-09-06T17:47:35.866+0000] {core_li.py:23} INFO - Successfully updated job requisition 66db04abbf0a19d8769e7890
[2024-09-06T17:47:35.878+0000] {core_li.py:23} INFO - Successfully updated job requisition 66db04abbf0a19d8769e7892
[2024-09-06T17:47:35.889+0000] {core_li.py:23} INFO - Successfully updated job requisition 66db04abbf0a19d8769e7894
[2024-09-06T17:47:35.901+0000] {core_li.py:23} INFO - Successfully updated job requisition 66db04abbf0a19d8769e7896
[2024-09-06T17:47:35.911+0000] {core_li.py:23} INFO - Successfully updated job requisition 66db04abbf0a19d8769e7898
[2024-09-06T17:47:35.921+0000] {core_li.py:23} INFO - Successfully updated job requisition 66db04abbf0a19d8769e789a
[2024-09-06T17:47:35.934+0000] {core_li.py:23} INFO - Successfully updated job requisition 66db04abbf0a19d8769e789c
[2024-09-06T17:47:35.947+0000] {core_li.py:23} INFO - Successfully updated job requisition 66db04abbf0a19d8769e789e
[2024-09-06T17:47:35.961+0000] {core_li.py:23} INFO - Successfully updated job requisition 66db04abbf0a19d8769e78a0
[2024-09-06T17:47:35.979+0000] {core_li.py:23} INFO - Successfully updated job requisition 66db04abbf0a19d8769e78a2
[2024-09-06T17:47:35.989+0000] {core_li.py:23} INFO - Successfully updated job requisition 66db04abbf0a19d8769e78a4
[2024-09-06T17:47:36.001+0000] {core_li.py:23} INFO - Successfully updated job requisition 66db04abbf0a19d8769e78a6
[2024-09-06T17:47:36.012+0000] {core_li.py:23} INFO - Successfully updated job requisition 66db04abbf0a19d8769e78a8
[2024-09-06T17:47:36.025+0000] {core_li.py:23} INFO - Successfully updated job requisition 66db04abbf0a19d8769e78aa
[2024-09-06T17:47:36.037+0000] {core_li.py:23} INFO - Successfully updated job requisition 66db04abbf0a19d8769e78ac
[2024-09-06T17:47:36.047+0000] {core_li.py:23} INFO - Successfully updated job requisition 66db04abbf0a19d8769e78ae
[2024-09-06T17:47:36.057+0000] {core_li.py:23} INFO - Successfully updated job requisition 66db04abbf0a19d8769e78b0
[2024-09-06T17:47:36.070+0000] {core_li.py:23} INFO - Successfully updated job requisition 66db04abbf0a19d8769e78b2
[2024-09-06T17:47:36.081+0000] {core_li.py:23} INFO - Successfully updated job requisition 66db04abbf0a19d8769e78b4
[2024-09-06T17:47:36.090+0000] {core_li.py:23} INFO - Successfully updated job requisition 66db04abbf0a19d8769e78b6
[2024-09-06T17:47:36.099+0000] {core_li.py:23} INFO - Successfully updated job requisition 66db04abbf0a19d8769e78b8
[2024-09-06T17:47:36.112+0000] {core_li.py:23} INFO - Successfully updated job requisition 66db04abbf0a19d8769e78ba
[2024-09-06T17:47:36.122+0000] {core_li.py:23} INFO - Successfully updated job requisition 66db04abbf0a19d8769e78bc
[2024-09-06T17:47:36.130+0000] {core_li.py:23} INFO - Successfully updated job requisition 66db04abbf0a19d8769e78be
[2024-09-06T17:47:36.139+0000] {core_li.py:23} INFO - Successfully updated job requisition 66db04abbf0a19d8769e78c0
[2024-09-06T17:47:36.149+0000] {core_li.py:23} INFO - Successfully updated job requisition 66db04abbf0a19d8769e78c2
[2024-09-06T17:47:36.170+0000] {core_li.py:23} INFO - Successfully updated job requisition 66db04abbf0a19d8769e78c4
[2024-09-06T17:47:36.193+0000] {core_li.py:23} INFO - Successfully updated job requisition 66db04abbf0a19d8769e78c6
[2024-09-06T17:47:36.218+0000] {core_li.py:23} INFO - Successfully updated job requisition 66db04abbf0a19d8769e78c8
[2024-09-06T17:47:36.234+0000] {core_li.py:23} INFO - Successfully updated job requisition 66db04abbf0a19d8769e78ca
[2024-09-06T17:47:36.257+0000] {core_li.py:23} INFO - Successfully updated job requisition 66db04abbf0a19d8769e78cc
[2024-09-06T17:47:36.273+0000] {core_li.py:23} INFO - Successfully updated job requisition 66db04abbf0a19d8769e78ce
[2024-09-06T17:47:36.285+0000] {core_li.py:23} INFO - Successfully updated job requisition 66db04abbf0a19d8769e78d0
[2024-09-06T17:47:36.297+0000] {core_li.py:23} INFO - Successfully updated job requisition 66db04abbf0a19d8769e78d2
[2024-09-06T17:47:36.313+0000] {core_li.py:23} INFO - Successfully updated job requisition 66db04abbf0a19d8769e78d4
[2024-09-06T17:47:36.323+0000] {core_li.py:23} INFO - Successfully updated job requisition 66db04abbf0a19d8769e78d6
[2024-09-06T17:47:36.334+0000] {core_li.py:23} INFO - Successfully updated job requisition 66db04abbf0a19d8769e78d8
[2024-09-06T17:47:36.349+0000] {core_li.py:23} INFO - Successfully updated job requisition 66db04abbf0a19d8769e78da
[2024-09-06T17:47:36.358+0000] {core_li.py:23} INFO - Successfully updated job requisition 66db04abbf0a19d8769e78dc
[2024-09-06T17:47:36.377+0000] {core_li.py:23} INFO - Successfully updated job requisition 66db04abbf0a19d8769e78de
[2024-09-06T17:47:36.398+0000] {core_li.py:23} INFO - Successfully updated job requisition 66db04abbf0a19d8769e78e0
[2024-09-06T17:47:36.408+0000] {core_li.py:23} INFO - Successfully updated job requisition 66db04abbf0a19d8769e78e2
[2024-09-06T17:47:36.418+0000] {core_li.py:23} INFO - Successfully updated job requisition 66db04abbf0a19d8769e78e4
[2024-09-06T17:47:36.428+0000] {core_li.py:23} INFO - Successfully updated job requisition 66db04abbf0a19d8769e78e6
[2024-09-06T17:47:36.441+0000] {core_li.py:23} INFO - Successfully updated job requisition 66db04abbf0a19d8769e78e8
[2024-09-06T17:47:36.454+0000] {core_li.py:23} INFO - Successfully updated job requisition 66db04abbf0a19d8769e78ea
[2024-09-06T17:47:36.465+0000] {core_li.py:23} INFO - Successfully updated job requisition 66db04abbf0a19d8769e78ec
[2024-09-06T17:47:36.479+0000] {core_li.py:23} INFO - Successfully updated job requisition 66db04abbf0a19d8769e78ee
[2024-09-06T17:47:36.489+0000] {core_li.py:23} INFO - Successfully updated job requisition 66db04abbf0a19d8769e78f0
[2024-09-06T17:47:36.506+0000] {core_li.py:23} INFO - Successfully updated job requisition 66db04abbf0a19d8769e78f2
[2024-09-06T17:47:36.523+0000] {core_li.py:23} INFO - Successfully updated job requisition 66db04abbf0a19d8769e78f4
[2024-09-06T17:47:36.533+0000] {core_li.py:23} INFO - Successfully updated job requisition 66db04abbf0a19d8769e78f6
[2024-09-06T17:47:36.543+0000] {core_li.py:23} INFO - Successfully updated job requisition 66db04abbf0a19d8769e78f8
[2024-09-06T17:47:36.556+0000] {core_li.py:23} INFO - Successfully updated job requisition 66db04abbf0a19d8769e78fa
[2024-09-06T17:47:36.571+0000] {core_li.py:23} INFO - Successfully updated job requisition 66db04abbf0a19d8769e78fc
[2024-09-06T17:47:36.590+0000] {core_li.py:23} INFO - Successfully updated job requisition 66db04abbf0a19d8769e78fe
[2024-09-06T17:47:36.595+0000] {core_li.py:23} INFO - Successfully updated job requisition 66db04abbf0a19d8769e7900
[2024-09-06T17:47:36.603+0000] {core_li.py:23} INFO - Successfully updated job requisition 66db04abbf0a19d8769e7902
[2024-09-06T17:47:36.613+0000] {core_li.py:23} INFO - Successfully updated job requisition 66db04abbf0a19d8769e7904
[2024-09-06T17:47:36.623+0000] {core_li.py:23} INFO - Successfully updated job requisition 66db04abbf0a19d8769e7906
[2024-09-06T17:47:36.633+0000] {core_li.py:23} INFO - Successfully updated job requisition 66db04abbf0a19d8769e7908
[2024-09-06T17:47:36.639+0000] {core_li.py:23} INFO - Successfully updated job requisition 66db04abbf0a19d8769e790a
[2024-09-06T17:47:36.649+0000] {core_li.py:23} INFO - Successfully updated job requisition 66db04abbf0a19d8769e790c
[2024-09-06T17:47:36.655+0000] {core_li.py:23} INFO - Successfully updated job requisition 66db04abbf0a19d8769e790e
[2024-09-06T17:47:36.663+0000] {core_li.py:23} INFO - Successfully updated job requisition 66db04abbf0a19d8769e7910
[2024-09-06T17:47:36.663+0000] {python.py:240} INFO - Done. Returned value was: 100
[2024-09-06T17:47:36.676+0000] {taskinstance.py:340} INFO - ::group::Post task execution logs
[2024-09-06T17:47:36.677+0000] {taskinstance.py:352} INFO - Marking task as SUCCESS. dag_id=async_flow, task_id=task_backfill_number_of_cancelled_candidates_in_batch, run_id=manual__2024-09-06T17:47:30.120511+00:00, map_index=21, execution_date=20240906T174730, start_date=20240906T174735, end_date=20240906T174736
[2024-09-06T17:47:36.692+0000] {local_task_job_runner.py:266} INFO - Task exited with return code 0
[2024-09-06T17:47:36.707+0000] {local_task_job_runner.py:245} INFO - ::endgroup::
