[2024-09-06T17:47:32.214+0000] {local_task_job_runner.py:123} INFO - ::group::Pre task execution logs
[2024-09-06T17:47:32.265+0000] {taskinstance.py:2612} INFO - Dependencies all met for dep_context=non-requeueable deps ti=<TaskInstance: async_flow.task_backfill_number_of_cancelled_candidates_in_batch manual__2024-09-06T17:47:30.120511+00:00 map_index=11 [queued]>
[2024-09-06T17:47:32.290+0000] {taskinstance.py:2612} INFO - Dependencies all met for dep_context=requeueable deps ti=<TaskInstance: async_flow.task_backfill_number_of_cancelled_candidates_in_batch manual__2024-09-06T17:47:30.120511+00:00 map_index=11 [queued]>
[2024-09-06T17:47:32.291+0000] {taskinstance.py:2865} INFO - Starting attempt 1 of 1
[2024-09-06T17:47:32.312+0000] {taskinstance.py:2888} INFO - Executing <Mapped(_PythonDecoratedOperator): task_backfill_number_of_cancelled_candidates_in_batch> on 2024-09-06 17:47:30.120511+00:00
[2024-09-06T17:47:32.318+0000] {warnings.py:112} WARNING - /home/***/.local/lib/python3.12/site-packages/***/task/task_runner/standard_task_runner.py:70: DeprecationWarning: This process (pid=1054) is multi-threaded, use of fork() may lead to deadlocks in the child.
  pid = os.fork()

[2024-09-06T17:47:32.321+0000] {standard_task_runner.py:72} INFO - Started process 1135 to run task
[2024-09-06T17:47:32.321+0000] {standard_task_runner.py:104} INFO - Running: ['***', 'tasks', 'run', 'async_flow', 'task_backfill_number_of_cancelled_candidates_in_batch', 'manual__2024-09-06T17:47:30.120511+00:00', '--job-id', '342', '--raw', '--subdir', 'DAGS_FOLDER/dags_async_flow.py', '--cfg-path', '/tmp/tmpfcerlkxw', '--map-index', '11']
[2024-09-06T17:47:32.327+0000] {standard_task_runner.py:105} INFO - Job 342: Subtask task_backfill_number_of_cancelled_candidates_in_batch
[2024-09-06T17:47:32.404+0000] {task_command.py:467} INFO - Running <TaskInstance: async_flow.task_backfill_number_of_cancelled_candidates_in_batch manual__2024-09-06T17:47:30.120511+00:00 map_index=11 [running]> on host 0817eb6c24af
[2024-09-06T17:47:32.554+0000] {taskinstance.py:3131} INFO - Exporting env vars: AIRFLOW_CTX_DAG_OWNER='***' AIRFLOW_CTX_DAG_ID='async_flow' AIRFLOW_CTX_TASK_ID='task_backfill_number_of_cancelled_candidates_in_batch' AIRFLOW_CTX_EXECUTION_DATE='2024-09-06T17:47:30.120511+00:00' AIRFLOW_CTX_TRY_NUMBER='1' AIRFLOW_CTX_DAG_RUN_ID='manual__2024-09-06T17:47:30.120511+00:00'
[2024-09-06T17:47:32.555+0000] {taskinstance.py:731} INFO - ::endgroup::
[2024-09-06T17:47:32.569+0000] {core_li.py:23} INFO - Successfully updated job requisition 66db04abbf0a19d8769e63fa
[2024-09-06T17:47:32.579+0000] {core_li.py:23} INFO - Successfully updated job requisition 66db04abbf0a19d8769e63fc
[2024-09-06T17:47:32.588+0000] {core_li.py:23} INFO - Successfully updated job requisition 66db04abbf0a19d8769e63fe
[2024-09-06T17:47:32.597+0000] {core_li.py:23} INFO - Successfully updated job requisition 66db04abbf0a19d8769e6400
[2024-09-06T17:47:32.610+0000] {core_li.py:23} INFO - Successfully updated job requisition 66db04abbf0a19d8769e6402
[2024-09-06T17:47:32.621+0000] {core_li.py:23} INFO - Successfully updated job requisition 66db04abbf0a19d8769e6404
[2024-09-06T17:47:32.633+0000] {core_li.py:23} INFO - Successfully updated job requisition 66db04abbf0a19d8769e6406
[2024-09-06T17:47:32.642+0000] {core_li.py:23} INFO - Successfully updated job requisition 66db04abbf0a19d8769e6408
[2024-09-06T17:47:32.658+0000] {core_li.py:23} INFO - Successfully updated job requisition 66db04abbf0a19d8769e640a
[2024-09-06T17:47:32.672+0000] {core_li.py:23} INFO - Successfully updated job requisition 66db04abbf0a19d8769e640c
[2024-09-06T17:47:32.682+0000] {core_li.py:23} INFO - Successfully updated job requisition 66db04abbf0a19d8769e640e
[2024-09-06T17:47:32.694+0000] {core_li.py:23} INFO - Successfully updated job requisition 66db04abbf0a19d8769e6410
[2024-09-06T17:47:32.702+0000] {core_li.py:23} INFO - Successfully updated job requisition 66db04abbf0a19d8769e6412
[2024-09-06T17:47:32.711+0000] {core_li.py:23} INFO - Successfully updated job requisition 66db04abbf0a19d8769e6414
[2024-09-06T17:47:32.722+0000] {core_li.py:23} INFO - Successfully updated job requisition 66db04abbf0a19d8769e6416
[2024-09-06T17:47:32.733+0000] {core_li.py:23} INFO - Successfully updated job requisition 66db04abbf0a19d8769e6418
[2024-09-06T17:47:32.742+0000] {core_li.py:23} INFO - Successfully updated job requisition 66db04abbf0a19d8769e641a
[2024-09-06T17:47:32.751+0000] {core_li.py:23} INFO - Successfully updated job requisition 66db04abbf0a19d8769e641c
[2024-09-06T17:47:32.759+0000] {core_li.py:23} INFO - Successfully updated job requisition 66db04abbf0a19d8769e641e
[2024-09-06T17:47:32.770+0000] {core_li.py:23} INFO - Successfully updated job requisition 66db04abbf0a19d8769e6420
[2024-09-06T17:47:32.779+0000] {core_li.py:23} INFO - Successfully updated job requisition 66db04abbf0a19d8769e6422
[2024-09-06T17:47:32.792+0000] {core_li.py:23} INFO - Successfully updated job requisition 66db04abbf0a19d8769e6424
[2024-09-06T17:47:32.802+0000] {core_li.py:23} INFO - Successfully updated job requisition 66db04abbf0a19d8769e6426
[2024-09-06T17:47:32.811+0000] {core_li.py:23} INFO - Successfully updated job requisition 66db04abbf0a19d8769e6428
[2024-09-06T17:47:32.821+0000] {core_li.py:23} INFO - Successfully updated job requisition 66db04abbf0a19d8769e642a
[2024-09-06T17:47:32.829+0000] {core_li.py:23} INFO - Successfully updated job requisition 66db04abbf0a19d8769e642c
[2024-09-06T17:47:32.837+0000] {core_li.py:23} INFO - Successfully updated job requisition 66db04abbf0a19d8769e642e
[2024-09-06T17:47:32.844+0000] {core_li.py:23} INFO - Successfully updated job requisition 66db04abbf0a19d8769e6430
[2024-09-06T17:47:32.851+0000] {core_li.py:23} INFO - Successfully updated job requisition 66db04abbf0a19d8769e6432
[2024-09-06T17:47:32.862+0000] {core_li.py:23} INFO - Successfully updated job requisition 66db04abbf0a19d8769e6434
[2024-09-06T17:47:32.872+0000] {core_li.py:23} INFO - Successfully updated job requisition 66db04abbf0a19d8769e6436
[2024-09-06T17:47:32.885+0000] {core_li.py:23} INFO - Successfully updated job requisition 66db04abbf0a19d8769e6438
[2024-09-06T17:47:32.894+0000] {core_li.py:23} INFO - Successfully updated job requisition 66db04abbf0a19d8769e643a
[2024-09-06T17:47:32.901+0000] {core_li.py:23} INFO - Successfully updated job requisition 66db04abbf0a19d8769e643c
[2024-09-06T17:47:32.911+0000] {core_li.py:23} INFO - Successfully updated job requisition 66db04abbf0a19d8769e643e
[2024-09-06T17:47:32.918+0000] {core_li.py:23} INFO - Successfully updated job requisition 66db04abbf0a19d8769e6440
[2024-09-06T17:47:32.930+0000] {core_li.py:23} INFO - Successfully updated job requisition 66db04abbf0a19d8769e6442
[2024-09-06T17:47:32.940+0000] {core_li.py:23} INFO - Successfully updated job requisition 66db04abbf0a19d8769e6444
[2024-09-06T17:47:32.948+0000] {core_li.py:23} INFO - Successfully updated job requisition 66db04abbf0a19d8769e6446
[2024-09-06T17:47:32.962+0000] {core_li.py:23} INFO - Successfully updated job requisition 66db04abbf0a19d8769e6448
[2024-09-06T17:47:32.972+0000] {core_li.py:23} INFO - Successfully updated job requisition 66db04abbf0a19d8769e644a
[2024-09-06T17:47:32.980+0000] {core_li.py:23} INFO - Successfully updated job requisition 66db04abbf0a19d8769e644c
[2024-09-06T17:47:32.988+0000] {core_li.py:23} INFO - Successfully updated job requisition 66db04abbf0a19d8769e644e
[2024-09-06T17:47:32.997+0000] {core_li.py:23} INFO - Successfully updated job requisition 66db04abbf0a19d8769e6450
[2024-09-06T17:47:33.005+0000] {core_li.py:23} INFO - Successfully updated job requisition 66db04abbf0a19d8769e6452
[2024-09-06T17:47:33.014+0000] {core_li.py:23} INFO - Successfully updated job requisition 66db04abbf0a19d8769e6454
[2024-09-06T17:47:33.023+0000] {core_li.py:23} INFO - Successfully updated job requisition 66db04abbf0a19d8769e6456
[2024-09-06T17:47:33.033+0000] {core_li.py:23} INFO - Successfully updated job requisition 66db04abbf0a19d8769e6458
[2024-09-06T17:47:33.043+0000] {core_li.py:23} INFO - Successfully updated job requisition 66db04abbf0a19d8769e645a
[2024-09-06T17:47:33.052+0000] {core_li.py:23} INFO - Successfully updated job requisition 66db04abbf0a19d8769e645c
[2024-09-06T17:47:33.063+0000] {core_li.py:23} INFO - Successfully updated job requisition 66db04abbf0a19d8769e645e
[2024-09-06T17:47:33.072+0000] {core_li.py:23} INFO - Successfully updated job requisition 66db04abbf0a19d8769e6460
[2024-09-06T17:47:33.079+0000] {core_li.py:23} INFO - Successfully updated job requisition 66db04abbf0a19d8769e6462
[2024-09-06T17:47:33.086+0000] {core_li.py:23} INFO - Successfully updated job requisition 66db04abbf0a19d8769e6464
[2024-09-06T17:47:33.102+0000] {core_li.py:23} INFO - Successfully updated job requisition 66db04abbf0a19d8769e6466
[2024-09-06T17:47:33.113+0000] {core_li.py:23} INFO - Successfully updated job requisition 66db04abbf0a19d8769e6468
[2024-09-06T17:47:33.122+0000] {core_li.py:23} INFO - Successfully updated job requisition 66db04abbf0a19d8769e646a
[2024-09-06T17:47:33.131+0000] {core_li.py:23} INFO - Successfully updated job requisition 66db04abbf0a19d8769e646c
[2024-09-06T17:47:33.139+0000] {core_li.py:23} INFO - Successfully updated job requisition 66db04abbf0a19d8769e646e
[2024-09-06T17:47:33.149+0000] {core_li.py:23} INFO - Successfully updated job requisition 66db04abbf0a19d8769e6470
[2024-09-06T17:47:33.161+0000] {core_li.py:23} INFO - Successfully updated job requisition 66db04abbf0a19d8769e6472
[2024-09-06T17:47:33.175+0000] {core_li.py:23} INFO - Successfully updated job requisition 66db04abbf0a19d8769e6474
[2024-09-06T17:47:33.183+0000] {core_li.py:23} INFO - Successfully updated job requisition 66db04abbf0a19d8769e6476
[2024-09-06T17:47:33.193+0000] {core_li.py:23} INFO - Successfully updated job requisition 66db04abbf0a19d8769e6478
[2024-09-06T17:47:33.202+0000] {core_li.py:23} INFO - Successfully updated job requisition 66db04abbf0a19d8769e647a
[2024-09-06T17:47:33.213+0000] {core_li.py:23} INFO - Successfully updated job requisition 66db04abbf0a19d8769e647c
[2024-09-06T17:47:33.222+0000] {core_li.py:23} INFO - Successfully updated job requisition 66db04abbf0a19d8769e647e
[2024-09-06T17:47:33.229+0000] {core_li.py:23} INFO - Successfully updated job requisition 66db04abbf0a19d8769e6480
[2024-09-06T17:47:33.240+0000] {core_li.py:23} INFO - Successfully updated job requisition 66db04abbf0a19d8769e6482
[2024-09-06T17:47:33.247+0000] {core_li.py:23} INFO - Successfully updated job requisition 66db04abbf0a19d8769e6484
[2024-09-06T17:47:33.255+0000] {core_li.py:23} INFO - Successfully updated job requisition 66db04abbf0a19d8769e6486
[2024-09-06T17:47:33.261+0000] {core_li.py:23} INFO - Successfully updated job requisition 66db04abbf0a19d8769e6488
[2024-09-06T17:47:33.270+0000] {core_li.py:23} INFO - Successfully updated job requisition 66db04abbf0a19d8769e648a
[2024-09-06T17:47:33.278+0000] {core_li.py:23} INFO - Successfully updated job requisition 66db04abbf0a19d8769e648c
[2024-09-06T17:47:33.289+0000] {core_li.py:23} INFO - Successfully updated job requisition 66db04abbf0a19d8769e648e
[2024-09-06T17:47:33.299+0000] {core_li.py:23} INFO - Successfully updated job requisition 66db04abbf0a19d8769e6490
[2024-09-06T17:47:33.307+0000] {core_li.py:23} INFO - Successfully updated job requisition 66db04abbf0a19d8769e6492
[2024-09-06T17:47:33.312+0000] {core_li.py:23} INFO - Successfully updated job requisition 66db04abbf0a19d8769e6494
[2024-09-06T17:47:33.319+0000] {core_li.py:23} INFO - Successfully updated job requisition 66db04abbf0a19d8769e6496
[2024-09-06T17:47:33.328+0000] {core_li.py:23} INFO - Successfully updated job requisition 66db04abbf0a19d8769e6498
[2024-09-06T17:47:33.336+0000] {core_li.py:23} INFO - Successfully updated job requisition 66db04abbf0a19d8769e649a
[2024-09-06T17:47:33.344+0000] {core_li.py:23} INFO - Successfully updated job requisition 66db04abbf0a19d8769e649c
[2024-09-06T17:47:33.353+0000] {core_li.py:23} INFO - Successfully updated job requisition 66db04abbf0a19d8769e649e
[2024-09-06T17:47:33.360+0000] {core_li.py:23} INFO - Successfully updated job requisition 66db04abbf0a19d8769e64a0
[2024-09-06T17:47:33.371+0000] {core_li.py:23} INFO - Successfully updated job requisition 66db04abbf0a19d8769e64a2
[2024-09-06T17:47:33.390+0000] {core_li.py:23} INFO - Successfully updated job requisition 66db04abbf0a19d8769e64a4
[2024-09-06T17:47:33.404+0000] {core_li.py:23} INFO - Successfully updated job requisition 66db04abbf0a19d8769e64a6
[2024-09-06T17:47:33.413+0000] {core_li.py:23} INFO - Successfully updated job requisition 66db04abbf0a19d8769e64a8
[2024-09-06T17:47:33.423+0000] {core_li.py:23} INFO - Successfully updated job requisition 66db04abbf0a19d8769e64aa
[2024-09-06T17:47:33.432+0000] {core_li.py:23} INFO - Successfully updated job requisition 66db04abbf0a19d8769e64ac
[2024-09-06T17:47:33.441+0000] {core_li.py:23} INFO - Successfully updated job requisition 66db04abbf0a19d8769e64ae
[2024-09-06T17:47:33.447+0000] {core_li.py:23} INFO - Successfully updated job requisition 66db04abbf0a19d8769e64b0
[2024-09-06T17:47:33.455+0000] {core_li.py:23} INFO - Successfully updated job requisition 66db04abbf0a19d8769e64b2
[2024-09-06T17:47:33.464+0000] {core_li.py:23} INFO - Successfully updated job requisition 66db04abbf0a19d8769e64b4
[2024-09-06T17:47:33.477+0000] {core_li.py:23} INFO - Successfully updated job requisition 66db04abbf0a19d8769e64b6
[2024-09-06T17:47:33.485+0000] {core_li.py:23} INFO - Successfully updated job requisition 66db04abbf0a19d8769e64b8
[2024-09-06T17:47:33.496+0000] {core_li.py:23} INFO - Successfully updated job requisition 66db04abbf0a19d8769e64ba
[2024-09-06T17:47:33.502+0000] {core_li.py:23} INFO - Successfully updated job requisition 66db04abbf0a19d8769e64bc
[2024-09-06T17:47:33.510+0000] {core_li.py:23} INFO - Successfully updated job requisition 66db04abbf0a19d8769e64be
[2024-09-06T17:47:33.516+0000] {core_li.py:23} INFO - Successfully updated job requisition 66db04abbf0a19d8769e64c0
[2024-09-06T17:47:33.517+0000] {python.py:240} INFO - Done. Returned value was: 100
[2024-09-06T17:47:33.532+0000] {taskinstance.py:340} INFO - ::group::Post task execution logs
[2024-09-06T17:47:33.534+0000] {taskinstance.py:352} INFO - Marking task as SUCCESS. dag_id=async_flow, task_id=task_backfill_number_of_cancelled_candidates_in_batch, run_id=manual__2024-09-06T17:47:30.120511+00:00, map_index=11, execution_date=20240906T174730, start_date=20240906T174732, end_date=20240906T174733
[2024-09-06T17:47:33.574+0000] {local_task_job_runner.py:266} INFO - Task exited with return code 0
[2024-09-06T17:47:33.582+0000] {local_task_job_runner.py:245} INFO - ::endgroup::
