[2024-09-06T17:47:32.131+0000] {local_task_job_runner.py:123} INFO - ::group::Pre task execution logs
[2024-09-06T17:47:32.149+0000] {taskinstance.py:2612} INFO - Dependencies all met for dep_context=non-requeueable deps ti=<TaskInstance: async_flow.task_backfill_number_of_cancelled_candidates_in_batch manual__2024-09-06T17:47:30.120511+00:00 map_index=15 [queued]>
[2024-09-06T17:47:32.161+0000] {taskinstance.py:2612} INFO - Dependencies all met for dep_context=requeueable deps ti=<TaskInstance: async_flow.task_backfill_number_of_cancelled_candidates_in_batch manual__2024-09-06T17:47:30.120511+00:00 map_index=15 [queued]>
[2024-09-06T17:47:32.161+0000] {taskinstance.py:2865} INFO - Starting attempt 1 of 1
[2024-09-06T17:47:32.172+0000] {taskinstance.py:2888} INFO - Executing <Mapped(_PythonDecoratedOperator): task_backfill_number_of_cancelled_candidates_in_batch> on 2024-09-06 17:47:30.120511+00:00
[2024-09-06T17:47:32.179+0000] {warnings.py:112} WARNING - /home/***/.local/lib/python3.12/site-packages/***/task/task_runner/standard_task_runner.py:70: DeprecationWarning: This process (pid=1059) is multi-threaded, use of fork() may lead to deadlocks in the child.
  pid = os.fork()

[2024-09-06T17:47:32.183+0000] {standard_task_runner.py:104} INFO - Running: ['***', 'tasks', 'run', 'async_flow', 'task_backfill_number_of_cancelled_candidates_in_batch', 'manual__2024-09-06T17:47:30.120511+00:00', '--job-id', '336', '--raw', '--subdir', 'DAGS_FOLDER/dags_async_flow.py', '--cfg-path', '/tmp/tmppn2kijsl', '--map-index', '15']
[2024-09-06T17:47:32.190+0000] {standard_task_runner.py:105} INFO - Job 336: Subtask task_backfill_number_of_cancelled_candidates_in_batch
[2024-09-06T17:47:32.183+0000] {standard_task_runner.py:72} INFO - Started process 1120 to run task
[2024-09-06T17:47:32.256+0000] {task_command.py:467} INFO - Running <TaskInstance: async_flow.task_backfill_number_of_cancelled_candidates_in_batch manual__2024-09-06T17:47:30.120511+00:00 map_index=15 [running]> on host 0817eb6c24af
[2024-09-06T17:47:32.392+0000] {taskinstance.py:3131} INFO - Exporting env vars: AIRFLOW_CTX_DAG_OWNER='***' AIRFLOW_CTX_DAG_ID='async_flow' AIRFLOW_CTX_TASK_ID='task_backfill_number_of_cancelled_candidates_in_batch' AIRFLOW_CTX_EXECUTION_DATE='2024-09-06T17:47:30.120511+00:00' AIRFLOW_CTX_TRY_NUMBER='1' AIRFLOW_CTX_DAG_RUN_ID='manual__2024-09-06T17:47:30.120511+00:00'
[2024-09-06T17:47:32.398+0000] {taskinstance.py:731} INFO - ::endgroup::
[2024-09-06T17:47:32.422+0000] {core_li.py:23} INFO - Successfully updated job requisition 66db04abbf0a19d8769e671a
[2024-09-06T17:47:32.469+0000] {core_li.py:23} INFO - Successfully updated job requisition 66db04abbf0a19d8769e671c
[2024-09-06T17:47:32.479+0000] {core_li.py:23} INFO - Successfully updated job requisition 66db04abbf0a19d8769e671e
[2024-09-06T17:47:32.498+0000] {core_li.py:23} INFO - Successfully updated job requisition 66db04abbf0a19d8769e6720
[2024-09-06T17:47:32.504+0000] {core_li.py:23} INFO - Successfully updated job requisition 66db04abbf0a19d8769e6722
[2024-09-06T17:47:32.527+0000] {core_li.py:23} INFO - Successfully updated job requisition 66db04abbf0a19d8769e6724
[2024-09-06T17:47:32.541+0000] {core_li.py:23} INFO - Successfully updated job requisition 66db04abbf0a19d8769e6726
[2024-09-06T17:47:32.555+0000] {core_li.py:23} INFO - Successfully updated job requisition 66db04abbf0a19d8769e6728
[2024-09-06T17:47:32.566+0000] {core_li.py:23} INFO - Successfully updated job requisition 66db04abbf0a19d8769e672a
[2024-09-06T17:47:32.578+0000] {core_li.py:23} INFO - Successfully updated job requisition 66db04abbf0a19d8769e672c
[2024-09-06T17:47:32.587+0000] {core_li.py:23} INFO - Successfully updated job requisition 66db04abbf0a19d8769e672e
[2024-09-06T17:47:32.597+0000] {core_li.py:23} INFO - Successfully updated job requisition 66db04abbf0a19d8769e6730
[2024-09-06T17:47:32.608+0000] {core_li.py:23} INFO - Successfully updated job requisition 66db04abbf0a19d8769e6732
[2024-09-06T17:47:32.620+0000] {core_li.py:23} INFO - Successfully updated job requisition 66db04abbf0a19d8769e6734
[2024-09-06T17:47:32.630+0000] {core_li.py:23} INFO - Successfully updated job requisition 66db04abbf0a19d8769e6736
[2024-09-06T17:47:32.640+0000] {core_li.py:23} INFO - Successfully updated job requisition 66db04abbf0a19d8769e6738
[2024-09-06T17:47:32.649+0000] {core_li.py:23} INFO - Successfully updated job requisition 66db04abbf0a19d8769e673a
[2024-09-06T17:47:32.660+0000] {core_li.py:23} INFO - Successfully updated job requisition 66db04abbf0a19d8769e673c
[2024-09-06T17:47:32.671+0000] {core_li.py:23} INFO - Successfully updated job requisition 66db04abbf0a19d8769e673e
[2024-09-06T17:47:32.685+0000] {core_li.py:23} INFO - Successfully updated job requisition 66db04abbf0a19d8769e6740
[2024-09-06T17:47:32.697+0000] {core_li.py:23} INFO - Successfully updated job requisition 66db04abbf0a19d8769e6742
[2024-09-06T17:47:32.706+0000] {core_li.py:23} INFO - Successfully updated job requisition 66db04abbf0a19d8769e6744
[2024-09-06T17:47:32.717+0000] {core_li.py:23} INFO - Successfully updated job requisition 66db04abbf0a19d8769e6746
[2024-09-06T17:47:32.727+0000] {core_li.py:23} INFO - Successfully updated job requisition 66db04abbf0a19d8769e6748
[2024-09-06T17:47:32.735+0000] {core_li.py:23} INFO - Successfully updated job requisition 66db04abbf0a19d8769e674a
[2024-09-06T17:47:32.747+0000] {core_li.py:23} INFO - Successfully updated job requisition 66db04abbf0a19d8769e674c
[2024-09-06T17:47:32.757+0000] {core_li.py:23} INFO - Successfully updated job requisition 66db04abbf0a19d8769e674e
[2024-09-06T17:47:32.767+0000] {core_li.py:23} INFO - Successfully updated job requisition 66db04abbf0a19d8769e6750
[2024-09-06T17:47:32.776+0000] {core_li.py:23} INFO - Successfully updated job requisition 66db04abbf0a19d8769e6752
[2024-09-06T17:47:32.785+0000] {core_li.py:23} INFO - Successfully updated job requisition 66db04abbf0a19d8769e6754
[2024-09-06T17:47:32.795+0000] {core_li.py:23} INFO - Successfully updated job requisition 66db04abbf0a19d8769e6756
[2024-09-06T17:47:32.805+0000] {core_li.py:23} INFO - Successfully updated job requisition 66db04abbf0a19d8769e6758
[2024-09-06T17:47:32.815+0000] {core_li.py:23} INFO - Successfully updated job requisition 66db04abbf0a19d8769e675a
[2024-09-06T17:47:32.823+0000] {core_li.py:23} INFO - Successfully updated job requisition 66db04abbf0a19d8769e675c
[2024-09-06T17:47:32.835+0000] {core_li.py:23} INFO - Successfully updated job requisition 66db04abbf0a19d8769e675e
[2024-09-06T17:47:32.843+0000] {core_li.py:23} INFO - Successfully updated job requisition 66db04abbf0a19d8769e6760
[2024-09-06T17:47:32.856+0000] {core_li.py:23} INFO - Successfully updated job requisition 66db04abbf0a19d8769e6762
[2024-09-06T17:47:32.867+0000] {core_li.py:23} INFO - Successfully updated job requisition 66db04abbf0a19d8769e6764
[2024-09-06T17:47:32.881+0000] {core_li.py:23} INFO - Successfully updated job requisition 66db04abbf0a19d8769e6766
[2024-09-06T17:47:32.890+0000] {core_li.py:23} INFO - Successfully updated job requisition 66db04abbf0a19d8769e6768
[2024-09-06T17:47:32.901+0000] {core_li.py:23} INFO - Successfully updated job requisition 66db04abbf0a19d8769e676a
[2024-09-06T17:47:32.910+0000] {core_li.py:23} INFO - Successfully updated job requisition 66db04abbf0a19d8769e676c
[2024-09-06T17:47:32.918+0000] {core_li.py:23} INFO - Successfully updated job requisition 66db04abbf0a19d8769e676e
[2024-09-06T17:47:32.929+0000] {core_li.py:23} INFO - Successfully updated job requisition 66db04abbf0a19d8769e6770
[2024-09-06T17:47:32.939+0000] {core_li.py:23} INFO - Successfully updated job requisition 66db04abbf0a19d8769e6772
[2024-09-06T17:47:32.946+0000] {core_li.py:23} INFO - Successfully updated job requisition 66db04abbf0a19d8769e6774
[2024-09-06T17:47:32.962+0000] {core_li.py:23} INFO - Successfully updated job requisition 66db04abbf0a19d8769e6776
[2024-09-06T17:47:32.971+0000] {core_li.py:23} INFO - Successfully updated job requisition 66db04abbf0a19d8769e6778
[2024-09-06T17:47:32.979+0000] {core_li.py:23} INFO - Successfully updated job requisition 66db04abbf0a19d8769e677a
[2024-09-06T17:47:32.988+0000] {core_li.py:23} INFO - Successfully updated job requisition 66db04abbf0a19d8769e677c
[2024-09-06T17:47:33.001+0000] {core_li.py:23} INFO - Successfully updated job requisition 66db04abbf0a19d8769e677e
[2024-09-06T17:47:33.009+0000] {core_li.py:23} INFO - Successfully updated job requisition 66db04abbf0a19d8769e6780
[2024-09-06T17:47:33.018+0000] {core_li.py:23} INFO - Successfully updated job requisition 66db04abbf0a19d8769e6782
[2024-09-06T17:47:33.029+0000] {core_li.py:23} INFO - Successfully updated job requisition 66db04abbf0a19d8769e6784
[2024-09-06T17:47:33.038+0000] {core_li.py:23} INFO - Successfully updated job requisition 66db04abbf0a19d8769e6786
[2024-09-06T17:47:33.047+0000] {core_li.py:23} INFO - Successfully updated job requisition 66db04abbf0a19d8769e6788
[2024-09-06T17:47:33.055+0000] {core_li.py:23} INFO - Successfully updated job requisition 66db04abbf0a19d8769e678a
[2024-09-06T17:47:33.064+0000] {core_li.py:23} INFO - Successfully updated job requisition 66db04abbf0a19d8769e678c
[2024-09-06T17:47:33.072+0000] {core_li.py:23} INFO - Successfully updated job requisition 66db04abbf0a19d8769e678e
[2024-09-06T17:47:33.080+0000] {core_li.py:23} INFO - Successfully updated job requisition 66db04abbf0a19d8769e6790
[2024-09-06T17:47:33.090+0000] {core_li.py:23} INFO - Successfully updated job requisition 66db04abbf0a19d8769e6792
[2024-09-06T17:47:33.102+0000] {core_li.py:23} INFO - Successfully updated job requisition 66db04abbf0a19d8769e6794
[2024-09-06T17:47:33.112+0000] {core_li.py:23} INFO - Successfully updated job requisition 66db04abbf0a19d8769e6796
[2024-09-06T17:47:33.120+0000] {core_li.py:23} INFO - Successfully updated job requisition 66db04abbf0a19d8769e6798
[2024-09-06T17:47:33.129+0000] {core_li.py:23} INFO - Successfully updated job requisition 66db04abbf0a19d8769e679a
[2024-09-06T17:47:33.141+0000] {core_li.py:23} INFO - Successfully updated job requisition 66db04abbf0a19d8769e679c
[2024-09-06T17:47:33.151+0000] {core_li.py:23} INFO - Successfully updated job requisition 66db04abbf0a19d8769e679e
[2024-09-06T17:47:33.160+0000] {core_li.py:23} INFO - Successfully updated job requisition 66db04abbf0a19d8769e67a0
[2024-09-06T17:47:33.167+0000] {core_li.py:23} INFO - Successfully updated job requisition 66db04abbf0a19d8769e67a2
[2024-09-06T17:47:33.175+0000] {core_li.py:23} INFO - Successfully updated job requisition 66db04abbf0a19d8769e67a4
[2024-09-06T17:47:33.183+0000] {core_li.py:23} INFO - Successfully updated job requisition 66db04abbf0a19d8769e67a6
[2024-09-06T17:47:33.193+0000] {core_li.py:23} INFO - Successfully updated job requisition 66db04abbf0a19d8769e67a8
[2024-09-06T17:47:33.202+0000] {core_li.py:23} INFO - Successfully updated job requisition 66db04abbf0a19d8769e67aa
[2024-09-06T17:47:33.215+0000] {core_li.py:23} INFO - Successfully updated job requisition 66db04abbf0a19d8769e67ac
[2024-09-06T17:47:33.224+0000] {core_li.py:23} INFO - Successfully updated job requisition 66db04abbf0a19d8769e67ae
[2024-09-06T17:47:33.233+0000] {core_li.py:23} INFO - Successfully updated job requisition 66db04abbf0a19d8769e67b0
[2024-09-06T17:47:33.245+0000] {core_li.py:23} INFO - Successfully updated job requisition 66db04abbf0a19d8769e67b2
[2024-09-06T17:47:33.263+0000] {core_li.py:23} INFO - Successfully updated job requisition 66db04abbf0a19d8769e67b4
[2024-09-06T17:47:33.270+0000] {core_li.py:23} INFO - Successfully updated job requisition 66db04abbf0a19d8769e67b6
[2024-09-06T17:47:33.279+0000] {core_li.py:23} INFO - Successfully updated job requisition 66db04abbf0a19d8769e67b8
[2024-09-06T17:47:33.288+0000] {core_li.py:23} INFO - Successfully updated job requisition 66db04abbf0a19d8769e67ba
[2024-09-06T17:47:33.297+0000] {core_li.py:23} INFO - Successfully updated job requisition 66db04abbf0a19d8769e67bc
[2024-09-06T17:47:33.303+0000] {core_li.py:23} INFO - Successfully updated job requisition 66db04abbf0a19d8769e67be
[2024-09-06T17:47:33.313+0000] {core_li.py:23} INFO - Successfully updated job requisition 66db04abbf0a19d8769e67c0
[2024-09-06T17:47:33.320+0000] {core_li.py:23} INFO - Successfully updated job requisition 66db04abbf0a19d8769e67c2
[2024-09-06T17:47:33.325+0000] {core_li.py:23} INFO - Successfully updated job requisition 66db04abbf0a19d8769e67c4
[2024-09-06T17:47:33.333+0000] {core_li.py:23} INFO - Successfully updated job requisition 66db04abbf0a19d8769e67c6
[2024-09-06T17:47:33.341+0000] {core_li.py:23} INFO - Successfully updated job requisition 66db04abbf0a19d8769e67c8
[2024-09-06T17:47:33.347+0000] {core_li.py:23} INFO - Successfully updated job requisition 66db04abbf0a19d8769e67ca
[2024-09-06T17:47:33.357+0000] {core_li.py:23} INFO - Successfully updated job requisition 66db04abbf0a19d8769e67cc
[2024-09-06T17:47:33.367+0000] {core_li.py:23} INFO - Successfully updated job requisition 66db04abbf0a19d8769e67ce
[2024-09-06T17:47:33.386+0000] {core_li.py:23} INFO - Successfully updated job requisition 66db04abbf0a19d8769e67d0
[2024-09-06T17:47:33.398+0000] {core_li.py:23} INFO - Successfully updated job requisition 66db04abbf0a19d8769e67d2
[2024-09-06T17:47:33.406+0000] {core_li.py:23} INFO - Successfully updated job requisition 66db04abbf0a19d8769e67d4
[2024-09-06T17:47:33.418+0000] {core_li.py:23} INFO - Successfully updated job requisition 66db04abbf0a19d8769e67d6
[2024-09-06T17:47:33.430+0000] {core_li.py:23} INFO - Successfully updated job requisition 66db04abbf0a19d8769e67d8
[2024-09-06T17:47:33.446+0000] {core_li.py:23} INFO - Successfully updated job requisition 66db04abbf0a19d8769e67da
[2024-09-06T17:47:33.455+0000] {core_li.py:23} INFO - Successfully updated job requisition 66db04abbf0a19d8769e67dc
[2024-09-06T17:47:33.465+0000] {core_li.py:23} INFO - Successfully updated job requisition 66db04abbf0a19d8769e67de
[2024-09-06T17:47:33.474+0000] {core_li.py:23} INFO - Successfully updated job requisition 66db04abbf0a19d8769e67e0
[2024-09-06T17:47:33.477+0000] {python.py:240} INFO - Done. Returned value was: 100
[2024-09-06T17:47:33.510+0000] {taskinstance.py:340} INFO - ::group::Post task execution logs
[2024-09-06T17:47:33.511+0000] {taskinstance.py:352} INFO - Marking task as SUCCESS. dag_id=async_flow, task_id=task_backfill_number_of_cancelled_candidates_in_batch, run_id=manual__2024-09-06T17:47:30.120511+00:00, map_index=15, execution_date=20240906T174730, start_date=20240906T174732, end_date=20240906T174733
[2024-09-06T17:47:33.536+0000] {local_task_job_runner.py:266} INFO - Task exited with return code 0
[2024-09-06T17:47:33.545+0000] {local_task_job_runner.py:245} INFO - ::endgroup::
