[2024-09-06T17:47:32.190+0000] {local_task_job_runner.py:123} INFO - ::group::Pre task execution logs
[2024-09-06T17:47:32.224+0000] {taskinstance.py:2612} INFO - Dependencies all met for dep_context=non-requeueable deps ti=<TaskInstance: async_flow.task_backfill_number_of_cancelled_candidates_in_batch manual__2024-09-06T17:47:30.120511+00:00 map_index=7 [queued]>
[2024-09-06T17:47:32.271+0000] {taskinstance.py:2612} INFO - Dependencies all met for dep_context=requeueable deps ti=<TaskInstance: async_flow.task_backfill_number_of_cancelled_candidates_in_batch manual__2024-09-06T17:47:30.120511+00:00 map_index=7 [queued]>
[2024-09-06T17:47:32.275+0000] {taskinstance.py:2865} INFO - Starting attempt 1 of 1
[2024-09-06T17:47:32.358+0000] {taskinstance.py:2888} INFO - Executing <Mapped(_PythonDecoratedOperator): task_backfill_number_of_cancelled_candidates_in_batch> on 2024-09-06 17:47:30.120511+00:00
[2024-09-06T17:47:32.375+0000] {standard_task_runner.py:104} INFO - Running: ['***', 'tasks', 'run', 'async_flow', 'task_backfill_number_of_cancelled_candidates_in_batch', 'manual__2024-09-06T17:47:30.120511+00:00', '--job-id', '340', '--raw', '--subdir', 'DAGS_FOLDER/dags_async_flow.py', '--cfg-path', '/tmp/tmp4mxfw8bk', '--map-index', '7']
[2024-09-06T17:47:32.370+0000] {warnings.py:112} WARNING - /home/***/.local/lib/python3.12/site-packages/***/task/task_runner/standard_task_runner.py:70: DeprecationWarning: This process (pid=1052) is multi-threaded, use of fork() may lead to deadlocks in the child.
  pid = os.fork()

[2024-09-06T17:47:32.380+0000] {standard_task_runner.py:105} INFO - Job 340: Subtask task_backfill_number_of_cancelled_candidates_in_batch
[2024-09-06T17:47:32.381+0000] {standard_task_runner.py:72} INFO - Started process 1137 to run task
[2024-09-06T17:47:32.436+0000] {task_command.py:467} INFO - Running <TaskInstance: async_flow.task_backfill_number_of_cancelled_candidates_in_batch manual__2024-09-06T17:47:30.120511+00:00 map_index=7 [running]> on host 0817eb6c24af
[2024-09-06T17:47:32.537+0000] {taskinstance.py:3131} INFO - Exporting env vars: AIRFLOW_CTX_DAG_OWNER='***' AIRFLOW_CTX_DAG_ID='async_flow' AIRFLOW_CTX_TASK_ID='task_backfill_number_of_cancelled_candidates_in_batch' AIRFLOW_CTX_EXECUTION_DATE='2024-09-06T17:47:30.120511+00:00' AIRFLOW_CTX_TRY_NUMBER='1' AIRFLOW_CTX_DAG_RUN_ID='manual__2024-09-06T17:47:30.120511+00:00'
[2024-09-06T17:47:32.539+0000] {taskinstance.py:731} INFO - ::endgroup::
[2024-09-06T17:47:32.558+0000] {core_li.py:23} INFO - Successfully updated job requisition 66db04abbf0a19d8769e60da
[2024-09-06T17:47:32.570+0000] {core_li.py:23} INFO - Successfully updated job requisition 66db04abbf0a19d8769e60dc
[2024-09-06T17:47:32.580+0000] {core_li.py:23} INFO - Successfully updated job requisition 66db04abbf0a19d8769e60de
[2024-09-06T17:47:32.590+0000] {core_li.py:23} INFO - Successfully updated job requisition 66db04abbf0a19d8769e60e0
[2024-09-06T17:47:32.600+0000] {core_li.py:23} INFO - Successfully updated job requisition 66db04abbf0a19d8769e60e2
[2024-09-06T17:47:32.611+0000] {core_li.py:23} INFO - Successfully updated job requisition 66db04abbf0a19d8769e60e4
[2024-09-06T17:47:32.622+0000] {core_li.py:23} INFO - Successfully updated job requisition 66db04abbf0a19d8769e60e6
[2024-09-06T17:47:32.636+0000] {core_li.py:23} INFO - Successfully updated job requisition 66db04abbf0a19d8769e60e8
[2024-09-06T17:47:32.645+0000] {core_li.py:23} INFO - Successfully updated job requisition 66db04abbf0a19d8769e60ea
[2024-09-06T17:47:32.658+0000] {core_li.py:23} INFO - Successfully updated job requisition 66db04abbf0a19d8769e60ec
[2024-09-06T17:47:32.671+0000] {core_li.py:23} INFO - Successfully updated job requisition 66db04abbf0a19d8769e60ee
[2024-09-06T17:47:32.683+0000] {core_li.py:23} INFO - Successfully updated job requisition 66db04abbf0a19d8769e60f0
[2024-09-06T17:47:32.694+0000] {core_li.py:23} INFO - Successfully updated job requisition 66db04abbf0a19d8769e60f2
[2024-09-06T17:47:32.704+0000] {core_li.py:23} INFO - Successfully updated job requisition 66db04abbf0a19d8769e60f4
[2024-09-06T17:47:32.714+0000] {core_li.py:23} INFO - Successfully updated job requisition 66db04abbf0a19d8769e60f6
[2024-09-06T17:47:32.726+0000] {core_li.py:23} INFO - Successfully updated job requisition 66db04abbf0a19d8769e60f8
[2024-09-06T17:47:32.736+0000] {core_li.py:23} INFO - Successfully updated job requisition 66db04abbf0a19d8769e60fa
[2024-09-06T17:47:32.745+0000] {core_li.py:23} INFO - Successfully updated job requisition 66db04abbf0a19d8769e60fc
[2024-09-06T17:47:32.755+0000] {core_li.py:23} INFO - Successfully updated job requisition 66db04abbf0a19d8769e60fe
[2024-09-06T17:47:32.763+0000] {core_li.py:23} INFO - Successfully updated job requisition 66db04abbf0a19d8769e6100
[2024-09-06T17:47:32.773+0000] {core_li.py:23} INFO - Successfully updated job requisition 66db04abbf0a19d8769e6102
[2024-09-06T17:47:32.782+0000] {core_li.py:23} INFO - Successfully updated job requisition 66db04abbf0a19d8769e6104
[2024-09-06T17:47:32.793+0000] {core_li.py:23} INFO - Successfully updated job requisition 66db04abbf0a19d8769e6106
[2024-09-06T17:47:32.806+0000] {core_li.py:23} INFO - Successfully updated job requisition 66db04abbf0a19d8769e6108
[2024-09-06T17:47:32.818+0000] {core_li.py:23} INFO - Successfully updated job requisition 66db04abbf0a19d8769e610a
[2024-09-06T17:47:32.827+0000] {core_li.py:23} INFO - Successfully updated job requisition 66db04abbf0a19d8769e610c
[2024-09-06T17:47:32.835+0000] {core_li.py:23} INFO - Successfully updated job requisition 66db04abbf0a19d8769e610e
[2024-09-06T17:47:32.842+0000] {core_li.py:23} INFO - Successfully updated job requisition 66db04abbf0a19d8769e6110
[2024-09-06T17:47:32.851+0000] {core_li.py:23} INFO - Successfully updated job requisition 66db04abbf0a19d8769e6112
[2024-09-06T17:47:32.861+0000] {core_li.py:23} INFO - Successfully updated job requisition 66db04abbf0a19d8769e6114
[2024-09-06T17:47:32.873+0000] {core_li.py:23} INFO - Successfully updated job requisition 66db04abbf0a19d8769e6116
[2024-09-06T17:47:32.886+0000] {core_li.py:23} INFO - Successfully updated job requisition 66db04abbf0a19d8769e6118
[2024-09-06T17:47:32.897+0000] {core_li.py:23} INFO - Successfully updated job requisition 66db04abbf0a19d8769e611a
[2024-09-06T17:47:32.906+0000] {core_li.py:23} INFO - Successfully updated job requisition 66db04abbf0a19d8769e611c
[2024-09-06T17:47:32.912+0000] {core_li.py:23} INFO - Successfully updated job requisition 66db04abbf0a19d8769e611e
[2024-09-06T17:47:32.922+0000] {core_li.py:23} INFO - Successfully updated job requisition 66db04abbf0a19d8769e6120
[2024-09-06T17:47:32.947+0000] {core_li.py:23} INFO - Successfully updated job requisition 66db04abbf0a19d8769e6122
[2024-09-06T17:47:32.965+0000] {core_li.py:23} INFO - Successfully updated job requisition 66db04abbf0a19d8769e6124
[2024-09-06T17:47:32.974+0000] {core_li.py:23} INFO - Successfully updated job requisition 66db04abbf0a19d8769e6126
[2024-09-06T17:47:32.984+0000] {core_li.py:23} INFO - Successfully updated job requisition 66db04abbf0a19d8769e6128
[2024-09-06T17:47:32.995+0000] {core_li.py:23} INFO - Successfully updated job requisition 66db04abbf0a19d8769e612a
[2024-09-06T17:47:33.000+0000] {core_li.py:23} INFO - Successfully updated job requisition 66db04abbf0a19d8769e612c
[2024-09-06T17:47:33.007+0000] {core_li.py:23} INFO - Successfully updated job requisition 66db04abbf0a19d8769e612e
[2024-09-06T17:47:33.014+0000] {core_li.py:23} INFO - Successfully updated job requisition 66db04abbf0a19d8769e6130
[2024-09-06T17:47:33.022+0000] {core_li.py:23} INFO - Successfully updated job requisition 66db04abbf0a19d8769e6132
[2024-09-06T17:47:33.035+0000] {core_li.py:23} INFO - Successfully updated job requisition 66db04abbf0a19d8769e6134
[2024-09-06T17:47:33.041+0000] {core_li.py:23} INFO - Successfully updated job requisition 66db04abbf0a19d8769e6136
[2024-09-06T17:47:33.048+0000] {core_li.py:23} INFO - Successfully updated job requisition 66db04abbf0a19d8769e6138
[2024-09-06T17:47:33.059+0000] {core_li.py:23} INFO - Successfully updated job requisition 66db04abbf0a19d8769e613a
[2024-09-06T17:47:33.067+0000] {core_li.py:23} INFO - Successfully updated job requisition 66db04abbf0a19d8769e613c
[2024-09-06T17:47:33.080+0000] {core_li.py:23} INFO - Successfully updated job requisition 66db04abbf0a19d8769e613e
[2024-09-06T17:47:33.088+0000] {core_li.py:23} INFO - Successfully updated job requisition 66db04abbf0a19d8769e6140
[2024-09-06T17:47:33.095+0000] {core_li.py:23} INFO - Successfully updated job requisition 66db04abbf0a19d8769e6142
[2024-09-06T17:47:33.110+0000] {core_li.py:23} INFO - Successfully updated job requisition 66db04abbf0a19d8769e6144
[2024-09-06T17:47:33.117+0000] {core_li.py:23} INFO - Successfully updated job requisition 66db04abbf0a19d8769e6146
[2024-09-06T17:47:33.128+0000] {core_li.py:23} INFO - Successfully updated job requisition 66db04abbf0a19d8769e6148
[2024-09-06T17:47:33.136+0000] {core_li.py:23} INFO - Successfully updated job requisition 66db04abbf0a19d8769e614a
[2024-09-06T17:47:33.144+0000] {core_li.py:23} INFO - Successfully updated job requisition 66db04abbf0a19d8769e614c
[2024-09-06T17:47:33.151+0000] {core_li.py:23} INFO - Successfully updated job requisition 66db04abbf0a19d8769e614e
[2024-09-06T17:47:33.161+0000] {core_li.py:23} INFO - Successfully updated job requisition 66db04abbf0a19d8769e6150
[2024-09-06T17:47:33.169+0000] {core_li.py:23} INFO - Successfully updated job requisition 66db04abbf0a19d8769e6152
[2024-09-06T17:47:33.182+0000] {core_li.py:23} INFO - Successfully updated job requisition 66db04abbf0a19d8769e6154
[2024-09-06T17:47:33.192+0000] {core_li.py:23} INFO - Successfully updated job requisition 66db04abbf0a19d8769e6156
[2024-09-06T17:47:33.206+0000] {core_li.py:23} INFO - Successfully updated job requisition 66db04abbf0a19d8769e6158
[2024-09-06T17:47:33.216+0000] {core_li.py:23} INFO - Successfully updated job requisition 66db04abbf0a19d8769e615a
[2024-09-06T17:47:33.227+0000] {core_li.py:23} INFO - Successfully updated job requisition 66db04abbf0a19d8769e615c
[2024-09-06T17:47:33.238+0000] {core_li.py:23} INFO - Successfully updated job requisition 66db04abbf0a19d8769e615e
[2024-09-06T17:47:33.246+0000] {core_li.py:23} INFO - Successfully updated job requisition 66db04abbf0a19d8769e6160
[2024-09-06T17:47:33.254+0000] {core_li.py:23} INFO - Successfully updated job requisition 66db04abbf0a19d8769e6162
[2024-09-06T17:47:33.260+0000] {core_li.py:23} INFO - Successfully updated job requisition 66db04abbf0a19d8769e6164
[2024-09-06T17:47:33.267+0000] {core_li.py:23} INFO - Successfully updated job requisition 66db04abbf0a19d8769e6166
[2024-09-06T17:47:33.275+0000] {core_li.py:23} INFO - Successfully updated job requisition 66db04abbf0a19d8769e6168
[2024-09-06T17:47:33.284+0000] {core_li.py:23} INFO - Successfully updated job requisition 66db04abbf0a19d8769e616a
[2024-09-06T17:47:33.292+0000] {core_li.py:23} INFO - Successfully updated job requisition 66db04abbf0a19d8769e616c
[2024-09-06T17:47:33.302+0000] {core_li.py:23} INFO - Successfully updated job requisition 66db04abbf0a19d8769e616e
[2024-09-06T17:47:33.313+0000] {core_li.py:23} INFO - Successfully updated job requisition 66db04abbf0a19d8769e6170
[2024-09-06T17:47:33.321+0000] {core_li.py:23} INFO - Successfully updated job requisition 66db04abbf0a19d8769e6172
[2024-09-06T17:47:33.329+0000] {core_li.py:23} INFO - Successfully updated job requisition 66db04abbf0a19d8769e6174
[2024-09-06T17:47:33.336+0000] {core_li.py:23} INFO - Successfully updated job requisition 66db04abbf0a19d8769e6176
[2024-09-06T17:47:33.344+0000] {core_li.py:23} INFO - Successfully updated job requisition 66db04abbf0a19d8769e6178
[2024-09-06T17:47:33.352+0000] {core_li.py:23} INFO - Successfully updated job requisition 66db04abbf0a19d8769e617a
[2024-09-06T17:47:33.360+0000] {core_li.py:23} INFO - Successfully updated job requisition 66db04abbf0a19d8769e617c
[2024-09-06T17:47:33.372+0000] {core_li.py:23} INFO - Successfully updated job requisition 66db04abbf0a19d8769e617e
[2024-09-06T17:47:33.390+0000] {core_li.py:23} INFO - Successfully updated job requisition 66db04abbf0a19d8769e6180
[2024-09-06T17:47:33.402+0000] {core_li.py:23} INFO - Successfully updated job requisition 66db04abbf0a19d8769e6182
[2024-09-06T17:47:33.413+0000] {core_li.py:23} INFO - Successfully updated job requisition 66db04abbf0a19d8769e6184
[2024-09-06T17:47:33.422+0000] {core_li.py:23} INFO - Successfully updated job requisition 66db04abbf0a19d8769e6186
[2024-09-06T17:47:33.431+0000] {core_li.py:23} INFO - Successfully updated job requisition 66db04abbf0a19d8769e6188
[2024-09-06T17:47:33.437+0000] {core_li.py:23} INFO - Successfully updated job requisition 66db04abbf0a19d8769e618a
[2024-09-06T17:47:33.447+0000] {core_li.py:23} INFO - Successfully updated job requisition 66db04abbf0a19d8769e618c
[2024-09-06T17:47:33.455+0000] {core_li.py:23} INFO - Successfully updated job requisition 66db04abbf0a19d8769e618e
[2024-09-06T17:47:33.466+0000] {core_li.py:23} INFO - Successfully updated job requisition 66db04abbf0a19d8769e6190
[2024-09-06T17:47:33.474+0000] {core_li.py:23} INFO - Successfully updated job requisition 66db04abbf0a19d8769e6192
[2024-09-06T17:47:33.480+0000] {core_li.py:23} INFO - Successfully updated job requisition 66db04abbf0a19d8769e6194
[2024-09-06T17:47:33.491+0000] {core_li.py:23} INFO - Successfully updated job requisition 66db04abbf0a19d8769e6196
[2024-09-06T17:47:33.500+0000] {core_li.py:23} INFO - Successfully updated job requisition 66db04abbf0a19d8769e6198
[2024-09-06T17:47:33.507+0000] {core_li.py:23} INFO - Successfully updated job requisition 66db04abbf0a19d8769e619a
[2024-09-06T17:47:33.513+0000] {core_li.py:23} INFO - Successfully updated job requisition 66db04abbf0a19d8769e619c
[2024-09-06T17:47:33.521+0000] {core_li.py:23} INFO - Successfully updated job requisition 66db04abbf0a19d8769e619e
[2024-09-06T17:47:33.530+0000] {core_li.py:23} INFO - Successfully updated job requisition 66db04abbf0a19d8769e61a0
[2024-09-06T17:47:33.532+0000] {python.py:240} INFO - Done. Returned value was: 100
[2024-09-06T17:47:33.563+0000] {taskinstance.py:340} INFO - ::group::Post task execution logs
[2024-09-06T17:47:33.563+0000] {taskinstance.py:352} INFO - Marking task as SUCCESS. dag_id=async_flow, task_id=task_backfill_number_of_cancelled_candidates_in_batch, run_id=manual__2024-09-06T17:47:30.120511+00:00, map_index=7, execution_date=20240906T174730, start_date=20240906T174732, end_date=20240906T174733
[2024-09-06T17:47:33.594+0000] {local_task_job_runner.py:266} INFO - Task exited with return code 0
[2024-09-06T17:47:33.600+0000] {local_task_job_runner.py:245} INFO - ::endgroup::
