[2024-09-06T17:45:48.088+0000] {local_task_job_runner.py:123} INFO - ::group::Pre task execution logs
[2024-09-06T17:45:48.120+0000] {taskinstance.py:2612} INFO - Dependencies all met for dep_context=non-requeueable deps ti=<TaskInstance: async_flow.task_backfill_number_of_cancelled_candidates_in_batch manual__2024-09-06T17:29:39.458358+00:00 map_index=11 [queued]>
[2024-09-06T17:45:48.131+0000] {taskinstance.py:2612} INFO - Dependencies all met for dep_context=requeueable deps ti=<TaskInstance: async_flow.task_backfill_number_of_cancelled_candidates_in_batch manual__2024-09-06T17:29:39.458358+00:00 map_index=11 [queued]>
[2024-09-06T17:45:48.132+0000] {taskinstance.py:2865} INFO - Starting attempt 2 of 2
[2024-09-06T17:45:48.141+0000] {taskinstance.py:2888} INFO - Executing <Mapped(_PythonDecoratedOperator): task_backfill_number_of_cancelled_candidates_in_batch> on 2024-09-06 17:29:39.458358+00:00
[2024-09-06T17:45:48.146+0000] {warnings.py:112} WARNING - /home/***/.local/lib/python3.12/site-packages/***/task/task_runner/standard_task_runner.py:70: DeprecationWarning: This process (pid=421) is multi-threaded, use of fork() may lead to deadlocks in the child.
  pid = os.fork()

[2024-09-06T17:45:48.147+0000] {standard_task_runner.py:72} INFO - Started process 488 to run task
[2024-09-06T17:45:48.152+0000] {standard_task_runner.py:104} INFO - Running: ['***', 'tasks', 'run', 'async_flow', 'task_backfill_number_of_cancelled_candidates_in_batch', 'manual__2024-09-06T17:29:39.458358+00:00', '--job-id', '230', '--raw', '--subdir', 'DAGS_FOLDER/dags_async_flow.py', '--cfg-path', '/tmp/tmpql817eun', '--map-index', '11']
[2024-09-06T17:45:48.153+0000] {standard_task_runner.py:105} INFO - Job 230: Subtask task_backfill_number_of_cancelled_candidates_in_batch
[2024-09-06T17:45:48.255+0000] {task_command.py:467} INFO - Running <TaskInstance: async_flow.task_backfill_number_of_cancelled_candidates_in_batch manual__2024-09-06T17:29:39.458358+00:00 map_index=11 [running]> on host 0817eb6c24af
[2024-09-06T17:45:48.414+0000] {taskinstance.py:3131} INFO - Exporting env vars: AIRFLOW_CTX_DAG_OWNER='***' AIRFLOW_CTX_DAG_ID='async_flow' AIRFLOW_CTX_TASK_ID='task_backfill_number_of_cancelled_candidates_in_batch' AIRFLOW_CTX_EXECUTION_DATE='2024-09-06T17:29:39.458358+00:00' AIRFLOW_CTX_TRY_NUMBER='2' AIRFLOW_CTX_DAG_RUN_ID='manual__2024-09-06T17:29:39.458358+00:00'
[2024-09-06T17:45:48.416+0000] {taskinstance.py:731} INFO - ::endgroup::
[2024-09-06T17:45:48.446+0000] {core_li.py:23} INFO - Successfully updated job requisition 66db04abbf0a19d8769e63fa
[2024-09-06T17:45:48.476+0000] {core_li.py:23} INFO - Successfully updated job requisition 66db04abbf0a19d8769e63fc
[2024-09-06T17:45:48.489+0000] {core_li.py:23} INFO - Successfully updated job requisition 66db04abbf0a19d8769e63fe
[2024-09-06T17:45:48.506+0000] {core_li.py:23} INFO - Successfully updated job requisition 66db04abbf0a19d8769e6400
[2024-09-06T17:45:48.560+0000] {core_li.py:23} INFO - Successfully updated job requisition 66db04abbf0a19d8769e6402
[2024-09-06T17:45:48.571+0000] {core_li.py:23} INFO - Successfully updated job requisition 66db04abbf0a19d8769e6404
[2024-09-06T17:45:48.586+0000] {core_li.py:23} INFO - Successfully updated job requisition 66db04abbf0a19d8769e6406
[2024-09-06T17:45:48.601+0000] {core_li.py:23} INFO - Successfully updated job requisition 66db04abbf0a19d8769e6408
[2024-09-06T17:45:48.611+0000] {core_li.py:23} INFO - Successfully updated job requisition 66db04abbf0a19d8769e640a
[2024-09-06T17:45:48.621+0000] {core_li.py:23} INFO - Successfully updated job requisition 66db04abbf0a19d8769e640c
[2024-09-06T17:45:48.637+0000] {core_li.py:23} INFO - Successfully updated job requisition 66db04abbf0a19d8769e640e
[2024-09-06T17:45:48.648+0000] {core_li.py:23} INFO - Successfully updated job requisition 66db04abbf0a19d8769e6410
[2024-09-06T17:45:48.663+0000] {core_li.py:23} INFO - Successfully updated job requisition 66db04abbf0a19d8769e6412
[2024-09-06T17:45:48.686+0000] {core_li.py:23} INFO - Successfully updated job requisition 66db04abbf0a19d8769e6414
[2024-09-06T17:45:48.697+0000] {core_li.py:23} INFO - Successfully updated job requisition 66db04abbf0a19d8769e6416
[2024-09-06T17:45:48.716+0000] {core_li.py:23} INFO - Successfully updated job requisition 66db04abbf0a19d8769e6418
[2024-09-06T17:45:48.727+0000] {core_li.py:23} INFO - Successfully updated job requisition 66db04abbf0a19d8769e641a
[2024-09-06T17:45:48.744+0000] {core_li.py:23} INFO - Successfully updated job requisition 66db04abbf0a19d8769e641c
[2024-09-06T17:45:48.758+0000] {core_li.py:23} INFO - Successfully updated job requisition 66db04abbf0a19d8769e641e
[2024-09-06T17:45:48.770+0000] {core_li.py:23} INFO - Successfully updated job requisition 66db04abbf0a19d8769e6420
[2024-09-06T17:45:48.782+0000] {core_li.py:23} INFO - Successfully updated job requisition 66db04abbf0a19d8769e6422
[2024-09-06T17:45:48.794+0000] {core_li.py:23} INFO - Successfully updated job requisition 66db04abbf0a19d8769e6424
[2024-09-06T17:45:48.810+0000] {core_li.py:23} INFO - Successfully updated job requisition 66db04abbf0a19d8769e6426
[2024-09-06T17:45:48.827+0000] {core_li.py:23} INFO - Successfully updated job requisition 66db04abbf0a19d8769e6428
[2024-09-06T17:45:48.846+0000] {core_li.py:23} INFO - Successfully updated job requisition 66db04abbf0a19d8769e642a
[2024-09-06T17:45:48.865+0000] {core_li.py:23} INFO - Successfully updated job requisition 66db04abbf0a19d8769e642c
[2024-09-06T17:45:48.879+0000] {core_li.py:23} INFO - Successfully updated job requisition 66db04abbf0a19d8769e642e
[2024-09-06T17:45:48.901+0000] {core_li.py:23} INFO - Successfully updated job requisition 66db04abbf0a19d8769e6430
[2024-09-06T17:45:48.917+0000] {core_li.py:23} INFO - Successfully updated job requisition 66db04abbf0a19d8769e6432
[2024-09-06T17:45:48.929+0000] {core_li.py:23} INFO - Successfully updated job requisition 66db04abbf0a19d8769e6434
[2024-09-06T17:45:48.939+0000] {core_li.py:23} INFO - Successfully updated job requisition 66db04abbf0a19d8769e6436
[2024-09-06T17:45:48.952+0000] {core_li.py:23} INFO - Successfully updated job requisition 66db04abbf0a19d8769e6438
[2024-09-06T17:45:48.970+0000] {core_li.py:23} INFO - Successfully updated job requisition 66db04abbf0a19d8769e643a
[2024-09-06T17:45:48.980+0000] {core_li.py:23} INFO - Successfully updated job requisition 66db04abbf0a19d8769e643c
[2024-09-06T17:45:48.993+0000] {core_li.py:23} INFO - Successfully updated job requisition 66db04abbf0a19d8769e643e
[2024-09-06T17:45:49.022+0000] {core_li.py:23} INFO - Successfully updated job requisition 66db04abbf0a19d8769e6440
[2024-09-06T17:45:49.039+0000] {core_li.py:23} INFO - Successfully updated job requisition 66db04abbf0a19d8769e6442
[2024-09-06T17:45:49.054+0000] {core_li.py:23} INFO - Successfully updated job requisition 66db04abbf0a19d8769e6444
[2024-09-06T17:45:49.092+0000] {core_li.py:23} INFO - Successfully updated job requisition 66db04abbf0a19d8769e6446
[2024-09-06T17:45:49.108+0000] {core_li.py:23} INFO - Successfully updated job requisition 66db04abbf0a19d8769e6448
[2024-09-06T17:45:49.126+0000] {core_li.py:23} INFO - Successfully updated job requisition 66db04abbf0a19d8769e644a
[2024-09-06T17:45:49.138+0000] {core_li.py:23} INFO - Successfully updated job requisition 66db04abbf0a19d8769e644c
[2024-09-06T17:45:49.150+0000] {core_li.py:23} INFO - Successfully updated job requisition 66db04abbf0a19d8769e644e
[2024-09-06T17:45:49.160+0000] {core_li.py:23} INFO - Successfully updated job requisition 66db04abbf0a19d8769e6450
[2024-09-06T17:45:49.171+0000] {core_li.py:23} INFO - Successfully updated job requisition 66db04abbf0a19d8769e6452
[2024-09-06T17:45:49.181+0000] {core_li.py:23} INFO - Successfully updated job requisition 66db04abbf0a19d8769e6454
[2024-09-06T17:45:49.193+0000] {core_li.py:23} INFO - Successfully updated job requisition 66db04abbf0a19d8769e6456
[2024-09-06T17:45:49.203+0000] {core_li.py:23} INFO - Successfully updated job requisition 66db04abbf0a19d8769e6458
[2024-09-06T17:45:49.213+0000] {core_li.py:23} INFO - Successfully updated job requisition 66db04abbf0a19d8769e645a
[2024-09-06T17:45:49.223+0000] {core_li.py:23} INFO - Successfully updated job requisition 66db04abbf0a19d8769e645c
[2024-09-06T17:45:49.236+0000] {core_li.py:23} INFO - Successfully updated job requisition 66db04abbf0a19d8769e645e
[2024-09-06T17:45:49.245+0000] {core_li.py:23} INFO - Successfully updated job requisition 66db04abbf0a19d8769e6460
[2024-09-06T17:45:49.253+0000] {core_li.py:23} INFO - Successfully updated job requisition 66db04abbf0a19d8769e6462
[2024-09-06T17:45:49.262+0000] {core_li.py:23} INFO - Successfully updated job requisition 66db04abbf0a19d8769e6464
[2024-09-06T17:45:49.270+0000] {core_li.py:23} INFO - Successfully updated job requisition 66db04abbf0a19d8769e6466
[2024-09-06T17:45:49.277+0000] {core_li.py:23} INFO - Successfully updated job requisition 66db04abbf0a19d8769e6468
[2024-09-06T17:45:49.296+0000] {core_li.py:23} INFO - Successfully updated job requisition 66db04abbf0a19d8769e646a
[2024-09-06T17:45:49.306+0000] {core_li.py:23} INFO - Successfully updated job requisition 66db04abbf0a19d8769e646c
[2024-09-06T17:45:49.324+0000] {core_li.py:23} INFO - Successfully updated job requisition 66db04abbf0a19d8769e646e
[2024-09-06T17:45:49.339+0000] {core_li.py:23} INFO - Successfully updated job requisition 66db04abbf0a19d8769e6470
[2024-09-06T17:45:49.350+0000] {core_li.py:23} INFO - Successfully updated job requisition 66db04abbf0a19d8769e6472
[2024-09-06T17:45:49.360+0000] {core_li.py:23} INFO - Successfully updated job requisition 66db04abbf0a19d8769e6474
[2024-09-06T17:45:49.370+0000] {core_li.py:23} INFO - Successfully updated job requisition 66db04abbf0a19d8769e6476
[2024-09-06T17:45:49.380+0000] {core_li.py:23} INFO - Successfully updated job requisition 66db04abbf0a19d8769e6478
[2024-09-06T17:45:49.389+0000] {core_li.py:23} INFO - Successfully updated job requisition 66db04abbf0a19d8769e647a
[2024-09-06T17:45:49.400+0000] {core_li.py:23} INFO - Successfully updated job requisition 66db04abbf0a19d8769e647c
[2024-09-06T17:45:49.411+0000] {core_li.py:23} INFO - Successfully updated job requisition 66db04abbf0a19d8769e647e
[2024-09-06T17:45:49.429+0000] {core_li.py:23} INFO - Successfully updated job requisition 66db04abbf0a19d8769e6480
[2024-09-06T17:45:49.455+0000] {core_li.py:23} INFO - Successfully updated job requisition 66db04abbf0a19d8769e6482
[2024-09-06T17:45:49.472+0000] {core_li.py:23} INFO - Successfully updated job requisition 66db04abbf0a19d8769e6484
[2024-09-06T17:45:49.490+0000] {core_li.py:23} INFO - Successfully updated job requisition 66db04abbf0a19d8769e6486
[2024-09-06T17:45:49.502+0000] {core_li.py:23} INFO - Successfully updated job requisition 66db04abbf0a19d8769e6488
[2024-09-06T17:45:49.513+0000] {core_li.py:23} INFO - Successfully updated job requisition 66db04abbf0a19d8769e648a
[2024-09-06T17:45:49.523+0000] {core_li.py:23} INFO - Successfully updated job requisition 66db04abbf0a19d8769e648c
[2024-09-06T17:45:49.532+0000] {core_li.py:23} INFO - Successfully updated job requisition 66db04abbf0a19d8769e648e
[2024-09-06T17:45:49.540+0000] {core_li.py:23} INFO - Successfully updated job requisition 66db04abbf0a19d8769e6490
[2024-09-06T17:45:49.550+0000] {core_li.py:23} INFO - Successfully updated job requisition 66db04abbf0a19d8769e6492
[2024-09-06T17:45:49.559+0000] {core_li.py:23} INFO - Successfully updated job requisition 66db04abbf0a19d8769e6494
[2024-09-06T17:45:49.571+0000] {core_li.py:23} INFO - Successfully updated job requisition 66db04abbf0a19d8769e6496
[2024-09-06T17:45:49.583+0000] {core_li.py:23} INFO - Successfully updated job requisition 66db04abbf0a19d8769e6498
[2024-09-06T17:45:49.594+0000] {core_li.py:23} INFO - Successfully updated job requisition 66db04abbf0a19d8769e649a
[2024-09-06T17:45:49.608+0000] {core_li.py:23} INFO - Successfully updated job requisition 66db04abbf0a19d8769e649c
[2024-09-06T17:45:49.622+0000] {core_li.py:23} INFO - Successfully updated job requisition 66db04abbf0a19d8769e649e
[2024-09-06T17:45:49.634+0000] {core_li.py:23} INFO - Successfully updated job requisition 66db04abbf0a19d8769e64a0
[2024-09-06T17:45:49.648+0000] {core_li.py:23} INFO - Successfully updated job requisition 66db04abbf0a19d8769e64a2
[2024-09-06T17:45:49.659+0000] {core_li.py:23} INFO - Successfully updated job requisition 66db04abbf0a19d8769e64a4
[2024-09-06T17:45:49.667+0000] {core_li.py:23} INFO - Successfully updated job requisition 66db04abbf0a19d8769e64a6
[2024-09-06T17:45:49.677+0000] {core_li.py:23} INFO - Successfully updated job requisition 66db04abbf0a19d8769e64a8
[2024-09-06T17:45:49.687+0000] {core_li.py:23} INFO - Successfully updated job requisition 66db04abbf0a19d8769e64aa
[2024-09-06T17:45:49.700+0000] {core_li.py:23} INFO - Successfully updated job requisition 66db04abbf0a19d8769e64ac
[2024-09-06T17:45:49.709+0000] {core_li.py:23} INFO - Successfully updated job requisition 66db04abbf0a19d8769e64ae
[2024-09-06T17:45:49.718+0000] {core_li.py:23} INFO - Successfully updated job requisition 66db04abbf0a19d8769e64b0
[2024-09-06T17:45:49.726+0000] {core_li.py:23} INFO - Successfully updated job requisition 66db04abbf0a19d8769e64b2
[2024-09-06T17:45:49.735+0000] {core_li.py:23} INFO - Successfully updated job requisition 66db04abbf0a19d8769e64b4
[2024-09-06T17:45:49.745+0000] {core_li.py:23} INFO - Successfully updated job requisition 66db04abbf0a19d8769e64b6
[2024-09-06T17:45:49.753+0000] {core_li.py:23} INFO - Successfully updated job requisition 66db04abbf0a19d8769e64b8
[2024-09-06T17:45:49.764+0000] {core_li.py:23} INFO - Successfully updated job requisition 66db04abbf0a19d8769e64ba
[2024-09-06T17:45:49.772+0000] {core_li.py:23} INFO - Successfully updated job requisition 66db04abbf0a19d8769e64bc
[2024-09-06T17:45:49.784+0000] {core_li.py:23} INFO - Successfully updated job requisition 66db04abbf0a19d8769e64be
[2024-09-06T17:45:49.793+0000] {core_li.py:23} INFO - Successfully updated job requisition 66db04abbf0a19d8769e64c0
[2024-09-06T17:45:49.795+0000] {python.py:240} INFO - Done. Returned value was: 100
[2024-09-06T17:45:49.832+0000] {taskinstance.py:340} INFO - ::group::Post task execution logs
[2024-09-06T17:45:49.833+0000] {taskinstance.py:352} INFO - Marking task as SUCCESS. dag_id=async_flow, task_id=task_backfill_number_of_cancelled_candidates_in_batch, run_id=manual__2024-09-06T17:29:39.458358+00:00, map_index=11, execution_date=20240906T172939, start_date=20240906T174548, end_date=20240906T174549
[2024-09-06T17:45:49.900+0000] {local_task_job_runner.py:266} INFO - Task exited with return code 0
[2024-09-06T17:45:49.907+0000] {local_task_job_runner.py:245} INFO - ::endgroup::
