[2024-09-06T17:29:42.026+0000] {local_task_job_runner.py:123} INFO - ::group::Pre task execution logs
[2024-09-06T17:29:42.077+0000] {taskinstance.py:2612} INFO - Dependencies all met for dep_context=non-requeueable deps ti=<TaskInstance: async_flow.task_backfill_number_of_cancelled_candidates_in_batch manual__2024-09-06T17:29:39.458358+00:00 map_index=11 [queued]>
[2024-09-06T17:29:42.100+0000] {taskinstance.py:2612} INFO - Dependencies all met for dep_context=requeueable deps ti=<TaskInstance: async_flow.task_backfill_number_of_cancelled_candidates_in_batch manual__2024-09-06T17:29:39.458358+00:00 map_index=11 [queued]>
[2024-09-06T17:29:42.101+0000] {taskinstance.py:2865} INFO - Starting attempt 1 of 1
[2024-09-06T17:29:42.176+0000] {taskinstance.py:2888} INFO - Executing <Mapped(_PythonDecoratedOperator): task_backfill_number_of_cancelled_candidates_in_batch> on 2024-09-06 17:29:39.458358+00:00
[2024-09-06T17:29:42.182+0000] {warnings.py:112} WARNING - /home/***/.local/lib/python3.12/site-packages/***/task/task_runner/standard_task_runner.py:70: DeprecationWarning: This process (pid=3125) is multi-threaded, use of fork() may lead to deadlocks in the child.
  pid = os.fork()

[2024-09-06T17:29:42.186+0000] {standard_task_runner.py:72} INFO - Started process 3215 to run task
[2024-09-06T17:29:42.196+0000] {standard_task_runner.py:104} INFO - Running: ['***', 'tasks', 'run', 'async_flow', 'task_backfill_number_of_cancelled_candidates_in_batch', 'manual__2024-09-06T17:29:39.458358+00:00', '--job-id', '135', '--raw', '--subdir', 'DAGS_FOLDER/dags_async_flow.py', '--cfg-path', '/tmp/tmpzmd32mty', '--map-index', '11']
[2024-09-06T17:29:42.203+0000] {standard_task_runner.py:105} INFO - Job 135: Subtask task_backfill_number_of_cancelled_candidates_in_batch
[2024-09-06T17:29:42.334+0000] {task_command.py:467} INFO - Running <TaskInstance: async_flow.task_backfill_number_of_cancelled_candidates_in_batch manual__2024-09-06T17:29:39.458358+00:00 map_index=11 [running]> on host a3a5f1897683
[2024-09-06T17:29:42.512+0000] {taskinstance.py:3131} INFO - Exporting env vars: AIRFLOW_CTX_DAG_OWNER='***' AIRFLOW_CTX_DAG_ID='async_flow' AIRFLOW_CTX_TASK_ID='task_backfill_number_of_cancelled_candidates_in_batch' AIRFLOW_CTX_EXECUTION_DATE='2024-09-06T17:29:39.458358+00:00' AIRFLOW_CTX_TRY_NUMBER='1' AIRFLOW_CTX_DAG_RUN_ID='manual__2024-09-06T17:29:39.458358+00:00'
[2024-09-06T17:29:42.513+0000] {taskinstance.py:731} INFO - ::endgroup::
[2024-09-06T17:29:42.542+0000] {core_li.py:23} INFO - Successfully updated job requisition 66db04abbf0a19d8769e63fa
[2024-09-06T17:29:42.552+0000] {core_li.py:23} INFO - Successfully updated job requisition 66db04abbf0a19d8769e63fc
[2024-09-06T17:29:42.563+0000] {core_li.py:23} INFO - Successfully updated job requisition 66db04abbf0a19d8769e63fe
[2024-09-06T17:29:42.574+0000] {core_li.py:23} INFO - Successfully updated job requisition 66db04abbf0a19d8769e6400
[2024-09-06T17:29:42.586+0000] {core_li.py:23} INFO - Successfully updated job requisition 66db04abbf0a19d8769e6402
[2024-09-06T17:29:42.603+0000] {core_li.py:23} INFO - Successfully updated job requisition 66db04abbf0a19d8769e6404
[2024-09-06T17:29:42.619+0000] {core_li.py:23} INFO - Successfully updated job requisition 66db04abbf0a19d8769e6406
[2024-09-06T17:29:42.629+0000] {core_li.py:23} INFO - Successfully updated job requisition 66db04abbf0a19d8769e6408
[2024-09-06T17:29:42.639+0000] {core_li.py:23} INFO - Successfully updated job requisition 66db04abbf0a19d8769e640a
[2024-09-06T17:29:42.647+0000] {core_li.py:23} INFO - Successfully updated job requisition 66db04abbf0a19d8769e640c
[2024-09-06T17:29:42.657+0000] {core_li.py:23} INFO - Successfully updated job requisition 66db04abbf0a19d8769e640e
[2024-09-06T17:29:42.669+0000] {core_li.py:23} INFO - Successfully updated job requisition 66db04abbf0a19d8769e6410
[2024-09-06T17:29:42.683+0000] {core_li.py:23} INFO - Successfully updated job requisition 66db04abbf0a19d8769e6412
[2024-09-06T17:29:42.694+0000] {core_li.py:23} INFO - Successfully updated job requisition 66db04abbf0a19d8769e6414
[2024-09-06T17:29:42.706+0000] {core_li.py:23} INFO - Successfully updated job requisition 66db04abbf0a19d8769e6416
[2024-09-06T17:29:42.721+0000] {core_li.py:23} INFO - Successfully updated job requisition 66db04abbf0a19d8769e6418
[2024-09-06T17:29:42.735+0000] {core_li.py:23} INFO - Successfully updated job requisition 66db04abbf0a19d8769e641a
[2024-09-06T17:29:42.747+0000] {core_li.py:23} INFO - Successfully updated job requisition 66db04abbf0a19d8769e641c
[2024-09-06T17:29:42.758+0000] {core_li.py:23} INFO - Successfully updated job requisition 66db04abbf0a19d8769e641e
[2024-09-06T17:29:42.767+0000] {core_li.py:23} INFO - Successfully updated job requisition 66db04abbf0a19d8769e6420
[2024-09-06T17:29:42.779+0000] {core_li.py:23} INFO - Successfully updated job requisition 66db04abbf0a19d8769e6422
[2024-09-06T17:29:42.791+0000] {core_li.py:23} INFO - Successfully updated job requisition 66db04abbf0a19d8769e6424
[2024-09-06T17:29:42.805+0000] {core_li.py:23} INFO - Successfully updated job requisition 66db04abbf0a19d8769e6426
[2024-09-06T17:29:42.815+0000] {core_li.py:23} INFO - Successfully updated job requisition 66db04abbf0a19d8769e6428
[2024-09-06T17:29:42.826+0000] {core_li.py:23} INFO - Successfully updated job requisition 66db04abbf0a19d8769e642a
[2024-09-06T17:29:42.836+0000] {core_li.py:23} INFO - Successfully updated job requisition 66db04abbf0a19d8769e642c
[2024-09-06T17:29:42.845+0000] {core_li.py:23} INFO - Successfully updated job requisition 66db04abbf0a19d8769e642e
[2024-09-06T17:29:42.856+0000] {core_li.py:23} INFO - Successfully updated job requisition 66db04abbf0a19d8769e6430
[2024-09-06T17:29:42.868+0000] {core_li.py:23} INFO - Successfully updated job requisition 66db04abbf0a19d8769e6432
[2024-09-06T17:29:42.882+0000] {core_li.py:23} INFO - Successfully updated job requisition 66db04abbf0a19d8769e6434
[2024-09-06T17:29:42.894+0000] {core_li.py:23} INFO - Successfully updated job requisition 66db04abbf0a19d8769e6436
[2024-09-06T17:29:42.901+0000] {core_li.py:23} INFO - Successfully updated job requisition 66db04abbf0a19d8769e6438
[2024-09-06T17:29:42.914+0000] {core_li.py:23} INFO - Successfully updated job requisition 66db04abbf0a19d8769e643a
[2024-09-06T17:29:42.923+0000] {core_li.py:23} INFO - Successfully updated job requisition 66db04abbf0a19d8769e643c
[2024-09-06T17:29:42.931+0000] {core_li.py:23} INFO - Successfully updated job requisition 66db04abbf0a19d8769e643e
[2024-09-06T17:29:42.940+0000] {core_li.py:23} INFO - Successfully updated job requisition 66db04abbf0a19d8769e6440
[2024-09-06T17:29:42.952+0000] {core_li.py:23} INFO - Successfully updated job requisition 66db04abbf0a19d8769e6442
[2024-09-06T17:29:42.962+0000] {core_li.py:23} INFO - Successfully updated job requisition 66db04abbf0a19d8769e6444
[2024-09-06T17:29:42.979+0000] {core_li.py:23} INFO - Successfully updated job requisition 66db04abbf0a19d8769e6446
[2024-09-06T17:29:42.990+0000] {core_li.py:23} INFO - Successfully updated job requisition 66db04abbf0a19d8769e6448
[2024-09-06T17:29:43.007+0000] {core_li.py:23} INFO - Successfully updated job requisition 66db04abbf0a19d8769e644a
[2024-09-06T17:29:43.018+0000] {core_li.py:23} INFO - Successfully updated job requisition 66db04abbf0a19d8769e644c
[2024-09-06T17:29:43.027+0000] {core_li.py:23} INFO - Successfully updated job requisition 66db04abbf0a19d8769e644e
[2024-09-06T17:29:43.037+0000] {core_li.py:23} INFO - Successfully updated job requisition 66db04abbf0a19d8769e6450
[2024-09-06T17:29:43.045+0000] {core_li.py:23} INFO - Successfully updated job requisition 66db04abbf0a19d8769e6452
[2024-09-06T17:29:43.052+0000] {core_li.py:23} INFO - Successfully updated job requisition 66db04abbf0a19d8769e6454
[2024-09-06T17:29:43.061+0000] {core_li.py:23} INFO - Successfully updated job requisition 66db04abbf0a19d8769e6456
[2024-09-06T17:29:43.070+0000] {core_li.py:23} INFO - Successfully updated job requisition 66db04abbf0a19d8769e6458
[2024-09-06T17:29:43.083+0000] {core_li.py:23} INFO - Successfully updated job requisition 66db04abbf0a19d8769e645a
[2024-09-06T17:29:43.093+0000] {core_li.py:23} INFO - Successfully updated job requisition 66db04abbf0a19d8769e645c
[2024-09-06T17:29:43.102+0000] {core_li.py:23} INFO - Successfully updated job requisition 66db04abbf0a19d8769e645e
[2024-09-06T17:29:43.111+0000] {core_li.py:23} INFO - Successfully updated job requisition 66db04abbf0a19d8769e6460
[2024-09-06T17:29:43.121+0000] {core_li.py:23} INFO - Successfully updated job requisition 66db04abbf0a19d8769e6462
[2024-09-06T17:29:43.135+0000] {core_li.py:23} INFO - Successfully updated job requisition 66db04abbf0a19d8769e6464
[2024-09-06T17:29:43.143+0000] {core_li.py:23} INFO - Successfully updated job requisition 66db04abbf0a19d8769e6466
[2024-09-06T17:29:43.153+0000] {core_li.py:23} INFO - Successfully updated job requisition 66db04abbf0a19d8769e6468
[2024-09-06T17:29:43.163+0000] {core_li.py:23} INFO - Successfully updated job requisition 66db04abbf0a19d8769e646a
[2024-09-06T17:29:43.178+0000] {core_li.py:23} INFO - Successfully updated job requisition 66db04abbf0a19d8769e646c
[2024-09-06T17:29:43.189+0000] {core_li.py:23} INFO - Successfully updated job requisition 66db04abbf0a19d8769e646e
[2024-09-06T17:29:43.201+0000] {core_li.py:23} INFO - Successfully updated job requisition 66db04abbf0a19d8769e6470
[2024-09-06T17:29:43.210+0000] {core_li.py:23} INFO - Successfully updated job requisition 66db04abbf0a19d8769e6472
[2024-09-06T17:29:43.219+0000] {core_li.py:23} INFO - Successfully updated job requisition 66db04abbf0a19d8769e6474
[2024-09-06T17:29:43.239+0000] {core_li.py:23} INFO - Successfully updated job requisition 66db04abbf0a19d8769e6476
[2024-09-06T17:29:43.255+0000] {core_li.py:23} INFO - Successfully updated job requisition 66db04abbf0a19d8769e6478
[2024-09-06T17:29:43.274+0000] {core_li.py:23} INFO - Successfully updated job requisition 66db04abbf0a19d8769e647a
[2024-09-06T17:29:43.289+0000] {core_li.py:23} INFO - Successfully updated job requisition 66db04abbf0a19d8769e647c
[2024-09-06T17:29:43.309+0000] {core_li.py:23} INFO - Successfully updated job requisition 66db04abbf0a19d8769e647e
[2024-09-06T17:29:43.322+0000] {core_li.py:23} INFO - Successfully updated job requisition 66db04abbf0a19d8769e6480
[2024-09-06T17:29:43.333+0000] {core_li.py:23} INFO - Successfully updated job requisition 66db04abbf0a19d8769e6482
[2024-09-06T17:29:43.348+0000] {core_li.py:23} INFO - Successfully updated job requisition 66db04abbf0a19d8769e6484
[2024-09-06T17:29:43.363+0000] {core_li.py:23} INFO - Successfully updated job requisition 66db04abbf0a19d8769e6486
[2024-09-06T17:29:43.379+0000] {core_li.py:23} INFO - Successfully updated job requisition 66db04abbf0a19d8769e6488
[2024-09-06T17:29:43.394+0000] {core_li.py:23} INFO - Successfully updated job requisition 66db04abbf0a19d8769e648a
[2024-09-06T17:29:43.404+0000] {core_li.py:23} INFO - Successfully updated job requisition 66db04abbf0a19d8769e648c
[2024-09-06T17:29:43.424+0000] {core_li.py:23} INFO - Successfully updated job requisition 66db04abbf0a19d8769e648e
[2024-09-06T17:29:43.436+0000] {core_li.py:23} INFO - Successfully updated job requisition 66db04abbf0a19d8769e6490
[2024-09-06T17:29:43.452+0000] {core_li.py:23} INFO - Successfully updated job requisition 66db04abbf0a19d8769e6492
[2024-09-06T17:29:43.469+0000] {core_li.py:23} INFO - Successfully updated job requisition 66db04abbf0a19d8769e6494
[2024-09-06T17:29:43.490+0000] {core_li.py:23} INFO - Successfully updated job requisition 66db04abbf0a19d8769e6496
[2024-09-06T17:29:43.508+0000] {core_li.py:23} INFO - Successfully updated job requisition 66db04abbf0a19d8769e6498
[2024-09-06T17:29:43.527+0000] {core_li.py:23} INFO - Successfully updated job requisition 66db04abbf0a19d8769e649a
[2024-09-06T17:29:43.537+0000] {core_li.py:23} INFO - Successfully updated job requisition 66db04abbf0a19d8769e649c
[2024-09-06T17:29:43.553+0000] {core_li.py:23} INFO - Successfully updated job requisition 66db04abbf0a19d8769e649e
[2024-09-06T17:29:43.574+0000] {core_li.py:23} INFO - Successfully updated job requisition 66db04abbf0a19d8769e64a0
[2024-09-06T17:29:43.582+0000] {core_li.py:23} INFO - Successfully updated job requisition 66db04abbf0a19d8769e64a2
[2024-09-06T17:29:43.591+0000] {core_li.py:23} INFO - Successfully updated job requisition 66db04abbf0a19d8769e64a4
[2024-09-06T17:29:43.606+0000] {core_li.py:23} INFO - Successfully updated job requisition 66db04abbf0a19d8769e64a6
[2024-09-06T17:29:43.622+0000] {core_li.py:23} INFO - Successfully updated job requisition 66db04abbf0a19d8769e64a8
[2024-09-06T17:29:43.633+0000] {core_li.py:23} INFO - Successfully updated job requisition 66db04abbf0a19d8769e64aa
[2024-09-06T17:29:43.642+0000] {core_li.py:23} INFO - Successfully updated job requisition 66db04abbf0a19d8769e64ac
[2024-09-06T17:29:43.653+0000] {core_li.py:23} INFO - Successfully updated job requisition 66db04abbf0a19d8769e64ae
[2024-09-06T17:29:43.664+0000] {core_li.py:23} INFO - Successfully updated job requisition 66db04abbf0a19d8769e64b0
[2024-09-06T17:29:43.677+0000] {core_li.py:23} INFO - Successfully updated job requisition 66db04abbf0a19d8769e64b2
[2024-09-06T17:29:43.692+0000] {core_li.py:23} INFO - Successfully updated job requisition 66db04abbf0a19d8769e64b4
[2024-09-06T17:29:43.709+0000] {core_li.py:23} INFO - Successfully updated job requisition 66db04abbf0a19d8769e64b6
[2024-09-06T17:29:43.718+0000] {core_li.py:23} INFO - Successfully updated job requisition 66db04abbf0a19d8769e64b8
[2024-09-06T17:29:43.729+0000] {core_li.py:23} INFO - Successfully updated job requisition 66db04abbf0a19d8769e64ba
[2024-09-06T17:29:43.743+0000] {core_li.py:23} INFO - Successfully updated job requisition 66db04abbf0a19d8769e64bc
[2024-09-06T17:29:43.756+0000] {core_li.py:23} INFO - Successfully updated job requisition 66db04abbf0a19d8769e64be
[2024-09-06T17:29:43.773+0000] {core_li.py:23} INFO - Successfully updated job requisition 66db04abbf0a19d8769e64c0
[2024-09-06T17:29:43.774+0000] {python.py:240} INFO - Done. Returned value was: 100
[2024-09-06T17:29:43.809+0000] {taskinstance.py:340} INFO - ::group::Post task execution logs
[2024-09-06T17:29:43.810+0000] {taskinstance.py:352} INFO - Marking task as SUCCESS. dag_id=async_flow, task_id=task_backfill_number_of_cancelled_candidates_in_batch, run_id=manual__2024-09-06T17:29:39.458358+00:00, map_index=11, execution_date=20240906T172939, start_date=20240906T172942, end_date=20240906T172943
[2024-09-06T17:29:43.861+0000] {local_task_job_runner.py:266} INFO - Task exited with return code 0
[2024-09-06T17:29:43.871+0000] {local_task_job_runner.py:245} INFO - ::endgroup::
