[2024-09-06T17:47:34.703+0000] {local_task_job_runner.py:123} INFO - ::group::Pre task execution logs
[2024-09-06T17:47:34.727+0000] {taskinstance.py:2612} INFO - Dependencies all met for dep_context=non-requeueable deps ti=<TaskInstance: async_flow.task_backfill_number_of_cancelled_candidates_in_batch manual__2024-09-06T17:47:30.120511+00:00 map_index=30 [queued]>
[2024-09-06T17:47:34.806+0000] {taskinstance.py:2612} INFO - Dependencies all met for dep_context=requeueable deps ti=<TaskInstance: async_flow.task_backfill_number_of_cancelled_candidates_in_batch manual__2024-09-06T17:47:30.120511+00:00 map_index=30 [queued]>
[2024-09-06T17:47:34.808+0000] {taskinstance.py:2865} INFO - Starting attempt 1 of 1
[2024-09-06T17:47:34.822+0000] {taskinstance.py:2888} INFO - Executing <Mapped(_PythonDecoratedOperator): task_backfill_number_of_cancelled_candidates_in_batch> on 2024-09-06 17:47:30.120511+00:00
[2024-09-06T17:47:34.832+0000] {warnings.py:112} WARNING - /home/***/.local/lib/python3.12/site-packages/***/task/task_runner/standard_task_runner.py:70: DeprecationWarning: This process (pid=1156) is multi-threaded, use of fork() may lead to deadlocks in the child.
  pid = os.fork()

[2024-09-06T17:47:34.837+0000] {standard_task_runner.py:72} INFO - Started process 1205 to run task
[2024-09-06T17:47:34.842+0000] {standard_task_runner.py:104} INFO - Running: ['***', 'tasks', 'run', 'async_flow', 'task_backfill_number_of_cancelled_candidates_in_batch', 'manual__2024-09-06T17:47:30.120511+00:00', '--job-id', '345', '--raw', '--subdir', 'DAGS_FOLDER/dags_async_flow.py', '--cfg-path', '/tmp/tmpd7et7pn_', '--map-index', '30']
[2024-09-06T17:47:34.844+0000] {standard_task_runner.py:105} INFO - Job 345: Subtask task_backfill_number_of_cancelled_candidates_in_batch
[2024-09-06T17:47:34.949+0000] {task_command.py:467} INFO - Running <TaskInstance: async_flow.task_backfill_number_of_cancelled_candidates_in_batch manual__2024-09-06T17:47:30.120511+00:00 map_index=30 [running]> on host 0817eb6c24af
[2024-09-06T17:47:35.098+0000] {taskinstance.py:3131} INFO - Exporting env vars: AIRFLOW_CTX_DAG_OWNER='***' AIRFLOW_CTX_DAG_ID='async_flow' AIRFLOW_CTX_TASK_ID='task_backfill_number_of_cancelled_candidates_in_batch' AIRFLOW_CTX_EXECUTION_DATE='2024-09-06T17:47:30.120511+00:00' AIRFLOW_CTX_TRY_NUMBER='1' AIRFLOW_CTX_DAG_RUN_ID='manual__2024-09-06T17:47:30.120511+00:00'
[2024-09-06T17:47:35.104+0000] {taskinstance.py:731} INFO - ::endgroup::
[2024-09-06T17:47:35.133+0000] {core_li.py:23} INFO - Successfully updated job requisition 66db04acbf0a19d8769e7f52
[2024-09-06T17:47:35.149+0000] {core_li.py:23} INFO - Successfully updated job requisition 66db04acbf0a19d8769e7f54
[2024-09-06T17:47:35.160+0000] {core_li.py:23} INFO - Successfully updated job requisition 66db04acbf0a19d8769e7f56
[2024-09-06T17:47:35.181+0000] {core_li.py:23} INFO - Successfully updated job requisition 66db04acbf0a19d8769e7f58
[2024-09-06T17:47:35.191+0000] {core_li.py:23} INFO - Successfully updated job requisition 66db04acbf0a19d8769e7f5a
[2024-09-06T17:47:35.201+0000] {core_li.py:23} INFO - Successfully updated job requisition 66db04acbf0a19d8769e7f5c
[2024-09-06T17:47:35.212+0000] {core_li.py:23} INFO - Successfully updated job requisition 66db04acbf0a19d8769e7f5e
[2024-09-06T17:47:35.233+0000] {core_li.py:23} INFO - Successfully updated job requisition 66db04acbf0a19d8769e7f60
[2024-09-06T17:47:35.242+0000] {core_li.py:23} INFO - Successfully updated job requisition 66db04acbf0a19d8769e7f62
[2024-09-06T17:47:35.260+0000] {core_li.py:23} INFO - Successfully updated job requisition 66db04acbf0a19d8769e7f64
[2024-09-06T17:47:35.269+0000] {core_li.py:23} INFO - Successfully updated job requisition 66db04acbf0a19d8769e7f66
[2024-09-06T17:47:35.294+0000] {core_li.py:23} INFO - Successfully updated job requisition 66db04acbf0a19d8769e7f68
[2024-09-06T17:47:35.311+0000] {core_li.py:23} INFO - Successfully updated job requisition 66db04acbf0a19d8769e7f6a
[2024-09-06T17:47:35.332+0000] {core_li.py:23} INFO - Successfully updated job requisition 66db04acbf0a19d8769e7f6c
[2024-09-06T17:47:35.356+0000] {core_li.py:23} INFO - Successfully updated job requisition 66db04acbf0a19d8769e7f6e
[2024-09-06T17:47:35.376+0000] {core_li.py:23} INFO - Successfully updated job requisition 66db04acbf0a19d8769e7f70
[2024-09-06T17:47:35.388+0000] {core_li.py:23} INFO - Successfully updated job requisition 66db04acbf0a19d8769e7f72
[2024-09-06T17:47:35.401+0000] {core_li.py:23} INFO - Successfully updated job requisition 66db04acbf0a19d8769e7f74
[2024-09-06T17:47:35.423+0000] {core_li.py:23} INFO - Successfully updated job requisition 66db04acbf0a19d8769e7f76
[2024-09-06T17:47:35.436+0000] {core_li.py:23} INFO - Successfully updated job requisition 66db04acbf0a19d8769e7f78
[2024-09-06T17:47:35.452+0000] {core_li.py:23} INFO - Successfully updated job requisition 66db04acbf0a19d8769e7f7a
[2024-09-06T17:47:35.467+0000] {core_li.py:23} INFO - Successfully updated job requisition 66db04acbf0a19d8769e7f7c
[2024-09-06T17:47:35.482+0000] {core_li.py:23} INFO - Successfully updated job requisition 66db04acbf0a19d8769e7f7e
[2024-09-06T17:47:35.496+0000] {core_li.py:23} INFO - Successfully updated job requisition 66db04acbf0a19d8769e7f80
[2024-09-06T17:47:35.512+0000] {core_li.py:23} INFO - Successfully updated job requisition 66db04acbf0a19d8769e7f82
[2024-09-06T17:47:35.520+0000] {core_li.py:23} INFO - Successfully updated job requisition 66db04acbf0a19d8769e7f84
[2024-09-06T17:47:35.531+0000] {core_li.py:23} INFO - Successfully updated job requisition 66db04acbf0a19d8769e7f86
[2024-09-06T17:47:35.538+0000] {core_li.py:23} INFO - Successfully updated job requisition 66db04acbf0a19d8769e7f88
[2024-09-06T17:47:35.550+0000] {core_li.py:23} INFO - Successfully updated job requisition 66db04acbf0a19d8769e7f8a
[2024-09-06T17:47:35.561+0000] {core_li.py:23} INFO - Successfully updated job requisition 66db04acbf0a19d8769e7f8c
[2024-09-06T17:47:35.572+0000] {core_li.py:23} INFO - Successfully updated job requisition 66db04acbf0a19d8769e7f8e
[2024-09-06T17:47:35.581+0000] {core_li.py:23} INFO - Successfully updated job requisition 66db04acbf0a19d8769e7f90
[2024-09-06T17:47:35.591+0000] {core_li.py:23} INFO - Successfully updated job requisition 66db04acbf0a19d8769e7f92
[2024-09-06T17:47:35.602+0000] {core_li.py:23} INFO - Successfully updated job requisition 66db04acbf0a19d8769e7f94
[2024-09-06T17:47:35.607+0000] {core_li.py:23} INFO - Successfully updated job requisition 66db04acbf0a19d8769e7f96
[2024-09-06T17:47:35.615+0000] {core_li.py:23} INFO - Successfully updated job requisition 66db04acbf0a19d8769e7f98
[2024-09-06T17:47:35.622+0000] {core_li.py:23} INFO - Successfully updated job requisition 66db04acbf0a19d8769e7f9a
[2024-09-06T17:47:35.632+0000] {core_li.py:23} INFO - Successfully updated job requisition 66db04acbf0a19d8769e7f9c
[2024-09-06T17:47:35.641+0000] {core_li.py:23} INFO - Successfully updated job requisition 66db04acbf0a19d8769e7f9e
[2024-09-06T17:47:35.652+0000] {core_li.py:23} INFO - Successfully updated job requisition 66db04acbf0a19d8769e7fa0
[2024-09-06T17:47:35.661+0000] {core_li.py:23} INFO - Successfully updated job requisition 66db04acbf0a19d8769e7fa2
[2024-09-06T17:47:35.676+0000] {core_li.py:23} INFO - Successfully updated job requisition 66db04acbf0a19d8769e7fa4
[2024-09-06T17:47:35.697+0000] {core_li.py:23} INFO - Successfully updated job requisition 66db04acbf0a19d8769e7fa6
[2024-09-06T17:47:35.710+0000] {core_li.py:23} INFO - Successfully updated job requisition 66db04acbf0a19d8769e7fa8
[2024-09-06T17:47:35.740+0000] {core_li.py:23} INFO - Successfully updated job requisition 66db04acbf0a19d8769e7faa
[2024-09-06T17:47:35.752+0000] {core_li.py:23} INFO - Successfully updated job requisition 66db04acbf0a19d8769e7fac
[2024-09-06T17:47:35.762+0000] {core_li.py:23} INFO - Successfully updated job requisition 66db04acbf0a19d8769e7fae
[2024-09-06T17:47:35.770+0000] {core_li.py:23} INFO - Successfully updated job requisition 66db04acbf0a19d8769e7fb0
[2024-09-06T17:47:35.779+0000] {core_li.py:23} INFO - Successfully updated job requisition 66db04acbf0a19d8769e7fb2
[2024-09-06T17:47:35.786+0000] {core_li.py:23} INFO - Successfully updated job requisition 66db04acbf0a19d8769e7fb4
[2024-09-06T17:47:35.797+0000] {core_li.py:23} INFO - Successfully updated job requisition 66db04acbf0a19d8769e7fb6
[2024-09-06T17:47:35.810+0000] {core_li.py:23} INFO - Successfully updated job requisition 66db04acbf0a19d8769e7fb8
[2024-09-06T17:47:35.824+0000] {core_li.py:23} INFO - Successfully updated job requisition 66db04acbf0a19d8769e7fba
[2024-09-06T17:47:35.841+0000] {core_li.py:23} INFO - Successfully updated job requisition 66db04acbf0a19d8769e7fbc
[2024-09-06T17:47:35.854+0000] {core_li.py:23} INFO - Successfully updated job requisition 66db04acbf0a19d8769e7fbe
[2024-09-06T17:47:35.864+0000] {core_li.py:23} INFO - Successfully updated job requisition 66db04acbf0a19d8769e7fc0
[2024-09-06T17:47:35.874+0000] {core_li.py:23} INFO - Successfully updated job requisition 66db04acbf0a19d8769e7fc2
[2024-09-06T17:47:35.889+0000] {core_li.py:23} INFO - Successfully updated job requisition 66db04acbf0a19d8769e7fc4
[2024-09-06T17:47:35.900+0000] {core_li.py:23} INFO - Successfully updated job requisition 66db04acbf0a19d8769e7fc6
[2024-09-06T17:47:35.909+0000] {core_li.py:23} INFO - Successfully updated job requisition 66db04acbf0a19d8769e7fc8
[2024-09-06T17:47:35.918+0000] {core_li.py:23} INFO - Successfully updated job requisition 66db04acbf0a19d8769e7fca
[2024-09-06T17:47:35.926+0000] {core_li.py:23} INFO - Successfully updated job requisition 66db04acbf0a19d8769e7fcc
[2024-09-06T17:47:35.937+0000] {core_li.py:23} INFO - Successfully updated job requisition 66db04acbf0a19d8769e7fce
[2024-09-06T17:47:35.951+0000] {core_li.py:23} INFO - Successfully updated job requisition 66db04acbf0a19d8769e7fd0
[2024-09-06T17:47:35.961+0000] {core_li.py:23} INFO - Successfully updated job requisition 66db04acbf0a19d8769e7fd2
[2024-09-06T17:47:35.974+0000] {core_li.py:23} INFO - Successfully updated job requisition 66db04acbf0a19d8769e7fd4
[2024-09-06T17:47:35.983+0000] {core_li.py:23} INFO - Successfully updated job requisition 66db04acbf0a19d8769e7fd6
[2024-09-06T17:47:35.993+0000] {core_li.py:23} INFO - Successfully updated job requisition 66db04acbf0a19d8769e7fd8
[2024-09-06T17:47:36.006+0000] {core_li.py:23} INFO - Successfully updated job requisition 66db04acbf0a19d8769e7fda
[2024-09-06T17:47:36.017+0000] {core_li.py:23} INFO - Successfully updated job requisition 66db04acbf0a19d8769e7fdc
[2024-09-06T17:47:36.027+0000] {core_li.py:23} INFO - Successfully updated job requisition 66db04acbf0a19d8769e7fde
[2024-09-06T17:47:36.040+0000] {core_li.py:23} INFO - Successfully updated job requisition 66db04acbf0a19d8769e7fe0
[2024-09-06T17:47:36.059+0000] {core_li.py:23} INFO - Successfully updated job requisition 66db04acbf0a19d8769e7fe2
[2024-09-06T17:47:36.075+0000] {core_li.py:23} INFO - Successfully updated job requisition 66db04acbf0a19d8769e7fe4
[2024-09-06T17:47:36.086+0000] {core_li.py:23} INFO - Successfully updated job requisition 66db04acbf0a19d8769e7fe6
[2024-09-06T17:47:36.095+0000] {core_li.py:23} INFO - Successfully updated job requisition 66db04acbf0a19d8769e7fe8
[2024-09-06T17:47:36.108+0000] {core_li.py:23} INFO - Successfully updated job requisition 66db04acbf0a19d8769e7fea
[2024-09-06T17:47:36.123+0000] {core_li.py:23} INFO - Successfully updated job requisition 66db04acbf0a19d8769e7fec
[2024-09-06T17:47:36.132+0000] {core_li.py:23} INFO - Successfully updated job requisition 66db04acbf0a19d8769e7fee
[2024-09-06T17:47:36.140+0000] {core_li.py:23} INFO - Successfully updated job requisition 66db04acbf0a19d8769e7ff0
[2024-09-06T17:47:36.150+0000] {core_li.py:23} INFO - Successfully updated job requisition 66db04acbf0a19d8769e7ff2
[2024-09-06T17:47:36.168+0000] {core_li.py:23} INFO - Successfully updated job requisition 66db04acbf0a19d8769e7ff4
[2024-09-06T17:47:36.194+0000] {core_li.py:23} INFO - Successfully updated job requisition 66db04acbf0a19d8769e7ff6
[2024-09-06T17:47:36.220+0000] {core_li.py:23} INFO - Successfully updated job requisition 66db04acbf0a19d8769e7ff8
[2024-09-06T17:47:36.241+0000] {core_li.py:23} INFO - Successfully updated job requisition 66db04acbf0a19d8769e7ffa
[2024-09-06T17:47:36.265+0000] {core_li.py:23} INFO - Successfully updated job requisition 66db04acbf0a19d8769e7ffc
[2024-09-06T17:47:36.282+0000] {core_li.py:23} INFO - Successfully updated job requisition 66db04acbf0a19d8769e7ffe
[2024-09-06T17:47:36.295+0000] {core_li.py:23} INFO - Successfully updated job requisition 66db04acbf0a19d8769e8000
[2024-09-06T17:47:36.311+0000] {core_li.py:23} INFO - Successfully updated job requisition 66db04acbf0a19d8769e8002
[2024-09-06T17:47:36.327+0000] {core_li.py:23} INFO - Successfully updated job requisition 66db04acbf0a19d8769e8004
[2024-09-06T17:47:36.339+0000] {core_li.py:23} INFO - Successfully updated job requisition 66db04acbf0a19d8769e8006
[2024-09-06T17:47:36.348+0000] {core_li.py:23} INFO - Successfully updated job requisition 66db04acbf0a19d8769e8008
[2024-09-06T17:47:36.373+0000] {core_li.py:23} INFO - Successfully updated job requisition 66db04acbf0a19d8769e800a
[2024-09-06T17:47:36.394+0000] {core_li.py:23} INFO - Successfully updated job requisition 66db04acbf0a19d8769e800c
[2024-09-06T17:47:36.402+0000] {core_li.py:23} INFO - Successfully updated job requisition 66db04acbf0a19d8769e800e
[2024-09-06T17:47:36.411+0000] {core_li.py:23} INFO - Successfully updated job requisition 66db04acbf0a19d8769e8010
[2024-09-06T17:47:36.420+0000] {core_li.py:23} INFO - Successfully updated job requisition 66db04acbf0a19d8769e8012
[2024-09-06T17:47:36.429+0000] {core_li.py:23} INFO - Successfully updated job requisition 66db04acbf0a19d8769e8014
[2024-09-06T17:47:36.440+0000] {core_li.py:23} INFO - Successfully updated job requisition 66db04acbf0a19d8769e8016
[2024-09-06T17:47:36.452+0000] {core_li.py:23} INFO - Successfully updated job requisition 66db04acbf0a19d8769e8018
[2024-09-06T17:47:36.455+0000] {python.py:240} INFO - Done. Returned value was: 100
[2024-09-06T17:47:36.503+0000] {taskinstance.py:340} INFO - ::group::Post task execution logs
[2024-09-06T17:47:36.504+0000] {taskinstance.py:352} INFO - Marking task as SUCCESS. dag_id=async_flow, task_id=task_backfill_number_of_cancelled_candidates_in_batch, run_id=manual__2024-09-06T17:47:30.120511+00:00, map_index=30, execution_date=20240906T174730, start_date=20240906T174734, end_date=20240906T174736
[2024-09-06T17:47:36.542+0000] {local_task_job_runner.py:266} INFO - Task exited with return code 0
[2024-09-06T17:47:36.570+0000] {local_task_job_runner.py:245} INFO - ::endgroup::
