[2024-09-06T17:43:04.476+0000] {local_task_job_runner.py:123} INFO - ::group::Pre task execution logs
[2024-09-06T17:43:04.502+0000] {taskinstance.py:2612} INFO - Dependencies all met for dep_context=non-requeueable deps ti=<TaskInstance: async_flow.task_backfill_number_of_cancelled_candidates_in_batch manual__2024-09-06T17:43:02.727107+00:00 map_index=15 [queued]>
[2024-09-06T17:43:04.516+0000] {taskinstance.py:2612} INFO - Dependencies all met for dep_context=requeueable deps ti=<TaskInstance: async_flow.task_backfill_number_of_cancelled_candidates_in_batch manual__2024-09-06T17:43:02.727107+00:00 map_index=15 [queued]>
[2024-09-06T17:43:04.519+0000] {taskinstance.py:2865} INFO - Starting attempt 1 of 1
[2024-09-06T17:43:04.532+0000] {taskinstance.py:2888} INFO - Executing <Mapped(_PythonDecoratedOperator): task_backfill_number_of_cancelled_candidates_in_batch> on 2024-09-06 17:43:02.727107+00:00
[2024-09-06T17:43:04.538+0000] {warnings.py:112} WARNING - /home/***/.local/lib/python3.12/site-packages/***/task/task_runner/standard_task_runner.py:70: DeprecationWarning: This process (pid=88) is multi-threaded, use of fork() may lead to deadlocks in the child.
  pid = os.fork()

[2024-09-06T17:43:04.543+0000] {standard_task_runner.py:72} INFO - Started process 159 to run task
[2024-09-06T17:43:04.545+0000] {standard_task_runner.py:104} INFO - Running: ['***', 'tasks', 'run', 'async_flow', 'task_backfill_number_of_cancelled_candidates_in_batch', 'manual__2024-09-06T17:43:02.727107+00:00', '--job-id', '186', '--raw', '--subdir', 'DAGS_FOLDER/dags_async_flow.py', '--cfg-path', '/tmp/tmp57ow7cb_', '--map-index', '15']
[2024-09-06T17:43:04.547+0000] {standard_task_runner.py:105} INFO - Job 186: Subtask task_backfill_number_of_cancelled_candidates_in_batch
[2024-09-06T17:43:04.673+0000] {task_command.py:467} INFO - Running <TaskInstance: async_flow.task_backfill_number_of_cancelled_candidates_in_batch manual__2024-09-06T17:43:02.727107+00:00 map_index=15 [running]> on host 0817eb6c24af
[2024-09-06T17:43:04.961+0000] {taskinstance.py:3131} INFO - Exporting env vars: AIRFLOW_CTX_DAG_OWNER='***' AIRFLOW_CTX_DAG_ID='async_flow' AIRFLOW_CTX_TASK_ID='task_backfill_number_of_cancelled_candidates_in_batch' AIRFLOW_CTX_EXECUTION_DATE='2024-09-06T17:43:02.727107+00:00' AIRFLOW_CTX_TRY_NUMBER='1' AIRFLOW_CTX_DAG_RUN_ID='manual__2024-09-06T17:43:02.727107+00:00'
[2024-09-06T17:43:04.969+0000] {taskinstance.py:731} INFO - ::endgroup::
[2024-09-06T17:43:05.010+0000] {core_li.py:23} INFO - Successfully updated job requisition 66db04abbf0a19d8769e671a
[2024-09-06T17:43:05.029+0000] {core_li.py:23} INFO - Successfully updated job requisition 66db04abbf0a19d8769e671c
[2024-09-06T17:43:05.043+0000] {core_li.py:23} INFO - Successfully updated job requisition 66db04abbf0a19d8769e671e
[2024-09-06T17:43:05.059+0000] {core_li.py:23} INFO - Successfully updated job requisition 66db04abbf0a19d8769e6720
[2024-09-06T17:43:05.072+0000] {core_li.py:23} INFO - Successfully updated job requisition 66db04abbf0a19d8769e6722
[2024-09-06T17:43:05.082+0000] {core_li.py:23} INFO - Successfully updated job requisition 66db04abbf0a19d8769e6724
[2024-09-06T17:43:05.091+0000] {core_li.py:23} INFO - Successfully updated job requisition 66db04abbf0a19d8769e6726
[2024-09-06T17:43:05.102+0000] {core_li.py:23} INFO - Successfully updated job requisition 66db04abbf0a19d8769e6728
[2024-09-06T17:43:05.111+0000] {core_li.py:23} INFO - Successfully updated job requisition 66db04abbf0a19d8769e672a
[2024-09-06T17:43:05.122+0000] {core_li.py:23} INFO - Successfully updated job requisition 66db04abbf0a19d8769e672c
[2024-09-06T17:43:05.132+0000] {core_li.py:23} INFO - Successfully updated job requisition 66db04abbf0a19d8769e672e
[2024-09-06T17:43:05.144+0000] {core_li.py:23} INFO - Successfully updated job requisition 66db04abbf0a19d8769e6730
[2024-09-06T17:43:05.153+0000] {core_li.py:23} INFO - Successfully updated job requisition 66db04abbf0a19d8769e6732
[2024-09-06T17:43:05.160+0000] {core_li.py:23} INFO - Successfully updated job requisition 66db04abbf0a19d8769e6734
[2024-09-06T17:43:05.170+0000] {core_li.py:23} INFO - Successfully updated job requisition 66db04abbf0a19d8769e6736
[2024-09-06T17:43:05.178+0000] {core_li.py:23} INFO - Successfully updated job requisition 66db04abbf0a19d8769e6738
[2024-09-06T17:43:05.186+0000] {core_li.py:23} INFO - Successfully updated job requisition 66db04abbf0a19d8769e673a
[2024-09-06T17:43:05.198+0000] {core_li.py:23} INFO - Successfully updated job requisition 66db04abbf0a19d8769e673c
[2024-09-06T17:43:05.212+0000] {core_li.py:23} INFO - Successfully updated job requisition 66db04abbf0a19d8769e673e
[2024-09-06T17:43:05.221+0000] {core_li.py:23} INFO - Successfully updated job requisition 66db04abbf0a19d8769e6740
[2024-09-06T17:43:05.231+0000] {core_li.py:23} INFO - Successfully updated job requisition 66db04abbf0a19d8769e6742
[2024-09-06T17:43:05.238+0000] {core_li.py:23} INFO - Successfully updated job requisition 66db04abbf0a19d8769e6744
[2024-09-06T17:43:05.254+0000] {core_li.py:23} INFO - Successfully updated job requisition 66db04abbf0a19d8769e6746
[2024-09-06T17:43:05.271+0000] {core_li.py:23} INFO - Successfully updated job requisition 66db04abbf0a19d8769e6748
[2024-09-06T17:43:05.283+0000] {core_li.py:23} INFO - Successfully updated job requisition 66db04abbf0a19d8769e674a
[2024-09-06T17:43:05.296+0000] {core_li.py:23} INFO - Successfully updated job requisition 66db04abbf0a19d8769e674c
[2024-09-06T17:43:05.304+0000] {core_li.py:23} INFO - Successfully updated job requisition 66db04abbf0a19d8769e674e
[2024-09-06T17:43:05.313+0000] {core_li.py:23} INFO - Successfully updated job requisition 66db04abbf0a19d8769e6750
[2024-09-06T17:43:05.323+0000] {core_li.py:23} INFO - Successfully updated job requisition 66db04abbf0a19d8769e6752
[2024-09-06T17:43:05.330+0000] {core_li.py:23} INFO - Successfully updated job requisition 66db04abbf0a19d8769e6754
[2024-09-06T17:43:05.339+0000] {core_li.py:23} INFO - Successfully updated job requisition 66db04abbf0a19d8769e6756
[2024-09-06T17:43:05.350+0000] {core_li.py:23} INFO - Successfully updated job requisition 66db04abbf0a19d8769e6758
[2024-09-06T17:43:05.361+0000] {core_li.py:23} INFO - Successfully updated job requisition 66db04abbf0a19d8769e675a
[2024-09-06T17:43:05.372+0000] {core_li.py:23} INFO - Successfully updated job requisition 66db04abbf0a19d8769e675c
[2024-09-06T17:43:05.379+0000] {core_li.py:23} INFO - Successfully updated job requisition 66db04abbf0a19d8769e675e
[2024-09-06T17:43:05.386+0000] {core_li.py:23} INFO - Successfully updated job requisition 66db04abbf0a19d8769e6760
[2024-09-06T17:43:05.394+0000] {core_li.py:23} INFO - Successfully updated job requisition 66db04abbf0a19d8769e6762
[2024-09-06T17:43:05.401+0000] {core_li.py:23} INFO - Successfully updated job requisition 66db04abbf0a19d8769e6764
[2024-09-06T17:43:05.414+0000] {core_li.py:23} INFO - Successfully updated job requisition 66db04abbf0a19d8769e6766
[2024-09-06T17:43:05.422+0000] {core_li.py:23} INFO - Successfully updated job requisition 66db04abbf0a19d8769e6768
[2024-09-06T17:43:05.431+0000] {core_li.py:23} INFO - Successfully updated job requisition 66db04abbf0a19d8769e676a
[2024-09-06T17:43:05.438+0000] {core_li.py:23} INFO - Successfully updated job requisition 66db04abbf0a19d8769e676c
[2024-09-06T17:43:05.447+0000] {core_li.py:23} INFO - Successfully updated job requisition 66db04abbf0a19d8769e676e
[2024-09-06T17:43:05.459+0000] {core_li.py:23} INFO - Successfully updated job requisition 66db04abbf0a19d8769e6770
[2024-09-06T17:43:05.467+0000] {core_li.py:23} INFO - Successfully updated job requisition 66db04abbf0a19d8769e6772
[2024-09-06T17:43:05.478+0000] {core_li.py:23} INFO - Successfully updated job requisition 66db04abbf0a19d8769e6774
[2024-09-06T17:43:05.489+0000] {core_li.py:23} INFO - Successfully updated job requisition 66db04abbf0a19d8769e6776
[2024-09-06T17:43:05.501+0000] {core_li.py:23} INFO - Successfully updated job requisition 66db04abbf0a19d8769e6778
[2024-09-06T17:43:05.509+0000] {core_li.py:23} INFO - Successfully updated job requisition 66db04abbf0a19d8769e677a
[2024-09-06T17:43:05.516+0000] {core_li.py:23} INFO - Successfully updated job requisition 66db04abbf0a19d8769e677c
[2024-09-06T17:43:05.523+0000] {core_li.py:23} INFO - Successfully updated job requisition 66db04abbf0a19d8769e677e
[2024-09-06T17:43:05.543+0000] {core_li.py:23} INFO - Successfully updated job requisition 66db04abbf0a19d8769e6780
[2024-09-06T17:43:05.554+0000] {core_li.py:23} INFO - Successfully updated job requisition 66db04abbf0a19d8769e6782
[2024-09-06T17:43:05.564+0000] {core_li.py:23} INFO - Successfully updated job requisition 66db04abbf0a19d8769e6784
[2024-09-06T17:43:05.577+0000] {core_li.py:23} INFO - Successfully updated job requisition 66db04abbf0a19d8769e6786
[2024-09-06T17:43:05.589+0000] {core_li.py:23} INFO - Successfully updated job requisition 66db04abbf0a19d8769e6788
[2024-09-06T17:43:05.603+0000] {core_li.py:23} INFO - Successfully updated job requisition 66db04abbf0a19d8769e678a
[2024-09-06T17:43:05.616+0000] {core_li.py:23} INFO - Successfully updated job requisition 66db04abbf0a19d8769e678c
[2024-09-06T17:43:05.628+0000] {core_li.py:23} INFO - Successfully updated job requisition 66db04abbf0a19d8769e678e
[2024-09-06T17:43:05.649+0000] {core_li.py:23} INFO - Successfully updated job requisition 66db04abbf0a19d8769e6790
[2024-09-06T17:43:05.692+0000] {core_li.py:23} INFO - Successfully updated job requisition 66db04abbf0a19d8769e6792
[2024-09-06T17:43:05.727+0000] {core_li.py:23} INFO - Successfully updated job requisition 66db04abbf0a19d8769e6794
[2024-09-06T17:43:05.745+0000] {core_li.py:23} INFO - Successfully updated job requisition 66db04abbf0a19d8769e6796
[2024-09-06T17:43:05.758+0000] {core_li.py:23} INFO - Successfully updated job requisition 66db04abbf0a19d8769e6798
[2024-09-06T17:43:05.778+0000] {core_li.py:23} INFO - Successfully updated job requisition 66db04abbf0a19d8769e679a
[2024-09-06T17:43:05.803+0000] {core_li.py:23} INFO - Successfully updated job requisition 66db04abbf0a19d8769e679c
[2024-09-06T17:43:05.817+0000] {core_li.py:23} INFO - Successfully updated job requisition 66db04abbf0a19d8769e679e
[2024-09-06T17:43:05.830+0000] {core_li.py:23} INFO - Successfully updated job requisition 66db04abbf0a19d8769e67a0
[2024-09-06T17:43:05.844+0000] {core_li.py:23} INFO - Successfully updated job requisition 66db04abbf0a19d8769e67a2
[2024-09-06T17:43:05.857+0000] {core_li.py:23} INFO - Successfully updated job requisition 66db04abbf0a19d8769e67a4
[2024-09-06T17:43:05.871+0000] {core_li.py:23} INFO - Successfully updated job requisition 66db04abbf0a19d8769e67a6
[2024-09-06T17:43:05.891+0000] {core_li.py:23} INFO - Successfully updated job requisition 66db04abbf0a19d8769e67a8
[2024-09-06T17:43:05.900+0000] {core_li.py:23} INFO - Successfully updated job requisition 66db04abbf0a19d8769e67aa
[2024-09-06T17:43:05.911+0000] {core_li.py:23} INFO - Successfully updated job requisition 66db04abbf0a19d8769e67ac
[2024-09-06T17:43:05.925+0000] {core_li.py:23} INFO - Successfully updated job requisition 66db04abbf0a19d8769e67ae
[2024-09-06T17:43:05.940+0000] {core_li.py:23} INFO - Successfully updated job requisition 66db04abbf0a19d8769e67b0
[2024-09-06T17:43:05.949+0000] {core_li.py:23} INFO - Successfully updated job requisition 66db04abbf0a19d8769e67b2
[2024-09-06T17:43:05.961+0000] {core_li.py:23} INFO - Successfully updated job requisition 66db04abbf0a19d8769e67b4
[2024-09-06T17:43:05.971+0000] {core_li.py:23} INFO - Successfully updated job requisition 66db04abbf0a19d8769e67b6
[2024-09-06T17:43:05.988+0000] {core_li.py:23} INFO - Successfully updated job requisition 66db04abbf0a19d8769e67b8
[2024-09-06T17:43:06.011+0000] {core_li.py:23} INFO - Successfully updated job requisition 66db04abbf0a19d8769e67ba
[2024-09-06T17:43:06.021+0000] {core_li.py:23} INFO - Successfully updated job requisition 66db04abbf0a19d8769e67bc
[2024-09-06T17:43:06.030+0000] {core_li.py:23} INFO - Successfully updated job requisition 66db04abbf0a19d8769e67be
[2024-09-06T17:43:06.036+0000] {core_li.py:23} INFO - Successfully updated job requisition 66db04abbf0a19d8769e67c0
[2024-09-06T17:43:06.045+0000] {core_li.py:23} INFO - Successfully updated job requisition 66db04abbf0a19d8769e67c2
[2024-09-06T17:43:06.053+0000] {core_li.py:23} INFO - Successfully updated job requisition 66db04abbf0a19d8769e67c4
[2024-09-06T17:43:06.063+0000] {core_li.py:23} INFO - Successfully updated job requisition 66db04abbf0a19d8769e67c6
[2024-09-06T17:43:06.072+0000] {core_li.py:23} INFO - Successfully updated job requisition 66db04abbf0a19d8769e67c8
[2024-09-06T17:43:06.085+0000] {core_li.py:23} INFO - Successfully updated job requisition 66db04abbf0a19d8769e67ca
[2024-09-06T17:43:06.094+0000] {core_li.py:23} INFO - Successfully updated job requisition 66db04abbf0a19d8769e67cc
[2024-09-06T17:43:06.102+0000] {core_li.py:23} INFO - Successfully updated job requisition 66db04abbf0a19d8769e67ce
[2024-09-06T17:43:06.110+0000] {core_li.py:23} INFO - Successfully updated job requisition 66db04abbf0a19d8769e67d0
[2024-09-06T17:43:06.119+0000] {core_li.py:23} INFO - Successfully updated job requisition 66db04abbf0a19d8769e67d2
[2024-09-06T17:43:06.127+0000] {core_li.py:23} INFO - Successfully updated job requisition 66db04abbf0a19d8769e67d4
[2024-09-06T17:43:06.139+0000] {core_li.py:23} INFO - Successfully updated job requisition 66db04abbf0a19d8769e67d6
[2024-09-06T17:43:06.147+0000] {core_li.py:23} INFO - Successfully updated job requisition 66db04abbf0a19d8769e67d8
[2024-09-06T17:43:06.161+0000] {core_li.py:23} INFO - Successfully updated job requisition 66db04abbf0a19d8769e67da
[2024-09-06T17:43:06.168+0000] {core_li.py:23} INFO - Successfully updated job requisition 66db04abbf0a19d8769e67dc
[2024-09-06T17:43:06.179+0000] {core_li.py:23} INFO - Successfully updated job requisition 66db04abbf0a19d8769e67de
[2024-09-06T17:43:06.192+0000] {core_li.py:23} INFO - Successfully updated job requisition 66db04abbf0a19d8769e67e0
[2024-09-06T17:43:06.196+0000] {python.py:240} INFO - Done. Returned value was: 100
[2024-09-06T17:43:06.222+0000] {taskinstance.py:340} INFO - ::group::Post task execution logs
[2024-09-06T17:43:06.225+0000] {taskinstance.py:352} INFO - Marking task as SUCCESS. dag_id=async_flow, task_id=task_backfill_number_of_cancelled_candidates_in_batch, run_id=manual__2024-09-06T17:43:02.727107+00:00, map_index=15, execution_date=20240906T174302, start_date=20240906T174304, end_date=20240906T174306
[2024-09-06T17:43:06.266+0000] {local_task_job_runner.py:266} INFO - Task exited with return code 0
[2024-09-06T17:43:06.294+0000] {local_task_job_runner.py:245} INFO - ::endgroup::
