[2024-09-06T17:45:48.111+0000] {local_task_job_runner.py:123} INFO - ::group::Pre task execution logs
[2024-09-06T17:45:48.175+0000] {taskinstance.py:2612} INFO - Dependencies all met for dep_context=non-requeueable deps ti=<TaskInstance: async_flow.task_backfill_number_of_cancelled_candidates_in_batch manual__2024-09-06T17:29:39.458358+00:00 map_index=15 [queued]>
[2024-09-06T17:45:48.209+0000] {taskinstance.py:2612} INFO - Dependencies all met for dep_context=requeueable deps ti=<TaskInstance: async_flow.task_backfill_number_of_cancelled_candidates_in_batch manual__2024-09-06T17:29:39.458358+00:00 map_index=15 [queued]>
[2024-09-06T17:45:48.211+0000] {taskinstance.py:2865} INFO - Starting attempt 2 of 2
[2024-09-06T17:45:48.251+0000] {taskinstance.py:2888} INFO - Executing <Mapped(_PythonDecoratedOperator): task_backfill_number_of_cancelled_candidates_in_batch> on 2024-09-06 17:29:39.458358+00:00
[2024-09-06T17:45:48.258+0000] {warnings.py:112} WARNING - /home/***/.local/lib/python3.12/site-packages/***/task/task_runner/standard_task_runner.py:70: DeprecationWarning: This process (pid=426) is multi-threaded, use of fork() may lead to deadlocks in the child.
  pid = os.fork()

[2024-09-06T17:45:48.262+0000] {standard_task_runner.py:104} INFO - Running: ['***', 'tasks', 'run', 'async_flow', 'task_backfill_number_of_cancelled_candidates_in_batch', 'manual__2024-09-06T17:29:39.458358+00:00', '--job-id', '231', '--raw', '--subdir', 'DAGS_FOLDER/dags_async_flow.py', '--cfg-path', '/tmp/tmp4o1hme4_', '--map-index', '15']
[2024-09-06T17:45:48.263+0000] {standard_task_runner.py:105} INFO - Job 231: Subtask task_backfill_number_of_cancelled_candidates_in_batch
[2024-09-06T17:45:48.262+0000] {standard_task_runner.py:72} INFO - Started process 502 to run task
[2024-09-06T17:45:48.330+0000] {task_command.py:467} INFO - Running <TaskInstance: async_flow.task_backfill_number_of_cancelled_candidates_in_batch manual__2024-09-06T17:29:39.458358+00:00 map_index=15 [running]> on host 0817eb6c24af
[2024-09-06T17:45:48.445+0000] {taskinstance.py:3131} INFO - Exporting env vars: AIRFLOW_CTX_DAG_OWNER='***' AIRFLOW_CTX_DAG_ID='async_flow' AIRFLOW_CTX_TASK_ID='task_backfill_number_of_cancelled_candidates_in_batch' AIRFLOW_CTX_EXECUTION_DATE='2024-09-06T17:29:39.458358+00:00' AIRFLOW_CTX_TRY_NUMBER='2' AIRFLOW_CTX_DAG_RUN_ID='manual__2024-09-06T17:29:39.458358+00:00'
[2024-09-06T17:45:48.449+0000] {taskinstance.py:731} INFO - ::endgroup::
[2024-09-06T17:45:48.464+0000] {core_li.py:23} INFO - Successfully updated job requisition 66db04abbf0a19d8769e671a
[2024-09-06T17:45:48.487+0000] {core_li.py:23} INFO - Successfully updated job requisition 66db04abbf0a19d8769e671c
[2024-09-06T17:45:48.503+0000] {core_li.py:23} INFO - Successfully updated job requisition 66db04abbf0a19d8769e671e
[2024-09-06T17:45:48.546+0000] {core_li.py:23} INFO - Successfully updated job requisition 66db04abbf0a19d8769e6720
[2024-09-06T17:45:48.559+0000] {core_li.py:23} INFO - Successfully updated job requisition 66db04abbf0a19d8769e6722
[2024-09-06T17:45:48.571+0000] {core_li.py:23} INFO - Successfully updated job requisition 66db04abbf0a19d8769e6724
[2024-09-06T17:45:48.584+0000] {core_li.py:23} INFO - Successfully updated job requisition 66db04abbf0a19d8769e6726
[2024-09-06T17:45:48.601+0000] {core_li.py:23} INFO - Successfully updated job requisition 66db04abbf0a19d8769e6728
[2024-09-06T17:45:48.613+0000] {core_li.py:23} INFO - Successfully updated job requisition 66db04abbf0a19d8769e672a
[2024-09-06T17:45:48.627+0000] {core_li.py:23} INFO - Successfully updated job requisition 66db04abbf0a19d8769e672c
[2024-09-06T17:45:48.640+0000] {core_li.py:23} INFO - Successfully updated job requisition 66db04abbf0a19d8769e672e
[2024-09-06T17:45:48.653+0000] {core_li.py:23} INFO - Successfully updated job requisition 66db04abbf0a19d8769e6730
[2024-09-06T17:45:48.663+0000] {core_li.py:23} INFO - Successfully updated job requisition 66db04abbf0a19d8769e6732
[2024-09-06T17:45:48.686+0000] {core_li.py:23} INFO - Successfully updated job requisition 66db04abbf0a19d8769e6734
[2024-09-06T17:45:48.697+0000] {core_li.py:23} INFO - Successfully updated job requisition 66db04abbf0a19d8769e6736
[2024-09-06T17:45:48.712+0000] {core_li.py:23} INFO - Successfully updated job requisition 66db04abbf0a19d8769e6738
[2024-09-06T17:45:48.725+0000] {core_li.py:23} INFO - Successfully updated job requisition 66db04abbf0a19d8769e673a
[2024-09-06T17:45:48.738+0000] {core_li.py:23} INFO - Successfully updated job requisition 66db04abbf0a19d8769e673c
[2024-09-06T17:45:48.753+0000] {core_li.py:23} INFO - Successfully updated job requisition 66db04abbf0a19d8769e673e
[2024-09-06T17:45:48.770+0000] {core_li.py:23} INFO - Successfully updated job requisition 66db04abbf0a19d8769e6740
[2024-09-06T17:45:48.781+0000] {core_li.py:23} INFO - Successfully updated job requisition 66db04abbf0a19d8769e6742
[2024-09-06T17:45:48.792+0000] {core_li.py:23} INFO - Successfully updated job requisition 66db04abbf0a19d8769e6744
[2024-09-06T17:45:48.804+0000] {core_li.py:23} INFO - Successfully updated job requisition 66db04abbf0a19d8769e6746
[2024-09-06T17:45:48.821+0000] {core_li.py:23} INFO - Successfully updated job requisition 66db04abbf0a19d8769e6748
[2024-09-06T17:45:48.843+0000] {core_li.py:23} INFO - Successfully updated job requisition 66db04abbf0a19d8769e674a
[2024-09-06T17:45:48.860+0000] {core_li.py:23} INFO - Successfully updated job requisition 66db04abbf0a19d8769e674c
[2024-09-06T17:45:48.872+0000] {core_li.py:23} INFO - Successfully updated job requisition 66db04abbf0a19d8769e674e
[2024-09-06T17:45:48.887+0000] {core_li.py:23} INFO - Successfully updated job requisition 66db04abbf0a19d8769e6750
[2024-09-06T17:45:48.900+0000] {core_li.py:23} INFO - Successfully updated job requisition 66db04abbf0a19d8769e6752
[2024-09-06T17:45:48.918+0000] {core_li.py:23} INFO - Successfully updated job requisition 66db04abbf0a19d8769e6754
[2024-09-06T17:45:48.928+0000] {core_li.py:23} INFO - Successfully updated job requisition 66db04abbf0a19d8769e6756
[2024-09-06T17:45:48.957+0000] {core_li.py:23} INFO - Successfully updated job requisition 66db04abbf0a19d8769e6758
[2024-09-06T17:45:48.977+0000] {core_li.py:23} INFO - Successfully updated job requisition 66db04abbf0a19d8769e675a
[2024-09-06T17:45:48.995+0000] {core_li.py:23} INFO - Successfully updated job requisition 66db04abbf0a19d8769e675c
[2024-09-06T17:45:49.024+0000] {core_li.py:23} INFO - Successfully updated job requisition 66db04abbf0a19d8769e675e
[2024-09-06T17:45:49.043+0000] {core_li.py:23} INFO - Successfully updated job requisition 66db04abbf0a19d8769e6760
[2024-09-06T17:45:49.065+0000] {core_li.py:23} INFO - Successfully updated job requisition 66db04abbf0a19d8769e6762
[2024-09-06T17:45:49.096+0000] {core_li.py:23} INFO - Successfully updated job requisition 66db04abbf0a19d8769e6764
[2024-09-06T17:45:49.106+0000] {core_li.py:23} INFO - Successfully updated job requisition 66db04abbf0a19d8769e6766
[2024-09-06T17:45:49.119+0000] {core_li.py:23} INFO - Successfully updated job requisition 66db04abbf0a19d8769e6768
[2024-09-06T17:45:49.135+0000] {core_li.py:23} INFO - Successfully updated job requisition 66db04abbf0a19d8769e676a
[2024-09-06T17:45:49.144+0000] {core_li.py:23} INFO - Successfully updated job requisition 66db04abbf0a19d8769e676c
[2024-09-06T17:45:49.156+0000] {core_li.py:23} INFO - Successfully updated job requisition 66db04abbf0a19d8769e676e
[2024-09-06T17:45:49.168+0000] {core_li.py:23} INFO - Successfully updated job requisition 66db04abbf0a19d8769e6770
[2024-09-06T17:45:49.177+0000] {core_li.py:23} INFO - Successfully updated job requisition 66db04abbf0a19d8769e6772
[2024-09-06T17:45:49.189+0000] {core_li.py:23} INFO - Successfully updated job requisition 66db04abbf0a19d8769e6774
[2024-09-06T17:45:49.196+0000] {core_li.py:23} INFO - Successfully updated job requisition 66db04abbf0a19d8769e6776
[2024-09-06T17:45:49.210+0000] {core_li.py:23} INFO - Successfully updated job requisition 66db04abbf0a19d8769e6778
[2024-09-06T17:45:49.220+0000] {core_li.py:23} INFO - Successfully updated job requisition 66db04abbf0a19d8769e677a
[2024-09-06T17:45:49.231+0000] {core_li.py:23} INFO - Successfully updated job requisition 66db04abbf0a19d8769e677c
[2024-09-06T17:45:49.240+0000] {core_li.py:23} INFO - Successfully updated job requisition 66db04abbf0a19d8769e677e
[2024-09-06T17:45:49.249+0000] {core_li.py:23} INFO - Successfully updated job requisition 66db04abbf0a19d8769e6780
[2024-09-06T17:45:49.257+0000] {core_li.py:23} INFO - Successfully updated job requisition 66db04abbf0a19d8769e6782
[2024-09-06T17:45:49.267+0000] {core_li.py:23} INFO - Successfully updated job requisition 66db04abbf0a19d8769e6784
[2024-09-06T17:45:49.276+0000] {core_li.py:23} INFO - Successfully updated job requisition 66db04abbf0a19d8769e6786
[2024-09-06T17:45:49.296+0000] {core_li.py:23} INFO - Successfully updated job requisition 66db04abbf0a19d8769e6788
[2024-09-06T17:45:49.306+0000] {core_li.py:23} INFO - Successfully updated job requisition 66db04abbf0a19d8769e678a
[2024-09-06T17:45:49.324+0000] {core_li.py:23} INFO - Successfully updated job requisition 66db04abbf0a19d8769e678c
[2024-09-06T17:45:49.340+0000] {core_li.py:23} INFO - Successfully updated job requisition 66db04abbf0a19d8769e678e
[2024-09-06T17:45:49.351+0000] {core_li.py:23} INFO - Successfully updated job requisition 66db04abbf0a19d8769e6790
[2024-09-06T17:45:49.368+0000] {core_li.py:23} INFO - Successfully updated job requisition 66db04abbf0a19d8769e6792
[2024-09-06T17:45:49.380+0000] {core_li.py:23} INFO - Successfully updated job requisition 66db04abbf0a19d8769e6794
[2024-09-06T17:45:49.389+0000] {core_li.py:23} INFO - Successfully updated job requisition 66db04abbf0a19d8769e6796
[2024-09-06T17:45:49.397+0000] {core_li.py:23} INFO - Successfully updated job requisition 66db04abbf0a19d8769e6798
[2024-09-06T17:45:49.408+0000] {core_li.py:23} INFO - Successfully updated job requisition 66db04abbf0a19d8769e679a
[2024-09-06T17:45:49.419+0000] {core_li.py:23} INFO - Successfully updated job requisition 66db04abbf0a19d8769e679c
[2024-09-06T17:45:49.428+0000] {core_li.py:23} INFO - Successfully updated job requisition 66db04abbf0a19d8769e679e
[2024-09-06T17:45:49.443+0000] {core_li.py:23} INFO - Successfully updated job requisition 66db04abbf0a19d8769e67a0
[2024-09-06T17:45:49.471+0000] {core_li.py:23} INFO - Successfully updated job requisition 66db04abbf0a19d8769e67a2
[2024-09-06T17:45:49.486+0000] {core_li.py:23} INFO - Successfully updated job requisition 66db04abbf0a19d8769e67a4
[2024-09-06T17:45:49.493+0000] {core_li.py:23} INFO - Successfully updated job requisition 66db04abbf0a19d8769e67a6
[2024-09-06T17:45:49.504+0000] {core_li.py:23} INFO - Successfully updated job requisition 66db04abbf0a19d8769e67a8
[2024-09-06T17:45:49.513+0000] {core_li.py:23} INFO - Successfully updated job requisition 66db04abbf0a19d8769e67aa
[2024-09-06T17:45:49.521+0000] {core_li.py:23} INFO - Successfully updated job requisition 66db04abbf0a19d8769e67ac
[2024-09-06T17:45:49.532+0000] {core_li.py:23} INFO - Successfully updated job requisition 66db04abbf0a19d8769e67ae
[2024-09-06T17:45:49.539+0000] {core_li.py:23} INFO - Successfully updated job requisition 66db04abbf0a19d8769e67b0
[2024-09-06T17:45:49.550+0000] {core_li.py:23} INFO - Successfully updated job requisition 66db04abbf0a19d8769e67b2
[2024-09-06T17:45:49.560+0000] {core_li.py:23} INFO - Successfully updated job requisition 66db04abbf0a19d8769e67b4
[2024-09-06T17:45:49.575+0000] {core_li.py:23} INFO - Successfully updated job requisition 66db04abbf0a19d8769e67b6
[2024-09-06T17:45:49.586+0000] {core_li.py:23} INFO - Successfully updated job requisition 66db04abbf0a19d8769e67b8
[2024-09-06T17:45:49.598+0000] {core_li.py:23} INFO - Successfully updated job requisition 66db04abbf0a19d8769e67ba
[2024-09-06T17:45:49.611+0000] {core_li.py:23} INFO - Successfully updated job requisition 66db04abbf0a19d8769e67bc
[2024-09-06T17:45:49.624+0000] {core_li.py:23} INFO - Successfully updated job requisition 66db04abbf0a19d8769e67be
[2024-09-06T17:45:49.635+0000] {core_li.py:23} INFO - Successfully updated job requisition 66db04abbf0a19d8769e67c0
[2024-09-06T17:45:49.643+0000] {core_li.py:23} INFO - Successfully updated job requisition 66db04abbf0a19d8769e67c2
[2024-09-06T17:45:49.659+0000] {core_li.py:23} INFO - Successfully updated job requisition 66db04abbf0a19d8769e67c4
[2024-09-06T17:45:49.669+0000] {core_li.py:23} INFO - Successfully updated job requisition 66db04abbf0a19d8769e67c6
[2024-09-06T17:45:49.676+0000] {core_li.py:23} INFO - Successfully updated job requisition 66db04abbf0a19d8769e67c8
[2024-09-06T17:45:49.686+0000] {core_li.py:23} INFO - Successfully updated job requisition 66db04abbf0a19d8769e67ca
[2024-09-06T17:45:49.697+0000] {core_li.py:23} INFO - Successfully updated job requisition 66db04abbf0a19d8769e67cc
[2024-09-06T17:45:49.705+0000] {core_li.py:23} INFO - Successfully updated job requisition 66db04abbf0a19d8769e67ce
[2024-09-06T17:45:49.716+0000] {core_li.py:23} INFO - Successfully updated job requisition 66db04abbf0a19d8769e67d0
[2024-09-06T17:45:49.723+0000] {core_li.py:23} INFO - Successfully updated job requisition 66db04abbf0a19d8769e67d2
[2024-09-06T17:45:49.730+0000] {core_li.py:23} INFO - Successfully updated job requisition 66db04abbf0a19d8769e67d4
[2024-09-06T17:45:49.740+0000] {core_li.py:23} INFO - Successfully updated job requisition 66db04abbf0a19d8769e67d6
[2024-09-06T17:45:49.749+0000] {core_li.py:23} INFO - Successfully updated job requisition 66db04abbf0a19d8769e67d8
[2024-09-06T17:45:49.757+0000] {core_li.py:23} INFO - Successfully updated job requisition 66db04abbf0a19d8769e67da
[2024-09-06T17:45:49.765+0000] {core_li.py:23} INFO - Successfully updated job requisition 66db04abbf0a19d8769e67dc
[2024-09-06T17:45:49.775+0000] {core_li.py:23} INFO - Successfully updated job requisition 66db04abbf0a19d8769e67de
[2024-09-06T17:45:49.784+0000] {core_li.py:23} INFO - Successfully updated job requisition 66db04abbf0a19d8769e67e0
[2024-09-06T17:45:49.785+0000] {python.py:240} INFO - Done. Returned value was: 100
[2024-09-06T17:45:49.809+0000] {taskinstance.py:340} INFO - ::group::Post task execution logs
[2024-09-06T17:45:49.810+0000] {taskinstance.py:352} INFO - Marking task as SUCCESS. dag_id=async_flow, task_id=task_backfill_number_of_cancelled_candidates_in_batch, run_id=manual__2024-09-06T17:29:39.458358+00:00, map_index=15, execution_date=20240906T172939, start_date=20240906T174548, end_date=20240906T174549
[2024-09-06T17:45:49.854+0000] {local_task_job_runner.py:266} INFO - Task exited with return code 0
[2024-09-06T17:45:49.861+0000] {local_task_job_runner.py:245} INFO - ::endgroup::
