[2024-09-06T17:29:41.833+0000] {local_task_job_runner.py:123} INFO - ::group::Pre task execution logs
[2024-09-06T17:29:41.889+0000] {taskinstance.py:2612} INFO - Dependencies all met for dep_context=non-requeueable deps ti=<TaskInstance: async_flow.task_backfill_number_of_cancelled_candidates_in_batch manual__2024-09-06T17:29:39.458358+00:00 map_index=15 [queued]>
[2024-09-06T17:29:41.909+0000] {taskinstance.py:2612} INFO - Dependencies all met for dep_context=requeueable deps ti=<TaskInstance: async_flow.task_backfill_number_of_cancelled_candidates_in_batch manual__2024-09-06T17:29:39.458358+00:00 map_index=15 [queued]>
[2024-09-06T17:29:41.910+0000] {taskinstance.py:2865} INFO - Starting attempt 1 of 1
[2024-09-06T17:29:41.944+0000] {taskinstance.py:2888} INFO - Executing <Mapped(_PythonDecoratedOperator): task_backfill_number_of_cancelled_candidates_in_batch> on 2024-09-06 17:29:39.458358+00:00
[2024-09-06T17:29:41.950+0000] {warnings.py:112} WARNING - /home/***/.local/lib/python3.12/site-packages/***/task/task_runner/standard_task_runner.py:70: DeprecationWarning: This process (pid=3129) is multi-threaded, use of fork() may lead to deadlocks in the child.
  pid = os.fork()

[2024-09-06T17:29:41.957+0000] {standard_task_runner.py:72} INFO - Started process 3197 to run task
[2024-09-06T17:29:41.965+0000] {standard_task_runner.py:104} INFO - Running: ['***', 'tasks', 'run', 'async_flow', 'task_backfill_number_of_cancelled_candidates_in_batch', 'manual__2024-09-06T17:29:39.458358+00:00', '--job-id', '128', '--raw', '--subdir', 'DAGS_FOLDER/dags_async_flow.py', '--cfg-path', '/tmp/tmpni2tlq7f', '--map-index', '15']
[2024-09-06T17:29:41.983+0000] {standard_task_runner.py:105} INFO - Job 128: Subtask task_backfill_number_of_cancelled_candidates_in_batch
[2024-09-06T17:29:42.091+0000] {task_command.py:467} INFO - Running <TaskInstance: async_flow.task_backfill_number_of_cancelled_candidates_in_batch manual__2024-09-06T17:29:39.458358+00:00 map_index=15 [running]> on host a3a5f1897683
[2024-09-06T17:29:42.353+0000] {taskinstance.py:3131} INFO - Exporting env vars: AIRFLOW_CTX_DAG_OWNER='***' AIRFLOW_CTX_DAG_ID='async_flow' AIRFLOW_CTX_TASK_ID='task_backfill_number_of_cancelled_candidates_in_batch' AIRFLOW_CTX_EXECUTION_DATE='2024-09-06T17:29:39.458358+00:00' AIRFLOW_CTX_TRY_NUMBER='1' AIRFLOW_CTX_DAG_RUN_ID='manual__2024-09-06T17:29:39.458358+00:00'
[2024-09-06T17:29:42.356+0000] {taskinstance.py:731} INFO - ::endgroup::
[2024-09-06T17:29:42.391+0000] {core_li.py:23} INFO - Successfully updated job requisition 66db04abbf0a19d8769e671a
[2024-09-06T17:29:42.399+0000] {core_li.py:23} INFO - Successfully updated job requisition 66db04abbf0a19d8769e671c
[2024-09-06T17:29:42.424+0000] {core_li.py:23} INFO - Successfully updated job requisition 66db04abbf0a19d8769e671e
[2024-09-06T17:29:42.446+0000] {core_li.py:23} INFO - Successfully updated job requisition 66db04abbf0a19d8769e6720
[2024-09-06T17:29:42.463+0000] {core_li.py:23} INFO - Successfully updated job requisition 66db04abbf0a19d8769e6722
[2024-09-06T17:29:42.475+0000] {core_li.py:23} INFO - Successfully updated job requisition 66db04abbf0a19d8769e6724
[2024-09-06T17:29:42.496+0000] {core_li.py:23} INFO - Successfully updated job requisition 66db04abbf0a19d8769e6726
[2024-09-06T17:29:42.510+0000] {core_li.py:23} INFO - Successfully updated job requisition 66db04abbf0a19d8769e6728
[2024-09-06T17:29:42.531+0000] {core_li.py:23} INFO - Successfully updated job requisition 66db04abbf0a19d8769e672a
[2024-09-06T17:29:42.542+0000] {core_li.py:23} INFO - Successfully updated job requisition 66db04abbf0a19d8769e672c
[2024-09-06T17:29:42.556+0000] {core_li.py:23} INFO - Successfully updated job requisition 66db04abbf0a19d8769e672e
[2024-09-06T17:29:42.570+0000] {core_li.py:23} INFO - Successfully updated job requisition 66db04abbf0a19d8769e6730
[2024-09-06T17:29:42.579+0000] {core_li.py:23} INFO - Successfully updated job requisition 66db04abbf0a19d8769e6732
[2024-09-06T17:29:42.601+0000] {core_li.py:23} INFO - Successfully updated job requisition 66db04abbf0a19d8769e6734
[2024-09-06T17:29:42.615+0000] {core_li.py:23} INFO - Successfully updated job requisition 66db04abbf0a19d8769e6736
[2024-09-06T17:29:42.625+0000] {core_li.py:23} INFO - Successfully updated job requisition 66db04abbf0a19d8769e6738
[2024-09-06T17:29:42.643+0000] {core_li.py:23} INFO - Successfully updated job requisition 66db04abbf0a19d8769e673a
[2024-09-06T17:29:42.652+0000] {core_li.py:23} INFO - Successfully updated job requisition 66db04abbf0a19d8769e673c
[2024-09-06T17:29:42.662+0000] {core_li.py:23} INFO - Successfully updated job requisition 66db04abbf0a19d8769e673e
[2024-09-06T17:29:42.674+0000] {core_li.py:23} INFO - Successfully updated job requisition 66db04abbf0a19d8769e6740
[2024-09-06T17:29:42.684+0000] {core_li.py:23} INFO - Successfully updated job requisition 66db04abbf0a19d8769e6742
[2024-09-06T17:29:42.706+0000] {core_li.py:23} INFO - Successfully updated job requisition 66db04abbf0a19d8769e6744
[2024-09-06T17:29:42.716+0000] {core_li.py:23} INFO - Successfully updated job requisition 66db04abbf0a19d8769e6746
[2024-09-06T17:29:42.728+0000] {core_li.py:23} INFO - Successfully updated job requisition 66db04abbf0a19d8769e6748
[2024-09-06T17:29:42.740+0000] {core_li.py:23} INFO - Successfully updated job requisition 66db04abbf0a19d8769e674a
[2024-09-06T17:29:42.753+0000] {core_li.py:23} INFO - Successfully updated job requisition 66db04abbf0a19d8769e674c
[2024-09-06T17:29:42.762+0000] {core_li.py:23} INFO - Successfully updated job requisition 66db04abbf0a19d8769e674e
[2024-09-06T17:29:42.775+0000] {core_li.py:23} INFO - Successfully updated job requisition 66db04abbf0a19d8769e6750
[2024-09-06T17:29:42.788+0000] {core_li.py:23} INFO - Successfully updated job requisition 66db04abbf0a19d8769e6752
[2024-09-06T17:29:42.802+0000] {core_li.py:23} INFO - Successfully updated job requisition 66db04abbf0a19d8769e6754
[2024-09-06T17:29:42.819+0000] {core_li.py:23} INFO - Successfully updated job requisition 66db04abbf0a19d8769e6756
[2024-09-06T17:29:42.831+0000] {core_li.py:23} INFO - Successfully updated job requisition 66db04abbf0a19d8769e6758
[2024-09-06T17:29:42.841+0000] {core_li.py:23} INFO - Successfully updated job requisition 66db04abbf0a19d8769e675a
[2024-09-06T17:29:42.852+0000] {core_li.py:23} INFO - Successfully updated job requisition 66db04abbf0a19d8769e675c
[2024-09-06T17:29:42.866+0000] {core_li.py:23} INFO - Successfully updated job requisition 66db04abbf0a19d8769e675e
[2024-09-06T17:29:42.882+0000] {core_li.py:23} INFO - Successfully updated job requisition 66db04abbf0a19d8769e6760
[2024-09-06T17:29:42.893+0000] {core_li.py:23} INFO - Successfully updated job requisition 66db04abbf0a19d8769e6762
[2024-09-06T17:29:42.901+0000] {core_li.py:23} INFO - Successfully updated job requisition 66db04abbf0a19d8769e6764
[2024-09-06T17:29:42.919+0000] {core_li.py:23} INFO - Successfully updated job requisition 66db04abbf0a19d8769e6766
[2024-09-06T17:29:42.941+0000] {core_li.py:23} INFO - Successfully updated job requisition 66db04abbf0a19d8769e6768
[2024-09-06T17:29:42.950+0000] {core_li.py:23} INFO - Successfully updated job requisition 66db04abbf0a19d8769e676a
[2024-09-06T17:29:42.959+0000] {core_li.py:23} INFO - Successfully updated job requisition 66db04abbf0a19d8769e676c
[2024-09-06T17:29:42.969+0000] {core_li.py:23} INFO - Successfully updated job requisition 66db04abbf0a19d8769e676e
[2024-09-06T17:29:42.983+0000] {core_li.py:23} INFO - Successfully updated job requisition 66db04abbf0a19d8769e6770
[2024-09-06T17:29:42.992+0000] {core_li.py:23} INFO - Successfully updated job requisition 66db04abbf0a19d8769e6772
[2024-09-06T17:29:43.005+0000] {core_li.py:23} INFO - Successfully updated job requisition 66db04abbf0a19d8769e6774
[2024-09-06T17:29:43.017+0000] {core_li.py:23} INFO - Successfully updated job requisition 66db04abbf0a19d8769e6776
[2024-09-06T17:29:43.027+0000] {core_li.py:23} INFO - Successfully updated job requisition 66db04abbf0a19d8769e6778
[2024-09-06T17:29:43.040+0000] {core_li.py:23} INFO - Successfully updated job requisition 66db04abbf0a19d8769e677a
[2024-09-06T17:29:43.052+0000] {core_li.py:23} INFO - Successfully updated job requisition 66db04abbf0a19d8769e677c
[2024-09-06T17:29:43.061+0000] {core_li.py:23} INFO - Successfully updated job requisition 66db04abbf0a19d8769e677e
[2024-09-06T17:29:43.070+0000] {core_li.py:23} INFO - Successfully updated job requisition 66db04abbf0a19d8769e6780
[2024-09-06T17:29:43.082+0000] {core_li.py:23} INFO - Successfully updated job requisition 66db04abbf0a19d8769e6782
[2024-09-06T17:29:43.093+0000] {core_li.py:23} INFO - Successfully updated job requisition 66db04abbf0a19d8769e6784
[2024-09-06T17:29:43.100+0000] {core_li.py:23} INFO - Successfully updated job requisition 66db04abbf0a19d8769e6786
[2024-09-06T17:29:43.111+0000] {core_li.py:23} INFO - Successfully updated job requisition 66db04abbf0a19d8769e6788
[2024-09-06T17:29:43.119+0000] {core_li.py:23} INFO - Successfully updated job requisition 66db04abbf0a19d8769e678a
[2024-09-06T17:29:43.131+0000] {core_li.py:23} INFO - Successfully updated job requisition 66db04abbf0a19d8769e678c
[2024-09-06T17:29:43.140+0000] {core_li.py:23} INFO - Successfully updated job requisition 66db04abbf0a19d8769e678e
[2024-09-06T17:29:43.149+0000] {core_li.py:23} INFO - Successfully updated job requisition 66db04abbf0a19d8769e6790
[2024-09-06T17:29:43.157+0000] {core_li.py:23} INFO - Successfully updated job requisition 66db04abbf0a19d8769e6792
[2024-09-06T17:29:43.168+0000] {core_li.py:23} INFO - Successfully updated job requisition 66db04abbf0a19d8769e6794
[2024-09-06T17:29:43.181+0000] {core_li.py:23} INFO - Successfully updated job requisition 66db04abbf0a19d8769e6796
[2024-09-06T17:29:43.199+0000] {core_li.py:23} INFO - Successfully updated job requisition 66db04abbf0a19d8769e6798
[2024-09-06T17:29:43.207+0000] {core_li.py:23} INFO - Successfully updated job requisition 66db04abbf0a19d8769e679a
[2024-09-06T17:29:43.226+0000] {core_li.py:23} INFO - Successfully updated job requisition 66db04abbf0a19d8769e679c
[2024-09-06T17:29:43.245+0000] {core_li.py:23} INFO - Successfully updated job requisition 66db04abbf0a19d8769e679e
[2024-09-06T17:29:43.268+0000] {core_li.py:23} INFO - Successfully updated job requisition 66db04abbf0a19d8769e67a0
[2024-09-06T17:29:43.284+0000] {core_li.py:23} INFO - Successfully updated job requisition 66db04abbf0a19d8769e67a2
[2024-09-06T17:29:43.306+0000] {core_li.py:23} INFO - Successfully updated job requisition 66db04abbf0a19d8769e67a4
[2024-09-06T17:29:43.321+0000] {core_li.py:23} INFO - Successfully updated job requisition 66db04abbf0a19d8769e67a6
[2024-09-06T17:29:43.335+0000] {core_li.py:23} INFO - Successfully updated job requisition 66db04abbf0a19d8769e67a8
[2024-09-06T17:29:43.350+0000] {core_li.py:23} INFO - Successfully updated job requisition 66db04abbf0a19d8769e67aa
[2024-09-06T17:29:43.365+0000] {core_li.py:23} INFO - Successfully updated job requisition 66db04abbf0a19d8769e67ac
[2024-09-06T17:29:43.381+0000] {core_li.py:23} INFO - Successfully updated job requisition 66db04abbf0a19d8769e67ae
[2024-09-06T17:29:43.394+0000] {core_li.py:23} INFO - Successfully updated job requisition 66db04abbf0a19d8769e67b0
[2024-09-06T17:29:43.403+0000] {core_li.py:23} INFO - Successfully updated job requisition 66db04abbf0a19d8769e67b2
[2024-09-06T17:29:43.419+0000] {core_li.py:23} INFO - Successfully updated job requisition 66db04abbf0a19d8769e67b4
[2024-09-06T17:29:43.432+0000] {core_li.py:23} INFO - Successfully updated job requisition 66db04abbf0a19d8769e67b6
[2024-09-06T17:29:43.444+0000] {core_li.py:23} INFO - Successfully updated job requisition 66db04abbf0a19d8769e67b8
[2024-09-06T17:29:43.461+0000] {core_li.py:23} INFO - Successfully updated job requisition 66db04abbf0a19d8769e67ba
[2024-09-06T17:29:43.477+0000] {core_li.py:23} INFO - Successfully updated job requisition 66db04abbf0a19d8769e67bc
[2024-09-06T17:29:43.494+0000] {core_li.py:23} INFO - Successfully updated job requisition 66db04abbf0a19d8769e67be
[2024-09-06T17:29:43.512+0000] {core_li.py:23} INFO - Successfully updated job requisition 66db04abbf0a19d8769e67c0
[2024-09-06T17:29:43.535+0000] {core_li.py:23} INFO - Successfully updated job requisition 66db04abbf0a19d8769e67c2
[2024-09-06T17:29:43.551+0000] {core_li.py:23} INFO - Successfully updated job requisition 66db04abbf0a19d8769e67c4
[2024-09-06T17:29:43.563+0000] {core_li.py:23} INFO - Successfully updated job requisition 66db04abbf0a19d8769e67c6
[2024-09-06T17:29:43.580+0000] {core_li.py:23} INFO - Successfully updated job requisition 66db04abbf0a19d8769e67c8
[2024-09-06T17:29:43.594+0000] {core_li.py:23} INFO - Successfully updated job requisition 66db04abbf0a19d8769e67ca
[2024-09-06T17:29:43.607+0000] {core_li.py:23} INFO - Successfully updated job requisition 66db04abbf0a19d8769e67cc
[2024-09-06T17:29:43.623+0000] {core_li.py:23} INFO - Successfully updated job requisition 66db04abbf0a19d8769e67ce
[2024-09-06T17:29:43.631+0000] {core_li.py:23} INFO - Successfully updated job requisition 66db04abbf0a19d8769e67d0
[2024-09-06T17:29:43.641+0000] {core_li.py:23} INFO - Successfully updated job requisition 66db04abbf0a19d8769e67d2
[2024-09-06T17:29:43.654+0000] {core_li.py:23} INFO - Successfully updated job requisition 66db04abbf0a19d8769e67d4
[2024-09-06T17:29:43.662+0000] {core_li.py:23} INFO - Successfully updated job requisition 66db04abbf0a19d8769e67d6
[2024-09-06T17:29:43.674+0000] {core_li.py:23} INFO - Successfully updated job requisition 66db04abbf0a19d8769e67d8
[2024-09-06T17:29:43.689+0000] {core_li.py:23} INFO - Successfully updated job requisition 66db04abbf0a19d8769e67da
[2024-09-06T17:29:43.708+0000] {core_li.py:23} INFO - Successfully updated job requisition 66db04abbf0a19d8769e67dc
[2024-09-06T17:29:43.720+0000] {core_li.py:23} INFO - Successfully updated job requisition 66db04abbf0a19d8769e67de
[2024-09-06T17:29:43.731+0000] {core_li.py:23} INFO - Successfully updated job requisition 66db04abbf0a19d8769e67e0
[2024-09-06T17:29:43.733+0000] {python.py:240} INFO - Done. Returned value was: 100
[2024-09-06T17:29:43.763+0000] {taskinstance.py:340} INFO - ::group::Post task execution logs
[2024-09-06T17:29:43.765+0000] {taskinstance.py:352} INFO - Marking task as SUCCESS. dag_id=async_flow, task_id=task_backfill_number_of_cancelled_candidates_in_batch, run_id=manual__2024-09-06T17:29:39.458358+00:00, map_index=15, execution_date=20240906T172939, start_date=20240906T172941, end_date=20240906T172943
[2024-09-06T17:29:43.816+0000] {local_task_job_runner.py:266} INFO - Task exited with return code 0
[2024-09-06T17:29:43.853+0000] {taskinstance.py:3900} INFO - 0 downstream tasks scheduled from follow-on schedule check
[2024-09-06T17:29:43.855+0000] {local_task_job_runner.py:245} INFO - ::endgroup::
