[2024-09-06T17:47:32.169+0000] {local_task_job_runner.py:123} INFO - ::group::Pre task execution logs
[2024-09-06T17:47:32.194+0000] {taskinstance.py:2612} INFO - Dependencies all met for dep_context=non-requeueable deps ti=<TaskInstance: async_flow.task_backfill_number_of_cancelled_candidates_in_batch manual__2024-09-06T17:47:30.120511+00:00 map_index=4 [queued]>
[2024-09-06T17:47:32.228+0000] {taskinstance.py:2612} INFO - Dependencies all met for dep_context=requeueable deps ti=<TaskInstance: async_flow.task_backfill_number_of_cancelled_candidates_in_batch manual__2024-09-06T17:47:30.120511+00:00 map_index=4 [queued]>
[2024-09-06T17:47:32.233+0000] {taskinstance.py:2865} INFO - Starting attempt 1 of 1
[2024-09-06T17:47:32.251+0000] {taskinstance.py:2888} INFO - Executing <Mapped(_PythonDecoratedOperator): task_backfill_number_of_cancelled_candidates_in_batch> on 2024-09-06 17:47:30.120511+00:00
[2024-09-06T17:47:32.258+0000] {standard_task_runner.py:104} INFO - Running: ['***', 'tasks', 'run', 'async_flow', 'task_backfill_number_of_cancelled_candidates_in_batch', 'manual__2024-09-06T17:47:30.120511+00:00', '--job-id', '338', '--raw', '--subdir', 'DAGS_FOLDER/dags_async_flow.py', '--cfg-path', '/tmp/tmpv8mp5b5e', '--map-index', '4']
[2024-09-06T17:47:32.259+0000] {standard_task_runner.py:105} INFO - Job 338: Subtask task_backfill_number_of_cancelled_candidates_in_batch
[2024-09-06T17:47:32.257+0000] {warnings.py:112} WARNING - /home/***/.local/lib/python3.12/site-packages/***/task/task_runner/standard_task_runner.py:70: DeprecationWarning: This process (pid=1046) is multi-threaded, use of fork() may lead to deadlocks in the child.
  pid = os.fork()

[2024-09-06T17:47:32.261+0000] {standard_task_runner.py:72} INFO - Started process 1127 to run task
[2024-09-06T17:47:32.319+0000] {task_command.py:467} INFO - Running <TaskInstance: async_flow.task_backfill_number_of_cancelled_candidates_in_batch manual__2024-09-06T17:47:30.120511+00:00 map_index=4 [running]> on host 0817eb6c24af
[2024-09-06T17:47:32.440+0000] {taskinstance.py:3131} INFO - Exporting env vars: AIRFLOW_CTX_DAG_OWNER='***' AIRFLOW_CTX_DAG_ID='async_flow' AIRFLOW_CTX_TASK_ID='task_backfill_number_of_cancelled_candidates_in_batch' AIRFLOW_CTX_EXECUTION_DATE='2024-09-06T17:47:30.120511+00:00' AIRFLOW_CTX_TRY_NUMBER='1' AIRFLOW_CTX_DAG_RUN_ID='manual__2024-09-06T17:47:30.120511+00:00'
[2024-09-06T17:47:32.453+0000] {taskinstance.py:731} INFO - ::endgroup::
[2024-09-06T17:47:32.471+0000] {core_li.py:23} INFO - Successfully updated job requisition 66db04aabf0a19d8769e5e82
[2024-09-06T17:47:32.481+0000] {core_li.py:23} INFO - Successfully updated job requisition 66db04aabf0a19d8769e5e84
[2024-09-06T17:47:32.494+0000] {core_li.py:23} INFO - Successfully updated job requisition 66db04aabf0a19d8769e5e86
[2024-09-06T17:47:32.504+0000] {core_li.py:23} INFO - Successfully updated job requisition 66db04aabf0a19d8769e5e88
[2024-09-06T17:47:32.528+0000] {core_li.py:23} INFO - Successfully updated job requisition 66db04aabf0a19d8769e5e8a
[2024-09-06T17:47:32.543+0000] {core_li.py:23} INFO - Successfully updated job requisition 66db04aabf0a19d8769e5e8c
[2024-09-06T17:47:32.555+0000] {core_li.py:23} INFO - Successfully updated job requisition 66db04aabf0a19d8769e5e8e
[2024-09-06T17:47:32.566+0000] {core_li.py:23} INFO - Successfully updated job requisition 66db04aabf0a19d8769e5e90
[2024-09-06T17:47:32.576+0000] {core_li.py:23} INFO - Successfully updated job requisition 66db04aabf0a19d8769e5e92
[2024-09-06T17:47:32.586+0000] {core_li.py:23} INFO - Successfully updated job requisition 66db04aabf0a19d8769e5e94
[2024-09-06T17:47:32.597+0000] {core_li.py:23} INFO - Successfully updated job requisition 66db04aabf0a19d8769e5e96
[2024-09-06T17:47:32.609+0000] {core_li.py:23} INFO - Successfully updated job requisition 66db04aabf0a19d8769e5e98
[2024-09-06T17:47:32.620+0000] {core_li.py:23} INFO - Successfully updated job requisition 66db04aabf0a19d8769e5e9a
[2024-09-06T17:47:32.631+0000] {core_li.py:23} INFO - Successfully updated job requisition 66db04aabf0a19d8769e5e9c
[2024-09-06T17:47:32.641+0000] {core_li.py:23} INFO - Successfully updated job requisition 66db04aabf0a19d8769e5e9e
[2024-09-06T17:47:32.655+0000] {core_li.py:23} INFO - Successfully updated job requisition 66db04aabf0a19d8769e5ea0
[2024-09-06T17:47:32.664+0000] {core_li.py:23} INFO - Successfully updated job requisition 66db04aabf0a19d8769e5ea2
[2024-09-06T17:47:32.674+0000] {core_li.py:23} INFO - Successfully updated job requisition 66db04aabf0a19d8769e5ea4
[2024-09-06T17:47:32.688+0000] {core_li.py:23} INFO - Successfully updated job requisition 66db04aabf0a19d8769e5ea6
[2024-09-06T17:47:32.700+0000] {core_li.py:23} INFO - Successfully updated job requisition 66db04aabf0a19d8769e5ea8
[2024-09-06T17:47:32.710+0000] {core_li.py:23} INFO - Successfully updated job requisition 66db04aabf0a19d8769e5eaa
[2024-09-06T17:47:32.721+0000] {core_li.py:23} INFO - Successfully updated job requisition 66db04aabf0a19d8769e5eac
[2024-09-06T17:47:32.732+0000] {core_li.py:23} INFO - Successfully updated job requisition 66db04aabf0a19d8769e5eae
[2024-09-06T17:47:32.741+0000] {core_li.py:23} INFO - Successfully updated job requisition 66db04aabf0a19d8769e5eb0
[2024-09-06T17:47:32.751+0000] {core_li.py:23} INFO - Successfully updated job requisition 66db04aabf0a19d8769e5eb2
[2024-09-06T17:47:32.762+0000] {core_li.py:23} INFO - Successfully updated job requisition 66db04aabf0a19d8769e5eb4
[2024-09-06T17:47:32.775+0000] {core_li.py:23} INFO - Successfully updated job requisition 66db04aabf0a19d8769e5eb6
[2024-09-06T17:47:32.790+0000] {core_li.py:23} INFO - Successfully updated job requisition 66db04aabf0a19d8769e5eb8
[2024-09-06T17:47:32.799+0000] {core_li.py:23} INFO - Successfully updated job requisition 66db04aabf0a19d8769e5eba
[2024-09-06T17:47:32.810+0000] {core_li.py:23} INFO - Successfully updated job requisition 66db04aabf0a19d8769e5ebc
[2024-09-06T17:47:32.818+0000] {core_li.py:23} INFO - Successfully updated job requisition 66db04aabf0a19d8769e5ebe
[2024-09-06T17:47:32.828+0000] {core_li.py:23} INFO - Successfully updated job requisition 66db04aabf0a19d8769e5ec0
[2024-09-06T17:47:32.837+0000] {core_li.py:23} INFO - Successfully updated job requisition 66db04aabf0a19d8769e5ec2
[2024-09-06T17:47:32.845+0000] {core_li.py:23} INFO - Successfully updated job requisition 66db04aabf0a19d8769e5ec4
[2024-09-06T17:47:32.855+0000] {core_li.py:23} INFO - Successfully updated job requisition 66db04aabf0a19d8769e5ec6
[2024-09-06T17:47:32.866+0000] {core_li.py:23} INFO - Successfully updated job requisition 66db04aabf0a19d8769e5ec8
[2024-09-06T17:47:32.879+0000] {core_li.py:23} INFO - Successfully updated job requisition 66db04aabf0a19d8769e5eca
[2024-09-06T17:47:32.889+0000] {core_li.py:23} INFO - Successfully updated job requisition 66db04aabf0a19d8769e5ecc
[2024-09-06T17:47:32.897+0000] {core_li.py:23} INFO - Successfully updated job requisition 66db04aabf0a19d8769e5ece
[2024-09-06T17:47:32.907+0000] {core_li.py:23} INFO - Successfully updated job requisition 66db04aabf0a19d8769e5ed0
[2024-09-06T17:47:32.916+0000] {core_li.py:23} INFO - Successfully updated job requisition 66db04aabf0a19d8769e5ed2
[2024-09-06T17:47:32.926+0000] {core_li.py:23} INFO - Successfully updated job requisition 66db04aabf0a19d8769e5ed4
[2024-09-06T17:47:32.936+0000] {core_li.py:23} INFO - Successfully updated job requisition 66db04aabf0a19d8769e5ed6
[2024-09-06T17:47:32.944+0000] {core_li.py:23} INFO - Successfully updated job requisition 66db04aabf0a19d8769e5ed8
[2024-09-06T17:47:32.960+0000] {core_li.py:23} INFO - Successfully updated job requisition 66db04aabf0a19d8769e5eda
[2024-09-06T17:47:32.973+0000] {core_li.py:23} INFO - Successfully updated job requisition 66db04aabf0a19d8769e5edc
[2024-09-06T17:47:32.980+0000] {core_li.py:23} INFO - Successfully updated job requisition 66db04aabf0a19d8769e5ede
[2024-09-06T17:47:32.990+0000] {core_li.py:23} INFO - Successfully updated job requisition 66db04aabf0a19d8769e5ee0
[2024-09-06T17:47:32.996+0000] {core_li.py:23} INFO - Successfully updated job requisition 66db04aabf0a19d8769e5ee2
[2024-09-06T17:47:33.006+0000] {core_li.py:23} INFO - Successfully updated job requisition 66db04aabf0a19d8769e5ee4
[2024-09-06T17:47:33.015+0000] {core_li.py:23} INFO - Successfully updated job requisition 66db04aabf0a19d8769e5ee6
[2024-09-06T17:47:33.024+0000] {core_li.py:23} INFO - Successfully updated job requisition 66db04aabf0a19d8769e5ee8
[2024-09-06T17:47:33.034+0000] {core_li.py:23} INFO - Successfully updated job requisition 66db04aabf0a19d8769e5eea
[2024-09-06T17:47:33.041+0000] {core_li.py:23} INFO - Successfully updated job requisition 66db04aabf0a19d8769e5eec
[2024-09-06T17:47:33.051+0000] {core_li.py:23} INFO - Successfully updated job requisition 66db04aabf0a19d8769e5eee
[2024-09-06T17:47:33.059+0000] {core_li.py:23} INFO - Successfully updated job requisition 66db04aabf0a19d8769e5ef0
[2024-09-06T17:47:33.067+0000] {core_li.py:23} INFO - Successfully updated job requisition 66db04aabf0a19d8769e5ef2
[2024-09-06T17:47:33.076+0000] {core_li.py:23} INFO - Successfully updated job requisition 66db04aabf0a19d8769e5ef4
[2024-09-06T17:47:33.083+0000] {core_li.py:23} INFO - Successfully updated job requisition 66db04aabf0a19d8769e5ef6
[2024-09-06T17:47:33.091+0000] {core_li.py:23} INFO - Successfully updated job requisition 66db04aabf0a19d8769e5ef8
[2024-09-06T17:47:33.104+0000] {core_li.py:23} INFO - Successfully updated job requisition 66db04aabf0a19d8769e5efa
[2024-09-06T17:47:33.116+0000] {core_li.py:23} INFO - Successfully updated job requisition 66db04aabf0a19d8769e5efc
[2024-09-06T17:47:33.127+0000] {core_li.py:23} INFO - Successfully updated job requisition 66db04aabf0a19d8769e5efe
[2024-09-06T17:47:33.135+0000] {core_li.py:23} INFO - Successfully updated job requisition 66db04aabf0a19d8769e5f00
[2024-09-06T17:47:33.144+0000] {core_li.py:23} INFO - Successfully updated job requisition 66db04aabf0a19d8769e5f02
[2024-09-06T17:47:33.154+0000] {core_li.py:23} INFO - Successfully updated job requisition 66db04aabf0a19d8769e5f04
[2024-09-06T17:47:33.161+0000] {core_li.py:23} INFO - Successfully updated job requisition 66db04aabf0a19d8769e5f06
[2024-09-06T17:47:33.172+0000] {core_li.py:23} INFO - Successfully updated job requisition 66db04aabf0a19d8769e5f08
[2024-09-06T17:47:33.195+0000] {core_li.py:23} INFO - Successfully updated job requisition 66db04aabf0a19d8769e5f0a
[2024-09-06T17:47:33.204+0000] {core_li.py:23} INFO - Successfully updated job requisition 66db04aabf0a19d8769e5f0c
[2024-09-06T17:47:33.218+0000] {core_li.py:23} INFO - Successfully updated job requisition 66db04aabf0a19d8769e5f0e
[2024-09-06T17:47:33.226+0000] {core_li.py:23} INFO - Successfully updated job requisition 66db04aabf0a19d8769e5f10
[2024-09-06T17:47:33.241+0000] {core_li.py:23} INFO - Successfully updated job requisition 66db04aabf0a19d8769e5f12
[2024-09-06T17:47:33.249+0000] {core_li.py:23} INFO - Successfully updated job requisition 66db04aabf0a19d8769e5f14
[2024-09-06T17:47:33.269+0000] {core_li.py:23} INFO - Successfully updated job requisition 66db04aabf0a19d8769e5f16
[2024-09-06T17:47:33.279+0000] {core_li.py:23} INFO - Successfully updated job requisition 66db04aabf0a19d8769e5f18
[2024-09-06T17:47:33.287+0000] {core_li.py:23} INFO - Successfully updated job requisition 66db04aabf0a19d8769e5f1a
[2024-09-06T17:47:33.298+0000] {core_li.py:23} INFO - Successfully updated job requisition 66db04aabf0a19d8769e5f1c
[2024-09-06T17:47:33.304+0000] {core_li.py:23} INFO - Successfully updated job requisition 66db04aabf0a19d8769e5f1e
[2024-09-06T17:47:33.310+0000] {core_li.py:23} INFO - Successfully updated job requisition 66db04aabf0a19d8769e5f20
[2024-09-06T17:47:33.316+0000] {core_li.py:23} INFO - Successfully updated job requisition 66db04aabf0a19d8769e5f22
[2024-09-06T17:47:33.324+0000] {core_li.py:23} INFO - Successfully updated job requisition 66db04aabf0a19d8769e5f24
[2024-09-06T17:47:33.331+0000] {core_li.py:23} INFO - Successfully updated job requisition 66db04aabf0a19d8769e5f26
[2024-09-06T17:47:33.342+0000] {core_li.py:23} INFO - Successfully updated job requisition 66db04aabf0a19d8769e5f28
[2024-09-06T17:47:33.351+0000] {core_li.py:23} INFO - Successfully updated job requisition 66db04aabf0a19d8769e5f2a
[2024-09-06T17:47:33.359+0000] {core_li.py:23} INFO - Successfully updated job requisition 66db04aabf0a19d8769e5f2c
[2024-09-06T17:47:33.369+0000] {core_li.py:23} INFO - Successfully updated job requisition 66db04aabf0a19d8769e5f2e
[2024-09-06T17:47:33.389+0000] {core_li.py:23} INFO - Successfully updated job requisition 66db04aabf0a19d8769e5f30
[2024-09-06T17:47:33.416+0000] {core_li.py:23} INFO - Successfully updated job requisition 66db04aabf0a19d8769e5f32
[2024-09-06T17:47:33.424+0000] {core_li.py:23} INFO - Successfully updated job requisition 66db04aabf0a19d8769e5f34
[2024-09-06T17:47:33.434+0000] {core_li.py:23} INFO - Successfully updated job requisition 66db04aabf0a19d8769e5f36
[2024-09-06T17:47:33.441+0000] {core_li.py:23} INFO - Successfully updated job requisition 66db04aabf0a19d8769e5f38
[2024-09-06T17:47:33.450+0000] {core_li.py:23} INFO - Successfully updated job requisition 66db04aabf0a19d8769e5f3a
[2024-09-06T17:47:33.459+0000] {core_li.py:23} INFO - Successfully updated job requisition 66db04aabf0a19d8769e5f3c
[2024-09-06T17:47:33.470+0000] {core_li.py:23} INFO - Successfully updated job requisition 66db04aabf0a19d8769e5f3e
[2024-09-06T17:47:33.477+0000] {core_li.py:23} INFO - Successfully updated job requisition 66db04aabf0a19d8769e5f40
[2024-09-06T17:47:33.484+0000] {core_li.py:23} INFO - Successfully updated job requisition 66db04aabf0a19d8769e5f42
[2024-09-06T17:47:33.491+0000] {core_li.py:23} INFO - Successfully updated job requisition 66db04aabf0a19d8769e5f44
[2024-09-06T17:47:33.500+0000] {core_li.py:23} INFO - Successfully updated job requisition 66db04aabf0a19d8769e5f46
[2024-09-06T17:47:33.508+0000] {core_li.py:23} INFO - Successfully updated job requisition 66db04aabf0a19d8769e5f48
[2024-09-06T17:47:33.508+0000] {python.py:240} INFO - Done. Returned value was: 100
[2024-09-06T17:47:33.528+0000] {taskinstance.py:340} INFO - ::group::Post task execution logs
[2024-09-06T17:47:33.528+0000] {taskinstance.py:352} INFO - Marking task as SUCCESS. dag_id=async_flow, task_id=task_backfill_number_of_cancelled_candidates_in_batch, run_id=manual__2024-09-06T17:47:30.120511+00:00, map_index=4, execution_date=20240906T174730, start_date=20240906T174732, end_date=20240906T174733
[2024-09-06T17:47:33.560+0000] {local_task_job_runner.py:266} INFO - Task exited with return code 0
[2024-09-06T17:47:33.589+0000] {taskinstance.py:3900} INFO - 0 downstream tasks scheduled from follow-on schedule check
[2024-09-06T17:47:33.590+0000] {local_task_job_runner.py:245} INFO - ::endgroup::
