[2024-09-06T17:43:04.507+0000] {local_task_job_runner.py:123} INFO - ::group::Pre task execution logs
[2024-09-06T17:43:04.613+0000] {taskinstance.py:2612} INFO - Dependencies all met for dep_context=non-requeueable deps ti=<TaskInstance: async_flow.task_backfill_number_of_cancelled_candidates_in_batch manual__2024-09-06T17:43:02.727107+00:00 map_index=13 [queued]>
[2024-09-06T17:43:04.648+0000] {taskinstance.py:2612} INFO - Dependencies all met for dep_context=requeueable deps ti=<TaskInstance: async_flow.task_backfill_number_of_cancelled_candidates_in_batch manual__2024-09-06T17:43:02.727107+00:00 map_index=13 [queued]>
[2024-09-06T17:43:04.653+0000] {taskinstance.py:2865} INFO - Starting attempt 1 of 1
[2024-09-06T17:43:04.687+0000] {taskinstance.py:2888} INFO - Executing <Mapped(_PythonDecoratedOperator): task_backfill_number_of_cancelled_candidates_in_batch> on 2024-09-06 17:43:02.727107+00:00
[2024-09-06T17:43:04.695+0000] {warnings.py:112} WARNING - /home/***/.local/lib/python3.12/site-packages/***/task/task_runner/standard_task_runner.py:70: DeprecationWarning: This process (pid=91) is multi-threaded, use of fork() may lead to deadlocks in the child.
  pid = os.fork()

[2024-09-06T17:43:04.698+0000] {standard_task_runner.py:72} INFO - Started process 168 to run task
[2024-09-06T17:43:04.701+0000] {standard_task_runner.py:104} INFO - Running: ['***', 'tasks', 'run', 'async_flow', 'task_backfill_number_of_cancelled_candidates_in_batch', 'manual__2024-09-06T17:43:02.727107+00:00', '--job-id', '188', '--raw', '--subdir', 'DAGS_FOLDER/dags_async_flow.py', '--cfg-path', '/tmp/tmpcjmyu2a7', '--map-index', '13']
[2024-09-06T17:43:04.703+0000] {standard_task_runner.py:105} INFO - Job 188: Subtask task_backfill_number_of_cancelled_candidates_in_batch
[2024-09-06T17:43:04.925+0000] {task_command.py:467} INFO - Running <TaskInstance: async_flow.task_backfill_number_of_cancelled_candidates_in_batch manual__2024-09-06T17:43:02.727107+00:00 map_index=13 [running]> on host 0817eb6c24af
[2024-09-06T17:43:05.042+0000] {taskinstance.py:3131} INFO - Exporting env vars: AIRFLOW_CTX_DAG_OWNER='***' AIRFLOW_CTX_DAG_ID='async_flow' AIRFLOW_CTX_TASK_ID='task_backfill_number_of_cancelled_candidates_in_batch' AIRFLOW_CTX_EXECUTION_DATE='2024-09-06T17:43:02.727107+00:00' AIRFLOW_CTX_TRY_NUMBER='1' AIRFLOW_CTX_DAG_RUN_ID='manual__2024-09-06T17:43:02.727107+00:00'
[2024-09-06T17:43:05.045+0000] {taskinstance.py:731} INFO - ::endgroup::
[2024-09-06T17:43:05.062+0000] {core_li.py:23} INFO - Successfully updated job requisition 66db04abbf0a19d8769e658a
[2024-09-06T17:43:05.074+0000] {core_li.py:23} INFO - Successfully updated job requisition 66db04abbf0a19d8769e658c
[2024-09-06T17:43:05.088+0000] {core_li.py:23} INFO - Successfully updated job requisition 66db04abbf0a19d8769e658e
[2024-09-06T17:43:05.099+0000] {core_li.py:23} INFO - Successfully updated job requisition 66db04abbf0a19d8769e6590
[2024-09-06T17:43:05.110+0000] {core_li.py:23} INFO - Successfully updated job requisition 66db04abbf0a19d8769e6592
[2024-09-06T17:43:05.120+0000] {core_li.py:23} INFO - Successfully updated job requisition 66db04abbf0a19d8769e6594
[2024-09-06T17:43:05.129+0000] {core_li.py:23} INFO - Successfully updated job requisition 66db04abbf0a19d8769e6596
[2024-09-06T17:43:05.139+0000] {core_li.py:23} INFO - Successfully updated job requisition 66db04abbf0a19d8769e6598
[2024-09-06T17:43:05.149+0000] {core_li.py:23} INFO - Successfully updated job requisition 66db04abbf0a19d8769e659a
[2024-09-06T17:43:05.158+0000] {core_li.py:23} INFO - Successfully updated job requisition 66db04abbf0a19d8769e659c
[2024-09-06T17:43:05.166+0000] {core_li.py:23} INFO - Successfully updated job requisition 66db04abbf0a19d8769e659e
[2024-09-06T17:43:05.174+0000] {core_li.py:23} INFO - Successfully updated job requisition 66db04abbf0a19d8769e65a0
[2024-09-06T17:43:05.184+0000] {core_li.py:23} INFO - Successfully updated job requisition 66db04abbf0a19d8769e65a2
[2024-09-06T17:43:05.196+0000] {core_li.py:23} INFO - Successfully updated job requisition 66db04abbf0a19d8769e65a4
[2024-09-06T17:43:05.209+0000] {core_li.py:23} INFO - Successfully updated job requisition 66db04abbf0a19d8769e65a6
[2024-09-06T17:43:05.220+0000] {core_li.py:23} INFO - Successfully updated job requisition 66db04abbf0a19d8769e65a8
[2024-09-06T17:43:05.233+0000] {core_li.py:23} INFO - Successfully updated job requisition 66db04abbf0a19d8769e65aa
[2024-09-06T17:43:05.243+0000] {core_li.py:23} INFO - Successfully updated job requisition 66db04abbf0a19d8769e65ac
[2024-09-06T17:43:05.258+0000] {core_li.py:23} INFO - Successfully updated job requisition 66db04abbf0a19d8769e65ae
[2024-09-06T17:43:05.271+0000] {core_li.py:23} INFO - Successfully updated job requisition 66db04abbf0a19d8769e65b0
[2024-09-06T17:43:05.283+0000] {core_li.py:23} INFO - Successfully updated job requisition 66db04abbf0a19d8769e65b2
[2024-09-06T17:43:05.296+0000] {core_li.py:23} INFO - Successfully updated job requisition 66db04abbf0a19d8769e65b4
[2024-09-06T17:43:05.306+0000] {core_li.py:23} INFO - Successfully updated job requisition 66db04abbf0a19d8769e65b6
[2024-09-06T17:43:05.317+0000] {core_li.py:23} INFO - Successfully updated job requisition 66db04abbf0a19d8769e65b8
[2024-09-06T17:43:05.326+0000] {core_li.py:23} INFO - Successfully updated job requisition 66db04abbf0a19d8769e65ba
[2024-09-06T17:43:05.336+0000] {core_li.py:23} INFO - Successfully updated job requisition 66db04abbf0a19d8769e65bc
[2024-09-06T17:43:05.345+0000] {core_li.py:23} INFO - Successfully updated job requisition 66db04abbf0a19d8769e65be
[2024-09-06T17:43:05.351+0000] {core_li.py:23} INFO - Successfully updated job requisition 66db04abbf0a19d8769e65c0
[2024-09-06T17:43:05.363+0000] {core_li.py:23} INFO - Successfully updated job requisition 66db04abbf0a19d8769e65c2
[2024-09-06T17:43:05.373+0000] {core_li.py:23} INFO - Successfully updated job requisition 66db04abbf0a19d8769e65c4
[2024-09-06T17:43:05.381+0000] {core_li.py:23} INFO - Successfully updated job requisition 66db04abbf0a19d8769e65c6
[2024-09-06T17:43:05.389+0000] {core_li.py:23} INFO - Successfully updated job requisition 66db04abbf0a19d8769e65c8
[2024-09-06T17:43:05.397+0000] {core_li.py:23} INFO - Successfully updated job requisition 66db04abbf0a19d8769e65ca
[2024-09-06T17:43:05.410+0000] {core_li.py:23} INFO - Successfully updated job requisition 66db04abbf0a19d8769e65cc
[2024-09-06T17:43:05.421+0000] {core_li.py:23} INFO - Successfully updated job requisition 66db04abbf0a19d8769e65ce
[2024-09-06T17:43:05.427+0000] {core_li.py:23} INFO - Successfully updated job requisition 66db04abbf0a19d8769e65d0
[2024-09-06T17:43:05.435+0000] {core_li.py:23} INFO - Successfully updated job requisition 66db04abbf0a19d8769e65d2
[2024-09-06T17:43:05.443+0000] {core_li.py:23} INFO - Successfully updated job requisition 66db04abbf0a19d8769e65d4
[2024-09-06T17:43:05.452+0000] {core_li.py:23} INFO - Successfully updated job requisition 66db04abbf0a19d8769e65d6
[2024-09-06T17:43:05.462+0000] {core_li.py:23} INFO - Successfully updated job requisition 66db04abbf0a19d8769e65d8
[2024-09-06T17:43:05.471+0000] {core_li.py:23} INFO - Successfully updated job requisition 66db04abbf0a19d8769e65da
[2024-09-06T17:43:05.480+0000] {core_li.py:23} INFO - Successfully updated job requisition 66db04abbf0a19d8769e65dc
[2024-09-06T17:43:05.490+0000] {core_li.py:23} INFO - Successfully updated job requisition 66db04abbf0a19d8769e65de
[2024-09-06T17:43:05.501+0000] {core_li.py:23} INFO - Successfully updated job requisition 66db04abbf0a19d8769e65e0
[2024-09-06T17:43:05.511+0000] {core_li.py:23} INFO - Successfully updated job requisition 66db04abbf0a19d8769e65e2
[2024-09-06T17:43:05.519+0000] {core_li.py:23} INFO - Successfully updated job requisition 66db04abbf0a19d8769e65e4
[2024-09-06T17:43:05.535+0000] {core_li.py:23} INFO - Successfully updated job requisition 66db04abbf0a19d8769e65e6
[2024-09-06T17:43:05.551+0000] {core_li.py:23} INFO - Successfully updated job requisition 66db04abbf0a19d8769e65e8
[2024-09-06T17:43:05.568+0000] {core_li.py:23} INFO - Successfully updated job requisition 66db04abbf0a19d8769e65ea
[2024-09-06T17:43:05.586+0000] {core_li.py:23} INFO - Successfully updated job requisition 66db04abbf0a19d8769e65ec
[2024-09-06T17:43:05.604+0000] {core_li.py:23} INFO - Successfully updated job requisition 66db04abbf0a19d8769e65ee
[2024-09-06T17:43:05.614+0000] {core_li.py:23} INFO - Successfully updated job requisition 66db04abbf0a19d8769e65f0
[2024-09-06T17:43:05.630+0000] {core_li.py:23} INFO - Successfully updated job requisition 66db04abbf0a19d8769e65f2
[2024-09-06T17:43:05.645+0000] {core_li.py:23} INFO - Successfully updated job requisition 66db04abbf0a19d8769e65f4
[2024-09-06T17:43:05.691+0000] {core_li.py:23} INFO - Successfully updated job requisition 66db04abbf0a19d8769e65f6
[2024-09-06T17:43:05.729+0000] {core_li.py:23} INFO - Successfully updated job requisition 66db04abbf0a19d8769e65f8
[2024-09-06T17:43:05.746+0000] {core_li.py:23} INFO - Successfully updated job requisition 66db04abbf0a19d8769e65fa
[2024-09-06T17:43:05.757+0000] {core_li.py:23} INFO - Successfully updated job requisition 66db04abbf0a19d8769e65fc
[2024-09-06T17:43:05.777+0000] {core_li.py:23} INFO - Successfully updated job requisition 66db04abbf0a19d8769e65fe
[2024-09-06T17:43:05.802+0000] {core_li.py:23} INFO - Successfully updated job requisition 66db04abbf0a19d8769e6600
[2024-09-06T17:43:05.817+0000] {core_li.py:23} INFO - Successfully updated job requisition 66db04abbf0a19d8769e6602
[2024-09-06T17:43:05.830+0000] {core_li.py:23} INFO - Successfully updated job requisition 66db04abbf0a19d8769e6604
[2024-09-06T17:43:05.845+0000] {core_li.py:23} INFO - Successfully updated job requisition 66db04abbf0a19d8769e6606
[2024-09-06T17:43:05.856+0000] {core_li.py:23} INFO - Successfully updated job requisition 66db04abbf0a19d8769e6608
[2024-09-06T17:43:05.870+0000] {core_li.py:23} INFO - Successfully updated job requisition 66db04abbf0a19d8769e660a
[2024-09-06T17:43:05.890+0000] {core_li.py:23} INFO - Successfully updated job requisition 66db04abbf0a19d8769e660c
[2024-09-06T17:43:05.900+0000] {core_li.py:23} INFO - Successfully updated job requisition 66db04abbf0a19d8769e660e
[2024-09-06T17:43:05.910+0000] {core_li.py:23} INFO - Successfully updated job requisition 66db04abbf0a19d8769e6610
[2024-09-06T17:43:05.925+0000] {core_li.py:23} INFO - Successfully updated job requisition 66db04abbf0a19d8769e6612
[2024-09-06T17:43:05.945+0000] {core_li.py:23} INFO - Successfully updated job requisition 66db04abbf0a19d8769e6614
[2024-09-06T17:43:05.952+0000] {core_li.py:23} INFO - Successfully updated job requisition 66db04abbf0a19d8769e6616
[2024-09-06T17:43:05.966+0000] {core_li.py:23} INFO - Successfully updated job requisition 66db04abbf0a19d8769e6618
[2024-09-06T17:43:05.978+0000] {core_li.py:23} INFO - Successfully updated job requisition 66db04abbf0a19d8769e661a
[2024-09-06T17:43:05.988+0000] {core_li.py:23} INFO - Successfully updated job requisition 66db04abbf0a19d8769e661c
[2024-09-06T17:43:06.009+0000] {core_li.py:23} INFO - Successfully updated job requisition 66db04abbf0a19d8769e661e
[2024-09-06T17:43:06.018+0000] {core_li.py:23} INFO - Successfully updated job requisition 66db04abbf0a19d8769e6620
[2024-09-06T17:43:06.027+0000] {core_li.py:23} INFO - Successfully updated job requisition 66db04abbf0a19d8769e6622
[2024-09-06T17:43:06.036+0000] {core_li.py:23} INFO - Successfully updated job requisition 66db04abbf0a19d8769e6624
[2024-09-06T17:43:06.045+0000] {core_li.py:23} INFO - Successfully updated job requisition 66db04abbf0a19d8769e6626
[2024-09-06T17:43:06.052+0000] {core_li.py:23} INFO - Successfully updated job requisition 66db04abbf0a19d8769e6628
[2024-09-06T17:43:06.063+0000] {core_li.py:23} INFO - Successfully updated job requisition 66db04abbf0a19d8769e662a
[2024-09-06T17:43:06.071+0000] {core_li.py:23} INFO - Successfully updated job requisition 66db04abbf0a19d8769e662c
[2024-09-06T17:43:06.082+0000] {core_li.py:23} INFO - Successfully updated job requisition 66db04abbf0a19d8769e662e
[2024-09-06T17:43:06.093+0000] {core_li.py:23} INFO - Successfully updated job requisition 66db04abbf0a19d8769e6630
[2024-09-06T17:43:06.102+0000] {core_li.py:23} INFO - Successfully updated job requisition 66db04abbf0a19d8769e6632
[2024-09-06T17:43:06.113+0000] {core_li.py:23} INFO - Successfully updated job requisition 66db04abbf0a19d8769e6634
[2024-09-06T17:43:06.120+0000] {core_li.py:23} INFO - Successfully updated job requisition 66db04abbf0a19d8769e6636
[2024-09-06T17:43:06.128+0000] {core_li.py:23} INFO - Successfully updated job requisition 66db04abbf0a19d8769e6638
[2024-09-06T17:43:06.141+0000] {core_li.py:23} INFO - Successfully updated job requisition 66db04abbf0a19d8769e663a
[2024-09-06T17:43:06.151+0000] {core_li.py:23} INFO - Successfully updated job requisition 66db04abbf0a19d8769e663c
[2024-09-06T17:43:06.159+0000] {core_li.py:23} INFO - Successfully updated job requisition 66db04abbf0a19d8769e663e
[2024-09-06T17:43:06.167+0000] {core_li.py:23} INFO - Successfully updated job requisition 66db04abbf0a19d8769e6640
[2024-09-06T17:43:06.176+0000] {core_li.py:23} INFO - Successfully updated job requisition 66db04abbf0a19d8769e6642
[2024-09-06T17:43:06.183+0000] {core_li.py:23} INFO - Successfully updated job requisition 66db04abbf0a19d8769e6644
[2024-09-06T17:43:06.193+0000] {core_li.py:23} INFO - Successfully updated job requisition 66db04abbf0a19d8769e6646
[2024-09-06T17:43:06.205+0000] {core_li.py:23} INFO - Successfully updated job requisition 66db04abbf0a19d8769e6648
[2024-09-06T17:43:06.213+0000] {core_li.py:23} INFO - Successfully updated job requisition 66db04abbf0a19d8769e664a
[2024-09-06T17:43:06.220+0000] {core_li.py:23} INFO - Successfully updated job requisition 66db04abbf0a19d8769e664c
[2024-09-06T17:43:06.231+0000] {core_li.py:23} INFO - Successfully updated job requisition 66db04abbf0a19d8769e664e
[2024-09-06T17:43:06.241+0000] {core_li.py:23} INFO - Successfully updated job requisition 66db04abbf0a19d8769e6650
[2024-09-06T17:43:06.243+0000] {python.py:240} INFO - Done. Returned value was: 100
[2024-09-06T17:43:06.278+0000] {taskinstance.py:340} INFO - ::group::Post task execution logs
[2024-09-06T17:43:06.279+0000] {taskinstance.py:352} INFO - Marking task as SUCCESS. dag_id=async_flow, task_id=task_backfill_number_of_cancelled_candidates_in_batch, run_id=manual__2024-09-06T17:43:02.727107+00:00, map_index=13, execution_date=20240906T174302, start_date=20240906T174304, end_date=20240906T174306
[2024-09-06T17:43:06.344+0000] {local_task_job_runner.py:266} INFO - Task exited with return code 0
[2024-09-06T17:43:06.361+0000] {local_task_job_runner.py:245} INFO - ::endgroup::
