[2024-09-06T17:47:34.939+0000] {local_task_job_runner.py:123} INFO - ::group::Pre task execution logs
[2024-09-06T17:47:34.963+0000] {taskinstance.py:2612} INFO - Dependencies all met for dep_context=non-requeueable deps ti=<TaskInstance: async_flow.task_backfill_number_of_cancelled_candidates_in_batch manual__2024-09-06T17:47:30.120511+00:00 map_index=29 [queued]>
[2024-09-06T17:47:34.993+0000] {taskinstance.py:2612} INFO - Dependencies all met for dep_context=requeueable deps ti=<TaskInstance: async_flow.task_backfill_number_of_cancelled_candidates_in_batch manual__2024-09-06T17:47:30.120511+00:00 map_index=29 [queued]>
[2024-09-06T17:47:34.994+0000] {taskinstance.py:2865} INFO - Starting attempt 1 of 1
[2024-09-06T17:47:35.018+0000] {taskinstance.py:2888} INFO - Executing <Mapped(_PythonDecoratedOperator): task_backfill_number_of_cancelled_candidates_in_batch> on 2024-09-06 17:47:30.120511+00:00
[2024-09-06T17:47:35.031+0000] {warnings.py:112} WARNING - /home/***/.local/lib/python3.12/site-packages/***/task/task_runner/standard_task_runner.py:70: DeprecationWarning: This process (pid=1149) is multi-threaded, use of fork() may lead to deadlocks in the child.
  pid = os.fork()

[2024-09-06T17:47:35.038+0000] {standard_task_runner.py:72} INFO - Started process 1222 to run task
[2024-09-06T17:47:35.042+0000] {standard_task_runner.py:104} INFO - Running: ['***', 'tasks', 'run', 'async_flow', 'task_backfill_number_of_cancelled_candidates_in_batch', 'manual__2024-09-06T17:47:30.120511+00:00', '--job-id', '353', '--raw', '--subdir', 'DAGS_FOLDER/dags_async_flow.py', '--cfg-path', '/tmp/tmpo_p7axt5', '--map-index', '29']
[2024-09-06T17:47:35.046+0000] {standard_task_runner.py:105} INFO - Job 353: Subtask task_backfill_number_of_cancelled_candidates_in_batch
[2024-09-06T17:47:35.121+0000] {task_command.py:467} INFO - Running <TaskInstance: async_flow.task_backfill_number_of_cancelled_candidates_in_batch manual__2024-09-06T17:47:30.120511+00:00 map_index=29 [running]> on host 0817eb6c24af
[2024-09-06T17:47:35.273+0000] {taskinstance.py:3131} INFO - Exporting env vars: AIRFLOW_CTX_DAG_OWNER='***' AIRFLOW_CTX_DAG_ID='async_flow' AIRFLOW_CTX_TASK_ID='task_backfill_number_of_cancelled_candidates_in_batch' AIRFLOW_CTX_EXECUTION_DATE='2024-09-06T17:47:30.120511+00:00' AIRFLOW_CTX_TRY_NUMBER='1' AIRFLOW_CTX_DAG_RUN_ID='manual__2024-09-06T17:47:30.120511+00:00'
[2024-09-06T17:47:35.276+0000] {taskinstance.py:731} INFO - ::endgroup::
[2024-09-06T17:47:35.294+0000] {core_li.py:23} INFO - Successfully updated job requisition 66db04acbf0a19d8769e7e8a
[2024-09-06T17:47:35.311+0000] {core_li.py:23} INFO - Successfully updated job requisition 66db04acbf0a19d8769e7e8c
[2024-09-06T17:47:35.329+0000] {core_li.py:23} INFO - Successfully updated job requisition 66db04acbf0a19d8769e7e8e
[2024-09-06T17:47:35.360+0000] {core_li.py:23} INFO - Successfully updated job requisition 66db04acbf0a19d8769e7e90
[2024-09-06T17:47:35.378+0000] {core_li.py:23} INFO - Successfully updated job requisition 66db04acbf0a19d8769e7e92
[2024-09-06T17:47:35.391+0000] {core_li.py:23} INFO - Successfully updated job requisition 66db04acbf0a19d8769e7e94
[2024-09-06T17:47:35.403+0000] {core_li.py:23} INFO - Successfully updated job requisition 66db04acbf0a19d8769e7e96
[2024-09-06T17:47:35.426+0000] {core_li.py:23} INFO - Successfully updated job requisition 66db04acbf0a19d8769e7e98
[2024-09-06T17:47:35.439+0000] {core_li.py:23} INFO - Successfully updated job requisition 66db04acbf0a19d8769e7e9a
[2024-09-06T17:47:35.449+0000] {core_li.py:23} INFO - Successfully updated job requisition 66db04acbf0a19d8769e7e9c
[2024-09-06T17:47:35.459+0000] {core_li.py:23} INFO - Successfully updated job requisition 66db04acbf0a19d8769e7e9e
[2024-09-06T17:47:35.471+0000] {core_li.py:23} INFO - Successfully updated job requisition 66db04acbf0a19d8769e7ea0
[2024-09-06T17:47:35.481+0000] {core_li.py:23} INFO - Successfully updated job requisition 66db04acbf0a19d8769e7ea2
[2024-09-06T17:47:35.496+0000] {core_li.py:23} INFO - Successfully updated job requisition 66db04acbf0a19d8769e7ea4
[2024-09-06T17:47:35.506+0000] {core_li.py:23} INFO - Successfully updated job requisition 66db04acbf0a19d8769e7ea6
[2024-09-06T17:47:35.520+0000] {core_li.py:23} INFO - Successfully updated job requisition 66db04acbf0a19d8769e7ea8
[2024-09-06T17:47:35.538+0000] {core_li.py:23} INFO - Successfully updated job requisition 66db04acbf0a19d8769e7eaa
[2024-09-06T17:47:35.557+0000] {core_li.py:23} INFO - Successfully updated job requisition 66db04acbf0a19d8769e7eac
[2024-09-06T17:47:35.570+0000] {core_li.py:23} INFO - Successfully updated job requisition 66db04acbf0a19d8769e7eae
[2024-09-06T17:47:35.584+0000] {core_li.py:23} INFO - Successfully updated job requisition 66db04acbf0a19d8769e7eb0
[2024-09-06T17:47:35.594+0000] {core_li.py:23} INFO - Successfully updated job requisition 66db04acbf0a19d8769e7eb2
[2024-09-06T17:47:35.604+0000] {core_li.py:23} INFO - Successfully updated job requisition 66db04acbf0a19d8769e7eb4
[2024-09-06T17:47:35.612+0000] {core_li.py:23} INFO - Successfully updated job requisition 66db04acbf0a19d8769e7eb6
[2024-09-06T17:47:35.621+0000] {core_li.py:23} INFO - Successfully updated job requisition 66db04acbf0a19d8769e7eb8
[2024-09-06T17:47:35.632+0000] {core_li.py:23} INFO - Successfully updated job requisition 66db04acbf0a19d8769e7eba
[2024-09-06T17:47:35.645+0000] {core_li.py:23} INFO - Successfully updated job requisition 66db04acbf0a19d8769e7ebc
[2024-09-06T17:47:35.655+0000] {core_li.py:23} INFO - Successfully updated job requisition 66db04acbf0a19d8769e7ebe
[2024-09-06T17:47:35.662+0000] {core_li.py:23} INFO - Successfully updated job requisition 66db04acbf0a19d8769e7ec0
[2024-09-06T17:47:35.676+0000] {core_li.py:23} INFO - Successfully updated job requisition 66db04acbf0a19d8769e7ec2
[2024-09-06T17:47:35.691+0000] {core_li.py:23} INFO - Successfully updated job requisition 66db04acbf0a19d8769e7ec4
[2024-09-06T17:47:35.703+0000] {core_li.py:23} INFO - Successfully updated job requisition 66db04acbf0a19d8769e7ec6
[2024-09-06T17:47:35.716+0000] {core_li.py:23} INFO - Successfully updated job requisition 66db04acbf0a19d8769e7ec8
[2024-09-06T17:47:35.728+0000] {core_li.py:23} INFO - Successfully updated job requisition 66db04acbf0a19d8769e7eca
[2024-09-06T17:47:35.739+0000] {core_li.py:23} INFO - Successfully updated job requisition 66db04acbf0a19d8769e7ecc
[2024-09-06T17:47:35.747+0000] {core_li.py:23} INFO - Successfully updated job requisition 66db04acbf0a19d8769e7ece
[2024-09-06T17:47:35.760+0000] {core_li.py:23} INFO - Successfully updated job requisition 66db04acbf0a19d8769e7ed0
[2024-09-06T17:47:35.767+0000] {core_li.py:23} INFO - Successfully updated job requisition 66db04acbf0a19d8769e7ed2
[2024-09-06T17:47:35.781+0000] {core_li.py:23} INFO - Successfully updated job requisition 66db04acbf0a19d8769e7ed4
[2024-09-06T17:47:35.791+0000] {core_li.py:23} INFO - Successfully updated job requisition 66db04acbf0a19d8769e7ed6
[2024-09-06T17:47:35.799+0000] {core_li.py:23} INFO - Successfully updated job requisition 66db04acbf0a19d8769e7ed8
[2024-09-06T17:47:35.810+0000] {core_li.py:23} INFO - Successfully updated job requisition 66db04acbf0a19d8769e7eda
[2024-09-06T17:47:35.823+0000] {core_li.py:23} INFO - Successfully updated job requisition 66db04acbf0a19d8769e7edc
[2024-09-06T17:47:35.835+0000] {core_li.py:23} INFO - Successfully updated job requisition 66db04acbf0a19d8769e7ede
[2024-09-06T17:47:35.843+0000] {core_li.py:23} INFO - Successfully updated job requisition 66db04acbf0a19d8769e7ee0
[2024-09-06T17:47:35.856+0000] {core_li.py:23} INFO - Successfully updated job requisition 66db04acbf0a19d8769e7ee2
[2024-09-06T17:47:35.869+0000] {core_li.py:23} INFO - Successfully updated job requisition 66db04acbf0a19d8769e7ee4
[2024-09-06T17:47:35.885+0000] {core_li.py:23} INFO - Successfully updated job requisition 66db04acbf0a19d8769e7ee6
[2024-09-06T17:47:35.899+0000] {core_li.py:23} INFO - Successfully updated job requisition 66db04acbf0a19d8769e7ee8
[2024-09-06T17:47:35.909+0000] {core_li.py:23} INFO - Successfully updated job requisition 66db04acbf0a19d8769e7eea
[2024-09-06T17:47:35.921+0000] {core_li.py:23} INFO - Successfully updated job requisition 66db04acbf0a19d8769e7eec
[2024-09-06T17:47:35.936+0000] {core_li.py:23} INFO - Successfully updated job requisition 66db04acbf0a19d8769e7eee
[2024-09-06T17:47:35.948+0000] {core_li.py:23} INFO - Successfully updated job requisition 66db04acbf0a19d8769e7ef0
[2024-09-06T17:47:35.962+0000] {core_li.py:23} INFO - Successfully updated job requisition 66db04acbf0a19d8769e7ef2
[2024-09-06T17:47:35.974+0000] {core_li.py:23} INFO - Successfully updated job requisition 66db04acbf0a19d8769e7ef4
[2024-09-06T17:47:35.983+0000] {core_li.py:23} INFO - Successfully updated job requisition 66db04acbf0a19d8769e7ef6
[2024-09-06T17:47:35.995+0000] {core_li.py:23} INFO - Successfully updated job requisition 66db04acbf0a19d8769e7ef8
[2024-09-06T17:47:36.005+0000] {core_li.py:23} INFO - Successfully updated job requisition 66db04acbf0a19d8769e7efa
[2024-09-06T17:47:36.017+0000] {core_li.py:23} INFO - Successfully updated job requisition 66db04acbf0a19d8769e7efc
[2024-09-06T17:47:36.029+0000] {core_li.py:23} INFO - Successfully updated job requisition 66db04acbf0a19d8769e7efe
[2024-09-06T17:47:36.042+0000] {core_li.py:23} INFO - Successfully updated job requisition 66db04acbf0a19d8769e7f00
[2024-09-06T17:47:36.049+0000] {core_li.py:23} INFO - Successfully updated job requisition 66db04acbf0a19d8769e7f02
[2024-09-06T17:47:36.058+0000] {core_li.py:23} INFO - Successfully updated job requisition 66db04acbf0a19d8769e7f04
[2024-09-06T17:47:36.064+0000] {core_li.py:23} INFO - Successfully updated job requisition 66db04acbf0a19d8769e7f06
[2024-09-06T17:47:36.074+0000] {core_li.py:23} INFO - Successfully updated job requisition 66db04acbf0a19d8769e7f08
[2024-09-06T17:47:36.084+0000] {core_li.py:23} INFO - Successfully updated job requisition 66db04acbf0a19d8769e7f0a
[2024-09-06T17:47:36.092+0000] {core_li.py:23} INFO - Successfully updated job requisition 66db04acbf0a19d8769e7f0c
[2024-09-06T17:47:36.103+0000] {core_li.py:23} INFO - Successfully updated job requisition 66db04acbf0a19d8769e7f0e
[2024-09-06T17:47:36.111+0000] {core_li.py:23} INFO - Successfully updated job requisition 66db04acbf0a19d8769e7f10
[2024-09-06T17:47:36.122+0000] {core_li.py:23} INFO - Successfully updated job requisition 66db04acbf0a19d8769e7f12
[2024-09-06T17:47:36.133+0000] {core_li.py:23} INFO - Successfully updated job requisition 66db04acbf0a19d8769e7f14
[2024-09-06T17:47:36.151+0000] {core_li.py:23} INFO - Successfully updated job requisition 66db04acbf0a19d8769e7f16
[2024-09-06T17:47:36.168+0000] {core_li.py:23} INFO - Successfully updated job requisition 66db04acbf0a19d8769e7f18
[2024-09-06T17:47:36.193+0000] {core_li.py:23} INFO - Successfully updated job requisition 66db04acbf0a19d8769e7f1a
[2024-09-06T17:47:36.220+0000] {core_li.py:23} INFO - Successfully updated job requisition 66db04acbf0a19d8769e7f1c
[2024-09-06T17:47:36.242+0000] {core_li.py:23} INFO - Successfully updated job requisition 66db04acbf0a19d8769e7f1e
[2024-09-06T17:47:36.256+0000] {core_li.py:23} INFO - Successfully updated job requisition 66db04acbf0a19d8769e7f20
[2024-09-06T17:47:36.272+0000] {core_li.py:23} INFO - Successfully updated job requisition 66db04acbf0a19d8769e7f22
[2024-09-06T17:47:36.288+0000] {core_li.py:23} INFO - Successfully updated job requisition 66db04acbf0a19d8769e7f24
[2024-09-06T17:47:36.298+0000] {core_li.py:23} INFO - Successfully updated job requisition 66db04acbf0a19d8769e7f26
[2024-09-06T17:47:36.308+0000] {core_li.py:23} INFO - Successfully updated job requisition 66db04acbf0a19d8769e7f28
[2024-09-06T17:47:36.319+0000] {core_li.py:23} INFO - Successfully updated job requisition 66db04acbf0a19d8769e7f2a
[2024-09-06T17:47:36.328+0000] {core_li.py:23} INFO - Successfully updated job requisition 66db04acbf0a19d8769e7f2c
[2024-09-06T17:47:36.337+0000] {core_li.py:23} INFO - Successfully updated job requisition 66db04acbf0a19d8769e7f2e
[2024-09-06T17:47:36.347+0000] {core_li.py:23} INFO - Successfully updated job requisition 66db04acbf0a19d8769e7f30
[2024-09-06T17:47:36.359+0000] {core_li.py:23} INFO - Successfully updated job requisition 66db04acbf0a19d8769e7f32
[2024-09-06T17:47:36.373+0000] {core_li.py:23} INFO - Successfully updated job requisition 66db04acbf0a19d8769e7f34
[2024-09-06T17:47:36.390+0000] {core_li.py:23} INFO - Successfully updated job requisition 66db04acbf0a19d8769e7f36
[2024-09-06T17:47:36.398+0000] {core_li.py:23} INFO - Successfully updated job requisition 66db04acbf0a19d8769e7f38
[2024-09-06T17:47:36.407+0000] {core_li.py:23} INFO - Successfully updated job requisition 66db04acbf0a19d8769e7f3a
[2024-09-06T17:47:36.416+0000] {core_li.py:23} INFO - Successfully updated job requisition 66db04acbf0a19d8769e7f3c
[2024-09-06T17:47:36.440+0000] {core_li.py:23} INFO - Successfully updated job requisition 66db04acbf0a19d8769e7f3e
[2024-09-06T17:47:36.451+0000] {core_li.py:23} INFO - Successfully updated job requisition 66db04acbf0a19d8769e7f40
[2024-09-06T17:47:36.469+0000] {core_li.py:23} INFO - Successfully updated job requisition 66db04acbf0a19d8769e7f42
[2024-09-06T17:47:36.482+0000] {core_li.py:23} INFO - Successfully updated job requisition 66db04acbf0a19d8769e7f44
[2024-09-06T17:47:36.490+0000] {core_li.py:23} INFO - Successfully updated job requisition 66db04acbf0a19d8769e7f46
[2024-09-06T17:47:36.504+0000] {core_li.py:23} INFO - Successfully updated job requisition 66db04acbf0a19d8769e7f48
[2024-09-06T17:47:36.519+0000] {core_li.py:23} INFO - Successfully updated job requisition 66db04acbf0a19d8769e7f4a
[2024-09-06T17:47:36.529+0000] {core_li.py:23} INFO - Successfully updated job requisition 66db04acbf0a19d8769e7f4c
[2024-09-06T17:47:36.546+0000] {core_li.py:23} INFO - Successfully updated job requisition 66db04acbf0a19d8769e7f4e
[2024-09-06T17:47:36.555+0000] {core_li.py:23} INFO - Successfully updated job requisition 66db04acbf0a19d8769e7f50
[2024-09-06T17:47:36.556+0000] {python.py:240} INFO - Done. Returned value was: 100
[2024-09-06T17:47:36.583+0000] {taskinstance.py:340} INFO - ::group::Post task execution logs
[2024-09-06T17:47:36.587+0000] {taskinstance.py:352} INFO - Marking task as SUCCESS. dag_id=async_flow, task_id=task_backfill_number_of_cancelled_candidates_in_batch, run_id=manual__2024-09-06T17:47:30.120511+00:00, map_index=29, execution_date=20240906T174730, start_date=20240906T174734, end_date=20240906T174736
[2024-09-06T17:47:36.635+0000] {local_task_job_runner.py:266} INFO - Task exited with return code 0
[2024-09-06T17:47:36.648+0000] {local_task_job_runner.py:245} INFO - ::endgroup::
