[2024-09-06T17:45:51.097+0000] {local_task_job_runner.py:123} INFO - ::group::Pre task execution logs
[2024-09-06T17:45:51.138+0000] {taskinstance.py:2612} INFO - Dependencies all met for dep_context=non-requeueable deps ti=<TaskInstance: async_flow.task_backfill_number_of_cancelled_candidates_in_batch manual__2024-09-06T17:29:39.458358+00:00 map_index=22 [queued]>
[2024-09-06T17:45:51.146+0000] {taskinstance.py:2612} INFO - Dependencies all met for dep_context=requeueable deps ti=<TaskInstance: async_flow.task_backfill_number_of_cancelled_candidates_in_batch manual__2024-09-06T17:29:39.458358+00:00 map_index=22 [queued]>
[2024-09-06T17:45:51.150+0000] {taskinstance.py:2865} INFO - Starting attempt 2 of 2
[2024-09-06T17:45:51.163+0000] {taskinstance.py:2888} INFO - Executing <Mapped(_PythonDecoratedOperator): task_backfill_number_of_cancelled_candidates_in_batch> on 2024-09-06 17:29:39.458358+00:00
[2024-09-06T17:45:51.170+0000] {warnings.py:112} WARNING - /home/***/.local/lib/python3.12/site-packages/***/task/task_runner/standard_task_runner.py:70: DeprecationWarning: This process (pid=515) is multi-threaded, use of fork() may lead to deadlocks in the child.
  pid = os.fork()

[2024-09-06T17:45:51.174+0000] {standard_task_runner.py:72} INFO - Started process 588 to run task
[2024-09-06T17:45:51.174+0000] {standard_task_runner.py:104} INFO - Running: ['***', 'tasks', 'run', 'async_flow', 'task_backfill_number_of_cancelled_candidates_in_batch', 'manual__2024-09-06T17:29:39.458358+00:00', '--job-id', '247', '--raw', '--subdir', 'DAGS_FOLDER/dags_async_flow.py', '--cfg-path', '/tmp/tmpnua48v3p', '--map-index', '22']
[2024-09-06T17:45:51.176+0000] {standard_task_runner.py:105} INFO - Job 247: Subtask task_backfill_number_of_cancelled_candidates_in_batch
[2024-09-06T17:45:51.241+0000] {task_command.py:467} INFO - Running <TaskInstance: async_flow.task_backfill_number_of_cancelled_candidates_in_batch manual__2024-09-06T17:29:39.458358+00:00 map_index=22 [running]> on host 0817eb6c24af
[2024-09-06T17:45:51.374+0000] {taskinstance.py:3131} INFO - Exporting env vars: AIRFLOW_CTX_DAG_OWNER='***' AIRFLOW_CTX_DAG_ID='async_flow' AIRFLOW_CTX_TASK_ID='task_backfill_number_of_cancelled_candidates_in_batch' AIRFLOW_CTX_EXECUTION_DATE='2024-09-06T17:29:39.458358+00:00' AIRFLOW_CTX_TRY_NUMBER='2' AIRFLOW_CTX_DAG_RUN_ID='manual__2024-09-06T17:29:39.458358+00:00'
[2024-09-06T17:45:51.376+0000] {taskinstance.py:731} INFO - ::endgroup::
[2024-09-06T17:45:51.390+0000] {core_li.py:23} INFO - Successfully updated job requisition 66db04abbf0a19d8769e7912
[2024-09-06T17:45:51.406+0000] {core_li.py:23} INFO - Successfully updated job requisition 66db04abbf0a19d8769e7914
[2024-09-06T17:45:51.417+0000] {core_li.py:23} INFO - Successfully updated job requisition 66db04abbf0a19d8769e7916
[2024-09-06T17:45:51.436+0000] {core_li.py:23} INFO - Successfully updated job requisition 66db04abbf0a19d8769e7918
[2024-09-06T17:45:51.448+0000] {core_li.py:23} INFO - Successfully updated job requisition 66db04abbf0a19d8769e791a
[2024-09-06T17:45:51.461+0000] {core_li.py:23} INFO - Successfully updated job requisition 66db04abbf0a19d8769e791c
[2024-09-06T17:45:51.476+0000] {core_li.py:23} INFO - Successfully updated job requisition 66db04abbf0a19d8769e791e
[2024-09-06T17:45:51.485+0000] {core_li.py:23} INFO - Successfully updated job requisition 66db04abbf0a19d8769e7920
[2024-09-06T17:45:51.495+0000] {core_li.py:23} INFO - Successfully updated job requisition 66db04abbf0a19d8769e7922
[2024-09-06T17:45:51.502+0000] {core_li.py:23} INFO - Successfully updated job requisition 66db04abbf0a19d8769e7924
[2024-09-06T17:45:51.508+0000] {core_li.py:23} INFO - Successfully updated job requisition 66db04abbf0a19d8769e7926
[2024-09-06T17:45:51.516+0000] {core_li.py:23} INFO - Successfully updated job requisition 66db04abbf0a19d8769e7928
[2024-09-06T17:45:51.530+0000] {core_li.py:23} INFO - Successfully updated job requisition 66db04abbf0a19d8769e792a
[2024-09-06T17:45:51.539+0000] {core_li.py:23} INFO - Successfully updated job requisition 66db04abbf0a19d8769e792c
[2024-09-06T17:45:51.547+0000] {core_li.py:23} INFO - Successfully updated job requisition 66db04abbf0a19d8769e792e
[2024-09-06T17:45:51.555+0000] {core_li.py:23} INFO - Successfully updated job requisition 66db04abbf0a19d8769e7930
[2024-09-06T17:45:51.563+0000] {core_li.py:23} INFO - Successfully updated job requisition 66db04abbf0a19d8769e7932
[2024-09-06T17:45:51.571+0000] {core_li.py:23} INFO - Successfully updated job requisition 66db04abbf0a19d8769e7934
[2024-09-06T17:45:51.578+0000] {core_li.py:23} INFO - Successfully updated job requisition 66db04abbf0a19d8769e7936
[2024-09-06T17:45:51.585+0000] {core_li.py:23} INFO - Successfully updated job requisition 66db04abbf0a19d8769e7938
[2024-09-06T17:45:51.591+0000] {core_li.py:23} INFO - Successfully updated job requisition 66db04abbf0a19d8769e793a
[2024-09-06T17:45:51.599+0000] {core_li.py:23} INFO - Successfully updated job requisition 66db04abbf0a19d8769e793c
[2024-09-06T17:45:51.606+0000] {core_li.py:23} INFO - Successfully updated job requisition 66db04abbf0a19d8769e793e
[2024-09-06T17:45:51.621+0000] {core_li.py:23} INFO - Successfully updated job requisition 66db04abbf0a19d8769e7940
[2024-09-06T17:45:51.631+0000] {core_li.py:23} INFO - Successfully updated job requisition 66db04abbf0a19d8769e7942
[2024-09-06T17:45:51.637+0000] {core_li.py:23} INFO - Successfully updated job requisition 66db04abbf0a19d8769e7944
[2024-09-06T17:45:51.646+0000] {core_li.py:23} INFO - Successfully updated job requisition 66db04abbf0a19d8769e7946
[2024-09-06T17:45:51.654+0000] {core_li.py:23} INFO - Successfully updated job requisition 66db04abbf0a19d8769e7948
[2024-09-06T17:45:51.666+0000] {core_li.py:23} INFO - Successfully updated job requisition 66db04abbf0a19d8769e794a
[2024-09-06T17:45:51.673+0000] {core_li.py:23} INFO - Successfully updated job requisition 66db04abbf0a19d8769e794c
[2024-09-06T17:45:51.683+0000] {core_li.py:23} INFO - Successfully updated job requisition 66db04abbf0a19d8769e794e
[2024-09-06T17:45:51.691+0000] {core_li.py:23} INFO - Successfully updated job requisition 66db04abbf0a19d8769e7950
[2024-09-06T17:45:51.701+0000] {core_li.py:23} INFO - Successfully updated job requisition 66db04abbf0a19d8769e7952
[2024-09-06T17:45:51.708+0000] {core_li.py:23} INFO - Successfully updated job requisition 66db04abbf0a19d8769e7954
[2024-09-06T17:45:51.713+0000] {core_li.py:23} INFO - Successfully updated job requisition 66db04abbf0a19d8769e7956
[2024-09-06T17:45:51.721+0000] {core_li.py:23} INFO - Successfully updated job requisition 66db04abbf0a19d8769e7958
[2024-09-06T17:45:51.727+0000] {core_li.py:23} INFO - Successfully updated job requisition 66db04abbf0a19d8769e795a
[2024-09-06T17:45:51.735+0000] {core_li.py:23} INFO - Successfully updated job requisition 66db04abbf0a19d8769e795c
[2024-09-06T17:45:51.743+0000] {core_li.py:23} INFO - Successfully updated job requisition 66db04abbf0a19d8769e795e
[2024-09-06T17:45:51.750+0000] {core_li.py:23} INFO - Successfully updated job requisition 66db04abbf0a19d8769e7960
[2024-09-06T17:45:51.759+0000] {core_li.py:23} INFO - Successfully updated job requisition 66db04abbf0a19d8769e7962
[2024-09-06T17:45:51.765+0000] {core_li.py:23} INFO - Successfully updated job requisition 66db04abbf0a19d8769e7964
[2024-09-06T17:45:51.774+0000] {core_li.py:23} INFO - Successfully updated job requisition 66db04abbf0a19d8769e7966
[2024-09-06T17:45:51.782+0000] {core_li.py:23} INFO - Successfully updated job requisition 66db04abbf0a19d8769e7968
[2024-09-06T17:45:51.796+0000] {core_li.py:23} INFO - Successfully updated job requisition 66db04abbf0a19d8769e796a
[2024-09-06T17:45:51.805+0000] {core_li.py:23} INFO - Successfully updated job requisition 66db04abbf0a19d8769e796c
[2024-09-06T17:45:51.813+0000] {core_li.py:23} INFO - Successfully updated job requisition 66db04abbf0a19d8769e796e
[2024-09-06T17:45:51.819+0000] {core_li.py:23} INFO - Successfully updated job requisition 66db04abbf0a19d8769e7970
[2024-09-06T17:45:51.828+0000] {core_li.py:23} INFO - Successfully updated job requisition 66db04abbf0a19d8769e7972
[2024-09-06T17:45:51.835+0000] {core_li.py:23} INFO - Successfully updated job requisition 66db04abbf0a19d8769e7974
[2024-09-06T17:45:51.847+0000] {core_li.py:23} INFO - Successfully updated job requisition 66db04abbf0a19d8769e7976
[2024-09-06T17:45:51.855+0000] {core_li.py:23} INFO - Successfully updated job requisition 66db04abbf0a19d8769e7978
[2024-09-06T17:45:51.863+0000] {core_li.py:23} INFO - Successfully updated job requisition 66db04abbf0a19d8769e797a
[2024-09-06T17:45:51.871+0000] {core_li.py:23} INFO - Successfully updated job requisition 66db04abbf0a19d8769e797c
[2024-09-06T17:45:51.878+0000] {core_li.py:23} INFO - Successfully updated job requisition 66db04abbf0a19d8769e797e
[2024-09-06T17:45:51.887+0000] {core_li.py:23} INFO - Successfully updated job requisition 66db04abbf0a19d8769e7980
[2024-09-06T17:45:51.894+0000] {core_li.py:23} INFO - Successfully updated job requisition 66db04abbf0a19d8769e7982
[2024-09-06T17:45:51.899+0000] {core_li.py:23} INFO - Successfully updated job requisition 66db04abbf0a19d8769e7984
[2024-09-06T17:45:51.907+0000] {core_li.py:23} INFO - Successfully updated job requisition 66db04abbf0a19d8769e7986
[2024-09-06T17:45:51.914+0000] {core_li.py:23} INFO - Successfully updated job requisition 66db04abbf0a19d8769e7988
[2024-09-06T17:45:51.925+0000] {core_li.py:23} INFO - Successfully updated job requisition 66db04abbf0a19d8769e798a
[2024-09-06T17:45:51.942+0000] {core_li.py:23} INFO - Successfully updated job requisition 66db04abbf0a19d8769e798c
[2024-09-06T17:45:51.951+0000] {core_li.py:23} INFO - Successfully updated job requisition 66db04abbf0a19d8769e798e
[2024-09-06T17:45:51.958+0000] {core_li.py:23} INFO - Successfully updated job requisition 66db04abbf0a19d8769e7990
[2024-09-06T17:45:51.966+0000] {core_li.py:23} INFO - Successfully updated job requisition 66db04abbf0a19d8769e7992
[2024-09-06T17:45:51.972+0000] {core_li.py:23} INFO - Successfully updated job requisition 66db04abbf0a19d8769e7994
[2024-09-06T17:45:51.983+0000] {core_li.py:23} INFO - Successfully updated job requisition 66db04abbf0a19d8769e7996
[2024-09-06T17:45:51.990+0000] {core_li.py:23} INFO - Successfully updated job requisition 66db04abbf0a19d8769e7998
[2024-09-06T17:45:51.997+0000] {core_li.py:23} INFO - Successfully updated job requisition 66db04abbf0a19d8769e799a
[2024-09-06T17:45:52.004+0000] {core_li.py:23} INFO - Successfully updated job requisition 66db04abbf0a19d8769e799c
[2024-09-06T17:45:52.012+0000] {core_li.py:23} INFO - Successfully updated job requisition 66db04abbf0a19d8769e799e
[2024-09-06T17:45:52.020+0000] {core_li.py:23} INFO - Successfully updated job requisition 66db04abbf0a19d8769e79a0
[2024-09-06T17:45:52.027+0000] {core_li.py:23} INFO - Successfully updated job requisition 66db04abbf0a19d8769e79a2
[2024-09-06T17:45:52.034+0000] {core_li.py:23} INFO - Successfully updated job requisition 66db04abbf0a19d8769e79a4
[2024-09-06T17:45:52.042+0000] {core_li.py:23} INFO - Successfully updated job requisition 66db04abbf0a19d8769e79a6
[2024-09-06T17:45:52.051+0000] {core_li.py:23} INFO - Successfully updated job requisition 66db04abbf0a19d8769e79a8
[2024-09-06T17:45:52.058+0000] {core_li.py:23} INFO - Successfully updated job requisition 66db04abbf0a19d8769e79aa
[2024-09-06T17:45:52.068+0000] {core_li.py:23} INFO - Successfully updated job requisition 66db04abbf0a19d8769e79ac
[2024-09-06T17:45:52.076+0000] {core_li.py:23} INFO - Successfully updated job requisition 66db04abbf0a19d8769e79ae
[2024-09-06T17:45:52.088+0000] {core_li.py:23} INFO - Successfully updated job requisition 66db04abbf0a19d8769e79b0
[2024-09-06T17:45:52.095+0000] {core_li.py:23} INFO - Successfully updated job requisition 66db04abbf0a19d8769e79b2
[2024-09-06T17:45:52.101+0000] {core_li.py:23} INFO - Successfully updated job requisition 66db04abbf0a19d8769e79b4
[2024-09-06T17:45:52.108+0000] {core_li.py:23} INFO - Successfully updated job requisition 66db04abbf0a19d8769e79b6
[2024-09-06T17:45:52.116+0000] {core_li.py:23} INFO - Successfully updated job requisition 66db04abbf0a19d8769e79b8
[2024-09-06T17:45:52.124+0000] {core_li.py:23} INFO - Successfully updated job requisition 66db04abbf0a19d8769e79ba
[2024-09-06T17:45:52.133+0000] {core_li.py:23} INFO - Successfully updated job requisition 66db04abbf0a19d8769e79bc
[2024-09-06T17:45:52.141+0000] {core_li.py:23} INFO - Successfully updated job requisition 66db04abbf0a19d8769e79be
[2024-09-06T17:45:52.150+0000] {core_li.py:23} INFO - Successfully updated job requisition 66db04abbf0a19d8769e79c0
[2024-09-06T17:45:52.158+0000] {core_li.py:23} INFO - Successfully updated job requisition 66db04abbf0a19d8769e79c2
[2024-09-06T17:45:52.165+0000] {core_li.py:23} INFO - Successfully updated job requisition 66db04abbf0a19d8769e79c4
[2024-09-06T17:45:52.173+0000] {core_li.py:23} INFO - Successfully updated job requisition 66db04abbf0a19d8769e79c6
[2024-09-06T17:45:52.180+0000] {core_li.py:23} INFO - Successfully updated job requisition 66db04abbf0a19d8769e79c8
[2024-09-06T17:45:52.189+0000] {core_li.py:23} INFO - Successfully updated job requisition 66db04abbf0a19d8769e79ca
[2024-09-06T17:45:52.197+0000] {core_li.py:23} INFO - Successfully updated job requisition 66db04abbf0a19d8769e79cc
[2024-09-06T17:45:52.206+0000] {core_li.py:23} INFO - Successfully updated job requisition 66db04abbf0a19d8769e79ce
[2024-09-06T17:45:52.217+0000] {core_li.py:23} INFO - Successfully updated job requisition 66db04abbf0a19d8769e79d0
[2024-09-06T17:45:52.223+0000] {core_li.py:23} INFO - Successfully updated job requisition 66db04abbf0a19d8769e79d2
[2024-09-06T17:45:52.230+0000] {core_li.py:23} INFO - Successfully updated job requisition 66db04abbf0a19d8769e79d4
[2024-09-06T17:45:52.238+0000] {core_li.py:23} INFO - Successfully updated job requisition 66db04abbf0a19d8769e79d6
[2024-09-06T17:45:52.246+0000] {core_li.py:23} INFO - Successfully updated job requisition 66db04abbf0a19d8769e79d8
[2024-09-06T17:45:52.246+0000] {python.py:240} INFO - Done. Returned value was: 100
[2024-09-06T17:45:52.266+0000] {taskinstance.py:340} INFO - ::group::Post task execution logs
[2024-09-06T17:45:52.268+0000] {taskinstance.py:352} INFO - Marking task as SUCCESS. dag_id=async_flow, task_id=task_backfill_number_of_cancelled_candidates_in_batch, run_id=manual__2024-09-06T17:29:39.458358+00:00, map_index=22, execution_date=20240906T172939, start_date=20240906T174551, end_date=20240906T174552
[2024-09-06T17:45:52.306+0000] {local_task_job_runner.py:266} INFO - Task exited with return code 0
[2024-09-06T17:45:52.313+0000] {local_task_job_runner.py:245} INFO - ::endgroup::
