[2024-09-06T17:43:04.397+0000] {local_task_job_runner.py:123} INFO - ::group::Pre task execution logs
[2024-09-06T17:43:04.435+0000] {taskinstance.py:2612} INFO - Dependencies all met for dep_context=non-requeueable deps ti=<TaskInstance: async_flow.task_backfill_number_of_cancelled_candidates_in_batch manual__2024-09-06T17:43:02.727107+00:00 map_index=0 [queued]>
[2024-09-06T17:43:04.446+0000] {taskinstance.py:2612} INFO - Dependencies all met for dep_context=requeueable deps ti=<TaskInstance: async_flow.task_backfill_number_of_cancelled_candidates_in_batch manual__2024-09-06T17:43:02.727107+00:00 map_index=0 [queued]>
[2024-09-06T17:43:04.447+0000] {taskinstance.py:2865} INFO - Starting attempt 1 of 1
[2024-09-06T17:43:04.464+0000] {taskinstance.py:2888} INFO - Executing <Mapped(_PythonDecoratedOperator): task_backfill_number_of_cancelled_candidates_in_batch> on 2024-09-06 17:43:02.727107+00:00
[2024-09-06T17:43:04.474+0000] {standard_task_runner.py:104} INFO - Running: ['***', 'tasks', 'run', 'async_flow', 'task_backfill_number_of_cancelled_candidates_in_batch', 'manual__2024-09-06T17:43:02.727107+00:00', '--job-id', '179', '--raw', '--subdir', 'DAGS_FOLDER/dags_async_flow.py', '--cfg-path', '/tmp/tmpgc8_xvff', '--map-index', '0']
[2024-09-06T17:43:04.477+0000] {standard_task_runner.py:105} INFO - Job 179: Subtask task_backfill_number_of_cancelled_candidates_in_batch
[2024-09-06T17:43:04.470+0000] {warnings.py:112} WARNING - /home/***/.local/lib/python3.12/site-packages/***/task/task_runner/standard_task_runner.py:70: DeprecationWarning: This process (pid=82) is multi-threaded, use of fork() may lead to deadlocks in the child.
  pid = os.fork()

[2024-09-06T17:43:04.484+0000] {standard_task_runner.py:72} INFO - Started process 146 to run task
[2024-09-06T17:43:04.550+0000] {task_command.py:467} INFO - Running <TaskInstance: async_flow.task_backfill_number_of_cancelled_candidates_in_batch manual__2024-09-06T17:43:02.727107+00:00 map_index=0 [running]> on host 0817eb6c24af
[2024-09-06T17:43:04.927+0000] {taskinstance.py:3131} INFO - Exporting env vars: AIRFLOW_CTX_DAG_OWNER='***' AIRFLOW_CTX_DAG_ID='async_flow' AIRFLOW_CTX_TASK_ID='task_backfill_number_of_cancelled_candidates_in_batch' AIRFLOW_CTX_EXECUTION_DATE='2024-09-06T17:43:02.727107+00:00' AIRFLOW_CTX_TRY_NUMBER='1' AIRFLOW_CTX_DAG_RUN_ID='manual__2024-09-06T17:43:02.727107+00:00'
[2024-09-06T17:43:04.930+0000] {taskinstance.py:731} INFO - ::endgroup::
[2024-09-06T17:43:04.979+0000] {core_li.py:23} INFO - Successfully updated job requisition 66db04aabf0a19d8769e5b62
[2024-09-06T17:43:04.996+0000] {core_li.py:23} INFO - Successfully updated job requisition 66db04aabf0a19d8769e5b64
[2024-09-06T17:43:05.021+0000] {core_li.py:23} INFO - Successfully updated job requisition 66db04aabf0a19d8769e5b66
[2024-09-06T17:43:05.033+0000] {core_li.py:23} INFO - Successfully updated job requisition 66db04aabf0a19d8769e5b68
[2024-09-06T17:43:05.043+0000] {core_li.py:23} INFO - Successfully updated job requisition 66db04aabf0a19d8769e5b6a
[2024-09-06T17:43:05.055+0000] {core_li.py:23} INFO - Successfully updated job requisition 66db04aabf0a19d8769e5b6c
[2024-09-06T17:43:05.073+0000] {core_li.py:23} INFO - Successfully updated job requisition 66db04aabf0a19d8769e5b6e
[2024-09-06T17:43:05.087+0000] {core_li.py:23} INFO - Successfully updated job requisition 66db04aabf0a19d8769e5b70
[2024-09-06T17:43:05.099+0000] {core_li.py:23} INFO - Successfully updated job requisition 66db04aabf0a19d8769e5b72
[2024-09-06T17:43:05.110+0000] {core_li.py:23} INFO - Successfully updated job requisition 66db04aabf0a19d8769e5b74
[2024-09-06T17:43:05.124+0000] {core_li.py:23} INFO - Successfully updated job requisition 66db04aabf0a19d8769e5b76
[2024-09-06T17:43:05.139+0000] {core_li.py:23} INFO - Successfully updated job requisition 66db04aabf0a19d8769e5b78
[2024-09-06T17:43:05.148+0000] {core_li.py:23} INFO - Successfully updated job requisition 66db04aabf0a19d8769e5b7a
[2024-09-06T17:43:05.157+0000] {core_li.py:23} INFO - Successfully updated job requisition 66db04aabf0a19d8769e5b7c
[2024-09-06T17:43:05.174+0000] {core_li.py:23} INFO - Successfully updated job requisition 66db04aabf0a19d8769e5b7e
[2024-09-06T17:43:05.181+0000] {core_li.py:23} INFO - Successfully updated job requisition 66db04aabf0a19d8769e5b80
[2024-09-06T17:43:05.195+0000] {core_li.py:23} INFO - Successfully updated job requisition 66db04aabf0a19d8769e5b82
[2024-09-06T17:43:05.202+0000] {core_li.py:23} INFO - Successfully updated job requisition 66db04aabf0a19d8769e5b84
[2024-09-06T17:43:05.226+0000] {core_li.py:23} INFO - Successfully updated job requisition 66db04aabf0a19d8769e5b86
[2024-09-06T17:43:05.235+0000] {core_li.py:23} INFO - Successfully updated job requisition 66db04aabf0a19d8769e5b88
[2024-09-06T17:43:05.254+0000] {core_li.py:23} INFO - Successfully updated job requisition 66db04aabf0a19d8769e5b8a
[2024-09-06T17:43:05.267+0000] {core_li.py:23} INFO - Successfully updated job requisition 66db04aabf0a19d8769e5b8c
[2024-09-06T17:43:05.279+0000] {core_li.py:23} INFO - Successfully updated job requisition 66db04aabf0a19d8769e5b8e
[2024-09-06T17:43:05.289+0000] {core_li.py:23} INFO - Successfully updated job requisition 66db04aabf0a19d8769e5b90
[2024-09-06T17:43:05.297+0000] {core_li.py:23} INFO - Successfully updated job requisition 66db04aabf0a19d8769e5b92
[2024-09-06T17:43:05.309+0000] {core_li.py:23} INFO - Successfully updated job requisition 66db04aabf0a19d8769e5b94
[2024-09-06T17:43:05.319+0000] {core_li.py:23} INFO - Successfully updated job requisition 66db04aabf0a19d8769e5b96
[2024-09-06T17:43:05.328+0000] {core_li.py:23} INFO - Successfully updated job requisition 66db04aabf0a19d8769e5b98
[2024-09-06T17:43:05.338+0000] {core_li.py:23} INFO - Successfully updated job requisition 66db04aabf0a19d8769e5b9a
[2024-09-06T17:43:05.347+0000] {core_li.py:23} INFO - Successfully updated job requisition 66db04aabf0a19d8769e5b9c
[2024-09-06T17:43:05.355+0000] {core_li.py:23} INFO - Successfully updated job requisition 66db04aabf0a19d8769e5b9e
[2024-09-06T17:43:05.364+0000] {core_li.py:23} INFO - Successfully updated job requisition 66db04aabf0a19d8769e5ba0
[2024-09-06T17:43:05.373+0000] {core_li.py:23} INFO - Successfully updated job requisition 66db04aabf0a19d8769e5ba2
[2024-09-06T17:43:05.383+0000] {core_li.py:23} INFO - Successfully updated job requisition 66db04aabf0a19d8769e5ba4
[2024-09-06T17:43:05.393+0000] {core_li.py:23} INFO - Successfully updated job requisition 66db04aabf0a19d8769e5ba6
[2024-09-06T17:43:05.401+0000] {core_li.py:23} INFO - Successfully updated job requisition 66db04aabf0a19d8769e5ba8
[2024-09-06T17:43:05.417+0000] {core_li.py:23} INFO - Successfully updated job requisition 66db04aabf0a19d8769e5baa
[2024-09-06T17:43:05.426+0000] {core_li.py:23} INFO - Successfully updated job requisition 66db04aabf0a19d8769e5bac
[2024-09-06T17:43:05.435+0000] {core_li.py:23} INFO - Successfully updated job requisition 66db04aabf0a19d8769e5bae
[2024-09-06T17:43:05.444+0000] {core_li.py:23} INFO - Successfully updated job requisition 66db04aabf0a19d8769e5bb0
[2024-09-06T17:43:05.456+0000] {core_li.py:23} INFO - Successfully updated job requisition 66db04aabf0a19d8769e5bb2
[2024-09-06T17:43:05.465+0000] {core_li.py:23} INFO - Successfully updated job requisition 66db04aabf0a19d8769e5bb4
[2024-09-06T17:43:05.475+0000] {core_li.py:23} INFO - Successfully updated job requisition 66db04aabf0a19d8769e5bb6
[2024-09-06T17:43:05.485+0000] {core_li.py:23} INFO - Successfully updated job requisition 66db04aabf0a19d8769e5bb8
[2024-09-06T17:43:05.494+0000] {core_li.py:23} INFO - Successfully updated job requisition 66db04aabf0a19d8769e5bba
[2024-09-06T17:43:05.503+0000] {core_li.py:23} INFO - Successfully updated job requisition 66db04aabf0a19d8769e5bbc
[2024-09-06T17:43:05.516+0000] {core_li.py:23} INFO - Successfully updated job requisition 66db04aabf0a19d8769e5bbe
[2024-09-06T17:43:05.524+0000] {core_li.py:23} INFO - Successfully updated job requisition 66db04aabf0a19d8769e5bc0
[2024-09-06T17:43:05.537+0000] {core_li.py:23} INFO - Successfully updated job requisition 66db04aabf0a19d8769e5bc2
[2024-09-06T17:43:05.552+0000] {core_li.py:23} INFO - Successfully updated job requisition 66db04aabf0a19d8769e5bc4
[2024-09-06T17:43:05.568+0000] {core_li.py:23} INFO - Successfully updated job requisition 66db04aabf0a19d8769e5bc6
[2024-09-06T17:43:05.588+0000] {core_li.py:23} INFO - Successfully updated job requisition 66db04aabf0a19d8769e5bc8
[2024-09-06T17:43:05.603+0000] {core_li.py:23} INFO - Successfully updated job requisition 66db04aabf0a19d8769e5bca
[2024-09-06T17:43:05.614+0000] {core_li.py:23} INFO - Successfully updated job requisition 66db04aabf0a19d8769e5bcc
[2024-09-06T17:43:05.631+0000] {core_li.py:23} INFO - Successfully updated job requisition 66db04aabf0a19d8769e5bce
[2024-09-06T17:43:05.676+0000] {core_li.py:23} INFO - Successfully updated job requisition 66db04aabf0a19d8769e5bd0
[2024-09-06T17:43:05.699+0000] {core_li.py:23} INFO - Successfully updated job requisition 66db04aabf0a19d8769e5bd2
[2024-09-06T17:43:05.740+0000] {core_li.py:23} INFO - Successfully updated job requisition 66db04aabf0a19d8769e5bd4
[2024-09-06T17:43:05.755+0000] {core_li.py:23} INFO - Successfully updated job requisition 66db04aabf0a19d8769e5bd6
[2024-09-06T17:43:05.774+0000] {core_li.py:23} INFO - Successfully updated job requisition 66db04aabf0a19d8769e5bd8
[2024-09-06T17:43:05.798+0000] {core_li.py:23} INFO - Successfully updated job requisition 66db04aabf0a19d8769e5bda
[2024-09-06T17:43:05.808+0000] {core_li.py:23} INFO - Successfully updated job requisition 66db04aabf0a19d8769e5bdc
[2024-09-06T17:43:05.822+0000] {core_li.py:23} INFO - Successfully updated job requisition 66db04aabf0a19d8769e5bde
[2024-09-06T17:43:05.833+0000] {core_li.py:23} INFO - Successfully updated job requisition 66db04aabf0a19d8769e5be0
[2024-09-06T17:43:05.849+0000] {core_li.py:23} INFO - Successfully updated job requisition 66db04aabf0a19d8769e5be2
[2024-09-06T17:43:05.860+0000] {core_li.py:23} INFO - Successfully updated job requisition 66db04aabf0a19d8769e5be4
[2024-09-06T17:43:05.880+0000] {core_li.py:23} INFO - Successfully updated job requisition 66db04aabf0a19d8769e5be6
[2024-09-06T17:43:05.896+0000] {core_li.py:23} INFO - Successfully updated job requisition 66db04aabf0a19d8769e5be8
[2024-09-06T17:43:05.907+0000] {core_li.py:23} INFO - Successfully updated job requisition 66db04aabf0a19d8769e5bea
[2024-09-06T17:43:05.921+0000] {core_li.py:23} INFO - Successfully updated job requisition 66db04aabf0a19d8769e5bec
[2024-09-06T17:43:05.933+0000] {core_li.py:23} INFO - Successfully updated job requisition 66db04aabf0a19d8769e5bee
[2024-09-06T17:43:05.942+0000] {core_li.py:23} INFO - Successfully updated job requisition 66db04aabf0a19d8769e5bf0
[2024-09-06T17:43:05.950+0000] {core_li.py:23} INFO - Successfully updated job requisition 66db04aabf0a19d8769e5bf2
[2024-09-06T17:43:05.966+0000] {core_li.py:23} INFO - Successfully updated job requisition 66db04aabf0a19d8769e5bf4
[2024-09-06T17:43:05.975+0000] {core_li.py:23} INFO - Successfully updated job requisition 66db04aabf0a19d8769e5bf6
[2024-09-06T17:43:05.983+0000] {core_li.py:23} INFO - Successfully updated job requisition 66db04aabf0a19d8769e5bf8
[2024-09-06T17:43:05.996+0000] {core_li.py:23} INFO - Successfully updated job requisition 66db04aabf0a19d8769e5bfa
[2024-09-06T17:43:06.015+0000] {core_li.py:23} INFO - Successfully updated job requisition 66db04aabf0a19d8769e5bfc
[2024-09-06T17:43:06.026+0000] {core_li.py:23} INFO - Successfully updated job requisition 66db04aabf0a19d8769e5bfe
[2024-09-06T17:43:06.033+0000] {core_li.py:23} INFO - Successfully updated job requisition 66db04aabf0a19d8769e5c00
[2024-09-06T17:43:06.040+0000] {core_li.py:23} INFO - Successfully updated job requisition 66db04aabf0a19d8769e5c02
[2024-09-06T17:43:06.049+0000] {core_li.py:23} INFO - Successfully updated job requisition 66db04aabf0a19d8769e5c04
[2024-09-06T17:43:06.058+0000] {core_li.py:23} INFO - Successfully updated job requisition 66db04aabf0a19d8769e5c06
[2024-09-06T17:43:06.066+0000] {core_li.py:23} INFO - Successfully updated job requisition 66db04aabf0a19d8769e5c08
[2024-09-06T17:43:06.075+0000] {core_li.py:23} INFO - Successfully updated job requisition 66db04aabf0a19d8769e5c0a
[2024-09-06T17:43:06.087+0000] {core_li.py:23} INFO - Successfully updated job requisition 66db04aabf0a19d8769e5c0c
[2024-09-06T17:43:06.097+0000] {core_li.py:23} INFO - Successfully updated job requisition 66db04aabf0a19d8769e5c0e
[2024-09-06T17:43:06.106+0000] {core_li.py:23} INFO - Successfully updated job requisition 66db04aabf0a19d8769e5c10
[2024-09-06T17:43:06.114+0000] {core_li.py:23} INFO - Successfully updated job requisition 66db04aabf0a19d8769e5c12
[2024-09-06T17:43:06.124+0000] {core_li.py:23} INFO - Successfully updated job requisition 66db04aabf0a19d8769e5c14
[2024-09-06T17:43:06.132+0000] {core_li.py:23} INFO - Successfully updated job requisition 66db04aabf0a19d8769e5c16
[2024-09-06T17:43:06.149+0000] {core_li.py:23} INFO - Successfully updated job requisition 66db04aabf0a19d8769e5c18
[2024-09-06T17:43:06.161+0000] {core_li.py:23} INFO - Successfully updated job requisition 66db04aabf0a19d8769e5c1a
[2024-09-06T17:43:06.168+0000] {core_li.py:23} INFO - Successfully updated job requisition 66db04aabf0a19d8769e5c1c
[2024-09-06T17:43:06.174+0000] {core_li.py:23} INFO - Successfully updated job requisition 66db04aabf0a19d8769e5c1e
[2024-09-06T17:43:06.180+0000] {core_li.py:23} INFO - Successfully updated job requisition 66db04aabf0a19d8769e5c20
[2024-09-06T17:43:06.187+0000] {core_li.py:23} INFO - Successfully updated job requisition 66db04aabf0a19d8769e5c22
[2024-09-06T17:43:06.200+0000] {core_li.py:23} INFO - Successfully updated job requisition 66db04aabf0a19d8769e5c24
[2024-09-06T17:43:06.208+0000] {core_li.py:23} INFO - Successfully updated job requisition 66db04aabf0a19d8769e5c26
[2024-09-06T17:43:06.221+0000] {core_li.py:23} INFO - Successfully updated job requisition 66db04aabf0a19d8769e5c28
[2024-09-06T17:43:06.222+0000] {python.py:240} INFO - Done. Returned value was: 100
[2024-09-06T17:43:06.265+0000] {taskinstance.py:340} INFO - ::group::Post task execution logs
[2024-09-06T17:43:06.270+0000] {taskinstance.py:352} INFO - Marking task as SUCCESS. dag_id=async_flow, task_id=task_backfill_number_of_cancelled_candidates_in_batch, run_id=manual__2024-09-06T17:43:02.727107+00:00, map_index=0, execution_date=20240906T174302, start_date=20240906T174304, end_date=20240906T174306
[2024-09-06T17:43:06.345+0000] {local_task_job_runner.py:266} INFO - Task exited with return code 0
[2024-09-06T17:43:06.365+0000] {local_task_job_runner.py:245} INFO - ::endgroup::
