[2024-09-06T17:45:51.039+0000] {local_task_job_runner.py:123} INFO - ::group::Pre task execution logs
[2024-09-06T17:45:51.088+0000] {taskinstance.py:2612} INFO - Dependencies all met for dep_context=non-requeueable deps ti=<TaskInstance: async_flow.task_backfill_number_of_cancelled_candidates_in_batch manual__2024-09-06T17:29:39.458358+00:00 map_index=24 [queued]>
[2024-09-06T17:45:51.116+0000] {taskinstance.py:2612} INFO - Dependencies all met for dep_context=requeueable deps ti=<TaskInstance: async_flow.task_backfill_number_of_cancelled_candidates_in_batch manual__2024-09-06T17:29:39.458358+00:00 map_index=24 [queued]>
[2024-09-06T17:45:51.116+0000] {taskinstance.py:2865} INFO - Starting attempt 2 of 2
[2024-09-06T17:45:51.135+0000] {taskinstance.py:2888} INFO - Executing <Mapped(_PythonDecoratedOperator): task_backfill_number_of_cancelled_candidates_in_batch> on 2024-09-06 17:29:39.458358+00:00
[2024-09-06T17:45:51.145+0000] {warnings.py:112} WARNING - /home/***/.local/lib/python3.12/site-packages/***/task/task_runner/standard_task_runner.py:70: DeprecationWarning: This process (pid=516) is multi-threaded, use of fork() may lead to deadlocks in the child.
  pid = os.fork()

[2024-09-06T17:45:51.147+0000] {standard_task_runner.py:104} INFO - Running: ['***', 'tasks', 'run', 'async_flow', 'task_backfill_number_of_cancelled_candidates_in_batch', 'manual__2024-09-06T17:29:39.458358+00:00', '--job-id', '244', '--raw', '--subdir', 'DAGS_FOLDER/dags_async_flow.py', '--cfg-path', '/tmp/tmpuyc81_oa', '--map-index', '24']
[2024-09-06T17:45:51.148+0000] {standard_task_runner.py:105} INFO - Job 244: Subtask task_backfill_number_of_cancelled_candidates_in_batch
[2024-09-06T17:45:51.148+0000] {standard_task_runner.py:72} INFO - Started process 582 to run task
[2024-09-06T17:45:51.194+0000] {task_command.py:467} INFO - Running <TaskInstance: async_flow.task_backfill_number_of_cancelled_candidates_in_batch manual__2024-09-06T17:29:39.458358+00:00 map_index=24 [running]> on host 0817eb6c24af
[2024-09-06T17:45:51.315+0000] {taskinstance.py:3131} INFO - Exporting env vars: AIRFLOW_CTX_DAG_OWNER='***' AIRFLOW_CTX_DAG_ID='async_flow' AIRFLOW_CTX_TASK_ID='task_backfill_number_of_cancelled_candidates_in_batch' AIRFLOW_CTX_EXECUTION_DATE='2024-09-06T17:29:39.458358+00:00' AIRFLOW_CTX_TRY_NUMBER='2' AIRFLOW_CTX_DAG_RUN_ID='manual__2024-09-06T17:29:39.458358+00:00'
[2024-09-06T17:45:51.318+0000] {taskinstance.py:731} INFO - ::endgroup::
[2024-09-06T17:45:51.341+0000] {core_li.py:23} INFO - Successfully updated job requisition 66db04abbf0a19d8769e7aa2
[2024-09-06T17:45:51.358+0000] {core_li.py:23} INFO - Successfully updated job requisition 66db04abbf0a19d8769e7aa4
[2024-09-06T17:45:51.369+0000] {core_li.py:23} INFO - Successfully updated job requisition 66db04abbf0a19d8769e7aa6
[2024-09-06T17:45:51.385+0000] {core_li.py:23} INFO - Successfully updated job requisition 66db04abbf0a19d8769e7aa8
[2024-09-06T17:45:51.394+0000] {core_li.py:23} INFO - Successfully updated job requisition 66db04abbf0a19d8769e7aaa
[2024-09-06T17:45:51.410+0000] {core_li.py:23} INFO - Successfully updated job requisition 66db04abbf0a19d8769e7aac
[2024-09-06T17:45:51.421+0000] {core_li.py:23} INFO - Successfully updated job requisition 66db04abbf0a19d8769e7aae
[2024-09-06T17:45:51.445+0000] {core_li.py:23} INFO - Successfully updated job requisition 66db04abbf0a19d8769e7ab0
[2024-09-06T17:45:51.456+0000] {core_li.py:23} INFO - Successfully updated job requisition 66db04abbf0a19d8769e7ab2
[2024-09-06T17:45:51.467+0000] {core_li.py:23} INFO - Successfully updated job requisition 66db04abbf0a19d8769e7ab4
[2024-09-06T17:45:51.475+0000] {core_li.py:23} INFO - Successfully updated job requisition 66db04abbf0a19d8769e7ab6
[2024-09-06T17:45:51.501+0000] {core_li.py:23} INFO - Successfully updated job requisition 66db04abbf0a19d8769e7ab8
[2024-09-06T17:45:51.508+0000] {core_li.py:23} INFO - Successfully updated job requisition 66db04abbf0a19d8769e7aba
[2024-09-06T17:45:51.516+0000] {core_li.py:23} INFO - Successfully updated job requisition 66db04abbf0a19d8769e7abc
[2024-09-06T17:45:51.522+0000] {core_li.py:23} INFO - Successfully updated job requisition 66db04abbf0a19d8769e7abe
[2024-09-06T17:45:51.535+0000] {core_li.py:23} INFO - Successfully updated job requisition 66db04abbf0a19d8769e7ac0
[2024-09-06T17:45:51.541+0000] {core_li.py:23} INFO - Successfully updated job requisition 66db04abbf0a19d8769e7ac2
[2024-09-06T17:45:51.550+0000] {core_li.py:23} INFO - Successfully updated job requisition 66db04abbf0a19d8769e7ac4
[2024-09-06T17:45:51.556+0000] {core_li.py:23} INFO - Successfully updated job requisition 66db04abbf0a19d8769e7ac6
[2024-09-06T17:45:51.563+0000] {core_li.py:23} INFO - Successfully updated job requisition 66db04abbf0a19d8769e7ac8
[2024-09-06T17:45:51.570+0000] {core_li.py:23} INFO - Successfully updated job requisition 66db04abbf0a19d8769e7aca
[2024-09-06T17:45:51.580+0000] {core_li.py:23} INFO - Successfully updated job requisition 66db04abbf0a19d8769e7acc
[2024-09-06T17:45:51.589+0000] {core_li.py:23} INFO - Successfully updated job requisition 66db04abbf0a19d8769e7ace
[2024-09-06T17:45:51.596+0000] {core_li.py:23} INFO - Successfully updated job requisition 66db04abbf0a19d8769e7ad0
[2024-09-06T17:45:51.603+0000] {core_li.py:23} INFO - Successfully updated job requisition 66db04abbf0a19d8769e7ad2
[2024-09-06T17:45:51.615+0000] {core_li.py:23} INFO - Successfully updated job requisition 66db04abbf0a19d8769e7ad4
[2024-09-06T17:45:51.625+0000] {core_li.py:23} INFO - Successfully updated job requisition 66db04abbf0a19d8769e7ad6
[2024-09-06T17:45:51.631+0000] {core_li.py:23} INFO - Successfully updated job requisition 66db04abbf0a19d8769e7ad8
[2024-09-06T17:45:51.638+0000] {core_li.py:23} INFO - Successfully updated job requisition 66db04abbf0a19d8769e7ada
[2024-09-06T17:45:51.646+0000] {core_li.py:23} INFO - Successfully updated job requisition 66db04abbf0a19d8769e7adc
[2024-09-06T17:45:51.653+0000] {core_li.py:23} INFO - Successfully updated job requisition 66db04abbf0a19d8769e7ade
[2024-09-06T17:45:51.665+0000] {core_li.py:23} INFO - Successfully updated job requisition 66db04abbf0a19d8769e7ae0
[2024-09-06T17:45:51.674+0000] {core_li.py:23} INFO - Successfully updated job requisition 66db04abbf0a19d8769e7ae2
[2024-09-06T17:45:51.681+0000] {core_li.py:23} INFO - Successfully updated job requisition 66db04abbf0a19d8769e7ae4
[2024-09-06T17:45:51.690+0000] {core_li.py:23} INFO - Successfully updated job requisition 66db04abbf0a19d8769e7ae6
[2024-09-06T17:45:51.697+0000] {core_li.py:23} INFO - Successfully updated job requisition 66db04abbf0a19d8769e7ae8
[2024-09-06T17:45:51.706+0000] {core_li.py:23} INFO - Successfully updated job requisition 66db04abbf0a19d8769e7aea
[2024-09-06T17:45:51.713+0000] {core_li.py:23} INFO - Successfully updated job requisition 66db04abbf0a19d8769e7aec
[2024-09-06T17:45:51.723+0000] {core_li.py:23} INFO - Successfully updated job requisition 66db04abbf0a19d8769e7aee
[2024-09-06T17:45:51.731+0000] {core_li.py:23} INFO - Successfully updated job requisition 66db04abbf0a19d8769e7af0
[2024-09-06T17:45:51.740+0000] {core_li.py:23} INFO - Successfully updated job requisition 66db04abbf0a19d8769e7af2
[2024-09-06T17:45:51.748+0000] {core_li.py:23} INFO - Successfully updated job requisition 66db04abbf0a19d8769e7af4
[2024-09-06T17:45:51.756+0000] {core_li.py:23} INFO - Successfully updated job requisition 66db04abbf0a19d8769e7af6
[2024-09-06T17:45:51.763+0000] {core_li.py:23} INFO - Successfully updated job requisition 66db04abbf0a19d8769e7af8
[2024-09-06T17:45:51.769+0000] {core_li.py:23} INFO - Successfully updated job requisition 66db04abbf0a19d8769e7afa
[2024-09-06T17:45:51.777+0000] {core_li.py:23} INFO - Successfully updated job requisition 66db04abbf0a19d8769e7afc
[2024-09-06T17:45:51.785+0000] {core_li.py:23} INFO - Successfully updated job requisition 66db04abbf0a19d8769e7afe
[2024-09-06T17:45:51.796+0000] {core_li.py:23} INFO - Successfully updated job requisition 66db04abbf0a19d8769e7b00
[2024-09-06T17:45:51.805+0000] {core_li.py:23} INFO - Successfully updated job requisition 66db04abbf0a19d8769e7b02
[2024-09-06T17:45:51.814+0000] {core_li.py:23} INFO - Successfully updated job requisition 66db04abbf0a19d8769e7b04
[2024-09-06T17:45:51.823+0000] {core_li.py:23} INFO - Successfully updated job requisition 66db04abbf0a19d8769e7b06
[2024-09-06T17:45:51.829+0000] {core_li.py:23} INFO - Successfully updated job requisition 66db04abbf0a19d8769e7b08
[2024-09-06T17:45:51.838+0000] {core_li.py:23} INFO - Successfully updated job requisition 66db04abbf0a19d8769e7b0a
[2024-09-06T17:45:51.848+0000] {core_li.py:23} INFO - Successfully updated job requisition 66db04abbf0a19d8769e7b0c
[2024-09-06T17:45:51.854+0000] {core_li.py:23} INFO - Successfully updated job requisition 66db04abbf0a19d8769e7b0e
[2024-09-06T17:45:51.862+0000] {core_li.py:23} INFO - Successfully updated job requisition 66db04abbf0a19d8769e7b10
[2024-09-06T17:45:51.872+0000] {core_li.py:23} INFO - Successfully updated job requisition 66db04abbf0a19d8769e7b12
[2024-09-06T17:45:51.880+0000] {core_li.py:23} INFO - Successfully updated job requisition 66db04abbf0a19d8769e7b14
[2024-09-06T17:45:51.887+0000] {core_li.py:23} INFO - Successfully updated job requisition 66db04abbf0a19d8769e7b16
[2024-09-06T17:45:51.894+0000] {core_li.py:23} INFO - Successfully updated job requisition 66db04abbf0a19d8769e7b18
[2024-09-06T17:45:51.901+0000] {core_li.py:23} INFO - Successfully updated job requisition 66db04abbf0a19d8769e7b1a
[2024-09-06T17:45:51.908+0000] {core_li.py:23} INFO - Successfully updated job requisition 66db04abbf0a19d8769e7b1c
[2024-09-06T17:45:51.916+0000] {core_li.py:23} INFO - Successfully updated job requisition 66db04abbf0a19d8769e7b1e
[2024-09-06T17:45:51.925+0000] {core_li.py:23} INFO - Successfully updated job requisition 66db04abbf0a19d8769e7b20
[2024-09-06T17:45:51.935+0000] {core_li.py:23} INFO - Successfully updated job requisition 66db04abbf0a19d8769e7b22
[2024-09-06T17:45:51.942+0000] {core_li.py:23} INFO - Successfully updated job requisition 66db04abbf0a19d8769e7b24
[2024-09-06T17:45:51.949+0000] {core_li.py:23} INFO - Successfully updated job requisition 66db04abbf0a19d8769e7b26
[2024-09-06T17:45:51.957+0000] {core_li.py:23} INFO - Successfully updated job requisition 66db04abbf0a19d8769e7b28
[2024-09-06T17:45:51.964+0000] {core_li.py:23} INFO - Successfully updated job requisition 66db04abbf0a19d8769e7b2a
[2024-09-06T17:45:51.971+0000] {core_li.py:23} INFO - Successfully updated job requisition 66db04abbf0a19d8769e7b2c
[2024-09-06T17:45:51.978+0000] {core_li.py:23} INFO - Successfully updated job requisition 66db04abbf0a19d8769e7b2e
[2024-09-06T17:45:51.986+0000] {core_li.py:23} INFO - Successfully updated job requisition 66db04abbf0a19d8769e7b30
[2024-09-06T17:45:51.993+0000] {core_li.py:23} INFO - Successfully updated job requisition 66db04abbf0a19d8769e7b32
[2024-09-06T17:45:52.001+0000] {core_li.py:23} INFO - Successfully updated job requisition 66db04abbf0a19d8769e7b34
[2024-09-06T17:45:52.007+0000] {core_li.py:23} INFO - Successfully updated job requisition 66db04abbf0a19d8769e7b36
[2024-09-06T17:45:52.017+0000] {core_li.py:23} INFO - Successfully updated job requisition 66db04abbf0a19d8769e7b38
[2024-09-06T17:45:52.025+0000] {core_li.py:23} INFO - Successfully updated job requisition 66db04abbf0a19d8769e7b3a
[2024-09-06T17:45:52.032+0000] {core_li.py:23} INFO - Successfully updated job requisition 66db04abbf0a19d8769e7b3c
[2024-09-06T17:45:52.041+0000] {core_li.py:23} INFO - Successfully updated job requisition 66db04abbf0a19d8769e7b3e
[2024-09-06T17:45:52.050+0000] {core_li.py:23} INFO - Successfully updated job requisition 66db04abbf0a19d8769e7b40
[2024-09-06T17:45:52.057+0000] {core_li.py:23} INFO - Successfully updated job requisition 66db04abbf0a19d8769e7b42
[2024-09-06T17:45:52.064+0000] {core_li.py:23} INFO - Successfully updated job requisition 66db04abbf0a19d8769e7b44
[2024-09-06T17:45:52.073+0000] {core_li.py:23} INFO - Successfully updated job requisition 66db04abbf0a19d8769e7b46
[2024-09-06T17:45:52.091+0000] {core_li.py:23} INFO - Successfully updated job requisition 66db04abbf0a19d8769e7b48
[2024-09-06T17:45:52.099+0000] {core_li.py:23} INFO - Successfully updated job requisition 66db04abbf0a19d8769e7b4a
[2024-09-06T17:45:52.109+0000] {core_li.py:23} INFO - Successfully updated job requisition 66db04abbf0a19d8769e7b4c
[2024-09-06T17:45:52.116+0000] {core_li.py:23} INFO - Successfully updated job requisition 66db04abbf0a19d8769e7b4e
[2024-09-06T17:45:52.125+0000] {core_li.py:23} INFO - Successfully updated job requisition 66db04abbf0a19d8769e7b50
[2024-09-06T17:45:52.132+0000] {core_li.py:23} INFO - Successfully updated job requisition 66db04abbf0a19d8769e7b52
[2024-09-06T17:45:52.139+0000] {core_li.py:23} INFO - Successfully updated job requisition 66db04abbf0a19d8769e7b54
[2024-09-06T17:45:52.145+0000] {core_li.py:23} INFO - Successfully updated job requisition 66db04abbf0a19d8769e7b56
[2024-09-06T17:45:52.151+0000] {core_li.py:23} INFO - Successfully updated job requisition 66db04abbf0a19d8769e7b58
[2024-09-06T17:45:52.159+0000] {core_li.py:23} INFO - Successfully updated job requisition 66db04abbf0a19d8769e7b5a
[2024-09-06T17:45:52.170+0000] {core_li.py:23} INFO - Successfully updated job requisition 66db04abbf0a19d8769e7b5c
[2024-09-06T17:45:52.178+0000] {core_li.py:23} INFO - Successfully updated job requisition 66db04abbf0a19d8769e7b5e
[2024-09-06T17:45:52.186+0000] {core_li.py:23} INFO - Successfully updated job requisition 66db04abbf0a19d8769e7b60
[2024-09-06T17:45:52.194+0000] {core_li.py:23} INFO - Successfully updated job requisition 66db04abbf0a19d8769e7b62
[2024-09-06T17:45:52.203+0000] {core_li.py:23} INFO - Successfully updated job requisition 66db04abbf0a19d8769e7b64
[2024-09-06T17:45:52.213+0000] {core_li.py:23} INFO - Successfully updated job requisition 66db04abbf0a19d8769e7b66
[2024-09-06T17:45:52.220+0000] {core_li.py:23} INFO - Successfully updated job requisition 66db04abbf0a19d8769e7b68
[2024-09-06T17:45:52.221+0000] {python.py:240} INFO - Done. Returned value was: 100
[2024-09-06T17:45:52.240+0000] {taskinstance.py:340} INFO - ::group::Post task execution logs
[2024-09-06T17:45:52.241+0000] {taskinstance.py:352} INFO - Marking task as SUCCESS. dag_id=async_flow, task_id=task_backfill_number_of_cancelled_candidates_in_batch, run_id=manual__2024-09-06T17:29:39.458358+00:00, map_index=24, execution_date=20240906T172939, start_date=20240906T174551, end_date=20240906T174552
[2024-09-06T17:45:52.280+0000] {local_task_job_runner.py:266} INFO - Task exited with return code 0
[2024-09-06T17:45:52.329+0000] {taskinstance.py:3900} INFO - 0 downstream tasks scheduled from follow-on schedule check
[2024-09-06T17:45:52.330+0000] {local_task_job_runner.py:245} INFO - ::endgroup::
