[2024-09-06T17:47:32.094+0000] {local_task_job_runner.py:123} INFO - ::group::Pre task execution logs
[2024-09-06T17:47:32.116+0000] {taskinstance.py:2612} INFO - Dependencies all met for dep_context=non-requeueable deps ti=<TaskInstance: async_flow.task_backfill_number_of_cancelled_candidates_in_batch manual__2024-09-06T17:47:30.120511+00:00 map_index=0 [queued]>
[2024-09-06T17:47:32.126+0000] {taskinstance.py:2612} INFO - Dependencies all met for dep_context=requeueable deps ti=<TaskInstance: async_flow.task_backfill_number_of_cancelled_candidates_in_batch manual__2024-09-06T17:47:30.120511+00:00 map_index=0 [queued]>
[2024-09-06T17:47:32.128+0000] {taskinstance.py:2865} INFO - Starting attempt 1 of 1
[2024-09-06T17:47:32.147+0000] {taskinstance.py:2888} INFO - Executing <Mapped(_PythonDecoratedOperator): task_backfill_number_of_cancelled_candidates_in_batch> on 2024-09-06 17:47:30.120511+00:00
[2024-09-06T17:47:32.155+0000] {warnings.py:112} WARNING - /home/***/.local/lib/python3.12/site-packages/***/task/task_runner/standard_task_runner.py:70: DeprecationWarning: This process (pid=1047) is multi-threaded, use of fork() may lead to deadlocks in the child.
  pid = os.fork()

[2024-09-06T17:47:32.158+0000] {standard_task_runner.py:72} INFO - Started process 1112 to run task
[2024-09-06T17:47:32.158+0000] {standard_task_runner.py:104} INFO - Running: ['***', 'tasks', 'run', 'async_flow', 'task_backfill_number_of_cancelled_candidates_in_batch', 'manual__2024-09-06T17:47:30.120511+00:00', '--job-id', '330', '--raw', '--subdir', 'DAGS_FOLDER/dags_async_flow.py', '--cfg-path', '/tmp/tmpsve14kqt', '--map-index', '0']
[2024-09-06T17:47:32.165+0000] {standard_task_runner.py:105} INFO - Job 330: Subtask task_backfill_number_of_cancelled_candidates_in_batch
[2024-09-06T17:47:32.252+0000] {task_command.py:467} INFO - Running <TaskInstance: async_flow.task_backfill_number_of_cancelled_candidates_in_batch manual__2024-09-06T17:47:30.120511+00:00 map_index=0 [running]> on host 0817eb6c24af
[2024-09-06T17:47:32.476+0000] {taskinstance.py:3131} INFO - Exporting env vars: AIRFLOW_CTX_DAG_OWNER='***' AIRFLOW_CTX_DAG_ID='async_flow' AIRFLOW_CTX_TASK_ID='task_backfill_number_of_cancelled_candidates_in_batch' AIRFLOW_CTX_EXECUTION_DATE='2024-09-06T17:47:30.120511+00:00' AIRFLOW_CTX_TRY_NUMBER='1' AIRFLOW_CTX_DAG_RUN_ID='manual__2024-09-06T17:47:30.120511+00:00'
[2024-09-06T17:47:32.477+0000] {taskinstance.py:731} INFO - ::endgroup::
[2024-09-06T17:47:32.499+0000] {core_li.py:23} INFO - Successfully updated job requisition 66db04aabf0a19d8769e5b62
[2024-09-06T17:47:32.509+0000] {core_li.py:23} INFO - Successfully updated job requisition 66db04aabf0a19d8769e5b64
[2024-09-06T17:47:32.530+0000] {core_li.py:23} INFO - Successfully updated job requisition 66db04aabf0a19d8769e5b66
[2024-09-06T17:47:32.546+0000] {core_li.py:23} INFO - Successfully updated job requisition 66db04aabf0a19d8769e5b68
[2024-09-06T17:47:32.560+0000] {core_li.py:23} INFO - Successfully updated job requisition 66db04aabf0a19d8769e5b6a
[2024-09-06T17:47:32.571+0000] {core_li.py:23} INFO - Successfully updated job requisition 66db04aabf0a19d8769e5b6c
[2024-09-06T17:47:32.580+0000] {core_li.py:23} INFO - Successfully updated job requisition 66db04aabf0a19d8769e5b6e
[2024-09-06T17:47:32.590+0000] {core_li.py:23} INFO - Successfully updated job requisition 66db04aabf0a19d8769e5b70
[2024-09-06T17:47:32.602+0000] {core_li.py:23} INFO - Successfully updated job requisition 66db04aabf0a19d8769e5b72
[2024-09-06T17:47:32.613+0000] {core_li.py:23} INFO - Successfully updated job requisition 66db04aabf0a19d8769e5b74
[2024-09-06T17:47:32.623+0000] {core_li.py:23} INFO - Successfully updated job requisition 66db04aabf0a19d8769e5b76
[2024-09-06T17:47:32.634+0000] {core_li.py:23} INFO - Successfully updated job requisition 66db04aabf0a19d8769e5b78
[2024-09-06T17:47:32.645+0000] {core_li.py:23} INFO - Successfully updated job requisition 66db04aabf0a19d8769e5b7a
[2024-09-06T17:47:32.657+0000] {core_li.py:23} INFO - Successfully updated job requisition 66db04aabf0a19d8769e5b7c
[2024-09-06T17:47:32.667+0000] {core_li.py:23} INFO - Successfully updated job requisition 66db04aabf0a19d8769e5b7e
[2024-09-06T17:47:32.678+0000] {core_li.py:23} INFO - Successfully updated job requisition 66db04aabf0a19d8769e5b80
[2024-09-06T17:47:32.690+0000] {core_li.py:23} INFO - Successfully updated job requisition 66db04aabf0a19d8769e5b82
[2024-09-06T17:47:32.699+0000] {core_li.py:23} INFO - Successfully updated job requisition 66db04aabf0a19d8769e5b84
[2024-09-06T17:47:32.709+0000] {core_li.py:23} INFO - Successfully updated job requisition 66db04aabf0a19d8769e5b86
[2024-09-06T17:47:32.718+0000] {core_li.py:23} INFO - Successfully updated job requisition 66db04aabf0a19d8769e5b88
[2024-09-06T17:47:32.728+0000] {core_li.py:23} INFO - Successfully updated job requisition 66db04aabf0a19d8769e5b8a
[2024-09-06T17:47:32.740+0000] {core_li.py:23} INFO - Successfully updated job requisition 66db04aabf0a19d8769e5b8c
[2024-09-06T17:47:32.750+0000] {core_li.py:23} INFO - Successfully updated job requisition 66db04aabf0a19d8769e5b8e
[2024-09-06T17:47:32.761+0000] {core_li.py:23} INFO - Successfully updated job requisition 66db04aabf0a19d8769e5b90
[2024-09-06T17:47:32.773+0000] {core_li.py:23} INFO - Successfully updated job requisition 66db04aabf0a19d8769e5b92
[2024-09-06T17:47:32.782+0000] {core_li.py:23} INFO - Successfully updated job requisition 66db04aabf0a19d8769e5b94
[2024-09-06T17:47:32.794+0000] {core_li.py:23} INFO - Successfully updated job requisition 66db04aabf0a19d8769e5b96
[2024-09-06T17:47:32.805+0000] {core_li.py:23} INFO - Successfully updated job requisition 66db04aabf0a19d8769e5b98
[2024-09-06T17:47:32.813+0000] {core_li.py:23} INFO - Successfully updated job requisition 66db04aabf0a19d8769e5b9a
[2024-09-06T17:47:32.821+0000] {core_li.py:23} INFO - Successfully updated job requisition 66db04aabf0a19d8769e5b9c
[2024-09-06T17:47:32.831+0000] {core_li.py:23} INFO - Successfully updated job requisition 66db04aabf0a19d8769e5b9e
[2024-09-06T17:47:32.840+0000] {core_li.py:23} INFO - Successfully updated job requisition 66db04aabf0a19d8769e5ba0
[2024-09-06T17:47:32.848+0000] {core_li.py:23} INFO - Successfully updated job requisition 66db04aabf0a19d8769e5ba2
[2024-09-06T17:47:32.858+0000] {core_li.py:23} INFO - Successfully updated job requisition 66db04aabf0a19d8769e5ba4
[2024-09-06T17:47:32.870+0000] {core_li.py:23} INFO - Successfully updated job requisition 66db04aabf0a19d8769e5ba6
[2024-09-06T17:47:32.886+0000] {core_li.py:23} INFO - Successfully updated job requisition 66db04aabf0a19d8769e5ba8
[2024-09-06T17:47:32.906+0000] {core_li.py:23} INFO - Successfully updated job requisition 66db04aabf0a19d8769e5baa
[2024-09-06T17:47:32.915+0000] {core_li.py:23} INFO - Successfully updated job requisition 66db04aabf0a19d8769e5bac
[2024-09-06T17:47:32.926+0000] {core_li.py:23} INFO - Successfully updated job requisition 66db04aabf0a19d8769e5bae
[2024-09-06T17:47:32.935+0000] {core_li.py:23} INFO - Successfully updated job requisition 66db04aabf0a19d8769e5bb0
[2024-09-06T17:47:32.944+0000] {core_li.py:23} INFO - Successfully updated job requisition 66db04aabf0a19d8769e5bb2
[2024-09-06T17:47:32.955+0000] {core_li.py:23} INFO - Successfully updated job requisition 66db04aabf0a19d8769e5bb4
[2024-09-06T17:47:32.967+0000] {core_li.py:23} INFO - Successfully updated job requisition 66db04aabf0a19d8769e5bb6
[2024-09-06T17:47:32.977+0000] {core_li.py:23} INFO - Successfully updated job requisition 66db04aabf0a19d8769e5bb8
[2024-09-06T17:47:32.983+0000] {core_li.py:23} INFO - Successfully updated job requisition 66db04aabf0a19d8769e5bba
[2024-09-06T17:47:32.998+0000] {core_li.py:23} INFO - Successfully updated job requisition 66db04aabf0a19d8769e5bbc
[2024-09-06T17:47:33.010+0000] {core_li.py:23} INFO - Successfully updated job requisition 66db04aabf0a19d8769e5bbe
[2024-09-06T17:47:33.025+0000] {core_li.py:23} INFO - Successfully updated job requisition 66db04aabf0a19d8769e5bc0
[2024-09-06T17:47:33.033+0000] {core_li.py:23} INFO - Successfully updated job requisition 66db04aabf0a19d8769e5bc2
[2024-09-06T17:47:33.040+0000] {core_li.py:23} INFO - Successfully updated job requisition 66db04aabf0a19d8769e5bc4
[2024-09-06T17:47:33.050+0000] {core_li.py:23} INFO - Successfully updated job requisition 66db04aabf0a19d8769e5bc6
[2024-09-06T17:47:33.058+0000] {core_li.py:23} INFO - Successfully updated job requisition 66db04aabf0a19d8769e5bc8
[2024-09-06T17:47:33.067+0000] {core_li.py:23} INFO - Successfully updated job requisition 66db04aabf0a19d8769e5bca
[2024-09-06T17:47:33.074+0000] {core_li.py:23} INFO - Successfully updated job requisition 66db04aabf0a19d8769e5bcc
[2024-09-06T17:47:33.082+0000] {core_li.py:23} INFO - Successfully updated job requisition 66db04aabf0a19d8769e5bce
[2024-09-06T17:47:33.092+0000] {core_li.py:23} INFO - Successfully updated job requisition 66db04aabf0a19d8769e5bd0
[2024-09-06T17:47:33.101+0000] {core_li.py:23} INFO - Successfully updated job requisition 66db04aabf0a19d8769e5bd2
[2024-09-06T17:47:33.112+0000] {core_li.py:23} INFO - Successfully updated job requisition 66db04aabf0a19d8769e5bd4
[2024-09-06T17:47:33.121+0000] {core_li.py:23} INFO - Successfully updated job requisition 66db04aabf0a19d8769e5bd6
[2024-09-06T17:47:33.131+0000] {core_li.py:23} INFO - Successfully updated job requisition 66db04aabf0a19d8769e5bd8
[2024-09-06T17:47:33.141+0000] {core_li.py:23} INFO - Successfully updated job requisition 66db04aabf0a19d8769e5bda
[2024-09-06T17:47:33.151+0000] {core_li.py:23} INFO - Successfully updated job requisition 66db04aabf0a19d8769e5bdc
[2024-09-06T17:47:33.159+0000] {core_li.py:23} INFO - Successfully updated job requisition 66db04aabf0a19d8769e5bde
[2024-09-06T17:47:33.170+0000] {core_li.py:23} INFO - Successfully updated job requisition 66db04aabf0a19d8769e5be0
[2024-09-06T17:47:33.178+0000] {core_li.py:23} INFO - Successfully updated job requisition 66db04aabf0a19d8769e5be2
[2024-09-06T17:47:33.189+0000] {core_li.py:23} INFO - Successfully updated job requisition 66db04aabf0a19d8769e5be4
[2024-09-06T17:47:33.200+0000] {core_li.py:23} INFO - Successfully updated job requisition 66db04aabf0a19d8769e5be6
[2024-09-06T17:47:33.208+0000] {core_li.py:23} INFO - Successfully updated job requisition 66db04aabf0a19d8769e5be8
[2024-09-06T17:47:33.218+0000] {core_li.py:23} INFO - Successfully updated job requisition 66db04aabf0a19d8769e5bea
[2024-09-06T17:47:33.227+0000] {core_li.py:23} INFO - Successfully updated job requisition 66db04aabf0a19d8769e5bec
[2024-09-06T17:47:33.239+0000] {core_li.py:23} INFO - Successfully updated job requisition 66db04aabf0a19d8769e5bee
[2024-09-06T17:47:33.246+0000] {core_li.py:23} INFO - Successfully updated job requisition 66db04aabf0a19d8769e5bf0
[2024-09-06T17:47:33.253+0000] {core_li.py:23} INFO - Successfully updated job requisition 66db04aabf0a19d8769e5bf2
[2024-09-06T17:47:33.260+0000] {core_li.py:23} INFO - Successfully updated job requisition 66db04aabf0a19d8769e5bf4
[2024-09-06T17:47:33.266+0000] {core_li.py:23} INFO - Successfully updated job requisition 66db04aabf0a19d8769e5bf6
[2024-09-06T17:47:33.276+0000] {core_li.py:23} INFO - Successfully updated job requisition 66db04aabf0a19d8769e5bf8
[2024-09-06T17:47:33.285+0000] {core_li.py:23} INFO - Successfully updated job requisition 66db04aabf0a19d8769e5bfa
[2024-09-06T17:47:33.295+0000] {core_li.py:23} INFO - Successfully updated job requisition 66db04aabf0a19d8769e5bfc
[2024-09-06T17:47:33.318+0000] {core_li.py:23} INFO - Successfully updated job requisition 66db04aabf0a19d8769e5bfe
[2024-09-06T17:47:33.324+0000] {core_li.py:23} INFO - Successfully updated job requisition 66db04aabf0a19d8769e5c00
[2024-09-06T17:47:33.333+0000] {core_li.py:23} INFO - Successfully updated job requisition 66db04aabf0a19d8769e5c02
[2024-09-06T17:47:33.340+0000] {core_li.py:23} INFO - Successfully updated job requisition 66db04aabf0a19d8769e5c04
[2024-09-06T17:47:33.347+0000] {core_li.py:23} INFO - Successfully updated job requisition 66db04aabf0a19d8769e5c06
[2024-09-06T17:47:33.356+0000] {core_li.py:23} INFO - Successfully updated job requisition 66db04aabf0a19d8769e5c08
[2024-09-06T17:47:33.365+0000] {core_li.py:23} INFO - Successfully updated job requisition 66db04aabf0a19d8769e5c0a
[2024-09-06T17:47:33.382+0000] {core_li.py:23} INFO - Successfully updated job requisition 66db04aabf0a19d8769e5c0c
[2024-09-06T17:47:33.393+0000] {core_li.py:23} INFO - Successfully updated job requisition 66db04aabf0a19d8769e5c0e
[2024-09-06T17:47:33.399+0000] {core_li.py:23} INFO - Successfully updated job requisition 66db04aabf0a19d8769e5c10
[2024-09-06T17:47:33.407+0000] {core_li.py:23} INFO - Successfully updated job requisition 66db04aabf0a19d8769e5c12
[2024-09-06T17:47:33.418+0000] {core_li.py:23} INFO - Successfully updated job requisition 66db04aabf0a19d8769e5c14
[2024-09-06T17:47:33.425+0000] {core_li.py:23} INFO - Successfully updated job requisition 66db04aabf0a19d8769e5c16
[2024-09-06T17:47:33.434+0000] {core_li.py:23} INFO - Successfully updated job requisition 66db04aabf0a19d8769e5c18
[2024-09-06T17:47:33.441+0000] {core_li.py:23} INFO - Successfully updated job requisition 66db04aabf0a19d8769e5c1a
[2024-09-06T17:47:33.447+0000] {core_li.py:23} INFO - Successfully updated job requisition 66db04aabf0a19d8769e5c1c
[2024-09-06T17:47:33.455+0000] {core_li.py:23} INFO - Successfully updated job requisition 66db04aabf0a19d8769e5c1e
[2024-09-06T17:47:33.464+0000] {core_li.py:23} INFO - Successfully updated job requisition 66db04aabf0a19d8769e5c20
[2024-09-06T17:47:33.473+0000] {core_li.py:23} INFO - Successfully updated job requisition 66db04aabf0a19d8769e5c22
[2024-09-06T17:47:33.480+0000] {core_li.py:23} INFO - Successfully updated job requisition 66db04aabf0a19d8769e5c24
[2024-09-06T17:47:33.491+0000] {core_li.py:23} INFO - Successfully updated job requisition 66db04aabf0a19d8769e5c26
[2024-09-06T17:47:33.499+0000] {core_li.py:23} INFO - Successfully updated job requisition 66db04aabf0a19d8769e5c28
[2024-09-06T17:47:33.499+0000] {python.py:240} INFO - Done. Returned value was: 100
[2024-09-06T17:47:33.523+0000] {taskinstance.py:340} INFO - ::group::Post task execution logs
[2024-09-06T17:47:33.524+0000] {taskinstance.py:352} INFO - Marking task as SUCCESS. dag_id=async_flow, task_id=task_backfill_number_of_cancelled_candidates_in_batch, run_id=manual__2024-09-06T17:47:30.120511+00:00, map_index=0, execution_date=20240906T174730, start_date=20240906T174732, end_date=20240906T174733
[2024-09-06T17:47:33.543+0000] {local_task_job_runner.py:266} INFO - Task exited with return code 0
[2024-09-06T17:47:33.570+0000] {taskinstance.py:3900} INFO - 0 downstream tasks scheduled from follow-on schedule check
[2024-09-06T17:47:33.571+0000] {local_task_job_runner.py:245} INFO - ::endgroup::
