[2024-09-06T17:43:10.235+0000] {local_task_job_runner.py:123} INFO - ::group::Pre task execution logs
[2024-09-06T17:43:10.252+0000] {taskinstance.py:2612} INFO - Dependencies all met for dep_context=non-requeueable deps ti=<TaskInstance: async_flow.task_backfill_number_of_cancelled_candidates_in_batch manual__2024-09-06T17:43:02.727107+00:00 map_index=32 [queued]>
[2024-09-06T17:43:10.263+0000] {taskinstance.py:2612} INFO - Dependencies all met for dep_context=requeueable deps ti=<TaskInstance: async_flow.task_backfill_number_of_cancelled_candidates_in_batch manual__2024-09-06T17:43:02.727107+00:00 map_index=32 [queued]>
[2024-09-06T17:43:10.264+0000] {taskinstance.py:2865} INFO - Starting attempt 1 of 1
[2024-09-06T17:43:10.272+0000] {taskinstance.py:2888} INFO - Executing <Mapped(_PythonDecoratedOperator): task_backfill_number_of_cancelled_candidates_in_batch> on 2024-09-06 17:43:02.727107+00:00
[2024-09-06T17:43:10.278+0000] {warnings.py:112} WARNING - /home/***/.local/lib/python3.12/site-packages/***/task/task_runner/standard_task_runner.py:70: DeprecationWarning: This process (pid=274) is multi-threaded, use of fork() may lead to deadlocks in the child.
  pid = os.fork()

[2024-09-06T17:43:10.281+0000] {standard_task_runner.py:72} INFO - Started process 364 to run task
[2024-09-06T17:43:10.286+0000] {standard_task_runner.py:104} INFO - Running: ['***', 'tasks', 'run', 'async_flow', 'task_backfill_number_of_cancelled_candidates_in_batch', 'manual__2024-09-06T17:43:02.727107+00:00', '--job-id', '223', '--raw', '--subdir', 'DAGS_FOLDER/dags_async_flow.py', '--cfg-path', '/tmp/tmpu1m4kffe', '--map-index', '32']
[2024-09-06T17:43:10.289+0000] {standard_task_runner.py:105} INFO - Job 223: Subtask task_backfill_number_of_cancelled_candidates_in_batch
[2024-09-06T17:43:10.338+0000] {task_command.py:467} INFO - Running <TaskInstance: async_flow.task_backfill_number_of_cancelled_candidates_in_batch manual__2024-09-06T17:43:02.727107+00:00 map_index=32 [running]> on host 0817eb6c24af
[2024-09-06T17:43:10.418+0000] {taskinstance.py:3131} INFO - Exporting env vars: AIRFLOW_CTX_DAG_OWNER='***' AIRFLOW_CTX_DAG_ID='async_flow' AIRFLOW_CTX_TASK_ID='task_backfill_number_of_cancelled_candidates_in_batch' AIRFLOW_CTX_EXECUTION_DATE='2024-09-06T17:43:02.727107+00:00' AIRFLOW_CTX_TRY_NUMBER='1' AIRFLOW_CTX_DAG_RUN_ID='manual__2024-09-06T17:43:02.727107+00:00'
[2024-09-06T17:43:10.420+0000] {taskinstance.py:731} INFO - ::endgroup::
[2024-09-06T17:43:10.431+0000] {core_li.py:23} INFO - Successfully updated job requisition 66db04abbf0a19d8769e7462
[2024-09-06T17:43:10.444+0000] {core_li.py:23} INFO - Successfully updated job requisition 66db04abbf0a19d8769e7464
[2024-09-06T17:43:10.451+0000] {core_li.py:23} INFO - Successfully updated job requisition 66db04abbf0a19d8769e7466
[2024-09-06T17:43:10.458+0000] {core_li.py:23} INFO - Successfully updated job requisition 66db04abbf0a19d8769e7468
[2024-09-06T17:43:10.465+0000] {core_li.py:23} INFO - Successfully updated job requisition 66db04abbf0a19d8769e746a
[2024-09-06T17:43:10.470+0000] {core_li.py:23} INFO - Successfully updated job requisition 66db04abbf0a19d8769e746c
[2024-09-06T17:43:10.479+0000] {core_li.py:23} INFO - Successfully updated job requisition 66db04abbf0a19d8769e746e
[2024-09-06T17:43:10.488+0000] {core_li.py:23} INFO - Successfully updated job requisition 66db04abbf0a19d8769e7470
[2024-09-06T17:43:10.499+0000] {core_li.py:23} INFO - Successfully updated job requisition 66db04abbf0a19d8769e7472
[2024-09-06T17:43:10.507+0000] {core_li.py:23} INFO - Successfully updated job requisition 66db04abbf0a19d8769e7474
[2024-09-06T17:43:10.517+0000] {core_li.py:23} INFO - Successfully updated job requisition 66db04abbf0a19d8769e7476
[2024-09-06T17:43:10.528+0000] {core_li.py:23} INFO - Successfully updated job requisition 66db04abbf0a19d8769e7478
[2024-09-06T17:43:10.537+0000] {core_li.py:23} INFO - Successfully updated job requisition 66db04abbf0a19d8769e747a
[2024-09-06T17:43:10.550+0000] {core_li.py:23} INFO - Successfully updated job requisition 66db04abbf0a19d8769e747c
[2024-09-06T17:43:10.563+0000] {core_li.py:23} INFO - Successfully updated job requisition 66db04abbf0a19d8769e747e
[2024-09-06T17:43:10.572+0000] {core_li.py:23} INFO - Successfully updated job requisition 66db04abbf0a19d8769e7480
[2024-09-06T17:43:10.581+0000] {core_li.py:23} INFO - Successfully updated job requisition 66db04abbf0a19d8769e7482
[2024-09-06T17:43:10.586+0000] {core_li.py:23} INFO - Successfully updated job requisition 66db04abbf0a19d8769e7484
[2024-09-06T17:43:10.598+0000] {core_li.py:23} INFO - Successfully updated job requisition 66db04abbf0a19d8769e7486
[2024-09-06T17:43:10.611+0000] {core_li.py:23} INFO - Successfully updated job requisition 66db04abbf0a19d8769e7488
[2024-09-06T17:43:10.620+0000] {core_li.py:23} INFO - Successfully updated job requisition 66db04abbf0a19d8769e748a
[2024-09-06T17:43:10.630+0000] {core_li.py:23} INFO - Successfully updated job requisition 66db04abbf0a19d8769e748c
[2024-09-06T17:43:10.640+0000] {core_li.py:23} INFO - Successfully updated job requisition 66db04abbf0a19d8769e748e
[2024-09-06T17:43:10.649+0000] {core_li.py:23} INFO - Successfully updated job requisition 66db04abbf0a19d8769e7490
[2024-09-06T17:43:10.669+0000] {core_li.py:23} INFO - Successfully updated job requisition 66db04abbf0a19d8769e7492
[2024-09-06T17:43:10.678+0000] {core_li.py:23} INFO - Successfully updated job requisition 66db04abbf0a19d8769e7494
[2024-09-06T17:43:10.688+0000] {core_li.py:23} INFO - Successfully updated job requisition 66db04abbf0a19d8769e7496
[2024-09-06T17:43:10.696+0000] {core_li.py:23} INFO - Successfully updated job requisition 66db04abbf0a19d8769e7498
[2024-09-06T17:43:10.704+0000] {core_li.py:23} INFO - Successfully updated job requisition 66db04abbf0a19d8769e749a
[2024-09-06T17:43:10.711+0000] {core_li.py:23} INFO - Successfully updated job requisition 66db04abbf0a19d8769e749c
[2024-09-06T17:43:10.721+0000] {core_li.py:23} INFO - Successfully updated job requisition 66db04abbf0a19d8769e749e
[2024-09-06T17:43:10.729+0000] {core_li.py:23} INFO - Successfully updated job requisition 66db04abbf0a19d8769e74a0
[2024-09-06T17:43:10.736+0000] {core_li.py:23} INFO - Successfully updated job requisition 66db04abbf0a19d8769e74a2
[2024-09-06T17:43:10.742+0000] {core_li.py:23} INFO - Successfully updated job requisition 66db04abbf0a19d8769e74a4
[2024-09-06T17:43:10.752+0000] {core_li.py:23} INFO - Successfully updated job requisition 66db04abbf0a19d8769e74a6
[2024-09-06T17:43:10.759+0000] {core_li.py:23} INFO - Successfully updated job requisition 66db04abbf0a19d8769e74a8
[2024-09-06T17:43:10.767+0000] {core_li.py:23} INFO - Successfully updated job requisition 66db04abbf0a19d8769e74aa
[2024-09-06T17:43:10.774+0000] {core_li.py:23} INFO - Successfully updated job requisition 66db04abbf0a19d8769e74ac
[2024-09-06T17:43:10.783+0000] {core_li.py:23} INFO - Successfully updated job requisition 66db04abbf0a19d8769e74ae
[2024-09-06T17:43:10.790+0000] {core_li.py:23} INFO - Successfully updated job requisition 66db04abbf0a19d8769e74b0
[2024-09-06T17:43:10.799+0000] {core_li.py:23} INFO - Successfully updated job requisition 66db04abbf0a19d8769e74b2
[2024-09-06T17:43:10.809+0000] {core_li.py:23} INFO - Successfully updated job requisition 66db04abbf0a19d8769e74b4
[2024-09-06T17:43:10.821+0000] {core_li.py:23} INFO - Successfully updated job requisition 66db04abbf0a19d8769e74b6
[2024-09-06T17:43:10.829+0000] {core_li.py:23} INFO - Successfully updated job requisition 66db04abbf0a19d8769e74b8
[2024-09-06T17:43:10.838+0000] {core_li.py:23} INFO - Successfully updated job requisition 66db04abbf0a19d8769e74ba
[2024-09-06T17:43:10.843+0000] {core_li.py:23} INFO - Successfully updated job requisition 66db04abbf0a19d8769e74bc
[2024-09-06T17:43:10.852+0000] {core_li.py:23} INFO - Successfully updated job requisition 66db04abbf0a19d8769e74be
[2024-09-06T17:43:10.863+0000] {core_li.py:23} INFO - Successfully updated job requisition 66db04abbf0a19d8769e74c0
[2024-09-06T17:43:10.870+0000] {core_li.py:23} INFO - Successfully updated job requisition 66db04abbf0a19d8769e74c2
[2024-09-06T17:43:10.878+0000] {core_li.py:23} INFO - Successfully updated job requisition 66db04abbf0a19d8769e74c4
[2024-09-06T17:43:10.889+0000] {core_li.py:23} INFO - Successfully updated job requisition 66db04abbf0a19d8769e74c6
[2024-09-06T17:43:10.899+0000] {core_li.py:23} INFO - Successfully updated job requisition 66db04abbf0a19d8769e74c8
[2024-09-06T17:43:10.908+0000] {core_li.py:23} INFO - Successfully updated job requisition 66db04abbf0a19d8769e74ca
[2024-09-06T17:43:10.914+0000] {core_li.py:23} INFO - Successfully updated job requisition 66db04abbf0a19d8769e74cc
[2024-09-06T17:43:10.921+0000] {core_li.py:23} INFO - Successfully updated job requisition 66db04abbf0a19d8769e74ce
[2024-09-06T17:43:10.930+0000] {core_li.py:23} INFO - Successfully updated job requisition 66db04abbf0a19d8769e74d0
[2024-09-06T17:43:10.936+0000] {core_li.py:23} INFO - Successfully updated job requisition 66db04abbf0a19d8769e74d2
[2024-09-06T17:43:10.945+0000] {core_li.py:23} INFO - Successfully updated job requisition 66db04abbf0a19d8769e74d4
[2024-09-06T17:43:10.951+0000] {core_li.py:23} INFO - Successfully updated job requisition 66db04abbf0a19d8769e74d6
[2024-09-06T17:43:10.960+0000] {core_li.py:23} INFO - Successfully updated job requisition 66db04abbf0a19d8769e74d8
[2024-09-06T17:43:10.966+0000] {core_li.py:23} INFO - Successfully updated job requisition 66db04abbf0a19d8769e74da
[2024-09-06T17:43:10.972+0000] {core_li.py:23} INFO - Successfully updated job requisition 66db04abbf0a19d8769e74dc
[2024-09-06T17:43:10.992+0000] {core_li.py:23} INFO - Successfully updated job requisition 66db04abbf0a19d8769e74de
[2024-09-06T17:43:11.005+0000] {core_li.py:23} INFO - Successfully updated job requisition 66db04abbf0a19d8769e74e0
[2024-09-06T17:43:11.015+0000] {core_li.py:23} INFO - Successfully updated job requisition 66db04abbf0a19d8769e74e2
[2024-09-06T17:43:11.024+0000] {core_li.py:23} INFO - Successfully updated job requisition 66db04abbf0a19d8769e74e4
[2024-09-06T17:43:11.032+0000] {core_li.py:23} INFO - Successfully updated job requisition 66db04abbf0a19d8769e74e6
[2024-09-06T17:43:11.039+0000] {core_li.py:23} INFO - Successfully updated job requisition 66db04abbf0a19d8769e74e8
[2024-09-06T17:43:11.050+0000] {core_li.py:23} INFO - Successfully updated job requisition 66db04abbf0a19d8769e74ea
[2024-09-06T17:43:11.058+0000] {core_li.py:23} INFO - Successfully updated job requisition 66db04abbf0a19d8769e74ec
[2024-09-06T17:43:11.067+0000] {core_li.py:23} INFO - Successfully updated job requisition 66db04abbf0a19d8769e74ee
[2024-09-06T17:43:11.075+0000] {core_li.py:23} INFO - Successfully updated job requisition 66db04abbf0a19d8769e74f0
[2024-09-06T17:43:11.082+0000] {core_li.py:23} INFO - Successfully updated job requisition 66db04abbf0a19d8769e74f2
[2024-09-06T17:43:11.090+0000] {core_li.py:23} INFO - Successfully updated job requisition 66db04abbf0a19d8769e74f4
[2024-09-06T17:43:11.100+0000] {core_li.py:23} INFO - Successfully updated job requisition 66db04abbf0a19d8769e74f6
[2024-09-06T17:43:11.108+0000] {core_li.py:23} INFO - Successfully updated job requisition 66db04abbf0a19d8769e74f8
[2024-09-06T17:43:11.114+0000] {core_li.py:23} INFO - Successfully updated job requisition 66db04abbf0a19d8769e74fa
[2024-09-06T17:43:11.124+0000] {core_li.py:23} INFO - Successfully updated job requisition 66db04abbf0a19d8769e74fc
[2024-09-06T17:43:11.134+0000] {core_li.py:23} INFO - Successfully updated job requisition 66db04abbf0a19d8769e74fe
[2024-09-06T17:43:11.149+0000] {core_li.py:23} INFO - Successfully updated job requisition 66db04abbf0a19d8769e7500
[2024-09-06T17:43:11.161+0000] {core_li.py:23} INFO - Successfully updated job requisition 66db04abbf0a19d8769e7502
[2024-09-06T17:43:11.168+0000] {core_li.py:23} INFO - Successfully updated job requisition 66db04abbf0a19d8769e7504
[2024-09-06T17:43:11.176+0000] {core_li.py:23} INFO - Successfully updated job requisition 66db04abbf0a19d8769e7506
[2024-09-06T17:43:11.185+0000] {core_li.py:23} INFO - Successfully updated job requisition 66db04abbf0a19d8769e7508
[2024-09-06T17:43:11.194+0000] {core_li.py:23} INFO - Successfully updated job requisition 66db04abbf0a19d8769e750a
[2024-09-06T17:43:11.205+0000] {core_li.py:23} INFO - Successfully updated job requisition 66db04abbf0a19d8769e750c
[2024-09-06T17:43:11.212+0000] {core_li.py:23} INFO - Successfully updated job requisition 66db04abbf0a19d8769e750e
[2024-09-06T17:43:11.223+0000] {core_li.py:23} INFO - Successfully updated job requisition 66db04abbf0a19d8769e7510
[2024-09-06T17:43:11.231+0000] {core_li.py:23} INFO - Successfully updated job requisition 66db04abbf0a19d8769e7512
[2024-09-06T17:43:11.238+0000] {core_li.py:23} INFO - Successfully updated job requisition 66db04abbf0a19d8769e7514
[2024-09-06T17:43:11.244+0000] {core_li.py:23} INFO - Successfully updated job requisition 66db04abbf0a19d8769e7516
[2024-09-06T17:43:11.250+0000] {core_li.py:23} INFO - Successfully updated job requisition 66db04abbf0a19d8769e7518
[2024-09-06T17:43:11.260+0000] {core_li.py:23} INFO - Successfully updated job requisition 66db04abbf0a19d8769e751a
[2024-09-06T17:43:11.266+0000] {core_li.py:23} INFO - Successfully updated job requisition 66db04abbf0a19d8769e751c
[2024-09-06T17:43:11.272+0000] {core_li.py:23} INFO - Successfully updated job requisition 66db04abbf0a19d8769e751e
[2024-09-06T17:43:11.278+0000] {core_li.py:23} INFO - Successfully updated job requisition 66db04abbf0a19d8769e7520
[2024-09-06T17:43:11.283+0000] {core_li.py:23} INFO - Successfully updated job requisition 66db04abbf0a19d8769e7522
[2024-09-06T17:43:11.289+0000] {core_li.py:23} INFO - Successfully updated job requisition 66db04abbf0a19d8769e7524
[2024-09-06T17:43:11.297+0000] {core_li.py:23} INFO - Successfully updated job requisition 66db04abbf0a19d8769e7526
[2024-09-06T17:43:11.302+0000] {core_li.py:23} INFO - Successfully updated job requisition 66db04abbf0a19d8769e7528
[2024-09-06T17:43:11.304+0000] {python.py:240} INFO - Done. Returned value was: 100
[2024-09-06T17:43:11.321+0000] {taskinstance.py:340} INFO - ::group::Post task execution logs
[2024-09-06T17:43:11.321+0000] {taskinstance.py:352} INFO - Marking task as SUCCESS. dag_id=async_flow, task_id=task_backfill_number_of_cancelled_candidates_in_batch, run_id=manual__2024-09-06T17:43:02.727107+00:00, map_index=32, execution_date=20240906T174302, start_date=20240906T174310, end_date=20240906T174311
[2024-09-06T17:43:11.367+0000] {local_task_job_runner.py:266} INFO - Task exited with return code 0
[2024-09-06T17:43:11.373+0000] {local_task_job_runner.py:245} INFO - ::endgroup::
