[2024-09-06T17:47:37.660+0000] {local_task_job_runner.py:123} INFO - ::group::Pre task execution logs
[2024-09-06T17:47:37.713+0000] {taskinstance.py:2612} INFO - Dependencies all met for dep_context=non-requeueable deps ti=<TaskInstance: async_flow.task_backfill_number_of_cancelled_candidates_in_batch manual__2024-09-06T17:47:30.120511+00:00 map_index=38 [queued]>
[2024-09-06T17:47:37.735+0000] {taskinstance.py:2612} INFO - Dependencies all met for dep_context=requeueable deps ti=<TaskInstance: async_flow.task_backfill_number_of_cancelled_candidates_in_batch manual__2024-09-06T17:47:30.120511+00:00 map_index=38 [queued]>
[2024-09-06T17:47:37.738+0000] {taskinstance.py:2865} INFO - Starting attempt 1 of 1
[2024-09-06T17:47:37.787+0000] {taskinstance.py:2888} INFO - Executing <Mapped(_PythonDecoratedOperator): task_backfill_number_of_cancelled_candidates_in_batch> on 2024-09-06 17:47:30.120511+00:00
[2024-09-06T17:47:37.799+0000] {standard_task_runner.py:104} INFO - Running: ['***', 'tasks', 'run', 'async_flow', 'task_backfill_number_of_cancelled_candidates_in_batch', 'manual__2024-09-06T17:47:30.120511+00:00', '--job-id', '360', '--raw', '--subdir', 'DAGS_FOLDER/dags_async_flow.py', '--cfg-path', '/tmp/tmp_0j8vu7d', '--map-index', '38']
[2024-09-06T17:47:37.800+0000] {standard_task_runner.py:105} INFO - Job 360: Subtask task_backfill_number_of_cancelled_candidates_in_batch
[2024-09-06T17:47:37.799+0000] {warnings.py:112} WARNING - /home/***/.local/lib/python3.12/site-packages/***/task/task_runner/standard_task_runner.py:70: DeprecationWarning: This process (pid=1246) is multi-threaded, use of fork() may lead to deadlocks in the child.
  pid = os.fork()

[2024-09-06T17:47:37.801+0000] {standard_task_runner.py:72} INFO - Started process 1310 to run task
[2024-09-06T17:47:37.859+0000] {task_command.py:467} INFO - Running <TaskInstance: async_flow.task_backfill_number_of_cancelled_candidates_in_batch manual__2024-09-06T17:47:30.120511+00:00 map_index=38 [running]> on host 0817eb6c24af
[2024-09-06T17:47:37.985+0000] {taskinstance.py:3131} INFO - Exporting env vars: AIRFLOW_CTX_DAG_OWNER='***' AIRFLOW_CTX_DAG_ID='async_flow' AIRFLOW_CTX_TASK_ID='task_backfill_number_of_cancelled_candidates_in_batch' AIRFLOW_CTX_EXECUTION_DATE='2024-09-06T17:47:30.120511+00:00' AIRFLOW_CTX_TRY_NUMBER='1' AIRFLOW_CTX_DAG_RUN_ID='manual__2024-09-06T17:47:30.120511+00:00'
[2024-09-06T17:47:37.987+0000] {taskinstance.py:731} INFO - ::endgroup::
[2024-09-06T17:47:37.999+0000] {core_li.py:23} INFO - Successfully updated job requisition 66db04abbf0a19d8769e6972
[2024-09-06T17:47:38.009+0000] {core_li.py:23} INFO - Successfully updated job requisition 66db04abbf0a19d8769e6974
[2024-09-06T17:47:38.016+0000] {core_li.py:23} INFO - Successfully updated job requisition 66db04abbf0a19d8769e6976
[2024-09-06T17:47:38.064+0000] {core_li.py:23} INFO - Successfully updated job requisition 66db04abbf0a19d8769e6978
[2024-09-06T17:47:38.078+0000] {core_li.py:23} INFO - Successfully updated job requisition 66db04abbf0a19d8769e697a
[2024-09-06T17:47:38.103+0000] {core_li.py:23} INFO - Successfully updated job requisition 66db04abbf0a19d8769e697c
[2024-09-06T17:47:38.120+0000] {core_li.py:23} INFO - Successfully updated job requisition 66db04abbf0a19d8769e697e
[2024-09-06T17:47:38.133+0000] {core_li.py:23} INFO - Successfully updated job requisition 66db04abbf0a19d8769e6980
[2024-09-06T17:47:38.142+0000] {core_li.py:23} INFO - Successfully updated job requisition 66db04abbf0a19d8769e6982
[2024-09-06T17:47:38.149+0000] {core_li.py:23} INFO - Successfully updated job requisition 66db04abbf0a19d8769e6984
[2024-09-06T17:47:38.161+0000] {core_li.py:23} INFO - Successfully updated job requisition 66db04abbf0a19d8769e6986
[2024-09-06T17:47:38.175+0000] {core_li.py:23} INFO - Successfully updated job requisition 66db04abbf0a19d8769e6988
[2024-09-06T17:47:38.195+0000] {core_li.py:23} INFO - Successfully updated job requisition 66db04abbf0a19d8769e698a
[2024-09-06T17:47:38.204+0000] {core_li.py:23} INFO - Successfully updated job requisition 66db04abbf0a19d8769e698c
[2024-09-06T17:47:38.216+0000] {core_li.py:23} INFO - Successfully updated job requisition 66db04abbf0a19d8769e698e
[2024-09-06T17:47:38.224+0000] {core_li.py:23} INFO - Successfully updated job requisition 66db04abbf0a19d8769e6990
[2024-09-06T17:47:38.233+0000] {core_li.py:23} INFO - Successfully updated job requisition 66db04abbf0a19d8769e6992
[2024-09-06T17:47:38.245+0000] {core_li.py:23} INFO - Successfully updated job requisition 66db04abbf0a19d8769e6994
[2024-09-06T17:47:38.257+0000] {core_li.py:23} INFO - Successfully updated job requisition 66db04abbf0a19d8769e6996
[2024-09-06T17:47:38.267+0000] {core_li.py:23} INFO - Successfully updated job requisition 66db04abbf0a19d8769e6998
[2024-09-06T17:47:38.275+0000] {core_li.py:23} INFO - Successfully updated job requisition 66db04abbf0a19d8769e699a
[2024-09-06T17:47:38.282+0000] {core_li.py:23} INFO - Successfully updated job requisition 66db04abbf0a19d8769e699c
[2024-09-06T17:47:38.289+0000] {core_li.py:23} INFO - Successfully updated job requisition 66db04abbf0a19d8769e699e
[2024-09-06T17:47:38.298+0000] {core_li.py:23} INFO - Successfully updated job requisition 66db04abbf0a19d8769e69a0
[2024-09-06T17:47:38.308+0000] {core_li.py:23} INFO - Successfully updated job requisition 66db04abbf0a19d8769e69a2
[2024-09-06T17:47:38.321+0000] {core_li.py:23} INFO - Successfully updated job requisition 66db04abbf0a19d8769e69a4
[2024-09-06T17:47:38.331+0000] {core_li.py:23} INFO - Successfully updated job requisition 66db04abbf0a19d8769e69a6
[2024-09-06T17:47:38.339+0000] {core_li.py:23} INFO - Successfully updated job requisition 66db04abbf0a19d8769e69a8
[2024-09-06T17:47:38.348+0000] {core_li.py:23} INFO - Successfully updated job requisition 66db04abbf0a19d8769e69aa
[2024-09-06T17:47:38.358+0000] {core_li.py:23} INFO - Successfully updated job requisition 66db04abbf0a19d8769e69ac
[2024-09-06T17:47:38.365+0000] {core_li.py:23} INFO - Successfully updated job requisition 66db04abbf0a19d8769e69ae
[2024-09-06T17:47:38.388+0000] {core_li.py:23} INFO - Successfully updated job requisition 66db04abbf0a19d8769e69b0
[2024-09-06T17:47:38.394+0000] {core_li.py:23} INFO - Successfully updated job requisition 66db04abbf0a19d8769e69b2
[2024-09-06T17:47:38.400+0000] {core_li.py:23} INFO - Successfully updated job requisition 66db04abbf0a19d8769e69b4
[2024-09-06T17:47:38.407+0000] {core_li.py:23} INFO - Successfully updated job requisition 66db04abbf0a19d8769e69b6
[2024-09-06T17:47:38.416+0000] {core_li.py:23} INFO - Successfully updated job requisition 66db04abbf0a19d8769e69b8
[2024-09-06T17:47:38.427+0000] {core_li.py:23} INFO - Successfully updated job requisition 66db04abbf0a19d8769e69ba
[2024-09-06T17:47:38.434+0000] {core_li.py:23} INFO - Successfully updated job requisition 66db04abbf0a19d8769e69bc
[2024-09-06T17:47:38.443+0000] {core_li.py:23} INFO - Successfully updated job requisition 66db04abbf0a19d8769e69be
[2024-09-06T17:47:38.454+0000] {core_li.py:23} INFO - Successfully updated job requisition 66db04abbf0a19d8769e69c0
[2024-09-06T17:47:38.461+0000] {core_li.py:23} INFO - Successfully updated job requisition 66db04abbf0a19d8769e69c2
[2024-09-06T17:47:38.467+0000] {core_li.py:23} INFO - Successfully updated job requisition 66db04abbf0a19d8769e69c4
[2024-09-06T17:47:38.476+0000] {core_li.py:23} INFO - Successfully updated job requisition 66db04abbf0a19d8769e69c6
[2024-09-06T17:47:38.485+0000] {core_li.py:23} INFO - Successfully updated job requisition 66db04abbf0a19d8769e69c8
[2024-09-06T17:47:38.495+0000] {core_li.py:23} INFO - Successfully updated job requisition 66db04abbf0a19d8769e69ca
[2024-09-06T17:47:38.517+0000] {core_li.py:23} INFO - Successfully updated job requisition 66db04abbf0a19d8769e69cc
[2024-09-06T17:47:38.547+0000] {core_li.py:23} INFO - Successfully updated job requisition 66db04abbf0a19d8769e69ce
[2024-09-06T17:47:38.561+0000] {core_li.py:23} INFO - Successfully updated job requisition 66db04abbf0a19d8769e69d0
[2024-09-06T17:47:38.566+0000] {core_li.py:23} INFO - Successfully updated job requisition 66db04abbf0a19d8769e69d2
[2024-09-06T17:47:38.573+0000] {core_li.py:23} INFO - Successfully updated job requisition 66db04abbf0a19d8769e69d4
[2024-09-06T17:47:38.581+0000] {core_li.py:23} INFO - Successfully updated job requisition 66db04abbf0a19d8769e69d6
[2024-09-06T17:47:38.586+0000] {core_li.py:23} INFO - Successfully updated job requisition 66db04abbf0a19d8769e69d8
[2024-09-06T17:47:38.591+0000] {core_li.py:23} INFO - Successfully updated job requisition 66db04abbf0a19d8769e69da
[2024-09-06T17:47:38.598+0000] {core_li.py:23} INFO - Successfully updated job requisition 66db04abbf0a19d8769e69dc
[2024-09-06T17:47:38.604+0000] {core_li.py:23} INFO - Successfully updated job requisition 66db04abbf0a19d8769e69de
[2024-09-06T17:47:38.612+0000] {core_li.py:23} INFO - Successfully updated job requisition 66db04abbf0a19d8769e69e0
[2024-09-06T17:47:38.621+0000] {core_li.py:23} INFO - Successfully updated job requisition 66db04abbf0a19d8769e69e2
[2024-09-06T17:47:38.628+0000] {core_li.py:23} INFO - Successfully updated job requisition 66db04abbf0a19d8769e69e4
[2024-09-06T17:47:38.635+0000] {core_li.py:23} INFO - Successfully updated job requisition 66db04abbf0a19d8769e69e6
[2024-09-06T17:47:38.643+0000] {core_li.py:23} INFO - Successfully updated job requisition 66db04abbf0a19d8769e69e8
[2024-09-06T17:47:38.651+0000] {core_li.py:23} INFO - Successfully updated job requisition 66db04abbf0a19d8769e69ea
[2024-09-06T17:47:38.658+0000] {core_li.py:23} INFO - Successfully updated job requisition 66db04abbf0a19d8769e69ec
[2024-09-06T17:47:38.668+0000] {core_li.py:23} INFO - Successfully updated job requisition 66db04abbf0a19d8769e69ee
[2024-09-06T17:47:38.677+0000] {core_li.py:23} INFO - Successfully updated job requisition 66db04abbf0a19d8769e69f0
[2024-09-06T17:47:38.691+0000] {core_li.py:23} INFO - Successfully updated job requisition 66db04abbf0a19d8769e69f2
[2024-09-06T17:47:38.699+0000] {core_li.py:23} INFO - Successfully updated job requisition 66db04abbf0a19d8769e69f4
[2024-09-06T17:47:38.710+0000] {core_li.py:23} INFO - Successfully updated job requisition 66db04abbf0a19d8769e69f6
[2024-09-06T17:47:38.720+0000] {core_li.py:23} INFO - Successfully updated job requisition 66db04abbf0a19d8769e69f8
[2024-09-06T17:47:38.726+0000] {core_li.py:23} INFO - Successfully updated job requisition 66db04abbf0a19d8769e69fa
[2024-09-06T17:47:38.732+0000] {core_li.py:23} INFO - Successfully updated job requisition 66db04abbf0a19d8769e69fc
[2024-09-06T17:47:38.740+0000] {core_li.py:23} INFO - Successfully updated job requisition 66db04abbf0a19d8769e69fe
[2024-09-06T17:47:38.750+0000] {core_li.py:23} INFO - Successfully updated job requisition 66db04abbf0a19d8769e6a00
[2024-09-06T17:47:38.757+0000] {core_li.py:23} INFO - Successfully updated job requisition 66db04abbf0a19d8769e6a02
[2024-09-06T17:47:38.771+0000] {core_li.py:23} INFO - Successfully updated job requisition 66db04abbf0a19d8769e6a04
[2024-09-06T17:47:38.780+0000] {core_li.py:23} INFO - Successfully updated job requisition 66db04abbf0a19d8769e6a06
[2024-09-06T17:47:38.787+0000] {core_li.py:23} INFO - Successfully updated job requisition 66db04abbf0a19d8769e6a08
[2024-09-06T17:47:38.794+0000] {core_li.py:23} INFO - Successfully updated job requisition 66db04abbf0a19d8769e6a0a
[2024-09-06T17:47:38.802+0000] {core_li.py:23} INFO - Successfully updated job requisition 66db04abbf0a19d8769e6a0c
[2024-09-06T17:47:38.812+0000] {core_li.py:23} INFO - Successfully updated job requisition 66db04abbf0a19d8769e6a0e
[2024-09-06T17:47:38.821+0000] {core_li.py:23} INFO - Successfully updated job requisition 66db04abbf0a19d8769e6a10
[2024-09-06T17:47:38.829+0000] {core_li.py:23} INFO - Successfully updated job requisition 66db04abbf0a19d8769e6a12
[2024-09-06T17:47:38.836+0000] {core_li.py:23} INFO - Successfully updated job requisition 66db04abbf0a19d8769e6a14
[2024-09-06T17:47:38.843+0000] {core_li.py:23} INFO - Successfully updated job requisition 66db04abbf0a19d8769e6a16
[2024-09-06T17:47:38.853+0000] {core_li.py:23} INFO - Successfully updated job requisition 66db04abbf0a19d8769e6a18
[2024-09-06T17:47:38.864+0000] {core_li.py:23} INFO - Successfully updated job requisition 66db04abbf0a19d8769e6a1a
[2024-09-06T17:47:38.871+0000] {core_li.py:23} INFO - Successfully updated job requisition 66db04abbf0a19d8769e6a1c
[2024-09-06T17:47:38.878+0000] {core_li.py:23} INFO - Successfully updated job requisition 66db04abbf0a19d8769e6a1e
[2024-09-06T17:47:38.886+0000] {core_li.py:23} INFO - Successfully updated job requisition 66db04abbf0a19d8769e6a20
[2024-09-06T17:47:38.892+0000] {core_li.py:23} INFO - Successfully updated job requisition 66db04abbf0a19d8769e6a22
[2024-09-06T17:47:38.905+0000] {core_li.py:23} INFO - Successfully updated job requisition 66db04abbf0a19d8769e6a24
[2024-09-06T17:47:38.910+0000] {core_li.py:23} INFO - Successfully updated job requisition 66db04abbf0a19d8769e6a26
[2024-09-06T17:47:38.916+0000] {core_li.py:23} INFO - Successfully updated job requisition 66db04abbf0a19d8769e6a28
[2024-09-06T17:47:38.925+0000] {core_li.py:23} INFO - Successfully updated job requisition 66db04abbf0a19d8769e6a2a
[2024-09-06T17:47:38.933+0000] {core_li.py:23} INFO - Successfully updated job requisition 66db04abbf0a19d8769e6a2c
[2024-09-06T17:47:38.940+0000] {core_li.py:23} INFO - Successfully updated job requisition 66db04abbf0a19d8769e6a2e
[2024-09-06T17:47:38.948+0000] {core_li.py:23} INFO - Successfully updated job requisition 66db04abbf0a19d8769e6a30
[2024-09-06T17:47:38.955+0000] {core_li.py:23} INFO - Successfully updated job requisition 66db04abbf0a19d8769e6a32
[2024-09-06T17:47:38.963+0000] {core_li.py:23} INFO - Successfully updated job requisition 66db04abbf0a19d8769e6a34
[2024-09-06T17:47:38.970+0000] {core_li.py:23} INFO - Successfully updated job requisition 66db04abbf0a19d8769e6a36
[2024-09-06T17:47:38.979+0000] {core_li.py:23} INFO - Successfully updated job requisition 66db04abbf0a19d8769e6a38
[2024-09-06T17:47:38.980+0000] {python.py:240} INFO - Done. Returned value was: 100
[2024-09-06T17:47:39.003+0000] {taskinstance.py:340} INFO - ::group::Post task execution logs
[2024-09-06T17:47:39.004+0000] {taskinstance.py:352} INFO - Marking task as SUCCESS. dag_id=async_flow, task_id=task_backfill_number_of_cancelled_candidates_in_batch, run_id=manual__2024-09-06T17:47:30.120511+00:00, map_index=38, execution_date=20240906T174730, start_date=20240906T174737, end_date=20240906T174739
[2024-09-06T17:47:39.046+0000] {local_task_job_runner.py:266} INFO - Task exited with return code 0
[2024-09-06T17:47:39.068+0000] {local_task_job_runner.py:245} INFO - ::endgroup::
