[2024-09-06T17:45:48.105+0000] {local_task_job_runner.py:123} INFO - ::group::Pre task execution logs
[2024-09-06T17:45:48.156+0000] {taskinstance.py:2612} INFO - Dependencies all met for dep_context=non-requeueable deps ti=<TaskInstance: async_flow.task_backfill_number_of_cancelled_candidates_in_batch manual__2024-09-06T17:29:39.458358+00:00 map_index=0 [queued]>
[2024-09-06T17:45:48.184+0000] {taskinstance.py:2612} INFO - Dependencies all met for dep_context=requeueable deps ti=<TaskInstance: async_flow.task_backfill_number_of_cancelled_candidates_in_batch manual__2024-09-06T17:29:39.458358+00:00 map_index=0 [queued]>
[2024-09-06T17:45:48.190+0000] {taskinstance.py:2865} INFO - Starting attempt 2 of 2
[2024-09-06T17:45:48.219+0000] {taskinstance.py:2888} INFO - Executing <Mapped(_PythonDecoratedOperator): task_backfill_number_of_cancelled_candidates_in_batch> on 2024-09-06 17:29:39.458358+00:00
[2024-09-06T17:45:48.231+0000] {warnings.py:112} WARNING - /home/***/.local/lib/python3.12/site-packages/***/task/task_runner/standard_task_runner.py:70: DeprecationWarning: This process (pid=422) is multi-threaded, use of fork() may lead to deadlocks in the child.
  pid = os.fork()

[2024-09-06T17:45:48.236+0000] {standard_task_runner.py:72} INFO - Started process 495 to run task
[2024-09-06T17:45:48.238+0000] {standard_task_runner.py:104} INFO - Running: ['***', 'tasks', 'run', 'async_flow', 'task_backfill_number_of_cancelled_candidates_in_batch', 'manual__2024-09-06T17:29:39.458358+00:00', '--job-id', '235', '--raw', '--subdir', 'DAGS_FOLDER/dags_async_flow.py', '--cfg-path', '/tmp/tmpwvbdaxm3', '--map-index', '0']
[2024-09-06T17:45:48.243+0000] {standard_task_runner.py:105} INFO - Job 235: Subtask task_backfill_number_of_cancelled_candidates_in_batch
[2024-09-06T17:45:48.331+0000] {task_command.py:467} INFO - Running <TaskInstance: async_flow.task_backfill_number_of_cancelled_candidates_in_batch manual__2024-09-06T17:29:39.458358+00:00 map_index=0 [running]> on host 0817eb6c24af
[2024-09-06T17:45:48.488+0000] {taskinstance.py:3131} INFO - Exporting env vars: AIRFLOW_CTX_DAG_OWNER='***' AIRFLOW_CTX_DAG_ID='async_flow' AIRFLOW_CTX_TASK_ID='task_backfill_number_of_cancelled_candidates_in_batch' AIRFLOW_CTX_EXECUTION_DATE='2024-09-06T17:29:39.458358+00:00' AIRFLOW_CTX_TRY_NUMBER='2' AIRFLOW_CTX_DAG_RUN_ID='manual__2024-09-06T17:29:39.458358+00:00'
[2024-09-06T17:45:48.489+0000] {taskinstance.py:731} INFO - ::endgroup::
[2024-09-06T17:45:48.536+0000] {core_li.py:23} INFO - Successfully updated job requisition 66db04aabf0a19d8769e5b62
[2024-09-06T17:45:48.552+0000] {core_li.py:23} INFO - Successfully updated job requisition 66db04aabf0a19d8769e5b64
[2024-09-06T17:45:48.564+0000] {core_li.py:23} INFO - Successfully updated job requisition 66db04aabf0a19d8769e5b66
[2024-09-06T17:45:48.577+0000] {core_li.py:23} INFO - Successfully updated job requisition 66db04aabf0a19d8769e5b68
[2024-09-06T17:45:48.590+0000] {core_li.py:23} INFO - Successfully updated job requisition 66db04aabf0a19d8769e5b6a
[2024-09-06T17:45:48.606+0000] {core_li.py:23} INFO - Successfully updated job requisition 66db04aabf0a19d8769e5b6c
[2024-09-06T17:45:48.616+0000] {core_li.py:23} INFO - Successfully updated job requisition 66db04aabf0a19d8769e5b6e
[2024-09-06T17:45:48.627+0000] {core_li.py:23} INFO - Successfully updated job requisition 66db04aabf0a19d8769e5b70
[2024-09-06T17:45:48.641+0000] {core_li.py:23} INFO - Successfully updated job requisition 66db04aabf0a19d8769e5b72
[2024-09-06T17:45:48.653+0000] {core_li.py:23} INFO - Successfully updated job requisition 66db04aabf0a19d8769e5b74
[2024-09-06T17:45:48.664+0000] {core_li.py:23} INFO - Successfully updated job requisition 66db04aabf0a19d8769e5b76
[2024-09-06T17:45:48.677+0000] {core_li.py:23} INFO - Successfully updated job requisition 66db04aabf0a19d8769e5b78
[2024-09-06T17:45:48.691+0000] {core_li.py:23} INFO - Successfully updated job requisition 66db04aabf0a19d8769e5b7a
[2024-09-06T17:45:48.702+0000] {core_li.py:23} INFO - Successfully updated job requisition 66db04aabf0a19d8769e5b7c
[2024-09-06T17:45:48.716+0000] {core_li.py:23} INFO - Successfully updated job requisition 66db04aabf0a19d8769e5b7e
[2024-09-06T17:45:48.729+0000] {core_li.py:23} INFO - Successfully updated job requisition 66db04aabf0a19d8769e5b80
[2024-09-06T17:45:48.746+0000] {core_li.py:23} INFO - Successfully updated job requisition 66db04aabf0a19d8769e5b82
[2024-09-06T17:45:48.762+0000] {core_li.py:23} INFO - Successfully updated job requisition 66db04aabf0a19d8769e5b84
[2024-09-06T17:45:48.774+0000] {core_li.py:23} INFO - Successfully updated job requisition 66db04aabf0a19d8769e5b86
[2024-09-06T17:45:48.785+0000] {core_li.py:23} INFO - Successfully updated job requisition 66db04aabf0a19d8769e5b88
[2024-09-06T17:45:48.795+0000] {core_li.py:23} INFO - Successfully updated job requisition 66db04aabf0a19d8769e5b8a
[2024-09-06T17:45:48.819+0000] {core_li.py:23} INFO - Successfully updated job requisition 66db04aabf0a19d8769e5b8c
[2024-09-06T17:45:48.840+0000] {core_li.py:23} INFO - Successfully updated job requisition 66db04aabf0a19d8769e5b8e
[2024-09-06T17:45:48.860+0000] {core_li.py:23} INFO - Successfully updated job requisition 66db04aabf0a19d8769e5b90
[2024-09-06T17:45:48.876+0000] {core_li.py:23} INFO - Successfully updated job requisition 66db04aabf0a19d8769e5b92
[2024-09-06T17:45:48.893+0000] {core_li.py:23} INFO - Successfully updated job requisition 66db04aabf0a19d8769e5b94
[2024-09-06T17:45:48.911+0000] {core_li.py:23} INFO - Successfully updated job requisition 66db04aabf0a19d8769e5b96
[2024-09-06T17:45:48.926+0000] {core_li.py:23} INFO - Successfully updated job requisition 66db04aabf0a19d8769e5b98
[2024-09-06T17:45:48.936+0000] {core_li.py:23} INFO - Successfully updated job requisition 66db04aabf0a19d8769e5b9a
[2024-09-06T17:45:48.950+0000] {core_li.py:23} INFO - Successfully updated job requisition 66db04aabf0a19d8769e5b9c
[2024-09-06T17:45:48.965+0000] {core_li.py:23} INFO - Successfully updated job requisition 66db04aabf0a19d8769e5b9e
[2024-09-06T17:45:48.980+0000] {core_li.py:23} INFO - Successfully updated job requisition 66db04aabf0a19d8769e5ba0
[2024-09-06T17:45:49.001+0000] {core_li.py:23} INFO - Successfully updated job requisition 66db04aabf0a19d8769e5ba2
[2024-09-06T17:45:49.029+0000] {core_li.py:23} INFO - Successfully updated job requisition 66db04aabf0a19d8769e5ba4
[2024-09-06T17:45:49.050+0000] {core_li.py:23} INFO - Successfully updated job requisition 66db04aabf0a19d8769e5ba6
[2024-09-06T17:45:49.062+0000] {core_li.py:23} INFO - Successfully updated job requisition 66db04aabf0a19d8769e5ba8
[2024-09-06T17:45:49.091+0000] {core_li.py:23} INFO - Successfully updated job requisition 66db04aabf0a19d8769e5baa
[2024-09-06T17:45:49.114+0000] {core_li.py:23} INFO - Successfully updated job requisition 66db04aabf0a19d8769e5bac
[2024-09-06T17:45:49.131+0000] {core_li.py:23} INFO - Successfully updated job requisition 66db04aabf0a19d8769e5bae
[2024-09-06T17:45:49.141+0000] {core_li.py:23} INFO - Successfully updated job requisition 66db04aabf0a19d8769e5bb0
[2024-09-06T17:45:49.155+0000] {core_li.py:23} INFO - Successfully updated job requisition 66db04aabf0a19d8769e5bb2
[2024-09-06T17:45:49.166+0000] {core_li.py:23} INFO - Successfully updated job requisition 66db04aabf0a19d8769e5bb4
[2024-09-06T17:45:49.176+0000] {core_li.py:23} INFO - Successfully updated job requisition 66db04aabf0a19d8769e5bb6
[2024-09-06T17:45:49.185+0000] {core_li.py:23} INFO - Successfully updated job requisition 66db04aabf0a19d8769e5bb8
[2024-09-06T17:45:49.194+0000] {core_li.py:23} INFO - Successfully updated job requisition 66db04aabf0a19d8769e5bba
[2024-09-06T17:45:49.208+0000] {core_li.py:23} INFO - Successfully updated job requisition 66db04aabf0a19d8769e5bbc
[2024-09-06T17:45:49.218+0000] {core_li.py:23} INFO - Successfully updated job requisition 66db04aabf0a19d8769e5bbe
[2024-09-06T17:45:49.230+0000] {core_li.py:23} INFO - Successfully updated job requisition 66db04aabf0a19d8769e5bc0
[2024-09-06T17:45:49.239+0000] {core_li.py:23} INFO - Successfully updated job requisition 66db04aabf0a19d8769e5bc2
[2024-09-06T17:45:49.250+0000] {core_li.py:23} INFO - Successfully updated job requisition 66db04aabf0a19d8769e5bc4
[2024-09-06T17:45:49.257+0000] {core_li.py:23} INFO - Successfully updated job requisition 66db04aabf0a19d8769e5bc6
[2024-09-06T17:45:49.266+0000] {core_li.py:23} INFO - Successfully updated job requisition 66db04aabf0a19d8769e5bc8
[2024-09-06T17:45:49.275+0000] {core_li.py:23} INFO - Successfully updated job requisition 66db04aabf0a19d8769e5bca
[2024-09-06T17:45:49.296+0000] {core_li.py:23} INFO - Successfully updated job requisition 66db04aabf0a19d8769e5bcc
[2024-09-06T17:45:49.308+0000] {core_li.py:23} INFO - Successfully updated job requisition 66db04aabf0a19d8769e5bce
[2024-09-06T17:45:49.325+0000] {core_li.py:23} INFO - Successfully updated job requisition 66db04aabf0a19d8769e5bd0
[2024-09-06T17:45:49.336+0000] {core_li.py:23} INFO - Successfully updated job requisition 66db04aabf0a19d8769e5bd2
[2024-09-06T17:45:49.351+0000] {core_li.py:23} INFO - Successfully updated job requisition 66db04aabf0a19d8769e5bd4
[2024-09-06T17:45:49.362+0000] {core_li.py:23} INFO - Successfully updated job requisition 66db04aabf0a19d8769e5bd6
[2024-09-06T17:45:49.373+0000] {core_li.py:23} INFO - Successfully updated job requisition 66db04aabf0a19d8769e5bd8
[2024-09-06T17:45:49.387+0000] {core_li.py:23} INFO - Successfully updated job requisition 66db04aabf0a19d8769e5bda
[2024-09-06T17:45:49.403+0000] {core_li.py:23} INFO - Successfully updated job requisition 66db04aabf0a19d8769e5bdc
[2024-09-06T17:45:49.416+0000] {core_li.py:23} INFO - Successfully updated job requisition 66db04aabf0a19d8769e5bde
[2024-09-06T17:45:49.425+0000] {core_li.py:23} INFO - Successfully updated job requisition 66db04aabf0a19d8769e5be0
[2024-09-06T17:45:49.435+0000] {core_li.py:23} INFO - Successfully updated job requisition 66db04aabf0a19d8769e5be2
[2024-09-06T17:45:49.450+0000] {core_li.py:23} INFO - Successfully updated job requisition 66db04aabf0a19d8769e5be4
[2024-09-06T17:45:49.465+0000] {core_li.py:23} INFO - Successfully updated job requisition 66db04aabf0a19d8769e5be6
[2024-09-06T17:45:49.477+0000] {core_li.py:23} INFO - Successfully updated job requisition 66db04aabf0a19d8769e5be8
[2024-09-06T17:45:49.492+0000] {core_li.py:23} INFO - Successfully updated job requisition 66db04aabf0a19d8769e5bea
[2024-09-06T17:45:49.502+0000] {core_li.py:23} INFO - Successfully updated job requisition 66db04aabf0a19d8769e5bec
[2024-09-06T17:45:49.514+0000] {core_li.py:23} INFO - Successfully updated job requisition 66db04aabf0a19d8769e5bee
[2024-09-06T17:45:49.523+0000] {core_li.py:23} INFO - Successfully updated job requisition 66db04aabf0a19d8769e5bf0
[2024-09-06T17:45:49.532+0000] {core_li.py:23} INFO - Successfully updated job requisition 66db04aabf0a19d8769e5bf2
[2024-09-06T17:45:49.541+0000] {core_li.py:23} INFO - Successfully updated job requisition 66db04aabf0a19d8769e5bf4
[2024-09-06T17:45:49.551+0000] {core_li.py:23} INFO - Successfully updated job requisition 66db04aabf0a19d8769e5bf6
[2024-09-06T17:45:49.560+0000] {core_li.py:23} INFO - Successfully updated job requisition 66db04aabf0a19d8769e5bf8
[2024-09-06T17:45:49.578+0000] {core_li.py:23} INFO - Successfully updated job requisition 66db04aabf0a19d8769e5bfa
[2024-09-06T17:45:49.588+0000] {core_li.py:23} INFO - Successfully updated job requisition 66db04aabf0a19d8769e5bfc
[2024-09-06T17:45:49.599+0000] {core_li.py:23} INFO - Successfully updated job requisition 66db04aabf0a19d8769e5bfe
[2024-09-06T17:45:49.608+0000] {core_li.py:23} INFO - Successfully updated job requisition 66db04aabf0a19d8769e5c00
[2024-09-06T17:45:49.620+0000] {core_li.py:23} INFO - Successfully updated job requisition 66db04aabf0a19d8769e5c02
[2024-09-06T17:45:49.629+0000] {core_li.py:23} INFO - Successfully updated job requisition 66db04aabf0a19d8769e5c04
[2024-09-06T17:45:49.641+0000] {core_li.py:23} INFO - Successfully updated job requisition 66db04aabf0a19d8769e5c06
[2024-09-06T17:45:49.653+0000] {core_li.py:23} INFO - Successfully updated job requisition 66db04aabf0a19d8769e5c08
[2024-09-06T17:45:49.661+0000] {core_li.py:23} INFO - Successfully updated job requisition 66db04aabf0a19d8769e5c0a
[2024-09-06T17:45:49.669+0000] {core_li.py:23} INFO - Successfully updated job requisition 66db04aabf0a19d8769e5c0c
[2024-09-06T17:45:49.679+0000] {core_li.py:23} INFO - Successfully updated job requisition 66db04aabf0a19d8769e5c0e
[2024-09-06T17:45:49.688+0000] {core_li.py:23} INFO - Successfully updated job requisition 66db04aabf0a19d8769e5c10
[2024-09-06T17:45:49.705+0000] {core_li.py:23} INFO - Successfully updated job requisition 66db04aabf0a19d8769e5c12
[2024-09-06T17:45:49.713+0000] {core_li.py:23} INFO - Successfully updated job requisition 66db04aabf0a19d8769e5c14
[2024-09-06T17:45:49.721+0000] {core_li.py:23} INFO - Successfully updated job requisition 66db04aabf0a19d8769e5c16
[2024-09-06T17:45:49.728+0000] {core_li.py:23} INFO - Successfully updated job requisition 66db04aabf0a19d8769e5c18
[2024-09-06T17:45:49.738+0000] {core_li.py:23} INFO - Successfully updated job requisition 66db04aabf0a19d8769e5c1a
[2024-09-06T17:45:49.748+0000] {core_li.py:23} INFO - Successfully updated job requisition 66db04aabf0a19d8769e5c1c
[2024-09-06T17:45:49.758+0000] {core_li.py:23} INFO - Successfully updated job requisition 66db04aabf0a19d8769e5c1e
[2024-09-06T17:45:49.767+0000] {core_li.py:23} INFO - Successfully updated job requisition 66db04aabf0a19d8769e5c20
[2024-09-06T17:45:49.777+0000] {core_li.py:23} INFO - Successfully updated job requisition 66db04aabf0a19d8769e5c22
[2024-09-06T17:45:49.786+0000] {core_li.py:23} INFO - Successfully updated job requisition 66db04aabf0a19d8769e5c24
[2024-09-06T17:45:49.795+0000] {core_li.py:23} INFO - Successfully updated job requisition 66db04aabf0a19d8769e5c26
[2024-09-06T17:45:49.803+0000] {core_li.py:23} INFO - Successfully updated job requisition 66db04aabf0a19d8769e5c28
[2024-09-06T17:45:49.803+0000] {python.py:240} INFO - Done. Returned value was: 100
[2024-09-06T17:45:49.842+0000] {taskinstance.py:340} INFO - ::group::Post task execution logs
[2024-09-06T17:45:49.842+0000] {taskinstance.py:352} INFO - Marking task as SUCCESS. dag_id=async_flow, task_id=task_backfill_number_of_cancelled_candidates_in_batch, run_id=manual__2024-09-06T17:29:39.458358+00:00, map_index=0, execution_date=20240906T172939, start_date=20240906T174548, end_date=20240906T174549
[2024-09-06T17:45:49.870+0000] {local_task_job_runner.py:266} INFO - Task exited with return code 0
[2024-09-06T17:45:49.878+0000] {local_task_job_runner.py:245} INFO - ::endgroup::
