[2024-09-06T17:29:42.029+0000] {local_task_job_runner.py:123} INFO - ::group::Pre task execution logs
[2024-09-06T17:29:42.050+0000] {taskinstance.py:2612} INFO - Dependencies all met for dep_context=non-requeueable deps ti=<TaskInstance: async_flow.task_backfill_number_of_cancelled_candidates_in_batch manual__2024-09-06T17:29:39.458358+00:00 map_index=1 [queued]>
[2024-09-06T17:29:42.067+0000] {taskinstance.py:2612} INFO - Dependencies all met for dep_context=requeueable deps ti=<TaskInstance: async_flow.task_backfill_number_of_cancelled_candidates_in_batch manual__2024-09-06T17:29:39.458358+00:00 map_index=1 [queued]>
[2024-09-06T17:29:42.069+0000] {taskinstance.py:2865} INFO - Starting attempt 1 of 1
[2024-09-06T17:29:42.086+0000] {taskinstance.py:2888} INFO - Executing <Mapped(_PythonDecoratedOperator): task_backfill_number_of_cancelled_candidates_in_batch> on 2024-09-06 17:29:39.458358+00:00
[2024-09-06T17:29:42.090+0000] {warnings.py:112} WARNING - /home/***/.local/lib/python3.12/site-packages/***/task/task_runner/standard_task_runner.py:70: DeprecationWarning: This process (pid=3124) is multi-threaded, use of fork() may lead to deadlocks in the child.
  pid = os.fork()

[2024-09-06T17:29:42.092+0000] {standard_task_runner.py:72} INFO - Started process 3210 to run task
[2024-09-06T17:29:42.097+0000] {standard_task_runner.py:104} INFO - Running: ['***', 'tasks', 'run', 'async_flow', 'task_backfill_number_of_cancelled_candidates_in_batch', 'manual__2024-09-06T17:29:39.458358+00:00', '--job-id', '137', '--raw', '--subdir', 'DAGS_FOLDER/dags_async_flow.py', '--cfg-path', '/tmp/tmpyxlmgr0f', '--map-index', '1']
[2024-09-06T17:29:42.103+0000] {standard_task_runner.py:105} INFO - Job 137: Subtask task_backfill_number_of_cancelled_candidates_in_batch
[2024-09-06T17:29:42.282+0000] {task_command.py:467} INFO - Running <TaskInstance: async_flow.task_backfill_number_of_cancelled_candidates_in_batch manual__2024-09-06T17:29:39.458358+00:00 map_index=1 [running]> on host a3a5f1897683
[2024-09-06T17:29:42.463+0000] {taskinstance.py:3131} INFO - Exporting env vars: AIRFLOW_CTX_DAG_OWNER='***' AIRFLOW_CTX_DAG_ID='async_flow' AIRFLOW_CTX_TASK_ID='task_backfill_number_of_cancelled_candidates_in_batch' AIRFLOW_CTX_EXECUTION_DATE='2024-09-06T17:29:39.458358+00:00' AIRFLOW_CTX_TRY_NUMBER='1' AIRFLOW_CTX_DAG_RUN_ID='manual__2024-09-06T17:29:39.458358+00:00'
[2024-09-06T17:29:42.465+0000] {taskinstance.py:731} INFO - ::endgroup::
[2024-09-06T17:29:42.503+0000] {core_li.py:23} INFO - Successfully updated job requisition 66db04aabf0a19d8769e5c2a
[2024-09-06T17:29:42.513+0000] {core_li.py:23} INFO - Successfully updated job requisition 66db04aabf0a19d8769e5c2c
[2024-09-06T17:29:42.527+0000] {core_li.py:23} INFO - Successfully updated job requisition 66db04aabf0a19d8769e5c2e
[2024-09-06T17:29:42.537+0000] {core_li.py:23} INFO - Successfully updated job requisition 66db04aabf0a19d8769e5c30
[2024-09-06T17:29:42.546+0000] {core_li.py:23} INFO - Successfully updated job requisition 66db04aabf0a19d8769e5c32
[2024-09-06T17:29:42.557+0000] {core_li.py:23} INFO - Successfully updated job requisition 66db04aabf0a19d8769e5c34
[2024-09-06T17:29:42.568+0000] {core_li.py:23} INFO - Successfully updated job requisition 66db04aabf0a19d8769e5c36
[2024-09-06T17:29:42.577+0000] {core_li.py:23} INFO - Successfully updated job requisition 66db04aabf0a19d8769e5c38
[2024-09-06T17:29:42.595+0000] {core_li.py:23} INFO - Successfully updated job requisition 66db04aabf0a19d8769e5c3a
[2024-09-06T17:29:42.605+0000] {core_li.py:23} INFO - Successfully updated job requisition 66db04aabf0a19d8769e5c3c
[2024-09-06T17:29:42.619+0000] {core_li.py:23} INFO - Successfully updated job requisition 66db04aabf0a19d8769e5c3e
[2024-09-06T17:29:42.630+0000] {core_li.py:23} INFO - Successfully updated job requisition 66db04aabf0a19d8769e5c40
[2024-09-06T17:29:42.639+0000] {core_li.py:23} INFO - Successfully updated job requisition 66db04aabf0a19d8769e5c42
[2024-09-06T17:29:42.648+0000] {core_li.py:23} INFO - Successfully updated job requisition 66db04aabf0a19d8769e5c44
[2024-09-06T17:29:42.665+0000] {core_li.py:23} INFO - Successfully updated job requisition 66db04aabf0a19d8769e5c46
[2024-09-06T17:29:42.678+0000] {core_li.py:23} INFO - Successfully updated job requisition 66db04aabf0a19d8769e5c48
[2024-09-06T17:29:42.689+0000] {core_li.py:23} INFO - Successfully updated job requisition 66db04aabf0a19d8769e5c4a
[2024-09-06T17:29:42.704+0000] {core_li.py:23} INFO - Successfully updated job requisition 66db04aabf0a19d8769e5c4c
[2024-09-06T17:29:42.713+0000] {core_li.py:23} INFO - Successfully updated job requisition 66db04aabf0a19d8769e5c4e
[2024-09-06T17:29:42.723+0000] {core_li.py:23} INFO - Successfully updated job requisition 66db04aabf0a19d8769e5c50
[2024-09-06T17:29:42.736+0000] {core_li.py:23} INFO - Successfully updated job requisition 66db04aabf0a19d8769e5c52
[2024-09-06T17:29:42.750+0000] {core_li.py:23} INFO - Successfully updated job requisition 66db04aabf0a19d8769e5c54
[2024-09-06T17:29:42.763+0000] {core_li.py:23} INFO - Successfully updated job requisition 66db04aabf0a19d8769e5c56
[2024-09-06T17:29:42.778+0000] {core_li.py:23} INFO - Successfully updated job requisition 66db04aabf0a19d8769e5c58
[2024-09-06T17:29:42.789+0000] {core_li.py:23} INFO - Successfully updated job requisition 66db04aabf0a19d8769e5c5a
[2024-09-06T17:29:42.805+0000] {core_li.py:23} INFO - Successfully updated job requisition 66db04aabf0a19d8769e5c5c
[2024-09-06T17:29:42.814+0000] {core_li.py:23} INFO - Successfully updated job requisition 66db04aabf0a19d8769e5c5e
[2024-09-06T17:29:42.824+0000] {core_li.py:23} INFO - Successfully updated job requisition 66db04aabf0a19d8769e5c60
[2024-09-06T17:29:42.837+0000] {core_li.py:23} INFO - Successfully updated job requisition 66db04aabf0a19d8769e5c62
[2024-09-06T17:29:42.852+0000] {core_li.py:23} INFO - Successfully updated job requisition 66db04aabf0a19d8769e5c64
[2024-09-06T17:29:42.865+0000] {core_li.py:23} INFO - Successfully updated job requisition 66db04aabf0a19d8769e5c66
[2024-09-06T17:29:42.876+0000] {core_li.py:23} INFO - Successfully updated job requisition 66db04aabf0a19d8769e5c68
[2024-09-06T17:29:42.888+0000] {core_li.py:23} INFO - Successfully updated job requisition 66db04aabf0a19d8769e5c6a
[2024-09-06T17:29:42.900+0000] {core_li.py:23} INFO - Successfully updated job requisition 66db04aabf0a19d8769e5c6c
[2024-09-06T17:29:42.912+0000] {core_li.py:23} INFO - Successfully updated job requisition 66db04aabf0a19d8769e5c6e
[2024-09-06T17:29:42.920+0000] {core_li.py:23} INFO - Successfully updated job requisition 66db04aabf0a19d8769e5c70
[2024-09-06T17:29:42.930+0000] {core_li.py:23} INFO - Successfully updated job requisition 66db04aabf0a19d8769e5c72
[2024-09-06T17:29:42.943+0000] {core_li.py:23} INFO - Successfully updated job requisition 66db04aabf0a19d8769e5c74
[2024-09-06T17:29:42.961+0000] {core_li.py:23} INFO - Successfully updated job requisition 66db04aabf0a19d8769e5c76
[2024-09-06T17:29:42.980+0000] {core_li.py:23} INFO - Successfully updated job requisition 66db04aabf0a19d8769e5c78
[2024-09-06T17:29:42.992+0000] {core_li.py:23} INFO - Successfully updated job requisition 66db04aabf0a19d8769e5c7a
[2024-09-06T17:29:43.003+0000] {core_li.py:23} INFO - Successfully updated job requisition 66db04aabf0a19d8769e5c7c
[2024-09-06T17:29:43.014+0000] {core_li.py:23} INFO - Successfully updated job requisition 66db04aabf0a19d8769e5c7e
[2024-09-06T17:29:43.024+0000] {core_li.py:23} INFO - Successfully updated job requisition 66db04aabf0a19d8769e5c80
[2024-09-06T17:29:43.038+0000] {core_li.py:23} INFO - Successfully updated job requisition 66db04aabf0a19d8769e5c82
[2024-09-06T17:29:43.052+0000] {core_li.py:23} INFO - Successfully updated job requisition 66db04aabf0a19d8769e5c84
[2024-09-06T17:29:43.062+0000] {core_li.py:23} INFO - Successfully updated job requisition 66db04aabf0a19d8769e5c86
[2024-09-06T17:29:43.070+0000] {core_li.py:23} INFO - Successfully updated job requisition 66db04aabf0a19d8769e5c88
[2024-09-06T17:29:43.083+0000] {core_li.py:23} INFO - Successfully updated job requisition 66db04aabf0a19d8769e5c8a
[2024-09-06T17:29:43.093+0000] {core_li.py:23} INFO - Successfully updated job requisition 66db04aabf0a19d8769e5c8c
[2024-09-06T17:29:43.102+0000] {core_li.py:23} INFO - Successfully updated job requisition 66db04aabf0a19d8769e5c8e
[2024-09-06T17:29:43.112+0000] {core_li.py:23} INFO - Successfully updated job requisition 66db04aabf0a19d8769e5c90
[2024-09-06T17:29:43.122+0000] {core_li.py:23} INFO - Successfully updated job requisition 66db04aabf0a19d8769e5c92
[2024-09-06T17:29:43.135+0000] {core_li.py:23} INFO - Successfully updated job requisition 66db04aabf0a19d8769e5c94
[2024-09-06T17:29:43.144+0000] {core_li.py:23} INFO - Successfully updated job requisition 66db04aabf0a19d8769e5c96
[2024-09-06T17:29:43.154+0000] {core_li.py:23} INFO - Successfully updated job requisition 66db04aabf0a19d8769e5c98
[2024-09-06T17:29:43.163+0000] {core_li.py:23} INFO - Successfully updated job requisition 66db04aabf0a19d8769e5c9a
[2024-09-06T17:29:43.177+0000] {core_li.py:23} INFO - Successfully updated job requisition 66db04aabf0a19d8769e5c9c
[2024-09-06T17:29:43.189+0000] {core_li.py:23} INFO - Successfully updated job requisition 66db04aabf0a19d8769e5c9e
[2024-09-06T17:29:43.200+0000] {core_li.py:23} INFO - Successfully updated job requisition 66db04aabf0a19d8769e5ca0
[2024-09-06T17:29:43.214+0000] {core_li.py:23} INFO - Successfully updated job requisition 66db04aabf0a19d8769e5ca2
[2024-09-06T17:29:43.235+0000] {core_li.py:23} INFO - Successfully updated job requisition 66db04aabf0a19d8769e5ca4
[2024-09-06T17:29:43.254+0000] {core_li.py:23} INFO - Successfully updated job requisition 66db04aabf0a19d8769e5ca6
[2024-09-06T17:29:43.273+0000] {core_li.py:23} INFO - Successfully updated job requisition 66db04aabf0a19d8769e5ca8
[2024-09-06T17:29:43.292+0000] {core_li.py:23} INFO - Successfully updated job requisition 66db04aabf0a19d8769e5caa
[2024-09-06T17:29:43.303+0000] {core_li.py:23} INFO - Successfully updated job requisition 66db04aabf0a19d8769e5cac
[2024-09-06T17:29:43.319+0000] {core_li.py:23} INFO - Successfully updated job requisition 66db04aabf0a19d8769e5cae
[2024-09-06T17:29:43.332+0000] {core_li.py:23} INFO - Successfully updated job requisition 66db04aabf0a19d8769e5cb0
[2024-09-06T17:29:43.349+0000] {core_li.py:23} INFO - Successfully updated job requisition 66db04aabf0a19d8769e5cb2
[2024-09-06T17:29:43.365+0000] {core_li.py:23} INFO - Successfully updated job requisition 66db04aabf0a19d8769e5cb4
[2024-09-06T17:29:43.382+0000] {core_li.py:23} INFO - Successfully updated job requisition 66db04aabf0a19d8769e5cb6
[2024-09-06T17:29:43.394+0000] {core_li.py:23} INFO - Successfully updated job requisition 66db04aabf0a19d8769e5cb8
[2024-09-06T17:29:43.407+0000] {core_li.py:23} INFO - Successfully updated job requisition 66db04aabf0a19d8769e5cba
[2024-09-06T17:29:43.422+0000] {core_li.py:23} INFO - Successfully updated job requisition 66db04aabf0a19d8769e5cbc
[2024-09-06T17:29:43.437+0000] {core_li.py:23} INFO - Successfully updated job requisition 66db04aabf0a19d8769e5cbe
[2024-09-06T17:29:43.450+0000] {core_li.py:23} INFO - Successfully updated job requisition 66db04aabf0a19d8769e5cc0
[2024-09-06T17:29:43.469+0000] {core_li.py:23} INFO - Successfully updated job requisition 66db04aabf0a19d8769e5cc2
[2024-09-06T17:29:43.493+0000] {core_li.py:23} INFO - Successfully updated job requisition 66db04aabf0a19d8769e5cc4
[2024-09-06T17:29:43.508+0000] {core_li.py:23} INFO - Successfully updated job requisition 66db04aabf0a19d8769e5cc6
[2024-09-06T17:29:43.528+0000] {core_li.py:23} INFO - Successfully updated job requisition 66db04aabf0a19d8769e5cc8
[2024-09-06T17:29:43.542+0000] {core_li.py:23} INFO - Successfully updated job requisition 66db04aabf0a19d8769e5cca
[2024-09-06T17:29:43.555+0000] {core_li.py:23} INFO - Successfully updated job requisition 66db04aabf0a19d8769e5ccc
[2024-09-06T17:29:43.569+0000] {core_li.py:23} INFO - Successfully updated job requisition 66db04aabf0a19d8769e5cce
[2024-09-06T17:29:43.575+0000] {core_li.py:23} INFO - Successfully updated job requisition 66db04aabf0a19d8769e5cd0
[2024-09-06T17:29:43.587+0000] {core_li.py:23} INFO - Successfully updated job requisition 66db04aabf0a19d8769e5cd2
[2024-09-06T17:29:43.604+0000] {core_li.py:23} INFO - Successfully updated job requisition 66db04aabf0a19d8769e5cd4
[2024-09-06T17:29:43.622+0000] {core_li.py:23} INFO - Successfully updated job requisition 66db04aabf0a19d8769e5cd6
[2024-09-06T17:29:43.632+0000] {core_li.py:23} INFO - Successfully updated job requisition 66db04aabf0a19d8769e5cd8
[2024-09-06T17:29:43.644+0000] {core_li.py:23} INFO - Successfully updated job requisition 66db04aabf0a19d8769e5cda
[2024-09-06T17:29:43.653+0000] {core_li.py:23} INFO - Successfully updated job requisition 66db04aabf0a19d8769e5cdc
[2024-09-06T17:29:43.663+0000] {core_li.py:23} INFO - Successfully updated job requisition 66db04aabf0a19d8769e5cde
[2024-09-06T17:29:43.676+0000] {core_li.py:23} INFO - Successfully updated job requisition 66db04aabf0a19d8769e5ce0
[2024-09-06T17:29:43.690+0000] {core_li.py:23} INFO - Successfully updated job requisition 66db04aabf0a19d8769e5ce2
[2024-09-06T17:29:43.710+0000] {core_li.py:23} INFO - Successfully updated job requisition 66db04aabf0a19d8769e5ce4
[2024-09-06T17:29:43.720+0000] {core_li.py:23} INFO - Successfully updated job requisition 66db04aabf0a19d8769e5ce6
[2024-09-06T17:29:43.731+0000] {core_li.py:23} INFO - Successfully updated job requisition 66db04aabf0a19d8769e5ce8
[2024-09-06T17:29:43.741+0000] {core_li.py:23} INFO - Successfully updated job requisition 66db04aabf0a19d8769e5cea
[2024-09-06T17:29:43.753+0000] {core_li.py:23} INFO - Successfully updated job requisition 66db04aabf0a19d8769e5cec
[2024-09-06T17:29:43.761+0000] {core_li.py:23} INFO - Successfully updated job requisition 66db04aabf0a19d8769e5cee
[2024-09-06T17:29:43.768+0000] {core_li.py:23} INFO - Successfully updated job requisition 66db04aabf0a19d8769e5cf0
[2024-09-06T17:29:43.769+0000] {python.py:240} INFO - Done. Returned value was: 100
[2024-09-06T17:29:43.809+0000] {taskinstance.py:340} INFO - ::group::Post task execution logs
[2024-09-06T17:29:43.810+0000] {taskinstance.py:352} INFO - Marking task as SUCCESS. dag_id=async_flow, task_id=task_backfill_number_of_cancelled_candidates_in_batch, run_id=manual__2024-09-06T17:29:39.458358+00:00, map_index=1, execution_date=20240906T172939, start_date=20240906T172942, end_date=20240906T172943
[2024-09-06T17:29:43.868+0000] {local_task_job_runner.py:266} INFO - Task exited with return code 0
[2024-09-06T17:29:43.878+0000] {local_task_job_runner.py:245} INFO - ::endgroup::
