[2024-09-06T17:45:48.211+0000] {local_task_job_runner.py:123} INFO - ::group::Pre task execution logs
[2024-09-06T17:45:48.246+0000] {taskinstance.py:2612} INFO - Dependencies all met for dep_context=non-requeueable deps ti=<TaskInstance: async_flow.task_backfill_number_of_cancelled_candidates_in_batch manual__2024-09-06T17:29:39.458358+00:00 map_index=1 [queued]>
[2024-09-06T17:45:48.270+0000] {taskinstance.py:2612} INFO - Dependencies all met for dep_context=requeueable deps ti=<TaskInstance: async_flow.task_backfill_number_of_cancelled_candidates_in_batch manual__2024-09-06T17:29:39.458358+00:00 map_index=1 [queued]>
[2024-09-06T17:45:48.271+0000] {taskinstance.py:2865} INFO - Starting attempt 2 of 2
[2024-09-06T17:45:48.297+0000] {taskinstance.py:2888} INFO - Executing <Mapped(_PythonDecoratedOperator): task_backfill_number_of_cancelled_candidates_in_batch> on 2024-09-06 17:29:39.458358+00:00
[2024-09-06T17:45:48.311+0000] {warnings.py:112} WARNING - /home/***/.local/lib/python3.12/site-packages/***/task/task_runner/standard_task_runner.py:70: DeprecationWarning: This process (pid=427) is multi-threaded, use of fork() may lead to deadlocks in the child.
  pid = os.fork()

[2024-09-06T17:45:48.313+0000] {standard_task_runner.py:104} INFO - Running: ['***', 'tasks', 'run', 'async_flow', 'task_backfill_number_of_cancelled_candidates_in_batch', 'manual__2024-09-06T17:29:39.458358+00:00', '--job-id', '242', '--raw', '--subdir', 'DAGS_FOLDER/dags_async_flow.py', '--cfg-path', '/tmp/tmpxf606gic', '--map-index', '1']
[2024-09-06T17:45:48.318+0000] {standard_task_runner.py:105} INFO - Job 242: Subtask task_backfill_number_of_cancelled_candidates_in_batch
[2024-09-06T17:45:48.316+0000] {standard_task_runner.py:72} INFO - Started process 512 to run task
[2024-09-06T17:45:48.405+0000] {task_command.py:467} INFO - Running <TaskInstance: async_flow.task_backfill_number_of_cancelled_candidates_in_batch manual__2024-09-06T17:29:39.458358+00:00 map_index=1 [running]> on host 0817eb6c24af
[2024-09-06T17:45:48.555+0000] {taskinstance.py:3131} INFO - Exporting env vars: AIRFLOW_CTX_DAG_OWNER='***' AIRFLOW_CTX_DAG_ID='async_flow' AIRFLOW_CTX_TASK_ID='task_backfill_number_of_cancelled_candidates_in_batch' AIRFLOW_CTX_EXECUTION_DATE='2024-09-06T17:29:39.458358+00:00' AIRFLOW_CTX_TRY_NUMBER='2' AIRFLOW_CTX_DAG_RUN_ID='manual__2024-09-06T17:29:39.458358+00:00'
[2024-09-06T17:45:48.557+0000] {taskinstance.py:731} INFO - ::endgroup::
[2024-09-06T17:45:48.574+0000] {core_li.py:23} INFO - Successfully updated job requisition 66db04aabf0a19d8769e5c2a
[2024-09-06T17:45:48.588+0000] {core_li.py:23} INFO - Successfully updated job requisition 66db04aabf0a19d8769e5c2c
[2024-09-06T17:45:48.602+0000] {core_li.py:23} INFO - Successfully updated job requisition 66db04aabf0a19d8769e5c2e
[2024-09-06T17:45:48.614+0000] {core_li.py:23} INFO - Successfully updated job requisition 66db04aabf0a19d8769e5c30
[2024-09-06T17:45:48.626+0000] {core_li.py:23} INFO - Successfully updated job requisition 66db04aabf0a19d8769e5c32
[2024-09-06T17:45:48.641+0000] {core_li.py:23} INFO - Successfully updated job requisition 66db04aabf0a19d8769e5c34
[2024-09-06T17:45:48.653+0000] {core_li.py:23} INFO - Successfully updated job requisition 66db04aabf0a19d8769e5c36
[2024-09-06T17:45:48.664+0000] {core_li.py:23} INFO - Successfully updated job requisition 66db04aabf0a19d8769e5c38
[2024-09-06T17:45:48.679+0000] {core_li.py:23} INFO - Successfully updated job requisition 66db04aabf0a19d8769e5c3a
[2024-09-06T17:45:48.693+0000] {core_li.py:23} INFO - Successfully updated job requisition 66db04aabf0a19d8769e5c3c
[2024-09-06T17:45:48.708+0000] {core_li.py:23} INFO - Successfully updated job requisition 66db04aabf0a19d8769e5c3e
[2024-09-06T17:45:48.721+0000] {core_li.py:23} INFO - Successfully updated job requisition 66db04aabf0a19d8769e5c40
[2024-09-06T17:45:48.733+0000] {core_li.py:23} INFO - Successfully updated job requisition 66db04aabf0a19d8769e5c42
[2024-09-06T17:45:48.747+0000] {core_li.py:23} INFO - Successfully updated job requisition 66db04aabf0a19d8769e5c44
[2024-09-06T17:45:48.762+0000] {core_li.py:23} INFO - Successfully updated job requisition 66db04aabf0a19d8769e5c46
[2024-09-06T17:45:48.777+0000] {core_li.py:23} INFO - Successfully updated job requisition 66db04aabf0a19d8769e5c48
[2024-09-06T17:45:48.790+0000] {core_li.py:23} INFO - Successfully updated job requisition 66db04aabf0a19d8769e5c4a
[2024-09-06T17:45:48.808+0000] {core_li.py:23} INFO - Successfully updated job requisition 66db04aabf0a19d8769e5c4c
[2024-09-06T17:45:48.825+0000] {core_li.py:23} INFO - Successfully updated job requisition 66db04aabf0a19d8769e5c4e
[2024-09-06T17:45:48.840+0000] {core_li.py:23} INFO - Successfully updated job requisition 66db04aabf0a19d8769e5c50
[2024-09-06T17:45:48.865+0000] {core_li.py:23} INFO - Successfully updated job requisition 66db04aabf0a19d8769e5c52
[2024-09-06T17:45:48.878+0000] {core_li.py:23} INFO - Successfully updated job requisition 66db04aabf0a19d8769e5c54
[2024-09-06T17:45:48.900+0000] {core_li.py:23} INFO - Successfully updated job requisition 66db04aabf0a19d8769e5c56
[2024-09-06T17:45:48.920+0000] {core_li.py:23} INFO - Successfully updated job requisition 66db04aabf0a19d8769e5c58
[2024-09-06T17:45:48.934+0000] {core_li.py:23} INFO - Successfully updated job requisition 66db04aabf0a19d8769e5c5a
[2024-09-06T17:45:48.949+0000] {core_li.py:23} INFO - Successfully updated job requisition 66db04aabf0a19d8769e5c5c
[2024-09-06T17:45:48.967+0000] {core_li.py:23} INFO - Successfully updated job requisition 66db04aabf0a19d8769e5c5e
[2024-09-06T17:45:48.979+0000] {core_li.py:23} INFO - Successfully updated job requisition 66db04aabf0a19d8769e5c60
[2024-09-06T17:45:48.991+0000] {core_li.py:23} INFO - Successfully updated job requisition 66db04aabf0a19d8769e5c62
[2024-09-06T17:45:49.025+0000] {core_li.py:23} INFO - Successfully updated job requisition 66db04aabf0a19d8769e5c64
[2024-09-06T17:45:49.044+0000] {core_li.py:23} INFO - Successfully updated job requisition 66db04aabf0a19d8769e5c66
[2024-09-06T17:45:49.060+0000] {core_li.py:23} INFO - Successfully updated job requisition 66db04aabf0a19d8769e5c68
[2024-09-06T17:45:49.085+0000] {core_li.py:23} INFO - Successfully updated job requisition 66db04aabf0a19d8769e5c6a
[2024-09-06T17:45:49.114+0000] {core_li.py:23} INFO - Successfully updated job requisition 66db04aabf0a19d8769e5c6c
[2024-09-06T17:45:49.132+0000] {core_li.py:23} INFO - Successfully updated job requisition 66db04aabf0a19d8769e5c6e
[2024-09-06T17:45:49.146+0000] {core_li.py:23} INFO - Successfully updated job requisition 66db04aabf0a19d8769e5c70
[2024-09-06T17:45:49.157+0000] {core_li.py:23} INFO - Successfully updated job requisition 66db04aabf0a19d8769e5c72
[2024-09-06T17:45:49.169+0000] {core_li.py:23} INFO - Successfully updated job requisition 66db04aabf0a19d8769e5c74
[2024-09-06T17:45:49.181+0000] {core_li.py:23} INFO - Successfully updated job requisition 66db04aabf0a19d8769e5c76
[2024-09-06T17:45:49.190+0000] {core_li.py:23} INFO - Successfully updated job requisition 66db04aabf0a19d8769e5c78
[2024-09-06T17:45:49.199+0000] {core_li.py:23} INFO - Successfully updated job requisition 66db04aabf0a19d8769e5c7a
[2024-09-06T17:45:49.212+0000] {core_li.py:23} INFO - Successfully updated job requisition 66db04aabf0a19d8769e5c7c
[2024-09-06T17:45:49.225+0000] {core_li.py:23} INFO - Successfully updated job requisition 66db04aabf0a19d8769e5c7e
[2024-09-06T17:45:49.235+0000] {core_li.py:23} INFO - Successfully updated job requisition 66db04aabf0a19d8769e5c80
[2024-09-06T17:45:49.244+0000] {core_li.py:23} INFO - Successfully updated job requisition 66db04aabf0a19d8769e5c82
[2024-09-06T17:45:49.252+0000] {core_li.py:23} INFO - Successfully updated job requisition 66db04aabf0a19d8769e5c84
[2024-09-06T17:45:49.262+0000] {core_li.py:23} INFO - Successfully updated job requisition 66db04aabf0a19d8769e5c86
[2024-09-06T17:45:49.274+0000] {core_li.py:23} INFO - Successfully updated job requisition 66db04aabf0a19d8769e5c88
[2024-09-06T17:45:49.282+0000] {core_li.py:23} INFO - Successfully updated job requisition 66db04aabf0a19d8769e5c8a
[2024-09-06T17:45:49.298+0000] {core_li.py:23} INFO - Successfully updated job requisition 66db04aabf0a19d8769e5c8c
[2024-09-06T17:45:49.310+0000] {core_li.py:23} INFO - Successfully updated job requisition 66db04aabf0a19d8769e5c8e
[2024-09-06T17:45:49.329+0000] {core_li.py:23} INFO - Successfully updated job requisition 66db04aabf0a19d8769e5c90
[2024-09-06T17:45:49.344+0000] {core_li.py:23} INFO - Successfully updated job requisition 66db04aabf0a19d8769e5c92
[2024-09-06T17:45:49.354+0000] {core_li.py:23} INFO - Successfully updated job requisition 66db04aabf0a19d8769e5c94
[2024-09-06T17:45:49.361+0000] {core_li.py:23} INFO - Successfully updated job requisition 66db04aabf0a19d8769e5c96
[2024-09-06T17:45:49.374+0000] {core_li.py:23} INFO - Successfully updated job requisition 66db04aabf0a19d8769e5c98
[2024-09-06T17:45:49.384+0000] {core_li.py:23} INFO - Successfully updated job requisition 66db04aabf0a19d8769e5c9a
[2024-09-06T17:45:49.396+0000] {core_li.py:23} INFO - Successfully updated job requisition 66db04aabf0a19d8769e5c9c
[2024-09-06T17:45:49.407+0000] {core_li.py:23} INFO - Successfully updated job requisition 66db04aabf0a19d8769e5c9e
[2024-09-06T17:45:49.425+0000] {core_li.py:23} INFO - Successfully updated job requisition 66db04aabf0a19d8769e5ca0
[2024-09-06T17:45:49.437+0000] {core_li.py:23} INFO - Successfully updated job requisition 66db04aabf0a19d8769e5ca2
[2024-09-06T17:45:49.453+0000] {core_li.py:23} INFO - Successfully updated job requisition 66db04aabf0a19d8769e5ca4
[2024-09-06T17:45:49.471+0000] {core_li.py:23} INFO - Successfully updated job requisition 66db04aabf0a19d8769e5ca6
[2024-09-06T17:45:49.484+0000] {core_li.py:23} INFO - Successfully updated job requisition 66db04aabf0a19d8769e5ca8
[2024-09-06T17:45:49.492+0000] {core_li.py:23} INFO - Successfully updated job requisition 66db04aabf0a19d8769e5caa
[2024-09-06T17:45:49.500+0000] {core_li.py:23} INFO - Successfully updated job requisition 66db04aabf0a19d8769e5cac
[2024-09-06T17:45:49.510+0000] {core_li.py:23} INFO - Successfully updated job requisition 66db04aabf0a19d8769e5cae
[2024-09-06T17:45:49.520+0000] {core_li.py:23} INFO - Successfully updated job requisition 66db04aabf0a19d8769e5cb0
[2024-09-06T17:45:49.527+0000] {core_li.py:23} INFO - Successfully updated job requisition 66db04aabf0a19d8769e5cb2
[2024-09-06T17:45:49.535+0000] {core_li.py:23} INFO - Successfully updated job requisition 66db04aabf0a19d8769e5cb4
[2024-09-06T17:45:49.545+0000] {core_li.py:23} INFO - Successfully updated job requisition 66db04aabf0a19d8769e5cb6
[2024-09-06T17:45:49.554+0000] {core_li.py:23} INFO - Successfully updated job requisition 66db04aabf0a19d8769e5cb8
[2024-09-06T17:45:49.563+0000] {core_li.py:23} INFO - Successfully updated job requisition 66db04aabf0a19d8769e5cba
[2024-09-06T17:45:49.573+0000] {core_li.py:23} INFO - Successfully updated job requisition 66db04aabf0a19d8769e5cbc
[2024-09-06T17:45:49.586+0000] {core_li.py:23} INFO - Successfully updated job requisition 66db04aabf0a19d8769e5cbe
[2024-09-06T17:45:49.596+0000] {core_li.py:23} INFO - Successfully updated job requisition 66db04aabf0a19d8769e5cc0
[2024-09-06T17:45:49.612+0000] {core_li.py:23} INFO - Successfully updated job requisition 66db04aabf0a19d8769e5cc2
[2024-09-06T17:45:49.627+0000] {core_li.py:23} INFO - Successfully updated job requisition 66db04aabf0a19d8769e5cc4
[2024-09-06T17:45:49.637+0000] {core_li.py:23} INFO - Successfully updated job requisition 66db04aabf0a19d8769e5cc6
[2024-09-06T17:45:49.653+0000] {core_li.py:23} INFO - Successfully updated job requisition 66db04aabf0a19d8769e5cc8
[2024-09-06T17:45:49.662+0000] {core_li.py:23} INFO - Successfully updated job requisition 66db04aabf0a19d8769e5cca
[2024-09-06T17:45:49.671+0000] {core_li.py:23} INFO - Successfully updated job requisition 66db04aabf0a19d8769e5ccc
[2024-09-06T17:45:49.679+0000] {core_li.py:23} INFO - Successfully updated job requisition 66db04aabf0a19d8769e5cce
[2024-09-06T17:45:49.690+0000] {core_li.py:23} INFO - Successfully updated job requisition 66db04aabf0a19d8769e5cd0
[2024-09-06T17:45:49.701+0000] {core_li.py:23} INFO - Successfully updated job requisition 66db04aabf0a19d8769e5cd2
[2024-09-06T17:45:49.710+0000] {core_li.py:23} INFO - Successfully updated job requisition 66db04aabf0a19d8769e5cd4
[2024-09-06T17:45:49.718+0000] {core_li.py:23} INFO - Successfully updated job requisition 66db04aabf0a19d8769e5cd6
[2024-09-06T17:45:49.728+0000] {core_li.py:23} INFO - Successfully updated job requisition 66db04aabf0a19d8769e5cd8
[2024-09-06T17:45:49.735+0000] {core_li.py:23} INFO - Successfully updated job requisition 66db04aabf0a19d8769e5cda
[2024-09-06T17:45:49.744+0000] {core_li.py:23} INFO - Successfully updated job requisition 66db04aabf0a19d8769e5cdc
[2024-09-06T17:45:49.755+0000] {core_li.py:23} INFO - Successfully updated job requisition 66db04aabf0a19d8769e5cde
[2024-09-06T17:45:49.765+0000] {core_li.py:23} INFO - Successfully updated job requisition 66db04aabf0a19d8769e5ce0
[2024-09-06T17:45:49.773+0000] {core_li.py:23} INFO - Successfully updated job requisition 66db04aabf0a19d8769e5ce2
[2024-09-06T17:45:49.785+0000] {core_li.py:23} INFO - Successfully updated job requisition 66db04aabf0a19d8769e5ce4
[2024-09-06T17:45:49.793+0000] {core_li.py:23} INFO - Successfully updated job requisition 66db04aabf0a19d8769e5ce6
[2024-09-06T17:45:49.801+0000] {core_li.py:23} INFO - Successfully updated job requisition 66db04aabf0a19d8769e5ce8
[2024-09-06T17:45:49.812+0000] {core_li.py:23} INFO - Successfully updated job requisition 66db04aabf0a19d8769e5cea
[2024-09-06T17:45:49.820+0000] {core_li.py:23} INFO - Successfully updated job requisition 66db04aabf0a19d8769e5cec
[2024-09-06T17:45:49.832+0000] {core_li.py:23} INFO - Successfully updated job requisition 66db04aabf0a19d8769e5cee
[2024-09-06T17:45:49.838+0000] {core_li.py:23} INFO - Successfully updated job requisition 66db04aabf0a19d8769e5cf0
[2024-09-06T17:45:49.839+0000] {python.py:240} INFO - Done. Returned value was: 100
[2024-09-06T17:45:49.859+0000] {taskinstance.py:340} INFO - ::group::Post task execution logs
[2024-09-06T17:45:49.860+0000] {taskinstance.py:352} INFO - Marking task as SUCCESS. dag_id=async_flow, task_id=task_backfill_number_of_cancelled_candidates_in_batch, run_id=manual__2024-09-06T17:29:39.458358+00:00, map_index=1, execution_date=20240906T172939, start_date=20240906T174548, end_date=20240906T174549
[2024-09-06T17:45:49.894+0000] {local_task_job_runner.py:266} INFO - Task exited with return code 0
[2024-09-06T17:45:49.900+0000] {local_task_job_runner.py:245} INFO - ::endgroup::
