[2024-09-06T17:29:41.739+0000] {local_task_job_runner.py:123} INFO - ::group::Pre task execution logs
[2024-09-06T17:29:41.787+0000] {taskinstance.py:2612} INFO - Dependencies all met for dep_context=non-requeueable deps ti=<TaskInstance: async_flow.task_backfill_number_of_cancelled_candidates_in_batch manual__2024-09-06T17:29:39.458358+00:00 map_index=14 [queued]>
[2024-09-06T17:29:41.809+0000] {taskinstance.py:2612} INFO - Dependencies all met for dep_context=requeueable deps ti=<TaskInstance: async_flow.task_backfill_number_of_cancelled_candidates_in_batch manual__2024-09-06T17:29:39.458358+00:00 map_index=14 [queued]>
[2024-09-06T17:29:41.811+0000] {taskinstance.py:2865} INFO - Starting attempt 1 of 1
[2024-09-06T17:29:41.834+0000] {taskinstance.py:2888} INFO - Executing <Mapped(_PythonDecoratedOperator): task_backfill_number_of_cancelled_candidates_in_batch> on 2024-09-06 17:29:39.458358+00:00
[2024-09-06T17:29:41.842+0000] {warnings.py:112} WARNING - /home/***/.local/lib/python3.12/site-packages/***/task/task_runner/standard_task_runner.py:70: DeprecationWarning: This process (pid=3118) is multi-threaded, use of fork() may lead to deadlocks in the child.
  pid = os.fork()

[2024-09-06T17:29:41.845+0000] {standard_task_runner.py:72} INFO - Started process 3188 to run task
[2024-09-06T17:29:41.845+0000] {standard_task_runner.py:104} INFO - Running: ['***', 'tasks', 'run', 'async_flow', 'task_backfill_number_of_cancelled_candidates_in_batch', 'manual__2024-09-06T17:29:39.458358+00:00', '--job-id', '124', '--raw', '--subdir', 'DAGS_FOLDER/dags_async_flow.py', '--cfg-path', '/tmp/tmpjzrvgfmh', '--map-index', '14']
[2024-09-06T17:29:41.849+0000] {standard_task_runner.py:105} INFO - Job 124: Subtask task_backfill_number_of_cancelled_candidates_in_batch
[2024-09-06T17:29:41.978+0000] {task_command.py:467} INFO - Running <TaskInstance: async_flow.task_backfill_number_of_cancelled_candidates_in_batch manual__2024-09-06T17:29:39.458358+00:00 map_index=14 [running]> on host a3a5f1897683
[2024-09-06T17:29:42.186+0000] {taskinstance.py:3131} INFO - Exporting env vars: AIRFLOW_CTX_DAG_OWNER='***' AIRFLOW_CTX_DAG_ID='async_flow' AIRFLOW_CTX_TASK_ID='task_backfill_number_of_cancelled_candidates_in_batch' AIRFLOW_CTX_EXECUTION_DATE='2024-09-06T17:29:39.458358+00:00' AIRFLOW_CTX_TRY_NUMBER='1' AIRFLOW_CTX_DAG_RUN_ID='manual__2024-09-06T17:29:39.458358+00:00'
[2024-09-06T17:29:42.188+0000] {taskinstance.py:731} INFO - ::endgroup::
[2024-09-06T17:29:42.290+0000] {core_li.py:23} INFO - Successfully updated job requisition 66db04abbf0a19d8769e6652
[2024-09-06T17:29:42.326+0000] {core_li.py:23} INFO - Successfully updated job requisition 66db04abbf0a19d8769e6654
[2024-09-06T17:29:42.363+0000] {core_li.py:23} INFO - Successfully updated job requisition 66db04abbf0a19d8769e6656
[2024-09-06T17:29:42.383+0000] {core_li.py:23} INFO - Successfully updated job requisition 66db04abbf0a19d8769e6658
[2024-09-06T17:29:42.400+0000] {core_li.py:23} INFO - Successfully updated job requisition 66db04abbf0a19d8769e665a
[2024-09-06T17:29:42.411+0000] {core_li.py:23} INFO - Successfully updated job requisition 66db04abbf0a19d8769e665c
[2024-09-06T17:29:42.422+0000] {core_li.py:23} INFO - Successfully updated job requisition 66db04abbf0a19d8769e665e
[2024-09-06T17:29:42.461+0000] {core_li.py:23} INFO - Successfully updated job requisition 66db04abbf0a19d8769e6660
[2024-09-06T17:29:42.478+0000] {core_li.py:23} INFO - Successfully updated job requisition 66db04abbf0a19d8769e6662
[2024-09-06T17:29:42.495+0000] {core_li.py:23} INFO - Successfully updated job requisition 66db04abbf0a19d8769e6664
[2024-09-06T17:29:42.509+0000] {core_li.py:23} INFO - Successfully updated job requisition 66db04abbf0a19d8769e6666
[2024-09-06T17:29:42.527+0000] {core_li.py:23} INFO - Successfully updated job requisition 66db04abbf0a19d8769e6668
[2024-09-06T17:29:42.540+0000] {core_li.py:23} INFO - Successfully updated job requisition 66db04abbf0a19d8769e666a
[2024-09-06T17:29:42.555+0000] {core_li.py:23} INFO - Successfully updated job requisition 66db04abbf0a19d8769e666c
[2024-09-06T17:29:42.569+0000] {core_li.py:23} INFO - Successfully updated job requisition 66db04abbf0a19d8769e666e
[2024-09-06T17:29:42.596+0000] {core_li.py:23} INFO - Successfully updated job requisition 66db04abbf0a19d8769e6670
[2024-09-06T17:29:42.607+0000] {core_li.py:23} INFO - Successfully updated job requisition 66db04abbf0a19d8769e6672
[2024-09-06T17:29:42.621+0000] {core_li.py:23} INFO - Successfully updated job requisition 66db04abbf0a19d8769e6674
[2024-09-06T17:29:42.633+0000] {core_li.py:23} INFO - Successfully updated job requisition 66db04abbf0a19d8769e6676
[2024-09-06T17:29:42.644+0000] {core_li.py:23} INFO - Successfully updated job requisition 66db04abbf0a19d8769e6678
[2024-09-06T17:29:42.658+0000] {core_li.py:23} INFO - Successfully updated job requisition 66db04abbf0a19d8769e667a
[2024-09-06T17:29:42.670+0000] {core_li.py:23} INFO - Successfully updated job requisition 66db04abbf0a19d8769e667c
[2024-09-06T17:29:42.683+0000] {core_li.py:23} INFO - Successfully updated job requisition 66db04abbf0a19d8769e667e
[2024-09-06T17:29:42.695+0000] {core_li.py:23} INFO - Successfully updated job requisition 66db04abbf0a19d8769e6680
[2024-09-06T17:29:42.709+0000] {core_li.py:23} INFO - Successfully updated job requisition 66db04abbf0a19d8769e6682
[2024-09-06T17:29:42.719+0000] {core_li.py:23} INFO - Successfully updated job requisition 66db04abbf0a19d8769e6684
[2024-09-06T17:29:42.731+0000] {core_li.py:23} INFO - Successfully updated job requisition 66db04abbf0a19d8769e6686
[2024-09-06T17:29:42.752+0000] {core_li.py:23} INFO - Successfully updated job requisition 66db04abbf0a19d8769e6688
[2024-09-06T17:29:42.764+0000] {core_li.py:23} INFO - Successfully updated job requisition 66db04abbf0a19d8769e668a
[2024-09-06T17:29:42.775+0000] {core_li.py:23} INFO - Successfully updated job requisition 66db04abbf0a19d8769e668c
[2024-09-06T17:29:42.789+0000] {core_li.py:23} INFO - Successfully updated job requisition 66db04abbf0a19d8769e668e
[2024-09-06T17:29:42.801+0000] {core_li.py:23} INFO - Successfully updated job requisition 66db04abbf0a19d8769e6690
[2024-09-06T17:29:42.812+0000] {core_li.py:23} INFO - Successfully updated job requisition 66db04abbf0a19d8769e6692
[2024-09-06T17:29:42.822+0000] {core_li.py:23} INFO - Successfully updated job requisition 66db04abbf0a19d8769e6694
[2024-09-06T17:29:42.836+0000] {core_li.py:23} INFO - Successfully updated job requisition 66db04abbf0a19d8769e6696
[2024-09-06T17:29:42.853+0000] {core_li.py:23} INFO - Successfully updated job requisition 66db04abbf0a19d8769e6698
[2024-09-06T17:29:42.866+0000] {core_li.py:23} INFO - Successfully updated job requisition 66db04abbf0a19d8769e669a
[2024-09-06T17:29:42.878+0000] {core_li.py:23} INFO - Successfully updated job requisition 66db04abbf0a19d8769e669c
[2024-09-06T17:29:42.888+0000] {core_li.py:23} INFO - Successfully updated job requisition 66db04abbf0a19d8769e669e
[2024-09-06T17:29:42.898+0000] {core_li.py:23} INFO - Successfully updated job requisition 66db04abbf0a19d8769e66a0
[2024-09-06T17:29:42.911+0000] {core_li.py:23} INFO - Successfully updated job requisition 66db04abbf0a19d8769e66a2
[2024-09-06T17:29:42.919+0000] {core_li.py:23} INFO - Successfully updated job requisition 66db04abbf0a19d8769e66a4
[2024-09-06T17:29:42.928+0000] {core_li.py:23} INFO - Successfully updated job requisition 66db04abbf0a19d8769e66a6
[2024-09-06T17:29:42.937+0000] {core_li.py:23} INFO - Successfully updated job requisition 66db04abbf0a19d8769e66a8
[2024-09-06T17:29:42.951+0000] {core_li.py:23} INFO - Successfully updated job requisition 66db04abbf0a19d8769e66aa
[2024-09-06T17:29:42.962+0000] {core_li.py:23} INFO - Successfully updated job requisition 66db04abbf0a19d8769e66ac
[2024-09-06T17:29:42.981+0000] {core_li.py:23} INFO - Successfully updated job requisition 66db04abbf0a19d8769e66ae
[2024-09-06T17:29:42.991+0000] {core_li.py:23} INFO - Successfully updated job requisition 66db04abbf0a19d8769e66b0
[2024-09-06T17:29:43.006+0000] {core_li.py:23} INFO - Successfully updated job requisition 66db04abbf0a19d8769e66b2
[2024-09-06T17:29:43.020+0000] {core_li.py:23} INFO - Successfully updated job requisition 66db04abbf0a19d8769e66b4
[2024-09-06T17:29:43.032+0000] {core_li.py:23} INFO - Successfully updated job requisition 66db04abbf0a19d8769e66b6
[2024-09-06T17:29:43.044+0000] {core_li.py:23} INFO - Successfully updated job requisition 66db04abbf0a19d8769e66b8
[2024-09-06T17:29:43.051+0000] {core_li.py:23} INFO - Successfully updated job requisition 66db04abbf0a19d8769e66ba
[2024-09-06T17:29:43.059+0000] {core_li.py:23} INFO - Successfully updated job requisition 66db04abbf0a19d8769e66bc
[2024-09-06T17:29:43.067+0000] {core_li.py:23} INFO - Successfully updated job requisition 66db04abbf0a19d8769e66be
[2024-09-06T17:29:43.077+0000] {core_li.py:23} INFO - Successfully updated job requisition 66db04abbf0a19d8769e66c0
[2024-09-06T17:29:43.088+0000] {core_li.py:23} INFO - Successfully updated job requisition 66db04abbf0a19d8769e66c2
[2024-09-06T17:29:43.097+0000] {core_li.py:23} INFO - Successfully updated job requisition 66db04abbf0a19d8769e66c4
[2024-09-06T17:29:43.105+0000] {core_li.py:23} INFO - Successfully updated job requisition 66db04abbf0a19d8769e66c6
[2024-09-06T17:29:43.112+0000] {core_li.py:23} INFO - Successfully updated job requisition 66db04abbf0a19d8769e66c8
[2024-09-06T17:29:43.120+0000] {core_li.py:23} INFO - Successfully updated job requisition 66db04abbf0a19d8769e66ca
[2024-09-06T17:29:43.132+0000] {core_li.py:23} INFO - Successfully updated job requisition 66db04abbf0a19d8769e66cc
[2024-09-06T17:29:43.141+0000] {core_li.py:23} INFO - Successfully updated job requisition 66db04abbf0a19d8769e66ce
[2024-09-06T17:29:43.149+0000] {core_li.py:23} INFO - Successfully updated job requisition 66db04abbf0a19d8769e66d0
[2024-09-06T17:29:43.158+0000] {core_li.py:23} INFO - Successfully updated job requisition 66db04abbf0a19d8769e66d2
[2024-09-06T17:29:43.169+0000] {core_li.py:23} INFO - Successfully updated job requisition 66db04abbf0a19d8769e66d4
[2024-09-06T17:29:43.186+0000] {core_li.py:23} INFO - Successfully updated job requisition 66db04abbf0a19d8769e66d6
[2024-09-06T17:29:43.197+0000] {core_li.py:23} INFO - Successfully updated job requisition 66db04abbf0a19d8769e66d8
[2024-09-06T17:29:43.207+0000] {core_li.py:23} INFO - Successfully updated job requisition 66db04abbf0a19d8769e66da
[2024-09-06T17:29:43.232+0000] {core_li.py:23} INFO - Successfully updated job requisition 66db04abbf0a19d8769e66dc
[2024-09-06T17:29:43.252+0000] {core_li.py:23} INFO - Successfully updated job requisition 66db04abbf0a19d8769e66de
[2024-09-06T17:29:43.271+0000] {core_li.py:23} INFO - Successfully updated job requisition 66db04abbf0a19d8769e66e0
[2024-09-06T17:29:43.297+0000] {core_li.py:23} INFO - Successfully updated job requisition 66db04abbf0a19d8769e66e2
[2024-09-06T17:29:43.313+0000] {core_li.py:23} INFO - Successfully updated job requisition 66db04abbf0a19d8769e66e4
[2024-09-06T17:29:43.331+0000] {core_li.py:23} INFO - Successfully updated job requisition 66db04abbf0a19d8769e66e6
[2024-09-06T17:29:43.349+0000] {core_li.py:23} INFO - Successfully updated job requisition 66db04abbf0a19d8769e66e8
[2024-09-06T17:29:43.364+0000] {core_li.py:23} INFO - Successfully updated job requisition 66db04abbf0a19d8769e66ea
[2024-09-06T17:29:43.377+0000] {core_li.py:23} INFO - Successfully updated job requisition 66db04abbf0a19d8769e66ec
[2024-09-06T17:29:43.393+0000] {core_li.py:23} INFO - Successfully updated job requisition 66db04abbf0a19d8769e66ee
[2024-09-06T17:29:43.405+0000] {core_li.py:23} INFO - Successfully updated job requisition 66db04abbf0a19d8769e66f0
[2024-09-06T17:29:43.422+0000] {core_li.py:23} INFO - Successfully updated job requisition 66db04abbf0a19d8769e66f2
[2024-09-06T17:29:43.435+0000] {core_li.py:23} INFO - Successfully updated job requisition 66db04abbf0a19d8769e66f4
[2024-09-06T17:29:43.453+0000] {core_li.py:23} INFO - Successfully updated job requisition 66db04abbf0a19d8769e66f6
[2024-09-06T17:29:43.469+0000] {core_li.py:23} INFO - Successfully updated job requisition 66db04abbf0a19d8769e66f8
[2024-09-06T17:29:43.493+0000] {core_li.py:23} INFO - Successfully updated job requisition 66db04abbf0a19d8769e66fa
[2024-09-06T17:29:43.510+0000] {core_li.py:23} INFO - Successfully updated job requisition 66db04abbf0a19d8769e66fc
[2024-09-06T17:29:43.527+0000] {core_li.py:23} INFO - Successfully updated job requisition 66db04abbf0a19d8769e66fe
[2024-09-06T17:29:43.542+0000] {core_li.py:23} INFO - Successfully updated job requisition 66db04abbf0a19d8769e6700
[2024-09-06T17:29:43.556+0000] {core_li.py:23} INFO - Successfully updated job requisition 66db04abbf0a19d8769e6702
[2024-09-06T17:29:43.574+0000] {core_li.py:23} INFO - Successfully updated job requisition 66db04abbf0a19d8769e6704
[2024-09-06T17:29:43.598+0000] {core_li.py:23} INFO - Successfully updated job requisition 66db04abbf0a19d8769e6706
[2024-09-06T17:29:43.614+0000] {core_li.py:23} INFO - Successfully updated job requisition 66db04abbf0a19d8769e6708
[2024-09-06T17:29:43.628+0000] {core_li.py:23} INFO - Successfully updated job requisition 66db04abbf0a19d8769e670a
[2024-09-06T17:29:43.641+0000] {core_li.py:23} INFO - Successfully updated job requisition 66db04abbf0a19d8769e670c
[2024-09-06T17:29:43.658+0000] {core_li.py:23} INFO - Successfully updated job requisition 66db04abbf0a19d8769e670e
[2024-09-06T17:29:43.671+0000] {core_li.py:23} INFO - Successfully updated job requisition 66db04abbf0a19d8769e6710
[2024-09-06T17:29:43.682+0000] {core_li.py:23} INFO - Successfully updated job requisition 66db04abbf0a19d8769e6712
[2024-09-06T17:29:43.693+0000] {core_li.py:23} INFO - Successfully updated job requisition 66db04abbf0a19d8769e6714
[2024-09-06T17:29:43.707+0000] {core_li.py:23} INFO - Successfully updated job requisition 66db04abbf0a19d8769e6716
[2024-09-06T17:29:43.714+0000] {core_li.py:23} INFO - Successfully updated job requisition 66db04abbf0a19d8769e6718
[2024-09-06T17:29:43.715+0000] {python.py:240} INFO - Done. Returned value was: 100
[2024-09-06T17:29:43.735+0000] {taskinstance.py:340} INFO - ::group::Post task execution logs
[2024-09-06T17:29:43.736+0000] {taskinstance.py:352} INFO - Marking task as SUCCESS. dag_id=async_flow, task_id=task_backfill_number_of_cancelled_candidates_in_batch, run_id=manual__2024-09-06T17:29:39.458358+00:00, map_index=14, execution_date=20240906T172939, start_date=20240906T172941, end_date=20240906T172943
[2024-09-06T17:29:43.793+0000] {local_task_job_runner.py:266} INFO - Task exited with return code 0
[2024-09-06T17:29:43.803+0000] {local_task_job_runner.py:245} INFO - ::endgroup::
