[2024-09-06T17:45:48.105+0000] {local_task_job_runner.py:123} INFO - ::group::Pre task execution logs
[2024-09-06T17:45:48.176+0000] {taskinstance.py:2612} INFO - Dependencies all met for dep_context=non-requeueable deps ti=<TaskInstance: async_flow.task_backfill_number_of_cancelled_candidates_in_batch manual__2024-09-06T17:29:39.458358+00:00 map_index=14 [queued]>
[2024-09-06T17:45:48.192+0000] {taskinstance.py:2612} INFO - Dependencies all met for dep_context=requeueable deps ti=<TaskInstance: async_flow.task_backfill_number_of_cancelled_candidates_in_batch manual__2024-09-06T17:29:39.458358+00:00 map_index=14 [queued]>
[2024-09-06T17:45:48.193+0000] {taskinstance.py:2865} INFO - Starting attempt 2 of 2
[2024-09-06T17:45:48.242+0000] {taskinstance.py:2888} INFO - Executing <Mapped(_PythonDecoratedOperator): task_backfill_number_of_cancelled_candidates_in_batch> on 2024-09-06 17:29:39.458358+00:00
[2024-09-06T17:45:48.251+0000] {warnings.py:112} WARNING - /home/***/.local/lib/python3.12/site-packages/***/task/task_runner/standard_task_runner.py:70: DeprecationWarning: This process (pid=424) is multi-threaded, use of fork() may lead to deadlocks in the child.
  pid = os.fork()

[2024-09-06T17:45:48.255+0000] {standard_task_runner.py:72} INFO - Started process 500 to run task
[2024-09-06T17:45:48.260+0000] {standard_task_runner.py:104} INFO - Running: ['***', 'tasks', 'run', 'async_flow', 'task_backfill_number_of_cancelled_candidates_in_batch', 'manual__2024-09-06T17:29:39.458358+00:00', '--job-id', '234', '--raw', '--subdir', 'DAGS_FOLDER/dags_async_flow.py', '--cfg-path', '/tmp/tmp0s_a_mcy', '--map-index', '14']
[2024-09-06T17:45:48.263+0000] {standard_task_runner.py:105} INFO - Job 234: Subtask task_backfill_number_of_cancelled_candidates_in_batch
[2024-09-06T17:45:48.327+0000] {task_command.py:467} INFO - Running <TaskInstance: async_flow.task_backfill_number_of_cancelled_candidates_in_batch manual__2024-09-06T17:29:39.458358+00:00 map_index=14 [running]> on host 0817eb6c24af
[2024-09-06T17:45:48.467+0000] {taskinstance.py:3131} INFO - Exporting env vars: AIRFLOW_CTX_DAG_OWNER='***' AIRFLOW_CTX_DAG_ID='async_flow' AIRFLOW_CTX_TASK_ID='task_backfill_number_of_cancelled_candidates_in_batch' AIRFLOW_CTX_EXECUTION_DATE='2024-09-06T17:29:39.458358+00:00' AIRFLOW_CTX_TRY_NUMBER='2' AIRFLOW_CTX_DAG_RUN_ID='manual__2024-09-06T17:29:39.458358+00:00'
[2024-09-06T17:45:48.468+0000] {taskinstance.py:731} INFO - ::endgroup::
[2024-09-06T17:45:48.486+0000] {core_li.py:23} INFO - Successfully updated job requisition 66db04abbf0a19d8769e6652
[2024-09-06T17:45:48.502+0000] {core_li.py:23} INFO - Successfully updated job requisition 66db04abbf0a19d8769e6654
[2024-09-06T17:45:48.544+0000] {core_li.py:23} INFO - Successfully updated job requisition 66db04abbf0a19d8769e6656
[2024-09-06T17:45:48.559+0000] {core_li.py:23} INFO - Successfully updated job requisition 66db04abbf0a19d8769e6658
[2024-09-06T17:45:48.576+0000] {core_li.py:23} INFO - Successfully updated job requisition 66db04abbf0a19d8769e665a
[2024-09-06T17:45:48.588+0000] {core_li.py:23} INFO - Successfully updated job requisition 66db04abbf0a19d8769e665c
[2024-09-06T17:45:48.603+0000] {core_li.py:23} INFO - Successfully updated job requisition 66db04abbf0a19d8769e665e
[2024-09-06T17:45:48.616+0000] {core_li.py:23} INFO - Successfully updated job requisition 66db04abbf0a19d8769e6660
[2024-09-06T17:45:48.627+0000] {core_li.py:23} INFO - Successfully updated job requisition 66db04abbf0a19d8769e6662
[2024-09-06T17:45:48.643+0000] {core_li.py:23} INFO - Successfully updated job requisition 66db04abbf0a19d8769e6664
[2024-09-06T17:45:48.656+0000] {core_li.py:23} INFO - Successfully updated job requisition 66db04abbf0a19d8769e6666
[2024-09-06T17:45:48.670+0000] {core_li.py:23} INFO - Successfully updated job requisition 66db04abbf0a19d8769e6668
[2024-09-06T17:45:48.689+0000] {core_li.py:23} INFO - Successfully updated job requisition 66db04abbf0a19d8769e666a
[2024-09-06T17:45:48.702+0000] {core_li.py:23} INFO - Successfully updated job requisition 66db04abbf0a19d8769e666c
[2024-09-06T17:45:48.715+0000] {core_li.py:23} INFO - Successfully updated job requisition 66db04abbf0a19d8769e666e
[2024-09-06T17:45:48.727+0000] {core_li.py:23} INFO - Successfully updated job requisition 66db04abbf0a19d8769e6670
[2024-09-06T17:45:48.744+0000] {core_li.py:23} INFO - Successfully updated job requisition 66db04abbf0a19d8769e6672
[2024-09-06T17:45:48.758+0000] {core_li.py:23} INFO - Successfully updated job requisition 66db04abbf0a19d8769e6674
[2024-09-06T17:45:48.771+0000] {core_li.py:23} INFO - Successfully updated job requisition 66db04abbf0a19d8769e6676
[2024-09-06T17:45:48.783+0000] {core_li.py:23} INFO - Successfully updated job requisition 66db04abbf0a19d8769e6678
[2024-09-06T17:45:48.795+0000] {core_li.py:23} INFO - Successfully updated job requisition 66db04abbf0a19d8769e667a
[2024-09-06T17:45:48.813+0000] {core_li.py:23} INFO - Successfully updated job requisition 66db04abbf0a19d8769e667c
[2024-09-06T17:45:48.826+0000] {core_li.py:23} INFO - Successfully updated job requisition 66db04abbf0a19d8769e667e
[2024-09-06T17:45:48.846+0000] {core_li.py:23} INFO - Successfully updated job requisition 66db04abbf0a19d8769e6680
[2024-09-06T17:45:48.864+0000] {core_li.py:23} INFO - Successfully updated job requisition 66db04abbf0a19d8769e6682
[2024-09-06T17:45:48.877+0000] {core_li.py:23} INFO - Successfully updated job requisition 66db04abbf0a19d8769e6684
[2024-09-06T17:45:48.894+0000] {core_li.py:23} INFO - Successfully updated job requisition 66db04abbf0a19d8769e6686
[2024-09-06T17:45:48.912+0000] {core_li.py:23} INFO - Successfully updated job requisition 66db04abbf0a19d8769e6688
[2024-09-06T17:45:48.927+0000] {core_li.py:23} INFO - Successfully updated job requisition 66db04abbf0a19d8769e668a
[2024-09-06T17:45:48.937+0000] {core_li.py:23} INFO - Successfully updated job requisition 66db04abbf0a19d8769e668c
[2024-09-06T17:45:48.951+0000] {core_li.py:23} INFO - Successfully updated job requisition 66db04abbf0a19d8769e668e
[2024-09-06T17:45:48.969+0000] {core_li.py:23} INFO - Successfully updated job requisition 66db04abbf0a19d8769e6690
[2024-09-06T17:45:48.992+0000] {core_li.py:23} INFO - Successfully updated job requisition 66db04abbf0a19d8769e6692
[2024-09-06T17:45:49.020+0000] {core_li.py:23} INFO - Successfully updated job requisition 66db04abbf0a19d8769e6694
[2024-09-06T17:45:49.043+0000] {core_li.py:23} INFO - Successfully updated job requisition 66db04abbf0a19d8769e6696
[2024-09-06T17:45:49.064+0000] {core_li.py:23} INFO - Successfully updated job requisition 66db04abbf0a19d8769e6698
[2024-09-06T17:45:49.094+0000] {core_li.py:23} INFO - Successfully updated job requisition 66db04abbf0a19d8769e669a
[2024-09-06T17:45:49.108+0000] {core_li.py:23} INFO - Successfully updated job requisition 66db04abbf0a19d8769e669c
[2024-09-06T17:45:49.122+0000] {core_li.py:23} INFO - Successfully updated job requisition 66db04abbf0a19d8769e669e
[2024-09-06T17:45:49.134+0000] {core_li.py:23} INFO - Successfully updated job requisition 66db04abbf0a19d8769e66a0
[2024-09-06T17:45:49.143+0000] {core_li.py:23} INFO - Successfully updated job requisition 66db04abbf0a19d8769e66a2
[2024-09-06T17:45:49.154+0000] {core_li.py:23} INFO - Successfully updated job requisition 66db04abbf0a19d8769e66a4
[2024-09-06T17:45:49.163+0000] {core_li.py:23} INFO - Successfully updated job requisition 66db04abbf0a19d8769e66a6
[2024-09-06T17:45:49.172+0000] {core_li.py:23} INFO - Successfully updated job requisition 66db04abbf0a19d8769e66a8
[2024-09-06T17:45:49.183+0000] {core_li.py:23} INFO - Successfully updated job requisition 66db04abbf0a19d8769e66aa
[2024-09-06T17:45:49.191+0000] {core_li.py:23} INFO - Successfully updated job requisition 66db04abbf0a19d8769e66ac
[2024-09-06T17:45:49.199+0000] {core_li.py:23} INFO - Successfully updated job requisition 66db04abbf0a19d8769e66ae
[2024-09-06T17:45:49.213+0000] {core_li.py:23} INFO - Successfully updated job requisition 66db04abbf0a19d8769e66b0
[2024-09-06T17:45:49.227+0000] {core_li.py:23} INFO - Successfully updated job requisition 66db04abbf0a19d8769e66b2
[2024-09-06T17:45:49.238+0000] {core_li.py:23} INFO - Successfully updated job requisition 66db04abbf0a19d8769e66b4
[2024-09-06T17:45:49.248+0000] {core_li.py:23} INFO - Successfully updated job requisition 66db04abbf0a19d8769e66b6
[2024-09-06T17:45:49.255+0000] {core_li.py:23} INFO - Successfully updated job requisition 66db04abbf0a19d8769e66b8
[2024-09-06T17:45:49.265+0000] {core_li.py:23} INFO - Successfully updated job requisition 66db04abbf0a19d8769e66ba
[2024-09-06T17:45:49.273+0000] {core_li.py:23} INFO - Successfully updated job requisition 66db04abbf0a19d8769e66bc
[2024-09-06T17:45:49.282+0000] {core_li.py:23} INFO - Successfully updated job requisition 66db04abbf0a19d8769e66be
[2024-09-06T17:45:49.296+0000] {core_li.py:23} INFO - Successfully updated job requisition 66db04abbf0a19d8769e66c0
[2024-09-06T17:45:49.307+0000] {core_li.py:23} INFO - Successfully updated job requisition 66db04abbf0a19d8769e66c2
[2024-09-06T17:45:49.324+0000] {core_li.py:23} INFO - Successfully updated job requisition 66db04abbf0a19d8769e66c4
[2024-09-06T17:45:49.334+0000] {core_li.py:23} INFO - Successfully updated job requisition 66db04abbf0a19d8769e66c6
[2024-09-06T17:45:49.351+0000] {core_li.py:23} INFO - Successfully updated job requisition 66db04abbf0a19d8769e66c8
[2024-09-06T17:45:49.363+0000] {core_li.py:23} INFO - Successfully updated job requisition 66db04abbf0a19d8769e66ca
[2024-09-06T17:45:49.375+0000] {core_li.py:23} INFO - Successfully updated job requisition 66db04abbf0a19d8769e66cc
[2024-09-06T17:45:49.385+0000] {core_li.py:23} INFO - Successfully updated job requisition 66db04abbf0a19d8769e66ce
[2024-09-06T17:45:49.394+0000] {core_li.py:23} INFO - Successfully updated job requisition 66db04abbf0a19d8769e66d0
[2024-09-06T17:45:49.405+0000] {core_li.py:23} INFO - Successfully updated job requisition 66db04abbf0a19d8769e66d2
[2024-09-06T17:45:49.418+0000] {core_li.py:23} INFO - Successfully updated job requisition 66db04abbf0a19d8769e66d4
[2024-09-06T17:45:49.429+0000] {core_li.py:23} INFO - Successfully updated job requisition 66db04abbf0a19d8769e66d6
[2024-09-06T17:45:49.452+0000] {core_li.py:23} INFO - Successfully updated job requisition 66db04abbf0a19d8769e66d8
[2024-09-06T17:45:49.472+0000] {core_li.py:23} INFO - Successfully updated job requisition 66db04abbf0a19d8769e66da
[2024-09-06T17:45:49.492+0000] {core_li.py:23} INFO - Successfully updated job requisition 66db04abbf0a19d8769e66dc
[2024-09-06T17:45:49.502+0000] {core_li.py:23} INFO - Successfully updated job requisition 66db04abbf0a19d8769e66de
[2024-09-06T17:45:49.511+0000] {core_li.py:23} INFO - Successfully updated job requisition 66db04abbf0a19d8769e66e0
[2024-09-06T17:45:49.519+0000] {core_li.py:23} INFO - Successfully updated job requisition 66db04abbf0a19d8769e66e2
[2024-09-06T17:45:49.527+0000] {core_li.py:23} INFO - Successfully updated job requisition 66db04abbf0a19d8769e66e4
[2024-09-06T17:45:49.535+0000] {core_li.py:23} INFO - Successfully updated job requisition 66db04abbf0a19d8769e66e6
[2024-09-06T17:45:49.543+0000] {core_li.py:23} INFO - Successfully updated job requisition 66db04abbf0a19d8769e66e8
[2024-09-06T17:45:49.551+0000] {core_li.py:23} INFO - Successfully updated job requisition 66db04abbf0a19d8769e66ea
[2024-09-06T17:45:49.559+0000] {core_li.py:23} INFO - Successfully updated job requisition 66db04abbf0a19d8769e66ec
[2024-09-06T17:45:49.571+0000] {core_li.py:23} INFO - Successfully updated job requisition 66db04abbf0a19d8769e66ee
[2024-09-06T17:45:49.580+0000] {core_li.py:23} INFO - Successfully updated job requisition 66db04abbf0a19d8769e66f0
[2024-09-06T17:45:49.591+0000] {core_li.py:23} INFO - Successfully updated job requisition 66db04abbf0a19d8769e66f2
[2024-09-06T17:45:49.601+0000] {core_li.py:23} INFO - Successfully updated job requisition 66db04abbf0a19d8769e66f4
[2024-09-06T17:45:49.614+0000] {core_li.py:23} INFO - Successfully updated job requisition 66db04abbf0a19d8769e66f6
[2024-09-06T17:45:49.627+0000] {core_li.py:23} INFO - Successfully updated job requisition 66db04abbf0a19d8769e66f8
[2024-09-06T17:45:49.642+0000] {core_li.py:23} INFO - Successfully updated job requisition 66db04abbf0a19d8769e66fa
[2024-09-06T17:45:49.656+0000] {core_li.py:23} INFO - Successfully updated job requisition 66db04abbf0a19d8769e66fc
[2024-09-06T17:45:49.666+0000] {core_li.py:23} INFO - Successfully updated job requisition 66db04abbf0a19d8769e66fe
[2024-09-06T17:45:49.677+0000] {core_li.py:23} INFO - Successfully updated job requisition 66db04abbf0a19d8769e6700
[2024-09-06T17:45:49.686+0000] {core_li.py:23} INFO - Successfully updated job requisition 66db04abbf0a19d8769e6702
[2024-09-06T17:45:49.700+0000] {core_li.py:23} INFO - Successfully updated job requisition 66db04abbf0a19d8769e6704
[2024-09-06T17:45:49.710+0000] {core_li.py:23} INFO - Successfully updated job requisition 66db04abbf0a19d8769e6706
[2024-09-06T17:45:49.720+0000] {core_li.py:23} INFO - Successfully updated job requisition 66db04abbf0a19d8769e6708
[2024-09-06T17:45:49.728+0000] {core_li.py:23} INFO - Successfully updated job requisition 66db04abbf0a19d8769e670a
[2024-09-06T17:45:49.739+0000] {core_li.py:23} INFO - Successfully updated job requisition 66db04abbf0a19d8769e670c
[2024-09-06T17:45:49.748+0000] {core_li.py:23} INFO - Successfully updated job requisition 66db04abbf0a19d8769e670e
[2024-09-06T17:45:49.757+0000] {core_li.py:23} INFO - Successfully updated job requisition 66db04abbf0a19d8769e6710
[2024-09-06T17:45:49.766+0000] {core_li.py:23} INFO - Successfully updated job requisition 66db04abbf0a19d8769e6712
[2024-09-06T17:45:49.775+0000] {core_li.py:23} INFO - Successfully updated job requisition 66db04abbf0a19d8769e6714
[2024-09-06T17:45:49.782+0000] {core_li.py:23} INFO - Successfully updated job requisition 66db04abbf0a19d8769e6716
[2024-09-06T17:45:49.793+0000] {core_li.py:23} INFO - Successfully updated job requisition 66db04abbf0a19d8769e6718
[2024-09-06T17:45:49.794+0000] {python.py:240} INFO - Done. Returned value was: 100
[2024-09-06T17:45:49.829+0000] {taskinstance.py:340} INFO - ::group::Post task execution logs
[2024-09-06T17:45:49.830+0000] {taskinstance.py:352} INFO - Marking task as SUCCESS. dag_id=async_flow, task_id=task_backfill_number_of_cancelled_candidates_in_batch, run_id=manual__2024-09-06T17:29:39.458358+00:00, map_index=14, execution_date=20240906T172939, start_date=20240906T174548, end_date=20240906T174549
[2024-09-06T17:45:49.863+0000] {local_task_job_runner.py:266} INFO - Task exited with return code 0
[2024-09-06T17:45:49.886+0000] {taskinstance.py:3900} INFO - 0 downstream tasks scheduled from follow-on schedule check
[2024-09-06T17:45:49.887+0000] {local_task_job_runner.py:245} INFO - ::endgroup::
