[2024-09-06T17:43:07.371+0000] {local_task_job_runner.py:123} INFO - ::group::Pre task execution logs
[2024-09-06T17:43:07.390+0000] {taskinstance.py:2612} INFO - Dependencies all met for dep_context=non-requeueable deps ti=<TaskInstance: async_flow.task_backfill_number_of_cancelled_candidates_in_batch manual__2024-09-06T17:43:02.727107+00:00 map_index=22 [queued]>
[2024-09-06T17:43:07.404+0000] {taskinstance.py:2612} INFO - Dependencies all met for dep_context=requeueable deps ti=<TaskInstance: async_flow.task_backfill_number_of_cancelled_candidates_in_batch manual__2024-09-06T17:43:02.727107+00:00 map_index=22 [queued]>
[2024-09-06T17:43:07.408+0000] {taskinstance.py:2865} INFO - Starting attempt 1 of 1
[2024-09-06T17:43:07.448+0000] {taskinstance.py:2888} INFO - Executing <Mapped(_PythonDecoratedOperator): task_backfill_number_of_cancelled_candidates_in_batch> on 2024-09-06 17:43:02.727107+00:00
[2024-09-06T17:43:07.459+0000] {standard_task_runner.py:104} INFO - Running: ['***', 'tasks', 'run', 'async_flow', 'task_backfill_number_of_cancelled_candidates_in_batch', 'manual__2024-09-06T17:43:02.727107+00:00', '--job-id', '205', '--raw', '--subdir', 'DAGS_FOLDER/dags_async_flow.py', '--cfg-path', '/tmp/tmprq0kznte', '--map-index', '22']
[2024-09-06T17:43:07.454+0000] {warnings.py:112} WARNING - /home/***/.local/lib/python3.12/site-packages/***/task/task_runner/standard_task_runner.py:70: DeprecationWarning: This process (pid=187) is multi-threaded, use of fork() may lead to deadlocks in the child.
  pid = os.fork()

[2024-09-06T17:43:07.463+0000] {standard_task_runner.py:72} INFO - Started process 256 to run task
[2024-09-06T17:43:07.462+0000] {standard_task_runner.py:105} INFO - Job 205: Subtask task_backfill_number_of_cancelled_candidates_in_batch
[2024-09-06T17:43:07.561+0000] {task_command.py:467} INFO - Running <TaskInstance: async_flow.task_backfill_number_of_cancelled_candidates_in_batch manual__2024-09-06T17:43:02.727107+00:00 map_index=22 [running]> on host 0817eb6c24af
[2024-09-06T17:43:07.645+0000] {taskinstance.py:3131} INFO - Exporting env vars: AIRFLOW_CTX_DAG_OWNER='***' AIRFLOW_CTX_DAG_ID='async_flow' AIRFLOW_CTX_TASK_ID='task_backfill_number_of_cancelled_candidates_in_batch' AIRFLOW_CTX_EXECUTION_DATE='2024-09-06T17:43:02.727107+00:00' AIRFLOW_CTX_TRY_NUMBER='1' AIRFLOW_CTX_DAG_RUN_ID='manual__2024-09-06T17:43:02.727107+00:00'
[2024-09-06T17:43:07.651+0000] {taskinstance.py:731} INFO - ::endgroup::
[2024-09-06T17:43:07.663+0000] {core_li.py:23} INFO - Successfully updated job requisition 66db04abbf0a19d8769e6c92
[2024-09-06T17:43:07.678+0000] {core_li.py:23} INFO - Successfully updated job requisition 66db04abbf0a19d8769e6c94
[2024-09-06T17:43:07.686+0000] {core_li.py:23} INFO - Successfully updated job requisition 66db04abbf0a19d8769e6c96
[2024-09-06T17:43:07.694+0000] {core_li.py:23} INFO - Successfully updated job requisition 66db04abbf0a19d8769e6c98
[2024-09-06T17:43:07.702+0000] {core_li.py:23} INFO - Successfully updated job requisition 66db04abbf0a19d8769e6c9a
[2024-09-06T17:43:07.709+0000] {core_li.py:23} INFO - Successfully updated job requisition 66db04abbf0a19d8769e6c9c
[2024-09-06T17:43:07.715+0000] {core_li.py:23} INFO - Successfully updated job requisition 66db04abbf0a19d8769e6c9e
[2024-09-06T17:43:07.724+0000] {core_li.py:23} INFO - Successfully updated job requisition 66db04abbf0a19d8769e6ca0
[2024-09-06T17:43:07.739+0000] {core_li.py:23} INFO - Successfully updated job requisition 66db04abbf0a19d8769e6ca2
[2024-09-06T17:43:07.752+0000] {core_li.py:23} INFO - Successfully updated job requisition 66db04abbf0a19d8769e6ca4
[2024-09-06T17:43:07.759+0000] {core_li.py:23} INFO - Successfully updated job requisition 66db04abbf0a19d8769e6ca6
[2024-09-06T17:43:07.768+0000] {core_li.py:23} INFO - Successfully updated job requisition 66db04abbf0a19d8769e6ca8
[2024-09-06T17:43:07.777+0000] {core_li.py:23} INFO - Successfully updated job requisition 66db04abbf0a19d8769e6caa
[2024-09-06T17:43:07.786+0000] {core_li.py:23} INFO - Successfully updated job requisition 66db04abbf0a19d8769e6cac
[2024-09-06T17:43:07.798+0000] {core_li.py:23} INFO - Successfully updated job requisition 66db04abbf0a19d8769e6cae
[2024-09-06T17:43:07.814+0000] {core_li.py:23} INFO - Successfully updated job requisition 66db04abbf0a19d8769e6cb0
[2024-09-06T17:43:07.823+0000] {core_li.py:23} INFO - Successfully updated job requisition 66db04abbf0a19d8769e6cb2
[2024-09-06T17:43:07.834+0000] {core_li.py:23} INFO - Successfully updated job requisition 66db04abbf0a19d8769e6cb4
[2024-09-06T17:43:07.842+0000] {core_li.py:23} INFO - Successfully updated job requisition 66db04abbf0a19d8769e6cb6
[2024-09-06T17:43:07.849+0000] {core_li.py:23} INFO - Successfully updated job requisition 66db04abbf0a19d8769e6cb8
[2024-09-06T17:43:07.857+0000] {core_li.py:23} INFO - Successfully updated job requisition 66db04abbf0a19d8769e6cba
[2024-09-06T17:43:07.869+0000] {core_li.py:23} INFO - Successfully updated job requisition 66db04abbf0a19d8769e6cbc
[2024-09-06T17:43:07.878+0000] {core_li.py:23} INFO - Successfully updated job requisition 66db04abbf0a19d8769e6cbe
[2024-09-06T17:43:07.886+0000] {core_li.py:23} INFO - Successfully updated job requisition 66db04abbf0a19d8769e6cc0
[2024-09-06T17:43:07.893+0000] {core_li.py:23} INFO - Successfully updated job requisition 66db04abbf0a19d8769e6cc2
[2024-09-06T17:43:07.906+0000] {core_li.py:23} INFO - Successfully updated job requisition 66db04abbf0a19d8769e6cc4
[2024-09-06T17:43:07.913+0000] {core_li.py:23} INFO - Successfully updated job requisition 66db04abbf0a19d8769e6cc6
[2024-09-06T17:43:07.922+0000] {core_li.py:23} INFO - Successfully updated job requisition 66db04abbf0a19d8769e6cc8
[2024-09-06T17:43:07.929+0000] {core_li.py:23} INFO - Successfully updated job requisition 66db04abbf0a19d8769e6cca
[2024-09-06T17:43:07.938+0000] {core_li.py:23} INFO - Successfully updated job requisition 66db04abbf0a19d8769e6ccc
[2024-09-06T17:43:07.945+0000] {core_li.py:23} INFO - Successfully updated job requisition 66db04abbf0a19d8769e6cce
[2024-09-06T17:43:07.951+0000] {core_li.py:23} INFO - Successfully updated job requisition 66db04abbf0a19d8769e6cd0
[2024-09-06T17:43:07.958+0000] {core_li.py:23} INFO - Successfully updated job requisition 66db04abbf0a19d8769e6cd2
[2024-09-06T17:43:07.965+0000] {core_li.py:23} INFO - Successfully updated job requisition 66db04abbf0a19d8769e6cd4
[2024-09-06T17:43:07.973+0000] {core_li.py:23} INFO - Successfully updated job requisition 66db04abbf0a19d8769e6cd6
[2024-09-06T17:43:07.983+0000] {core_li.py:23} INFO - Successfully updated job requisition 66db04abbf0a19d8769e6cd8
[2024-09-06T17:43:07.989+0000] {core_li.py:23} INFO - Successfully updated job requisition 66db04abbf0a19d8769e6cda
[2024-09-06T17:43:07.998+0000] {core_li.py:23} INFO - Successfully updated job requisition 66db04abbf0a19d8769e6cdc
[2024-09-06T17:43:08.006+0000] {core_li.py:23} INFO - Successfully updated job requisition 66db04abbf0a19d8769e6cde
[2024-09-06T17:43:08.012+0000] {core_li.py:23} INFO - Successfully updated job requisition 66db04abbf0a19d8769e6ce0
[2024-09-06T17:43:08.022+0000] {core_li.py:23} INFO - Successfully updated job requisition 66db04abbf0a19d8769e6ce2
[2024-09-06T17:43:08.029+0000] {core_li.py:23} INFO - Successfully updated job requisition 66db04abbf0a19d8769e6ce4
[2024-09-06T17:43:08.041+0000] {core_li.py:23} INFO - Successfully updated job requisition 66db04abbf0a19d8769e6ce6
[2024-09-06T17:43:08.051+0000] {core_li.py:23} INFO - Successfully updated job requisition 66db04abbf0a19d8769e6ce8
[2024-09-06T17:43:08.060+0000] {core_li.py:23} INFO - Successfully updated job requisition 66db04abbf0a19d8769e6cea
[2024-09-06T17:43:08.068+0000] {core_li.py:23} INFO - Successfully updated job requisition 66db04abbf0a19d8769e6cec
[2024-09-06T17:43:08.075+0000] {core_li.py:23} INFO - Successfully updated job requisition 66db04abbf0a19d8769e6cee
[2024-09-06T17:43:08.082+0000] {core_li.py:23} INFO - Successfully updated job requisition 66db04abbf0a19d8769e6cf0
[2024-09-06T17:43:08.095+0000] {core_li.py:23} INFO - Successfully updated job requisition 66db04abbf0a19d8769e6cf2
[2024-09-06T17:43:08.103+0000] {core_li.py:23} INFO - Successfully updated job requisition 66db04abbf0a19d8769e6cf4
[2024-09-06T17:43:08.116+0000] {core_li.py:23} INFO - Successfully updated job requisition 66db04abbf0a19d8769e6cf6
[2024-09-06T17:43:08.123+0000] {core_li.py:23} INFO - Successfully updated job requisition 66db04abbf0a19d8769e6cf8
[2024-09-06T17:43:08.130+0000] {core_li.py:23} INFO - Successfully updated job requisition 66db04abbf0a19d8769e6cfa
[2024-09-06T17:43:08.144+0000] {core_li.py:23} INFO - Successfully updated job requisition 66db04abbf0a19d8769e6cfc
[2024-09-06T17:43:08.153+0000] {core_li.py:23} INFO - Successfully updated job requisition 66db04abbf0a19d8769e6cfe
[2024-09-06T17:43:08.162+0000] {core_li.py:23} INFO - Successfully updated job requisition 66db04abbf0a19d8769e6d00
[2024-09-06T17:43:08.169+0000] {core_li.py:23} INFO - Successfully updated job requisition 66db04abbf0a19d8769e6d02
[2024-09-06T17:43:08.178+0000] {core_li.py:23} INFO - Successfully updated job requisition 66db04abbf0a19d8769e6d04
[2024-09-06T17:43:08.185+0000] {core_li.py:23} INFO - Successfully updated job requisition 66db04abbf0a19d8769e6d06
[2024-09-06T17:43:08.194+0000] {core_li.py:23} INFO - Successfully updated job requisition 66db04abbf0a19d8769e6d08
[2024-09-06T17:43:08.204+0000] {core_li.py:23} INFO - Successfully updated job requisition 66db04abbf0a19d8769e6d0a
[2024-09-06T17:43:08.211+0000] {core_li.py:23} INFO - Successfully updated job requisition 66db04abbf0a19d8769e6d0c
[2024-09-06T17:43:08.224+0000] {core_li.py:23} INFO - Successfully updated job requisition 66db04abbf0a19d8769e6d0e
[2024-09-06T17:43:08.234+0000] {core_li.py:23} INFO - Successfully updated job requisition 66db04abbf0a19d8769e6d10
[2024-09-06T17:43:08.244+0000] {core_li.py:23} INFO - Successfully updated job requisition 66db04abbf0a19d8769e6d12
[2024-09-06T17:43:08.254+0000] {core_li.py:23} INFO - Successfully updated job requisition 66db04abbf0a19d8769e6d14
[2024-09-06T17:43:08.265+0000] {core_li.py:23} INFO - Successfully updated job requisition 66db04abbf0a19d8769e6d16
[2024-09-06T17:43:08.271+0000] {core_li.py:23} INFO - Successfully updated job requisition 66db04abbf0a19d8769e6d18
[2024-09-06T17:43:08.279+0000] {core_li.py:23} INFO - Successfully updated job requisition 66db04abbf0a19d8769e6d1a
[2024-09-06T17:43:08.287+0000] {core_li.py:23} INFO - Successfully updated job requisition 66db04abbf0a19d8769e6d1c
[2024-09-06T17:43:08.312+0000] {core_li.py:23} INFO - Successfully updated job requisition 66db04abbf0a19d8769e6d1e
[2024-09-06T17:43:08.317+0000] {core_li.py:23} INFO - Successfully updated job requisition 66db04abbf0a19d8769e6d20
[2024-09-06T17:43:08.326+0000] {core_li.py:23} INFO - Successfully updated job requisition 66db04abbf0a19d8769e6d22
[2024-09-06T17:43:08.340+0000] {core_li.py:23} INFO - Successfully updated job requisition 66db04abbf0a19d8769e6d24
[2024-09-06T17:43:08.347+0000] {core_li.py:23} INFO - Successfully updated job requisition 66db04abbf0a19d8769e6d26
[2024-09-06T17:43:08.353+0000] {core_li.py:23} INFO - Successfully updated job requisition 66db04abbf0a19d8769e6d28
[2024-09-06T17:43:08.361+0000] {core_li.py:23} INFO - Successfully updated job requisition 66db04abbf0a19d8769e6d2a
[2024-09-06T17:43:08.369+0000] {core_li.py:23} INFO - Successfully updated job requisition 66db04abbf0a19d8769e6d2c
[2024-09-06T17:43:08.378+0000] {core_li.py:23} INFO - Successfully updated job requisition 66db04abbf0a19d8769e6d2e
[2024-09-06T17:43:08.392+0000] {core_li.py:23} INFO - Successfully updated job requisition 66db04abbf0a19d8769e6d30
[2024-09-06T17:43:08.405+0000] {core_li.py:23} INFO - Successfully updated job requisition 66db04abbf0a19d8769e6d32
[2024-09-06T17:43:08.418+0000] {core_li.py:23} INFO - Successfully updated job requisition 66db04abbf0a19d8769e6d34
[2024-09-06T17:43:08.432+0000] {core_li.py:23} INFO - Successfully updated job requisition 66db04abbf0a19d8769e6d36
[2024-09-06T17:43:08.443+0000] {core_li.py:23} INFO - Successfully updated job requisition 66db04abbf0a19d8769e6d38
[2024-09-06T17:43:08.486+0000] {core_li.py:23} INFO - Successfully updated job requisition 66db04abbf0a19d8769e6d3a
[2024-09-06T17:43:08.507+0000] {core_li.py:23} INFO - Successfully updated job requisition 66db04abbf0a19d8769e6d3c
[2024-09-06T17:43:08.518+0000] {core_li.py:23} INFO - Successfully updated job requisition 66db04abbf0a19d8769e6d3e
[2024-09-06T17:43:08.542+0000] {core_li.py:23} INFO - Successfully updated job requisition 66db04abbf0a19d8769e6d40
[2024-09-06T17:43:08.559+0000] {core_li.py:23} INFO - Successfully updated job requisition 66db04abbf0a19d8769e6d42
[2024-09-06T17:43:08.567+0000] {core_li.py:23} INFO - Successfully updated job requisition 66db04abbf0a19d8769e6d44
[2024-09-06T17:43:08.576+0000] {core_li.py:23} INFO - Successfully updated job requisition 66db04abbf0a19d8769e6d46
[2024-09-06T17:43:08.587+0000] {core_li.py:23} INFO - Successfully updated job requisition 66db04abbf0a19d8769e6d48
[2024-09-06T17:43:08.595+0000] {core_li.py:23} INFO - Successfully updated job requisition 66db04abbf0a19d8769e6d4a
[2024-09-06T17:43:08.601+0000] {core_li.py:23} INFO - Successfully updated job requisition 66db04abbf0a19d8769e6d4c
[2024-09-06T17:43:08.612+0000] {core_li.py:23} INFO - Successfully updated job requisition 66db04abbf0a19d8769e6d4e
[2024-09-06T17:43:08.620+0000] {core_li.py:23} INFO - Successfully updated job requisition 66db04abbf0a19d8769e6d50
[2024-09-06T17:43:08.630+0000] {core_li.py:23} INFO - Successfully updated job requisition 66db04abbf0a19d8769e6d52
[2024-09-06T17:43:08.638+0000] {core_li.py:23} INFO - Successfully updated job requisition 66db04abbf0a19d8769e6d54
[2024-09-06T17:43:08.652+0000] {core_li.py:23} INFO - Successfully updated job requisition 66db04abbf0a19d8769e6d56
[2024-09-06T17:43:08.666+0000] {core_li.py:23} INFO - Successfully updated job requisition 66db04abbf0a19d8769e6d58
[2024-09-06T17:43:08.666+0000] {python.py:240} INFO - Done. Returned value was: 100
[2024-09-06T17:43:08.688+0000] {taskinstance.py:340} INFO - ::group::Post task execution logs
[2024-09-06T17:43:08.688+0000] {taskinstance.py:352} INFO - Marking task as SUCCESS. dag_id=async_flow, task_id=task_backfill_number_of_cancelled_candidates_in_batch, run_id=manual__2024-09-06T17:43:02.727107+00:00, map_index=22, execution_date=20240906T174302, start_date=20240906T174307, end_date=20240906T174308
[2024-09-06T17:43:08.726+0000] {local_task_job_runner.py:266} INFO - Task exited with return code 0
[2024-09-06T17:43:08.746+0000] {taskinstance.py:3900} INFO - 0 downstream tasks scheduled from follow-on schedule check
[2024-09-06T17:43:08.747+0000] {local_task_job_runner.py:245} INFO - ::endgroup::
