[2024-09-06T17:45:53.813+0000] {local_task_job_runner.py:123} INFO - ::group::Pre task execution logs
[2024-09-06T17:45:53.845+0000] {taskinstance.py:2612} INFO - Dependencies all met for dep_context=non-requeueable deps ti=<TaskInstance: async_flow.task_backfill_number_of_cancelled_candidates_in_batch manual__2024-09-06T17:29:39.458358+00:00 map_index=36 [queued]>
[2024-09-06T17:45:53.864+0000] {taskinstance.py:2612} INFO - Dependencies all met for dep_context=requeueable deps ti=<TaskInstance: async_flow.task_backfill_number_of_cancelled_candidates_in_batch manual__2024-09-06T17:29:39.458358+00:00 map_index=36 [queued]>
[2024-09-06T17:45:53.868+0000] {taskinstance.py:2865} INFO - Starting attempt 2 of 2
[2024-09-06T17:45:53.894+0000] {taskinstance.py:2888} INFO - Executing <Mapped(_PythonDecoratedOperator): task_backfill_number_of_cancelled_candidates_in_batch> on 2024-09-06 17:29:39.458358+00:00
[2024-09-06T17:45:53.903+0000] {standard_task_runner.py:104} INFO - Running: ['***', 'tasks', 'run', 'async_flow', 'task_backfill_number_of_cancelled_candidates_in_batch', 'manual__2024-09-06T17:29:39.458358+00:00', '--job-id', '266', '--raw', '--subdir', 'DAGS_FOLDER/dags_async_flow.py', '--cfg-path', '/tmp/tmpnpo6pm8g', '--map-index', '36']
[2024-09-06T17:45:53.901+0000] {warnings.py:112} WARNING - /home/***/.local/lib/python3.12/site-packages/***/task/task_runner/standard_task_runner.py:70: DeprecationWarning: This process (pid=614) is multi-threaded, use of fork() may lead to deadlocks in the child.
  pid = os.fork()

[2024-09-06T17:45:53.905+0000] {standard_task_runner.py:72} INFO - Started process 690 to run task
[2024-09-06T17:45:53.905+0000] {standard_task_runner.py:105} INFO - Job 266: Subtask task_backfill_number_of_cancelled_candidates_in_batch
[2024-09-06T17:45:53.962+0000] {task_command.py:467} INFO - Running <TaskInstance: async_flow.task_backfill_number_of_cancelled_candidates_in_batch manual__2024-09-06T17:29:39.458358+00:00 map_index=36 [running]> on host 0817eb6c24af
[2024-09-06T17:45:54.091+0000] {taskinstance.py:3131} INFO - Exporting env vars: AIRFLOW_CTX_DAG_OWNER='***' AIRFLOW_CTX_DAG_ID='async_flow' AIRFLOW_CTX_TASK_ID='task_backfill_number_of_cancelled_candidates_in_batch' AIRFLOW_CTX_EXECUTION_DATE='2024-09-06T17:29:39.458358+00:00' AIRFLOW_CTX_TRY_NUMBER='2' AIRFLOW_CTX_DAG_RUN_ID='manual__2024-09-06T17:29:39.458358+00:00'
[2024-09-06T17:45:54.093+0000] {taskinstance.py:731} INFO - ::endgroup::
[2024-09-06T17:45:54.113+0000] {core_li.py:23} INFO - Successfully updated job requisition 66db04abbf0a19d8769e67e2
[2024-09-06T17:45:54.122+0000] {core_li.py:23} INFO - Successfully updated job requisition 66db04abbf0a19d8769e67e4
[2024-09-06T17:45:54.127+0000] {core_li.py:23} INFO - Successfully updated job requisition 66db04abbf0a19d8769e67e6
[2024-09-06T17:45:54.140+0000] {core_li.py:23} INFO - Successfully updated job requisition 66db04abbf0a19d8769e67e8
[2024-09-06T17:45:54.148+0000] {core_li.py:23} INFO - Successfully updated job requisition 66db04abbf0a19d8769e67ea
[2024-09-06T17:45:54.157+0000] {core_li.py:23} INFO - Successfully updated job requisition 66db04abbf0a19d8769e67ec
[2024-09-06T17:45:54.179+0000] {core_li.py:23} INFO - Successfully updated job requisition 66db04abbf0a19d8769e67ee
[2024-09-06T17:45:54.195+0000] {core_li.py:23} INFO - Successfully updated job requisition 66db04abbf0a19d8769e67f0
[2024-09-06T17:45:54.202+0000] {core_li.py:23} INFO - Successfully updated job requisition 66db04abbf0a19d8769e67f2
[2024-09-06T17:45:54.209+0000] {core_li.py:23} INFO - Successfully updated job requisition 66db04abbf0a19d8769e67f4
[2024-09-06T17:45:54.222+0000] {core_li.py:23} INFO - Successfully updated job requisition 66db04abbf0a19d8769e67f6
[2024-09-06T17:45:54.231+0000] {core_li.py:23} INFO - Successfully updated job requisition 66db04abbf0a19d8769e67f8
[2024-09-06T17:45:54.237+0000] {core_li.py:23} INFO - Successfully updated job requisition 66db04abbf0a19d8769e67fa
[2024-09-06T17:45:54.243+0000] {core_li.py:23} INFO - Successfully updated job requisition 66db04abbf0a19d8769e67fc
[2024-09-06T17:45:54.253+0000] {core_li.py:23} INFO - Successfully updated job requisition 66db04abbf0a19d8769e67fe
[2024-09-06T17:45:54.260+0000] {core_li.py:23} INFO - Successfully updated job requisition 66db04abbf0a19d8769e6800
[2024-09-06T17:45:54.267+0000] {core_li.py:23} INFO - Successfully updated job requisition 66db04abbf0a19d8769e6802
[2024-09-06T17:45:54.274+0000] {core_li.py:23} INFO - Successfully updated job requisition 66db04abbf0a19d8769e6804
[2024-09-06T17:45:54.279+0000] {core_li.py:23} INFO - Successfully updated job requisition 66db04abbf0a19d8769e6806
[2024-09-06T17:45:54.287+0000] {core_li.py:23} INFO - Successfully updated job requisition 66db04abbf0a19d8769e6808
[2024-09-06T17:45:54.293+0000] {core_li.py:23} INFO - Successfully updated job requisition 66db04abbf0a19d8769e680a
[2024-09-06T17:45:54.299+0000] {core_li.py:23} INFO - Successfully updated job requisition 66db04abbf0a19d8769e680c
[2024-09-06T17:45:54.306+0000] {core_li.py:23} INFO - Successfully updated job requisition 66db04abbf0a19d8769e680e
[2024-09-06T17:45:54.314+0000] {core_li.py:23} INFO - Successfully updated job requisition 66db04abbf0a19d8769e6810
[2024-09-06T17:45:54.322+0000] {core_li.py:23} INFO - Successfully updated job requisition 66db04abbf0a19d8769e6812
[2024-09-06T17:45:54.331+0000] {core_li.py:23} INFO - Successfully updated job requisition 66db04abbf0a19d8769e6814
[2024-09-06T17:45:54.339+0000] {core_li.py:23} INFO - Successfully updated job requisition 66db04abbf0a19d8769e6816
[2024-09-06T17:45:54.347+0000] {core_li.py:23} INFO - Successfully updated job requisition 66db04abbf0a19d8769e6818
[2024-09-06T17:45:54.354+0000] {core_li.py:23} INFO - Successfully updated job requisition 66db04abbf0a19d8769e681a
[2024-09-06T17:45:54.366+0000] {core_li.py:23} INFO - Successfully updated job requisition 66db04abbf0a19d8769e681c
[2024-09-06T17:45:54.372+0000] {core_li.py:23} INFO - Successfully updated job requisition 66db04abbf0a19d8769e681e
[2024-09-06T17:45:54.379+0000] {core_li.py:23} INFO - Successfully updated job requisition 66db04abbf0a19d8769e6820
[2024-09-06T17:45:54.386+0000] {core_li.py:23} INFO - Successfully updated job requisition 66db04abbf0a19d8769e6822
[2024-09-06T17:45:54.393+0000] {core_li.py:23} INFO - Successfully updated job requisition 66db04abbf0a19d8769e6824
[2024-09-06T17:45:54.399+0000] {core_li.py:23} INFO - Successfully updated job requisition 66db04abbf0a19d8769e6826
[2024-09-06T17:45:54.405+0000] {core_li.py:23} INFO - Successfully updated job requisition 66db04abbf0a19d8769e6828
[2024-09-06T17:45:54.416+0000] {core_li.py:23} INFO - Successfully updated job requisition 66db04abbf0a19d8769e682a
[2024-09-06T17:45:54.426+0000] {core_li.py:23} INFO - Successfully updated job requisition 66db04abbf0a19d8769e682c
[2024-09-06T17:45:54.432+0000] {core_li.py:23} INFO - Successfully updated job requisition 66db04abbf0a19d8769e682e
[2024-09-06T17:45:54.441+0000] {core_li.py:23} INFO - Successfully updated job requisition 66db04abbf0a19d8769e6830
[2024-09-06T17:45:54.449+0000] {core_li.py:23} INFO - Successfully updated job requisition 66db04abbf0a19d8769e6832
[2024-09-06T17:45:54.456+0000] {core_li.py:23} INFO - Successfully updated job requisition 66db04abbf0a19d8769e6834
[2024-09-06T17:45:54.462+0000] {core_li.py:23} INFO - Successfully updated job requisition 66db04abbf0a19d8769e6836
[2024-09-06T17:45:54.471+0000] {core_li.py:23} INFO - Successfully updated job requisition 66db04abbf0a19d8769e6838
[2024-09-06T17:45:54.478+0000] {core_li.py:23} INFO - Successfully updated job requisition 66db04abbf0a19d8769e683a
[2024-09-06T17:45:54.485+0000] {core_li.py:23} INFO - Successfully updated job requisition 66db04abbf0a19d8769e683c
[2024-09-06T17:45:54.494+0000] {core_li.py:23} INFO - Successfully updated job requisition 66db04abbf0a19d8769e683e
[2024-09-06T17:45:54.504+0000] {core_li.py:23} INFO - Successfully updated job requisition 66db04abbf0a19d8769e6840
[2024-09-06T17:45:54.514+0000] {core_li.py:23} INFO - Successfully updated job requisition 66db04abbf0a19d8769e6842
[2024-09-06T17:45:54.522+0000] {core_li.py:23} INFO - Successfully updated job requisition 66db04abbf0a19d8769e6844
[2024-09-06T17:45:54.530+0000] {core_li.py:23} INFO - Successfully updated job requisition 66db04abbf0a19d8769e6846
[2024-09-06T17:45:54.538+0000] {core_li.py:23} INFO - Successfully updated job requisition 66db04abbf0a19d8769e6848
[2024-09-06T17:45:54.545+0000] {core_li.py:23} INFO - Successfully updated job requisition 66db04abbf0a19d8769e684a
[2024-09-06T17:45:54.556+0000] {core_li.py:23} INFO - Successfully updated job requisition 66db04abbf0a19d8769e684c
[2024-09-06T17:45:54.569+0000] {core_li.py:23} INFO - Successfully updated job requisition 66db04abbf0a19d8769e684e
[2024-09-06T17:45:54.581+0000] {core_li.py:23} INFO - Successfully updated job requisition 66db04abbf0a19d8769e6850
[2024-09-06T17:45:54.592+0000] {core_li.py:23} INFO - Successfully updated job requisition 66db04abbf0a19d8769e6852
[2024-09-06T17:45:54.602+0000] {core_li.py:23} INFO - Successfully updated job requisition 66db04abbf0a19d8769e6854
[2024-09-06T17:45:54.611+0000] {core_li.py:23} INFO - Successfully updated job requisition 66db04abbf0a19d8769e6856
[2024-09-06T17:45:54.622+0000] {core_li.py:23} INFO - Successfully updated job requisition 66db04abbf0a19d8769e6858
[2024-09-06T17:45:54.632+0000] {core_li.py:23} INFO - Successfully updated job requisition 66db04abbf0a19d8769e685a
[2024-09-06T17:45:54.641+0000] {core_li.py:23} INFO - Successfully updated job requisition 66db04abbf0a19d8769e685c
[2024-09-06T17:45:54.654+0000] {core_li.py:23} INFO - Successfully updated job requisition 66db04abbf0a19d8769e685e
[2024-09-06T17:45:54.674+0000] {core_li.py:23} INFO - Successfully updated job requisition 66db04abbf0a19d8769e6860
[2024-09-06T17:45:54.683+0000] {core_li.py:23} INFO - Successfully updated job requisition 66db04abbf0a19d8769e6862
[2024-09-06T17:45:54.701+0000] {core_li.py:23} INFO - Successfully updated job requisition 66db04abbf0a19d8769e6864
[2024-09-06T17:45:54.711+0000] {core_li.py:23} INFO - Successfully updated job requisition 66db04abbf0a19d8769e6866
[2024-09-06T17:45:54.728+0000] {core_li.py:23} INFO - Successfully updated job requisition 66db04abbf0a19d8769e6868
[2024-09-06T17:45:54.740+0000] {core_li.py:23} INFO - Successfully updated job requisition 66db04abbf0a19d8769e686a
[2024-09-06T17:45:54.751+0000] {core_li.py:23} INFO - Successfully updated job requisition 66db04abbf0a19d8769e686c
[2024-09-06T17:45:54.765+0000] {core_li.py:23} INFO - Successfully updated job requisition 66db04abbf0a19d8769e686e
[2024-09-06T17:45:54.775+0000] {core_li.py:23} INFO - Successfully updated job requisition 66db04abbf0a19d8769e6870
[2024-09-06T17:45:54.783+0000] {core_li.py:23} INFO - Successfully updated job requisition 66db04abbf0a19d8769e6872
[2024-09-06T17:45:54.792+0000] {core_li.py:23} INFO - Successfully updated job requisition 66db04abbf0a19d8769e6874
[2024-09-06T17:45:54.803+0000] {core_li.py:23} INFO - Successfully updated job requisition 66db04abbf0a19d8769e6876
[2024-09-06T17:45:54.812+0000] {core_li.py:23} INFO - Successfully updated job requisition 66db04abbf0a19d8769e6878
[2024-09-06T17:45:54.820+0000] {core_li.py:23} INFO - Successfully updated job requisition 66db04abbf0a19d8769e687a
[2024-09-06T17:45:54.831+0000] {core_li.py:23} INFO - Successfully updated job requisition 66db04abbf0a19d8769e687c
[2024-09-06T17:45:54.839+0000] {core_li.py:23} INFO - Successfully updated job requisition 66db04abbf0a19d8769e687e
[2024-09-06T17:45:54.849+0000] {core_li.py:23} INFO - Successfully updated job requisition 66db04abbf0a19d8769e6880
[2024-09-06T17:45:54.857+0000] {core_li.py:23} INFO - Successfully updated job requisition 66db04abbf0a19d8769e6882
[2024-09-06T17:45:54.865+0000] {core_li.py:23} INFO - Successfully updated job requisition 66db04abbf0a19d8769e6884
[2024-09-06T17:45:54.874+0000] {core_li.py:23} INFO - Successfully updated job requisition 66db04abbf0a19d8769e6886
[2024-09-06T17:45:54.883+0000] {core_li.py:23} INFO - Successfully updated job requisition 66db04abbf0a19d8769e6888
[2024-09-06T17:45:54.894+0000] {core_li.py:23} INFO - Successfully updated job requisition 66db04abbf0a19d8769e688a
[2024-09-06T17:45:54.914+0000] {core_li.py:23} INFO - Successfully updated job requisition 66db04abbf0a19d8769e688c
[2024-09-06T17:45:54.925+0000] {core_li.py:23} INFO - Successfully updated job requisition 66db04abbf0a19d8769e688e
[2024-09-06T17:45:54.934+0000] {core_li.py:23} INFO - Successfully updated job requisition 66db04abbf0a19d8769e6890
[2024-09-06T17:45:54.944+0000] {core_li.py:23} INFO - Successfully updated job requisition 66db04abbf0a19d8769e6892
[2024-09-06T17:45:54.954+0000] {core_li.py:23} INFO - Successfully updated job requisition 66db04abbf0a19d8769e6894
[2024-09-06T17:45:54.965+0000] {core_li.py:23} INFO - Successfully updated job requisition 66db04abbf0a19d8769e6896
[2024-09-06T17:45:54.989+0000] {core_li.py:23} INFO - Successfully updated job requisition 66db04abbf0a19d8769e6898
[2024-09-06T17:45:54.995+0000] {core_li.py:23} INFO - Successfully updated job requisition 66db04abbf0a19d8769e689a
[2024-09-06T17:45:55.003+0000] {core_li.py:23} INFO - Successfully updated job requisition 66db04abbf0a19d8769e689c
[2024-09-06T17:45:55.018+0000] {core_li.py:23} INFO - Successfully updated job requisition 66db04abbf0a19d8769e689e
[2024-09-06T17:45:55.028+0000] {core_li.py:23} INFO - Successfully updated job requisition 66db04abbf0a19d8769e68a0
[2024-09-06T17:45:55.039+0000] {core_li.py:23} INFO - Successfully updated job requisition 66db04abbf0a19d8769e68a2
[2024-09-06T17:45:55.050+0000] {core_li.py:23} INFO - Successfully updated job requisition 66db04abbf0a19d8769e68a4
[2024-09-06T17:45:55.060+0000] {core_li.py:23} INFO - Successfully updated job requisition 66db04abbf0a19d8769e68a6
[2024-09-06T17:45:55.075+0000] {core_li.py:23} INFO - Successfully updated job requisition 66db04abbf0a19d8769e68a8
[2024-09-06T17:45:55.079+0000] {python.py:240} INFO - Done. Returned value was: 100
[2024-09-06T17:45:55.097+0000] {taskinstance.py:340} INFO - ::group::Post task execution logs
[2024-09-06T17:45:55.099+0000] {taskinstance.py:352} INFO - Marking task as SUCCESS. dag_id=async_flow, task_id=task_backfill_number_of_cancelled_candidates_in_batch, run_id=manual__2024-09-06T17:29:39.458358+00:00, map_index=36, execution_date=20240906T172939, start_date=20240906T174553, end_date=20240906T174555
[2024-09-06T17:45:55.112+0000] {local_task_job_runner.py:266} INFO - Task exited with return code 0
[2024-09-06T17:45:55.137+0000] {taskinstance.py:3900} INFO - 0 downstream tasks scheduled from follow-on schedule check
[2024-09-06T17:45:55.138+0000] {local_task_job_runner.py:245} INFO - ::endgroup::
