[2024-09-06T17:29:47.873+0000] {local_task_job_runner.py:123} INFO - ::group::Pre task execution logs
[2024-09-06T17:29:47.921+0000] {taskinstance.py:2612} INFO - Dependencies all met for dep_context=non-requeueable deps ti=<TaskInstance: async_flow.task_backfill_number_of_cancelled_candidates_in_batch manual__2024-09-06T17:29:39.458358+00:00 map_index=36 [queued]>
[2024-09-06T17:29:47.961+0000] {taskinstance.py:2612} INFO - Dependencies all met for dep_context=requeueable deps ti=<TaskInstance: async_flow.task_backfill_number_of_cancelled_candidates_in_batch manual__2024-09-06T17:29:39.458358+00:00 map_index=36 [queued]>
[2024-09-06T17:29:47.962+0000] {taskinstance.py:2865} INFO - Starting attempt 1 of 1
[2024-09-06T17:29:47.987+0000] {taskinstance.py:2888} INFO - Executing <Mapped(_PythonDecoratedOperator): task_backfill_number_of_cancelled_candidates_in_batch> on 2024-09-06 17:29:39.458358+00:00
[2024-09-06T17:29:48.002+0000] {standard_task_runner.py:104} INFO - Running: ['***', 'tasks', 'run', 'async_flow', 'task_backfill_number_of_cancelled_candidates_in_batch', 'manual__2024-09-06T17:29:39.458358+00:00', '--job-id', '154', '--raw', '--subdir', 'DAGS_FOLDER/dags_async_flow.py', '--cfg-path', '/tmp/tmpem1sjzx3', '--map-index', '36']
[2024-09-06T17:29:48.000+0000] {warnings.py:112} WARNING - /home/***/.local/lib/python3.12/site-packages/***/task/task_runner/standard_task_runner.py:70: DeprecationWarning: This process (pid=3314) is multi-threaded, use of fork() may lead to deadlocks in the child.
  pid = os.fork()

[2024-09-06T17:29:48.003+0000] {standard_task_runner.py:105} INFO - Job 154: Subtask task_backfill_number_of_cancelled_candidates_in_batch
[2024-09-06T17:29:48.009+0000] {standard_task_runner.py:72} INFO - Started process 3379 to run task
[2024-09-06T17:29:48.106+0000] {task_command.py:467} INFO - Running <TaskInstance: async_flow.task_backfill_number_of_cancelled_candidates_in_batch manual__2024-09-06T17:29:39.458358+00:00 map_index=36 [running]> on host a3a5f1897683
[2024-09-06T17:29:48.233+0000] {taskinstance.py:3131} INFO - Exporting env vars: AIRFLOW_CTX_DAG_OWNER='***' AIRFLOW_CTX_DAG_ID='async_flow' AIRFLOW_CTX_TASK_ID='task_backfill_number_of_cancelled_candidates_in_batch' AIRFLOW_CTX_EXECUTION_DATE='2024-09-06T17:29:39.458358+00:00' AIRFLOW_CTX_TRY_NUMBER='1' AIRFLOW_CTX_DAG_RUN_ID='manual__2024-09-06T17:29:39.458358+00:00'
[2024-09-06T17:29:48.234+0000] {taskinstance.py:731} INFO - ::endgroup::
[2024-09-06T17:29:48.257+0000] {core_li.py:23} INFO - Successfully updated job requisition 66db04abbf0a19d8769e67e2
[2024-09-06T17:29:48.279+0000] {core_li.py:23} INFO - Successfully updated job requisition 66db04abbf0a19d8769e67e4
[2024-09-06T17:29:48.296+0000] {core_li.py:23} INFO - Successfully updated job requisition 66db04abbf0a19d8769e67e6
[2024-09-06T17:29:48.326+0000] {core_li.py:23} INFO - Successfully updated job requisition 66db04abbf0a19d8769e67e8
[2024-09-06T17:29:48.344+0000] {core_li.py:23} INFO - Successfully updated job requisition 66db04abbf0a19d8769e67ea
[2024-09-06T17:29:48.364+0000] {core_li.py:23} INFO - Successfully updated job requisition 66db04abbf0a19d8769e67ec
[2024-09-06T17:29:48.377+0000] {core_li.py:23} INFO - Successfully updated job requisition 66db04abbf0a19d8769e67ee
[2024-09-06T17:29:48.384+0000] {core_li.py:23} INFO - Successfully updated job requisition 66db04abbf0a19d8769e67f0
[2024-09-06T17:29:48.397+0000] {core_li.py:23} INFO - Successfully updated job requisition 66db04abbf0a19d8769e67f2
[2024-09-06T17:29:48.411+0000] {core_li.py:23} INFO - Successfully updated job requisition 66db04abbf0a19d8769e67f4
[2024-09-06T17:29:48.441+0000] {core_li.py:23} INFO - Successfully updated job requisition 66db04abbf0a19d8769e67f6
[2024-09-06T17:29:48.447+0000] {core_li.py:23} INFO - Successfully updated job requisition 66db04abbf0a19d8769e67f8
[2024-09-06T17:29:48.460+0000] {core_li.py:23} INFO - Successfully updated job requisition 66db04abbf0a19d8769e67fa
[2024-09-06T17:29:48.468+0000] {core_li.py:23} INFO - Successfully updated job requisition 66db04abbf0a19d8769e67fc
[2024-09-06T17:29:48.482+0000] {core_li.py:23} INFO - Successfully updated job requisition 66db04abbf0a19d8769e67fe
[2024-09-06T17:29:48.496+0000] {core_li.py:23} INFO - Successfully updated job requisition 66db04abbf0a19d8769e6800
[2024-09-06T17:29:48.506+0000] {core_li.py:23} INFO - Successfully updated job requisition 66db04abbf0a19d8769e6802
[2024-09-06T17:29:48.514+0000] {core_li.py:23} INFO - Successfully updated job requisition 66db04abbf0a19d8769e6804
[2024-09-06T17:29:48.528+0000] {core_li.py:23} INFO - Successfully updated job requisition 66db04abbf0a19d8769e6806
[2024-09-06T17:29:48.541+0000] {core_li.py:23} INFO - Successfully updated job requisition 66db04abbf0a19d8769e6808
[2024-09-06T17:29:48.550+0000] {core_li.py:23} INFO - Successfully updated job requisition 66db04abbf0a19d8769e680a
[2024-09-06T17:29:48.567+0000] {core_li.py:23} INFO - Successfully updated job requisition 66db04abbf0a19d8769e680c
[2024-09-06T17:29:48.583+0000] {core_li.py:23} INFO - Successfully updated job requisition 66db04abbf0a19d8769e680e
[2024-09-06T17:29:48.595+0000] {core_li.py:23} INFO - Successfully updated job requisition 66db04abbf0a19d8769e6810
[2024-09-06T17:29:48.649+0000] {core_li.py:23} INFO - Successfully updated job requisition 66db04abbf0a19d8769e6812
[2024-09-06T17:29:48.663+0000] {core_li.py:23} INFO - Successfully updated job requisition 66db04abbf0a19d8769e6814
[2024-09-06T17:29:48.685+0000] {core_li.py:23} INFO - Successfully updated job requisition 66db04abbf0a19d8769e6816
[2024-09-06T17:29:48.698+0000] {core_li.py:23} INFO - Successfully updated job requisition 66db04abbf0a19d8769e6818
[2024-09-06T17:29:48.708+0000] {core_li.py:23} INFO - Successfully updated job requisition 66db04abbf0a19d8769e681a
[2024-09-06T17:29:48.717+0000] {core_li.py:23} INFO - Successfully updated job requisition 66db04abbf0a19d8769e681c
[2024-09-06T17:29:48.726+0000] {core_li.py:23} INFO - Successfully updated job requisition 66db04abbf0a19d8769e681e
[2024-09-06T17:29:48.740+0000] {core_li.py:23} INFO - Successfully updated job requisition 66db04abbf0a19d8769e6820
[2024-09-06T17:29:48.751+0000] {core_li.py:23} INFO - Successfully updated job requisition 66db04abbf0a19d8769e6822
[2024-09-06T17:29:48.760+0000] {core_li.py:23} INFO - Successfully updated job requisition 66db04abbf0a19d8769e6824
[2024-09-06T17:29:48.774+0000] {core_li.py:23} INFO - Successfully updated job requisition 66db04abbf0a19d8769e6826
[2024-09-06T17:29:48.780+0000] {core_li.py:23} INFO - Successfully updated job requisition 66db04abbf0a19d8769e6828
[2024-09-06T17:29:48.789+0000] {core_li.py:23} INFO - Successfully updated job requisition 66db04abbf0a19d8769e682a
[2024-09-06T17:29:48.796+0000] {core_li.py:23} INFO - Successfully updated job requisition 66db04abbf0a19d8769e682c
[2024-09-06T17:29:48.803+0000] {core_li.py:23} INFO - Successfully updated job requisition 66db04abbf0a19d8769e682e
[2024-09-06T17:29:48.810+0000] {core_li.py:23} INFO - Successfully updated job requisition 66db04abbf0a19d8769e6830
[2024-09-06T17:29:48.822+0000] {core_li.py:23} INFO - Successfully updated job requisition 66db04abbf0a19d8769e6832
[2024-09-06T17:29:48.830+0000] {core_li.py:23} INFO - Successfully updated job requisition 66db04abbf0a19d8769e6834
[2024-09-06T17:29:48.837+0000] {core_li.py:23} INFO - Successfully updated job requisition 66db04abbf0a19d8769e6836
[2024-09-06T17:29:48.846+0000] {core_li.py:23} INFO - Successfully updated job requisition 66db04abbf0a19d8769e6838
[2024-09-06T17:29:48.854+0000] {core_li.py:23} INFO - Successfully updated job requisition 66db04abbf0a19d8769e683a
[2024-09-06T17:29:48.862+0000] {core_li.py:23} INFO - Successfully updated job requisition 66db04abbf0a19d8769e683c
[2024-09-06T17:29:48.870+0000] {core_li.py:23} INFO - Successfully updated job requisition 66db04abbf0a19d8769e683e
[2024-09-06T17:29:48.877+0000] {core_li.py:23} INFO - Successfully updated job requisition 66db04abbf0a19d8769e6840
[2024-09-06T17:29:48.884+0000] {core_li.py:23} INFO - Successfully updated job requisition 66db04abbf0a19d8769e6842
[2024-09-06T17:29:48.892+0000] {core_li.py:23} INFO - Successfully updated job requisition 66db04abbf0a19d8769e6844
[2024-09-06T17:29:48.900+0000] {core_li.py:23} INFO - Successfully updated job requisition 66db04abbf0a19d8769e6846
[2024-09-06T17:29:48.909+0000] {core_li.py:23} INFO - Successfully updated job requisition 66db04abbf0a19d8769e6848
[2024-09-06T17:29:48.917+0000] {core_li.py:23} INFO - Successfully updated job requisition 66db04abbf0a19d8769e684a
[2024-09-06T17:29:48.924+0000] {core_li.py:23} INFO - Successfully updated job requisition 66db04abbf0a19d8769e684c
[2024-09-06T17:29:48.934+0000] {core_li.py:23} INFO - Successfully updated job requisition 66db04abbf0a19d8769e684e
[2024-09-06T17:29:48.941+0000] {core_li.py:23} INFO - Successfully updated job requisition 66db04abbf0a19d8769e6850
[2024-09-06T17:29:48.954+0000] {core_li.py:23} INFO - Successfully updated job requisition 66db04abbf0a19d8769e6852
[2024-09-06T17:29:48.963+0000] {core_li.py:23} INFO - Successfully updated job requisition 66db04abbf0a19d8769e6854
[2024-09-06T17:29:48.971+0000] {core_li.py:23} INFO - Successfully updated job requisition 66db04abbf0a19d8769e6856
[2024-09-06T17:29:48.978+0000] {core_li.py:23} INFO - Successfully updated job requisition 66db04abbf0a19d8769e6858
[2024-09-06T17:29:48.993+0000] {core_li.py:23} INFO - Successfully updated job requisition 66db04abbf0a19d8769e685a
[2024-09-06T17:29:49.000+0000] {core_li.py:23} INFO - Successfully updated job requisition 66db04abbf0a19d8769e685c
[2024-09-06T17:29:49.008+0000] {core_li.py:23} INFO - Successfully updated job requisition 66db04abbf0a19d8769e685e
[2024-09-06T17:29:49.016+0000] {core_li.py:23} INFO - Successfully updated job requisition 66db04abbf0a19d8769e6860
[2024-09-06T17:29:49.028+0000] {core_li.py:23} INFO - Successfully updated job requisition 66db04abbf0a19d8769e6862
[2024-09-06T17:29:49.037+0000] {core_li.py:23} INFO - Successfully updated job requisition 66db04abbf0a19d8769e6864
[2024-09-06T17:29:49.046+0000] {core_li.py:23} INFO - Successfully updated job requisition 66db04abbf0a19d8769e6866
[2024-09-06T17:29:49.056+0000] {core_li.py:23} INFO - Successfully updated job requisition 66db04abbf0a19d8769e6868
[2024-09-06T17:29:49.063+0000] {core_li.py:23} INFO - Successfully updated job requisition 66db04abbf0a19d8769e686a
[2024-09-06T17:29:49.072+0000] {core_li.py:23} INFO - Successfully updated job requisition 66db04abbf0a19d8769e686c
[2024-09-06T17:29:49.081+0000] {core_li.py:23} INFO - Successfully updated job requisition 66db04abbf0a19d8769e686e
[2024-09-06T17:29:49.089+0000] {core_li.py:23} INFO - Successfully updated job requisition 66db04abbf0a19d8769e6870
[2024-09-06T17:29:49.095+0000] {core_li.py:23} INFO - Successfully updated job requisition 66db04abbf0a19d8769e6872
[2024-09-06T17:29:49.102+0000] {core_li.py:23} INFO - Successfully updated job requisition 66db04abbf0a19d8769e6874
[2024-09-06T17:29:49.110+0000] {core_li.py:23} INFO - Successfully updated job requisition 66db04abbf0a19d8769e6876
[2024-09-06T17:29:49.120+0000] {core_li.py:23} INFO - Successfully updated job requisition 66db04abbf0a19d8769e6878
[2024-09-06T17:29:49.129+0000] {core_li.py:23} INFO - Successfully updated job requisition 66db04abbf0a19d8769e687a
[2024-09-06T17:29:49.137+0000] {core_li.py:23} INFO - Successfully updated job requisition 66db04abbf0a19d8769e687c
[2024-09-06T17:29:49.145+0000] {core_li.py:23} INFO - Successfully updated job requisition 66db04abbf0a19d8769e687e
[2024-09-06T17:29:49.151+0000] {core_li.py:23} INFO - Successfully updated job requisition 66db04abbf0a19d8769e6880
[2024-09-06T17:29:49.158+0000] {core_li.py:23} INFO - Successfully updated job requisition 66db04abbf0a19d8769e6882
[2024-09-06T17:29:49.166+0000] {core_li.py:23} INFO - Successfully updated job requisition 66db04abbf0a19d8769e6884
[2024-09-06T17:29:49.175+0000] {core_li.py:23} INFO - Successfully updated job requisition 66db04abbf0a19d8769e6886
[2024-09-06T17:29:49.182+0000] {core_li.py:23} INFO - Successfully updated job requisition 66db04abbf0a19d8769e6888
[2024-09-06T17:29:49.190+0000] {core_li.py:23} INFO - Successfully updated job requisition 66db04abbf0a19d8769e688a
[2024-09-06T17:29:49.198+0000] {core_li.py:23} INFO - Successfully updated job requisition 66db04abbf0a19d8769e688c
[2024-09-06T17:29:49.209+0000] {core_li.py:23} INFO - Successfully updated job requisition 66db04abbf0a19d8769e688e
[2024-09-06T17:29:49.222+0000] {core_li.py:23} INFO - Successfully updated job requisition 66db04abbf0a19d8769e6890
[2024-09-06T17:29:49.232+0000] {core_li.py:23} INFO - Successfully updated job requisition 66db04abbf0a19d8769e6892
[2024-09-06T17:29:49.240+0000] {core_li.py:23} INFO - Successfully updated job requisition 66db04abbf0a19d8769e6894
[2024-09-06T17:29:49.248+0000] {core_li.py:23} INFO - Successfully updated job requisition 66db04abbf0a19d8769e6896
[2024-09-06T17:29:49.255+0000] {core_li.py:23} INFO - Successfully updated job requisition 66db04abbf0a19d8769e6898
[2024-09-06T17:29:49.261+0000] {core_li.py:23} INFO - Successfully updated job requisition 66db04abbf0a19d8769e689a
[2024-09-06T17:29:49.268+0000] {core_li.py:23} INFO - Successfully updated job requisition 66db04abbf0a19d8769e689c
[2024-09-06T17:29:49.277+0000] {core_li.py:23} INFO - Successfully updated job requisition 66db04abbf0a19d8769e689e
[2024-09-06T17:29:49.290+0000] {core_li.py:23} INFO - Successfully updated job requisition 66db04abbf0a19d8769e68a0
[2024-09-06T17:29:49.297+0000] {core_li.py:23} INFO - Successfully updated job requisition 66db04abbf0a19d8769e68a2
[2024-09-06T17:29:49.309+0000] {core_li.py:23} INFO - Successfully updated job requisition 66db04abbf0a19d8769e68a4
[2024-09-06T17:29:49.319+0000] {core_li.py:23} INFO - Successfully updated job requisition 66db04abbf0a19d8769e68a6
[2024-09-06T17:29:49.329+0000] {core_li.py:23} INFO - Successfully updated job requisition 66db04abbf0a19d8769e68a8
[2024-09-06T17:29:49.332+0000] {python.py:240} INFO - Done. Returned value was: 100
[2024-09-06T17:29:49.359+0000] {taskinstance.py:340} INFO - ::group::Post task execution logs
[2024-09-06T17:29:49.360+0000] {taskinstance.py:352} INFO - Marking task as SUCCESS. dag_id=async_flow, task_id=task_backfill_number_of_cancelled_candidates_in_batch, run_id=manual__2024-09-06T17:29:39.458358+00:00, map_index=36, execution_date=20240906T172939, start_date=20240906T172947, end_date=20240906T172949
[2024-09-06T17:29:49.418+0000] {local_task_job_runner.py:266} INFO - Task exited with return code 0
[2024-09-06T17:29:49.443+0000] {local_task_job_runner.py:245} INFO - ::endgroup::
