[2024-09-06T17:43:04.439+0000] {local_task_job_runner.py:123} INFO - ::group::Pre task execution logs
[2024-09-06T17:43:04.489+0000] {taskinstance.py:2612} INFO - Dependencies all met for dep_context=non-requeueable deps ti=<TaskInstance: async_flow.task_backfill_number_of_cancelled_candidates_in_batch manual__2024-09-06T17:43:02.727107+00:00 map_index=12 [queued]>
[2024-09-06T17:43:04.510+0000] {taskinstance.py:2612} INFO - Dependencies all met for dep_context=requeueable deps ti=<TaskInstance: async_flow.task_backfill_number_of_cancelled_candidates_in_batch manual__2024-09-06T17:43:02.727107+00:00 map_index=12 [queued]>
[2024-09-06T17:43:04.510+0000] {taskinstance.py:2865} INFO - Starting attempt 1 of 1
[2024-09-06T17:43:04.552+0000] {taskinstance.py:2888} INFO - Executing <Mapped(_PythonDecoratedOperator): task_backfill_number_of_cancelled_candidates_in_batch> on 2024-09-06 17:43:02.727107+00:00
[2024-09-06T17:43:04.560+0000] {warnings.py:112} WARNING - /home/***/.local/lib/python3.12/site-packages/***/task/task_runner/standard_task_runner.py:70: DeprecationWarning: This process (pid=81) is multi-threaded, use of fork() may lead to deadlocks in the child.
  pid = os.fork()

[2024-09-06T17:43:04.562+0000] {standard_task_runner.py:72} INFO - Started process 163 to run task
[2024-09-06T17:43:04.566+0000] {standard_task_runner.py:104} INFO - Running: ['***', 'tasks', 'run', 'async_flow', 'task_backfill_number_of_cancelled_candidates_in_batch', 'manual__2024-09-06T17:43:02.727107+00:00', '--job-id', '184', '--raw', '--subdir', 'DAGS_FOLDER/dags_async_flow.py', '--cfg-path', '/tmp/tmpfr_j2p5r', '--map-index', '12']
[2024-09-06T17:43:04.608+0000] {standard_task_runner.py:105} INFO - Job 184: Subtask task_backfill_number_of_cancelled_candidates_in_batch
[2024-09-06T17:43:04.863+0000] {task_command.py:467} INFO - Running <TaskInstance: async_flow.task_backfill_number_of_cancelled_candidates_in_batch manual__2024-09-06T17:43:02.727107+00:00 map_index=12 [running]> on host 0817eb6c24af
[2024-09-06T17:43:05.016+0000] {taskinstance.py:3131} INFO - Exporting env vars: AIRFLOW_CTX_DAG_OWNER='***' AIRFLOW_CTX_DAG_ID='async_flow' AIRFLOW_CTX_TASK_ID='task_backfill_number_of_cancelled_candidates_in_batch' AIRFLOW_CTX_EXECUTION_DATE='2024-09-06T17:43:02.727107+00:00' AIRFLOW_CTX_TRY_NUMBER='1' AIRFLOW_CTX_DAG_RUN_ID='manual__2024-09-06T17:43:02.727107+00:00'
[2024-09-06T17:43:05.022+0000] {taskinstance.py:731} INFO - ::endgroup::
[2024-09-06T17:43:05.040+0000] {core_li.py:23} INFO - Successfully updated job requisition 66db04abbf0a19d8769e64c2
[2024-09-06T17:43:05.056+0000] {core_li.py:23} INFO - Successfully updated job requisition 66db04abbf0a19d8769e64c4
[2024-09-06T17:43:05.068+0000] {core_li.py:23} INFO - Successfully updated job requisition 66db04abbf0a19d8769e64c6
[2024-09-06T17:43:05.079+0000] {core_li.py:23} INFO - Successfully updated job requisition 66db04abbf0a19d8769e64c8
[2024-09-06T17:43:05.096+0000] {core_li.py:23} INFO - Successfully updated job requisition 66db04abbf0a19d8769e64ca
[2024-09-06T17:43:05.106+0000] {core_li.py:23} INFO - Successfully updated job requisition 66db04abbf0a19d8769e64cc
[2024-09-06T17:43:05.122+0000] {core_li.py:23} INFO - Successfully updated job requisition 66db04abbf0a19d8769e64ce
[2024-09-06T17:43:05.131+0000] {core_li.py:23} INFO - Successfully updated job requisition 66db04abbf0a19d8769e64d0
[2024-09-06T17:43:05.138+0000] {core_li.py:23} INFO - Successfully updated job requisition 66db04abbf0a19d8769e64d2
[2024-09-06T17:43:05.146+0000] {core_li.py:23} INFO - Successfully updated job requisition 66db04abbf0a19d8769e64d4
[2024-09-06T17:43:05.152+0000] {core_li.py:23} INFO - Successfully updated job requisition 66db04abbf0a19d8769e64d6
[2024-09-06T17:43:05.160+0000] {core_li.py:23} INFO - Successfully updated job requisition 66db04abbf0a19d8769e64d8
[2024-09-06T17:43:05.172+0000] {core_li.py:23} INFO - Successfully updated job requisition 66db04abbf0a19d8769e64da
[2024-09-06T17:43:05.184+0000] {core_li.py:23} INFO - Successfully updated job requisition 66db04abbf0a19d8769e64dc
[2024-09-06T17:43:05.195+0000] {core_li.py:23} INFO - Successfully updated job requisition 66db04abbf0a19d8769e64de
[2024-09-06T17:43:05.205+0000] {core_li.py:23} INFO - Successfully updated job requisition 66db04abbf0a19d8769e64e0
[2024-09-06T17:43:05.213+0000] {core_li.py:23} INFO - Successfully updated job requisition 66db04abbf0a19d8769e64e2
[2024-09-06T17:43:05.224+0000] {core_li.py:23} INFO - Successfully updated job requisition 66db04abbf0a19d8769e64e4
[2024-09-06T17:43:05.232+0000] {core_li.py:23} INFO - Successfully updated job requisition 66db04abbf0a19d8769e64e6
[2024-09-06T17:43:05.242+0000] {core_li.py:23} INFO - Successfully updated job requisition 66db04abbf0a19d8769e64e8
[2024-09-06T17:43:05.255+0000] {core_li.py:23} INFO - Successfully updated job requisition 66db04abbf0a19d8769e64ea
[2024-09-06T17:43:05.265+0000] {core_li.py:23} INFO - Successfully updated job requisition 66db04abbf0a19d8769e64ec
[2024-09-06T17:43:05.279+0000] {core_li.py:23} INFO - Successfully updated job requisition 66db04abbf0a19d8769e64ee
[2024-09-06T17:43:05.288+0000] {core_li.py:23} INFO - Successfully updated job requisition 66db04abbf0a19d8769e64f0
[2024-09-06T17:43:05.301+0000] {core_li.py:23} INFO - Successfully updated job requisition 66db04abbf0a19d8769e64f2
[2024-09-06T17:43:05.311+0000] {core_li.py:23} INFO - Successfully updated job requisition 66db04abbf0a19d8769e64f4
[2024-09-06T17:43:05.321+0000] {core_li.py:23} INFO - Successfully updated job requisition 66db04abbf0a19d8769e64f6
[2024-09-06T17:43:05.329+0000] {core_li.py:23} INFO - Successfully updated job requisition 66db04abbf0a19d8769e64f8
[2024-09-06T17:43:05.341+0000] {core_li.py:23} INFO - Successfully updated job requisition 66db04abbf0a19d8769e64fa
[2024-09-06T17:43:05.350+0000] {core_li.py:23} INFO - Successfully updated job requisition 66db04abbf0a19d8769e64fc
[2024-09-06T17:43:05.361+0000] {core_li.py:23} INFO - Successfully updated job requisition 66db04abbf0a19d8769e64fe
[2024-09-06T17:43:05.372+0000] {core_li.py:23} INFO - Successfully updated job requisition 66db04abbf0a19d8769e6500
[2024-09-06T17:43:05.382+0000] {core_li.py:23} INFO - Successfully updated job requisition 66db04abbf0a19d8769e6502
[2024-09-06T17:43:05.392+0000] {core_li.py:23} INFO - Successfully updated job requisition 66db04abbf0a19d8769e6504
[2024-09-06T17:43:05.399+0000] {core_li.py:23} INFO - Successfully updated job requisition 66db04abbf0a19d8769e6506
[2024-09-06T17:43:05.414+0000] {core_li.py:23} INFO - Successfully updated job requisition 66db04abbf0a19d8769e6508
[2024-09-06T17:43:05.422+0000] {core_li.py:23} INFO - Successfully updated job requisition 66db04abbf0a19d8769e650a
[2024-09-06T17:43:05.432+0000] {core_li.py:23} INFO - Successfully updated job requisition 66db04abbf0a19d8769e650c
[2024-09-06T17:43:05.440+0000] {core_li.py:23} INFO - Successfully updated job requisition 66db04abbf0a19d8769e650e
[2024-09-06T17:43:05.449+0000] {core_li.py:23} INFO - Successfully updated job requisition 66db04abbf0a19d8769e6510
[2024-09-06T17:43:05.461+0000] {core_li.py:23} INFO - Successfully updated job requisition 66db04abbf0a19d8769e6512
[2024-09-06T17:43:05.470+0000] {core_li.py:23} INFO - Successfully updated job requisition 66db04abbf0a19d8769e6514
[2024-09-06T17:43:05.481+0000] {core_li.py:23} INFO - Successfully updated job requisition 66db04abbf0a19d8769e6516
[2024-09-06T17:43:05.494+0000] {core_li.py:23} INFO - Successfully updated job requisition 66db04abbf0a19d8769e6518
[2024-09-06T17:43:05.506+0000] {core_li.py:23} INFO - Successfully updated job requisition 66db04abbf0a19d8769e651a
[2024-09-06T17:43:05.516+0000] {core_li.py:23} INFO - Successfully updated job requisition 66db04abbf0a19d8769e651c
[2024-09-06T17:43:05.525+0000] {core_li.py:23} INFO - Successfully updated job requisition 66db04abbf0a19d8769e651e
[2024-09-06T17:43:05.539+0000] {core_li.py:23} INFO - Successfully updated job requisition 66db04abbf0a19d8769e6520
[2024-09-06T17:43:05.554+0000] {core_li.py:23} INFO - Successfully updated job requisition 66db04abbf0a19d8769e6522
[2024-09-06T17:43:05.565+0000] {core_li.py:23} INFO - Successfully updated job requisition 66db04abbf0a19d8769e6524
[2024-09-06T17:43:05.581+0000] {core_li.py:23} INFO - Successfully updated job requisition 66db04abbf0a19d8769e6526
[2024-09-06T17:43:05.600+0000] {core_li.py:23} INFO - Successfully updated job requisition 66db04abbf0a19d8769e6528
[2024-09-06T17:43:05.613+0000] {core_li.py:23} INFO - Successfully updated job requisition 66db04abbf0a19d8769e652a
[2024-09-06T17:43:05.621+0000] {core_li.py:23} INFO - Successfully updated job requisition 66db04abbf0a19d8769e652c
[2024-09-06T17:43:05.635+0000] {core_li.py:23} INFO - Successfully updated job requisition 66db04abbf0a19d8769e652e
[2024-09-06T17:43:05.676+0000] {core_li.py:23} INFO - Successfully updated job requisition 66db04abbf0a19d8769e6530
[2024-09-06T17:43:05.695+0000] {core_li.py:23} INFO - Successfully updated job requisition 66db04abbf0a19d8769e6532
[2024-09-06T17:43:05.733+0000] {core_li.py:23} INFO - Successfully updated job requisition 66db04abbf0a19d8769e6534
[2024-09-06T17:43:05.749+0000] {core_li.py:23} INFO - Successfully updated job requisition 66db04abbf0a19d8769e6536
[2024-09-06T17:43:05.767+0000] {core_li.py:23} INFO - Successfully updated job requisition 66db04abbf0a19d8769e6538
[2024-09-06T17:43:05.791+0000] {core_li.py:23} INFO - Successfully updated job requisition 66db04abbf0a19d8769e653a
[2024-09-06T17:43:05.807+0000] {core_li.py:23} INFO - Successfully updated job requisition 66db04abbf0a19d8769e653c
[2024-09-06T17:43:05.821+0000] {core_li.py:23} INFO - Successfully updated job requisition 66db04abbf0a19d8769e653e
[2024-09-06T17:43:05.833+0000] {core_li.py:23} INFO - Successfully updated job requisition 66db04abbf0a19d8769e6540
[2024-09-06T17:43:05.849+0000] {core_li.py:23} INFO - Successfully updated job requisition 66db04abbf0a19d8769e6542
[2024-09-06T17:43:05.861+0000] {core_li.py:23} INFO - Successfully updated job requisition 66db04abbf0a19d8769e6544
[2024-09-06T17:43:05.884+0000] {core_li.py:23} INFO - Successfully updated job requisition 66db04abbf0a19d8769e6546
[2024-09-06T17:43:05.895+0000] {core_li.py:23} INFO - Successfully updated job requisition 66db04abbf0a19d8769e6548
[2024-09-06T17:43:05.907+0000] {core_li.py:23} INFO - Successfully updated job requisition 66db04abbf0a19d8769e654a
[2024-09-06T17:43:05.916+0000] {core_li.py:23} INFO - Successfully updated job requisition 66db04abbf0a19d8769e654c
[2024-09-06T17:43:05.931+0000] {core_li.py:23} INFO - Successfully updated job requisition 66db04abbf0a19d8769e654e
[2024-09-06T17:43:05.940+0000] {core_li.py:23} INFO - Successfully updated job requisition 66db04abbf0a19d8769e6550
[2024-09-06T17:43:05.954+0000] {core_li.py:23} INFO - Successfully updated job requisition 66db04abbf0a19d8769e6552
[2024-09-06T17:43:05.963+0000] {core_li.py:23} INFO - Successfully updated job requisition 66db04abbf0a19d8769e6554
[2024-09-06T17:43:05.971+0000] {core_li.py:23} INFO - Successfully updated job requisition 66db04abbf0a19d8769e6556
[2024-09-06T17:43:05.983+0000] {core_li.py:23} INFO - Successfully updated job requisition 66db04abbf0a19d8769e6558
[2024-09-06T17:43:05.993+0000] {core_li.py:23} INFO - Successfully updated job requisition 66db04abbf0a19d8769e655a
[2024-09-06T17:43:06.014+0000] {core_li.py:23} INFO - Successfully updated job requisition 66db04abbf0a19d8769e655c
[2024-09-06T17:43:06.023+0000] {core_li.py:23} INFO - Successfully updated job requisition 66db04abbf0a19d8769e655e
[2024-09-06T17:43:06.032+0000] {core_li.py:23} INFO - Successfully updated job requisition 66db04abbf0a19d8769e6560
[2024-09-06T17:43:06.041+0000] {core_li.py:23} INFO - Successfully updated job requisition 66db04abbf0a19d8769e6562
[2024-09-06T17:43:06.050+0000] {core_li.py:23} INFO - Successfully updated job requisition 66db04abbf0a19d8769e6564
[2024-09-06T17:43:06.059+0000] {core_li.py:23} INFO - Successfully updated job requisition 66db04abbf0a19d8769e6566
[2024-09-06T17:43:06.067+0000] {core_li.py:23} INFO - Successfully updated job requisition 66db04abbf0a19d8769e6568
[2024-09-06T17:43:06.075+0000] {core_li.py:23} INFO - Successfully updated job requisition 66db04abbf0a19d8769e656a
[2024-09-06T17:43:06.089+0000] {core_li.py:23} INFO - Successfully updated job requisition 66db04abbf0a19d8769e656c
[2024-09-06T17:43:06.096+0000] {core_li.py:23} INFO - Successfully updated job requisition 66db04abbf0a19d8769e656e
[2024-09-06T17:43:06.102+0000] {core_li.py:23} INFO - Successfully updated job requisition 66db04abbf0a19d8769e6570
[2024-09-06T17:43:06.109+0000] {core_li.py:23} INFO - Successfully updated job requisition 66db04abbf0a19d8769e6572
[2024-09-06T17:43:06.118+0000] {core_li.py:23} INFO - Successfully updated job requisition 66db04abbf0a19d8769e6574
[2024-09-06T17:43:06.125+0000] {core_li.py:23} INFO - Successfully updated job requisition 66db04abbf0a19d8769e6576
[2024-09-06T17:43:06.134+0000] {core_li.py:23} INFO - Successfully updated job requisition 66db04abbf0a19d8769e6578
[2024-09-06T17:43:06.147+0000] {core_li.py:23} INFO - Successfully updated job requisition 66db04abbf0a19d8769e657a
[2024-09-06T17:43:06.158+0000] {core_li.py:23} INFO - Successfully updated job requisition 66db04abbf0a19d8769e657c
[2024-09-06T17:43:06.167+0000] {core_li.py:23} INFO - Successfully updated job requisition 66db04abbf0a19d8769e657e
[2024-09-06T17:43:06.176+0000] {core_li.py:23} INFO - Successfully updated job requisition 66db04abbf0a19d8769e6580
[2024-09-06T17:43:06.189+0000] {core_li.py:23} INFO - Successfully updated job requisition 66db04abbf0a19d8769e6582
[2024-09-06T17:43:06.200+0000] {core_li.py:23} INFO - Successfully updated job requisition 66db04abbf0a19d8769e6584
[2024-09-06T17:43:06.208+0000] {core_li.py:23} INFO - Successfully updated job requisition 66db04abbf0a19d8769e6586
[2024-09-06T17:43:06.221+0000] {core_li.py:23} INFO - Successfully updated job requisition 66db04abbf0a19d8769e6588
[2024-09-06T17:43:06.222+0000] {python.py:240} INFO - Done. Returned value was: 100
[2024-09-06T17:43:06.259+0000] {taskinstance.py:340} INFO - ::group::Post task execution logs
[2024-09-06T17:43:06.260+0000] {taskinstance.py:352} INFO - Marking task as SUCCESS. dag_id=async_flow, task_id=task_backfill_number_of_cancelled_candidates_in_batch, run_id=manual__2024-09-06T17:43:02.727107+00:00, map_index=12, execution_date=20240906T174302, start_date=20240906T174304, end_date=20240906T174306
[2024-09-06T17:43:06.303+0000] {local_task_job_runner.py:266} INFO - Task exited with return code 0
[2024-09-06T17:43:06.315+0000] {local_task_job_runner.py:245} INFO - ::endgroup::
