[2024-09-06T17:45:56.427+0000] {local_task_job_runner.py:123} INFO - ::group::Pre task execution logs
[2024-09-06T17:45:56.460+0000] {taskinstance.py:2612} INFO - Dependencies all met for dep_context=non-requeueable deps ti=<TaskInstance: async_flow.task_backfill_number_of_cancelled_candidates_in_batch manual__2024-09-06T17:43:02.727107+00:00 map_index=12 [queued]>
[2024-09-06T17:45:56.471+0000] {taskinstance.py:2612} INFO - Dependencies all met for dep_context=requeueable deps ti=<TaskInstance: async_flow.task_backfill_number_of_cancelled_candidates_in_batch manual__2024-09-06T17:43:02.727107+00:00 map_index=12 [queued]>
[2024-09-06T17:45:56.472+0000] {taskinstance.py:2865} INFO - Starting attempt 2 of 2
[2024-09-06T17:45:56.495+0000] {taskinstance.py:2888} INFO - Executing <Mapped(_PythonDecoratedOperator): task_backfill_number_of_cancelled_candidates_in_batch> on 2024-09-06 17:43:02.727107+00:00
[2024-09-06T17:45:56.500+0000] {warnings.py:112} WARNING - /home/***/.local/lib/python3.12/site-packages/***/task/task_runner/standard_task_runner.py:70: DeprecationWarning: This process (pid=718) is multi-threaded, use of fork() may lead to deadlocks in the child.
  pid = os.fork()

[2024-09-06T17:45:56.502+0000] {standard_task_runner.py:104} INFO - Running: ['***', 'tasks', 'run', 'async_flow', 'task_backfill_number_of_cancelled_candidates_in_batch', 'manual__2024-09-06T17:43:02.727107+00:00', '--job-id', '280', '--raw', '--subdir', 'DAGS_FOLDER/dags_async_flow.py', '--cfg-path', '/tmp/tmp4s92kfmt', '--map-index', '12']
[2024-09-06T17:45:56.505+0000] {standard_task_runner.py:72} INFO - Started process 780 to run task
[2024-09-06T17:45:56.512+0000] {standard_task_runner.py:105} INFO - Job 280: Subtask task_backfill_number_of_cancelled_candidates_in_batch
[2024-09-06T17:45:56.582+0000] {task_command.py:467} INFO - Running <TaskInstance: async_flow.task_backfill_number_of_cancelled_candidates_in_batch manual__2024-09-06T17:43:02.727107+00:00 map_index=12 [running]> on host 0817eb6c24af
[2024-09-06T17:45:56.735+0000] {taskinstance.py:3131} INFO - Exporting env vars: AIRFLOW_CTX_DAG_OWNER='***' AIRFLOW_CTX_DAG_ID='async_flow' AIRFLOW_CTX_TASK_ID='task_backfill_number_of_cancelled_candidates_in_batch' AIRFLOW_CTX_EXECUTION_DATE='2024-09-06T17:43:02.727107+00:00' AIRFLOW_CTX_TRY_NUMBER='2' AIRFLOW_CTX_DAG_RUN_ID='manual__2024-09-06T17:43:02.727107+00:00'
[2024-09-06T17:45:56.736+0000] {taskinstance.py:731} INFO - ::endgroup::
[2024-09-06T17:45:56.750+0000] {core_li.py:23} INFO - Successfully updated job requisition 66db04abbf0a19d8769e7142
[2024-09-06T17:45:56.762+0000] {core_li.py:23} INFO - Successfully updated job requisition 66db04abbf0a19d8769e7144
[2024-09-06T17:45:56.775+0000] {core_li.py:23} INFO - Successfully updated job requisition 66db04abbf0a19d8769e7146
[2024-09-06T17:45:56.789+0000] {core_li.py:23} INFO - Successfully updated job requisition 66db04abbf0a19d8769e7148
[2024-09-06T17:45:56.802+0000] {core_li.py:23} INFO - Successfully updated job requisition 66db04abbf0a19d8769e714a
[2024-09-06T17:45:56.812+0000] {core_li.py:23} INFO - Successfully updated job requisition 66db04abbf0a19d8769e714c
[2024-09-06T17:45:56.824+0000] {core_li.py:23} INFO - Successfully updated job requisition 66db04abbf0a19d8769e714e
[2024-09-06T17:45:56.833+0000] {core_li.py:23} INFO - Successfully updated job requisition 66db04abbf0a19d8769e7150
[2024-09-06T17:45:56.842+0000] {core_li.py:23} INFO - Successfully updated job requisition 66db04abbf0a19d8769e7152
[2024-09-06T17:45:56.851+0000] {core_li.py:23} INFO - Successfully updated job requisition 66db04abbf0a19d8769e7154
[2024-09-06T17:45:56.861+0000] {core_li.py:23} INFO - Successfully updated job requisition 66db04abbf0a19d8769e7156
[2024-09-06T17:45:56.869+0000] {core_li.py:23} INFO - Successfully updated job requisition 66db04abbf0a19d8769e7158
[2024-09-06T17:45:56.877+0000] {core_li.py:23} INFO - Successfully updated job requisition 66db04abbf0a19d8769e715a
[2024-09-06T17:45:56.887+0000] {core_li.py:23} INFO - Successfully updated job requisition 66db04abbf0a19d8769e715c
[2024-09-06T17:45:56.894+0000] {core_li.py:23} INFO - Successfully updated job requisition 66db04abbf0a19d8769e715e
[2024-09-06T17:45:56.903+0000] {core_li.py:23} INFO - Successfully updated job requisition 66db04abbf0a19d8769e7160
[2024-09-06T17:45:56.909+0000] {core_li.py:23} INFO - Successfully updated job requisition 66db04abbf0a19d8769e7162
[2024-09-06T17:45:56.918+0000] {core_li.py:23} INFO - Successfully updated job requisition 66db04abbf0a19d8769e7164
[2024-09-06T17:45:56.926+0000] {core_li.py:23} INFO - Successfully updated job requisition 66db04abbf0a19d8769e7166
[2024-09-06T17:45:56.931+0000] {core_li.py:23} INFO - Successfully updated job requisition 66db04abbf0a19d8769e7168
[2024-09-06T17:45:56.941+0000] {core_li.py:23} INFO - Successfully updated job requisition 66db04abbf0a19d8769e716a
[2024-09-06T17:45:56.947+0000] {core_li.py:23} INFO - Successfully updated job requisition 66db04abbf0a19d8769e716c
[2024-09-06T17:45:56.962+0000] {core_li.py:23} INFO - Successfully updated job requisition 66db04abbf0a19d8769e716e
[2024-09-06T17:45:56.969+0000] {core_li.py:23} INFO - Successfully updated job requisition 66db04abbf0a19d8769e7170
[2024-09-06T17:45:56.976+0000] {core_li.py:23} INFO - Successfully updated job requisition 66db04abbf0a19d8769e7172
[2024-09-06T17:45:56.983+0000] {core_li.py:23} INFO - Successfully updated job requisition 66db04abbf0a19d8769e7174
[2024-09-06T17:45:56.991+0000] {core_li.py:23} INFO - Successfully updated job requisition 66db04abbf0a19d8769e7176
[2024-09-06T17:45:57.004+0000] {core_li.py:23} INFO - Successfully updated job requisition 66db04abbf0a19d8769e7178
[2024-09-06T17:45:57.010+0000] {core_li.py:23} INFO - Successfully updated job requisition 66db04abbf0a19d8769e717a
[2024-09-06T17:45:57.019+0000] {core_li.py:23} INFO - Successfully updated job requisition 66db04abbf0a19d8769e717c
[2024-09-06T17:45:57.028+0000] {core_li.py:23} INFO - Successfully updated job requisition 66db04abbf0a19d8769e717e
[2024-09-06T17:45:57.039+0000] {core_li.py:23} INFO - Successfully updated job requisition 66db04abbf0a19d8769e7180
[2024-09-06T17:45:57.049+0000] {core_li.py:23} INFO - Successfully updated job requisition 66db04abbf0a19d8769e7182
[2024-09-06T17:45:57.058+0000] {core_li.py:23} INFO - Successfully updated job requisition 66db04abbf0a19d8769e7184
[2024-09-06T17:45:57.066+0000] {core_li.py:23} INFO - Successfully updated job requisition 66db04abbf0a19d8769e7186
[2024-09-06T17:45:57.075+0000] {core_li.py:23} INFO - Successfully updated job requisition 66db04abbf0a19d8769e7188
[2024-09-06T17:45:57.083+0000] {core_li.py:23} INFO - Successfully updated job requisition 66db04abbf0a19d8769e718a
[2024-09-06T17:45:57.091+0000] {core_li.py:23} INFO - Successfully updated job requisition 66db04abbf0a19d8769e718c
[2024-09-06T17:45:57.099+0000] {core_li.py:23} INFO - Successfully updated job requisition 66db04abbf0a19d8769e718e
[2024-09-06T17:45:57.109+0000] {core_li.py:23} INFO - Successfully updated job requisition 66db04abbf0a19d8769e7190
[2024-09-06T17:45:57.119+0000] {core_li.py:23} INFO - Successfully updated job requisition 66db04abbf0a19d8769e7192
[2024-09-06T17:45:57.126+0000] {core_li.py:23} INFO - Successfully updated job requisition 66db04abbf0a19d8769e7194
[2024-09-06T17:45:57.133+0000] {core_li.py:23} INFO - Successfully updated job requisition 66db04abbf0a19d8769e7196
[2024-09-06T17:45:57.146+0000] {core_li.py:23} INFO - Successfully updated job requisition 66db04abbf0a19d8769e7198
[2024-09-06T17:45:57.155+0000] {core_li.py:23} INFO - Successfully updated job requisition 66db04abbf0a19d8769e719a
[2024-09-06T17:45:57.164+0000] {core_li.py:23} INFO - Successfully updated job requisition 66db04abbf0a19d8769e719c
[2024-09-06T17:45:57.175+0000] {core_li.py:23} INFO - Successfully updated job requisition 66db04abbf0a19d8769e719e
[2024-09-06T17:45:57.183+0000] {core_li.py:23} INFO - Successfully updated job requisition 66db04abbf0a19d8769e71a0
[2024-09-06T17:45:57.190+0000] {core_li.py:23} INFO - Successfully updated job requisition 66db04abbf0a19d8769e71a2
[2024-09-06T17:45:57.196+0000] {core_li.py:23} INFO - Successfully updated job requisition 66db04abbf0a19d8769e71a4
[2024-09-06T17:45:57.204+0000] {core_li.py:23} INFO - Successfully updated job requisition 66db04abbf0a19d8769e71a6
[2024-09-06T17:45:57.210+0000] {core_li.py:23} INFO - Successfully updated job requisition 66db04abbf0a19d8769e71a8
[2024-09-06T17:45:57.217+0000] {core_li.py:23} INFO - Successfully updated job requisition 66db04abbf0a19d8769e71aa
[2024-09-06T17:45:57.223+0000] {core_li.py:23} INFO - Successfully updated job requisition 66db04abbf0a19d8769e71ac
[2024-09-06T17:45:57.231+0000] {core_li.py:23} INFO - Successfully updated job requisition 66db04abbf0a19d8769e71ae
[2024-09-06T17:45:57.239+0000] {core_li.py:23} INFO - Successfully updated job requisition 66db04abbf0a19d8769e71b0
[2024-09-06T17:45:57.249+0000] {core_li.py:23} INFO - Successfully updated job requisition 66db04abbf0a19d8769e71b2
[2024-09-06T17:45:57.265+0000] {core_li.py:23} INFO - Successfully updated job requisition 66db04abbf0a19d8769e71b4
[2024-09-06T17:45:57.271+0000] {core_li.py:23} INFO - Successfully updated job requisition 66db04abbf0a19d8769e71b6
[2024-09-06T17:45:57.280+0000] {core_li.py:23} INFO - Successfully updated job requisition 66db04abbf0a19d8769e71b8
[2024-09-06T17:45:57.287+0000] {core_li.py:23} INFO - Successfully updated job requisition 66db04abbf0a19d8769e71ba
[2024-09-06T17:45:57.294+0000] {core_li.py:23} INFO - Successfully updated job requisition 66db04abbf0a19d8769e71bc
[2024-09-06T17:45:57.301+0000] {core_li.py:23} INFO - Successfully updated job requisition 66db04abbf0a19d8769e71be
[2024-09-06T17:45:57.310+0000] {core_li.py:23} INFO - Successfully updated job requisition 66db04abbf0a19d8769e71c0
[2024-09-06T17:45:57.319+0000] {core_li.py:23} INFO - Successfully updated job requisition 66db04abbf0a19d8769e71c2
[2024-09-06T17:45:57.326+0000] {core_li.py:23} INFO - Successfully updated job requisition 66db04abbf0a19d8769e71c4
[2024-09-06T17:45:57.337+0000] {core_li.py:23} INFO - Successfully updated job requisition 66db04abbf0a19d8769e71c6
[2024-09-06T17:45:57.343+0000] {core_li.py:23} INFO - Successfully updated job requisition 66db04abbf0a19d8769e71c8
[2024-09-06T17:45:57.350+0000] {core_li.py:23} INFO - Successfully updated job requisition 66db04abbf0a19d8769e71ca
[2024-09-06T17:45:57.358+0000] {core_li.py:23} INFO - Successfully updated job requisition 66db04abbf0a19d8769e71cc
[2024-09-06T17:45:57.365+0000] {core_li.py:23} INFO - Successfully updated job requisition 66db04abbf0a19d8769e71ce
[2024-09-06T17:45:57.373+0000] {core_li.py:23} INFO - Successfully updated job requisition 66db04abbf0a19d8769e71d0
[2024-09-06T17:45:57.382+0000] {core_li.py:23} INFO - Successfully updated job requisition 66db04abbf0a19d8769e71d2
[2024-09-06T17:45:57.389+0000] {core_li.py:23} INFO - Successfully updated job requisition 66db04abbf0a19d8769e71d4
[2024-09-06T17:45:57.396+0000] {core_li.py:23} INFO - Successfully updated job requisition 66db04abbf0a19d8769e71d6
[2024-09-06T17:45:57.415+0000] {core_li.py:23} INFO - Successfully updated job requisition 66db04abbf0a19d8769e71d8
[2024-09-06T17:45:57.422+0000] {core_li.py:23} INFO - Successfully updated job requisition 66db04abbf0a19d8769e71da
[2024-09-06T17:45:57.433+0000] {core_li.py:23} INFO - Successfully updated job requisition 66db04abbf0a19d8769e71dc
[2024-09-06T17:45:57.439+0000] {core_li.py:23} INFO - Successfully updated job requisition 66db04abbf0a19d8769e71de
[2024-09-06T17:45:57.449+0000] {core_li.py:23} INFO - Successfully updated job requisition 66db04abbf0a19d8769e71e0
[2024-09-06T17:45:57.457+0000] {core_li.py:23} INFO - Successfully updated job requisition 66db04abbf0a19d8769e71e2
[2024-09-06T17:45:57.467+0000] {core_li.py:23} INFO - Successfully updated job requisition 66db04abbf0a19d8769e71e4
[2024-09-06T17:45:57.474+0000] {core_li.py:23} INFO - Successfully updated job requisition 66db04abbf0a19d8769e71e6
[2024-09-06T17:45:57.480+0000] {core_li.py:23} INFO - Successfully updated job requisition 66db04abbf0a19d8769e71e8
[2024-09-06T17:45:57.488+0000] {core_li.py:23} INFO - Successfully updated job requisition 66db04abbf0a19d8769e71ea
[2024-09-06T17:45:57.496+0000] {core_li.py:23} INFO - Successfully updated job requisition 66db04abbf0a19d8769e71ec
[2024-09-06T17:45:57.503+0000] {core_li.py:23} INFO - Successfully updated job requisition 66db04abbf0a19d8769e71ee
[2024-09-06T17:45:57.509+0000] {core_li.py:23} INFO - Successfully updated job requisition 66db04abbf0a19d8769e71f0
[2024-09-06T17:45:57.515+0000] {core_li.py:23} INFO - Successfully updated job requisition 66db04abbf0a19d8769e71f2
[2024-09-06T17:45:57.522+0000] {core_li.py:23} INFO - Successfully updated job requisition 66db04abbf0a19d8769e71f4
[2024-09-06T17:45:57.531+0000] {core_li.py:23} INFO - Successfully updated job requisition 66db04abbf0a19d8769e71f6
[2024-09-06T17:45:57.539+0000] {core_li.py:23} INFO - Successfully updated job requisition 66db04abbf0a19d8769e71f8
[2024-09-06T17:45:57.547+0000] {core_li.py:23} INFO - Successfully updated job requisition 66db04abbf0a19d8769e71fa
[2024-09-06T17:45:57.554+0000] {core_li.py:23} INFO - Successfully updated job requisition 66db04abbf0a19d8769e71fc
[2024-09-06T17:45:57.561+0000] {core_li.py:23} INFO - Successfully updated job requisition 66db04abbf0a19d8769e71fe
[2024-09-06T17:45:57.580+0000] {core_li.py:23} INFO - Successfully updated job requisition 66db04abbf0a19d8769e7200
[2024-09-06T17:45:57.586+0000] {core_li.py:23} INFO - Successfully updated job requisition 66db04abbf0a19d8769e7202
[2024-09-06T17:45:57.594+0000] {core_li.py:23} INFO - Successfully updated job requisition 66db04abbf0a19d8769e7204
[2024-09-06T17:45:57.603+0000] {core_li.py:23} INFO - Successfully updated job requisition 66db04abbf0a19d8769e7206
[2024-09-06T17:45:57.612+0000] {core_li.py:23} INFO - Successfully updated job requisition 66db04abbf0a19d8769e7208
[2024-09-06T17:45:57.620+0000] {python.py:240} INFO - Done. Returned value was: 100
[2024-09-06T17:45:57.643+0000] {taskinstance.py:340} INFO - ::group::Post task execution logs
[2024-09-06T17:45:57.644+0000] {taskinstance.py:352} INFO - Marking task as SUCCESS. dag_id=async_flow, task_id=task_backfill_number_of_cancelled_candidates_in_batch, run_id=manual__2024-09-06T17:43:02.727107+00:00, map_index=12, execution_date=20240906T174302, start_date=20240906T174556, end_date=20240906T174557
[2024-09-06T17:45:57.682+0000] {local_task_job_runner.py:266} INFO - Task exited with return code 0
[2024-09-06T17:45:57.693+0000] {local_task_job_runner.py:245} INFO - ::endgroup::
