[2024-09-06T17:47:34.860+0000] {local_task_job_runner.py:123} INFO - ::group::Pre task execution logs
[2024-09-06T17:47:34.906+0000] {taskinstance.py:2612} INFO - Dependencies all met for dep_context=non-requeueable deps ti=<TaskInstance: async_flow.task_backfill_number_of_cancelled_candidates_in_batch manual__2024-09-06T17:47:30.120511+00:00 map_index=17 [queued]>
[2024-09-06T17:47:34.936+0000] {taskinstance.py:2612} INFO - Dependencies all met for dep_context=requeueable deps ti=<TaskInstance: async_flow.task_backfill_number_of_cancelled_candidates_in_batch manual__2024-09-06T17:47:30.120511+00:00 map_index=17 [queued]>
[2024-09-06T17:47:34.938+0000] {taskinstance.py:2865} INFO - Starting attempt 1 of 1
[2024-09-06T17:47:34.979+0000] {taskinstance.py:2888} INFO - Executing <Mapped(_PythonDecoratedOperator): task_backfill_number_of_cancelled_candidates_in_batch> on 2024-09-06 17:47:30.120511+00:00
[2024-09-06T17:47:34.990+0000] {warnings.py:112} WARNING - /home/***/.local/lib/python3.12/site-packages/***/task/task_runner/standard_task_runner.py:70: DeprecationWarning: This process (pid=1150) is multi-threaded, use of fork() may lead to deadlocks in the child.
  pid = os.fork()

[2024-09-06T17:47:34.992+0000] {standard_task_runner.py:72} INFO - Started process 1219 to run task
[2024-09-06T17:47:34.992+0000] {standard_task_runner.py:104} INFO - Running: ['***', 'tasks', 'run', 'async_flow', 'task_backfill_number_of_cancelled_candidates_in_batch', 'manual__2024-09-06T17:47:30.120511+00:00', '--job-id', '350', '--raw', '--subdir', 'DAGS_FOLDER/dags_async_flow.py', '--cfg-path', '/tmp/tmpexcl2t7d', '--map-index', '17']
[2024-09-06T17:47:35.000+0000] {standard_task_runner.py:105} INFO - Job 350: Subtask task_backfill_number_of_cancelled_candidates_in_batch
[2024-09-06T17:47:35.048+0000] {task_command.py:467} INFO - Running <TaskInstance: async_flow.task_backfill_number_of_cancelled_candidates_in_batch manual__2024-09-06T17:47:30.120511+00:00 map_index=17 [running]> on host 0817eb6c24af
[2024-09-06T17:47:35.198+0000] {taskinstance.py:3131} INFO - Exporting env vars: AIRFLOW_CTX_DAG_OWNER='***' AIRFLOW_CTX_DAG_ID='async_flow' AIRFLOW_CTX_TASK_ID='task_backfill_number_of_cancelled_candidates_in_batch' AIRFLOW_CTX_EXECUTION_DATE='2024-09-06T17:47:30.120511+00:00' AIRFLOW_CTX_TRY_NUMBER='1' AIRFLOW_CTX_DAG_RUN_ID='manual__2024-09-06T17:47:30.120511+00:00'
[2024-09-06T17:47:35.202+0000] {taskinstance.py:731} INFO - ::endgroup::
[2024-09-06T17:47:35.243+0000] {core_li.py:23} INFO - Successfully updated job requisition 66db04abbf0a19d8769e752a
[2024-09-06T17:47:35.258+0000] {core_li.py:23} INFO - Successfully updated job requisition 66db04abbf0a19d8769e752c
[2024-09-06T17:47:35.263+0000] {core_li.py:23} INFO - Successfully updated job requisition 66db04abbf0a19d8769e752e
[2024-09-06T17:47:35.279+0000] {core_li.py:23} INFO - Successfully updated job requisition 66db04abbf0a19d8769e7530
[2024-09-06T17:47:35.297+0000] {core_li.py:23} INFO - Successfully updated job requisition 66db04abbf0a19d8769e7532
[2024-09-06T17:47:35.308+0000] {core_li.py:23} INFO - Successfully updated job requisition 66db04abbf0a19d8769e7534
[2024-09-06T17:47:35.330+0000] {core_li.py:23} INFO - Successfully updated job requisition 66db04abbf0a19d8769e7536
[2024-09-06T17:47:35.358+0000] {core_li.py:23} INFO - Successfully updated job requisition 66db04abbf0a19d8769e7538
[2024-09-06T17:47:35.375+0000] {core_li.py:23} INFO - Successfully updated job requisition 66db04abbf0a19d8769e753a
[2024-09-06T17:47:35.388+0000] {core_li.py:23} INFO - Successfully updated job requisition 66db04abbf0a19d8769e753c
[2024-09-06T17:47:35.401+0000] {core_li.py:23} INFO - Successfully updated job requisition 66db04abbf0a19d8769e753e
[2024-09-06T17:47:35.420+0000] {core_li.py:23} INFO - Successfully updated job requisition 66db04abbf0a19d8769e7540
[2024-09-06T17:47:35.433+0000] {core_li.py:23} INFO - Successfully updated job requisition 66db04abbf0a19d8769e7542
[2024-09-06T17:47:35.449+0000] {core_li.py:23} INFO - Successfully updated job requisition 66db04abbf0a19d8769e7544
[2024-09-06T17:47:35.461+0000] {core_li.py:23} INFO - Successfully updated job requisition 66db04abbf0a19d8769e7546
[2024-09-06T17:47:35.475+0000] {core_li.py:23} INFO - Successfully updated job requisition 66db04abbf0a19d8769e7548
[2024-09-06T17:47:35.489+0000] {core_li.py:23} INFO - Successfully updated job requisition 66db04abbf0a19d8769e754a
[2024-09-06T17:47:35.501+0000] {core_li.py:23} INFO - Successfully updated job requisition 66db04abbf0a19d8769e754c
[2024-09-06T17:47:35.511+0000] {core_li.py:23} INFO - Successfully updated job requisition 66db04abbf0a19d8769e754e
[2024-09-06T17:47:35.521+0000] {core_li.py:23} INFO - Successfully updated job requisition 66db04abbf0a19d8769e7550
[2024-09-06T17:47:35.532+0000] {core_li.py:23} INFO - Successfully updated job requisition 66db04abbf0a19d8769e7552
[2024-09-06T17:47:35.541+0000] {core_li.py:23} INFO - Successfully updated job requisition 66db04abbf0a19d8769e7554
[2024-09-06T17:47:35.554+0000] {core_li.py:23} INFO - Successfully updated job requisition 66db04abbf0a19d8769e7556
[2024-09-06T17:47:35.563+0000] {core_li.py:23} INFO - Successfully updated job requisition 66db04abbf0a19d8769e7558
[2024-09-06T17:47:35.571+0000] {core_li.py:23} INFO - Successfully updated job requisition 66db04abbf0a19d8769e755a
[2024-09-06T17:47:35.580+0000] {core_li.py:23} INFO - Successfully updated job requisition 66db04abbf0a19d8769e755c
[2024-09-06T17:47:35.593+0000] {core_li.py:23} INFO - Successfully updated job requisition 66db04abbf0a19d8769e755e
[2024-09-06T17:47:35.602+0000] {core_li.py:23} INFO - Successfully updated job requisition 66db04abbf0a19d8769e7560
[2024-09-06T17:47:35.608+0000] {core_li.py:23} INFO - Successfully updated job requisition 66db04abbf0a19d8769e7562
[2024-09-06T17:47:35.615+0000] {core_li.py:23} INFO - Successfully updated job requisition 66db04abbf0a19d8769e7564
[2024-09-06T17:47:35.624+0000] {core_li.py:23} INFO - Successfully updated job requisition 66db04abbf0a19d8769e7566
[2024-09-06T17:47:35.633+0000] {core_li.py:23} INFO - Successfully updated job requisition 66db04abbf0a19d8769e7568
[2024-09-06T17:47:35.640+0000] {core_li.py:23} INFO - Successfully updated job requisition 66db04abbf0a19d8769e756a
[2024-09-06T17:47:35.653+0000] {core_li.py:23} INFO - Successfully updated job requisition 66db04abbf0a19d8769e756c
[2024-09-06T17:47:35.668+0000] {core_li.py:23} INFO - Successfully updated job requisition 66db04abbf0a19d8769e756e
[2024-09-06T17:47:35.681+0000] {core_li.py:23} INFO - Successfully updated job requisition 66db04abbf0a19d8769e7570
[2024-09-06T17:47:35.692+0000] {core_li.py:23} INFO - Successfully updated job requisition 66db04abbf0a19d8769e7572
[2024-09-06T17:47:35.705+0000] {core_li.py:23} INFO - Successfully updated job requisition 66db04abbf0a19d8769e7574
[2024-09-06T17:47:35.721+0000] {core_li.py:23} INFO - Successfully updated job requisition 66db04abbf0a19d8769e7576
[2024-09-06T17:47:35.737+0000] {core_li.py:23} INFO - Successfully updated job requisition 66db04abbf0a19d8769e7578
[2024-09-06T17:47:35.744+0000] {core_li.py:23} INFO - Successfully updated job requisition 66db04abbf0a19d8769e757a
[2024-09-06T17:47:35.751+0000] {core_li.py:23} INFO - Successfully updated job requisition 66db04abbf0a19d8769e757c
[2024-09-06T17:47:35.763+0000] {core_li.py:23} INFO - Successfully updated job requisition 66db04abbf0a19d8769e757e
[2024-09-06T17:47:35.773+0000] {core_li.py:23} INFO - Successfully updated job requisition 66db04abbf0a19d8769e7580
[2024-09-06T17:47:35.782+0000] {core_li.py:23} INFO - Successfully updated job requisition 66db04abbf0a19d8769e7582
[2024-09-06T17:47:35.793+0000] {core_li.py:23} INFO - Successfully updated job requisition 66db04abbf0a19d8769e7584
[2024-09-06T17:47:35.802+0000] {core_li.py:23} INFO - Successfully updated job requisition 66db04abbf0a19d8769e7586
[2024-09-06T17:47:35.815+0000] {core_li.py:23} INFO - Successfully updated job requisition 66db04abbf0a19d8769e7588
[2024-09-06T17:47:35.828+0000] {core_li.py:23} INFO - Successfully updated job requisition 66db04abbf0a19d8769e758a
[2024-09-06T17:47:35.837+0000] {core_li.py:23} INFO - Successfully updated job requisition 66db04abbf0a19d8769e758c
[2024-09-06T17:47:35.851+0000] {core_li.py:23} INFO - Successfully updated job requisition 66db04abbf0a19d8769e758e
[2024-09-06T17:47:35.862+0000] {core_li.py:23} INFO - Successfully updated job requisition 66db04abbf0a19d8769e7590
[2024-09-06T17:47:35.870+0000] {core_li.py:23} INFO - Successfully updated job requisition 66db04abbf0a19d8769e7592
[2024-09-06T17:47:35.885+0000] {core_li.py:23} INFO - Successfully updated job requisition 66db04abbf0a19d8769e7594
[2024-09-06T17:47:35.904+0000] {core_li.py:23} INFO - Successfully updated job requisition 66db04abbf0a19d8769e7596
[2024-09-06T17:47:35.911+0000] {core_li.py:23} INFO - Successfully updated job requisition 66db04abbf0a19d8769e7598
[2024-09-06T17:47:35.918+0000] {core_li.py:23} INFO - Successfully updated job requisition 66db04abbf0a19d8769e759a
[2024-09-06T17:47:35.926+0000] {core_li.py:23} INFO - Successfully updated job requisition 66db04abbf0a19d8769e759c
[2024-09-06T17:47:35.938+0000] {core_li.py:23} INFO - Successfully updated job requisition 66db04abbf0a19d8769e759e
[2024-09-06T17:47:35.952+0000] {core_li.py:23} INFO - Successfully updated job requisition 66db04abbf0a19d8769e75a0
[2024-09-06T17:47:35.963+0000] {core_li.py:23} INFO - Successfully updated job requisition 66db04abbf0a19d8769e75a2
[2024-09-06T17:47:35.975+0000] {core_li.py:23} INFO - Successfully updated job requisition 66db04abbf0a19d8769e75a4
[2024-09-06T17:47:35.983+0000] {core_li.py:23} INFO - Successfully updated job requisition 66db04abbf0a19d8769e75a6
[2024-09-06T17:47:35.993+0000] {core_li.py:23} INFO - Successfully updated job requisition 66db04abbf0a19d8769e75a8
[2024-09-06T17:47:36.006+0000] {core_li.py:23} INFO - Successfully updated job requisition 66db04abbf0a19d8769e75aa
[2024-09-06T17:47:36.018+0000] {core_li.py:23} INFO - Successfully updated job requisition 66db04abbf0a19d8769e75ac
[2024-09-06T17:47:36.037+0000] {core_li.py:23} INFO - Successfully updated job requisition 66db04abbf0a19d8769e75ae
[2024-09-06T17:47:36.048+0000] {core_li.py:23} INFO - Successfully updated job requisition 66db04abbf0a19d8769e75b0
[2024-09-06T17:47:36.059+0000] {core_li.py:23} INFO - Successfully updated job requisition 66db04abbf0a19d8769e75b2
[2024-09-06T17:47:36.071+0000] {core_li.py:23} INFO - Successfully updated job requisition 66db04abbf0a19d8769e75b4
[2024-09-06T17:47:36.080+0000] {core_li.py:23} INFO - Successfully updated job requisition 66db04abbf0a19d8769e75b6
[2024-09-06T17:47:36.093+0000] {core_li.py:23} INFO - Successfully updated job requisition 66db04abbf0a19d8769e75b8
[2024-09-06T17:47:36.100+0000] {core_li.py:23} INFO - Successfully updated job requisition 66db04abbf0a19d8769e75ba
[2024-09-06T17:47:36.112+0000] {core_li.py:23} INFO - Successfully updated job requisition 66db04abbf0a19d8769e75bc
[2024-09-06T17:47:36.124+0000] {core_li.py:23} INFO - Successfully updated job requisition 66db04abbf0a19d8769e75be
[2024-09-06T17:47:36.133+0000] {core_li.py:23} INFO - Successfully updated job requisition 66db04abbf0a19d8769e75c0
[2024-09-06T17:47:36.141+0000] {core_li.py:23} INFO - Successfully updated job requisition 66db04abbf0a19d8769e75c2
[2024-09-06T17:47:36.150+0000] {core_li.py:23} INFO - Successfully updated job requisition 66db04abbf0a19d8769e75c4
[2024-09-06T17:47:36.167+0000] {core_li.py:23} INFO - Successfully updated job requisition 66db04abbf0a19d8769e75c6
[2024-09-06T17:47:36.192+0000] {core_li.py:23} INFO - Successfully updated job requisition 66db04abbf0a19d8769e75c8
[2024-09-06T17:47:36.212+0000] {core_li.py:23} INFO - Successfully updated job requisition 66db04abbf0a19d8769e75ca
[2024-09-06T17:47:36.229+0000] {core_li.py:23} INFO - Successfully updated job requisition 66db04abbf0a19d8769e75cc
[2024-09-06T17:47:36.249+0000] {core_li.py:23} INFO - Successfully updated job requisition 66db04abbf0a19d8769e75ce
[2024-09-06T17:47:36.264+0000] {core_li.py:23} INFO - Successfully updated job requisition 66db04abbf0a19d8769e75d0
[2024-09-06T17:47:36.277+0000] {core_li.py:23} INFO - Successfully updated job requisition 66db04abbf0a19d8769e75d2
[2024-09-06T17:47:36.292+0000] {core_li.py:23} INFO - Successfully updated job requisition 66db04abbf0a19d8769e75d4
[2024-09-06T17:47:36.303+0000] {core_li.py:23} INFO - Successfully updated job requisition 66db04abbf0a19d8769e75d6
[2024-09-06T17:47:36.316+0000] {core_li.py:23} INFO - Successfully updated job requisition 66db04abbf0a19d8769e75d8
[2024-09-06T17:47:36.329+0000] {core_li.py:23} INFO - Successfully updated job requisition 66db04abbf0a19d8769e75da
[2024-09-06T17:47:36.339+0000] {core_li.py:23} INFO - Successfully updated job requisition 66db04abbf0a19d8769e75dc
[2024-09-06T17:47:36.348+0000] {core_li.py:23} INFO - Successfully updated job requisition 66db04abbf0a19d8769e75de
[2024-09-06T17:47:36.375+0000] {core_li.py:23} INFO - Successfully updated job requisition 66db04abbf0a19d8769e75e0
[2024-09-06T17:47:36.388+0000] {core_li.py:23} INFO - Successfully updated job requisition 66db04abbf0a19d8769e75e2
[2024-09-06T17:47:36.400+0000] {core_li.py:23} INFO - Successfully updated job requisition 66db04abbf0a19d8769e75e4
[2024-09-06T17:47:36.410+0000] {core_li.py:23} INFO - Successfully updated job requisition 66db04abbf0a19d8769e75e6
[2024-09-06T17:47:36.418+0000] {core_li.py:23} INFO - Successfully updated job requisition 66db04abbf0a19d8769e75e8
[2024-09-06T17:47:36.426+0000] {core_li.py:23} INFO - Successfully updated job requisition 66db04abbf0a19d8769e75ea
[2024-09-06T17:47:36.438+0000] {core_li.py:23} INFO - Successfully updated job requisition 66db04abbf0a19d8769e75ec
[2024-09-06T17:47:36.448+0000] {core_li.py:23} INFO - Successfully updated job requisition 66db04abbf0a19d8769e75ee
[2024-09-06T17:47:36.460+0000] {core_li.py:23} INFO - Successfully updated job requisition 66db04abbf0a19d8769e75f0
[2024-09-06T17:47:36.460+0000] {python.py:240} INFO - Done. Returned value was: 100
[2024-09-06T17:47:36.490+0000] {taskinstance.py:340} INFO - ::group::Post task execution logs
[2024-09-06T17:47:36.491+0000] {taskinstance.py:352} INFO - Marking task as SUCCESS. dag_id=async_flow, task_id=task_backfill_number_of_cancelled_candidates_in_batch, run_id=manual__2024-09-06T17:47:30.120511+00:00, map_index=17, execution_date=20240906T174730, start_date=20240906T174734, end_date=20240906T174736
[2024-09-06T17:47:36.550+0000] {local_task_job_runner.py:266} INFO - Task exited with return code 0
[2024-09-06T17:47:36.561+0000] {local_task_job_runner.py:245} INFO - ::endgroup::
