[2024-09-06T17:47:37.785+0000] {local_task_job_runner.py:123} INFO - ::group::Pre task execution logs
[2024-09-06T17:47:37.817+0000] {taskinstance.py:2612} INFO - Dependencies all met for dep_context=non-requeueable deps ti=<TaskInstance: async_flow.task_backfill_number_of_cancelled_candidates_in_batch manual__2024-09-06T17:47:30.120511+00:00 map_index=41 [queued]>
[2024-09-06T17:47:37.835+0000] {taskinstance.py:2612} INFO - Dependencies all met for dep_context=requeueable deps ti=<TaskInstance: async_flow.task_backfill_number_of_cancelled_candidates_in_batch manual__2024-09-06T17:47:30.120511+00:00 map_index=41 [queued]>
[2024-09-06T17:47:37.837+0000] {taskinstance.py:2865} INFO - Starting attempt 1 of 1
[2024-09-06T17:47:37.864+0000] {taskinstance.py:2888} INFO - Executing <Mapped(_PythonDecoratedOperator): task_backfill_number_of_cancelled_candidates_in_batch> on 2024-09-06 17:47:30.120511+00:00
[2024-09-06T17:47:37.872+0000] {warnings.py:112} WARNING - /home/***/.local/lib/python3.12/site-packages/***/task/task_runner/standard_task_runner.py:70: DeprecationWarning: This process (pid=1240) is multi-threaded, use of fork() may lead to deadlocks in the child.
  pid = os.fork()

[2024-09-06T17:47:37.874+0000] {standard_task_runner.py:72} INFO - Started process 1319 to run task
[2024-09-06T17:47:37.871+0000] {standard_task_runner.py:104} INFO - Running: ['***', 'tasks', 'run', 'async_flow', 'task_backfill_number_of_cancelled_candidates_in_batch', 'manual__2024-09-06T17:47:30.120511+00:00', '--job-id', '370', '--raw', '--subdir', 'DAGS_FOLDER/dags_async_flow.py', '--cfg-path', '/tmp/tmp775uh4cp', '--map-index', '41']
[2024-09-06T17:47:37.881+0000] {standard_task_runner.py:105} INFO - Job 370: Subtask task_backfill_number_of_cancelled_candidates_in_batch
[2024-09-06T17:47:37.972+0000] {task_command.py:467} INFO - Running <TaskInstance: async_flow.task_backfill_number_of_cancelled_candidates_in_batch manual__2024-09-06T17:47:30.120511+00:00 map_index=41 [running]> on host 0817eb6c24af
[2024-09-06T17:47:38.105+0000] {taskinstance.py:3131} INFO - Exporting env vars: AIRFLOW_CTX_DAG_OWNER='***' AIRFLOW_CTX_DAG_ID='async_flow' AIRFLOW_CTX_TASK_ID='task_backfill_number_of_cancelled_candidates_in_batch' AIRFLOW_CTX_EXECUTION_DATE='2024-09-06T17:47:30.120511+00:00' AIRFLOW_CTX_TRY_NUMBER='1' AIRFLOW_CTX_DAG_RUN_ID='manual__2024-09-06T17:47:30.120511+00:00'
[2024-09-06T17:47:38.107+0000] {taskinstance.py:731} INFO - ::endgroup::
[2024-09-06T17:47:38.122+0000] {core_li.py:23} INFO - Successfully updated job requisition 66db04abbf0a19d8769e6bca
[2024-09-06T17:47:38.136+0000] {core_li.py:23} INFO - Successfully updated job requisition 66db04abbf0a19d8769e6bcc
[2024-09-06T17:47:38.144+0000] {core_li.py:23} INFO - Successfully updated job requisition 66db04abbf0a19d8769e6bce
[2024-09-06T17:47:38.154+0000] {core_li.py:23} INFO - Successfully updated job requisition 66db04abbf0a19d8769e6bd0
[2024-09-06T17:47:38.169+0000] {core_li.py:23} INFO - Successfully updated job requisition 66db04abbf0a19d8769e6bd2
[2024-09-06T17:47:38.179+0000] {core_li.py:23} INFO - Successfully updated job requisition 66db04abbf0a19d8769e6bd4
[2024-09-06T17:47:38.189+0000] {core_li.py:23} INFO - Successfully updated job requisition 66db04abbf0a19d8769e6bd6
[2024-09-06T17:47:38.198+0000] {core_li.py:23} INFO - Successfully updated job requisition 66db04abbf0a19d8769e6bd8
[2024-09-06T17:47:38.209+0000] {core_li.py:23} INFO - Successfully updated job requisition 66db04abbf0a19d8769e6bda
[2024-09-06T17:47:38.216+0000] {core_li.py:23} INFO - Successfully updated job requisition 66db04abbf0a19d8769e6bdc
[2024-09-06T17:47:38.225+0000] {core_li.py:23} INFO - Successfully updated job requisition 66db04abbf0a19d8769e6bde
[2024-09-06T17:47:38.233+0000] {core_li.py:23} INFO - Successfully updated job requisition 66db04abbf0a19d8769e6be0
[2024-09-06T17:47:38.245+0000] {core_li.py:23} INFO - Successfully updated job requisition 66db04abbf0a19d8769e6be2
[2024-09-06T17:47:38.256+0000] {core_li.py:23} INFO - Successfully updated job requisition 66db04abbf0a19d8769e6be4
[2024-09-06T17:47:38.267+0000] {core_li.py:23} INFO - Successfully updated job requisition 66db04abbf0a19d8769e6be6
[2024-09-06T17:47:38.277+0000] {core_li.py:23} INFO - Successfully updated job requisition 66db04abbf0a19d8769e6be8
[2024-09-06T17:47:38.286+0000] {core_li.py:23} INFO - Successfully updated job requisition 66db04abbf0a19d8769e6bea
[2024-09-06T17:47:38.293+0000] {core_li.py:23} INFO - Successfully updated job requisition 66db04abbf0a19d8769e6bec
[2024-09-06T17:47:38.302+0000] {core_li.py:23} INFO - Successfully updated job requisition 66db04abbf0a19d8769e6bee
[2024-09-06T17:47:38.312+0000] {core_li.py:23} INFO - Successfully updated job requisition 66db04abbf0a19d8769e6bf0
[2024-09-06T17:47:38.325+0000] {core_li.py:23} INFO - Successfully updated job requisition 66db04abbf0a19d8769e6bf2
[2024-09-06T17:47:38.334+0000] {core_li.py:23} INFO - Successfully updated job requisition 66db04abbf0a19d8769e6bf4
[2024-09-06T17:47:38.343+0000] {core_li.py:23} INFO - Successfully updated job requisition 66db04abbf0a19d8769e6bf6
[2024-09-06T17:47:38.352+0000] {core_li.py:23} INFO - Successfully updated job requisition 66db04abbf0a19d8769e6bf8
[2024-09-06T17:47:38.359+0000] {core_li.py:23} INFO - Successfully updated job requisition 66db04abbf0a19d8769e6bfa
[2024-09-06T17:47:38.366+0000] {core_li.py:23} INFO - Successfully updated job requisition 66db04abbf0a19d8769e6bfc
[2024-09-06T17:47:38.386+0000] {core_li.py:23} INFO - Successfully updated job requisition 66db04abbf0a19d8769e6bfe
[2024-09-06T17:47:38.394+0000] {core_li.py:23} INFO - Successfully updated job requisition 66db04abbf0a19d8769e6c00
[2024-09-06T17:47:38.400+0000] {core_li.py:23} INFO - Successfully updated job requisition 66db04abbf0a19d8769e6c02
[2024-09-06T17:47:38.410+0000] {core_li.py:23} INFO - Successfully updated job requisition 66db04abbf0a19d8769e6c04
[2024-09-06T17:47:38.420+0000] {core_li.py:23} INFO - Successfully updated job requisition 66db04abbf0a19d8769e6c06
[2024-09-06T17:47:38.428+0000] {core_li.py:23} INFO - Successfully updated job requisition 66db04abbf0a19d8769e6c08
[2024-09-06T17:47:38.436+0000] {core_li.py:23} INFO - Successfully updated job requisition 66db04abbf0a19d8769e6c0a
[2024-09-06T17:47:38.444+0000] {core_li.py:23} INFO - Successfully updated job requisition 66db04abbf0a19d8769e6c0c
[2024-09-06T17:47:38.452+0000] {core_li.py:23} INFO - Successfully updated job requisition 66db04abbf0a19d8769e6c0e
[2024-09-06T17:47:38.468+0000] {core_li.py:23} INFO - Successfully updated job requisition 66db04abbf0a19d8769e6c10
[2024-09-06T17:47:38.488+0000] {core_li.py:23} INFO - Successfully updated job requisition 66db04abbf0a19d8769e6c12
[2024-09-06T17:47:38.497+0000] {core_li.py:23} INFO - Successfully updated job requisition 66db04abbf0a19d8769e6c14
[2024-09-06T17:47:38.543+0000] {core_li.py:23} INFO - Successfully updated job requisition 66db04abbf0a19d8769e6c16
[2024-09-06T17:47:38.553+0000] {core_li.py:23} INFO - Successfully updated job requisition 66db04abbf0a19d8769e6c18
[2024-09-06T17:47:38.562+0000] {core_li.py:23} INFO - Successfully updated job requisition 66db04abbf0a19d8769e6c1a
[2024-09-06T17:47:38.569+0000] {core_li.py:23} INFO - Successfully updated job requisition 66db04abbf0a19d8769e6c1c
[2024-09-06T17:47:38.576+0000] {core_li.py:23} INFO - Successfully updated job requisition 66db04abbf0a19d8769e6c1e
[2024-09-06T17:47:38.583+0000] {core_li.py:23} INFO - Successfully updated job requisition 66db04abbf0a19d8769e6c20
[2024-09-06T17:47:38.591+0000] {core_li.py:23} INFO - Successfully updated job requisition 66db04abbf0a19d8769e6c22
[2024-09-06T17:47:38.598+0000] {core_li.py:23} INFO - Successfully updated job requisition 66db04abbf0a19d8769e6c24
[2024-09-06T17:47:38.605+0000] {core_li.py:23} INFO - Successfully updated job requisition 66db04abbf0a19d8769e6c26
[2024-09-06T17:47:38.611+0000] {core_li.py:23} INFO - Successfully updated job requisition 66db04abbf0a19d8769e6c28
[2024-09-06T17:47:38.620+0000] {core_li.py:23} INFO - Successfully updated job requisition 66db04abbf0a19d8769e6c2a
[2024-09-06T17:47:38.626+0000] {core_li.py:23} INFO - Successfully updated job requisition 66db04abbf0a19d8769e6c2c
[2024-09-06T17:47:38.634+0000] {core_li.py:23} INFO - Successfully updated job requisition 66db04abbf0a19d8769e6c2e
[2024-09-06T17:47:38.641+0000] {core_li.py:23} INFO - Successfully updated job requisition 66db04abbf0a19d8769e6c30
[2024-09-06T17:47:38.649+0000] {core_li.py:23} INFO - Successfully updated job requisition 66db04abbf0a19d8769e6c32
[2024-09-06T17:47:38.663+0000] {core_li.py:23} INFO - Successfully updated job requisition 66db04abbf0a19d8769e6c34
[2024-09-06T17:47:38.677+0000] {core_li.py:23} INFO - Successfully updated job requisition 66db04abbf0a19d8769e6c36
[2024-09-06T17:47:38.685+0000] {core_li.py:23} INFO - Successfully updated job requisition 66db04abbf0a19d8769e6c38
[2024-09-06T17:47:38.692+0000] {core_li.py:23} INFO - Successfully updated job requisition 66db04abbf0a19d8769e6c3a
[2024-09-06T17:47:38.703+0000] {core_li.py:23} INFO - Successfully updated job requisition 66db04abbf0a19d8769e6c3c
[2024-09-06T17:47:38.720+0000] {core_li.py:23} INFO - Successfully updated job requisition 66db04abbf0a19d8769e6c3e
[2024-09-06T17:47:38.732+0000] {core_li.py:23} INFO - Successfully updated job requisition 66db04abbf0a19d8769e6c40
[2024-09-06T17:47:38.739+0000] {core_li.py:23} INFO - Successfully updated job requisition 66db04abbf0a19d8769e6c42
[2024-09-06T17:47:38.748+0000] {core_li.py:23} INFO - Successfully updated job requisition 66db04abbf0a19d8769e6c44
[2024-09-06T17:47:38.754+0000] {core_li.py:23} INFO - Successfully updated job requisition 66db04abbf0a19d8769e6c46
[2024-09-06T17:47:38.765+0000] {core_li.py:23} INFO - Successfully updated job requisition 66db04abbf0a19d8769e6c48
[2024-09-06T17:47:38.773+0000] {core_li.py:23} INFO - Successfully updated job requisition 66db04abbf0a19d8769e6c4a
[2024-09-06T17:47:38.780+0000] {core_li.py:23} INFO - Successfully updated job requisition 66db04abbf0a19d8769e6c4c
[2024-09-06T17:47:38.786+0000] {core_li.py:23} INFO - Successfully updated job requisition 66db04abbf0a19d8769e6c4e
[2024-09-06T17:47:38.793+0000] {core_li.py:23} INFO - Successfully updated job requisition 66db04abbf0a19d8769e6c50
[2024-09-06T17:47:38.800+0000] {core_li.py:23} INFO - Successfully updated job requisition 66db04abbf0a19d8769e6c52
[2024-09-06T17:47:38.812+0000] {core_li.py:23} INFO - Successfully updated job requisition 66db04abbf0a19d8769e6c54
[2024-09-06T17:47:38.820+0000] {core_li.py:23} INFO - Successfully updated job requisition 66db04abbf0a19d8769e6c56
[2024-09-06T17:47:38.827+0000] {core_li.py:23} INFO - Successfully updated job requisition 66db04abbf0a19d8769e6c58
[2024-09-06T17:47:38.836+0000] {core_li.py:23} INFO - Successfully updated job requisition 66db04abbf0a19d8769e6c5a
[2024-09-06T17:47:38.844+0000] {core_li.py:23} INFO - Successfully updated job requisition 66db04abbf0a19d8769e6c5c
[2024-09-06T17:47:38.853+0000] {core_li.py:23} INFO - Successfully updated job requisition 66db04abbf0a19d8769e6c5e
[2024-09-06T17:47:38.861+0000] {core_li.py:23} INFO - Successfully updated job requisition 66db04abbf0a19d8769e6c60
[2024-09-06T17:47:38.869+0000] {core_li.py:23} INFO - Successfully updated job requisition 66db04abbf0a19d8769e6c62
[2024-09-06T17:47:38.877+0000] {core_li.py:23} INFO - Successfully updated job requisition 66db04abbf0a19d8769e6c64
[2024-09-06T17:47:38.886+0000] {core_li.py:23} INFO - Successfully updated job requisition 66db04abbf0a19d8769e6c66
[2024-09-06T17:47:38.893+0000] {core_li.py:23} INFO - Successfully updated job requisition 66db04abbf0a19d8769e6c68
[2024-09-06T17:47:38.907+0000] {core_li.py:23} INFO - Successfully updated job requisition 66db04abbf0a19d8769e6c6a
[2024-09-06T17:47:38.913+0000] {core_li.py:23} INFO - Successfully updated job requisition 66db04abbf0a19d8769e6c6c
[2024-09-06T17:47:38.924+0000] {core_li.py:23} INFO - Successfully updated job requisition 66db04abbf0a19d8769e6c6e
[2024-09-06T17:47:38.933+0000] {core_li.py:23} INFO - Successfully updated job requisition 66db04abbf0a19d8769e6c70
[2024-09-06T17:47:38.941+0000] {core_li.py:23} INFO - Successfully updated job requisition 66db04abbf0a19d8769e6c72
[2024-09-06T17:47:38.958+0000] {core_li.py:23} INFO - Successfully updated job requisition 66db04abbf0a19d8769e6c74
[2024-09-06T17:47:38.974+0000] {core_li.py:23} INFO - Successfully updated job requisition 66db04abbf0a19d8769e6c76
[2024-09-06T17:47:38.980+0000] {core_li.py:23} INFO - Successfully updated job requisition 66db04abbf0a19d8769e6c78
[2024-09-06T17:47:38.987+0000] {core_li.py:23} INFO - Successfully updated job requisition 66db04abbf0a19d8769e6c7a
[2024-09-06T17:47:38.994+0000] {core_li.py:23} INFO - Successfully updated job requisition 66db04abbf0a19d8769e6c7c
[2024-09-06T17:47:39.001+0000] {core_li.py:23} INFO - Successfully updated job requisition 66db04abbf0a19d8769e6c7e
[2024-09-06T17:47:39.009+0000] {core_li.py:23} INFO - Successfully updated job requisition 66db04abbf0a19d8769e6c80
[2024-09-06T17:47:39.016+0000] {core_li.py:23} INFO - Successfully updated job requisition 66db04abbf0a19d8769e6c82
[2024-09-06T17:47:39.024+0000] {core_li.py:23} INFO - Successfully updated job requisition 66db04abbf0a19d8769e6c84
[2024-09-06T17:47:39.030+0000] {core_li.py:23} INFO - Successfully updated job requisition 66db04abbf0a19d8769e6c86
[2024-09-06T17:47:39.038+0000] {core_li.py:23} INFO - Successfully updated job requisition 66db04abbf0a19d8769e6c88
[2024-09-06T17:47:39.047+0000] {core_li.py:23} INFO - Successfully updated job requisition 66db04abbf0a19d8769e6c8a
[2024-09-06T17:47:39.064+0000] {core_li.py:23} INFO - Successfully updated job requisition 66db04abbf0a19d8769e6c8c
[2024-09-06T17:47:39.076+0000] {core_li.py:23} INFO - Successfully updated job requisition 66db04abbf0a19d8769e6c8e
[2024-09-06T17:47:39.091+0000] {core_li.py:23} INFO - Successfully updated job requisition 66db04abbf0a19d8769e6c90
[2024-09-06T17:47:39.093+0000] {python.py:240} INFO - Done. Returned value was: 100
[2024-09-06T17:47:39.139+0000] {taskinstance.py:340} INFO - ::group::Post task execution logs
[2024-09-06T17:47:39.140+0000] {taskinstance.py:352} INFO - Marking task as SUCCESS. dag_id=async_flow, task_id=task_backfill_number_of_cancelled_candidates_in_batch, run_id=manual__2024-09-06T17:47:30.120511+00:00, map_index=41, execution_date=20240906T174730, start_date=20240906T174737, end_date=20240906T174739
[2024-09-06T17:47:39.169+0000] {local_task_job_runner.py:266} INFO - Task exited with return code 0
[2024-09-06T17:47:39.174+0000] {local_task_job_runner.py:245} INFO - ::endgroup::
