[2024-09-06T17:47:37.864+0000] {local_task_job_runner.py:123} INFO - ::group::Pre task execution logs
[2024-09-06T17:47:37.897+0000] {taskinstance.py:2612} INFO - Dependencies all met for dep_context=non-requeueable deps ti=<TaskInstance: async_flow.task_backfill_number_of_cancelled_candidates_in_batch manual__2024-09-06T17:47:30.120511+00:00 map_index=35 [queued]>
[2024-09-06T17:47:37.909+0000] {taskinstance.py:2612} INFO - Dependencies all met for dep_context=requeueable deps ti=<TaskInstance: async_flow.task_backfill_number_of_cancelled_candidates_in_batch manual__2024-09-06T17:47:30.120511+00:00 map_index=35 [queued]>
[2024-09-06T17:47:37.912+0000] {taskinstance.py:2865} INFO - Starting attempt 1 of 1
[2024-09-06T17:47:37.962+0000] {taskinstance.py:2888} INFO - Executing <Mapped(_PythonDecoratedOperator): task_backfill_number_of_cancelled_candidates_in_batch> on 2024-09-06 17:47:30.120511+00:00
[2024-09-06T17:47:37.966+0000] {warnings.py:112} WARNING - /home/***/.local/lib/python3.12/site-packages/***/task/task_runner/standard_task_runner.py:70: DeprecationWarning: This process (pid=1244) is multi-threaded, use of fork() may lead to deadlocks in the child.
  pid = os.fork()

[2024-09-06T17:47:37.969+0000] {standard_task_runner.py:72} INFO - Started process 1327 to run task
[2024-09-06T17:47:37.974+0000] {standard_task_runner.py:104} INFO - Running: ['***', 'tasks', 'run', 'async_flow', 'task_backfill_number_of_cancelled_candidates_in_batch', 'manual__2024-09-06T17:47:30.120511+00:00', '--job-id', '373', '--raw', '--subdir', 'DAGS_FOLDER/dags_async_flow.py', '--cfg-path', '/tmp/tmpe0m8xo6e', '--map-index', '35']
[2024-09-06T17:47:37.983+0000] {standard_task_runner.py:105} INFO - Job 373: Subtask task_backfill_number_of_cancelled_candidates_in_batch
[2024-09-06T17:47:38.063+0000] {task_command.py:467} INFO - Running <TaskInstance: async_flow.task_backfill_number_of_cancelled_candidates_in_batch manual__2024-09-06T17:47:30.120511+00:00 map_index=35 [running]> on host 0817eb6c24af
[2024-09-06T17:47:38.158+0000] {taskinstance.py:3131} INFO - Exporting env vars: AIRFLOW_CTX_DAG_OWNER='***' AIRFLOW_CTX_DAG_ID='async_flow' AIRFLOW_CTX_TASK_ID='task_backfill_number_of_cancelled_candidates_in_batch' AIRFLOW_CTX_EXECUTION_DATE='2024-09-06T17:47:30.120511+00:00' AIRFLOW_CTX_TRY_NUMBER='1' AIRFLOW_CTX_DAG_RUN_ID='manual__2024-09-06T17:47:30.120511+00:00'
[2024-09-06T17:47:38.160+0000] {taskinstance.py:731} INFO - ::endgroup::
[2024-09-06T17:47:38.174+0000] {core_li.py:23} INFO - Successfully updated job requisition 66db04acbf0a19d8769e81aa
[2024-09-06T17:47:38.181+0000] {core_li.py:23} INFO - Successfully updated job requisition 66db04acbf0a19d8769e81ac
[2024-09-06T17:47:38.194+0000] {core_li.py:23} INFO - Successfully updated job requisition 66db04acbf0a19d8769e81ae
[2024-09-06T17:47:38.205+0000] {core_li.py:23} INFO - Successfully updated job requisition 66db04acbf0a19d8769e81b0
[2024-09-06T17:47:38.216+0000] {core_li.py:23} INFO - Successfully updated job requisition 66db04acbf0a19d8769e81b2
[2024-09-06T17:47:38.226+0000] {core_li.py:23} INFO - Successfully updated job requisition 66db04acbf0a19d8769e81b4
[2024-09-06T17:47:38.235+0000] {core_li.py:23} INFO - Successfully updated job requisition 66db04acbf0a19d8769e81b6
[2024-09-06T17:47:38.243+0000] {core_li.py:23} INFO - Successfully updated job requisition 66db04acbf0a19d8769e81b8
[2024-09-06T17:47:38.253+0000] {core_li.py:23} INFO - Successfully updated job requisition 66db04acbf0a19d8769e81ba
[2024-09-06T17:47:38.261+0000] {core_li.py:23} INFO - Successfully updated job requisition 66db04acbf0a19d8769e81bc
[2024-09-06T17:47:38.270+0000] {core_li.py:23} INFO - Successfully updated job requisition 66db04acbf0a19d8769e81be
[2024-09-06T17:47:38.280+0000] {core_li.py:23} INFO - Successfully updated job requisition 66db04acbf0a19d8769e81c0
[2024-09-06T17:47:38.286+0000] {core_li.py:23} INFO - Successfully updated job requisition 66db04acbf0a19d8769e81c2
[2024-09-06T17:47:38.295+0000] {core_li.py:23} INFO - Successfully updated job requisition 66db04acbf0a19d8769e81c4
[2024-09-06T17:47:38.302+0000] {core_li.py:23} INFO - Successfully updated job requisition 66db04acbf0a19d8769e81c6
[2024-09-06T17:47:38.311+0000] {core_li.py:23} INFO - Successfully updated job requisition 66db04acbf0a19d8769e81c8
[2024-09-06T17:47:38.321+0000] {core_li.py:23} INFO - Successfully updated job requisition 66db04acbf0a19d8769e81ca
[2024-09-06T17:47:38.331+0000] {core_li.py:23} INFO - Successfully updated job requisition 66db04acbf0a19d8769e81cc
[2024-09-06T17:47:38.341+0000] {core_li.py:23} INFO - Successfully updated job requisition 66db04acbf0a19d8769e81ce
[2024-09-06T17:47:38.350+0000] {core_li.py:23} INFO - Successfully updated job requisition 66db04acbf0a19d8769e81d0
[2024-09-06T17:47:38.358+0000] {core_li.py:23} INFO - Successfully updated job requisition 66db04acbf0a19d8769e81d2
[2024-09-06T17:47:38.365+0000] {core_li.py:23} INFO - Successfully updated job requisition 66db04acbf0a19d8769e81d4
[2024-09-06T17:47:38.386+0000] {core_li.py:23} INFO - Successfully updated job requisition 66db04acbf0a19d8769e81d6
[2024-09-06T17:47:38.393+0000] {core_li.py:23} INFO - Successfully updated job requisition 66db04acbf0a19d8769e81d8
[2024-09-06T17:47:38.400+0000] {core_li.py:23} INFO - Successfully updated job requisition 66db04acbf0a19d8769e81da
[2024-09-06T17:47:38.408+0000] {core_li.py:23} INFO - Successfully updated job requisition 66db04acbf0a19d8769e81dc
[2024-09-06T17:47:38.417+0000] {core_li.py:23} INFO - Successfully updated job requisition 66db04acbf0a19d8769e81de
[2024-09-06T17:47:38.424+0000] {core_li.py:23} INFO - Successfully updated job requisition 66db04acbf0a19d8769e81e0
[2024-09-06T17:47:38.433+0000] {core_li.py:23} INFO - Successfully updated job requisition 66db04acbf0a19d8769e81e2
[2024-09-06T17:47:38.441+0000] {core_li.py:23} INFO - Successfully updated job requisition 66db04acbf0a19d8769e81e4
[2024-09-06T17:47:38.449+0000] {core_li.py:23} INFO - Successfully updated job requisition 66db04acbf0a19d8769e81e6
[2024-09-06T17:47:38.458+0000] {core_li.py:23} INFO - Successfully updated job requisition 66db04acbf0a19d8769e81e8
[2024-09-06T17:47:38.463+0000] {core_li.py:23} INFO - Successfully updated job requisition 66db04acbf0a19d8769e81ea
[2024-09-06T17:47:38.468+0000] {core_li.py:23} INFO - Successfully updated job requisition 66db04acbf0a19d8769e81ec
[2024-09-06T17:47:38.477+0000] {core_li.py:23} INFO - Successfully updated job requisition 66db04acbf0a19d8769e81ee
[2024-09-06T17:47:38.487+0000] {core_li.py:23} INFO - Successfully updated job requisition 66db04acbf0a19d8769e81f0
[2024-09-06T17:47:38.497+0000] {core_li.py:23} INFO - Successfully updated job requisition 66db04acbf0a19d8769e81f2
[2024-09-06T17:47:38.516+0000] {core_li.py:23} INFO - Successfully updated job requisition 66db04acbf0a19d8769e81f4
[2024-09-06T17:47:38.554+0000] {core_li.py:23} INFO - Successfully updated job requisition 66db04acbf0a19d8769e81f6
[2024-09-06T17:47:38.565+0000] {core_li.py:23} INFO - Successfully updated job requisition 66db04acbf0a19d8769e81f8
[2024-09-06T17:47:38.574+0000] {core_li.py:23} INFO - Successfully updated job requisition 66db04acbf0a19d8769e81fa
[2024-09-06T17:47:38.584+0000] {core_li.py:23} INFO - Successfully updated job requisition 66db04acbf0a19d8769e81fc
[2024-09-06T17:47:38.594+0000] {core_li.py:23} INFO - Successfully updated job requisition 66db04acbf0a19d8769e81fe
[2024-09-06T17:47:38.602+0000] {core_li.py:23} INFO - Successfully updated job requisition 66db04acbf0a19d8769e8200
[2024-09-06T17:47:38.609+0000] {core_li.py:23} INFO - Successfully updated job requisition 66db04acbf0a19d8769e8202
[2024-09-06T17:47:38.618+0000] {core_li.py:23} INFO - Successfully updated job requisition 66db04acbf0a19d8769e8204
[2024-09-06T17:47:38.626+0000] {core_li.py:23} INFO - Successfully updated job requisition 66db04acbf0a19d8769e8206
[2024-09-06T17:47:38.635+0000] {core_li.py:23} INFO - Successfully updated job requisition 66db04acbf0a19d8769e8208
[2024-09-06T17:47:38.643+0000] {core_li.py:23} INFO - Successfully updated job requisition 66db04acbf0a19d8769e820a
[2024-09-06T17:47:38.651+0000] {core_li.py:23} INFO - Successfully updated job requisition 66db04acbf0a19d8769e820c
[2024-09-06T17:47:38.671+0000] {core_li.py:23} INFO - Successfully updated job requisition 66db04acbf0a19d8769e820e
[2024-09-06T17:47:38.680+0000] {core_li.py:23} INFO - Successfully updated job requisition 66db04acbf0a19d8769e8210
[2024-09-06T17:47:38.687+0000] {core_li.py:23} INFO - Successfully updated job requisition 66db04acbf0a19d8769e8212
[2024-09-06T17:47:38.694+0000] {core_li.py:23} INFO - Successfully updated job requisition 66db04acbf0a19d8769e8214
[2024-09-06T17:47:38.703+0000] {core_li.py:23} INFO - Successfully updated job requisition 66db04acbf0a19d8769e8216
[2024-09-06T17:47:38.720+0000] {core_li.py:23} INFO - Successfully updated job requisition 66db04acbf0a19d8769e8218
[2024-09-06T17:47:38.727+0000] {core_li.py:23} INFO - Successfully updated job requisition 66db04acbf0a19d8769e821a
[2024-09-06T17:47:38.741+0000] {core_li.py:23} INFO - Successfully updated job requisition 66db04acbf0a19d8769e821c
[2024-09-06T17:47:38.753+0000] {core_li.py:23} INFO - Successfully updated job requisition 66db04acbf0a19d8769e821e
[2024-09-06T17:47:38.759+0000] {core_li.py:23} INFO - Successfully updated job requisition 66db04acbf0a19d8769e8220
[2024-09-06T17:47:38.766+0000] {core_li.py:23} INFO - Successfully updated job requisition 66db04acbf0a19d8769e8222
[2024-09-06T17:47:38.773+0000] {core_li.py:23} INFO - Successfully updated job requisition 66db04acbf0a19d8769e8224
[2024-09-06T17:47:38.783+0000] {core_li.py:23} INFO - Successfully updated job requisition 66db04acbf0a19d8769e8226
[2024-09-06T17:47:38.790+0000] {core_li.py:23} INFO - Successfully updated job requisition 66db04acbf0a19d8769e8228
[2024-09-06T17:47:38.797+0000] {core_li.py:23} INFO - Successfully updated job requisition 66db04acbf0a19d8769e822a
[2024-09-06T17:47:38.809+0000] {core_li.py:23} INFO - Successfully updated job requisition 66db04acbf0a19d8769e822c
[2024-09-06T17:47:38.816+0000] {core_li.py:23} INFO - Successfully updated job requisition 66db04acbf0a19d8769e822e
[2024-09-06T17:47:38.823+0000] {core_li.py:23} INFO - Successfully updated job requisition 66db04acbf0a19d8769e8230
[2024-09-06T17:47:38.830+0000] {core_li.py:23} INFO - Successfully updated job requisition 66db04acbf0a19d8769e8232
[2024-09-06T17:47:38.839+0000] {core_li.py:23} INFO - Successfully updated job requisition 66db04acbf0a19d8769e8234
[2024-09-06T17:47:38.846+0000] {core_li.py:23} INFO - Successfully updated job requisition 66db04acbf0a19d8769e8236
[2024-09-06T17:47:38.854+0000] {core_li.py:23} INFO - Successfully updated job requisition 66db04acbf0a19d8769e8238
[2024-09-06T17:47:38.863+0000] {core_li.py:23} INFO - Successfully updated job requisition 66db04acbf0a19d8769e823a
[2024-09-06T17:47:38.871+0000] {core_li.py:23} INFO - Successfully updated job requisition 66db04acbf0a19d8769e823c
[2024-09-06T17:47:38.878+0000] {core_li.py:23} INFO - Successfully updated job requisition 66db04acbf0a19d8769e823e
[2024-09-06T17:47:38.886+0000] {core_li.py:23} INFO - Successfully updated job requisition 66db04acbf0a19d8769e8240
[2024-09-06T17:47:38.893+0000] {core_li.py:23} INFO - Successfully updated job requisition 66db04acbf0a19d8769e8242
[2024-09-06T17:47:38.908+0000] {core_li.py:23} INFO - Successfully updated job requisition 66db04acbf0a19d8769e8244
[2024-09-06T17:47:38.921+0000] {core_li.py:23} INFO - Successfully updated job requisition 66db04acbf0a19d8769e8246
[2024-09-06T17:47:38.927+0000] {core_li.py:23} INFO - Successfully updated job requisition 66db04acbf0a19d8769e8248
[2024-09-06T17:47:38.934+0000] {core_li.py:23} INFO - Successfully updated job requisition 66db04acbf0a19d8769e824a
[2024-09-06T17:47:38.942+0000] {core_li.py:23} INFO - Successfully updated job requisition 66db04acbf0a19d8769e824c
[2024-09-06T17:47:38.948+0000] {core_li.py:23} INFO - Successfully updated job requisition 66db04acbf0a19d8769e824e
[2024-09-06T17:47:38.955+0000] {core_li.py:23} INFO - Successfully updated job requisition 66db04acbf0a19d8769e8250
[2024-09-06T17:47:38.964+0000] {core_li.py:23} INFO - Successfully updated job requisition 66db04acbf0a19d8769e8252
[2024-09-06T17:47:38.971+0000] {core_li.py:23} INFO - Successfully updated job requisition 66db04acbf0a19d8769e8254
[2024-09-06T17:47:38.979+0000] {core_li.py:23} INFO - Successfully updated job requisition 66db04acbf0a19d8769e8256
[2024-09-06T17:47:38.989+0000] {core_li.py:23} INFO - Successfully updated job requisition 66db04acbf0a19d8769e8258
[2024-09-06T17:47:38.997+0000] {core_li.py:23} INFO - Successfully updated job requisition 66db04acbf0a19d8769e825a
[2024-09-06T17:47:39.004+0000] {core_li.py:23} INFO - Successfully updated job requisition 66db04acbf0a19d8769e825c
[2024-09-06T17:47:39.014+0000] {core_li.py:23} INFO - Successfully updated job requisition 66db04acbf0a19d8769e825e
[2024-09-06T17:47:39.023+0000] {core_li.py:23} INFO - Successfully updated job requisition 66db04acbf0a19d8769e8260
[2024-09-06T17:47:39.031+0000] {core_li.py:23} INFO - Successfully updated job requisition 66db04acbf0a19d8769e8262
[2024-09-06T17:47:39.038+0000] {core_li.py:23} INFO - Successfully updated job requisition 66db04acbf0a19d8769e8264
[2024-09-06T17:47:39.044+0000] {core_li.py:23} INFO - Successfully updated job requisition 66db04acbf0a19d8769e8266
[2024-09-06T17:47:39.055+0000] {core_li.py:23} INFO - Successfully updated job requisition 66db04acbf0a19d8769e8268
[2024-09-06T17:47:39.063+0000] {core_li.py:23} INFO - Successfully updated job requisition 66db04acbf0a19d8769e826a
[2024-09-06T17:47:39.079+0000] {core_li.py:23} INFO - Successfully updated job requisition 66db04acbf0a19d8769e826c
[2024-09-06T17:47:39.091+0000] {core_li.py:23} INFO - Successfully updated job requisition 66db04acbf0a19d8769e826e
[2024-09-06T17:47:39.099+0000] {core_li.py:23} INFO - Successfully updated job requisition 66db04acbf0a19d8769e8270
[2024-09-06T17:47:39.100+0000] {python.py:240} INFO - Done. Returned value was: 100
[2024-09-06T17:47:39.126+0000] {taskinstance.py:340} INFO - ::group::Post task execution logs
[2024-09-06T17:47:39.127+0000] {taskinstance.py:352} INFO - Marking task as SUCCESS. dag_id=async_flow, task_id=task_backfill_number_of_cancelled_candidates_in_batch, run_id=manual__2024-09-06T17:47:30.120511+00:00, map_index=35, execution_date=20240906T174730, start_date=20240906T174737, end_date=20240906T174739
[2024-09-06T17:47:39.192+0000] {local_task_job_runner.py:266} INFO - Task exited with return code 0
[2024-09-06T17:47:39.209+0000] {taskinstance.py:3900} INFO - 0 downstream tasks scheduled from follow-on schedule check
[2024-09-06T17:47:39.210+0000] {local_task_job_runner.py:245} INFO - ::endgroup::
