[2024-09-06T17:43:07.332+0000] {local_task_job_runner.py:123} INFO - ::group::Pre task execution logs
[2024-09-06T17:43:07.357+0000] {taskinstance.py:2612} INFO - Dependencies all met for dep_context=non-requeueable deps ti=<TaskInstance: async_flow.task_backfill_number_of_cancelled_candidates_in_batch manual__2024-09-06T17:43:02.727107+00:00 map_index=20 [queued]>
[2024-09-06T17:43:07.376+0000] {taskinstance.py:2612} INFO - Dependencies all met for dep_context=requeueable deps ti=<TaskInstance: async_flow.task_backfill_number_of_cancelled_candidates_in_batch manual__2024-09-06T17:43:02.727107+00:00 map_index=20 [queued]>
[2024-09-06T17:43:07.378+0000] {taskinstance.py:2865} INFO - Starting attempt 1 of 1
[2024-09-06T17:43:07.417+0000] {taskinstance.py:2888} INFO - Executing <Mapped(_PythonDecoratedOperator): task_backfill_number_of_cancelled_candidates_in_batch> on 2024-09-06 17:43:02.727107+00:00
[2024-09-06T17:43:07.420+0000] {warnings.py:112} WARNING - /home/***/.local/lib/python3.12/site-packages/***/task/task_runner/standard_task_runner.py:70: DeprecationWarning: This process (pid=179) is multi-threaded, use of fork() may lead to deadlocks in the child.
  pid = os.fork()

[2024-09-06T17:43:07.430+0000] {standard_task_runner.py:72} INFO - Started process 251 to run task
[2024-09-06T17:43:07.425+0000] {standard_task_runner.py:104} INFO - Running: ['***', 'tasks', 'run', 'async_flow', 'task_backfill_number_of_cancelled_candidates_in_batch', 'manual__2024-09-06T17:43:02.727107+00:00', '--job-id', '204', '--raw', '--subdir', 'DAGS_FOLDER/dags_async_flow.py', '--cfg-path', '/tmp/tmpdb7ccsh4', '--map-index', '20']
[2024-09-06T17:43:07.433+0000] {standard_task_runner.py:105} INFO - Job 204: Subtask task_backfill_number_of_cancelled_candidates_in_batch
[2024-09-06T17:43:07.506+0000] {task_command.py:467} INFO - Running <TaskInstance: async_flow.task_backfill_number_of_cancelled_candidates_in_batch manual__2024-09-06T17:43:02.727107+00:00 map_index=20 [running]> on host 0817eb6c24af
[2024-09-06T17:43:07.615+0000] {taskinstance.py:3131} INFO - Exporting env vars: AIRFLOW_CTX_DAG_OWNER='***' AIRFLOW_CTX_DAG_ID='async_flow' AIRFLOW_CTX_TASK_ID='task_backfill_number_of_cancelled_candidates_in_batch' AIRFLOW_CTX_EXECUTION_DATE='2024-09-06T17:43:02.727107+00:00' AIRFLOW_CTX_TRY_NUMBER='1' AIRFLOW_CTX_DAG_RUN_ID='manual__2024-09-06T17:43:02.727107+00:00'
[2024-09-06T17:43:07.617+0000] {taskinstance.py:731} INFO - ::endgroup::
[2024-09-06T17:43:07.630+0000] {core_li.py:23} INFO - Successfully updated job requisition 66db04abbf0a19d8769e6b02
[2024-09-06T17:43:07.644+0000] {core_li.py:23} INFO - Successfully updated job requisition 66db04abbf0a19d8769e6b04
[2024-09-06T17:43:07.659+0000] {core_li.py:23} INFO - Successfully updated job requisition 66db04abbf0a19d8769e6b06
[2024-09-06T17:43:07.674+0000] {core_li.py:23} INFO - Successfully updated job requisition 66db04abbf0a19d8769e6b08
[2024-09-06T17:43:07.683+0000] {core_li.py:23} INFO - Successfully updated job requisition 66db04abbf0a19d8769e6b0a
[2024-09-06T17:43:07.694+0000] {core_li.py:23} INFO - Successfully updated job requisition 66db04abbf0a19d8769e6b0c
[2024-09-06T17:43:07.702+0000] {core_li.py:23} INFO - Successfully updated job requisition 66db04abbf0a19d8769e6b0e
[2024-09-06T17:43:07.712+0000] {core_li.py:23} INFO - Successfully updated job requisition 66db04abbf0a19d8769e6b10
[2024-09-06T17:43:07.724+0000] {core_li.py:23} INFO - Successfully updated job requisition 66db04abbf0a19d8769e6b12
[2024-09-06T17:43:07.734+0000] {core_li.py:23} INFO - Successfully updated job requisition 66db04abbf0a19d8769e6b14
[2024-09-06T17:43:07.742+0000] {core_li.py:23} INFO - Successfully updated job requisition 66db04abbf0a19d8769e6b16
[2024-09-06T17:43:07.753+0000] {core_li.py:23} INFO - Successfully updated job requisition 66db04abbf0a19d8769e6b18
[2024-09-06T17:43:07.765+0000] {core_li.py:23} INFO - Successfully updated job requisition 66db04abbf0a19d8769e6b1a
[2024-09-06T17:43:07.772+0000] {core_li.py:23} INFO - Successfully updated job requisition 66db04abbf0a19d8769e6b1c
[2024-09-06T17:43:07.785+0000] {core_li.py:23} INFO - Successfully updated job requisition 66db04abbf0a19d8769e6b1e
[2024-09-06T17:43:07.795+0000] {core_li.py:23} INFO - Successfully updated job requisition 66db04abbf0a19d8769e6b20
[2024-09-06T17:43:07.805+0000] {core_li.py:23} INFO - Successfully updated job requisition 66db04abbf0a19d8769e6b22
[2024-09-06T17:43:07.813+0000] {core_li.py:23} INFO - Successfully updated job requisition 66db04abbf0a19d8769e6b24
[2024-09-06T17:43:07.819+0000] {core_li.py:23} INFO - Successfully updated job requisition 66db04abbf0a19d8769e6b26
[2024-09-06T17:43:07.834+0000] {core_li.py:23} INFO - Successfully updated job requisition 66db04abbf0a19d8769e6b28
[2024-09-06T17:43:07.843+0000] {core_li.py:23} INFO - Successfully updated job requisition 66db04abbf0a19d8769e6b2a
[2024-09-06T17:43:07.852+0000] {core_li.py:23} INFO - Successfully updated job requisition 66db04abbf0a19d8769e6b2c
[2024-09-06T17:43:07.861+0000] {core_li.py:23} INFO - Successfully updated job requisition 66db04abbf0a19d8769e6b2e
[2024-09-06T17:43:07.870+0000] {core_li.py:23} INFO - Successfully updated job requisition 66db04abbf0a19d8769e6b30
[2024-09-06T17:43:07.881+0000] {core_li.py:23} INFO - Successfully updated job requisition 66db04abbf0a19d8769e6b32
[2024-09-06T17:43:07.888+0000] {core_li.py:23} INFO - Successfully updated job requisition 66db04abbf0a19d8769e6b34
[2024-09-06T17:43:07.894+0000] {core_li.py:23} INFO - Successfully updated job requisition 66db04abbf0a19d8769e6b36
[2024-09-06T17:43:07.905+0000] {core_li.py:23} INFO - Successfully updated job requisition 66db04abbf0a19d8769e6b38
[2024-09-06T17:43:07.913+0000] {core_li.py:23} INFO - Successfully updated job requisition 66db04abbf0a19d8769e6b3a
[2024-09-06T17:43:07.921+0000] {core_li.py:23} INFO - Successfully updated job requisition 66db04abbf0a19d8769e6b3c
[2024-09-06T17:43:07.930+0000] {core_li.py:23} INFO - Successfully updated job requisition 66db04abbf0a19d8769e6b3e
[2024-09-06T17:43:07.940+0000] {core_li.py:23} INFO - Successfully updated job requisition 66db04abbf0a19d8769e6b40
[2024-09-06T17:43:07.948+0000] {core_li.py:23} INFO - Successfully updated job requisition 66db04abbf0a19d8769e6b42
[2024-09-06T17:43:07.957+0000] {core_li.py:23} INFO - Successfully updated job requisition 66db04abbf0a19d8769e6b44
[2024-09-06T17:43:07.963+0000] {core_li.py:23} INFO - Successfully updated job requisition 66db04abbf0a19d8769e6b46
[2024-09-06T17:43:07.970+0000] {core_li.py:23} INFO - Successfully updated job requisition 66db04abbf0a19d8769e6b48
[2024-09-06T17:43:07.983+0000] {core_li.py:23} INFO - Successfully updated job requisition 66db04abbf0a19d8769e6b4a
[2024-09-06T17:43:07.989+0000] {core_li.py:23} INFO - Successfully updated job requisition 66db04abbf0a19d8769e6b4c
[2024-09-06T17:43:07.997+0000] {core_li.py:23} INFO - Successfully updated job requisition 66db04abbf0a19d8769e6b4e
[2024-09-06T17:43:08.007+0000] {core_li.py:23} INFO - Successfully updated job requisition 66db04abbf0a19d8769e6b50
[2024-09-06T17:43:08.016+0000] {core_li.py:23} INFO - Successfully updated job requisition 66db04abbf0a19d8769e6b52
[2024-09-06T17:43:08.025+0000] {core_li.py:23} INFO - Successfully updated job requisition 66db04abbf0a19d8769e6b54
[2024-09-06T17:43:08.033+0000] {core_li.py:23} INFO - Successfully updated job requisition 66db04abbf0a19d8769e6b56
[2024-09-06T17:43:08.042+0000] {core_li.py:23} INFO - Successfully updated job requisition 66db04abbf0a19d8769e6b58
[2024-09-06T17:43:08.051+0000] {core_li.py:23} INFO - Successfully updated job requisition 66db04abbf0a19d8769e6b5a
[2024-09-06T17:43:08.059+0000] {core_li.py:23} INFO - Successfully updated job requisition 66db04abbf0a19d8769e6b5c
[2024-09-06T17:43:08.072+0000] {core_li.py:23} INFO - Successfully updated job requisition 66db04abbf0a19d8769e6b5e
[2024-09-06T17:43:08.080+0000] {core_li.py:23} INFO - Successfully updated job requisition 66db04abbf0a19d8769e6b60
[2024-09-06T17:43:08.089+0000] {core_li.py:23} INFO - Successfully updated job requisition 66db04abbf0a19d8769e6b62
[2024-09-06T17:43:08.100+0000] {core_li.py:23} INFO - Successfully updated job requisition 66db04abbf0a19d8769e6b64
[2024-09-06T17:43:08.108+0000] {core_li.py:23} INFO - Successfully updated job requisition 66db04abbf0a19d8769e6b66
[2024-09-06T17:43:08.116+0000] {core_li.py:23} INFO - Successfully updated job requisition 66db04abbf0a19d8769e6b68
[2024-09-06T17:43:08.124+0000] {core_li.py:23} INFO - Successfully updated job requisition 66db04abbf0a19d8769e6b6a
[2024-09-06T17:43:08.130+0000] {core_li.py:23} INFO - Successfully updated job requisition 66db04abbf0a19d8769e6b6c
[2024-09-06T17:43:08.145+0000] {core_li.py:23} INFO - Successfully updated job requisition 66db04abbf0a19d8769e6b6e
[2024-09-06T17:43:08.154+0000] {core_li.py:23} INFO - Successfully updated job requisition 66db04abbf0a19d8769e6b70
[2024-09-06T17:43:08.162+0000] {core_li.py:23} INFO - Successfully updated job requisition 66db04abbf0a19d8769e6b72
[2024-09-06T17:43:08.168+0000] {core_li.py:23} INFO - Successfully updated job requisition 66db04abbf0a19d8769e6b74
[2024-09-06T17:43:08.174+0000] {core_li.py:23} INFO - Successfully updated job requisition 66db04abbf0a19d8769e6b76
[2024-09-06T17:43:08.183+0000] {core_li.py:23} INFO - Successfully updated job requisition 66db04abbf0a19d8769e6b78
[2024-09-06T17:43:08.193+0000] {core_li.py:23} INFO - Successfully updated job requisition 66db04abbf0a19d8769e6b7a
[2024-09-06T17:43:08.203+0000] {core_li.py:23} INFO - Successfully updated job requisition 66db04abbf0a19d8769e6b7c
[2024-09-06T17:43:08.209+0000] {core_li.py:23} INFO - Successfully updated job requisition 66db04abbf0a19d8769e6b7e
[2024-09-06T17:43:08.217+0000] {core_li.py:23} INFO - Successfully updated job requisition 66db04abbf0a19d8769e6b80
[2024-09-06T17:43:08.225+0000] {core_li.py:23} INFO - Successfully updated job requisition 66db04abbf0a19d8769e6b82
[2024-09-06T17:43:08.232+0000] {core_li.py:23} INFO - Successfully updated job requisition 66db04abbf0a19d8769e6b84
[2024-09-06T17:43:08.241+0000] {core_li.py:23} INFO - Successfully updated job requisition 66db04abbf0a19d8769e6b86
[2024-09-06T17:43:08.249+0000] {core_li.py:23} INFO - Successfully updated job requisition 66db04abbf0a19d8769e6b88
[2024-09-06T17:43:08.264+0000] {core_li.py:23} INFO - Successfully updated job requisition 66db04abbf0a19d8769e6b8a
[2024-09-06T17:43:08.274+0000] {core_li.py:23} INFO - Successfully updated job requisition 66db04abbf0a19d8769e6b8c
[2024-09-06T17:43:08.280+0000] {core_li.py:23} INFO - Successfully updated job requisition 66db04abbf0a19d8769e6b8e
[2024-09-06T17:43:08.290+0000] {core_li.py:23} INFO - Successfully updated job requisition 66db04abbf0a19d8769e6b90
[2024-09-06T17:43:08.298+0000] {core_li.py:23} INFO - Successfully updated job requisition 66db04abbf0a19d8769e6b92
[2024-09-06T17:43:08.309+0000] {core_li.py:23} INFO - Successfully updated job requisition 66db04abbf0a19d8769e6b94
[2024-09-06T17:43:08.317+0000] {core_li.py:23} INFO - Successfully updated job requisition 66db04abbf0a19d8769e6b96
[2024-09-06T17:43:08.326+0000] {core_li.py:23} INFO - Successfully updated job requisition 66db04abbf0a19d8769e6b98
[2024-09-06T17:43:08.340+0000] {core_li.py:23} INFO - Successfully updated job requisition 66db04abbf0a19d8769e6b9a
[2024-09-06T17:43:08.349+0000] {core_li.py:23} INFO - Successfully updated job requisition 66db04abbf0a19d8769e6b9c
[2024-09-06T17:43:08.356+0000] {core_li.py:23} INFO - Successfully updated job requisition 66db04abbf0a19d8769e6b9e
[2024-09-06T17:43:08.362+0000] {core_li.py:23} INFO - Successfully updated job requisition 66db04abbf0a19d8769e6ba0
[2024-09-06T17:43:08.368+0000] {core_li.py:23} INFO - Successfully updated job requisition 66db04abbf0a19d8769e6ba2
[2024-09-06T17:43:08.377+0000] {core_li.py:23} INFO - Successfully updated job requisition 66db04abbf0a19d8769e6ba4
[2024-09-06T17:43:08.384+0000] {core_li.py:23} INFO - Successfully updated job requisition 66db04abbf0a19d8769e6ba6
[2024-09-06T17:43:08.393+0000] {core_li.py:23} INFO - Successfully updated job requisition 66db04abbf0a19d8769e6ba8
[2024-09-06T17:43:08.401+0000] {core_li.py:23} INFO - Successfully updated job requisition 66db04abbf0a19d8769e6baa
[2024-09-06T17:43:08.412+0000] {core_li.py:23} INFO - Successfully updated job requisition 66db04abbf0a19d8769e6bac
[2024-09-06T17:43:08.425+0000] {core_li.py:23} INFO - Successfully updated job requisition 66db04abbf0a19d8769e6bae
[2024-09-06T17:43:08.438+0000] {core_li.py:23} INFO - Successfully updated job requisition 66db04abbf0a19d8769e6bb0
[2024-09-06T17:43:08.457+0000] {core_li.py:23} INFO - Successfully updated job requisition 66db04abbf0a19d8769e6bb2
[2024-09-06T17:43:08.484+0000] {core_li.py:23} INFO - Successfully updated job requisition 66db04abbf0a19d8769e6bb4
[2024-09-06T17:43:08.494+0000] {core_li.py:23} INFO - Successfully updated job requisition 66db04abbf0a19d8769e6bb6
[2024-09-06T17:43:08.504+0000] {core_li.py:23} INFO - Successfully updated job requisition 66db04abbf0a19d8769e6bb8
[2024-09-06T17:43:08.510+0000] {core_li.py:23} INFO - Successfully updated job requisition 66db04abbf0a19d8769e6bba
[2024-09-06T17:43:08.521+0000] {core_li.py:23} INFO - Successfully updated job requisition 66db04abbf0a19d8769e6bbc
[2024-09-06T17:43:08.544+0000] {core_li.py:23} INFO - Successfully updated job requisition 66db04abbf0a19d8769e6bbe
[2024-09-06T17:43:08.558+0000] {core_li.py:23} INFO - Successfully updated job requisition 66db04abbf0a19d8769e6bc0
[2024-09-06T17:43:08.568+0000] {core_li.py:23} INFO - Successfully updated job requisition 66db04abbf0a19d8769e6bc2
[2024-09-06T17:43:08.578+0000] {core_li.py:23} INFO - Successfully updated job requisition 66db04abbf0a19d8769e6bc4
[2024-09-06T17:43:08.587+0000] {core_li.py:23} INFO - Successfully updated job requisition 66db04abbf0a19d8769e6bc6
[2024-09-06T17:43:08.597+0000] {core_li.py:23} INFO - Successfully updated job requisition 66db04abbf0a19d8769e6bc8
[2024-09-06T17:43:08.600+0000] {python.py:240} INFO - Done. Returned value was: 100
[2024-09-06T17:43:08.631+0000] {taskinstance.py:340} INFO - ::group::Post task execution logs
[2024-09-06T17:43:08.635+0000] {taskinstance.py:352} INFO - Marking task as SUCCESS. dag_id=async_flow, task_id=task_backfill_number_of_cancelled_candidates_in_batch, run_id=manual__2024-09-06T17:43:02.727107+00:00, map_index=20, execution_date=20240906T174302, start_date=20240906T174307, end_date=20240906T174308
[2024-09-06T17:43:08.684+0000] {local_task_job_runner.py:266} INFO - Task exited with return code 0
[2024-09-06T17:43:08.707+0000] {taskinstance.py:3900} INFO - 0 downstream tasks scheduled from follow-on schedule check
[2024-09-06T17:43:08.708+0000] {local_task_job_runner.py:245} INFO - ::endgroup::
