[2024-09-06T17:29:48.148+0000] {local_task_job_runner.py:123} INFO - ::group::Pre task execution logs
[2024-09-06T17:29:48.184+0000] {taskinstance.py:2612} INFO - Dependencies all met for dep_context=non-requeueable deps ti=<TaskInstance: async_flow.task_backfill_number_of_cancelled_candidates_in_batch manual__2024-09-06T17:29:39.458358+00:00 map_index=34 [queued]>
[2024-09-06T17:29:48.200+0000] {taskinstance.py:2612} INFO - Dependencies all met for dep_context=requeueable deps ti=<TaskInstance: async_flow.task_backfill_number_of_cancelled_candidates_in_batch manual__2024-09-06T17:29:39.458358+00:00 map_index=34 [queued]>
[2024-09-06T17:29:48.201+0000] {taskinstance.py:2865} INFO - Starting attempt 1 of 1
[2024-09-06T17:29:48.220+0000] {taskinstance.py:2888} INFO - Executing <Mapped(_PythonDecoratedOperator): task_backfill_number_of_cancelled_candidates_in_batch> on 2024-09-06 17:29:39.458358+00:00
[2024-09-06T17:29:48.226+0000] {warnings.py:112} WARNING - /home/***/.local/lib/python3.12/site-packages/***/task/task_runner/standard_task_runner.py:70: DeprecationWarning: This process (pid=3324) is multi-threaded, use of fork() may lead to deadlocks in the child.
  pid = os.fork()

[2024-09-06T17:29:48.231+0000] {standard_task_runner.py:72} INFO - Started process 3400 to run task
[2024-09-06T17:29:48.229+0000] {standard_task_runner.py:104} INFO - Running: ['***', 'tasks', 'run', 'async_flow', 'task_backfill_number_of_cancelled_candidates_in_batch', 'manual__2024-09-06T17:29:39.458358+00:00', '--job-id', '165', '--raw', '--subdir', 'DAGS_FOLDER/dags_async_flow.py', '--cfg-path', '/tmp/tmpwsrfvmg7', '--map-index', '34']
[2024-09-06T17:29:48.237+0000] {standard_task_runner.py:105} INFO - Job 165: Subtask task_backfill_number_of_cancelled_candidates_in_batch
[2024-09-06T17:29:48.291+0000] {task_command.py:467} INFO - Running <TaskInstance: async_flow.task_backfill_number_of_cancelled_candidates_in_batch manual__2024-09-06T17:29:39.458358+00:00 map_index=34 [running]> on host a3a5f1897683
[2024-09-06T17:29:48.406+0000] {taskinstance.py:3131} INFO - Exporting env vars: AIRFLOW_CTX_DAG_OWNER='***' AIRFLOW_CTX_DAG_ID='async_flow' AIRFLOW_CTX_TASK_ID='task_backfill_number_of_cancelled_candidates_in_batch' AIRFLOW_CTX_EXECUTION_DATE='2024-09-06T17:29:39.458358+00:00' AIRFLOW_CTX_TRY_NUMBER='1' AIRFLOW_CTX_DAG_RUN_ID='manual__2024-09-06T17:29:39.458358+00:00'
[2024-09-06T17:29:48.407+0000] {taskinstance.py:731} INFO - ::endgroup::
[2024-09-06T17:29:48.444+0000] {core_li.py:23} INFO - Successfully updated job requisition 66db04acbf0a19d8769e80e2
[2024-09-06T17:29:48.456+0000] {core_li.py:23} INFO - Successfully updated job requisition 66db04acbf0a19d8769e80e4
[2024-09-06T17:29:48.465+0000] {core_li.py:23} INFO - Successfully updated job requisition 66db04acbf0a19d8769e80e6
[2024-09-06T17:29:48.475+0000] {core_li.py:23} INFO - Successfully updated job requisition 66db04acbf0a19d8769e80e8
[2024-09-06T17:29:48.484+0000] {core_li.py:23} INFO - Successfully updated job requisition 66db04acbf0a19d8769e80ea
[2024-09-06T17:29:48.495+0000] {core_li.py:23} INFO - Successfully updated job requisition 66db04acbf0a19d8769e80ec
[2024-09-06T17:29:48.515+0000] {core_li.py:23} INFO - Successfully updated job requisition 66db04acbf0a19d8769e80ee
[2024-09-06T17:29:48.537+0000] {core_li.py:23} INFO - Successfully updated job requisition 66db04acbf0a19d8769e80f0
[2024-09-06T17:29:48.550+0000] {core_li.py:23} INFO - Successfully updated job requisition 66db04acbf0a19d8769e80f2
[2024-09-06T17:29:48.569+0000] {core_li.py:23} INFO - Successfully updated job requisition 66db04acbf0a19d8769e80f4
[2024-09-06T17:29:48.588+0000] {core_li.py:23} INFO - Successfully updated job requisition 66db04acbf0a19d8769e80f6
[2024-09-06T17:29:48.600+0000] {core_li.py:23} INFO - Successfully updated job requisition 66db04acbf0a19d8769e80f8
[2024-09-06T17:29:48.649+0000] {core_li.py:23} INFO - Successfully updated job requisition 66db04acbf0a19d8769e80fa
[2024-09-06T17:29:48.660+0000] {core_li.py:23} INFO - Successfully updated job requisition 66db04acbf0a19d8769e80fc
[2024-09-06T17:29:48.677+0000] {core_li.py:23} INFO - Successfully updated job requisition 66db04acbf0a19d8769e80fe
[2024-09-06T17:29:48.693+0000] {core_li.py:23} INFO - Successfully updated job requisition 66db04acbf0a19d8769e8100
[2024-09-06T17:29:48.703+0000] {core_li.py:23} INFO - Successfully updated job requisition 66db04acbf0a19d8769e8102
[2024-09-06T17:29:48.713+0000] {core_li.py:23} INFO - Successfully updated job requisition 66db04acbf0a19d8769e8104
[2024-09-06T17:29:48.726+0000] {core_li.py:23} INFO - Successfully updated job requisition 66db04acbf0a19d8769e8106
[2024-09-06T17:29:48.733+0000] {core_li.py:23} INFO - Successfully updated job requisition 66db04acbf0a19d8769e8108
[2024-09-06T17:29:48.747+0000] {core_li.py:23} INFO - Successfully updated job requisition 66db04acbf0a19d8769e810a
[2024-09-06T17:29:48.758+0000] {core_li.py:23} INFO - Successfully updated job requisition 66db04acbf0a19d8769e810c
[2024-09-06T17:29:48.772+0000] {core_li.py:23} INFO - Successfully updated job requisition 66db04acbf0a19d8769e810e
[2024-09-06T17:29:48.780+0000] {core_li.py:23} INFO - Successfully updated job requisition 66db04acbf0a19d8769e8110
[2024-09-06T17:29:48.788+0000] {core_li.py:23} INFO - Successfully updated job requisition 66db04acbf0a19d8769e8112
[2024-09-06T17:29:48.796+0000] {core_li.py:23} INFO - Successfully updated job requisition 66db04acbf0a19d8769e8114
[2024-09-06T17:29:48.804+0000] {core_li.py:23} INFO - Successfully updated job requisition 66db04acbf0a19d8769e8116
[2024-09-06T17:29:48.814+0000] {core_li.py:23} INFO - Successfully updated job requisition 66db04acbf0a19d8769e8118
[2024-09-06T17:29:48.823+0000] {core_li.py:23} INFO - Successfully updated job requisition 66db04acbf0a19d8769e811a
[2024-09-06T17:29:48.829+0000] {core_li.py:23} INFO - Successfully updated job requisition 66db04acbf0a19d8769e811c
[2024-09-06T17:29:48.836+0000] {core_li.py:23} INFO - Successfully updated job requisition 66db04acbf0a19d8769e811e
[2024-09-06T17:29:48.850+0000] {core_li.py:23} INFO - Successfully updated job requisition 66db04acbf0a19d8769e8120
[2024-09-06T17:29:48.857+0000] {core_li.py:23} INFO - Successfully updated job requisition 66db04acbf0a19d8769e8122
[2024-09-06T17:29:48.867+0000] {core_li.py:23} INFO - Successfully updated job requisition 66db04acbf0a19d8769e8124
[2024-09-06T17:29:48.874+0000] {core_li.py:23} INFO - Successfully updated job requisition 66db04acbf0a19d8769e8126
[2024-09-06T17:29:48.882+0000] {core_li.py:23} INFO - Successfully updated job requisition 66db04acbf0a19d8769e8128
[2024-09-06T17:29:48.889+0000] {core_li.py:23} INFO - Successfully updated job requisition 66db04acbf0a19d8769e812a
[2024-09-06T17:29:48.898+0000] {core_li.py:23} INFO - Successfully updated job requisition 66db04acbf0a19d8769e812c
[2024-09-06T17:29:48.905+0000] {core_li.py:23} INFO - Successfully updated job requisition 66db04acbf0a19d8769e812e
[2024-09-06T17:29:48.913+0000] {core_li.py:23} INFO - Successfully updated job requisition 66db04acbf0a19d8769e8130
[2024-09-06T17:29:48.919+0000] {core_li.py:23} INFO - Successfully updated job requisition 66db04acbf0a19d8769e8132
[2024-09-06T17:29:48.925+0000] {core_li.py:23} INFO - Successfully updated job requisition 66db04acbf0a19d8769e8134
[2024-09-06T17:29:48.936+0000] {core_li.py:23} INFO - Successfully updated job requisition 66db04acbf0a19d8769e8136
[2024-09-06T17:29:48.942+0000] {core_li.py:23} INFO - Successfully updated job requisition 66db04acbf0a19d8769e8138
[2024-09-06T17:29:48.949+0000] {core_li.py:23} INFO - Successfully updated job requisition 66db04acbf0a19d8769e813a
[2024-09-06T17:29:48.956+0000] {core_li.py:23} INFO - Successfully updated job requisition 66db04acbf0a19d8769e813c
[2024-09-06T17:29:48.966+0000] {core_li.py:23} INFO - Successfully updated job requisition 66db04acbf0a19d8769e813e
[2024-09-06T17:29:48.976+0000] {core_li.py:23} INFO - Successfully updated job requisition 66db04acbf0a19d8769e8140
[2024-09-06T17:29:48.989+0000] {core_li.py:23} INFO - Successfully updated job requisition 66db04acbf0a19d8769e8142
[2024-09-06T17:29:49.000+0000] {core_li.py:23} INFO - Successfully updated job requisition 66db04acbf0a19d8769e8144
[2024-09-06T17:29:49.008+0000] {core_li.py:23} INFO - Successfully updated job requisition 66db04acbf0a19d8769e8146
[2024-09-06T17:29:49.015+0000] {core_li.py:23} INFO - Successfully updated job requisition 66db04acbf0a19d8769e8148
[2024-09-06T17:29:49.022+0000] {core_li.py:23} INFO - Successfully updated job requisition 66db04acbf0a19d8769e814a
[2024-09-06T17:29:49.030+0000] {core_li.py:23} INFO - Successfully updated job requisition 66db04acbf0a19d8769e814c
[2024-09-06T17:29:49.039+0000] {core_li.py:23} INFO - Successfully updated job requisition 66db04acbf0a19d8769e814e
[2024-09-06T17:29:49.050+0000] {core_li.py:23} INFO - Successfully updated job requisition 66db04acbf0a19d8769e8150
[2024-09-06T17:29:49.060+0000] {core_li.py:23} INFO - Successfully updated job requisition 66db04acbf0a19d8769e8152
[2024-09-06T17:29:49.066+0000] {core_li.py:23} INFO - Successfully updated job requisition 66db04acbf0a19d8769e8154
[2024-09-06T17:29:49.074+0000] {core_li.py:23} INFO - Successfully updated job requisition 66db04acbf0a19d8769e8156
[2024-09-06T17:29:49.081+0000] {core_li.py:23} INFO - Successfully updated job requisition 66db04acbf0a19d8769e8158
[2024-09-06T17:29:49.088+0000] {core_li.py:23} INFO - Successfully updated job requisition 66db04acbf0a19d8769e815a
[2024-09-06T17:29:49.095+0000] {core_li.py:23} INFO - Successfully updated job requisition 66db04acbf0a19d8769e815c
[2024-09-06T17:29:49.102+0000] {core_li.py:23} INFO - Successfully updated job requisition 66db04acbf0a19d8769e815e
[2024-09-06T17:29:49.110+0000] {core_li.py:23} INFO - Successfully updated job requisition 66db04acbf0a19d8769e8160
[2024-09-06T17:29:49.118+0000] {core_li.py:23} INFO - Successfully updated job requisition 66db04acbf0a19d8769e8162
[2024-09-06T17:29:49.127+0000] {core_li.py:23} INFO - Successfully updated job requisition 66db04acbf0a19d8769e8164
[2024-09-06T17:29:49.134+0000] {core_li.py:23} INFO - Successfully updated job requisition 66db04acbf0a19d8769e8166
[2024-09-06T17:29:49.140+0000] {core_li.py:23} INFO - Successfully updated job requisition 66db04acbf0a19d8769e8168
[2024-09-06T17:29:49.148+0000] {core_li.py:23} INFO - Successfully updated job requisition 66db04acbf0a19d8769e816a
[2024-09-06T17:29:49.156+0000] {core_li.py:23} INFO - Successfully updated job requisition 66db04acbf0a19d8769e816c
[2024-09-06T17:29:49.164+0000] {core_li.py:23} INFO - Successfully updated job requisition 66db04acbf0a19d8769e816e
[2024-09-06T17:29:49.172+0000] {core_li.py:23} INFO - Successfully updated job requisition 66db04acbf0a19d8769e8170
[2024-09-06T17:29:49.180+0000] {core_li.py:23} INFO - Successfully updated job requisition 66db04acbf0a19d8769e8172
[2024-09-06T17:29:49.189+0000] {core_li.py:23} INFO - Successfully updated job requisition 66db04acbf0a19d8769e8174
[2024-09-06T17:29:49.198+0000] {core_li.py:23} INFO - Successfully updated job requisition 66db04acbf0a19d8769e8176
[2024-09-06T17:29:49.209+0000] {core_li.py:23} INFO - Successfully updated job requisition 66db04acbf0a19d8769e8178
[2024-09-06T17:29:49.222+0000] {core_li.py:23} INFO - Successfully updated job requisition 66db04acbf0a19d8769e817a
[2024-09-06T17:29:49.234+0000] {core_li.py:23} INFO - Successfully updated job requisition 66db04acbf0a19d8769e817c
[2024-09-06T17:29:49.247+0000] {core_li.py:23} INFO - Successfully updated job requisition 66db04acbf0a19d8769e817e
[2024-09-06T17:29:49.254+0000] {core_li.py:23} INFO - Successfully updated job requisition 66db04acbf0a19d8769e8180
[2024-09-06T17:29:49.260+0000] {core_li.py:23} INFO - Successfully updated job requisition 66db04acbf0a19d8769e8182
[2024-09-06T17:29:49.268+0000] {core_li.py:23} INFO - Successfully updated job requisition 66db04acbf0a19d8769e8184
[2024-09-06T17:29:49.277+0000] {core_li.py:23} INFO - Successfully updated job requisition 66db04acbf0a19d8769e8186
[2024-09-06T17:29:49.289+0000] {core_li.py:23} INFO - Successfully updated job requisition 66db04acbf0a19d8769e8188
[2024-09-06T17:29:49.299+0000] {core_li.py:23} INFO - Successfully updated job requisition 66db04acbf0a19d8769e818a
[2024-09-06T17:29:49.310+0000] {core_li.py:23} INFO - Successfully updated job requisition 66db04acbf0a19d8769e818c
[2024-09-06T17:29:49.318+0000] {core_li.py:23} INFO - Successfully updated job requisition 66db04acbf0a19d8769e818e
[2024-09-06T17:29:49.329+0000] {core_li.py:23} INFO - Successfully updated job requisition 66db04acbf0a19d8769e8190
[2024-09-06T17:29:49.343+0000] {core_li.py:23} INFO - Successfully updated job requisition 66db04acbf0a19d8769e8192
[2024-09-06T17:29:49.356+0000] {core_li.py:23} INFO - Successfully updated job requisition 66db04acbf0a19d8769e8194
[2024-09-06T17:29:49.372+0000] {core_li.py:23} INFO - Successfully updated job requisition 66db04acbf0a19d8769e8196
[2024-09-06T17:29:49.396+0000] {core_li.py:23} INFO - Successfully updated job requisition 66db04acbf0a19d8769e8198
[2024-09-06T17:29:49.409+0000] {core_li.py:23} INFO - Successfully updated job requisition 66db04acbf0a19d8769e819a
[2024-09-06T17:29:49.426+0000] {core_li.py:23} INFO - Successfully updated job requisition 66db04acbf0a19d8769e819c
[2024-09-06T17:29:49.438+0000] {core_li.py:23} INFO - Successfully updated job requisition 66db04acbf0a19d8769e819e
[2024-09-06T17:29:49.468+0000] {core_li.py:23} INFO - Successfully updated job requisition 66db04acbf0a19d8769e81a0
[2024-09-06T17:29:49.493+0000] {core_li.py:23} INFO - Successfully updated job requisition 66db04acbf0a19d8769e81a2
[2024-09-06T17:29:49.506+0000] {core_li.py:23} INFO - Successfully updated job requisition 66db04acbf0a19d8769e81a4
[2024-09-06T17:29:49.514+0000] {core_li.py:23} INFO - Successfully updated job requisition 66db04acbf0a19d8769e81a6
[2024-09-06T17:29:49.522+0000] {core_li.py:23} INFO - Successfully updated job requisition 66db04acbf0a19d8769e81a8
[2024-09-06T17:29:49.523+0000] {python.py:240} INFO - Done. Returned value was: 100
[2024-09-06T17:29:49.560+0000] {taskinstance.py:340} INFO - ::group::Post task execution logs
[2024-09-06T17:29:49.561+0000] {taskinstance.py:352} INFO - Marking task as SUCCESS. dag_id=async_flow, task_id=task_backfill_number_of_cancelled_candidates_in_batch, run_id=manual__2024-09-06T17:29:39.458358+00:00, map_index=34, execution_date=20240906T172939, start_date=20240906T172948, end_date=20240906T172949
[2024-09-06T17:29:49.617+0000] {local_task_job_runner.py:266} INFO - Task exited with return code 0
[2024-09-06T17:29:49.634+0000] {taskinstance.py:3900} INFO - 0 downstream tasks scheduled from follow-on schedule check
[2024-09-06T17:29:49.636+0000] {local_task_job_runner.py:245} INFO - ::endgroup::
