[2024-09-06T17:45:53.586+0000] {local_task_job_runner.py:123} INFO - ::group::Pre task execution logs
[2024-09-06T17:45:53.603+0000] {taskinstance.py:2612} INFO - Dependencies all met for dep_context=non-requeueable deps ti=<TaskInstance: async_flow.task_backfill_number_of_cancelled_candidates_in_batch manual__2024-09-06T17:29:39.458358+00:00 map_index=34 [queued]>
[2024-09-06T17:45:53.631+0000] {taskinstance.py:2612} INFO - Dependencies all met for dep_context=requeueable deps ti=<TaskInstance: async_flow.task_backfill_number_of_cancelled_candidates_in_batch manual__2024-09-06T17:29:39.458358+00:00 map_index=34 [queued]>
[2024-09-06T17:45:53.633+0000] {taskinstance.py:2865} INFO - Starting attempt 2 of 2
[2024-09-06T17:45:53.655+0000] {taskinstance.py:2888} INFO - Executing <Mapped(_PythonDecoratedOperator): task_backfill_number_of_cancelled_candidates_in_batch> on 2024-09-06 17:29:39.458358+00:00
[2024-09-06T17:45:53.670+0000] {standard_task_runner.py:104} INFO - Running: ['***', 'tasks', 'run', 'async_flow', 'task_backfill_number_of_cancelled_candidates_in_batch', 'manual__2024-09-06T17:29:39.458358+00:00', '--job-id', '259', '--raw', '--subdir', 'DAGS_FOLDER/dags_async_flow.py', '--cfg-path', '/tmp/tmp9tfvlds0', '--map-index', '34']
[2024-09-06T17:45:53.679+0000] {standard_task_runner.py:105} INFO - Job 259: Subtask task_backfill_number_of_cancelled_candidates_in_batch
[2024-09-06T17:45:53.679+0000] {warnings.py:112} WARNING - /home/***/.local/lib/python3.12/site-packages/***/task/task_runner/standard_task_runner.py:70: DeprecationWarning: This process (pid=610) is multi-threaded, use of fork() may lead to deadlocks in the child.
  pid = os.fork()

[2024-09-06T17:45:53.682+0000] {standard_task_runner.py:72} INFO - Started process 673 to run task
[2024-09-06T17:45:53.781+0000] {task_command.py:467} INFO - Running <TaskInstance: async_flow.task_backfill_number_of_cancelled_candidates_in_batch manual__2024-09-06T17:29:39.458358+00:00 map_index=34 [running]> on host 0817eb6c24af
[2024-09-06T17:45:53.957+0000] {taskinstance.py:3131} INFO - Exporting env vars: AIRFLOW_CTX_DAG_OWNER='***' AIRFLOW_CTX_DAG_ID='async_flow' AIRFLOW_CTX_TASK_ID='task_backfill_number_of_cancelled_candidates_in_batch' AIRFLOW_CTX_EXECUTION_DATE='2024-09-06T17:29:39.458358+00:00' AIRFLOW_CTX_TRY_NUMBER='2' AIRFLOW_CTX_DAG_RUN_ID='manual__2024-09-06T17:29:39.458358+00:00'
[2024-09-06T17:45:53.960+0000] {taskinstance.py:731} INFO - ::endgroup::
[2024-09-06T17:45:53.992+0000] {core_li.py:23} INFO - Successfully updated job requisition 66db04acbf0a19d8769e80e2
[2024-09-06T17:45:54.007+0000] {core_li.py:23} INFO - Successfully updated job requisition 66db04acbf0a19d8769e80e4
[2024-09-06T17:45:54.017+0000] {core_li.py:23} INFO - Successfully updated job requisition 66db04acbf0a19d8769e80e6
[2024-09-06T17:45:54.029+0000] {core_li.py:23} INFO - Successfully updated job requisition 66db04acbf0a19d8769e80e8
[2024-09-06T17:45:54.041+0000] {core_li.py:23} INFO - Successfully updated job requisition 66db04acbf0a19d8769e80ea
[2024-09-06T17:45:54.051+0000] {core_li.py:23} INFO - Successfully updated job requisition 66db04acbf0a19d8769e80ec
[2024-09-06T17:45:54.078+0000] {core_li.py:23} INFO - Successfully updated job requisition 66db04acbf0a19d8769e80ee
[2024-09-06T17:45:54.095+0000] {core_li.py:23} INFO - Successfully updated job requisition 66db04acbf0a19d8769e80f0
[2024-09-06T17:45:54.106+0000] {core_li.py:23} INFO - Successfully updated job requisition 66db04acbf0a19d8769e80f2
[2024-09-06T17:45:54.120+0000] {core_li.py:23} INFO - Successfully updated job requisition 66db04acbf0a19d8769e80f4
[2024-09-06T17:45:54.139+0000] {core_li.py:23} INFO - Successfully updated job requisition 66db04acbf0a19d8769e80f6
[2024-09-06T17:45:54.157+0000] {core_li.py:23} INFO - Successfully updated job requisition 66db04acbf0a19d8769e80f8
[2024-09-06T17:45:54.186+0000] {core_li.py:23} INFO - Successfully updated job requisition 66db04acbf0a19d8769e80fa
[2024-09-06T17:45:54.197+0000] {core_li.py:23} INFO - Successfully updated job requisition 66db04acbf0a19d8769e80fc
[2024-09-06T17:45:54.209+0000] {core_li.py:23} INFO - Successfully updated job requisition 66db04acbf0a19d8769e80fe
[2024-09-06T17:45:54.225+0000] {core_li.py:23} INFO - Successfully updated job requisition 66db04acbf0a19d8769e8100
[2024-09-06T17:45:54.234+0000] {core_li.py:23} INFO - Successfully updated job requisition 66db04acbf0a19d8769e8102
[2024-09-06T17:45:54.244+0000] {core_li.py:23} INFO - Successfully updated job requisition 66db04acbf0a19d8769e8104
[2024-09-06T17:45:54.255+0000] {core_li.py:23} INFO - Successfully updated job requisition 66db04acbf0a19d8769e8106
[2024-09-06T17:45:54.267+0000] {core_li.py:23} INFO - Successfully updated job requisition 66db04acbf0a19d8769e8108
[2024-09-06T17:45:54.277+0000] {core_li.py:23} INFO - Successfully updated job requisition 66db04acbf0a19d8769e810a
[2024-09-06T17:45:54.287+0000] {core_li.py:23} INFO - Successfully updated job requisition 66db04acbf0a19d8769e810c
[2024-09-06T17:45:54.296+0000] {core_li.py:23} INFO - Successfully updated job requisition 66db04acbf0a19d8769e810e
[2024-09-06T17:45:54.304+0000] {core_li.py:23} INFO - Successfully updated job requisition 66db04acbf0a19d8769e8110
[2024-09-06T17:45:54.314+0000] {core_li.py:23} INFO - Successfully updated job requisition 66db04acbf0a19d8769e8112
[2024-09-06T17:45:54.323+0000] {core_li.py:23} INFO - Successfully updated job requisition 66db04acbf0a19d8769e8114
[2024-09-06T17:45:54.332+0000] {core_li.py:23} INFO - Successfully updated job requisition 66db04acbf0a19d8769e8116
[2024-09-06T17:45:54.348+0000] {core_li.py:23} INFO - Successfully updated job requisition 66db04acbf0a19d8769e8118
[2024-09-06T17:45:54.360+0000] {core_li.py:23} INFO - Successfully updated job requisition 66db04acbf0a19d8769e811a
[2024-09-06T17:45:54.370+0000] {core_li.py:23} INFO - Successfully updated job requisition 66db04acbf0a19d8769e811c
[2024-09-06T17:45:54.380+0000] {core_li.py:23} INFO - Successfully updated job requisition 66db04acbf0a19d8769e811e
[2024-09-06T17:45:54.391+0000] {core_li.py:23} INFO - Successfully updated job requisition 66db04acbf0a19d8769e8120
[2024-09-06T17:45:54.400+0000] {core_li.py:23} INFO - Successfully updated job requisition 66db04acbf0a19d8769e8122
[2024-09-06T17:45:54.417+0000] {core_li.py:23} INFO - Successfully updated job requisition 66db04acbf0a19d8769e8124
[2024-09-06T17:45:54.428+0000] {core_li.py:23} INFO - Successfully updated job requisition 66db04acbf0a19d8769e8126
[2024-09-06T17:45:54.437+0000] {core_li.py:23} INFO - Successfully updated job requisition 66db04acbf0a19d8769e8128
[2024-09-06T17:45:54.451+0000] {core_li.py:23} INFO - Successfully updated job requisition 66db04acbf0a19d8769e812a
[2024-09-06T17:45:54.465+0000] {core_li.py:23} INFO - Successfully updated job requisition 66db04acbf0a19d8769e812c
[2024-09-06T17:45:54.476+0000] {core_li.py:23} INFO - Successfully updated job requisition 66db04acbf0a19d8769e812e
[2024-09-06T17:45:54.485+0000] {core_li.py:23} INFO - Successfully updated job requisition 66db04acbf0a19d8769e8130
[2024-09-06T17:45:54.497+0000] {core_li.py:23} INFO - Successfully updated job requisition 66db04acbf0a19d8769e8132
[2024-09-06T17:45:54.510+0000] {core_li.py:23} INFO - Successfully updated job requisition 66db04acbf0a19d8769e8134
[2024-09-06T17:45:54.522+0000] {core_li.py:23} INFO - Successfully updated job requisition 66db04acbf0a19d8769e8136
[2024-09-06T17:45:54.533+0000] {core_li.py:23} INFO - Successfully updated job requisition 66db04acbf0a19d8769e8138
[2024-09-06T17:45:54.544+0000] {core_li.py:23} INFO - Successfully updated job requisition 66db04acbf0a19d8769e813a
[2024-09-06T17:45:54.556+0000] {core_li.py:23} INFO - Successfully updated job requisition 66db04acbf0a19d8769e813c
[2024-09-06T17:45:54.573+0000] {core_li.py:23} INFO - Successfully updated job requisition 66db04acbf0a19d8769e813e
[2024-09-06T17:45:54.596+0000] {core_li.py:23} INFO - Successfully updated job requisition 66db04acbf0a19d8769e8140
[2024-09-06T17:45:54.612+0000] {core_li.py:23} INFO - Successfully updated job requisition 66db04acbf0a19d8769e8142
[2024-09-06T17:45:54.633+0000] {core_li.py:23} INFO - Successfully updated job requisition 66db04acbf0a19d8769e8144
[2024-09-06T17:45:54.653+0000] {core_li.py:23} INFO - Successfully updated job requisition 66db04acbf0a19d8769e8146
[2024-09-06T17:45:54.675+0000] {core_li.py:23} INFO - Successfully updated job requisition 66db04acbf0a19d8769e8148
[2024-09-06T17:45:54.699+0000] {core_li.py:23} INFO - Successfully updated job requisition 66db04acbf0a19d8769e814a
[2024-09-06T17:45:54.714+0000] {core_li.py:23} INFO - Successfully updated job requisition 66db04acbf0a19d8769e814c
[2024-09-06T17:45:54.731+0000] {core_li.py:23} INFO - Successfully updated job requisition 66db04acbf0a19d8769e814e
[2024-09-06T17:45:54.745+0000] {core_li.py:23} INFO - Successfully updated job requisition 66db04acbf0a19d8769e8150
[2024-09-06T17:45:54.769+0000] {core_li.py:23} INFO - Successfully updated job requisition 66db04acbf0a19d8769e8152
[2024-09-06T17:45:54.784+0000] {core_li.py:23} INFO - Successfully updated job requisition 66db04acbf0a19d8769e8154
[2024-09-06T17:45:54.800+0000] {core_li.py:23} INFO - Successfully updated job requisition 66db04acbf0a19d8769e8156
[2024-09-06T17:45:54.829+0000] {core_li.py:23} INFO - Successfully updated job requisition 66db04acbf0a19d8769e8158
[2024-09-06T17:45:54.852+0000] {core_li.py:23} INFO - Successfully updated job requisition 66db04acbf0a19d8769e815a
[2024-09-06T17:45:54.870+0000] {core_li.py:23} INFO - Successfully updated job requisition 66db04acbf0a19d8769e815c
[2024-09-06T17:45:54.890+0000] {core_li.py:23} INFO - Successfully updated job requisition 66db04acbf0a19d8769e815e
[2024-09-06T17:45:54.912+0000] {core_li.py:23} INFO - Successfully updated job requisition 66db04acbf0a19d8769e8160
[2024-09-06T17:45:54.935+0000] {core_li.py:23} INFO - Successfully updated job requisition 66db04acbf0a19d8769e8162
[2024-09-06T17:45:54.956+0000] {core_li.py:23} INFO - Successfully updated job requisition 66db04acbf0a19d8769e8164
[2024-09-06T17:45:54.968+0000] {core_li.py:23} INFO - Successfully updated job requisition 66db04acbf0a19d8769e8166
[2024-09-06T17:45:54.990+0000] {core_li.py:23} INFO - Successfully updated job requisition 66db04acbf0a19d8769e8168
[2024-09-06T17:45:55.000+0000] {core_li.py:23} INFO - Successfully updated job requisition 66db04acbf0a19d8769e816a
[2024-09-06T17:45:55.013+0000] {core_li.py:23} INFO - Successfully updated job requisition 66db04acbf0a19d8769e816c
[2024-09-06T17:45:55.028+0000] {core_li.py:23} INFO - Successfully updated job requisition 66db04acbf0a19d8769e816e
[2024-09-06T17:45:55.039+0000] {core_li.py:23} INFO - Successfully updated job requisition 66db04acbf0a19d8769e8170
[2024-09-06T17:45:55.046+0000] {core_li.py:23} INFO - Successfully updated job requisition 66db04acbf0a19d8769e8172
[2024-09-06T17:45:55.059+0000] {core_li.py:23} INFO - Successfully updated job requisition 66db04acbf0a19d8769e8174
[2024-09-06T17:45:55.067+0000] {core_li.py:23} INFO - Successfully updated job requisition 66db04acbf0a19d8769e8176
[2024-09-06T17:45:55.081+0000] {core_li.py:23} INFO - Successfully updated job requisition 66db04acbf0a19d8769e8178
[2024-09-06T17:45:55.093+0000] {core_li.py:23} INFO - Successfully updated job requisition 66db04acbf0a19d8769e817a
[2024-09-06T17:45:55.100+0000] {core_li.py:23} INFO - Successfully updated job requisition 66db04acbf0a19d8769e817c
[2024-09-06T17:45:55.106+0000] {core_li.py:23} INFO - Successfully updated job requisition 66db04acbf0a19d8769e817e
[2024-09-06T17:45:55.114+0000] {core_li.py:23} INFO - Successfully updated job requisition 66db04acbf0a19d8769e8180
[2024-09-06T17:45:55.121+0000] {core_li.py:23} INFO - Successfully updated job requisition 66db04acbf0a19d8769e8182
[2024-09-06T17:45:55.127+0000] {core_li.py:23} INFO - Successfully updated job requisition 66db04acbf0a19d8769e8184
[2024-09-06T17:45:55.132+0000] {core_li.py:23} INFO - Successfully updated job requisition 66db04acbf0a19d8769e8186
[2024-09-06T17:45:55.139+0000] {core_li.py:23} INFO - Successfully updated job requisition 66db04acbf0a19d8769e8188
[2024-09-06T17:45:55.145+0000] {core_li.py:23} INFO - Successfully updated job requisition 66db04acbf0a19d8769e818a
[2024-09-06T17:45:55.150+0000] {core_li.py:23} INFO - Successfully updated job requisition 66db04acbf0a19d8769e818c
[2024-09-06T17:45:55.155+0000] {core_li.py:23} INFO - Successfully updated job requisition 66db04acbf0a19d8769e818e
[2024-09-06T17:45:55.159+0000] {core_li.py:23} INFO - Successfully updated job requisition 66db04acbf0a19d8769e8190
[2024-09-06T17:45:55.163+0000] {core_li.py:23} INFO - Successfully updated job requisition 66db04acbf0a19d8769e8192
[2024-09-06T17:45:55.168+0000] {core_li.py:23} INFO - Successfully updated job requisition 66db04acbf0a19d8769e8194
[2024-09-06T17:45:55.173+0000] {core_li.py:23} INFO - Successfully updated job requisition 66db04acbf0a19d8769e8196
[2024-09-06T17:45:55.176+0000] {core_li.py:23} INFO - Successfully updated job requisition 66db04acbf0a19d8769e8198
[2024-09-06T17:45:55.180+0000] {core_li.py:23} INFO - Successfully updated job requisition 66db04acbf0a19d8769e819a
[2024-09-06T17:45:55.185+0000] {core_li.py:23} INFO - Successfully updated job requisition 66db04acbf0a19d8769e819c
[2024-09-06T17:45:55.190+0000] {core_li.py:23} INFO - Successfully updated job requisition 66db04acbf0a19d8769e819e
[2024-09-06T17:45:55.193+0000] {core_li.py:23} INFO - Successfully updated job requisition 66db04acbf0a19d8769e81a0
[2024-09-06T17:45:55.198+0000] {core_li.py:23} INFO - Successfully updated job requisition 66db04acbf0a19d8769e81a2
[2024-09-06T17:45:55.201+0000] {core_li.py:23} INFO - Successfully updated job requisition 66db04acbf0a19d8769e81a4
[2024-09-06T17:45:55.205+0000] {core_li.py:23} INFO - Successfully updated job requisition 66db04acbf0a19d8769e81a6
[2024-09-06T17:45:55.208+0000] {core_li.py:23} INFO - Successfully updated job requisition 66db04acbf0a19d8769e81a8
[2024-09-06T17:45:55.209+0000] {python.py:240} INFO - Done. Returned value was: 100
[2024-09-06T17:45:55.221+0000] {taskinstance.py:340} INFO - ::group::Post task execution logs
[2024-09-06T17:45:55.221+0000] {taskinstance.py:352} INFO - Marking task as SUCCESS. dag_id=async_flow, task_id=task_backfill_number_of_cancelled_candidates_in_batch, run_id=manual__2024-09-06T17:29:39.458358+00:00, map_index=34, execution_date=20240906T172939, start_date=20240906T174553, end_date=20240906T174555
[2024-09-06T17:45:55.232+0000] {local_task_job_runner.py:266} INFO - Task exited with return code 0
[2024-09-06T17:45:55.246+0000] {taskinstance.py:3900} INFO - 0 downstream tasks scheduled from follow-on schedule check
[2024-09-06T17:45:55.247+0000] {local_task_job_runner.py:245} INFO - ::endgroup::
