[2024-09-06T16:35:25.106+0000] {local_task_job_runner.py:123} INFO - ::group::Pre task execution logs
[2024-09-06T16:35:25.114+0000] {taskinstance.py:2612} INFO - Dependencies all met for dep_context=non-requeueable deps ti=<TaskInstance: async_flow.backfill_number_of_cancelled_candidates manual__2024-09-06T16:35:23.941605+00:00 [queued]>
[2024-09-06T16:35:25.118+0000] {taskinstance.py:2612} INFO - Dependencies all met for dep_context=requeueable deps ti=<TaskInstance: async_flow.backfill_number_of_cancelled_candidates manual__2024-09-06T16:35:23.941605+00:00 [queued]>
[2024-09-06T16:35:25.118+0000] {taskinstance.py:2865} INFO - Starting attempt 1 of 4
[2024-09-06T16:35:25.123+0000] {taskinstance.py:2888} INFO - Executing <Task(PythonOperator): backfill_number_of_cancelled_candidates> on 2024-09-06 16:35:23.941605+00:00
[2024-09-06T16:35:25.126+0000] {warnings.py:112} WARNING - /home/***/.local/lib/python3.12/site-packages/***/task/task_runner/standard_task_runner.py:70: DeprecationWarning: This process (pid=2386) is multi-threaded, use of fork() may lead to deadlocks in the child.
  pid = os.fork()

[2024-09-06T16:35:25.127+0000] {standard_task_runner.py:72} INFO - Started process 2387 to run task
[2024-09-06T16:35:25.128+0000] {standard_task_runner.py:104} INFO - Running: ['***', 'tasks', 'run', 'async_flow', 'backfill_number_of_cancelled_candidates', 'manual__2024-09-06T16:35:23.941605+00:00', '--job-id', '120', '--raw', '--subdir', 'DAGS_FOLDER/dags_async_flow.py', '--cfg-path', '/tmp/tmpu4kpoxcw']
[2024-09-06T16:35:25.129+0000] {standard_task_runner.py:105} INFO - Job 120: Subtask backfill_number_of_cancelled_candidates
[2024-09-06T16:35:25.152+0000] {task_command.py:467} INFO - Running <TaskInstance: async_flow.backfill_number_of_cancelled_candidates manual__2024-09-06T16:35:23.941605+00:00 [running]> on host a3a5f1897683
[2024-09-06T16:35:25.188+0000] {taskinstance.py:3131} INFO - Exporting env vars: AIRFLOW_CTX_DAG_OWNER='***' AIRFLOW_CTX_DAG_ID='async_flow' AIRFLOW_CTX_TASK_ID='backfill_number_of_cancelled_candidates' AIRFLOW_CTX_EXECUTION_DATE='2024-09-06T16:35:23.941605+00:00' AIRFLOW_CTX_TRY_NUMBER='1' AIRFLOW_CTX_DAG_RUN_ID='manual__2024-09-06T16:35:23.941605+00:00'
[2024-09-06T16:35:25.189+0000] {taskinstance.py:731} INFO - ::endgroup::
[2024-09-06T16:35:25.204+0000] {dags_async_flow.py:41} INFO - Total number of records to update: 4800
[2024-09-06T16:35:25.205+0000] {python.py:240} INFO - Done. Returned value was: None
[2024-09-06T16:35:25.210+0000] {taskinstance.py:340} INFO - ::group::Post task execution logs
[2024-09-06T16:35:25.210+0000] {taskinstance.py:352} INFO - Marking task as SUCCESS. dag_id=async_flow, task_id=backfill_number_of_cancelled_candidates, run_id=manual__2024-09-06T16:35:23.941605+00:00, execution_date=20240906T163523, start_date=20240906T163525, end_date=20240906T163525
[2024-09-06T16:35:25.226+0000] {local_task_job_runner.py:266} INFO - Task exited with return code 0
[2024-09-06T16:35:25.234+0000] {taskinstance.py:3900} INFO - 0 downstream tasks scheduled from follow-on schedule check
[2024-09-06T16:35:25.235+0000] {local_task_job_runner.py:245} INFO - ::endgroup::
