[2024-09-06T17:45:47.929+0000] {local_task_job_runner.py:123} INFO - ::group::Pre task execution logs
[2024-09-06T17:45:48.004+0000] {taskinstance.py:2612} INFO - Dependencies all met for dep_context=non-requeueable deps ti=<TaskInstance: async_flow.task_backfill_number_of_cancelled_candidates_in_batch manual__2024-09-06T17:29:39.458358+00:00 map_index=12 [queued]>
[2024-09-06T17:45:48.063+0000] {taskinstance.py:2612} INFO - Dependencies all met for dep_context=requeueable deps ti=<TaskInstance: async_flow.task_backfill_number_of_cancelled_candidates_in_batch manual__2024-09-06T17:29:39.458358+00:00 map_index=12 [queued]>
[2024-09-06T17:45:48.064+0000] {taskinstance.py:2865} INFO - Starting attempt 2 of 2
[2024-09-06T17:45:48.078+0000] {taskinstance.py:2888} INFO - Executing <Mapped(_PythonDecoratedOperator): task_backfill_number_of_cancelled_candidates_in_batch> on 2024-09-06 17:29:39.458358+00:00
[2024-09-06T17:45:48.093+0000] {warnings.py:112} WARNING - /home/***/.local/lib/python3.12/site-packages/***/task/task_runner/standard_task_runner.py:70: DeprecationWarning: This process (pid=423) is multi-threaded, use of fork() may lead to deadlocks in the child.
  pid = os.fork()

[2024-09-06T17:45:48.096+0000] {standard_task_runner.py:104} INFO - Running: ['***', 'tasks', 'run', 'async_flow', 'task_backfill_number_of_cancelled_candidates_in_batch', 'manual__2024-09-06T17:29:39.458358+00:00', '--job-id', '227', '--raw', '--subdir', 'DAGS_FOLDER/dags_async_flow.py', '--cfg-path', '/tmp/tmpyr_x9rim', '--map-index', '12']
[2024-09-06T17:45:48.097+0000] {standard_task_runner.py:105} INFO - Job 227: Subtask task_backfill_number_of_cancelled_candidates_in_batch
[2024-09-06T17:45:48.096+0000] {standard_task_runner.py:72} INFO - Started process 482 to run task
[2024-09-06T17:45:48.205+0000] {task_command.py:467} INFO - Running <TaskInstance: async_flow.task_backfill_number_of_cancelled_candidates_in_batch manual__2024-09-06T17:29:39.458358+00:00 map_index=12 [running]> on host 0817eb6c24af
[2024-09-06T17:45:48.370+0000] {taskinstance.py:3131} INFO - Exporting env vars: AIRFLOW_CTX_DAG_OWNER='***' AIRFLOW_CTX_DAG_ID='async_flow' AIRFLOW_CTX_TASK_ID='task_backfill_number_of_cancelled_candidates_in_batch' AIRFLOW_CTX_EXECUTION_DATE='2024-09-06T17:29:39.458358+00:00' AIRFLOW_CTX_TRY_NUMBER='2' AIRFLOW_CTX_DAG_RUN_ID='manual__2024-09-06T17:29:39.458358+00:00'
[2024-09-06T17:45:48.372+0000] {taskinstance.py:731} INFO - ::endgroup::
[2024-09-06T17:45:48.415+0000] {core_li.py:23} INFO - Successfully updated job requisition 66db04abbf0a19d8769e64c2
[2024-09-06T17:45:48.430+0000] {core_li.py:23} INFO - Successfully updated job requisition 66db04abbf0a19d8769e64c4
[2024-09-06T17:45:48.447+0000] {core_li.py:23} INFO - Successfully updated job requisition 66db04abbf0a19d8769e64c6
[2024-09-06T17:45:48.472+0000] {core_li.py:23} INFO - Successfully updated job requisition 66db04abbf0a19d8769e64c8
[2024-09-06T17:45:48.505+0000] {core_li.py:23} INFO - Successfully updated job requisition 66db04abbf0a19d8769e64ca
[2024-09-06T17:45:48.559+0000] {core_li.py:23} INFO - Successfully updated job requisition 66db04abbf0a19d8769e64cc
[2024-09-06T17:45:48.572+0000] {core_li.py:23} INFO - Successfully updated job requisition 66db04abbf0a19d8769e64ce
[2024-09-06T17:45:48.586+0000] {core_li.py:23} INFO - Successfully updated job requisition 66db04abbf0a19d8769e64d0
[2024-09-06T17:45:48.601+0000] {core_li.py:23} INFO - Successfully updated job requisition 66db04abbf0a19d8769e64d2
[2024-09-06T17:45:48.611+0000] {core_li.py:23} INFO - Successfully updated job requisition 66db04abbf0a19d8769e64d4
[2024-09-06T17:45:48.622+0000] {core_li.py:23} INFO - Successfully updated job requisition 66db04abbf0a19d8769e64d6
[2024-09-06T17:45:48.639+0000] {core_li.py:23} INFO - Successfully updated job requisition 66db04abbf0a19d8769e64d8
[2024-09-06T17:45:48.652+0000] {core_li.py:23} INFO - Successfully updated job requisition 66db04abbf0a19d8769e64da
[2024-09-06T17:45:48.664+0000] {core_li.py:23} INFO - Successfully updated job requisition 66db04abbf0a19d8769e64dc
[2024-09-06T17:45:48.677+0000] {core_li.py:23} INFO - Successfully updated job requisition 66db04abbf0a19d8769e64de
[2024-09-06T17:45:48.693+0000] {core_li.py:23} INFO - Successfully updated job requisition 66db04abbf0a19d8769e64e0
[2024-09-06T17:45:48.707+0000] {core_li.py:23} INFO - Successfully updated job requisition 66db04abbf0a19d8769e64e2
[2024-09-06T17:45:48.721+0000] {core_li.py:23} INFO - Successfully updated job requisition 66db04abbf0a19d8769e64e4
[2024-09-06T17:45:48.733+0000] {core_li.py:23} INFO - Successfully updated job requisition 66db04abbf0a19d8769e64e6
[2024-09-06T17:45:48.748+0000] {core_li.py:23} INFO - Successfully updated job requisition 66db04abbf0a19d8769e64e8
[2024-09-06T17:45:48.767+0000] {core_li.py:23} INFO - Successfully updated job requisition 66db04abbf0a19d8769e64ea
[2024-09-06T17:45:48.777+0000] {core_li.py:23} INFO - Successfully updated job requisition 66db04abbf0a19d8769e64ec
[2024-09-06T17:45:48.790+0000] {core_li.py:23} INFO - Successfully updated job requisition 66db04abbf0a19d8769e64ee
[2024-09-06T17:45:48.809+0000] {core_li.py:23} INFO - Successfully updated job requisition 66db04abbf0a19d8769e64f0
[2024-09-06T17:45:48.821+0000] {core_li.py:23} INFO - Successfully updated job requisition 66db04abbf0a19d8769e64f2
[2024-09-06T17:45:48.838+0000] {core_li.py:23} INFO - Successfully updated job requisition 66db04abbf0a19d8769e64f4
[2024-09-06T17:45:48.856+0000] {core_li.py:23} INFO - Successfully updated job requisition 66db04abbf0a19d8769e64f6
[2024-09-06T17:45:48.876+0000] {core_li.py:23} INFO - Successfully updated job requisition 66db04abbf0a19d8769e64f8
[2024-09-06T17:45:48.894+0000] {core_li.py:23} INFO - Successfully updated job requisition 66db04abbf0a19d8769e64fa
[2024-09-06T17:45:48.915+0000] {core_li.py:23} INFO - Successfully updated job requisition 66db04abbf0a19d8769e64fc
[2024-09-06T17:45:48.932+0000] {core_li.py:23} INFO - Successfully updated job requisition 66db04abbf0a19d8769e64fe
[2024-09-06T17:45:48.944+0000] {core_li.py:23} INFO - Successfully updated job requisition 66db04abbf0a19d8769e6500
[2024-09-06T17:45:48.958+0000] {core_li.py:23} INFO - Successfully updated job requisition 66db04abbf0a19d8769e6502
[2024-09-06T17:45:48.972+0000] {core_li.py:23} INFO - Successfully updated job requisition 66db04abbf0a19d8769e6504
[2024-09-06T17:45:48.986+0000] {core_li.py:23} INFO - Successfully updated job requisition 66db04abbf0a19d8769e6506
[2024-09-06T17:45:49.003+0000] {core_li.py:23} INFO - Successfully updated job requisition 66db04abbf0a19d8769e6508
[2024-09-06T17:45:49.039+0000] {core_li.py:23} INFO - Successfully updated job requisition 66db04abbf0a19d8769e650a
[2024-09-06T17:45:49.054+0000] {core_li.py:23} INFO - Successfully updated job requisition 66db04abbf0a19d8769e650c
[2024-09-06T17:45:49.078+0000] {core_li.py:23} INFO - Successfully updated job requisition 66db04abbf0a19d8769e650e
[2024-09-06T17:45:49.096+0000] {core_li.py:23} INFO - Successfully updated job requisition 66db04abbf0a19d8769e6510
[2024-09-06T17:45:49.107+0000] {core_li.py:23} INFO - Successfully updated job requisition 66db04abbf0a19d8769e6512
[2024-09-06T17:45:49.117+0000] {core_li.py:23} INFO - Successfully updated job requisition 66db04abbf0a19d8769e6514
[2024-09-06T17:45:49.130+0000] {core_li.py:23} INFO - Successfully updated job requisition 66db04abbf0a19d8769e6516
[2024-09-06T17:45:49.141+0000] {core_li.py:23} INFO - Successfully updated job requisition 66db04abbf0a19d8769e6518
[2024-09-06T17:45:49.151+0000] {core_li.py:23} INFO - Successfully updated job requisition 66db04abbf0a19d8769e651a
[2024-09-06T17:45:49.159+0000] {core_li.py:23} INFO - Successfully updated job requisition 66db04abbf0a19d8769e651c
[2024-09-06T17:45:49.170+0000] {core_li.py:23} INFO - Successfully updated job requisition 66db04abbf0a19d8769e651e
[2024-09-06T17:45:49.177+0000] {core_li.py:23} INFO - Successfully updated job requisition 66db04abbf0a19d8769e6520
[2024-09-06T17:45:49.186+0000] {core_li.py:23} INFO - Successfully updated job requisition 66db04abbf0a19d8769e6522
[2024-09-06T17:45:49.195+0000] {core_li.py:23} INFO - Successfully updated job requisition 66db04abbf0a19d8769e6524
[2024-09-06T17:45:49.212+0000] {core_li.py:23} INFO - Successfully updated job requisition 66db04abbf0a19d8769e6526
[2024-09-06T17:45:49.225+0000] {core_li.py:23} INFO - Successfully updated job requisition 66db04abbf0a19d8769e6528
[2024-09-06T17:45:49.235+0000] {core_li.py:23} INFO - Successfully updated job requisition 66db04abbf0a19d8769e652a
[2024-09-06T17:45:49.242+0000] {core_li.py:23} INFO - Successfully updated job requisition 66db04abbf0a19d8769e652c
[2024-09-06T17:45:49.251+0000] {core_li.py:23} INFO - Successfully updated job requisition 66db04abbf0a19d8769e652e
[2024-09-06T17:45:49.260+0000] {core_li.py:23} INFO - Successfully updated job requisition 66db04abbf0a19d8769e6530
[2024-09-06T17:45:49.268+0000] {core_li.py:23} INFO - Successfully updated job requisition 66db04abbf0a19d8769e6532
[2024-09-06T17:45:49.277+0000] {core_li.py:23} INFO - Successfully updated job requisition 66db04abbf0a19d8769e6534
[2024-09-06T17:45:49.295+0000] {core_li.py:23} INFO - Successfully updated job requisition 66db04abbf0a19d8769e6536
[2024-09-06T17:45:49.307+0000] {core_li.py:23} INFO - Successfully updated job requisition 66db04abbf0a19d8769e6538
[2024-09-06T17:45:49.323+0000] {core_li.py:23} INFO - Successfully updated job requisition 66db04abbf0a19d8769e653a
[2024-09-06T17:45:49.335+0000] {core_li.py:23} INFO - Successfully updated job requisition 66db04abbf0a19d8769e653c
[2024-09-06T17:45:49.351+0000] {core_li.py:23} INFO - Successfully updated job requisition 66db04abbf0a19d8769e653e
[2024-09-06T17:45:49.365+0000] {core_li.py:23} INFO - Successfully updated job requisition 66db04abbf0a19d8769e6540
[2024-09-06T17:45:49.374+0000] {core_li.py:23} INFO - Successfully updated job requisition 66db04abbf0a19d8769e6542
[2024-09-06T17:45:49.385+0000] {core_li.py:23} INFO - Successfully updated job requisition 66db04abbf0a19d8769e6544
[2024-09-06T17:45:49.395+0000] {core_li.py:23} INFO - Successfully updated job requisition 66db04abbf0a19d8769e6546
[2024-09-06T17:45:49.406+0000] {core_li.py:23} INFO - Successfully updated job requisition 66db04abbf0a19d8769e6548
[2024-09-06T17:45:49.416+0000] {core_li.py:23} INFO - Successfully updated job requisition 66db04abbf0a19d8769e654a
[2024-09-06T17:45:49.426+0000] {core_li.py:23} INFO - Successfully updated job requisition 66db04abbf0a19d8769e654c
[2024-09-06T17:45:49.454+0000] {core_li.py:23} INFO - Successfully updated job requisition 66db04abbf0a19d8769e654e
[2024-09-06T17:45:49.468+0000] {core_li.py:23} INFO - Successfully updated job requisition 66db04abbf0a19d8769e6550
[2024-09-06T17:45:49.486+0000] {core_li.py:23} INFO - Successfully updated job requisition 66db04abbf0a19d8769e6552
[2024-09-06T17:45:49.503+0000] {core_li.py:23} INFO - Successfully updated job requisition 66db04abbf0a19d8769e6554
[2024-09-06T17:45:49.517+0000] {core_li.py:23} INFO - Successfully updated job requisition 66db04abbf0a19d8769e6556
[2024-09-06T17:45:49.528+0000] {core_li.py:23} INFO - Successfully updated job requisition 66db04abbf0a19d8769e6558
[2024-09-06T17:45:49.536+0000] {core_li.py:23} INFO - Successfully updated job requisition 66db04abbf0a19d8769e655a
[2024-09-06T17:45:49.545+0000] {core_li.py:23} INFO - Successfully updated job requisition 66db04abbf0a19d8769e655c
[2024-09-06T17:45:49.553+0000] {core_li.py:23} INFO - Successfully updated job requisition 66db04abbf0a19d8769e655e
[2024-09-06T17:45:49.566+0000] {core_li.py:23} INFO - Successfully updated job requisition 66db04abbf0a19d8769e6560
[2024-09-06T17:45:49.579+0000] {core_li.py:23} INFO - Successfully updated job requisition 66db04abbf0a19d8769e6562
[2024-09-06T17:45:49.590+0000] {core_li.py:23} INFO - Successfully updated job requisition 66db04abbf0a19d8769e6564
[2024-09-06T17:45:49.609+0000] {core_li.py:23} INFO - Successfully updated job requisition 66db04abbf0a19d8769e6566
[2024-09-06T17:45:49.622+0000] {core_li.py:23} INFO - Successfully updated job requisition 66db04abbf0a19d8769e6568
[2024-09-06T17:45:49.630+0000] {core_li.py:23} INFO - Successfully updated job requisition 66db04abbf0a19d8769e656a
[2024-09-06T17:45:49.643+0000] {core_li.py:23} INFO - Successfully updated job requisition 66db04abbf0a19d8769e656c
[2024-09-06T17:45:49.655+0000] {core_li.py:23} INFO - Successfully updated job requisition 66db04abbf0a19d8769e656e
[2024-09-06T17:45:49.662+0000] {core_li.py:23} INFO - Successfully updated job requisition 66db04abbf0a19d8769e6570
[2024-09-06T17:45:49.673+0000] {core_li.py:23} INFO - Successfully updated job requisition 66db04abbf0a19d8769e6572
[2024-09-06T17:45:49.679+0000] {core_li.py:23} INFO - Successfully updated job requisition 66db04abbf0a19d8769e6574
[2024-09-06T17:45:49.689+0000] {core_li.py:23} INFO - Successfully updated job requisition 66db04abbf0a19d8769e6576
[2024-09-06T17:45:49.703+0000] {core_li.py:23} INFO - Successfully updated job requisition 66db04abbf0a19d8769e6578
[2024-09-06T17:45:49.712+0000] {core_li.py:23} INFO - Successfully updated job requisition 66db04abbf0a19d8769e657a
[2024-09-06T17:45:49.720+0000] {core_li.py:23} INFO - Successfully updated job requisition 66db04abbf0a19d8769e657c
[2024-09-06T17:45:49.728+0000] {core_li.py:23} INFO - Successfully updated job requisition 66db04abbf0a19d8769e657e
[2024-09-06T17:45:49.738+0000] {core_li.py:23} INFO - Successfully updated job requisition 66db04abbf0a19d8769e6580
[2024-09-06T17:45:49.748+0000] {core_li.py:23} INFO - Successfully updated job requisition 66db04abbf0a19d8769e6582
[2024-09-06T17:45:49.758+0000] {core_li.py:23} INFO - Successfully updated job requisition 66db04abbf0a19d8769e6584
[2024-09-06T17:45:49.768+0000] {core_li.py:23} INFO - Successfully updated job requisition 66db04abbf0a19d8769e6586
[2024-09-06T17:45:49.777+0000] {core_li.py:23} INFO - Successfully updated job requisition 66db04abbf0a19d8769e6588
[2024-09-06T17:45:49.778+0000] {python.py:240} INFO - Done. Returned value was: 100
[2024-09-06T17:45:49.808+0000] {taskinstance.py:340} INFO - ::group::Post task execution logs
[2024-09-06T17:45:49.809+0000] {taskinstance.py:352} INFO - Marking task as SUCCESS. dag_id=async_flow, task_id=task_backfill_number_of_cancelled_candidates_in_batch, run_id=manual__2024-09-06T17:29:39.458358+00:00, map_index=12, execution_date=20240906T172939, start_date=20240906T174548, end_date=20240906T174549
[2024-09-06T17:45:49.863+0000] {local_task_job_runner.py:266} INFO - Task exited with return code 0
[2024-09-06T17:45:49.880+0000] {local_task_job_runner.py:245} INFO - ::endgroup::
