[2024-09-06T17:29:41.777+0000] {local_task_job_runner.py:123} INFO - ::group::Pre task execution logs
[2024-09-06T17:29:41.820+0000] {taskinstance.py:2612} INFO - Dependencies all met for dep_context=non-requeueable deps ti=<TaskInstance: async_flow.task_backfill_number_of_cancelled_candidates_in_batch manual__2024-09-06T17:29:39.458358+00:00 map_index=12 [queued]>
[2024-09-06T17:29:41.830+0000] {taskinstance.py:2612} INFO - Dependencies all met for dep_context=requeueable deps ti=<TaskInstance: async_flow.task_backfill_number_of_cancelled_candidates_in_batch manual__2024-09-06T17:29:39.458358+00:00 map_index=12 [queued]>
[2024-09-06T17:29:41.831+0000] {taskinstance.py:2865} INFO - Starting attempt 1 of 1
[2024-09-06T17:29:41.858+0000] {taskinstance.py:2888} INFO - Executing <Mapped(_PythonDecoratedOperator): task_backfill_number_of_cancelled_candidates_in_batch> on 2024-09-06 17:29:39.458358+00:00
[2024-09-06T17:29:41.891+0000] {warnings.py:112} WARNING - /home/***/.local/lib/python3.12/site-packages/***/task/task_runner/standard_task_runner.py:70: DeprecationWarning: This process (pid=3120) is multi-threaded, use of fork() may lead to deadlocks in the child.
  pid = os.fork()

[2024-09-06T17:29:41.900+0000] {standard_task_runner.py:72} INFO - Started process 3192 to run task
[2024-09-06T17:29:41.897+0000] {standard_task_runner.py:104} INFO - Running: ['***', 'tasks', 'run', 'async_flow', 'task_backfill_number_of_cancelled_candidates_in_batch', 'manual__2024-09-06T17:29:39.458358+00:00', '--job-id', '125', '--raw', '--subdir', 'DAGS_FOLDER/dags_async_flow.py', '--cfg-path', '/tmp/tmptw7d_x5x', '--map-index', '12']
[2024-09-06T17:29:41.910+0000] {standard_task_runner.py:105} INFO - Job 125: Subtask task_backfill_number_of_cancelled_candidates_in_batch
[2024-09-06T17:29:42.038+0000] {task_command.py:467} INFO - Running <TaskInstance: async_flow.task_backfill_number_of_cancelled_candidates_in_batch manual__2024-09-06T17:29:39.458358+00:00 map_index=12 [running]> on host a3a5f1897683
[2024-09-06T17:29:42.315+0000] {taskinstance.py:3131} INFO - Exporting env vars: AIRFLOW_CTX_DAG_OWNER='***' AIRFLOW_CTX_DAG_ID='async_flow' AIRFLOW_CTX_TASK_ID='task_backfill_number_of_cancelled_candidates_in_batch' AIRFLOW_CTX_EXECUTION_DATE='2024-09-06T17:29:39.458358+00:00' AIRFLOW_CTX_TRY_NUMBER='1' AIRFLOW_CTX_DAG_RUN_ID='manual__2024-09-06T17:29:39.458358+00:00'
[2024-09-06T17:29:42.325+0000] {taskinstance.py:731} INFO - ::endgroup::
[2024-09-06T17:29:42.354+0000] {core_li.py:23} INFO - Successfully updated job requisition 66db04abbf0a19d8769e64c2
[2024-09-06T17:29:42.391+0000] {core_li.py:23} INFO - Successfully updated job requisition 66db04abbf0a19d8769e64c4
[2024-09-06T17:29:42.408+0000] {core_li.py:23} INFO - Successfully updated job requisition 66db04abbf0a19d8769e64c6
[2024-09-06T17:29:42.417+0000] {core_li.py:23} INFO - Successfully updated job requisition 66db04abbf0a19d8769e64c8
[2024-09-06T17:29:42.443+0000] {core_li.py:23} INFO - Successfully updated job requisition 66db04abbf0a19d8769e64ca
[2024-09-06T17:29:42.452+0000] {core_li.py:23} INFO - Successfully updated job requisition 66db04abbf0a19d8769e64cc
[2024-09-06T17:29:42.470+0000] {core_li.py:23} INFO - Successfully updated job requisition 66db04abbf0a19d8769e64ce
[2024-09-06T17:29:42.488+0000] {core_li.py:23} INFO - Successfully updated job requisition 66db04abbf0a19d8769e64d0
[2024-09-06T17:29:42.501+0000] {core_li.py:23} INFO - Successfully updated job requisition 66db04abbf0a19d8769e64d2
[2024-09-06T17:29:42.530+0000] {core_li.py:23} INFO - Successfully updated job requisition 66db04abbf0a19d8769e64d4
[2024-09-06T17:29:42.539+0000] {core_li.py:23} INFO - Successfully updated job requisition 66db04abbf0a19d8769e64d6
[2024-09-06T17:29:42.557+0000] {core_li.py:23} INFO - Successfully updated job requisition 66db04abbf0a19d8769e64d8
[2024-09-06T17:29:42.579+0000] {core_li.py:23} INFO - Successfully updated job requisition 66db04abbf0a19d8769e64da
[2024-09-06T17:29:42.598+0000] {core_li.py:23} INFO - Successfully updated job requisition 66db04abbf0a19d8769e64dc
[2024-09-06T17:29:42.615+0000] {core_li.py:23} INFO - Successfully updated job requisition 66db04abbf0a19d8769e64de
[2024-09-06T17:29:42.631+0000] {core_li.py:23} INFO - Successfully updated job requisition 66db04abbf0a19d8769e64e0
[2024-09-06T17:29:42.644+0000] {core_li.py:23} INFO - Successfully updated job requisition 66db04abbf0a19d8769e64e2
[2024-09-06T17:29:42.659+0000] {core_li.py:23} INFO - Successfully updated job requisition 66db04abbf0a19d8769e64e4
[2024-09-06T17:29:42.669+0000] {core_li.py:23} INFO - Successfully updated job requisition 66db04abbf0a19d8769e64e6
[2024-09-06T17:29:42.686+0000] {core_li.py:23} INFO - Successfully updated job requisition 66db04abbf0a19d8769e64e8
[2024-09-06T17:29:42.700+0000] {core_li.py:23} INFO - Successfully updated job requisition 66db04abbf0a19d8769e64ea
[2024-09-06T17:29:42.710+0000] {core_li.py:23} INFO - Successfully updated job requisition 66db04abbf0a19d8769e64ec
[2024-09-06T17:29:42.722+0000] {core_li.py:23} INFO - Successfully updated job requisition 66db04abbf0a19d8769e64ee
[2024-09-06T17:29:42.733+0000] {core_li.py:23} INFO - Successfully updated job requisition 66db04abbf0a19d8769e64f0
[2024-09-06T17:29:42.747+0000] {core_li.py:23} INFO - Successfully updated job requisition 66db04abbf0a19d8769e64f2
[2024-09-06T17:29:42.756+0000] {core_li.py:23} INFO - Successfully updated job requisition 66db04abbf0a19d8769e64f4
[2024-09-06T17:29:42.766+0000] {core_li.py:23} INFO - Successfully updated job requisition 66db04abbf0a19d8769e64f6
[2024-09-06T17:29:42.780+0000] {core_li.py:23} INFO - Successfully updated job requisition 66db04abbf0a19d8769e64f8
[2024-09-06T17:29:42.804+0000] {core_li.py:23} INFO - Successfully updated job requisition 66db04abbf0a19d8769e64fa
[2024-09-06T17:29:42.812+0000] {core_li.py:23} INFO - Successfully updated job requisition 66db04abbf0a19d8769e64fc
[2024-09-06T17:29:42.822+0000] {core_li.py:23} INFO - Successfully updated job requisition 66db04abbf0a19d8769e64fe
[2024-09-06T17:29:42.834+0000] {core_li.py:23} INFO - Successfully updated job requisition 66db04abbf0a19d8769e6500
[2024-09-06T17:29:42.843+0000] {core_li.py:23} INFO - Successfully updated job requisition 66db04abbf0a19d8769e6502
[2024-09-06T17:29:42.854+0000] {core_li.py:23} INFO - Successfully updated job requisition 66db04abbf0a19d8769e6504
[2024-09-06T17:29:42.867+0000] {core_li.py:23} INFO - Successfully updated job requisition 66db04abbf0a19d8769e6506
[2024-09-06T17:29:42.884+0000] {core_li.py:23} INFO - Successfully updated job requisition 66db04abbf0a19d8769e6508
[2024-09-06T17:29:42.899+0000] {core_li.py:23} INFO - Successfully updated job requisition 66db04abbf0a19d8769e650a
[2024-09-06T17:29:42.910+0000] {core_li.py:23} INFO - Successfully updated job requisition 66db04abbf0a19d8769e650c
[2024-09-06T17:29:42.940+0000] {core_li.py:23} INFO - Successfully updated job requisition 66db04abbf0a19d8769e650e
[2024-09-06T17:29:42.950+0000] {core_li.py:23} INFO - Successfully updated job requisition 66db04abbf0a19d8769e6510
[2024-09-06T17:29:42.960+0000] {core_li.py:23} INFO - Successfully updated job requisition 66db04abbf0a19d8769e6512
[2024-09-06T17:29:42.970+0000] {core_li.py:23} INFO - Successfully updated job requisition 66db04abbf0a19d8769e6514
[2024-09-06T17:29:42.978+0000] {core_li.py:23} INFO - Successfully updated job requisition 66db04abbf0a19d8769e6516
[2024-09-06T17:29:42.999+0000] {core_li.py:23} INFO - Successfully updated job requisition 66db04abbf0a19d8769e6518
[2024-09-06T17:29:43.017+0000] {core_li.py:23} INFO - Successfully updated job requisition 66db04abbf0a19d8769e651a
[2024-09-06T17:29:43.027+0000] {core_li.py:23} INFO - Successfully updated job requisition 66db04abbf0a19d8769e651c
[2024-09-06T17:29:43.037+0000] {core_li.py:23} INFO - Successfully updated job requisition 66db04abbf0a19d8769e651e
[2024-09-06T17:29:43.048+0000] {core_li.py:23} INFO - Successfully updated job requisition 66db04abbf0a19d8769e6520
[2024-09-06T17:29:43.056+0000] {core_li.py:23} INFO - Successfully updated job requisition 66db04abbf0a19d8769e6522
[2024-09-06T17:29:43.065+0000] {core_li.py:23} INFO - Successfully updated job requisition 66db04abbf0a19d8769e6524
[2024-09-06T17:29:43.075+0000] {core_li.py:23} INFO - Successfully updated job requisition 66db04abbf0a19d8769e6526
[2024-09-06T17:29:43.087+0000] {core_li.py:23} INFO - Successfully updated job requisition 66db04abbf0a19d8769e6528
[2024-09-06T17:29:43.096+0000] {core_li.py:23} INFO - Successfully updated job requisition 66db04abbf0a19d8769e652a
[2024-09-06T17:29:43.106+0000] {core_li.py:23} INFO - Successfully updated job requisition 66db04abbf0a19d8769e652c
[2024-09-06T17:29:43.114+0000] {core_li.py:23} INFO - Successfully updated job requisition 66db04abbf0a19d8769e652e
[2024-09-06T17:29:43.122+0000] {core_li.py:23} INFO - Successfully updated job requisition 66db04abbf0a19d8769e6530
[2024-09-06T17:29:43.133+0000] {core_li.py:23} INFO - Successfully updated job requisition 66db04abbf0a19d8769e6532
[2024-09-06T17:29:43.141+0000] {core_li.py:23} INFO - Successfully updated job requisition 66db04abbf0a19d8769e6534
[2024-09-06T17:29:43.153+0000] {core_li.py:23} INFO - Successfully updated job requisition 66db04abbf0a19d8769e6536
[2024-09-06T17:29:43.163+0000] {core_li.py:23} INFO - Successfully updated job requisition 66db04abbf0a19d8769e6538
[2024-09-06T17:29:43.178+0000] {core_li.py:23} INFO - Successfully updated job requisition 66db04abbf0a19d8769e653a
[2024-09-06T17:29:43.195+0000] {core_li.py:23} INFO - Successfully updated job requisition 66db04abbf0a19d8769e653c
[2024-09-06T17:29:43.206+0000] {core_li.py:23} INFO - Successfully updated job requisition 66db04abbf0a19d8769e653e
[2024-09-06T17:29:43.216+0000] {core_li.py:23} INFO - Successfully updated job requisition 66db04abbf0a19d8769e6540
[2024-09-06T17:29:43.235+0000] {core_li.py:23} INFO - Successfully updated job requisition 66db04abbf0a19d8769e6542
[2024-09-06T17:29:43.253+0000] {core_li.py:23} INFO - Successfully updated job requisition 66db04abbf0a19d8769e6544
[2024-09-06T17:29:43.270+0000] {core_li.py:23} INFO - Successfully updated job requisition 66db04abbf0a19d8769e6546
[2024-09-06T17:29:43.291+0000] {core_li.py:23} INFO - Successfully updated job requisition 66db04abbf0a19d8769e6548
[2024-09-06T17:29:43.309+0000] {core_li.py:23} INFO - Successfully updated job requisition 66db04abbf0a19d8769e654a
[2024-09-06T17:29:43.321+0000] {core_li.py:23} INFO - Successfully updated job requisition 66db04abbf0a19d8769e654c
[2024-09-06T17:29:43.336+0000] {core_li.py:23} INFO - Successfully updated job requisition 66db04abbf0a19d8769e654e
[2024-09-06T17:29:43.350+0000] {core_li.py:23} INFO - Successfully updated job requisition 66db04abbf0a19d8769e6550
[2024-09-06T17:29:43.364+0000] {core_li.py:23} INFO - Successfully updated job requisition 66db04abbf0a19d8769e6552
[2024-09-06T17:29:43.377+0000] {core_li.py:23} INFO - Successfully updated job requisition 66db04abbf0a19d8769e6554
[2024-09-06T17:29:43.388+0000] {core_li.py:23} INFO - Successfully updated job requisition 66db04abbf0a19d8769e6556
[2024-09-06T17:29:43.400+0000] {core_li.py:23} INFO - Successfully updated job requisition 66db04abbf0a19d8769e6558
[2024-09-06T17:29:43.415+0000] {core_li.py:23} INFO - Successfully updated job requisition 66db04abbf0a19d8769e655a
[2024-09-06T17:29:43.426+0000] {core_li.py:23} INFO - Successfully updated job requisition 66db04abbf0a19d8769e655c
[2024-09-06T17:29:43.440+0000] {core_li.py:23} INFO - Successfully updated job requisition 66db04abbf0a19d8769e655e
[2024-09-06T17:29:43.462+0000] {core_li.py:23} INFO - Successfully updated job requisition 66db04abbf0a19d8769e6560
[2024-09-06T17:29:43.475+0000] {core_li.py:23} INFO - Successfully updated job requisition 66db04abbf0a19d8769e6562
[2024-09-06T17:29:43.494+0000] {core_li.py:23} INFO - Successfully updated job requisition 66db04abbf0a19d8769e6564
[2024-09-06T17:29:43.509+0000] {core_li.py:23} INFO - Successfully updated job requisition 66db04abbf0a19d8769e6566
[2024-09-06T17:29:43.527+0000] {core_li.py:23} INFO - Successfully updated job requisition 66db04abbf0a19d8769e6568
[2024-09-06T17:29:43.540+0000] {core_li.py:23} INFO - Successfully updated job requisition 66db04abbf0a19d8769e656a
[2024-09-06T17:29:43.557+0000] {core_li.py:23} INFO - Successfully updated job requisition 66db04abbf0a19d8769e656c
[2024-09-06T17:29:43.570+0000] {core_li.py:23} INFO - Successfully updated job requisition 66db04abbf0a19d8769e656e
[2024-09-06T17:29:43.583+0000] {core_li.py:23} INFO - Successfully updated job requisition 66db04abbf0a19d8769e6570
[2024-09-06T17:29:43.597+0000] {core_li.py:23} INFO - Successfully updated job requisition 66db04abbf0a19d8769e6572
[2024-09-06T17:29:43.611+0000] {core_li.py:23} INFO - Successfully updated job requisition 66db04abbf0a19d8769e6574
[2024-09-06T17:29:43.624+0000] {core_li.py:23} INFO - Successfully updated job requisition 66db04abbf0a19d8769e6576
[2024-09-06T17:29:43.633+0000] {core_li.py:23} INFO - Successfully updated job requisition 66db04abbf0a19d8769e6578
[2024-09-06T17:29:43.653+0000] {core_li.py:23} INFO - Successfully updated job requisition 66db04abbf0a19d8769e657a
[2024-09-06T17:29:43.663+0000] {core_li.py:23} INFO - Successfully updated job requisition 66db04abbf0a19d8769e657c
[2024-09-06T17:29:43.677+0000] {core_li.py:23} INFO - Successfully updated job requisition 66db04abbf0a19d8769e657e
[2024-09-06T17:29:43.689+0000] {core_li.py:23} INFO - Successfully updated job requisition 66db04abbf0a19d8769e6580
[2024-09-06T17:29:43.724+0000] {core_li.py:23} INFO - Successfully updated job requisition 66db04abbf0a19d8769e6582
[2024-09-06T17:29:43.736+0000] {core_li.py:23} INFO - Successfully updated job requisition 66db04abbf0a19d8769e6584
[2024-09-06T17:29:43.756+0000] {core_li.py:23} INFO - Successfully updated job requisition 66db04abbf0a19d8769e6586
[2024-09-06T17:29:43.766+0000] {core_li.py:23} INFO - Successfully updated job requisition 66db04abbf0a19d8769e6588
[2024-09-06T17:29:43.768+0000] {python.py:240} INFO - Done. Returned value was: 100
[2024-09-06T17:29:43.794+0000] {taskinstance.py:340} INFO - ::group::Post task execution logs
[2024-09-06T17:29:43.794+0000] {taskinstance.py:352} INFO - Marking task as SUCCESS. dag_id=async_flow, task_id=task_backfill_number_of_cancelled_candidates_in_batch, run_id=manual__2024-09-06T17:29:39.458358+00:00, map_index=12, execution_date=20240906T172939, start_date=20240906T172941, end_date=20240906T172943
[2024-09-06T17:29:43.829+0000] {local_task_job_runner.py:266} INFO - Task exited with return code 0
[2024-09-06T17:29:43.845+0000] {local_task_job_runner.py:245} INFO - ::endgroup::
