[2024-09-06T17:45:51.213+0000] {local_task_job_runner.py:123} INFO - ::group::Pre task execution logs
[2024-09-06T17:45:51.245+0000] {taskinstance.py:2612} INFO - Dependencies all met for dep_context=non-requeueable deps ti=<TaskInstance: async_flow.task_backfill_number_of_cancelled_candidates_in_batch manual__2024-09-06T17:29:39.458358+00:00 map_index=23 [queued]>
[2024-09-06T17:45:51.263+0000] {taskinstance.py:2612} INFO - Dependencies all met for dep_context=requeueable deps ti=<TaskInstance: async_flow.task_backfill_number_of_cancelled_candidates_in_batch manual__2024-09-06T17:29:39.458358+00:00 map_index=23 [queued]>
[2024-09-06T17:45:51.263+0000] {taskinstance.py:2865} INFO - Starting attempt 2 of 2
[2024-09-06T17:45:51.283+0000] {taskinstance.py:2888} INFO - Executing <Mapped(_PythonDecoratedOperator): task_backfill_number_of_cancelled_candidates_in_batch> on 2024-09-06 17:29:39.458358+00:00
[2024-09-06T17:45:51.291+0000] {standard_task_runner.py:104} INFO - Running: ['***', 'tasks', 'run', 'async_flow', 'task_backfill_number_of_cancelled_candidates_in_batch', 'manual__2024-09-06T17:29:39.458358+00:00', '--job-id', '251', '--raw', '--subdir', 'DAGS_FOLDER/dags_async_flow.py', '--cfg-path', '/tmp/tmpu8a3jtr7', '--map-index', '23']
[2024-09-06T17:45:51.292+0000] {standard_task_runner.py:105} INFO - Job 251: Subtask task_backfill_number_of_cancelled_candidates_in_batch
[2024-09-06T17:45:51.294+0000] {warnings.py:112} WARNING - /home/***/.local/lib/python3.12/site-packages/***/task/task_runner/standard_task_runner.py:70: DeprecationWarning: This process (pid=524) is multi-threaded, use of fork() may lead to deadlocks in the child.
  pid = os.fork()

[2024-09-06T17:45:51.295+0000] {standard_task_runner.py:72} INFO - Started process 598 to run task
[2024-09-06T17:45:51.347+0000] {task_command.py:467} INFO - Running <TaskInstance: async_flow.task_backfill_number_of_cancelled_candidates_in_batch manual__2024-09-06T17:29:39.458358+00:00 map_index=23 [running]> on host 0817eb6c24af
[2024-09-06T17:45:51.471+0000] {taskinstance.py:3131} INFO - Exporting env vars: AIRFLOW_CTX_DAG_OWNER='***' AIRFLOW_CTX_DAG_ID='async_flow' AIRFLOW_CTX_TASK_ID='task_backfill_number_of_cancelled_candidates_in_batch' AIRFLOW_CTX_EXECUTION_DATE='2024-09-06T17:29:39.458358+00:00' AIRFLOW_CTX_TRY_NUMBER='2' AIRFLOW_CTX_DAG_RUN_ID='manual__2024-09-06T17:29:39.458358+00:00'
[2024-09-06T17:45:51.472+0000] {taskinstance.py:731} INFO - ::endgroup::
[2024-09-06T17:45:51.486+0000] {core_li.py:23} INFO - Successfully updated job requisition 66db04abbf0a19d8769e79da
[2024-09-06T17:45:51.493+0000] {core_li.py:23} INFO - Successfully updated job requisition 66db04abbf0a19d8769e79dc
[2024-09-06T17:45:51.505+0000] {core_li.py:23} INFO - Successfully updated job requisition 66db04abbf0a19d8769e79de
[2024-09-06T17:45:51.512+0000] {core_li.py:23} INFO - Successfully updated job requisition 66db04abbf0a19d8769e79e0
[2024-09-06T17:45:51.520+0000] {core_li.py:23} INFO - Successfully updated job requisition 66db04abbf0a19d8769e79e2
[2024-09-06T17:45:51.531+0000] {core_li.py:23} INFO - Successfully updated job requisition 66db04abbf0a19d8769e79e4
[2024-09-06T17:45:51.541+0000] {core_li.py:23} INFO - Successfully updated job requisition 66db04abbf0a19d8769e79e6
[2024-09-06T17:45:51.557+0000] {core_li.py:23} INFO - Successfully updated job requisition 66db04abbf0a19d8769e79e8
[2024-09-06T17:45:51.563+0000] {core_li.py:23} INFO - Successfully updated job requisition 66db04abbf0a19d8769e79ea
[2024-09-06T17:45:51.571+0000] {core_li.py:23} INFO - Successfully updated job requisition 66db04abbf0a19d8769e79ec
[2024-09-06T17:45:51.579+0000] {core_li.py:23} INFO - Successfully updated job requisition 66db04abbf0a19d8769e79ee
[2024-09-06T17:45:51.585+0000] {core_li.py:23} INFO - Successfully updated job requisition 66db04abbf0a19d8769e79f0
[2024-09-06T17:45:51.594+0000] {core_li.py:23} INFO - Successfully updated job requisition 66db04abbf0a19d8769e79f2
[2024-09-06T17:45:51.603+0000] {core_li.py:23} INFO - Successfully updated job requisition 66db04abbf0a19d8769e79f4
[2024-09-06T17:45:51.617+0000] {core_li.py:23} INFO - Successfully updated job requisition 66db04abbf0a19d8769e79f6
[2024-09-06T17:45:51.626+0000] {core_li.py:23} INFO - Successfully updated job requisition 66db04abbf0a19d8769e79f8
[2024-09-06T17:45:51.633+0000] {core_li.py:23} INFO - Successfully updated job requisition 66db04abbf0a19d8769e79fa
[2024-09-06T17:45:51.640+0000] {core_li.py:23} INFO - Successfully updated job requisition 66db04abbf0a19d8769e79fc
[2024-09-06T17:45:51.647+0000] {core_li.py:23} INFO - Successfully updated job requisition 66db04abbf0a19d8769e79fe
[2024-09-06T17:45:51.654+0000] {core_li.py:23} INFO - Successfully updated job requisition 66db04abbf0a19d8769e7a00
[2024-09-06T17:45:51.666+0000] {core_li.py:23} INFO - Successfully updated job requisition 66db04abbf0a19d8769e7a02
[2024-09-06T17:45:51.673+0000] {core_li.py:23} INFO - Successfully updated job requisition 66db04abbf0a19d8769e7a04
[2024-09-06T17:45:51.682+0000] {core_li.py:23} INFO - Successfully updated job requisition 66db04abbf0a19d8769e7a06
[2024-09-06T17:45:51.691+0000] {core_li.py:23} INFO - Successfully updated job requisition 66db04abbf0a19d8769e7a08
[2024-09-06T17:45:51.700+0000] {core_li.py:23} INFO - Successfully updated job requisition 66db04abbf0a19d8769e7a0a
[2024-09-06T17:45:51.706+0000] {core_li.py:23} INFO - Successfully updated job requisition 66db04abbf0a19d8769e7a0c
[2024-09-06T17:45:51.712+0000] {core_li.py:23} INFO - Successfully updated job requisition 66db04abbf0a19d8769e7a0e
[2024-09-06T17:45:51.725+0000] {core_li.py:23} INFO - Successfully updated job requisition 66db04abbf0a19d8769e7a10
[2024-09-06T17:45:51.733+0000] {core_li.py:23} INFO - Successfully updated job requisition 66db04abbf0a19d8769e7a12
[2024-09-06T17:45:51.741+0000] {core_li.py:23} INFO - Successfully updated job requisition 66db04abbf0a19d8769e7a14
[2024-09-06T17:45:51.748+0000] {core_li.py:23} INFO - Successfully updated job requisition 66db04abbf0a19d8769e7a16
[2024-09-06T17:45:51.756+0000] {core_li.py:23} INFO - Successfully updated job requisition 66db04abbf0a19d8769e7a18
[2024-09-06T17:45:51.764+0000] {core_li.py:23} INFO - Successfully updated job requisition 66db04abbf0a19d8769e7a1a
[2024-09-06T17:45:51.772+0000] {core_li.py:23} INFO - Successfully updated job requisition 66db04abbf0a19d8769e7a1c
[2024-09-06T17:45:51.778+0000] {core_li.py:23} INFO - Successfully updated job requisition 66db04abbf0a19d8769e7a1e
[2024-09-06T17:45:51.785+0000] {core_li.py:23} INFO - Successfully updated job requisition 66db04abbf0a19d8769e7a20
[2024-09-06T17:45:51.795+0000] {core_li.py:23} INFO - Successfully updated job requisition 66db04abbf0a19d8769e7a22
[2024-09-06T17:45:51.806+0000] {core_li.py:23} INFO - Successfully updated job requisition 66db04abbf0a19d8769e7a24
[2024-09-06T17:45:51.814+0000] {core_li.py:23} INFO - Successfully updated job requisition 66db04abbf0a19d8769e7a26
[2024-09-06T17:45:51.820+0000] {core_li.py:23} INFO - Successfully updated job requisition 66db04abbf0a19d8769e7a28
[2024-09-06T17:45:51.828+0000] {core_li.py:23} INFO - Successfully updated job requisition 66db04abbf0a19d8769e7a2a
[2024-09-06T17:45:51.836+0000] {core_li.py:23} INFO - Successfully updated job requisition 66db04abbf0a19d8769e7a2c
[2024-09-06T17:45:51.847+0000] {core_li.py:23} INFO - Successfully updated job requisition 66db04abbf0a19d8769e7a2e
[2024-09-06T17:45:51.855+0000] {core_li.py:23} INFO - Successfully updated job requisition 66db04abbf0a19d8769e7a30
[2024-09-06T17:45:51.863+0000] {core_li.py:23} INFO - Successfully updated job requisition 66db04abbf0a19d8769e7a32
[2024-09-06T17:45:51.870+0000] {core_li.py:23} INFO - Successfully updated job requisition 66db04abbf0a19d8769e7a34
[2024-09-06T17:45:51.877+0000] {core_li.py:23} INFO - Successfully updated job requisition 66db04abbf0a19d8769e7a36
[2024-09-06T17:45:51.883+0000] {core_li.py:23} INFO - Successfully updated job requisition 66db04abbf0a19d8769e7a38
[2024-09-06T17:45:51.889+0000] {core_li.py:23} INFO - Successfully updated job requisition 66db04abbf0a19d8769e7a3a
[2024-09-06T17:45:51.895+0000] {core_li.py:23} INFO - Successfully updated job requisition 66db04abbf0a19d8769e7a3c
[2024-09-06T17:45:51.902+0000] {core_li.py:23} INFO - Successfully updated job requisition 66db04abbf0a19d8769e7a3e
[2024-09-06T17:45:51.908+0000] {core_li.py:23} INFO - Successfully updated job requisition 66db04abbf0a19d8769e7a40
[2024-09-06T17:45:51.917+0000] {core_li.py:23} INFO - Successfully updated job requisition 66db04abbf0a19d8769e7a42
[2024-09-06T17:45:51.925+0000] {core_li.py:23} INFO - Successfully updated job requisition 66db04abbf0a19d8769e7a44
[2024-09-06T17:45:51.935+0000] {core_li.py:23} INFO - Successfully updated job requisition 66db04abbf0a19d8769e7a46
[2024-09-06T17:45:51.941+0000] {core_li.py:23} INFO - Successfully updated job requisition 66db04abbf0a19d8769e7a48
[2024-09-06T17:45:51.948+0000] {core_li.py:23} INFO - Successfully updated job requisition 66db04abbf0a19d8769e7a4a
[2024-09-06T17:45:51.958+0000] {core_li.py:23} INFO - Successfully updated job requisition 66db04abbf0a19d8769e7a4c
[2024-09-06T17:45:51.967+0000] {core_li.py:23} INFO - Successfully updated job requisition 66db04abbf0a19d8769e7a4e
[2024-09-06T17:45:51.974+0000] {core_li.py:23} INFO - Successfully updated job requisition 66db04abbf0a19d8769e7a50
[2024-09-06T17:45:51.983+0000] {core_li.py:23} INFO - Successfully updated job requisition 66db04abbf0a19d8769e7a52
[2024-09-06T17:45:51.991+0000] {core_li.py:23} INFO - Successfully updated job requisition 66db04abbf0a19d8769e7a54
[2024-09-06T17:45:51.997+0000] {core_li.py:23} INFO - Successfully updated job requisition 66db04abbf0a19d8769e7a56
[2024-09-06T17:45:52.005+0000] {core_li.py:23} INFO - Successfully updated job requisition 66db04abbf0a19d8769e7a58
[2024-09-06T17:45:52.012+0000] {core_li.py:23} INFO - Successfully updated job requisition 66db04abbf0a19d8769e7a5a
[2024-09-06T17:45:52.020+0000] {core_li.py:23} INFO - Successfully updated job requisition 66db04abbf0a19d8769e7a5c
[2024-09-06T17:45:52.028+0000] {core_li.py:23} INFO - Successfully updated job requisition 66db04abbf0a19d8769e7a5e
[2024-09-06T17:45:52.036+0000] {core_li.py:23} INFO - Successfully updated job requisition 66db04abbf0a19d8769e7a60
[2024-09-06T17:45:52.044+0000] {core_li.py:23} INFO - Successfully updated job requisition 66db04abbf0a19d8769e7a62
[2024-09-06T17:45:52.055+0000] {core_li.py:23} INFO - Successfully updated job requisition 66db04abbf0a19d8769e7a64
[2024-09-06T17:45:52.063+0000] {core_li.py:23} INFO - Successfully updated job requisition 66db04abbf0a19d8769e7a66
[2024-09-06T17:45:52.074+0000] {core_li.py:23} INFO - Successfully updated job requisition 66db04abbf0a19d8769e7a68
[2024-09-06T17:45:52.094+0000] {core_li.py:23} INFO - Successfully updated job requisition 66db04abbf0a19d8769e7a6a
[2024-09-06T17:45:52.101+0000] {core_li.py:23} INFO - Successfully updated job requisition 66db04abbf0a19d8769e7a6c
[2024-09-06T17:45:52.111+0000] {core_li.py:23} INFO - Successfully updated job requisition 66db04abbf0a19d8769e7a6e
[2024-09-06T17:45:52.117+0000] {core_li.py:23} INFO - Successfully updated job requisition 66db04abbf0a19d8769e7a70
[2024-09-06T17:45:52.125+0000] {core_li.py:23} INFO - Successfully updated job requisition 66db04abbf0a19d8769e7a72
[2024-09-06T17:45:52.133+0000] {core_li.py:23} INFO - Successfully updated job requisition 66db04abbf0a19d8769e7a74
[2024-09-06T17:45:52.141+0000] {core_li.py:23} INFO - Successfully updated job requisition 66db04abbf0a19d8769e7a76
[2024-09-06T17:45:52.148+0000] {core_li.py:23} INFO - Successfully updated job requisition 66db04abbf0a19d8769e7a78
[2024-09-06T17:45:52.155+0000] {core_li.py:23} INFO - Successfully updated job requisition 66db04abbf0a19d8769e7a7a
[2024-09-06T17:45:52.161+0000] {core_li.py:23} INFO - Successfully updated job requisition 66db04abbf0a19d8769e7a7c
[2024-09-06T17:45:52.169+0000] {core_li.py:23} INFO - Successfully updated job requisition 66db04abbf0a19d8769e7a7e
[2024-09-06T17:45:52.178+0000] {core_li.py:23} INFO - Successfully updated job requisition 66db04abbf0a19d8769e7a80
[2024-09-06T17:45:52.185+0000] {core_li.py:23} INFO - Successfully updated job requisition 66db04abbf0a19d8769e7a82
[2024-09-06T17:45:52.193+0000] {core_li.py:23} INFO - Successfully updated job requisition 66db04abbf0a19d8769e7a84
[2024-09-06T17:45:52.202+0000] {core_li.py:23} INFO - Successfully updated job requisition 66db04abbf0a19d8769e7a86
[2024-09-06T17:45:52.213+0000] {core_li.py:23} INFO - Successfully updated job requisition 66db04abbf0a19d8769e7a88
[2024-09-06T17:45:52.219+0000] {core_li.py:23} INFO - Successfully updated job requisition 66db04abbf0a19d8769e7a8a
[2024-09-06T17:45:52.226+0000] {core_li.py:23} INFO - Successfully updated job requisition 66db04abbf0a19d8769e7a8c
[2024-09-06T17:45:52.238+0000] {core_li.py:23} INFO - Successfully updated job requisition 66db04abbf0a19d8769e7a8e
[2024-09-06T17:45:52.247+0000] {core_li.py:23} INFO - Successfully updated job requisition 66db04abbf0a19d8769e7a90
[2024-09-06T17:45:52.256+0000] {core_li.py:23} INFO - Successfully updated job requisition 66db04abbf0a19d8769e7a92
[2024-09-06T17:45:52.268+0000] {core_li.py:23} INFO - Successfully updated job requisition 66db04abbf0a19d8769e7a94
[2024-09-06T17:45:52.278+0000] {core_li.py:23} INFO - Successfully updated job requisition 66db04abbf0a19d8769e7a96
[2024-09-06T17:45:52.293+0000] {core_li.py:23} INFO - Successfully updated job requisition 66db04abbf0a19d8769e7a98
[2024-09-06T17:45:52.299+0000] {core_li.py:23} INFO - Successfully updated job requisition 66db04abbf0a19d8769e7a9a
[2024-09-06T17:45:52.305+0000] {core_li.py:23} INFO - Successfully updated job requisition 66db04abbf0a19d8769e7a9c
[2024-09-06T17:45:52.310+0000] {core_li.py:23} INFO - Successfully updated job requisition 66db04abbf0a19d8769e7a9e
[2024-09-06T17:45:52.317+0000] {core_li.py:23} INFO - Successfully updated job requisition 66db04abbf0a19d8769e7aa0
[2024-09-06T17:45:52.317+0000] {python.py:240} INFO - Done. Returned value was: 100
[2024-09-06T17:45:52.330+0000] {taskinstance.py:340} INFO - ::group::Post task execution logs
[2024-09-06T17:45:52.331+0000] {taskinstance.py:352} INFO - Marking task as SUCCESS. dag_id=async_flow, task_id=task_backfill_number_of_cancelled_candidates_in_batch, run_id=manual__2024-09-06T17:29:39.458358+00:00, map_index=23, execution_date=20240906T172939, start_date=20240906T174551, end_date=20240906T174552
[2024-09-06T17:45:52.384+0000] {local_task_job_runner.py:266} INFO - Task exited with return code 0
[2024-09-06T17:45:52.400+0000] {taskinstance.py:3900} INFO - 0 downstream tasks scheduled from follow-on schedule check
[2024-09-06T17:45:52.401+0000] {local_task_job_runner.py:245} INFO - ::endgroup::
