[2024-09-06T17:45:53.815+0000] {local_task_job_runner.py:123} INFO - ::group::Pre task execution logs
[2024-09-06T17:45:53.829+0000] {taskinstance.py:2612} INFO - Dependencies all met for dep_context=non-requeueable deps ti=<TaskInstance: async_flow.task_backfill_number_of_cancelled_candidates_in_batch manual__2024-09-06T17:29:39.458358+00:00 map_index=40 [queued]>
[2024-09-06T17:45:53.836+0000] {taskinstance.py:2612} INFO - Dependencies all met for dep_context=requeueable deps ti=<TaskInstance: async_flow.task_backfill_number_of_cancelled_candidates_in_batch manual__2024-09-06T17:29:39.458358+00:00 map_index=40 [queued]>
[2024-09-06T17:45:53.837+0000] {taskinstance.py:2865} INFO - Starting attempt 2 of 2
[2024-09-06T17:45:53.850+0000] {taskinstance.py:2888} INFO - Executing <Mapped(_PythonDecoratedOperator): task_backfill_number_of_cancelled_candidates_in_batch> on 2024-09-06 17:29:39.458358+00:00
[2024-09-06T17:45:53.860+0000] {warnings.py:112} WARNING - /home/***/.local/lib/python3.12/site-packages/***/task/task_runner/standard_task_runner.py:70: DeprecationWarning: This process (pid=617) is multi-threaded, use of fork() may lead to deadlocks in the child.
  pid = os.fork()

[2024-09-06T17:45:53.861+0000] {standard_task_runner.py:72} INFO - Started process 688 to run task
[2024-09-06T17:45:53.861+0000] {standard_task_runner.py:104} INFO - Running: ['***', 'tasks', 'run', 'async_flow', 'task_backfill_number_of_cancelled_candidates_in_batch', 'manual__2024-09-06T17:29:39.458358+00:00', '--job-id', '267', '--raw', '--subdir', 'DAGS_FOLDER/dags_async_flow.py', '--cfg-path', '/tmp/tmpyulr88il', '--map-index', '40']
[2024-09-06T17:45:53.862+0000] {standard_task_runner.py:105} INFO - Job 267: Subtask task_backfill_number_of_cancelled_candidates_in_batch
[2024-09-06T17:45:53.920+0000] {task_command.py:467} INFO - Running <TaskInstance: async_flow.task_backfill_number_of_cancelled_candidates_in_batch manual__2024-09-06T17:29:39.458358+00:00 map_index=40 [running]> on host 0817eb6c24af
[2024-09-06T17:45:54.060+0000] {taskinstance.py:3131} INFO - Exporting env vars: AIRFLOW_CTX_DAG_OWNER='***' AIRFLOW_CTX_DAG_ID='async_flow' AIRFLOW_CTX_TASK_ID='task_backfill_number_of_cancelled_candidates_in_batch' AIRFLOW_CTX_EXECUTION_DATE='2024-09-06T17:29:39.458358+00:00' AIRFLOW_CTX_TRY_NUMBER='2' AIRFLOW_CTX_DAG_RUN_ID='manual__2024-09-06T17:29:39.458358+00:00'
[2024-09-06T17:45:54.063+0000] {taskinstance.py:731} INFO - ::endgroup::
[2024-09-06T17:45:54.084+0000] {core_li.py:23} INFO - Successfully updated job requisition 66db04abbf0a19d8769e6b02
[2024-09-06T17:45:54.095+0000] {core_li.py:23} INFO - Successfully updated job requisition 66db04abbf0a19d8769e6b04
[2024-09-06T17:45:54.102+0000] {core_li.py:23} INFO - Successfully updated job requisition 66db04abbf0a19d8769e6b06
[2024-09-06T17:45:54.115+0000] {core_li.py:23} INFO - Successfully updated job requisition 66db04abbf0a19d8769e6b08
[2024-09-06T17:45:54.127+0000] {core_li.py:23} INFO - Successfully updated job requisition 66db04abbf0a19d8769e6b0a
[2024-09-06T17:45:54.135+0000] {core_li.py:23} INFO - Successfully updated job requisition 66db04abbf0a19d8769e6b0c
[2024-09-06T17:45:54.140+0000] {core_li.py:23} INFO - Successfully updated job requisition 66db04abbf0a19d8769e6b0e
[2024-09-06T17:45:54.146+0000] {core_li.py:23} INFO - Successfully updated job requisition 66db04abbf0a19d8769e6b10
[2024-09-06T17:45:54.154+0000] {core_li.py:23} INFO - Successfully updated job requisition 66db04abbf0a19d8769e6b12
[2024-09-06T17:45:54.168+0000] {core_li.py:23} INFO - Successfully updated job requisition 66db04abbf0a19d8769e6b14
[2024-09-06T17:45:54.179+0000] {core_li.py:23} INFO - Successfully updated job requisition 66db04abbf0a19d8769e6b16
[2024-09-06T17:45:54.185+0000] {core_li.py:23} INFO - Successfully updated job requisition 66db04abbf0a19d8769e6b18
[2024-09-06T17:45:54.191+0000] {core_li.py:23} INFO - Successfully updated job requisition 66db04abbf0a19d8769e6b1a
[2024-09-06T17:45:54.198+0000] {core_li.py:23} INFO - Successfully updated job requisition 66db04abbf0a19d8769e6b1c
[2024-09-06T17:45:54.206+0000] {core_li.py:23} INFO - Successfully updated job requisition 66db04abbf0a19d8769e6b1e
[2024-09-06T17:45:54.214+0000] {core_li.py:23} INFO - Successfully updated job requisition 66db04abbf0a19d8769e6b20
[2024-09-06T17:45:54.225+0000] {core_li.py:23} INFO - Successfully updated job requisition 66db04abbf0a19d8769e6b22
[2024-09-06T17:45:54.232+0000] {core_li.py:23} INFO - Successfully updated job requisition 66db04abbf0a19d8769e6b24
[2024-09-06T17:45:54.239+0000] {core_li.py:23} INFO - Successfully updated job requisition 66db04abbf0a19d8769e6b26
[2024-09-06T17:45:54.248+0000] {core_li.py:23} INFO - Successfully updated job requisition 66db04abbf0a19d8769e6b28
[2024-09-06T17:45:54.254+0000] {core_li.py:23} INFO - Successfully updated job requisition 66db04abbf0a19d8769e6b2a
[2024-09-06T17:45:54.262+0000] {core_li.py:23} INFO - Successfully updated job requisition 66db04abbf0a19d8769e6b2c
[2024-09-06T17:45:54.269+0000] {core_li.py:23} INFO - Successfully updated job requisition 66db04abbf0a19d8769e6b2e
[2024-09-06T17:45:54.276+0000] {core_li.py:23} INFO - Successfully updated job requisition 66db04abbf0a19d8769e6b30
[2024-09-06T17:45:54.283+0000] {core_li.py:23} INFO - Successfully updated job requisition 66db04abbf0a19d8769e6b32
[2024-09-06T17:45:54.292+0000] {core_li.py:23} INFO - Successfully updated job requisition 66db04abbf0a19d8769e6b34
[2024-09-06T17:45:54.299+0000] {core_li.py:23} INFO - Successfully updated job requisition 66db04abbf0a19d8769e6b36
[2024-09-06T17:45:54.307+0000] {core_li.py:23} INFO - Successfully updated job requisition 66db04abbf0a19d8769e6b38
[2024-09-06T17:45:54.315+0000] {core_li.py:23} INFO - Successfully updated job requisition 66db04abbf0a19d8769e6b3a
[2024-09-06T17:45:54.322+0000] {core_li.py:23} INFO - Successfully updated job requisition 66db04abbf0a19d8769e6b3c
[2024-09-06T17:45:54.329+0000] {core_li.py:23} INFO - Successfully updated job requisition 66db04abbf0a19d8769e6b3e
[2024-09-06T17:45:54.336+0000] {core_li.py:23} INFO - Successfully updated job requisition 66db04abbf0a19d8769e6b40
[2024-09-06T17:45:54.345+0000] {core_li.py:23} INFO - Successfully updated job requisition 66db04abbf0a19d8769e6b42
[2024-09-06T17:45:54.352+0000] {core_li.py:23} INFO - Successfully updated job requisition 66db04abbf0a19d8769e6b44
[2024-09-06T17:45:54.359+0000] {core_li.py:23} INFO - Successfully updated job requisition 66db04abbf0a19d8769e6b46
[2024-09-06T17:45:54.370+0000] {core_li.py:23} INFO - Successfully updated job requisition 66db04abbf0a19d8769e6b48
[2024-09-06T17:45:54.377+0000] {core_li.py:23} INFO - Successfully updated job requisition 66db04abbf0a19d8769e6b4a
[2024-09-06T17:45:54.385+0000] {core_li.py:23} INFO - Successfully updated job requisition 66db04abbf0a19d8769e6b4c
[2024-09-06T17:45:54.391+0000] {core_li.py:23} INFO - Successfully updated job requisition 66db04abbf0a19d8769e6b4e
[2024-09-06T17:45:54.397+0000] {core_li.py:23} INFO - Successfully updated job requisition 66db04abbf0a19d8769e6b50
[2024-09-06T17:45:54.405+0000] {core_li.py:23} INFO - Successfully updated job requisition 66db04abbf0a19d8769e6b52
[2024-09-06T17:45:54.416+0000] {core_li.py:23} INFO - Successfully updated job requisition 66db04abbf0a19d8769e6b54
[2024-09-06T17:45:54.424+0000] {core_li.py:23} INFO - Successfully updated job requisition 66db04abbf0a19d8769e6b56
[2024-09-06T17:45:54.431+0000] {core_li.py:23} INFO - Successfully updated job requisition 66db04abbf0a19d8769e6b58
[2024-09-06T17:45:54.437+0000] {core_li.py:23} INFO - Successfully updated job requisition 66db04abbf0a19d8769e6b5a
[2024-09-06T17:45:54.446+0000] {core_li.py:23} INFO - Successfully updated job requisition 66db04abbf0a19d8769e6b5c
[2024-09-06T17:45:54.453+0000] {core_li.py:23} INFO - Successfully updated job requisition 66db04abbf0a19d8769e6b5e
[2024-09-06T17:45:54.462+0000] {core_li.py:23} INFO - Successfully updated job requisition 66db04abbf0a19d8769e6b60
[2024-09-06T17:45:54.469+0000] {core_li.py:23} INFO - Successfully updated job requisition 66db04abbf0a19d8769e6b62
[2024-09-06T17:45:54.477+0000] {core_li.py:23} INFO - Successfully updated job requisition 66db04abbf0a19d8769e6b64
[2024-09-06T17:45:54.485+0000] {core_li.py:23} INFO - Successfully updated job requisition 66db04abbf0a19d8769e6b66
[2024-09-06T17:45:54.493+0000] {core_li.py:23} INFO - Successfully updated job requisition 66db04abbf0a19d8769e6b68
[2024-09-06T17:45:54.505+0000] {core_li.py:23} INFO - Successfully updated job requisition 66db04abbf0a19d8769e6b6a
[2024-09-06T17:45:54.515+0000] {core_li.py:23} INFO - Successfully updated job requisition 66db04abbf0a19d8769e6b6c
[2024-09-06T17:45:54.525+0000] {core_li.py:23} INFO - Successfully updated job requisition 66db04abbf0a19d8769e6b6e
[2024-09-06T17:45:54.536+0000] {core_li.py:23} INFO - Successfully updated job requisition 66db04abbf0a19d8769e6b70
[2024-09-06T17:45:54.549+0000] {core_li.py:23} INFO - Successfully updated job requisition 66db04abbf0a19d8769e6b72
[2024-09-06T17:45:54.559+0000] {core_li.py:23} INFO - Successfully updated job requisition 66db04abbf0a19d8769e6b74
[2024-09-06T17:45:54.569+0000] {core_li.py:23} INFO - Successfully updated job requisition 66db04abbf0a19d8769e6b76
[2024-09-06T17:45:54.581+0000] {core_li.py:23} INFO - Successfully updated job requisition 66db04abbf0a19d8769e6b78
[2024-09-06T17:45:54.593+0000] {core_li.py:23} INFO - Successfully updated job requisition 66db04abbf0a19d8769e6b7a
[2024-09-06T17:45:54.602+0000] {core_li.py:23} INFO - Successfully updated job requisition 66db04abbf0a19d8769e6b7c
[2024-09-06T17:45:54.611+0000] {core_li.py:23} INFO - Successfully updated job requisition 66db04abbf0a19d8769e6b7e
[2024-09-06T17:45:54.620+0000] {core_li.py:23} INFO - Successfully updated job requisition 66db04abbf0a19d8769e6b80
[2024-09-06T17:45:54.630+0000] {core_li.py:23} INFO - Successfully updated job requisition 66db04abbf0a19d8769e6b82
[2024-09-06T17:45:54.640+0000] {core_li.py:23} INFO - Successfully updated job requisition 66db04abbf0a19d8769e6b84
[2024-09-06T17:45:54.654+0000] {core_li.py:23} INFO - Successfully updated job requisition 66db04abbf0a19d8769e6b86
[2024-09-06T17:45:54.673+0000] {core_li.py:23} INFO - Successfully updated job requisition 66db04abbf0a19d8769e6b88
[2024-09-06T17:45:54.679+0000] {core_li.py:23} INFO - Successfully updated job requisition 66db04abbf0a19d8769e6b8a
[2024-09-06T17:45:54.688+0000] {core_li.py:23} INFO - Successfully updated job requisition 66db04abbf0a19d8769e6b8c
[2024-09-06T17:45:54.700+0000] {core_li.py:23} INFO - Successfully updated job requisition 66db04abbf0a19d8769e6b8e
[2024-09-06T17:45:54.711+0000] {core_li.py:23} INFO - Successfully updated job requisition 66db04abbf0a19d8769e6b90
[2024-09-06T17:45:54.721+0000] {core_li.py:23} INFO - Successfully updated job requisition 66db04abbf0a19d8769e6b92
[2024-09-06T17:45:54.730+0000] {core_li.py:23} INFO - Successfully updated job requisition 66db04abbf0a19d8769e6b94
[2024-09-06T17:45:54.738+0000] {core_li.py:23} INFO - Successfully updated job requisition 66db04abbf0a19d8769e6b96
[2024-09-06T17:45:54.746+0000] {core_li.py:23} INFO - Successfully updated job requisition 66db04abbf0a19d8769e6b98
[2024-09-06T17:45:54.760+0000] {core_li.py:23} INFO - Successfully updated job requisition 66db04abbf0a19d8769e6b9a
[2024-09-06T17:45:54.771+0000] {core_li.py:23} INFO - Successfully updated job requisition 66db04abbf0a19d8769e6b9c
[2024-09-06T17:45:54.782+0000] {core_li.py:23} INFO - Successfully updated job requisition 66db04abbf0a19d8769e6b9e
[2024-09-06T17:45:54.788+0000] {core_li.py:23} INFO - Successfully updated job requisition 66db04abbf0a19d8769e6ba0
[2024-09-06T17:45:54.798+0000] {core_li.py:23} INFO - Successfully updated job requisition 66db04abbf0a19d8769e6ba2
[2024-09-06T17:45:54.809+0000] {core_li.py:23} INFO - Successfully updated job requisition 66db04abbf0a19d8769e6ba4
[2024-09-06T17:45:54.817+0000] {core_li.py:23} INFO - Successfully updated job requisition 66db04abbf0a19d8769e6ba6
[2024-09-06T17:45:54.825+0000] {core_li.py:23} INFO - Successfully updated job requisition 66db04abbf0a19d8769e6ba8
[2024-09-06T17:45:54.833+0000] {core_li.py:23} INFO - Successfully updated job requisition 66db04abbf0a19d8769e6baa
[2024-09-06T17:45:54.841+0000] {core_li.py:23} INFO - Successfully updated job requisition 66db04abbf0a19d8769e6bac
[2024-09-06T17:45:54.850+0000] {core_li.py:23} INFO - Successfully updated job requisition 66db04abbf0a19d8769e6bae
[2024-09-06T17:45:54.861+0000] {core_li.py:23} INFO - Successfully updated job requisition 66db04abbf0a19d8769e6bb0
[2024-09-06T17:45:54.868+0000] {core_li.py:23} INFO - Successfully updated job requisition 66db04abbf0a19d8769e6bb2
[2024-09-06T17:45:54.876+0000] {core_li.py:23} INFO - Successfully updated job requisition 66db04abbf0a19d8769e6bb4
[2024-09-06T17:45:54.883+0000] {core_li.py:23} INFO - Successfully updated job requisition 66db04abbf0a19d8769e6bb6
[2024-09-06T17:45:54.894+0000] {core_li.py:23} INFO - Successfully updated job requisition 66db04abbf0a19d8769e6bb8
[2024-09-06T17:45:54.911+0000] {core_li.py:23} INFO - Successfully updated job requisition 66db04abbf0a19d8769e6bba
[2024-09-06T17:45:54.926+0000] {core_li.py:23} INFO - Successfully updated job requisition 66db04abbf0a19d8769e6bbc
[2024-09-06T17:45:54.938+0000] {core_li.py:23} INFO - Successfully updated job requisition 66db04abbf0a19d8769e6bbe
[2024-09-06T17:45:54.946+0000] {core_li.py:23} INFO - Successfully updated job requisition 66db04abbf0a19d8769e6bc0
[2024-09-06T17:45:54.955+0000] {core_li.py:23} INFO - Successfully updated job requisition 66db04abbf0a19d8769e6bc2
[2024-09-06T17:45:54.963+0000] {core_li.py:23} INFO - Successfully updated job requisition 66db04abbf0a19d8769e6bc4
[2024-09-06T17:45:54.988+0000] {core_li.py:23} INFO - Successfully updated job requisition 66db04abbf0a19d8769e6bc6
[2024-09-06T17:45:54.997+0000] {core_li.py:23} INFO - Successfully updated job requisition 66db04abbf0a19d8769e6bc8
[2024-09-06T17:45:54.999+0000] {python.py:240} INFO - Done. Returned value was: 100
[2024-09-06T17:45:55.019+0000] {taskinstance.py:340} INFO - ::group::Post task execution logs
[2024-09-06T17:45:55.020+0000] {taskinstance.py:352} INFO - Marking task as SUCCESS. dag_id=async_flow, task_id=task_backfill_number_of_cancelled_candidates_in_batch, run_id=manual__2024-09-06T17:29:39.458358+00:00, map_index=40, execution_date=20240906T172939, start_date=20240906T174553, end_date=20240906T174555
[2024-09-06T17:45:55.065+0000] {local_task_job_runner.py:266} INFO - Task exited with return code 0
[2024-09-06T17:45:55.079+0000] {local_task_job_runner.py:245} INFO - ::endgroup::
