[2024-09-06T17:43:04.672+0000] {local_task_job_runner.py:123} INFO - ::group::Pre task execution logs
[2024-09-06T17:43:04.846+0000] {taskinstance.py:2612} INFO - Dependencies all met for dep_context=non-requeueable deps ti=<TaskInstance: async_flow.task_backfill_number_of_cancelled_candidates_in_batch manual__2024-09-06T17:43:02.727107+00:00 map_index=6 [queued]>
[2024-09-06T17:43:04.888+0000] {taskinstance.py:2612} INFO - Dependencies all met for dep_context=requeueable deps ti=<TaskInstance: async_flow.task_backfill_number_of_cancelled_candidates_in_batch manual__2024-09-06T17:43:02.727107+00:00 map_index=6 [queued]>
[2024-09-06T17:43:04.891+0000] {taskinstance.py:2865} INFO - Starting attempt 1 of 1
[2024-09-06T17:43:04.927+0000] {taskinstance.py:2888} INFO - Executing <Mapped(_PythonDecoratedOperator): task_backfill_number_of_cancelled_candidates_in_batch> on 2024-09-06 17:43:02.727107+00:00
[2024-09-06T17:43:04.953+0000] {standard_task_runner.py:104} INFO - Running: ['***', 'tasks', 'run', 'async_flow', 'task_backfill_number_of_cancelled_candidates_in_batch', 'manual__2024-09-06T17:43:02.727107+00:00', '--job-id', '191', '--raw', '--subdir', 'DAGS_FOLDER/dags_async_flow.py', '--cfg-path', '/tmp/tmp6258o30k', '--map-index', '6']
[2024-09-06T17:43:04.949+0000] {warnings.py:112} WARNING - /home/***/.local/lib/python3.12/site-packages/***/task/task_runner/standard_task_runner.py:70: DeprecationWarning: This process (pid=83) is multi-threaded, use of fork() may lead to deadlocks in the child.
  pid = os.fork()

[2024-09-06T17:43:04.958+0000] {standard_task_runner.py:72} INFO - Started process 172 to run task
[2024-09-06T17:43:04.956+0000] {standard_task_runner.py:105} INFO - Job 191: Subtask task_backfill_number_of_cancelled_candidates_in_batch
[2024-09-06T17:43:05.047+0000] {task_command.py:467} INFO - Running <TaskInstance: async_flow.task_backfill_number_of_cancelled_candidates_in_batch manual__2024-09-06T17:43:02.727107+00:00 map_index=6 [running]> on host 0817eb6c24af
[2024-09-06T17:43:05.144+0000] {taskinstance.py:3131} INFO - Exporting env vars: AIRFLOW_CTX_DAG_OWNER='***' AIRFLOW_CTX_DAG_ID='async_flow' AIRFLOW_CTX_TASK_ID='task_backfill_number_of_cancelled_candidates_in_batch' AIRFLOW_CTX_EXECUTION_DATE='2024-09-06T17:43:02.727107+00:00' AIRFLOW_CTX_TRY_NUMBER='1' AIRFLOW_CTX_DAG_RUN_ID='manual__2024-09-06T17:43:02.727107+00:00'
[2024-09-06T17:43:05.147+0000] {taskinstance.py:731} INFO - ::endgroup::
[2024-09-06T17:43:05.159+0000] {core_li.py:23} INFO - Successfully updated job requisition 66db04aabf0a19d8769e6012
[2024-09-06T17:43:05.168+0000] {core_li.py:23} INFO - Successfully updated job requisition 66db04aabf0a19d8769e6014
[2024-09-06T17:43:05.175+0000] {core_li.py:23} INFO - Successfully updated job requisition 66db04aabf0a19d8769e6016
[2024-09-06T17:43:05.184+0000] {core_li.py:23} INFO - Successfully updated job requisition 66db04aabf0a19d8769e6018
[2024-09-06T17:43:05.200+0000] {core_li.py:23} INFO - Successfully updated job requisition 66db04aabf0a19d8769e601a
[2024-09-06T17:43:05.212+0000] {core_li.py:23} INFO - Successfully updated job requisition 66db04aabf0a19d8769e601c
[2024-09-06T17:43:05.227+0000] {core_li.py:23} INFO - Successfully updated job requisition 66db04aabf0a19d8769e601e
[2024-09-06T17:43:05.238+0000] {core_li.py:23} INFO - Successfully updated job requisition 66db04aabf0a19d8769e6020
[2024-09-06T17:43:05.254+0000] {core_li.py:23} INFO - Successfully updated job requisition 66db04abbf0a19d8769e6022
[2024-09-06T17:43:05.263+0000] {core_li.py:23} INFO - Successfully updated job requisition 66db04abbf0a19d8769e6024
[2024-09-06T17:43:05.274+0000] {core_li.py:23} INFO - Successfully updated job requisition 66db04abbf0a19d8769e6026
[2024-09-06T17:43:05.284+0000] {core_li.py:23} INFO - Successfully updated job requisition 66db04abbf0a19d8769e6028
[2024-09-06T17:43:05.297+0000] {core_li.py:23} INFO - Successfully updated job requisition 66db04abbf0a19d8769e602a
[2024-09-06T17:43:05.305+0000] {core_li.py:23} INFO - Successfully updated job requisition 66db04abbf0a19d8769e602c
[2024-09-06T17:43:05.315+0000] {core_li.py:23} INFO - Successfully updated job requisition 66db04abbf0a19d8769e602e
[2024-09-06T17:43:05.322+0000] {core_li.py:23} INFO - Successfully updated job requisition 66db04abbf0a19d8769e6030
[2024-09-06T17:43:05.329+0000] {core_li.py:23} INFO - Successfully updated job requisition 66db04abbf0a19d8769e6032
[2024-09-06T17:43:05.340+0000] {core_li.py:23} INFO - Successfully updated job requisition 66db04abbf0a19d8769e6034
[2024-09-06T17:43:05.351+0000] {core_li.py:23} INFO - Successfully updated job requisition 66db04abbf0a19d8769e6036
[2024-09-06T17:43:05.359+0000] {core_li.py:23} INFO - Successfully updated job requisition 66db04abbf0a19d8769e6038
[2024-09-06T17:43:05.368+0000] {core_li.py:23} INFO - Successfully updated job requisition 66db04abbf0a19d8769e603a
[2024-09-06T17:43:05.379+0000] {core_li.py:23} INFO - Successfully updated job requisition 66db04abbf0a19d8769e603c
[2024-09-06T17:43:05.387+0000] {core_li.py:23} INFO - Successfully updated job requisition 66db04abbf0a19d8769e603e
[2024-09-06T17:43:05.398+0000] {core_li.py:23} INFO - Successfully updated job requisition 66db04abbf0a19d8769e6040
[2024-09-06T17:43:05.410+0000] {core_li.py:23} INFO - Successfully updated job requisition 66db04abbf0a19d8769e6042
[2024-09-06T17:43:05.420+0000] {core_li.py:23} INFO - Successfully updated job requisition 66db04abbf0a19d8769e6044
[2024-09-06T17:43:05.430+0000] {core_li.py:23} INFO - Successfully updated job requisition 66db04abbf0a19d8769e6046
[2024-09-06T17:43:05.437+0000] {core_li.py:23} INFO - Successfully updated job requisition 66db04abbf0a19d8769e6048
[2024-09-06T17:43:05.446+0000] {core_li.py:23} INFO - Successfully updated job requisition 66db04abbf0a19d8769e604a
[2024-09-06T17:43:05.459+0000] {core_li.py:23} INFO - Successfully updated job requisition 66db04abbf0a19d8769e604c
[2024-09-06T17:43:05.465+0000] {core_li.py:23} INFO - Successfully updated job requisition 66db04abbf0a19d8769e604e
[2024-09-06T17:43:05.477+0000] {core_li.py:23} INFO - Successfully updated job requisition 66db04abbf0a19d8769e6050
[2024-09-06T17:43:05.489+0000] {core_li.py:23} INFO - Successfully updated job requisition 66db04abbf0a19d8769e6052
[2024-09-06T17:43:05.502+0000] {core_li.py:23} INFO - Successfully updated job requisition 66db04abbf0a19d8769e6054
[2024-09-06T17:43:05.508+0000] {core_li.py:23} INFO - Successfully updated job requisition 66db04abbf0a19d8769e6056
[2024-09-06T17:43:05.516+0000] {core_li.py:23} INFO - Successfully updated job requisition 66db04abbf0a19d8769e6058
[2024-09-06T17:43:05.529+0000] {core_li.py:23} INFO - Successfully updated job requisition 66db04abbf0a19d8769e605a
[2024-09-06T17:43:05.542+0000] {core_li.py:23} INFO - Successfully updated job requisition 66db04abbf0a19d8769e605c
[2024-09-06T17:43:05.554+0000] {core_li.py:23} INFO - Successfully updated job requisition 66db04abbf0a19d8769e605e
[2024-09-06T17:43:05.566+0000] {core_li.py:23} INFO - Successfully updated job requisition 66db04abbf0a19d8769e6060
[2024-09-06T17:43:05.577+0000] {core_li.py:23} INFO - Successfully updated job requisition 66db04abbf0a19d8769e6062
[2024-09-06T17:43:05.589+0000] {core_li.py:23} INFO - Successfully updated job requisition 66db04abbf0a19d8769e6064
[2024-09-06T17:43:05.603+0000] {core_li.py:23} INFO - Successfully updated job requisition 66db04abbf0a19d8769e6066
[2024-09-06T17:43:05.616+0000] {core_li.py:23} INFO - Successfully updated job requisition 66db04abbf0a19d8769e6068
[2024-09-06T17:43:05.632+0000] {core_li.py:23} INFO - Successfully updated job requisition 66db04abbf0a19d8769e606a
[2024-09-06T17:43:05.674+0000] {core_li.py:23} INFO - Successfully updated job requisition 66db04abbf0a19d8769e606c
[2024-09-06T17:43:05.698+0000] {core_li.py:23} INFO - Successfully updated job requisition 66db04abbf0a19d8769e606e
[2024-09-06T17:43:05.740+0000] {core_li.py:23} INFO - Successfully updated job requisition 66db04abbf0a19d8769e6070
[2024-09-06T17:43:05.755+0000] {core_li.py:23} INFO - Successfully updated job requisition 66db04abbf0a19d8769e6072
[2024-09-06T17:43:05.774+0000] {core_li.py:23} INFO - Successfully updated job requisition 66db04abbf0a19d8769e6074
[2024-09-06T17:43:05.799+0000] {core_li.py:23} INFO - Successfully updated job requisition 66db04abbf0a19d8769e6076
[2024-09-06T17:43:05.813+0000] {core_li.py:23} INFO - Successfully updated job requisition 66db04abbf0a19d8769e6078
[2024-09-06T17:43:05.824+0000] {core_li.py:23} INFO - Successfully updated job requisition 66db04abbf0a19d8769e607a
[2024-09-06T17:43:05.842+0000] {core_li.py:23} INFO - Successfully updated job requisition 66db04abbf0a19d8769e607c
[2024-09-06T17:43:05.853+0000] {core_li.py:23} INFO - Successfully updated job requisition 66db04abbf0a19d8769e607e
[2024-09-06T17:43:05.867+0000] {core_li.py:23} INFO - Successfully updated job requisition 66db04abbf0a19d8769e6080
[2024-09-06T17:43:05.885+0000] {core_li.py:23} INFO - Successfully updated job requisition 66db04abbf0a19d8769e6082
[2024-09-06T17:43:05.898+0000] {core_li.py:23} INFO - Successfully updated job requisition 66db04abbf0a19d8769e6084
[2024-09-06T17:43:05.907+0000] {core_li.py:23} INFO - Successfully updated job requisition 66db04abbf0a19d8769e6086
[2024-09-06T17:43:05.922+0000] {core_li.py:23} INFO - Successfully updated job requisition 66db04abbf0a19d8769e6088
[2024-09-06T17:43:05.939+0000] {core_li.py:23} INFO - Successfully updated job requisition 66db04abbf0a19d8769e608a
[2024-09-06T17:43:05.951+0000] {core_li.py:23} INFO - Successfully updated job requisition 66db04abbf0a19d8769e608c
[2024-09-06T17:43:05.966+0000] {core_li.py:23} INFO - Successfully updated job requisition 66db04abbf0a19d8769e608e
[2024-09-06T17:43:05.976+0000] {core_li.py:23} INFO - Successfully updated job requisition 66db04abbf0a19d8769e6090
[2024-09-06T17:43:05.985+0000] {core_li.py:23} INFO - Successfully updated job requisition 66db04abbf0a19d8769e6092
[2024-09-06T17:43:05.997+0000] {core_li.py:23} INFO - Successfully updated job requisition 66db04abbf0a19d8769e6094
[2024-09-06T17:43:06.017+0000] {core_li.py:23} INFO - Successfully updated job requisition 66db04abbf0a19d8769e6096
[2024-09-06T17:43:06.026+0000] {core_li.py:23} INFO - Successfully updated job requisition 66db04abbf0a19d8769e6098
[2024-09-06T17:43:06.035+0000] {core_li.py:23} INFO - Successfully updated job requisition 66db04abbf0a19d8769e609a
[2024-09-06T17:43:06.047+0000] {core_li.py:23} INFO - Successfully updated job requisition 66db04abbf0a19d8769e609c
[2024-09-06T17:43:06.056+0000] {core_li.py:23} INFO - Successfully updated job requisition 66db04abbf0a19d8769e609e
[2024-09-06T17:43:06.066+0000] {core_li.py:23} INFO - Successfully updated job requisition 66db04abbf0a19d8769e60a0
[2024-09-06T17:43:06.077+0000] {core_li.py:23} INFO - Successfully updated job requisition 66db04abbf0a19d8769e60a2
[2024-09-06T17:43:06.090+0000] {core_li.py:23} INFO - Successfully updated job requisition 66db04abbf0a19d8769e60a4
[2024-09-06T17:43:06.097+0000] {core_li.py:23} INFO - Successfully updated job requisition 66db04abbf0a19d8769e60a6
[2024-09-06T17:43:06.105+0000] {core_li.py:23} INFO - Successfully updated job requisition 66db04abbf0a19d8769e60a8
[2024-09-06T17:43:06.114+0000] {core_li.py:23} INFO - Successfully updated job requisition 66db04abbf0a19d8769e60aa
[2024-09-06T17:43:06.122+0000] {core_li.py:23} INFO - Successfully updated job requisition 66db04abbf0a19d8769e60ac
[2024-09-06T17:43:06.130+0000] {core_li.py:23} INFO - Successfully updated job requisition 66db04abbf0a19d8769e60ae
[2024-09-06T17:43:06.142+0000] {core_li.py:23} INFO - Successfully updated job requisition 66db04abbf0a19d8769e60b0
[2024-09-06T17:43:06.152+0000] {core_li.py:23} INFO - Successfully updated job requisition 66db04abbf0a19d8769e60b2
[2024-09-06T17:43:06.161+0000] {core_li.py:23} INFO - Successfully updated job requisition 66db04abbf0a19d8769e60b4
[2024-09-06T17:43:06.170+0000] {core_li.py:23} INFO - Successfully updated job requisition 66db04abbf0a19d8769e60b6
[2024-09-06T17:43:06.176+0000] {core_li.py:23} INFO - Successfully updated job requisition 66db04abbf0a19d8769e60b8
[2024-09-06T17:43:06.183+0000] {core_li.py:23} INFO - Successfully updated job requisition 66db04abbf0a19d8769e60ba
[2024-09-06T17:43:06.192+0000] {core_li.py:23} INFO - Successfully updated job requisition 66db04abbf0a19d8769e60bc
[2024-09-06T17:43:06.212+0000] {core_li.py:23} INFO - Successfully updated job requisition 66db04abbf0a19d8769e60be
[2024-09-06T17:43:06.228+0000] {core_li.py:23} INFO - Successfully updated job requisition 66db04abbf0a19d8769e60c0
[2024-09-06T17:43:06.240+0000] {core_li.py:23} INFO - Successfully updated job requisition 66db04abbf0a19d8769e60c2
[2024-09-06T17:43:06.248+0000] {core_li.py:23} INFO - Successfully updated job requisition 66db04abbf0a19d8769e60c4
[2024-09-06T17:43:06.258+0000] {core_li.py:23} INFO - Successfully updated job requisition 66db04abbf0a19d8769e60c6
[2024-09-06T17:43:06.269+0000] {core_li.py:23} INFO - Successfully updated job requisition 66db04abbf0a19d8769e60c8
[2024-09-06T17:43:06.279+0000] {core_li.py:23} INFO - Successfully updated job requisition 66db04abbf0a19d8769e60ca
[2024-09-06T17:43:06.291+0000] {core_li.py:23} INFO - Successfully updated job requisition 66db04abbf0a19d8769e60cc
[2024-09-06T17:43:06.305+0000] {core_li.py:23} INFO - Successfully updated job requisition 66db04abbf0a19d8769e60ce
[2024-09-06T17:43:06.319+0000] {core_li.py:23} INFO - Successfully updated job requisition 66db04abbf0a19d8769e60d0
[2024-09-06T17:43:06.328+0000] {core_li.py:23} INFO - Successfully updated job requisition 66db04abbf0a19d8769e60d2
[2024-09-06T17:43:06.337+0000] {core_li.py:23} INFO - Successfully updated job requisition 66db04abbf0a19d8769e60d4
[2024-09-06T17:43:06.345+0000] {core_li.py:23} INFO - Successfully updated job requisition 66db04abbf0a19d8769e60d6
[2024-09-06T17:43:06.357+0000] {core_li.py:23} INFO - Successfully updated job requisition 66db04abbf0a19d8769e60d8
[2024-09-06T17:43:06.358+0000] {python.py:240} INFO - Done. Returned value was: 100
[2024-09-06T17:43:06.389+0000] {taskinstance.py:340} INFO - ::group::Post task execution logs
[2024-09-06T17:43:06.392+0000] {taskinstance.py:352} INFO - Marking task as SUCCESS. dag_id=async_flow, task_id=task_backfill_number_of_cancelled_candidates_in_batch, run_id=manual__2024-09-06T17:43:02.727107+00:00, map_index=6, execution_date=20240906T174302, start_date=20240906T174304, end_date=20240906T174306
[2024-09-06T17:43:06.430+0000] {local_task_job_runner.py:266} INFO - Task exited with return code 0
[2024-09-06T17:43:06.449+0000] {local_task_job_runner.py:245} INFO - ::endgroup::
