[2024-09-06T17:45:48.176+0000] {local_task_job_runner.py:123} INFO - ::group::Pre task execution logs
[2024-09-06T17:45:48.210+0000] {taskinstance.py:2612} INFO - Dependencies all met for dep_context=non-requeueable deps ti=<TaskInstance: async_flow.task_backfill_number_of_cancelled_candidates_in_batch manual__2024-09-06T17:29:39.458358+00:00 map_index=7 [queued]>
[2024-09-06T17:45:48.228+0000] {taskinstance.py:2612} INFO - Dependencies all met for dep_context=requeueable deps ti=<TaskInstance: async_flow.task_backfill_number_of_cancelled_candidates_in_batch manual__2024-09-06T17:29:39.458358+00:00 map_index=7 [queued]>
[2024-09-06T17:45:48.231+0000] {taskinstance.py:2865} INFO - Starting attempt 2 of 2
[2024-09-06T17:45:48.249+0000] {taskinstance.py:2888} INFO - Executing <Mapped(_PythonDecoratedOperator): task_backfill_number_of_cancelled_candidates_in_batch> on 2024-09-06 17:29:39.458358+00:00
[2024-09-06T17:45:48.262+0000] {standard_task_runner.py:104} INFO - Running: ['***', 'tasks', 'run', 'async_flow', 'task_backfill_number_of_cancelled_candidates_in_batch', 'manual__2024-09-06T17:29:39.458358+00:00', '--job-id', '240', '--raw', '--subdir', 'DAGS_FOLDER/dags_async_flow.py', '--cfg-path', '/tmp/tmpmt9oq87h', '--map-index', '7']
[2024-09-06T17:45:48.264+0000] {standard_task_runner.py:105} INFO - Job 240: Subtask task_backfill_number_of_cancelled_candidates_in_batch
[2024-09-06T17:45:48.259+0000] {warnings.py:112} WARNING - /home/***/.local/lib/python3.12/site-packages/***/task/task_runner/standard_task_runner.py:70: DeprecationWarning: This process (pid=425) is multi-threaded, use of fork() may lead to deadlocks in the child.
  pid = os.fork()

[2024-09-06T17:45:48.266+0000] {standard_task_runner.py:72} INFO - Started process 501 to run task
[2024-09-06T17:45:48.324+0000] {task_command.py:467} INFO - Running <TaskInstance: async_flow.task_backfill_number_of_cancelled_candidates_in_batch manual__2024-09-06T17:29:39.458358+00:00 map_index=7 [running]> on host 0817eb6c24af
[2024-09-06T17:45:48.529+0000] {taskinstance.py:3131} INFO - Exporting env vars: AIRFLOW_CTX_DAG_OWNER='***' AIRFLOW_CTX_DAG_ID='async_flow' AIRFLOW_CTX_TASK_ID='task_backfill_number_of_cancelled_candidates_in_batch' AIRFLOW_CTX_EXECUTION_DATE='2024-09-06T17:29:39.458358+00:00' AIRFLOW_CTX_TRY_NUMBER='2' AIRFLOW_CTX_DAG_RUN_ID='manual__2024-09-06T17:29:39.458358+00:00'
[2024-09-06T17:45:48.536+0000] {taskinstance.py:731} INFO - ::endgroup::
[2024-09-06T17:45:48.553+0000] {core_li.py:23} INFO - Successfully updated job requisition 66db04abbf0a19d8769e60da
[2024-09-06T17:45:48.564+0000] {core_li.py:23} INFO - Successfully updated job requisition 66db04abbf0a19d8769e60dc
[2024-09-06T17:45:48.580+0000] {core_li.py:23} INFO - Successfully updated job requisition 66db04abbf0a19d8769e60de
[2024-09-06T17:45:48.596+0000] {core_li.py:23} INFO - Successfully updated job requisition 66db04abbf0a19d8769e60e0
[2024-09-06T17:45:48.608+0000] {core_li.py:23} INFO - Successfully updated job requisition 66db04abbf0a19d8769e60e2
[2024-09-06T17:45:48.618+0000] {core_li.py:23} INFO - Successfully updated job requisition 66db04abbf0a19d8769e60e4
[2024-09-06T17:45:48.629+0000] {core_li.py:23} INFO - Successfully updated job requisition 66db04abbf0a19d8769e60e6
[2024-09-06T17:45:48.645+0000] {core_li.py:23} INFO - Successfully updated job requisition 66db04abbf0a19d8769e60e8
[2024-09-06T17:45:48.655+0000] {core_li.py:23} INFO - Successfully updated job requisition 66db04abbf0a19d8769e60ea
[2024-09-06T17:45:48.669+0000] {core_li.py:23} INFO - Successfully updated job requisition 66db04abbf0a19d8769e60ec
[2024-09-06T17:45:48.680+0000] {core_li.py:23} INFO - Successfully updated job requisition 66db04abbf0a19d8769e60ee
[2024-09-06T17:45:48.694+0000] {core_li.py:23} INFO - Successfully updated job requisition 66db04abbf0a19d8769e60f0
[2024-09-06T17:45:48.708+0000] {core_li.py:23} INFO - Successfully updated job requisition 66db04abbf0a19d8769e60f2
[2024-09-06T17:45:48.720+0000] {core_li.py:23} INFO - Successfully updated job requisition 66db04abbf0a19d8769e60f4
[2024-09-06T17:45:48.733+0000] {core_li.py:23} INFO - Successfully updated job requisition 66db04abbf0a19d8769e60f6
[2024-09-06T17:45:48.748+0000] {core_li.py:23} INFO - Successfully updated job requisition 66db04abbf0a19d8769e60f8
[2024-09-06T17:45:48.765+0000] {core_li.py:23} INFO - Successfully updated job requisition 66db04abbf0a19d8769e60fa
[2024-09-06T17:45:48.778+0000] {core_li.py:23} INFO - Successfully updated job requisition 66db04abbf0a19d8769e60fc
[2024-09-06T17:45:48.789+0000] {core_li.py:23} INFO - Successfully updated job requisition 66db04abbf0a19d8769e60fe
[2024-09-06T17:45:48.801+0000] {core_li.py:23} INFO - Successfully updated job requisition 66db04abbf0a19d8769e6100
[2024-09-06T17:45:48.817+0000] {core_li.py:23} INFO - Successfully updated job requisition 66db04abbf0a19d8769e6102
[2024-09-06T17:45:48.838+0000] {core_li.py:23} INFO - Successfully updated job requisition 66db04abbf0a19d8769e6104
[2024-09-06T17:45:48.851+0000] {core_li.py:23} INFO - Successfully updated job requisition 66db04abbf0a19d8769e6106
[2024-09-06T17:45:48.865+0000] {core_li.py:23} INFO - Successfully updated job requisition 66db04abbf0a19d8769e6108
[2024-09-06T17:45:48.876+0000] {core_li.py:23} INFO - Successfully updated job requisition 66db04abbf0a19d8769e610a
[2024-09-06T17:45:48.894+0000] {core_li.py:23} INFO - Successfully updated job requisition 66db04abbf0a19d8769e610c
[2024-09-06T17:45:48.913+0000] {core_li.py:23} INFO - Successfully updated job requisition 66db04abbf0a19d8769e610e
[2024-09-06T17:45:48.930+0000] {core_li.py:23} INFO - Successfully updated job requisition 66db04abbf0a19d8769e6110
[2024-09-06T17:45:48.941+0000] {core_li.py:23} INFO - Successfully updated job requisition 66db04abbf0a19d8769e6112
[2024-09-06T17:45:48.959+0000] {core_li.py:23} INFO - Successfully updated job requisition 66db04abbf0a19d8769e6114
[2024-09-06T17:45:48.976+0000] {core_li.py:23} INFO - Successfully updated job requisition 66db04abbf0a19d8769e6116
[2024-09-06T17:45:48.990+0000] {core_li.py:23} INFO - Successfully updated job requisition 66db04abbf0a19d8769e6118
[2024-09-06T17:45:49.008+0000] {core_li.py:23} INFO - Successfully updated job requisition 66db04abbf0a19d8769e611a
[2024-09-06T17:45:49.034+0000] {core_li.py:23} INFO - Successfully updated job requisition 66db04abbf0a19d8769e611c
[2024-09-06T17:45:49.052+0000] {core_li.py:23} INFO - Successfully updated job requisition 66db04abbf0a19d8769e611e
[2024-09-06T17:45:49.079+0000] {core_li.py:23} INFO - Successfully updated job requisition 66db04abbf0a19d8769e6120
[2024-09-06T17:45:49.096+0000] {core_li.py:23} INFO - Successfully updated job requisition 66db04abbf0a19d8769e6122
[2024-09-06T17:45:49.110+0000] {core_li.py:23} INFO - Successfully updated job requisition 66db04abbf0a19d8769e6124
[2024-09-06T17:45:49.126+0000] {core_li.py:23} INFO - Successfully updated job requisition 66db04abbf0a19d8769e6126
[2024-09-06T17:45:49.135+0000] {core_li.py:23} INFO - Successfully updated job requisition 66db04abbf0a19d8769e6128
[2024-09-06T17:45:49.148+0000] {core_li.py:23} INFO - Successfully updated job requisition 66db04abbf0a19d8769e612a
[2024-09-06T17:45:49.158+0000] {core_li.py:23} INFO - Successfully updated job requisition 66db04abbf0a19d8769e612c
[2024-09-06T17:45:49.172+0000] {core_li.py:23} INFO - Successfully updated job requisition 66db04abbf0a19d8769e612e
[2024-09-06T17:45:49.186+0000] {core_li.py:23} INFO - Successfully updated job requisition 66db04abbf0a19d8769e6130
[2024-09-06T17:45:49.194+0000] {core_li.py:23} INFO - Successfully updated job requisition 66db04abbf0a19d8769e6132
[2024-09-06T17:45:49.209+0000] {core_li.py:23} INFO - Successfully updated job requisition 66db04abbf0a19d8769e6134
[2024-09-06T17:45:49.220+0000] {core_li.py:23} INFO - Successfully updated job requisition 66db04abbf0a19d8769e6136
[2024-09-06T17:45:49.231+0000] {core_li.py:23} INFO - Successfully updated job requisition 66db04abbf0a19d8769e6138
[2024-09-06T17:45:49.239+0000] {core_li.py:23} INFO - Successfully updated job requisition 66db04abbf0a19d8769e613a
[2024-09-06T17:45:49.249+0000] {core_li.py:23} INFO - Successfully updated job requisition 66db04abbf0a19d8769e613c
[2024-09-06T17:45:49.259+0000] {core_li.py:23} INFO - Successfully updated job requisition 66db04abbf0a19d8769e613e
[2024-09-06T17:45:49.270+0000] {core_li.py:23} INFO - Successfully updated job requisition 66db04abbf0a19d8769e6140
[2024-09-06T17:45:49.278+0000] {core_li.py:23} INFO - Successfully updated job requisition 66db04abbf0a19d8769e6142
[2024-09-06T17:45:49.296+0000] {core_li.py:23} INFO - Successfully updated job requisition 66db04abbf0a19d8769e6144
[2024-09-06T17:45:49.305+0000] {core_li.py:23} INFO - Successfully updated job requisition 66db04abbf0a19d8769e6146
[2024-09-06T17:45:49.325+0000] {core_li.py:23} INFO - Successfully updated job requisition 66db04abbf0a19d8769e6148
[2024-09-06T17:45:49.340+0000] {core_li.py:23} INFO - Successfully updated job requisition 66db04abbf0a19d8769e614a
[2024-09-06T17:45:49.354+0000] {core_li.py:23} INFO - Successfully updated job requisition 66db04abbf0a19d8769e614c
[2024-09-06T17:45:49.366+0000] {core_li.py:23} INFO - Successfully updated job requisition 66db04abbf0a19d8769e614e
[2024-09-06T17:45:49.376+0000] {core_li.py:23} INFO - Successfully updated job requisition 66db04abbf0a19d8769e6150
[2024-09-06T17:45:49.393+0000] {core_li.py:23} INFO - Successfully updated job requisition 66db04abbf0a19d8769e6152
[2024-09-06T17:45:49.409+0000] {core_li.py:23} INFO - Successfully updated job requisition 66db04abbf0a19d8769e6154
[2024-09-06T17:45:49.420+0000] {core_li.py:23} INFO - Successfully updated job requisition 66db04abbf0a19d8769e6156
[2024-09-06T17:45:49.432+0000] {core_li.py:23} INFO - Successfully updated job requisition 66db04abbf0a19d8769e6158
[2024-09-06T17:45:49.448+0000] {core_li.py:23} INFO - Successfully updated job requisition 66db04abbf0a19d8769e615a
[2024-09-06T17:45:49.459+0000] {core_li.py:23} INFO - Successfully updated job requisition 66db04abbf0a19d8769e615c
[2024-09-06T17:45:49.465+0000] {core_li.py:23} INFO - Successfully updated job requisition 66db04abbf0a19d8769e615e
[2024-09-06T17:45:49.476+0000] {core_li.py:23} INFO - Successfully updated job requisition 66db04abbf0a19d8769e6160
[2024-09-06T17:45:49.485+0000] {core_li.py:23} INFO - Successfully updated job requisition 66db04abbf0a19d8769e6162
[2024-09-06T17:45:49.493+0000] {core_li.py:23} INFO - Successfully updated job requisition 66db04abbf0a19d8769e6164
[2024-09-06T17:45:49.500+0000] {core_li.py:23} INFO - Successfully updated job requisition 66db04abbf0a19d8769e6166
[2024-09-06T17:45:49.511+0000] {core_li.py:23} INFO - Successfully updated job requisition 66db04abbf0a19d8769e6168
[2024-09-06T17:45:49.520+0000] {core_li.py:23} INFO - Successfully updated job requisition 66db04abbf0a19d8769e616a
[2024-09-06T17:45:49.533+0000] {core_li.py:23} INFO - Successfully updated job requisition 66db04abbf0a19d8769e616c
[2024-09-06T17:45:49.540+0000] {core_li.py:23} INFO - Successfully updated job requisition 66db04abbf0a19d8769e616e
[2024-09-06T17:45:49.552+0000] {core_li.py:23} INFO - Successfully updated job requisition 66db04abbf0a19d8769e6170
[2024-09-06T17:45:49.559+0000] {core_li.py:23} INFO - Successfully updated job requisition 66db04abbf0a19d8769e6172
[2024-09-06T17:45:49.573+0000] {core_li.py:23} INFO - Successfully updated job requisition 66db04abbf0a19d8769e6174
[2024-09-06T17:45:49.584+0000] {core_li.py:23} INFO - Successfully updated job requisition 66db04abbf0a19d8769e6176
[2024-09-06T17:45:49.595+0000] {core_li.py:23} INFO - Successfully updated job requisition 66db04abbf0a19d8769e6178
[2024-09-06T17:45:49.608+0000] {core_li.py:23} INFO - Successfully updated job requisition 66db04abbf0a19d8769e617a
[2024-09-06T17:45:49.621+0000] {core_li.py:23} INFO - Successfully updated job requisition 66db04abbf0a19d8769e617c
[2024-09-06T17:45:49.634+0000] {core_li.py:23} INFO - Successfully updated job requisition 66db04abbf0a19d8769e617e
[2024-09-06T17:45:49.643+0000] {core_li.py:23} INFO - Successfully updated job requisition 66db04abbf0a19d8769e6180
[2024-09-06T17:45:49.659+0000] {core_li.py:23} INFO - Successfully updated job requisition 66db04abbf0a19d8769e6182
[2024-09-06T17:45:49.671+0000] {core_li.py:23} INFO - Successfully updated job requisition 66db04abbf0a19d8769e6184
[2024-09-06T17:45:49.679+0000] {core_li.py:23} INFO - Successfully updated job requisition 66db04abbf0a19d8769e6186
[2024-09-06T17:45:49.689+0000] {core_li.py:23} INFO - Successfully updated job requisition 66db04abbf0a19d8769e6188
[2024-09-06T17:45:49.701+0000] {core_li.py:23} INFO - Successfully updated job requisition 66db04abbf0a19d8769e618a
[2024-09-06T17:45:49.710+0000] {core_li.py:23} INFO - Successfully updated job requisition 66db04abbf0a19d8769e618c
[2024-09-06T17:45:49.719+0000] {core_li.py:23} INFO - Successfully updated job requisition 66db04abbf0a19d8769e618e
[2024-09-06T17:45:49.727+0000] {core_li.py:23} INFO - Successfully updated job requisition 66db04abbf0a19d8769e6190
[2024-09-06T17:45:49.735+0000] {core_li.py:23} INFO - Successfully updated job requisition 66db04abbf0a19d8769e6192
[2024-09-06T17:45:49.745+0000] {core_li.py:23} INFO - Successfully updated job requisition 66db04abbf0a19d8769e6194
[2024-09-06T17:45:49.753+0000] {core_li.py:23} INFO - Successfully updated job requisition 66db04abbf0a19d8769e6196
[2024-09-06T17:45:49.762+0000] {core_li.py:23} INFO - Successfully updated job requisition 66db04abbf0a19d8769e6198
[2024-09-06T17:45:49.772+0000] {core_li.py:23} INFO - Successfully updated job requisition 66db04abbf0a19d8769e619a
[2024-09-06T17:45:49.783+0000] {core_li.py:23} INFO - Successfully updated job requisition 66db04abbf0a19d8769e619c
[2024-09-06T17:45:49.794+0000] {core_li.py:23} INFO - Successfully updated job requisition 66db04abbf0a19d8769e619e
[2024-09-06T17:45:49.802+0000] {core_li.py:23} INFO - Successfully updated job requisition 66db04abbf0a19d8769e61a0
[2024-09-06T17:45:49.803+0000] {python.py:240} INFO - Done. Returned value was: 100
[2024-09-06T17:45:49.838+0000] {taskinstance.py:340} INFO - ::group::Post task execution logs
[2024-09-06T17:45:49.840+0000] {taskinstance.py:352} INFO - Marking task as SUCCESS. dag_id=async_flow, task_id=task_backfill_number_of_cancelled_candidates_in_batch, run_id=manual__2024-09-06T17:29:39.458358+00:00, map_index=7, execution_date=20240906T172939, start_date=20240906T174548, end_date=20240906T174549
[2024-09-06T17:45:49.900+0000] {local_task_job_runner.py:266} INFO - Task exited with return code 0
[2024-09-06T17:45:49.910+0000] {local_task_job_runner.py:245} INFO - ::endgroup::
