[2024-09-06T17:43:09.829+0000] {local_task_job_runner.py:123} INFO - ::group::Pre task execution logs
[2024-09-06T17:43:09.849+0000] {taskinstance.py:2612} INFO - Dependencies all met for dep_context=non-requeueable deps ti=<TaskInstance: async_flow.task_backfill_number_of_cancelled_candidates_in_batch manual__2024-09-06T17:43:02.727107+00:00 map_index=37 [queued]>
[2024-09-06T17:43:09.858+0000] {taskinstance.py:2612} INFO - Dependencies all met for dep_context=requeueable deps ti=<TaskInstance: async_flow.task_backfill_number_of_cancelled_candidates_in_batch manual__2024-09-06T17:43:02.727107+00:00 map_index=37 [queued]>
[2024-09-06T17:43:09.861+0000] {taskinstance.py:2865} INFO - Starting attempt 1 of 1
[2024-09-06T17:43:09.925+0000] {taskinstance.py:2888} INFO - Executing <Mapped(_PythonDecoratedOperator): task_backfill_number_of_cancelled_candidates_in_batch> on 2024-09-06 17:43:02.727107+00:00
[2024-09-06T17:43:09.932+0000] {warnings.py:112} WARNING - /home/***/.local/lib/python3.12/site-packages/***/task/task_runner/standard_task_runner.py:70: DeprecationWarning: This process (pid=283) is multi-threaded, use of fork() may lead to deadlocks in the child.
  pid = os.fork()

[2024-09-06T17:43:09.935+0000] {standard_task_runner.py:72} INFO - Started process 334 to run task
[2024-09-06T17:43:09.941+0000] {standard_task_runner.py:104} INFO - Running: ['***', 'tasks', 'run', 'async_flow', 'task_backfill_number_of_cancelled_candidates_in_batch', 'manual__2024-09-06T17:43:02.727107+00:00', '--job-id', '211', '--raw', '--subdir', 'DAGS_FOLDER/dags_async_flow.py', '--cfg-path', '/tmp/tmp562hf08c', '--map-index', '37']
[2024-09-06T17:43:09.948+0000] {standard_task_runner.py:105} INFO - Job 211: Subtask task_backfill_number_of_cancelled_candidates_in_batch
[2024-09-06T17:43:10.044+0000] {task_command.py:467} INFO - Running <TaskInstance: async_flow.task_backfill_number_of_cancelled_candidates_in_batch manual__2024-09-06T17:43:02.727107+00:00 map_index=37 [running]> on host 0817eb6c24af
[2024-09-06T17:43:10.123+0000] {taskinstance.py:3131} INFO - Exporting env vars: AIRFLOW_CTX_DAG_OWNER='***' AIRFLOW_CTX_DAG_ID='async_flow' AIRFLOW_CTX_TASK_ID='task_backfill_number_of_cancelled_candidates_in_batch' AIRFLOW_CTX_EXECUTION_DATE='2024-09-06T17:43:02.727107+00:00' AIRFLOW_CTX_TRY_NUMBER='1' AIRFLOW_CTX_DAG_RUN_ID='manual__2024-09-06T17:43:02.727107+00:00'
[2024-09-06T17:43:10.155+0000] {taskinstance.py:731} INFO - ::endgroup::
[2024-09-06T17:43:10.180+0000] {core_li.py:23} INFO - Successfully updated job requisition 66db04abbf0a19d8769e784a
[2024-09-06T17:43:10.211+0000] {core_li.py:23} INFO - Successfully updated job requisition 66db04abbf0a19d8769e784c
[2024-09-06T17:43:10.225+0000] {core_li.py:23} INFO - Successfully updated job requisition 66db04abbf0a19d8769e784e
[2024-09-06T17:43:10.241+0000] {core_li.py:23} INFO - Successfully updated job requisition 66db04abbf0a19d8769e7850
[2024-09-06T17:43:10.259+0000] {core_li.py:23} INFO - Successfully updated job requisition 66db04abbf0a19d8769e7852
[2024-09-06T17:43:10.273+0000] {core_li.py:23} INFO - Successfully updated job requisition 66db04abbf0a19d8769e7854
[2024-09-06T17:43:10.289+0000] {core_li.py:23} INFO - Successfully updated job requisition 66db04abbf0a19d8769e7856
[2024-09-06T17:43:10.302+0000] {core_li.py:23} INFO - Successfully updated job requisition 66db04abbf0a19d8769e7858
[2024-09-06T17:43:10.318+0000] {core_li.py:23} INFO - Successfully updated job requisition 66db04abbf0a19d8769e785a
[2024-09-06T17:43:10.331+0000] {core_li.py:23} INFO - Successfully updated job requisition 66db04abbf0a19d8769e785c
[2024-09-06T17:43:10.345+0000] {core_li.py:23} INFO - Successfully updated job requisition 66db04abbf0a19d8769e785e
[2024-09-06T17:43:10.358+0000] {core_li.py:23} INFO - Successfully updated job requisition 66db04abbf0a19d8769e7860
[2024-09-06T17:43:10.370+0000] {core_li.py:23} INFO - Successfully updated job requisition 66db04abbf0a19d8769e7862
[2024-09-06T17:43:10.382+0000] {core_li.py:23} INFO - Successfully updated job requisition 66db04abbf0a19d8769e7864
[2024-09-06T17:43:10.399+0000] {core_li.py:23} INFO - Successfully updated job requisition 66db04abbf0a19d8769e7866
[2024-09-06T17:43:10.409+0000] {core_li.py:23} INFO - Successfully updated job requisition 66db04abbf0a19d8769e7868
[2024-09-06T17:43:10.417+0000] {core_li.py:23} INFO - Successfully updated job requisition 66db04abbf0a19d8769e786a
[2024-09-06T17:43:10.426+0000] {core_li.py:23} INFO - Successfully updated job requisition 66db04abbf0a19d8769e786c
[2024-09-06T17:43:10.439+0000] {core_li.py:23} INFO - Successfully updated job requisition 66db04abbf0a19d8769e786e
[2024-09-06T17:43:10.447+0000] {core_li.py:23} INFO - Successfully updated job requisition 66db04abbf0a19d8769e7870
[2024-09-06T17:43:10.453+0000] {core_li.py:23} INFO - Successfully updated job requisition 66db04abbf0a19d8769e7872
[2024-09-06T17:43:10.460+0000] {core_li.py:23} INFO - Successfully updated job requisition 66db04abbf0a19d8769e7874
[2024-09-06T17:43:10.469+0000] {core_li.py:23} INFO - Successfully updated job requisition 66db04abbf0a19d8769e7876
[2024-09-06T17:43:10.477+0000] {core_li.py:23} INFO - Successfully updated job requisition 66db04abbf0a19d8769e7878
[2024-09-06T17:43:10.487+0000] {core_li.py:23} INFO - Successfully updated job requisition 66db04abbf0a19d8769e787a
[2024-09-06T17:43:10.498+0000] {core_li.py:23} INFO - Successfully updated job requisition 66db04abbf0a19d8769e787c
[2024-09-06T17:43:10.509+0000] {core_li.py:23} INFO - Successfully updated job requisition 66db04abbf0a19d8769e787e
[2024-09-06T17:43:10.518+0000] {core_li.py:23} INFO - Successfully updated job requisition 66db04abbf0a19d8769e7880
[2024-09-06T17:43:10.525+0000] {core_li.py:23} INFO - Successfully updated job requisition 66db04abbf0a19d8769e7882
[2024-09-06T17:43:10.534+0000] {core_li.py:23} INFO - Successfully updated job requisition 66db04abbf0a19d8769e7884
[2024-09-06T17:43:10.541+0000] {core_li.py:23} INFO - Successfully updated job requisition 66db04abbf0a19d8769e7886
[2024-09-06T17:43:10.554+0000] {core_li.py:23} INFO - Successfully updated job requisition 66db04abbf0a19d8769e7888
[2024-09-06T17:43:10.563+0000] {core_li.py:23} INFO - Successfully updated job requisition 66db04abbf0a19d8769e788a
[2024-09-06T17:43:10.572+0000] {core_li.py:23} INFO - Successfully updated job requisition 66db04abbf0a19d8769e788c
[2024-09-06T17:43:10.584+0000] {core_li.py:23} INFO - Successfully updated job requisition 66db04abbf0a19d8769e788e
[2024-09-06T17:43:10.595+0000] {core_li.py:23} INFO - Successfully updated job requisition 66db04abbf0a19d8769e7890
[2024-09-06T17:43:10.603+0000] {core_li.py:23} INFO - Successfully updated job requisition 66db04abbf0a19d8769e7892
[2024-09-06T17:43:10.610+0000] {core_li.py:23} INFO - Successfully updated job requisition 66db04abbf0a19d8769e7894
[2024-09-06T17:43:10.617+0000] {core_li.py:23} INFO - Successfully updated job requisition 66db04abbf0a19d8769e7896
[2024-09-06T17:43:10.624+0000] {core_li.py:23} INFO - Successfully updated job requisition 66db04abbf0a19d8769e7898
[2024-09-06T17:43:10.640+0000] {core_li.py:23} INFO - Successfully updated job requisition 66db04abbf0a19d8769e789a
[2024-09-06T17:43:10.649+0000] {core_li.py:23} INFO - Successfully updated job requisition 66db04abbf0a19d8769e789c
[2024-09-06T17:43:10.665+0000] {core_li.py:23} INFO - Successfully updated job requisition 66db04abbf0a19d8769e789e
[2024-09-06T17:43:10.675+0000] {core_li.py:23} INFO - Successfully updated job requisition 66db04abbf0a19d8769e78a0
[2024-09-06T17:43:10.683+0000] {core_li.py:23} INFO - Successfully updated job requisition 66db04abbf0a19d8769e78a2
[2024-09-06T17:43:10.691+0000] {core_li.py:23} INFO - Successfully updated job requisition 66db04abbf0a19d8769e78a4
[2024-09-06T17:43:10.700+0000] {core_li.py:23} INFO - Successfully updated job requisition 66db04abbf0a19d8769e78a6
[2024-09-06T17:43:10.710+0000] {core_li.py:23} INFO - Successfully updated job requisition 66db04abbf0a19d8769e78a8
[2024-09-06T17:43:10.720+0000] {core_li.py:23} INFO - Successfully updated job requisition 66db04abbf0a19d8769e78aa
[2024-09-06T17:43:10.726+0000] {core_li.py:23} INFO - Successfully updated job requisition 66db04abbf0a19d8769e78ac
[2024-09-06T17:43:10.737+0000] {core_li.py:23} INFO - Successfully updated job requisition 66db04abbf0a19d8769e78ae
[2024-09-06T17:43:10.746+0000] {core_li.py:23} INFO - Successfully updated job requisition 66db04abbf0a19d8769e78b0
[2024-09-06T17:43:10.754+0000] {core_li.py:23} INFO - Successfully updated job requisition 66db04abbf0a19d8769e78b2
[2024-09-06T17:43:10.762+0000] {core_li.py:23} INFO - Successfully updated job requisition 66db04abbf0a19d8769e78b4
[2024-09-06T17:43:10.768+0000] {core_li.py:23} INFO - Successfully updated job requisition 66db04abbf0a19d8769e78b6
[2024-09-06T17:43:10.778+0000] {core_li.py:23} INFO - Successfully updated job requisition 66db04abbf0a19d8769e78b8
[2024-09-06T17:43:10.785+0000] {core_li.py:23} INFO - Successfully updated job requisition 66db04abbf0a19d8769e78ba
[2024-09-06T17:43:10.793+0000] {core_li.py:23} INFO - Successfully updated job requisition 66db04abbf0a19d8769e78bc
[2024-09-06T17:43:10.803+0000] {core_li.py:23} INFO - Successfully updated job requisition 66db04abbf0a19d8769e78be
[2024-09-06T17:43:10.808+0000] {core_li.py:23} INFO - Successfully updated job requisition 66db04abbf0a19d8769e78c0
[2024-09-06T17:43:10.814+0000] {core_li.py:23} INFO - Successfully updated job requisition 66db04abbf0a19d8769e78c2
[2024-09-06T17:43:10.826+0000] {core_li.py:23} INFO - Successfully updated job requisition 66db04abbf0a19d8769e78c4
[2024-09-06T17:43:10.840+0000] {core_li.py:23} INFO - Successfully updated job requisition 66db04abbf0a19d8769e78c6
[2024-09-06T17:43:10.849+0000] {core_li.py:23} INFO - Successfully updated job requisition 66db04abbf0a19d8769e78c8
[2024-09-06T17:43:10.857+0000] {core_li.py:23} INFO - Successfully updated job requisition 66db04abbf0a19d8769e78ca
[2024-09-06T17:43:10.865+0000] {core_li.py:23} INFO - Successfully updated job requisition 66db04abbf0a19d8769e78cc
[2024-09-06T17:43:10.873+0000] {core_li.py:23} INFO - Successfully updated job requisition 66db04abbf0a19d8769e78ce
[2024-09-06T17:43:10.881+0000] {core_li.py:23} INFO - Successfully updated job requisition 66db04abbf0a19d8769e78d0
[2024-09-06T17:43:10.895+0000] {core_li.py:23} INFO - Successfully updated job requisition 66db04abbf0a19d8769e78d2
[2024-09-06T17:43:10.907+0000] {core_li.py:23} INFO - Successfully updated job requisition 66db04abbf0a19d8769e78d4
[2024-09-06T17:43:10.915+0000] {core_li.py:23} INFO - Successfully updated job requisition 66db04abbf0a19d8769e78d6
[2024-09-06T17:43:10.920+0000] {core_li.py:23} INFO - Successfully updated job requisition 66db04abbf0a19d8769e78d8
[2024-09-06T17:43:10.928+0000] {core_li.py:23} INFO - Successfully updated job requisition 66db04abbf0a19d8769e78da
[2024-09-06T17:43:10.936+0000] {core_li.py:23} INFO - Successfully updated job requisition 66db04abbf0a19d8769e78dc
[2024-09-06T17:43:10.945+0000] {core_li.py:23} INFO - Successfully updated job requisition 66db04abbf0a19d8769e78de
[2024-09-06T17:43:10.956+0000] {core_li.py:23} INFO - Successfully updated job requisition 66db04abbf0a19d8769e78e0
[2024-09-06T17:43:10.964+0000] {core_li.py:23} INFO - Successfully updated job requisition 66db04abbf0a19d8769e78e2
[2024-09-06T17:43:10.970+0000] {core_li.py:23} INFO - Successfully updated job requisition 66db04abbf0a19d8769e78e4
[2024-09-06T17:43:10.979+0000] {core_li.py:23} INFO - Successfully updated job requisition 66db04abbf0a19d8769e78e6
[2024-09-06T17:43:10.992+0000] {core_li.py:23} INFO - Successfully updated job requisition 66db04abbf0a19d8769e78e8
[2024-09-06T17:43:11.006+0000] {core_li.py:23} INFO - Successfully updated job requisition 66db04abbf0a19d8769e78ea
[2024-09-06T17:43:11.013+0000] {core_li.py:23} INFO - Successfully updated job requisition 66db04abbf0a19d8769e78ec
[2024-09-06T17:43:11.025+0000] {core_li.py:23} INFO - Successfully updated job requisition 66db04abbf0a19d8769e78ee
[2024-09-06T17:43:11.032+0000] {core_li.py:23} INFO - Successfully updated job requisition 66db04abbf0a19d8769e78f0
[2024-09-06T17:43:11.040+0000] {core_li.py:23} INFO - Successfully updated job requisition 66db04abbf0a19d8769e78f2
[2024-09-06T17:43:11.051+0000] {core_li.py:23} INFO - Successfully updated job requisition 66db04abbf0a19d8769e78f4
[2024-09-06T17:43:11.060+0000] {core_li.py:23} INFO - Successfully updated job requisition 66db04abbf0a19d8769e78f6
[2024-09-06T17:43:11.068+0000] {core_li.py:23} INFO - Successfully updated job requisition 66db04abbf0a19d8769e78f8
[2024-09-06T17:43:11.077+0000] {core_li.py:23} INFO - Successfully updated job requisition 66db04abbf0a19d8769e78fa
[2024-09-06T17:43:11.083+0000] {core_li.py:23} INFO - Successfully updated job requisition 66db04abbf0a19d8769e78fc
[2024-09-06T17:43:11.089+0000] {core_li.py:23} INFO - Successfully updated job requisition 66db04abbf0a19d8769e78fe
[2024-09-06T17:43:11.098+0000] {core_li.py:23} INFO - Successfully updated job requisition 66db04abbf0a19d8769e7900
[2024-09-06T17:43:11.107+0000] {core_li.py:23} INFO - Successfully updated job requisition 66db04abbf0a19d8769e7902
[2024-09-06T17:43:11.117+0000] {core_li.py:23} INFO - Successfully updated job requisition 66db04abbf0a19d8769e7904
[2024-09-06T17:43:11.125+0000] {core_li.py:23} INFO - Successfully updated job requisition 66db04abbf0a19d8769e7906
[2024-09-06T17:43:11.135+0000] {core_li.py:23} INFO - Successfully updated job requisition 66db04abbf0a19d8769e7908
[2024-09-06T17:43:11.149+0000] {core_li.py:23} INFO - Successfully updated job requisition 66db04abbf0a19d8769e790a
[2024-09-06T17:43:11.158+0000] {core_li.py:23} INFO - Successfully updated job requisition 66db04abbf0a19d8769e790c
[2024-09-06T17:43:11.166+0000] {core_li.py:23} INFO - Successfully updated job requisition 66db04abbf0a19d8769e790e
[2024-09-06T17:43:11.173+0000] {core_li.py:23} INFO - Successfully updated job requisition 66db04abbf0a19d8769e7910
[2024-09-06T17:43:11.175+0000] {python.py:240} INFO - Done. Returned value was: 100
[2024-09-06T17:43:11.204+0000] {taskinstance.py:340} INFO - ::group::Post task execution logs
[2024-09-06T17:43:11.204+0000] {taskinstance.py:352} INFO - Marking task as SUCCESS. dag_id=async_flow, task_id=task_backfill_number_of_cancelled_candidates_in_batch, run_id=manual__2024-09-06T17:43:02.727107+00:00, map_index=37, execution_date=20240906T174302, start_date=20240906T174309, end_date=20240906T174311
[2024-09-06T17:43:11.248+0000] {local_task_job_runner.py:266} INFO - Task exited with return code 0
[2024-09-06T17:43:11.271+0000] {local_task_job_runner.py:245} INFO - ::endgroup::
