[2024-09-06T17:47:32.170+0000] {local_task_job_runner.py:123} INFO - ::group::Pre task execution logs
[2024-09-06T17:47:32.220+0000] {taskinstance.py:2612} INFO - Dependencies all met for dep_context=non-requeueable deps ti=<TaskInstance: async_flow.task_backfill_number_of_cancelled_candidates_in_batch manual__2024-09-06T17:47:30.120511+00:00 map_index=2 [queued]>
[2024-09-06T17:47:32.237+0000] {taskinstance.py:2612} INFO - Dependencies all met for dep_context=requeueable deps ti=<TaskInstance: async_flow.task_backfill_number_of_cancelled_candidates_in_batch manual__2024-09-06T17:47:30.120511+00:00 map_index=2 [queued]>
[2024-09-06T17:47:32.238+0000] {taskinstance.py:2865} INFO - Starting attempt 1 of 1
[2024-09-06T17:47:32.259+0000] {taskinstance.py:2888} INFO - Executing <Mapped(_PythonDecoratedOperator): task_backfill_number_of_cancelled_candidates_in_batch> on 2024-09-06 17:47:30.120511+00:00
[2024-09-06T17:47:32.264+0000] {warnings.py:112} WARNING - /home/***/.local/lib/python3.12/site-packages/***/task/task_runner/standard_task_runner.py:70: DeprecationWarning: This process (pid=1050) is multi-threaded, use of fork() may lead to deadlocks in the child.
  pid = os.fork()

[2024-09-06T17:47:32.265+0000] {standard_task_runner.py:72} INFO - Started process 1129 to run task
[2024-09-06T17:47:32.270+0000] {standard_task_runner.py:104} INFO - Running: ['***', 'tasks', 'run', 'async_flow', 'task_backfill_number_of_cancelled_candidates_in_batch', 'manual__2024-09-06T17:47:30.120511+00:00', '--job-id', '337', '--raw', '--subdir', 'DAGS_FOLDER/dags_async_flow.py', '--cfg-path', '/tmp/tmpipxjl2du', '--map-index', '2']
[2024-09-06T17:47:32.312+0000] {standard_task_runner.py:105} INFO - Job 337: Subtask task_backfill_number_of_cancelled_candidates_in_batch
[2024-09-06T17:47:32.385+0000] {task_command.py:467} INFO - Running <TaskInstance: async_flow.task_backfill_number_of_cancelled_candidates_in_batch manual__2024-09-06T17:47:30.120511+00:00 map_index=2 [running]> on host 0817eb6c24af
[2024-09-06T17:47:32.518+0000] {taskinstance.py:3131} INFO - Exporting env vars: AIRFLOW_CTX_DAG_OWNER='***' AIRFLOW_CTX_DAG_ID='async_flow' AIRFLOW_CTX_TASK_ID='task_backfill_number_of_cancelled_candidates_in_batch' AIRFLOW_CTX_EXECUTION_DATE='2024-09-06T17:47:30.120511+00:00' AIRFLOW_CTX_TRY_NUMBER='1' AIRFLOW_CTX_DAG_RUN_ID='manual__2024-09-06T17:47:30.120511+00:00'
[2024-09-06T17:47:32.520+0000] {taskinstance.py:731} INFO - ::endgroup::
[2024-09-06T17:47:32.540+0000] {core_li.py:23} INFO - Successfully updated job requisition 66db04aabf0a19d8769e5cf2
[2024-09-06T17:47:32.550+0000] {core_li.py:23} INFO - Successfully updated job requisition 66db04aabf0a19d8769e5cf4
[2024-09-06T17:47:32.563+0000] {core_li.py:23} INFO - Successfully updated job requisition 66db04aabf0a19d8769e5cf6
[2024-09-06T17:47:32.574+0000] {core_li.py:23} INFO - Successfully updated job requisition 66db04aabf0a19d8769e5cf8
[2024-09-06T17:47:32.583+0000] {core_li.py:23} INFO - Successfully updated job requisition 66db04aabf0a19d8769e5cfa
[2024-09-06T17:47:32.593+0000] {core_li.py:23} INFO - Successfully updated job requisition 66db04aabf0a19d8769e5cfc
[2024-09-06T17:47:32.604+0000] {core_li.py:23} INFO - Successfully updated job requisition 66db04aabf0a19d8769e5cfe
[2024-09-06T17:47:32.614+0000] {core_li.py:23} INFO - Successfully updated job requisition 66db04aabf0a19d8769e5d00
[2024-09-06T17:47:32.624+0000] {core_li.py:23} INFO - Successfully updated job requisition 66db04aabf0a19d8769e5d02
[2024-09-06T17:47:32.635+0000] {core_li.py:23} INFO - Successfully updated job requisition 66db04aabf0a19d8769e5d04
[2024-09-06T17:47:32.643+0000] {core_li.py:23} INFO - Successfully updated job requisition 66db04aabf0a19d8769e5d06
[2024-09-06T17:47:32.654+0000] {core_li.py:23} INFO - Successfully updated job requisition 66db04aabf0a19d8769e5d08
[2024-09-06T17:47:32.663+0000] {core_li.py:23} INFO - Successfully updated job requisition 66db04aabf0a19d8769e5d0a
[2024-09-06T17:47:32.676+0000] {core_li.py:23} INFO - Successfully updated job requisition 66db04aabf0a19d8769e5d0c
[2024-09-06T17:47:32.686+0000] {core_li.py:23} INFO - Successfully updated job requisition 66db04aabf0a19d8769e5d0e
[2024-09-06T17:47:32.697+0000] {core_li.py:23} INFO - Successfully updated job requisition 66db04aabf0a19d8769e5d10
[2024-09-06T17:47:32.708+0000] {core_li.py:23} INFO - Successfully updated job requisition 66db04aabf0a19d8769e5d12
[2024-09-06T17:47:32.718+0000] {core_li.py:23} INFO - Successfully updated job requisition 66db04aabf0a19d8769e5d14
[2024-09-06T17:47:32.729+0000] {core_li.py:23} INFO - Successfully updated job requisition 66db04aabf0a19d8769e5d16
[2024-09-06T17:47:32.738+0000] {core_li.py:23} INFO - Successfully updated job requisition 66db04aabf0a19d8769e5d18
[2024-09-06T17:47:32.748+0000] {core_li.py:23} INFO - Successfully updated job requisition 66db04aabf0a19d8769e5d1a
[2024-09-06T17:47:32.758+0000] {core_li.py:23} INFO - Successfully updated job requisition 66db04aabf0a19d8769e5d1c
[2024-09-06T17:47:32.768+0000] {core_li.py:23} INFO - Successfully updated job requisition 66db04aabf0a19d8769e5d1e
[2024-09-06T17:47:32.777+0000] {core_li.py:23} INFO - Successfully updated job requisition 66db04aabf0a19d8769e5d20
[2024-09-06T17:47:32.789+0000] {core_li.py:23} INFO - Successfully updated job requisition 66db04aabf0a19d8769e5d22
[2024-09-06T17:47:32.802+0000] {core_li.py:23} INFO - Successfully updated job requisition 66db04aabf0a19d8769e5d24
[2024-09-06T17:47:32.813+0000] {core_li.py:23} INFO - Successfully updated job requisition 66db04aabf0a19d8769e5d26
[2024-09-06T17:47:32.821+0000] {core_li.py:23} INFO - Successfully updated job requisition 66db04aabf0a19d8769e5d28
[2024-09-06T17:47:32.831+0000] {core_li.py:23} INFO - Successfully updated job requisition 66db04aabf0a19d8769e5d2a
[2024-09-06T17:47:32.838+0000] {core_li.py:23} INFO - Successfully updated job requisition 66db04aabf0a19d8769e5d2c
[2024-09-06T17:47:32.848+0000] {core_li.py:23} INFO - Successfully updated job requisition 66db04aabf0a19d8769e5d2e
[2024-09-06T17:47:32.858+0000] {core_li.py:23} INFO - Successfully updated job requisition 66db04aabf0a19d8769e5d30
[2024-09-06T17:47:32.868+0000] {core_li.py:23} INFO - Successfully updated job requisition 66db04aabf0a19d8769e5d32
[2024-09-06T17:47:32.880+0000] {core_li.py:23} INFO - Successfully updated job requisition 66db04aabf0a19d8769e5d34
[2024-09-06T17:47:32.892+0000] {core_li.py:23} INFO - Successfully updated job requisition 66db04aabf0a19d8769e5d36
[2024-09-06T17:47:32.899+0000] {core_li.py:23} INFO - Successfully updated job requisition 66db04aabf0a19d8769e5d38
[2024-09-06T17:47:32.908+0000] {core_li.py:23} INFO - Successfully updated job requisition 66db04aabf0a19d8769e5d3a
[2024-09-06T17:47:32.915+0000] {core_li.py:23} INFO - Successfully updated job requisition 66db04aabf0a19d8769e5d3c
[2024-09-06T17:47:32.926+0000] {core_li.py:23} INFO - Successfully updated job requisition 66db04aabf0a19d8769e5d3e
[2024-09-06T17:47:32.935+0000] {core_li.py:23} INFO - Successfully updated job requisition 66db04aabf0a19d8769e5d40
[2024-09-06T17:47:32.961+0000] {core_li.py:23} INFO - Successfully updated job requisition 66db04aabf0a19d8769e5d42
[2024-09-06T17:47:32.972+0000] {core_li.py:23} INFO - Successfully updated job requisition 66db04aabf0a19d8769e5d44
[2024-09-06T17:47:32.980+0000] {core_li.py:23} INFO - Successfully updated job requisition 66db04aabf0a19d8769e5d46
[2024-09-06T17:47:32.997+0000] {core_li.py:23} INFO - Successfully updated job requisition 66db04aabf0a19d8769e5d48
[2024-09-06T17:47:33.005+0000] {core_li.py:23} INFO - Successfully updated job requisition 66db04aabf0a19d8769e5d4a
[2024-09-06T17:47:33.014+0000] {core_li.py:23} INFO - Successfully updated job requisition 66db04aabf0a19d8769e5d4c
[2024-09-06T17:47:33.024+0000] {core_li.py:23} INFO - Successfully updated job requisition 66db04aabf0a19d8769e5d4e
[2024-09-06T17:47:33.034+0000] {core_li.py:23} INFO - Successfully updated job requisition 66db04aabf0a19d8769e5d50
[2024-09-06T17:47:33.050+0000] {core_li.py:23} INFO - Successfully updated job requisition 66db04aabf0a19d8769e5d52
[2024-09-06T17:47:33.065+0000] {core_li.py:23} INFO - Successfully updated job requisition 66db04aabf0a19d8769e5d54
[2024-09-06T17:47:33.073+0000] {core_li.py:23} INFO - Successfully updated job requisition 66db04aabf0a19d8769e5d56
[2024-09-06T17:47:33.080+0000] {core_li.py:23} INFO - Successfully updated job requisition 66db04aabf0a19d8769e5d58
[2024-09-06T17:47:33.088+0000] {core_li.py:23} INFO - Successfully updated job requisition 66db04aabf0a19d8769e5d5a
[2024-09-06T17:47:33.095+0000] {core_li.py:23} INFO - Successfully updated job requisition 66db04aabf0a19d8769e5d5c
[2024-09-06T17:47:33.108+0000] {core_li.py:23} INFO - Successfully updated job requisition 66db04aabf0a19d8769e5d5e
[2024-09-06T17:47:33.119+0000] {core_li.py:23} INFO - Successfully updated job requisition 66db04aabf0a19d8769e5d60
[2024-09-06T17:47:33.129+0000] {core_li.py:23} INFO - Successfully updated job requisition 66db04aabf0a19d8769e5d62
[2024-09-06T17:47:33.139+0000] {core_li.py:23} INFO - Successfully updated job requisition 66db04aabf0a19d8769e5d64
[2024-09-06T17:47:33.146+0000] {core_li.py:23} INFO - Successfully updated job requisition 66db04aabf0a19d8769e5d66
[2024-09-06T17:47:33.154+0000] {core_li.py:23} INFO - Successfully updated job requisition 66db04aabf0a19d8769e5d68
[2024-09-06T17:47:33.162+0000] {core_li.py:23} INFO - Successfully updated job requisition 66db04aabf0a19d8769e5d6a
[2024-09-06T17:47:33.171+0000] {core_li.py:23} INFO - Successfully updated job requisition 66db04aabf0a19d8769e5d6c
[2024-09-06T17:47:33.181+0000] {core_li.py:23} INFO - Successfully updated job requisition 66db04aabf0a19d8769e5d6e
[2024-09-06T17:47:33.193+0000] {core_li.py:23} INFO - Successfully updated job requisition 66db04aabf0a19d8769e5d70
[2024-09-06T17:47:33.206+0000] {core_li.py:23} INFO - Successfully updated job requisition 66db04aabf0a19d8769e5d72
[2024-09-06T17:47:33.216+0000] {core_li.py:23} INFO - Successfully updated job requisition 66db04aabf0a19d8769e5d74
[2024-09-06T17:47:33.226+0000] {core_li.py:23} INFO - Successfully updated job requisition 66db04aabf0a19d8769e5d76
[2024-09-06T17:47:33.233+0000] {core_li.py:23} INFO - Successfully updated job requisition 66db04aabf0a19d8769e5d78
[2024-09-06T17:47:33.245+0000] {core_li.py:23} INFO - Successfully updated job requisition 66db04aabf0a19d8769e5d7a
[2024-09-06T17:47:33.251+0000] {core_li.py:23} INFO - Successfully updated job requisition 66db04aabf0a19d8769e5d7c
[2024-09-06T17:47:33.259+0000] {core_li.py:23} INFO - Successfully updated job requisition 66db04aabf0a19d8769e5d7e
[2024-09-06T17:47:33.267+0000] {core_li.py:23} INFO - Successfully updated job requisition 66db04aabf0a19d8769e5d80
[2024-09-06T17:47:33.275+0000] {core_li.py:23} INFO - Successfully updated job requisition 66db04aabf0a19d8769e5d82
[2024-09-06T17:47:33.284+0000] {core_li.py:23} INFO - Successfully updated job requisition 66db04aabf0a19d8769e5d84
[2024-09-06T17:47:33.297+0000] {core_li.py:23} INFO - Successfully updated job requisition 66db04aabf0a19d8769e5d86
[2024-09-06T17:47:33.304+0000] {core_li.py:23} INFO - Successfully updated job requisition 66db04aabf0a19d8769e5d88
[2024-09-06T17:47:33.312+0000] {core_li.py:23} INFO - Successfully updated job requisition 66db04aabf0a19d8769e5d8a
[2024-09-06T17:47:33.319+0000] {core_li.py:23} INFO - Successfully updated job requisition 66db04aabf0a19d8769e5d8c
[2024-09-06T17:47:33.327+0000] {core_li.py:23} INFO - Successfully updated job requisition 66db04aabf0a19d8769e5d8e
[2024-09-06T17:47:33.333+0000] {core_li.py:23} INFO - Successfully updated job requisition 66db04aabf0a19d8769e5d90
[2024-09-06T17:47:33.342+0000] {core_li.py:23} INFO - Successfully updated job requisition 66db04aabf0a19d8769e5d92
[2024-09-06T17:47:33.348+0000] {core_li.py:23} INFO - Successfully updated job requisition 66db04aabf0a19d8769e5d94
[2024-09-06T17:47:33.353+0000] {core_li.py:23} INFO - Successfully updated job requisition 66db04aabf0a19d8769e5d96
[2024-09-06T17:47:33.360+0000] {core_li.py:23} INFO - Successfully updated job requisition 66db04aabf0a19d8769e5d98
[2024-09-06T17:47:33.370+0000] {core_li.py:23} INFO - Successfully updated job requisition 66db04aabf0a19d8769e5d9a
[2024-09-06T17:47:33.391+0000] {core_li.py:23} INFO - Successfully updated job requisition 66db04aabf0a19d8769e5d9c
[2024-09-06T17:47:33.400+0000] {core_li.py:23} INFO - Successfully updated job requisition 66db04aabf0a19d8769e5d9e
[2024-09-06T17:47:33.408+0000] {core_li.py:23} INFO - Successfully updated job requisition 66db04aabf0a19d8769e5da0
[2024-09-06T17:47:33.419+0000] {core_li.py:23} INFO - Successfully updated job requisition 66db04aabf0a19d8769e5da2
[2024-09-06T17:47:33.430+0000] {core_li.py:23} INFO - Successfully updated job requisition 66db04aabf0a19d8769e5da4
[2024-09-06T17:47:33.437+0000] {core_li.py:23} INFO - Successfully updated job requisition 66db04aabf0a19d8769e5da6
[2024-09-06T17:47:33.446+0000] {core_li.py:23} INFO - Successfully updated job requisition 66db04aabf0a19d8769e5da8
[2024-09-06T17:47:33.455+0000] {core_li.py:23} INFO - Successfully updated job requisition 66db04aabf0a19d8769e5daa
[2024-09-06T17:47:33.465+0000] {core_li.py:23} INFO - Successfully updated job requisition 66db04aabf0a19d8769e5dac
[2024-09-06T17:47:33.475+0000] {core_li.py:23} INFO - Successfully updated job requisition 66db04aabf0a19d8769e5dae
[2024-09-06T17:47:33.484+0000] {core_li.py:23} INFO - Successfully updated job requisition 66db04aabf0a19d8769e5db0
[2024-09-06T17:47:33.490+0000] {core_li.py:23} INFO - Successfully updated job requisition 66db04aabf0a19d8769e5db2
[2024-09-06T17:47:33.497+0000] {core_li.py:23} INFO - Successfully updated job requisition 66db04aabf0a19d8769e5db4
[2024-09-06T17:47:33.505+0000] {core_li.py:23} INFO - Successfully updated job requisition 66db04aabf0a19d8769e5db6
[2024-09-06T17:47:33.514+0000] {core_li.py:23} INFO - Successfully updated job requisition 66db04aabf0a19d8769e5db8
[2024-09-06T17:47:33.515+0000] {python.py:240} INFO - Done. Returned value was: 100
[2024-09-06T17:47:33.543+0000] {taskinstance.py:340} INFO - ::group::Post task execution logs
[2024-09-06T17:47:33.544+0000] {taskinstance.py:352} INFO - Marking task as SUCCESS. dag_id=async_flow, task_id=task_backfill_number_of_cancelled_candidates_in_batch, run_id=manual__2024-09-06T17:47:30.120511+00:00, map_index=2, execution_date=20240906T174730, start_date=20240906T174732, end_date=20240906T174733
[2024-09-06T17:47:33.563+0000] {local_task_job_runner.py:266} INFO - Task exited with return code 0
[2024-09-06T17:47:33.571+0000] {local_task_job_runner.py:245} INFO - ::endgroup::
