[2024-09-06T17:45:53.864+0000] {local_task_job_runner.py:123} INFO - ::group::Pre task execution logs
[2024-09-06T17:45:53.893+0000] {taskinstance.py:2612} INFO - Dependencies all met for dep_context=non-requeueable deps ti=<TaskInstance: async_flow.task_backfill_number_of_cancelled_candidates_in_batch manual__2024-09-06T17:29:39.458358+00:00 map_index=47 [queued]>
[2024-09-06T17:45:53.902+0000] {taskinstance.py:2612} INFO - Dependencies all met for dep_context=requeueable deps ti=<TaskInstance: async_flow.task_backfill_number_of_cancelled_candidates_in_batch manual__2024-09-06T17:29:39.458358+00:00 map_index=47 [queued]>
[2024-09-06T17:45:53.907+0000] {taskinstance.py:2865} INFO - Starting attempt 2 of 2
[2024-09-06T17:45:53.923+0000] {taskinstance.py:2888} INFO - Executing <Mapped(_PythonDecoratedOperator): task_backfill_number_of_cancelled_candidates_in_batch> on 2024-09-06 17:29:39.458358+00:00
[2024-09-06T17:45:53.929+0000] {warnings.py:112} WARNING - /home/***/.local/lib/python3.12/site-packages/***/task/task_runner/standard_task_runner.py:70: DeprecationWarning: This process (pid=622) is multi-threaded, use of fork() may lead to deadlocks in the child.
  pid = os.fork()

[2024-09-06T17:45:53.930+0000] {standard_task_runner.py:72} INFO - Started process 698 to run task
[2024-09-06T17:45:53.932+0000] {standard_task_runner.py:104} INFO - Running: ['***', 'tasks', 'run', 'async_flow', 'task_backfill_number_of_cancelled_candidates_in_batch', 'manual__2024-09-06T17:29:39.458358+00:00', '--job-id', '271', '--raw', '--subdir', 'DAGS_FOLDER/dags_async_flow.py', '--cfg-path', '/tmp/tmpeqegodpb', '--map-index', '47']
[2024-09-06T17:45:53.934+0000] {standard_task_runner.py:105} INFO - Job 271: Subtask task_backfill_number_of_cancelled_candidates_in_batch
[2024-09-06T17:45:53.981+0000] {task_command.py:467} INFO - Running <TaskInstance: async_flow.task_backfill_number_of_cancelled_candidates_in_batch manual__2024-09-06T17:29:39.458358+00:00 map_index=47 [running]> on host 0817eb6c24af
[2024-09-06T17:45:54.099+0000] {taskinstance.py:3131} INFO - Exporting env vars: AIRFLOW_CTX_DAG_OWNER='***' AIRFLOW_CTX_DAG_ID='async_flow' AIRFLOW_CTX_TASK_ID='task_backfill_number_of_cancelled_candidates_in_batch' AIRFLOW_CTX_EXECUTION_DATE='2024-09-06T17:29:39.458358+00:00' AIRFLOW_CTX_TRY_NUMBER='2' AIRFLOW_CTX_DAG_RUN_ID='manual__2024-09-06T17:29:39.458358+00:00'
[2024-09-06T17:45:54.100+0000] {taskinstance.py:731} INFO - ::endgroup::
[2024-09-06T17:45:54.118+0000] {core_li.py:23} INFO - Successfully updated job requisition 66db04abbf0a19d8769e707a
[2024-09-06T17:45:54.129+0000] {core_li.py:23} INFO - Successfully updated job requisition 66db04abbf0a19d8769e707c
[2024-09-06T17:45:54.138+0000] {core_li.py:23} INFO - Successfully updated job requisition 66db04abbf0a19d8769e707e
[2024-09-06T17:45:54.147+0000] {core_li.py:23} INFO - Successfully updated job requisition 66db04abbf0a19d8769e7080
[2024-09-06T17:45:54.157+0000] {core_li.py:23} INFO - Successfully updated job requisition 66db04abbf0a19d8769e7082
[2024-09-06T17:45:54.166+0000] {core_li.py:23} INFO - Successfully updated job requisition 66db04abbf0a19d8769e7084
[2024-09-06T17:45:54.172+0000] {core_li.py:23} INFO - Successfully updated job requisition 66db04abbf0a19d8769e7086
[2024-09-06T17:45:54.179+0000] {core_li.py:23} INFO - Successfully updated job requisition 66db04abbf0a19d8769e7088
[2024-09-06T17:45:54.185+0000] {core_li.py:23} INFO - Successfully updated job requisition 66db04abbf0a19d8769e708a
[2024-09-06T17:45:54.192+0000] {core_li.py:23} INFO - Successfully updated job requisition 66db04abbf0a19d8769e708c
[2024-09-06T17:45:54.198+0000] {core_li.py:23} INFO - Successfully updated job requisition 66db04abbf0a19d8769e708e
[2024-09-06T17:45:54.205+0000] {core_li.py:23} INFO - Successfully updated job requisition 66db04abbf0a19d8769e7090
[2024-09-06T17:45:54.212+0000] {core_li.py:23} INFO - Successfully updated job requisition 66db04abbf0a19d8769e7092
[2024-09-06T17:45:54.224+0000] {core_li.py:23} INFO - Successfully updated job requisition 66db04abbf0a19d8769e7094
[2024-09-06T17:45:54.232+0000] {core_li.py:23} INFO - Successfully updated job requisition 66db04abbf0a19d8769e7096
[2024-09-06T17:45:54.241+0000] {core_li.py:23} INFO - Successfully updated job requisition 66db04abbf0a19d8769e7098
[2024-09-06T17:45:54.248+0000] {core_li.py:23} INFO - Successfully updated job requisition 66db04abbf0a19d8769e709a
[2024-09-06T17:45:54.255+0000] {core_li.py:23} INFO - Successfully updated job requisition 66db04abbf0a19d8769e709c
[2024-09-06T17:45:54.262+0000] {core_li.py:23} INFO - Successfully updated job requisition 66db04abbf0a19d8769e709e
[2024-09-06T17:45:54.268+0000] {core_li.py:23} INFO - Successfully updated job requisition 66db04abbf0a19d8769e70a0
[2024-09-06T17:45:54.274+0000] {core_li.py:23} INFO - Successfully updated job requisition 66db04abbf0a19d8769e70a2
[2024-09-06T17:45:54.281+0000] {core_li.py:23} INFO - Successfully updated job requisition 66db04abbf0a19d8769e70a4
[2024-09-06T17:45:54.289+0000] {core_li.py:23} INFO - Successfully updated job requisition 66db04abbf0a19d8769e70a6
[2024-09-06T17:45:54.296+0000] {core_li.py:23} INFO - Successfully updated job requisition 66db04abbf0a19d8769e70a8
[2024-09-06T17:45:54.303+0000] {core_li.py:23} INFO - Successfully updated job requisition 66db04abbf0a19d8769e70aa
[2024-09-06T17:45:54.310+0000] {core_li.py:23} INFO - Successfully updated job requisition 66db04abbf0a19d8769e70ac
[2024-09-06T17:45:54.317+0000] {core_li.py:23} INFO - Successfully updated job requisition 66db04abbf0a19d8769e70ae
[2024-09-06T17:45:54.323+0000] {core_li.py:23} INFO - Successfully updated job requisition 66db04abbf0a19d8769e70b0
[2024-09-06T17:45:54.333+0000] {core_li.py:23} INFO - Successfully updated job requisition 66db04abbf0a19d8769e70b2
[2024-09-06T17:45:54.341+0000] {core_li.py:23} INFO - Successfully updated job requisition 66db04abbf0a19d8769e70b4
[2024-09-06T17:45:54.349+0000] {core_li.py:23} INFO - Successfully updated job requisition 66db04abbf0a19d8769e70b6
[2024-09-06T17:45:54.355+0000] {core_li.py:23} INFO - Successfully updated job requisition 66db04abbf0a19d8769e70b8
[2024-09-06T17:45:54.360+0000] {core_li.py:23} INFO - Successfully updated job requisition 66db04abbf0a19d8769e70ba
[2024-09-06T17:45:54.368+0000] {core_li.py:23} INFO - Successfully updated job requisition 66db04abbf0a19d8769e70bc
[2024-09-06T17:45:54.374+0000] {core_li.py:23} INFO - Successfully updated job requisition 66db04abbf0a19d8769e70be
[2024-09-06T17:45:54.382+0000] {core_li.py:23} INFO - Successfully updated job requisition 66db04abbf0a19d8769e70c0
[2024-09-06T17:45:54.390+0000] {core_li.py:23} INFO - Successfully updated job requisition 66db04abbf0a19d8769e70c2
[2024-09-06T17:45:54.397+0000] {core_li.py:23} INFO - Successfully updated job requisition 66db04abbf0a19d8769e70c4
[2024-09-06T17:45:54.402+0000] {core_li.py:23} INFO - Successfully updated job requisition 66db04abbf0a19d8769e70c6
[2024-09-06T17:45:54.416+0000] {core_li.py:23} INFO - Successfully updated job requisition 66db04abbf0a19d8769e70c8
[2024-09-06T17:45:54.424+0000] {core_li.py:23} INFO - Successfully updated job requisition 66db04abbf0a19d8769e70ca
[2024-09-06T17:45:54.430+0000] {core_li.py:23} INFO - Successfully updated job requisition 66db04abbf0a19d8769e70cc
[2024-09-06T17:45:54.436+0000] {core_li.py:23} INFO - Successfully updated job requisition 66db04abbf0a19d8769e70ce
[2024-09-06T17:45:54.443+0000] {core_li.py:23} INFO - Successfully updated job requisition 66db04abbf0a19d8769e70d0
[2024-09-06T17:45:54.451+0000] {core_li.py:23} INFO - Successfully updated job requisition 66db04abbf0a19d8769e70d2
[2024-09-06T17:45:54.458+0000] {core_li.py:23} INFO - Successfully updated job requisition 66db04abbf0a19d8769e70d4
[2024-09-06T17:45:54.466+0000] {core_li.py:23} INFO - Successfully updated job requisition 66db04abbf0a19d8769e70d6
[2024-09-06T17:45:54.474+0000] {core_li.py:23} INFO - Successfully updated job requisition 66db04abbf0a19d8769e70d8
[2024-09-06T17:45:54.480+0000] {core_li.py:23} INFO - Successfully updated job requisition 66db04abbf0a19d8769e70da
[2024-09-06T17:45:54.487+0000] {core_li.py:23} INFO - Successfully updated job requisition 66db04abbf0a19d8769e70dc
[2024-09-06T17:45:54.496+0000] {core_li.py:23} INFO - Successfully updated job requisition 66db04abbf0a19d8769e70de
[2024-09-06T17:45:54.505+0000] {core_li.py:23} INFO - Successfully updated job requisition 66db04abbf0a19d8769e70e0
[2024-09-06T17:45:54.515+0000] {core_li.py:23} INFO - Successfully updated job requisition 66db04abbf0a19d8769e70e2
[2024-09-06T17:45:54.525+0000] {core_li.py:23} INFO - Successfully updated job requisition 66db04abbf0a19d8769e70e4
[2024-09-06T17:45:54.536+0000] {core_li.py:23} INFO - Successfully updated job requisition 66db04abbf0a19d8769e70e6
[2024-09-06T17:45:54.545+0000] {core_li.py:23} INFO - Successfully updated job requisition 66db04abbf0a19d8769e70e8
[2024-09-06T17:45:54.555+0000] {core_li.py:23} INFO - Successfully updated job requisition 66db04abbf0a19d8769e70ea
[2024-09-06T17:45:54.565+0000] {core_li.py:23} INFO - Successfully updated job requisition 66db04abbf0a19d8769e70ec
[2024-09-06T17:45:54.576+0000] {core_li.py:23} INFO - Successfully updated job requisition 66db04abbf0a19d8769e70ee
[2024-09-06T17:45:54.587+0000] {core_li.py:23} INFO - Successfully updated job requisition 66db04abbf0a19d8769e70f0
[2024-09-06T17:45:54.596+0000] {core_li.py:23} INFO - Successfully updated job requisition 66db04abbf0a19d8769e70f2
[2024-09-06T17:45:54.605+0000] {core_li.py:23} INFO - Successfully updated job requisition 66db04abbf0a19d8769e70f4
[2024-09-06T17:45:54.614+0000] {core_li.py:23} INFO - Successfully updated job requisition 66db04abbf0a19d8769e70f6
[2024-09-06T17:45:54.627+0000] {core_li.py:23} INFO - Successfully updated job requisition 66db04abbf0a19d8769e70f8
[2024-09-06T17:45:54.634+0000] {core_li.py:23} INFO - Successfully updated job requisition 66db04abbf0a19d8769e70fa
[2024-09-06T17:45:54.643+0000] {core_li.py:23} INFO - Successfully updated job requisition 66db04abbf0a19d8769e70fc
[2024-09-06T17:45:54.655+0000] {core_li.py:23} INFO - Successfully updated job requisition 66db04abbf0a19d8769e70fe
[2024-09-06T17:45:54.673+0000] {core_li.py:23} INFO - Successfully updated job requisition 66db04abbf0a19d8769e7100
[2024-09-06T17:45:54.680+0000] {core_li.py:23} INFO - Successfully updated job requisition 66db04abbf0a19d8769e7102
[2024-09-06T17:45:54.687+0000] {core_li.py:23} INFO - Successfully updated job requisition 66db04abbf0a19d8769e7104
[2024-09-06T17:45:54.696+0000] {core_li.py:23} INFO - Successfully updated job requisition 66db04abbf0a19d8769e7106
[2024-09-06T17:45:54.705+0000] {core_li.py:23} INFO - Successfully updated job requisition 66db04abbf0a19d8769e7108
[2024-09-06T17:45:54.715+0000] {core_li.py:23} INFO - Successfully updated job requisition 66db04abbf0a19d8769e710a
[2024-09-06T17:45:54.730+0000] {core_li.py:23} INFO - Successfully updated job requisition 66db04abbf0a19d8769e710c
[2024-09-06T17:45:54.739+0000] {core_li.py:23} INFO - Successfully updated job requisition 66db04abbf0a19d8769e710e
[2024-09-06T17:45:54.745+0000] {core_li.py:23} INFO - Successfully updated job requisition 66db04abbf0a19d8769e7110
[2024-09-06T17:45:54.754+0000] {core_li.py:23} INFO - Successfully updated job requisition 66db04abbf0a19d8769e7112
[2024-09-06T17:45:54.765+0000] {core_li.py:23} INFO - Successfully updated job requisition 66db04abbf0a19d8769e7114
[2024-09-06T17:45:54.775+0000] {core_li.py:23} INFO - Successfully updated job requisition 66db04abbf0a19d8769e7116
[2024-09-06T17:45:54.784+0000] {core_li.py:23} INFO - Successfully updated job requisition 66db04abbf0a19d8769e7118
[2024-09-06T17:45:54.795+0000] {core_li.py:23} INFO - Successfully updated job requisition 66db04abbf0a19d8769e711a
[2024-09-06T17:45:54.811+0000] {core_li.py:23} INFO - Successfully updated job requisition 66db04abbf0a19d8769e711c
[2024-09-06T17:45:54.819+0000] {core_li.py:23} INFO - Successfully updated job requisition 66db04abbf0a19d8769e711e
[2024-09-06T17:45:54.831+0000] {core_li.py:23} INFO - Successfully updated job requisition 66db04abbf0a19d8769e7120
[2024-09-06T17:45:54.843+0000] {core_li.py:23} INFO - Successfully updated job requisition 66db04abbf0a19d8769e7122
[2024-09-06T17:45:54.852+0000] {core_li.py:23} INFO - Successfully updated job requisition 66db04abbf0a19d8769e7124
[2024-09-06T17:45:54.860+0000] {core_li.py:23} INFO - Successfully updated job requisition 66db04abbf0a19d8769e7126
[2024-09-06T17:45:54.869+0000] {core_li.py:23} INFO - Successfully updated job requisition 66db04abbf0a19d8769e7128
[2024-09-06T17:45:54.884+0000] {core_li.py:23} INFO - Successfully updated job requisition 66db04abbf0a19d8769e712a
[2024-09-06T17:45:54.896+0000] {core_li.py:23} INFO - Successfully updated job requisition 66db04abbf0a19d8769e712c
[2024-09-06T17:45:54.912+0000] {core_li.py:23} INFO - Successfully updated job requisition 66db04abbf0a19d8769e712e
[2024-09-06T17:45:54.924+0000] {core_li.py:23} INFO - Successfully updated job requisition 66db04abbf0a19d8769e7130
[2024-09-06T17:45:54.938+0000] {core_li.py:23} INFO - Successfully updated job requisition 66db04abbf0a19d8769e7132
[2024-09-06T17:45:54.945+0000] {core_li.py:23} INFO - Successfully updated job requisition 66db04abbf0a19d8769e7134
[2024-09-06T17:45:54.953+0000] {core_li.py:23} INFO - Successfully updated job requisition 66db04abbf0a19d8769e7136
[2024-09-06T17:45:54.962+0000] {core_li.py:23} INFO - Successfully updated job requisition 66db04abbf0a19d8769e7138
[2024-09-06T17:45:54.974+0000] {core_li.py:23} INFO - Successfully updated job requisition 66db04abbf0a19d8769e713a
[2024-09-06T17:45:54.989+0000] {core_li.py:23} INFO - Successfully updated job requisition 66db04abbf0a19d8769e713c
[2024-09-06T17:45:55.005+0000] {core_li.py:23} INFO - Successfully updated job requisition 66db04abbf0a19d8769e713e
[2024-09-06T17:45:55.019+0000] {core_li.py:23} INFO - Successfully updated job requisition 66db04abbf0a19d8769e7140
[2024-09-06T17:45:55.019+0000] {python.py:240} INFO - Done. Returned value was: 100
[2024-09-06T17:45:55.050+0000] {taskinstance.py:340} INFO - ::group::Post task execution logs
[2024-09-06T17:45:55.051+0000] {taskinstance.py:352} INFO - Marking task as SUCCESS. dag_id=async_flow, task_id=task_backfill_number_of_cancelled_candidates_in_batch, run_id=manual__2024-09-06T17:29:39.458358+00:00, map_index=47, execution_date=20240906T172939, start_date=20240906T174553, end_date=20240906T174555
[2024-09-06T17:45:55.071+0000] {local_task_job_runner.py:266} INFO - Task exited with return code 0
[2024-09-06T17:45:55.098+0000] {taskinstance.py:3900} INFO - 0 downstream tasks scheduled from follow-on schedule check
[2024-09-06T17:45:55.102+0000] {local_task_job_runner.py:245} INFO - ::endgroup::
