[2024-09-06T17:47:34.881+0000] {local_task_job_runner.py:123} INFO - ::group::Pre task execution logs
[2024-09-06T17:47:34.914+0000] {taskinstance.py:2612} INFO - Dependencies all met for dep_context=non-requeueable deps ti=<TaskInstance: async_flow.task_backfill_number_of_cancelled_candidates_in_batch manual__2024-09-06T17:47:30.120511+00:00 map_index=23 [queued]>
[2024-09-06T17:47:34.924+0000] {taskinstance.py:2612} INFO - Dependencies all met for dep_context=requeueable deps ti=<TaskInstance: async_flow.task_backfill_number_of_cancelled_candidates_in_batch manual__2024-09-06T17:47:30.120511+00:00 map_index=23 [queued]>
[2024-09-06T17:47:34.925+0000] {taskinstance.py:2865} INFO - Starting attempt 1 of 1
[2024-09-06T17:47:34.957+0000] {taskinstance.py:2888} INFO - Executing <Mapped(_PythonDecoratedOperator): task_backfill_number_of_cancelled_candidates_in_batch> on 2024-09-06 17:47:30.120511+00:00
[2024-09-06T17:47:34.968+0000] {warnings.py:112} WARNING - /home/***/.local/lib/python3.12/site-packages/***/task/task_runner/standard_task_runner.py:70: DeprecationWarning: This process (pid=1153) is multi-threaded, use of fork() may lead to deadlocks in the child.
  pid = os.fork()

[2024-09-06T17:47:34.970+0000] {standard_task_runner.py:72} INFO - Started process 1217 to run task
[2024-09-06T17:47:34.982+0000] {standard_task_runner.py:104} INFO - Running: ['***', 'tasks', 'run', 'async_flow', 'task_backfill_number_of_cancelled_candidates_in_batch', 'manual__2024-09-06T17:47:30.120511+00:00', '--job-id', '351', '--raw', '--subdir', 'DAGS_FOLDER/dags_async_flow.py', '--cfg-path', '/tmp/tmpt5230uwq', '--map-index', '23']
[2024-09-06T17:47:34.987+0000] {standard_task_runner.py:105} INFO - Job 351: Subtask task_backfill_number_of_cancelled_candidates_in_batch
[2024-09-06T17:47:35.040+0000] {task_command.py:467} INFO - Running <TaskInstance: async_flow.task_backfill_number_of_cancelled_candidates_in_batch manual__2024-09-06T17:47:30.120511+00:00 map_index=23 [running]> on host 0817eb6c24af
[2024-09-06T17:47:35.211+0000] {taskinstance.py:3131} INFO - Exporting env vars: AIRFLOW_CTX_DAG_OWNER='***' AIRFLOW_CTX_DAG_ID='async_flow' AIRFLOW_CTX_TASK_ID='task_backfill_number_of_cancelled_candidates_in_batch' AIRFLOW_CTX_EXECUTION_DATE='2024-09-06T17:47:30.120511+00:00' AIRFLOW_CTX_TRY_NUMBER='1' AIRFLOW_CTX_DAG_RUN_ID='manual__2024-09-06T17:47:30.120511+00:00'
[2024-09-06T17:47:35.212+0000] {taskinstance.py:731} INFO - ::endgroup::
[2024-09-06T17:47:35.235+0000] {core_li.py:23} INFO - Successfully updated job requisition 66db04abbf0a19d8769e79da
[2024-09-06T17:47:35.254+0000] {core_li.py:23} INFO - Successfully updated job requisition 66db04abbf0a19d8769e79dc
[2024-09-06T17:47:35.263+0000] {core_li.py:23} INFO - Successfully updated job requisition 66db04abbf0a19d8769e79de
[2024-09-06T17:47:35.273+0000] {core_li.py:23} INFO - Successfully updated job requisition 66db04abbf0a19d8769e79e0
[2024-09-06T17:47:35.280+0000] {core_li.py:23} INFO - Successfully updated job requisition 66db04abbf0a19d8769e79e2
[2024-09-06T17:47:35.303+0000] {core_li.py:23} INFO - Successfully updated job requisition 66db04abbf0a19d8769e79e4
[2024-09-06T17:47:35.338+0000] {core_li.py:23} INFO - Successfully updated job requisition 66db04abbf0a19d8769e79e6
[2024-09-06T17:47:35.356+0000] {core_li.py:23} INFO - Successfully updated job requisition 66db04abbf0a19d8769e79e8
[2024-09-06T17:47:35.384+0000] {core_li.py:23} INFO - Successfully updated job requisition 66db04abbf0a19d8769e79ea
[2024-09-06T17:47:35.420+0000] {core_li.py:23} INFO - Successfully updated job requisition 66db04abbf0a19d8769e79ec
[2024-09-06T17:47:35.434+0000] {core_li.py:23} INFO - Successfully updated job requisition 66db04abbf0a19d8769e79ee
[2024-09-06T17:47:35.449+0000] {core_li.py:23} INFO - Successfully updated job requisition 66db04abbf0a19d8769e79f0
[2024-09-06T17:47:35.459+0000] {core_li.py:23} INFO - Successfully updated job requisition 66db04abbf0a19d8769e79f2
[2024-09-06T17:47:35.481+0000] {core_li.py:23} INFO - Successfully updated job requisition 66db04abbf0a19d8769e79f4
[2024-09-06T17:47:35.495+0000] {core_li.py:23} INFO - Successfully updated job requisition 66db04abbf0a19d8769e79f6
[2024-09-06T17:47:35.512+0000] {core_li.py:23} INFO - Successfully updated job requisition 66db04abbf0a19d8769e79f8
[2024-09-06T17:47:35.520+0000] {core_li.py:23} INFO - Successfully updated job requisition 66db04abbf0a19d8769e79fa
[2024-09-06T17:47:35.530+0000] {core_li.py:23} INFO - Successfully updated job requisition 66db04abbf0a19d8769e79fc
[2024-09-06T17:47:35.546+0000] {core_li.py:23} INFO - Successfully updated job requisition 66db04abbf0a19d8769e79fe
[2024-09-06T17:47:35.558+0000] {core_li.py:23} INFO - Successfully updated job requisition 66db04abbf0a19d8769e7a00
[2024-09-06T17:47:35.570+0000] {core_li.py:23} INFO - Successfully updated job requisition 66db04abbf0a19d8769e7a02
[2024-09-06T17:47:35.582+0000] {core_li.py:23} INFO - Successfully updated job requisition 66db04abbf0a19d8769e7a04
[2024-09-06T17:47:35.590+0000] {core_li.py:23} INFO - Successfully updated job requisition 66db04abbf0a19d8769e7a06
[2024-09-06T17:47:35.599+0000] {core_li.py:23} INFO - Successfully updated job requisition 66db04abbf0a19d8769e7a08
[2024-09-06T17:47:35.608+0000] {core_li.py:23} INFO - Successfully updated job requisition 66db04abbf0a19d8769e7a0a
[2024-09-06T17:47:35.613+0000] {core_li.py:23} INFO - Successfully updated job requisition 66db04abbf0a19d8769e7a0c
[2024-09-06T17:47:35.620+0000] {core_li.py:23} INFO - Successfully updated job requisition 66db04abbf0a19d8769e7a0e
[2024-09-06T17:47:35.629+0000] {core_li.py:23} INFO - Successfully updated job requisition 66db04abbf0a19d8769e7a10
[2024-09-06T17:47:35.635+0000] {core_li.py:23} INFO - Successfully updated job requisition 66db04abbf0a19d8769e7a12
[2024-09-06T17:47:35.647+0000] {core_li.py:23} INFO - Successfully updated job requisition 66db04abbf0a19d8769e7a14
[2024-09-06T17:47:35.661+0000] {core_li.py:23} INFO - Successfully updated job requisition 66db04abbf0a19d8769e7a16
[2024-09-06T17:47:35.671+0000] {core_li.py:23} INFO - Successfully updated job requisition 66db04abbf0a19d8769e7a18
[2024-09-06T17:47:35.683+0000] {core_li.py:23} INFO - Successfully updated job requisition 66db04abbf0a19d8769e7a1a
[2024-09-06T17:47:35.696+0000] {core_li.py:23} INFO - Successfully updated job requisition 66db04abbf0a19d8769e7a1c
[2024-09-06T17:47:35.709+0000] {core_li.py:23} INFO - Successfully updated job requisition 66db04abbf0a19d8769e7a1e
[2024-09-06T17:47:35.737+0000] {core_li.py:23} INFO - Successfully updated job requisition 66db04abbf0a19d8769e7a20
[2024-09-06T17:47:35.744+0000] {core_li.py:23} INFO - Successfully updated job requisition 66db04abbf0a19d8769e7a22
[2024-09-06T17:47:35.756+0000] {core_li.py:23} INFO - Successfully updated job requisition 66db04abbf0a19d8769e7a24
[2024-09-06T17:47:35.771+0000] {core_li.py:23} INFO - Successfully updated job requisition 66db04abbf0a19d8769e7a26
[2024-09-06T17:47:35.782+0000] {core_li.py:23} INFO - Successfully updated job requisition 66db04abbf0a19d8769e7a28
[2024-09-06T17:47:35.790+0000] {core_li.py:23} INFO - Successfully updated job requisition 66db04abbf0a19d8769e7a2a
[2024-09-06T17:47:35.799+0000] {core_li.py:23} INFO - Successfully updated job requisition 66db04abbf0a19d8769e7a2c
[2024-09-06T17:47:35.810+0000] {core_li.py:23} INFO - Successfully updated job requisition 66db04abbf0a19d8769e7a2e
[2024-09-06T17:47:35.822+0000] {core_li.py:23} INFO - Successfully updated job requisition 66db04abbf0a19d8769e7a30
[2024-09-06T17:47:35.829+0000] {core_li.py:23} INFO - Successfully updated job requisition 66db04abbf0a19d8769e7a32
[2024-09-06T17:47:35.842+0000] {core_li.py:23} INFO - Successfully updated job requisition 66db04abbf0a19d8769e7a34
[2024-09-06T17:47:35.852+0000] {core_li.py:23} INFO - Successfully updated job requisition 66db04abbf0a19d8769e7a36
[2024-09-06T17:47:35.864+0000] {core_li.py:23} INFO - Successfully updated job requisition 66db04abbf0a19d8769e7a38
[2024-09-06T17:47:35.872+0000] {core_li.py:23} INFO - Successfully updated job requisition 66db04abbf0a19d8769e7a3a
[2024-09-06T17:47:35.887+0000] {core_li.py:23} INFO - Successfully updated job requisition 66db04abbf0a19d8769e7a3c
[2024-09-06T17:47:35.898+0000] {core_li.py:23} INFO - Successfully updated job requisition 66db04abbf0a19d8769e7a3e
[2024-09-06T17:47:35.911+0000] {core_li.py:23} INFO - Successfully updated job requisition 66db04abbf0a19d8769e7a40
[2024-09-06T17:47:35.918+0000] {core_li.py:23} INFO - Successfully updated job requisition 66db04abbf0a19d8769e7a42
[2024-09-06T17:47:35.927+0000] {core_li.py:23} INFO - Successfully updated job requisition 66db04abbf0a19d8769e7a44
[2024-09-06T17:47:35.939+0000] {core_li.py:23} INFO - Successfully updated job requisition 66db04abbf0a19d8769e7a46
[2024-09-06T17:47:35.947+0000] {core_li.py:23} INFO - Successfully updated job requisition 66db04abbf0a19d8769e7a48
[2024-09-06T17:47:35.957+0000] {core_li.py:23} INFO - Successfully updated job requisition 66db04abbf0a19d8769e7a4a
[2024-09-06T17:47:35.967+0000] {core_li.py:23} INFO - Successfully updated job requisition 66db04abbf0a19d8769e7a4c
[2024-09-06T17:47:35.976+0000] {core_li.py:23} INFO - Successfully updated job requisition 66db04abbf0a19d8769e7a4e
[2024-09-06T17:47:35.986+0000] {core_li.py:23} INFO - Successfully updated job requisition 66db04abbf0a19d8769e7a50
[2024-09-06T17:47:35.998+0000] {core_li.py:23} INFO - Successfully updated job requisition 66db04abbf0a19d8769e7a52
[2024-09-06T17:47:36.011+0000] {core_li.py:23} INFO - Successfully updated job requisition 66db04abbf0a19d8769e7a54
[2024-09-06T17:47:36.022+0000] {core_li.py:23} INFO - Successfully updated job requisition 66db04abbf0a19d8769e7a56
[2024-09-06T17:47:36.030+0000] {core_li.py:23} INFO - Successfully updated job requisition 66db04abbf0a19d8769e7a58
[2024-09-06T17:47:36.041+0000] {core_li.py:23} INFO - Successfully updated job requisition 66db04abbf0a19d8769e7a5a
[2024-09-06T17:47:36.054+0000] {core_li.py:23} INFO - Successfully updated job requisition 66db04abbf0a19d8769e7a5c
[2024-09-06T17:47:36.068+0000] {core_li.py:23} INFO - Successfully updated job requisition 66db04abbf0a19d8769e7a5e
[2024-09-06T17:47:36.081+0000] {core_li.py:23} INFO - Successfully updated job requisition 66db04abbf0a19d8769e7a60
[2024-09-06T17:47:36.090+0000] {core_li.py:23} INFO - Successfully updated job requisition 66db04abbf0a19d8769e7a62
[2024-09-06T17:47:36.105+0000] {core_li.py:23} INFO - Successfully updated job requisition 66db04abbf0a19d8769e7a64
[2024-09-06T17:47:36.124+0000] {core_li.py:23} INFO - Successfully updated job requisition 66db04abbf0a19d8769e7a66
[2024-09-06T17:47:36.137+0000] {core_li.py:23} INFO - Successfully updated job requisition 66db04abbf0a19d8769e7a68
[2024-09-06T17:47:36.146+0000] {core_li.py:23} INFO - Successfully updated job requisition 66db04abbf0a19d8769e7a6a
[2024-09-06T17:47:36.154+0000] {core_li.py:23} INFO - Successfully updated job requisition 66db04abbf0a19d8769e7a6c
[2024-09-06T17:47:36.167+0000] {core_li.py:23} INFO - Successfully updated job requisition 66db04abbf0a19d8769e7a6e
[2024-09-06T17:47:36.191+0000] {core_li.py:23} INFO - Successfully updated job requisition 66db04abbf0a19d8769e7a70
[2024-09-06T17:47:36.209+0000] {core_li.py:23} INFO - Successfully updated job requisition 66db04abbf0a19d8769e7a72
[2024-09-06T17:47:36.228+0000] {core_li.py:23} INFO - Successfully updated job requisition 66db04abbf0a19d8769e7a74
[2024-09-06T17:47:36.251+0000] {core_li.py:23} INFO - Successfully updated job requisition 66db04abbf0a19d8769e7a76
[2024-09-06T17:47:36.268+0000] {core_li.py:23} INFO - Successfully updated job requisition 66db04abbf0a19d8769e7a78
[2024-09-06T17:47:36.283+0000] {core_li.py:23} INFO - Successfully updated job requisition 66db04abbf0a19d8769e7a7a
[2024-09-06T17:47:36.297+0000] {core_li.py:23} INFO - Successfully updated job requisition 66db04abbf0a19d8769e7a7c
[2024-09-06T17:47:36.309+0000] {core_li.py:23} INFO - Successfully updated job requisition 66db04abbf0a19d8769e7a7e
[2024-09-06T17:47:36.321+0000] {core_li.py:23} INFO - Successfully updated job requisition 66db04abbf0a19d8769e7a80
[2024-09-06T17:47:36.335+0000] {core_li.py:23} INFO - Successfully updated job requisition 66db04abbf0a19d8769e7a82
[2024-09-06T17:47:36.348+0000] {core_li.py:23} INFO - Successfully updated job requisition 66db04abbf0a19d8769e7a84
[2024-09-06T17:47:36.369+0000] {core_li.py:23} INFO - Successfully updated job requisition 66db04abbf0a19d8769e7a86
[2024-09-06T17:47:36.387+0000] {core_li.py:23} INFO - Successfully updated job requisition 66db04abbf0a19d8769e7a88
[2024-09-06T17:47:36.397+0000] {core_li.py:23} INFO - Successfully updated job requisition 66db04abbf0a19d8769e7a8a
[2024-09-06T17:47:36.404+0000] {core_li.py:23} INFO - Successfully updated job requisition 66db04abbf0a19d8769e7a8c
[2024-09-06T17:47:36.411+0000] {core_li.py:23} INFO - Successfully updated job requisition 66db04abbf0a19d8769e7a8e
[2024-09-06T17:47:36.419+0000] {core_li.py:23} INFO - Successfully updated job requisition 66db04abbf0a19d8769e7a90
[2024-09-06T17:47:36.427+0000] {core_li.py:23} INFO - Successfully updated job requisition 66db04abbf0a19d8769e7a92
[2024-09-06T17:47:36.435+0000] {core_li.py:23} INFO - Successfully updated job requisition 66db04abbf0a19d8769e7a94
[2024-09-06T17:47:36.444+0000] {core_li.py:23} INFO - Successfully updated job requisition 66db04abbf0a19d8769e7a96
[2024-09-06T17:47:36.452+0000] {core_li.py:23} INFO - Successfully updated job requisition 66db04abbf0a19d8769e7a98
[2024-09-06T17:47:36.465+0000] {core_li.py:23} INFO - Successfully updated job requisition 66db04abbf0a19d8769e7a9a
[2024-09-06T17:47:36.478+0000] {core_li.py:23} INFO - Successfully updated job requisition 66db04abbf0a19d8769e7a9c
[2024-09-06T17:47:36.489+0000] {core_li.py:23} INFO - Successfully updated job requisition 66db04abbf0a19d8769e7a9e
[2024-09-06T17:47:36.505+0000] {core_li.py:23} INFO - Successfully updated job requisition 66db04abbf0a19d8769e7aa0
[2024-09-06T17:47:36.506+0000] {python.py:240} INFO - Done. Returned value was: 100
[2024-09-06T17:47:36.539+0000] {taskinstance.py:340} INFO - ::group::Post task execution logs
[2024-09-06T17:47:36.541+0000] {taskinstance.py:352} INFO - Marking task as SUCCESS. dag_id=async_flow, task_id=task_backfill_number_of_cancelled_candidates_in_batch, run_id=manual__2024-09-06T17:47:30.120511+00:00, map_index=23, execution_date=20240906T174730, start_date=20240906T174734, end_date=20240906T174736
[2024-09-06T17:47:36.570+0000] {local_task_job_runner.py:266} INFO - Task exited with return code 0
[2024-09-06T17:47:36.587+0000] {local_task_job_runner.py:245} INFO - ::endgroup::
