[2024-09-06T17:45:51.203+0000] {local_task_job_runner.py:123} INFO - ::group::Pre task execution logs
[2024-09-06T17:45:51.227+0000] {taskinstance.py:2612} INFO - Dependencies all met for dep_context=non-requeueable deps ti=<TaskInstance: async_flow.task_backfill_number_of_cancelled_candidates_in_batch manual__2024-09-06T17:29:39.458358+00:00 map_index=21 [queued]>
[2024-09-06T17:45:51.236+0000] {taskinstance.py:2612} INFO - Dependencies all met for dep_context=requeueable deps ti=<TaskInstance: async_flow.task_backfill_number_of_cancelled_candidates_in_batch manual__2024-09-06T17:29:39.458358+00:00 map_index=21 [queued]>
[2024-09-06T17:45:51.238+0000] {taskinstance.py:2865} INFO - Starting attempt 2 of 2
[2024-09-06T17:45:51.260+0000] {taskinstance.py:2888} INFO - Executing <Mapped(_PythonDecoratedOperator): task_backfill_number_of_cancelled_candidates_in_batch> on 2024-09-06 17:29:39.458358+00:00
[2024-09-06T17:45:51.266+0000] {warnings.py:112} WARNING - /home/***/.local/lib/python3.12/site-packages/***/task/task_runner/standard_task_runner.py:70: DeprecationWarning: This process (pid=522) is multi-threaded, use of fork() may lead to deadlocks in the child.
  pid = os.fork()

[2024-09-06T17:45:51.268+0000] {standard_task_runner.py:72} INFO - Started process 593 to run task
[2024-09-06T17:45:51.270+0000] {standard_task_runner.py:104} INFO - Running: ['***', 'tasks', 'run', 'async_flow', 'task_backfill_number_of_cancelled_candidates_in_batch', 'manual__2024-09-06T17:29:39.458358+00:00', '--job-id', '250', '--raw', '--subdir', 'DAGS_FOLDER/dags_async_flow.py', '--cfg-path', '/tmp/tmpgo5ba1y7', '--map-index', '21']
[2024-09-06T17:45:51.272+0000] {standard_task_runner.py:105} INFO - Job 250: Subtask task_backfill_number_of_cancelled_candidates_in_batch
[2024-09-06T17:45:51.321+0000] {task_command.py:467} INFO - Running <TaskInstance: async_flow.task_backfill_number_of_cancelled_candidates_in_batch manual__2024-09-06T17:29:39.458358+00:00 map_index=21 [running]> on host 0817eb6c24af
[2024-09-06T17:45:51.419+0000] {taskinstance.py:3131} INFO - Exporting env vars: AIRFLOW_CTX_DAG_OWNER='***' AIRFLOW_CTX_DAG_ID='async_flow' AIRFLOW_CTX_TASK_ID='task_backfill_number_of_cancelled_candidates_in_batch' AIRFLOW_CTX_EXECUTION_DATE='2024-09-06T17:29:39.458358+00:00' AIRFLOW_CTX_TRY_NUMBER='2' AIRFLOW_CTX_DAG_RUN_ID='manual__2024-09-06T17:29:39.458358+00:00'
[2024-09-06T17:45:51.422+0000] {taskinstance.py:731} INFO - ::endgroup::
[2024-09-06T17:45:51.436+0000] {core_li.py:23} INFO - Successfully updated job requisition 66db04abbf0a19d8769e784a
[2024-09-06T17:45:51.446+0000] {core_li.py:23} INFO - Successfully updated job requisition 66db04abbf0a19d8769e784c
[2024-09-06T17:45:51.457+0000] {core_li.py:23} INFO - Successfully updated job requisition 66db04abbf0a19d8769e784e
[2024-09-06T17:45:51.468+0000] {core_li.py:23} INFO - Successfully updated job requisition 66db04abbf0a19d8769e7850
[2024-09-06T17:45:51.475+0000] {core_li.py:23} INFO - Successfully updated job requisition 66db04abbf0a19d8769e7852
[2024-09-06T17:45:51.490+0000] {core_li.py:23} INFO - Successfully updated job requisition 66db04abbf0a19d8769e7854
[2024-09-06T17:45:51.500+0000] {core_li.py:23} INFO - Successfully updated job requisition 66db04abbf0a19d8769e7856
[2024-09-06T17:45:51.508+0000] {core_li.py:23} INFO - Successfully updated job requisition 66db04abbf0a19d8769e7858
[2024-09-06T17:45:51.517+0000] {core_li.py:23} INFO - Successfully updated job requisition 66db04abbf0a19d8769e785a
[2024-09-06T17:45:51.531+0000] {core_li.py:23} INFO - Successfully updated job requisition 66db04abbf0a19d8769e785c
[2024-09-06T17:45:51.547+0000] {core_li.py:23} INFO - Successfully updated job requisition 66db04abbf0a19d8769e785e
[2024-09-06T17:45:51.556+0000] {core_li.py:23} INFO - Successfully updated job requisition 66db04abbf0a19d8769e7860
[2024-09-06T17:45:51.563+0000] {core_li.py:23} INFO - Successfully updated job requisition 66db04abbf0a19d8769e7862
[2024-09-06T17:45:51.571+0000] {core_li.py:23} INFO - Successfully updated job requisition 66db04abbf0a19d8769e7864
[2024-09-06T17:45:51.579+0000] {core_li.py:23} INFO - Successfully updated job requisition 66db04abbf0a19d8769e7866
[2024-09-06T17:45:51.586+0000] {core_li.py:23} INFO - Successfully updated job requisition 66db04abbf0a19d8769e7868
[2024-09-06T17:45:51.593+0000] {core_li.py:23} INFO - Successfully updated job requisition 66db04abbf0a19d8769e786a
[2024-09-06T17:45:51.603+0000] {core_li.py:23} INFO - Successfully updated job requisition 66db04abbf0a19d8769e786c
[2024-09-06T17:45:51.617+0000] {core_li.py:23} INFO - Successfully updated job requisition 66db04abbf0a19d8769e786e
[2024-09-06T17:45:51.626+0000] {core_li.py:23} INFO - Successfully updated job requisition 66db04abbf0a19d8769e7870
[2024-09-06T17:45:51.633+0000] {core_li.py:23} INFO - Successfully updated job requisition 66db04abbf0a19d8769e7872
[2024-09-06T17:45:51.640+0000] {core_li.py:23} INFO - Successfully updated job requisition 66db04abbf0a19d8769e7874
[2024-09-06T17:45:51.649+0000] {core_li.py:23} INFO - Successfully updated job requisition 66db04abbf0a19d8769e7876
[2024-09-06T17:45:51.656+0000] {core_li.py:23} INFO - Successfully updated job requisition 66db04abbf0a19d8769e7878
[2024-09-06T17:45:51.665+0000] {core_li.py:23} INFO - Successfully updated job requisition 66db04abbf0a19d8769e787a
[2024-09-06T17:45:51.675+0000] {core_li.py:23} INFO - Successfully updated job requisition 66db04abbf0a19d8769e787c
[2024-09-06T17:45:51.682+0000] {core_li.py:23} INFO - Successfully updated job requisition 66db04abbf0a19d8769e787e
[2024-09-06T17:45:51.690+0000] {core_li.py:23} INFO - Successfully updated job requisition 66db04abbf0a19d8769e7880
[2024-09-06T17:45:51.698+0000] {core_li.py:23} INFO - Successfully updated job requisition 66db04abbf0a19d8769e7882
[2024-09-06T17:45:51.706+0000] {core_li.py:23} INFO - Successfully updated job requisition 66db04abbf0a19d8769e7884
[2024-09-06T17:45:51.713+0000] {core_li.py:23} INFO - Successfully updated job requisition 66db04abbf0a19d8769e7886
[2024-09-06T17:45:51.723+0000] {core_li.py:23} INFO - Successfully updated job requisition 66db04abbf0a19d8769e7888
[2024-09-06T17:45:51.731+0000] {core_li.py:23} INFO - Successfully updated job requisition 66db04abbf0a19d8769e788a
[2024-09-06T17:45:51.739+0000] {core_li.py:23} INFO - Successfully updated job requisition 66db04abbf0a19d8769e788c
[2024-09-06T17:45:51.747+0000] {core_li.py:23} INFO - Successfully updated job requisition 66db04abbf0a19d8769e788e
[2024-09-06T17:45:51.753+0000] {core_li.py:23} INFO - Successfully updated job requisition 66db04abbf0a19d8769e7890
[2024-09-06T17:45:51.761+0000] {core_li.py:23} INFO - Successfully updated job requisition 66db04abbf0a19d8769e7892
[2024-09-06T17:45:51.769+0000] {core_li.py:23} INFO - Successfully updated job requisition 66db04abbf0a19d8769e7894
[2024-09-06T17:45:51.776+0000] {core_li.py:23} INFO - Successfully updated job requisition 66db04abbf0a19d8769e7896
[2024-09-06T17:45:51.783+0000] {core_li.py:23} INFO - Successfully updated job requisition 66db04abbf0a19d8769e7898
[2024-09-06T17:45:51.795+0000] {core_li.py:23} INFO - Successfully updated job requisition 66db04abbf0a19d8769e789a
[2024-09-06T17:45:51.805+0000] {core_li.py:23} INFO - Successfully updated job requisition 66db04abbf0a19d8769e789c
[2024-09-06T17:45:51.812+0000] {core_li.py:23} INFO - Successfully updated job requisition 66db04abbf0a19d8769e789e
[2024-09-06T17:45:51.820+0000] {core_li.py:23} INFO - Successfully updated job requisition 66db04abbf0a19d8769e78a0
[2024-09-06T17:45:51.829+0000] {core_li.py:23} INFO - Successfully updated job requisition 66db04abbf0a19d8769e78a2
[2024-09-06T17:45:51.835+0000] {core_li.py:23} INFO - Successfully updated job requisition 66db04abbf0a19d8769e78a4
[2024-09-06T17:45:51.846+0000] {core_li.py:23} INFO - Successfully updated job requisition 66db04abbf0a19d8769e78a6
[2024-09-06T17:45:51.854+0000] {core_li.py:23} INFO - Successfully updated job requisition 66db04abbf0a19d8769e78a8
[2024-09-06T17:45:51.862+0000] {core_li.py:23} INFO - Successfully updated job requisition 66db04abbf0a19d8769e78aa
[2024-09-06T17:45:51.870+0000] {core_li.py:23} INFO - Successfully updated job requisition 66db04abbf0a19d8769e78ac
[2024-09-06T17:45:51.882+0000] {core_li.py:23} INFO - Successfully updated job requisition 66db04abbf0a19d8769e78ae
[2024-09-06T17:45:51.889+0000] {core_li.py:23} INFO - Successfully updated job requisition 66db04abbf0a19d8769e78b0
[2024-09-06T17:45:51.895+0000] {core_li.py:23} INFO - Successfully updated job requisition 66db04abbf0a19d8769e78b2
[2024-09-06T17:45:51.902+0000] {core_li.py:23} INFO - Successfully updated job requisition 66db04abbf0a19d8769e78b4
[2024-09-06T17:45:51.909+0000] {core_li.py:23} INFO - Successfully updated job requisition 66db04abbf0a19d8769e78b6
[2024-09-06T17:45:51.919+0000] {core_li.py:23} INFO - Successfully updated job requisition 66db04abbf0a19d8769e78b8
[2024-09-06T17:45:51.927+0000] {core_li.py:23} INFO - Successfully updated job requisition 66db04abbf0a19d8769e78ba
[2024-09-06T17:45:51.935+0000] {core_li.py:23} INFO - Successfully updated job requisition 66db04abbf0a19d8769e78bc
[2024-09-06T17:45:51.942+0000] {core_li.py:23} INFO - Successfully updated job requisition 66db04abbf0a19d8769e78be
[2024-09-06T17:45:51.948+0000] {core_li.py:23} INFO - Successfully updated job requisition 66db04abbf0a19d8769e78c0
[2024-09-06T17:45:51.957+0000] {core_li.py:23} INFO - Successfully updated job requisition 66db04abbf0a19d8769e78c2
[2024-09-06T17:45:51.965+0000] {core_li.py:23} INFO - Successfully updated job requisition 66db04abbf0a19d8769e78c4
[2024-09-06T17:45:51.972+0000] {core_li.py:23} INFO - Successfully updated job requisition 66db04abbf0a19d8769e78c6
[2024-09-06T17:45:51.979+0000] {core_li.py:23} INFO - Successfully updated job requisition 66db04abbf0a19d8769e78c8
[2024-09-06T17:45:51.987+0000] {core_li.py:23} INFO - Successfully updated job requisition 66db04abbf0a19d8769e78ca
[2024-09-06T17:45:51.994+0000] {core_li.py:23} INFO - Successfully updated job requisition 66db04abbf0a19d8769e78cc
[2024-09-06T17:45:52.001+0000] {core_li.py:23} INFO - Successfully updated job requisition 66db04abbf0a19d8769e78ce
[2024-09-06T17:45:52.007+0000] {core_li.py:23} INFO - Successfully updated job requisition 66db04abbf0a19d8769e78d0
[2024-09-06T17:45:52.015+0000] {core_li.py:23} INFO - Successfully updated job requisition 66db04abbf0a19d8769e78d2
[2024-09-06T17:45:52.022+0000] {core_li.py:23} INFO - Successfully updated job requisition 66db04abbf0a19d8769e78d4
[2024-09-06T17:45:52.029+0000] {core_li.py:23} INFO - Successfully updated job requisition 66db04abbf0a19d8769e78d6
[2024-09-06T17:45:52.036+0000] {core_li.py:23} INFO - Successfully updated job requisition 66db04abbf0a19d8769e78d8
[2024-09-06T17:45:52.044+0000] {core_li.py:23} INFO - Successfully updated job requisition 66db04abbf0a19d8769e78da
[2024-09-06T17:45:52.049+0000] {core_li.py:23} INFO - Successfully updated job requisition 66db04abbf0a19d8769e78dc
[2024-09-06T17:45:52.057+0000] {core_li.py:23} INFO - Successfully updated job requisition 66db04abbf0a19d8769e78de
[2024-09-06T17:45:52.069+0000] {core_li.py:23} INFO - Successfully updated job requisition 66db04abbf0a19d8769e78e0
[2024-09-06T17:45:52.077+0000] {core_li.py:23} INFO - Successfully updated job requisition 66db04abbf0a19d8769e78e2
[2024-09-06T17:45:52.092+0000] {core_li.py:23} INFO - Successfully updated job requisition 66db04abbf0a19d8769e78e4
[2024-09-06T17:45:52.100+0000] {core_li.py:23} INFO - Successfully updated job requisition 66db04abbf0a19d8769e78e6
[2024-09-06T17:45:52.108+0000] {core_li.py:23} INFO - Successfully updated job requisition 66db04abbf0a19d8769e78e8
[2024-09-06T17:45:52.115+0000] {core_li.py:23} INFO - Successfully updated job requisition 66db04abbf0a19d8769e78ea
[2024-09-06T17:45:52.122+0000] {core_li.py:23} INFO - Successfully updated job requisition 66db04abbf0a19d8769e78ec
[2024-09-06T17:45:52.132+0000] {core_li.py:23} INFO - Successfully updated job requisition 66db04abbf0a19d8769e78ee
[2024-09-06T17:45:52.139+0000] {core_li.py:23} INFO - Successfully updated job requisition 66db04abbf0a19d8769e78f0
[2024-09-06T17:45:52.146+0000] {core_li.py:23} INFO - Successfully updated job requisition 66db04abbf0a19d8769e78f2
[2024-09-06T17:45:52.156+0000] {core_li.py:23} INFO - Successfully updated job requisition 66db04abbf0a19d8769e78f4
[2024-09-06T17:45:52.163+0000] {core_li.py:23} INFO - Successfully updated job requisition 66db04abbf0a19d8769e78f6
[2024-09-06T17:45:52.171+0000] {core_li.py:23} INFO - Successfully updated job requisition 66db04abbf0a19d8769e78f8
[2024-09-06T17:45:52.179+0000] {core_li.py:23} INFO - Successfully updated job requisition 66db04abbf0a19d8769e78fa
[2024-09-06T17:45:52.189+0000] {core_li.py:23} INFO - Successfully updated job requisition 66db04abbf0a19d8769e78fc
[2024-09-06T17:45:52.196+0000] {core_li.py:23} INFO - Successfully updated job requisition 66db04abbf0a19d8769e78fe
[2024-09-06T17:45:52.203+0000] {core_li.py:23} INFO - Successfully updated job requisition 66db04abbf0a19d8769e7900
[2024-09-06T17:45:52.215+0000] {core_li.py:23} INFO - Successfully updated job requisition 66db04abbf0a19d8769e7902
[2024-09-06T17:45:52.221+0000] {core_li.py:23} INFO - Successfully updated job requisition 66db04abbf0a19d8769e7904
[2024-09-06T17:45:52.227+0000] {core_li.py:23} INFO - Successfully updated job requisition 66db04abbf0a19d8769e7906
[2024-09-06T17:45:52.238+0000] {core_li.py:23} INFO - Successfully updated job requisition 66db04abbf0a19d8769e7908
[2024-09-06T17:45:52.246+0000] {core_li.py:23} INFO - Successfully updated job requisition 66db04abbf0a19d8769e790a
[2024-09-06T17:45:52.254+0000] {core_li.py:23} INFO - Successfully updated job requisition 66db04abbf0a19d8769e790c
[2024-09-06T17:45:52.261+0000] {core_li.py:23} INFO - Successfully updated job requisition 66db04abbf0a19d8769e790e
[2024-09-06T17:45:52.268+0000] {core_li.py:23} INFO - Successfully updated job requisition 66db04abbf0a19d8769e7910
[2024-09-06T17:45:52.269+0000] {python.py:240} INFO - Done. Returned value was: 100
[2024-09-06T17:45:52.291+0000] {taskinstance.py:340} INFO - ::group::Post task execution logs
[2024-09-06T17:45:52.292+0000] {taskinstance.py:352} INFO - Marking task as SUCCESS. dag_id=async_flow, task_id=task_backfill_number_of_cancelled_candidates_in_batch, run_id=manual__2024-09-06T17:29:39.458358+00:00, map_index=21, execution_date=20240906T172939, start_date=20240906T174551, end_date=20240906T174552
[2024-09-06T17:45:52.319+0000] {local_task_job_runner.py:266} INFO - Task exited with return code 0
[2024-09-06T17:45:52.327+0000] {local_task_job_runner.py:245} INFO - ::endgroup::
