[2024-09-06T17:29:45.205+0000] {local_task_job_runner.py:123} INFO - ::group::Pre task execution logs
[2024-09-06T17:29:45.230+0000] {taskinstance.py:2612} INFO - Dependencies all met for dep_context=non-requeueable deps ti=<TaskInstance: async_flow.task_backfill_number_of_cancelled_candidates_in_batch manual__2024-09-06T17:29:39.458358+00:00 map_index=21 [queued]>
[2024-09-06T17:29:45.239+0000] {taskinstance.py:2612} INFO - Dependencies all met for dep_context=requeueable deps ti=<TaskInstance: async_flow.task_backfill_number_of_cancelled_candidates_in_batch manual__2024-09-06T17:29:39.458358+00:00 map_index=21 [queued]>
[2024-09-06T17:29:45.240+0000] {taskinstance.py:2865} INFO - Starting attempt 1 of 1
[2024-09-06T17:29:45.286+0000] {taskinstance.py:2888} INFO - Executing <Mapped(_PythonDecoratedOperator): task_backfill_number_of_cancelled_candidates_in_batch> on 2024-09-06 17:29:39.458358+00:00
[2024-09-06T17:29:45.291+0000] {warnings.py:112} WARNING - /home/***/.local/lib/python3.12/site-packages/***/task/task_runner/standard_task_runner.py:70: DeprecationWarning: This process (pid=3229) is multi-threaded, use of fork() may lead to deadlocks in the child.
  pid = os.fork()

[2024-09-06T17:29:45.292+0000] {standard_task_runner.py:72} INFO - Started process 3284 to run task
[2024-09-06T17:29:45.293+0000] {standard_task_runner.py:104} INFO - Running: ['***', 'tasks', 'run', 'async_flow', 'task_backfill_number_of_cancelled_candidates_in_batch', 'manual__2024-09-06T17:29:39.458358+00:00', '--job-id', '143', '--raw', '--subdir', 'DAGS_FOLDER/dags_async_flow.py', '--cfg-path', '/tmp/tmprxam73e6', '--map-index', '21']
[2024-09-06T17:29:45.299+0000] {standard_task_runner.py:105} INFO - Job 143: Subtask task_backfill_number_of_cancelled_candidates_in_batch
[2024-09-06T17:29:45.364+0000] {task_command.py:467} INFO - Running <TaskInstance: async_flow.task_backfill_number_of_cancelled_candidates_in_batch manual__2024-09-06T17:29:39.458358+00:00 map_index=21 [running]> on host a3a5f1897683
[2024-09-06T17:29:45.617+0000] {taskinstance.py:3131} INFO - Exporting env vars: AIRFLOW_CTX_DAG_OWNER='***' AIRFLOW_CTX_DAG_ID='async_flow' AIRFLOW_CTX_TASK_ID='task_backfill_number_of_cancelled_candidates_in_batch' AIRFLOW_CTX_EXECUTION_DATE='2024-09-06T17:29:39.458358+00:00' AIRFLOW_CTX_TRY_NUMBER='1' AIRFLOW_CTX_DAG_RUN_ID='manual__2024-09-06T17:29:39.458358+00:00'
[2024-09-06T17:29:45.620+0000] {taskinstance.py:731} INFO - ::endgroup::
[2024-09-06T17:29:45.667+0000] {core_li.py:23} INFO - Successfully updated job requisition 66db04abbf0a19d8769e784a
[2024-09-06T17:29:45.689+0000] {core_li.py:23} INFO - Successfully updated job requisition 66db04abbf0a19d8769e784c
[2024-09-06T17:29:45.700+0000] {core_li.py:23} INFO - Successfully updated job requisition 66db04abbf0a19d8769e784e
[2024-09-06T17:29:45.719+0000] {core_li.py:23} INFO - Successfully updated job requisition 66db04abbf0a19d8769e7850
[2024-09-06T17:29:45.730+0000] {core_li.py:23} INFO - Successfully updated job requisition 66db04abbf0a19d8769e7852
[2024-09-06T17:29:45.744+0000] {core_li.py:23} INFO - Successfully updated job requisition 66db04abbf0a19d8769e7854
[2024-09-06T17:29:45.759+0000] {core_li.py:23} INFO - Successfully updated job requisition 66db04abbf0a19d8769e7856
[2024-09-06T17:29:45.770+0000] {core_li.py:23} INFO - Successfully updated job requisition 66db04abbf0a19d8769e7858
[2024-09-06T17:29:45.780+0000] {core_li.py:23} INFO - Successfully updated job requisition 66db04abbf0a19d8769e785a
[2024-09-06T17:29:45.787+0000] {core_li.py:23} INFO - Successfully updated job requisition 66db04abbf0a19d8769e785c
[2024-09-06T17:29:45.798+0000] {core_li.py:23} INFO - Successfully updated job requisition 66db04abbf0a19d8769e785e
[2024-09-06T17:29:45.806+0000] {core_li.py:23} INFO - Successfully updated job requisition 66db04abbf0a19d8769e7860
[2024-09-06T17:29:45.812+0000] {core_li.py:23} INFO - Successfully updated job requisition 66db04abbf0a19d8769e7862
[2024-09-06T17:29:45.824+0000] {core_li.py:23} INFO - Successfully updated job requisition 66db04abbf0a19d8769e7864
[2024-09-06T17:29:45.833+0000] {core_li.py:23} INFO - Successfully updated job requisition 66db04abbf0a19d8769e7866
[2024-09-06T17:29:45.848+0000] {core_li.py:23} INFO - Successfully updated job requisition 66db04abbf0a19d8769e7868
[2024-09-06T17:29:45.863+0000] {core_li.py:23} INFO - Successfully updated job requisition 66db04abbf0a19d8769e786a
[2024-09-06T17:29:45.871+0000] {core_li.py:23} INFO - Successfully updated job requisition 66db04abbf0a19d8769e786c
[2024-09-06T17:29:45.882+0000] {core_li.py:23} INFO - Successfully updated job requisition 66db04abbf0a19d8769e786e
[2024-09-06T17:29:45.890+0000] {core_li.py:23} INFO - Successfully updated job requisition 66db04abbf0a19d8769e7870
[2024-09-06T17:29:45.898+0000] {core_li.py:23} INFO - Successfully updated job requisition 66db04abbf0a19d8769e7872
[2024-09-06T17:29:45.909+0000] {core_li.py:23} INFO - Successfully updated job requisition 66db04abbf0a19d8769e7874
[2024-09-06T17:29:45.917+0000] {core_li.py:23} INFO - Successfully updated job requisition 66db04abbf0a19d8769e7876
[2024-09-06T17:29:45.932+0000] {core_li.py:23} INFO - Successfully updated job requisition 66db04abbf0a19d8769e7878
[2024-09-06T17:29:45.944+0000] {core_li.py:23} INFO - Successfully updated job requisition 66db04abbf0a19d8769e787a
[2024-09-06T17:29:45.952+0000] {core_li.py:23} INFO - Successfully updated job requisition 66db04abbf0a19d8769e787c
[2024-09-06T17:29:45.962+0000] {core_li.py:23} INFO - Successfully updated job requisition 66db04abbf0a19d8769e787e
[2024-09-06T17:29:45.970+0000] {core_li.py:23} INFO - Successfully updated job requisition 66db04abbf0a19d8769e7880
[2024-09-06T17:29:45.979+0000] {core_li.py:23} INFO - Successfully updated job requisition 66db04abbf0a19d8769e7882
[2024-09-06T17:29:45.988+0000] {core_li.py:23} INFO - Successfully updated job requisition 66db04abbf0a19d8769e7884
[2024-09-06T17:29:45.996+0000] {core_li.py:23} INFO - Successfully updated job requisition 66db04abbf0a19d8769e7886
[2024-09-06T17:29:46.005+0000] {core_li.py:23} INFO - Successfully updated job requisition 66db04abbf0a19d8769e7888
[2024-09-06T17:29:46.017+0000] {core_li.py:23} INFO - Successfully updated job requisition 66db04abbf0a19d8769e788a
[2024-09-06T17:29:46.028+0000] {core_li.py:23} INFO - Successfully updated job requisition 66db04abbf0a19d8769e788c
[2024-09-06T17:29:46.040+0000] {core_li.py:23} INFO - Successfully updated job requisition 66db04abbf0a19d8769e788e
[2024-09-06T17:29:46.053+0000] {core_li.py:23} INFO - Successfully updated job requisition 66db04abbf0a19d8769e7890
[2024-09-06T17:29:46.062+0000] {core_li.py:23} INFO - Successfully updated job requisition 66db04abbf0a19d8769e7892
[2024-09-06T17:29:46.071+0000] {core_li.py:23} INFO - Successfully updated job requisition 66db04abbf0a19d8769e7894
[2024-09-06T17:29:46.085+0000] {core_li.py:23} INFO - Successfully updated job requisition 66db04abbf0a19d8769e7896
[2024-09-06T17:29:46.095+0000] {core_li.py:23} INFO - Successfully updated job requisition 66db04abbf0a19d8769e7898
[2024-09-06T17:29:46.111+0000] {core_li.py:23} INFO - Successfully updated job requisition 66db04abbf0a19d8769e789a
[2024-09-06T17:29:46.119+0000] {core_li.py:23} INFO - Successfully updated job requisition 66db04abbf0a19d8769e789c
[2024-09-06T17:29:46.131+0000] {core_li.py:23} INFO - Successfully updated job requisition 66db04abbf0a19d8769e789e
[2024-09-06T17:29:46.145+0000] {core_li.py:23} INFO - Successfully updated job requisition 66db04abbf0a19d8769e78a0
[2024-09-06T17:29:46.158+0000] {core_li.py:23} INFO - Successfully updated job requisition 66db04abbf0a19d8769e78a2
[2024-09-06T17:29:46.172+0000] {core_li.py:23} INFO - Successfully updated job requisition 66db04abbf0a19d8769e78a4
[2024-09-06T17:29:46.180+0000] {core_li.py:23} INFO - Successfully updated job requisition 66db04abbf0a19d8769e78a6
[2024-09-06T17:29:46.189+0000] {core_li.py:23} INFO - Successfully updated job requisition 66db04abbf0a19d8769e78a8
[2024-09-06T17:29:46.202+0000] {core_li.py:23} INFO - Successfully updated job requisition 66db04abbf0a19d8769e78aa
[2024-09-06T17:29:46.211+0000] {core_li.py:23} INFO - Successfully updated job requisition 66db04abbf0a19d8769e78ac
[2024-09-06T17:29:46.219+0000] {core_li.py:23} INFO - Successfully updated job requisition 66db04abbf0a19d8769e78ae
[2024-09-06T17:29:46.228+0000] {core_li.py:23} INFO - Successfully updated job requisition 66db04abbf0a19d8769e78b0
[2024-09-06T17:29:46.235+0000] {core_li.py:23} INFO - Successfully updated job requisition 66db04abbf0a19d8769e78b2
[2024-09-06T17:29:46.245+0000] {core_li.py:23} INFO - Successfully updated job requisition 66db04abbf0a19d8769e78b4
[2024-09-06T17:29:46.252+0000] {core_li.py:23} INFO - Successfully updated job requisition 66db04abbf0a19d8769e78b6
[2024-09-06T17:29:46.260+0000] {core_li.py:23} INFO - Successfully updated job requisition 66db04abbf0a19d8769e78b8
[2024-09-06T17:29:46.269+0000] {core_li.py:23} INFO - Successfully updated job requisition 66db04abbf0a19d8769e78ba
[2024-09-06T17:29:46.279+0000] {core_li.py:23} INFO - Successfully updated job requisition 66db04abbf0a19d8769e78bc
[2024-09-06T17:29:46.285+0000] {core_li.py:23} INFO - Successfully updated job requisition 66db04abbf0a19d8769e78be
[2024-09-06T17:29:46.291+0000] {core_li.py:23} INFO - Successfully updated job requisition 66db04abbf0a19d8769e78c0
[2024-09-06T17:29:46.303+0000] {core_li.py:23} INFO - Successfully updated job requisition 66db04abbf0a19d8769e78c2
[2024-09-06T17:29:46.314+0000] {core_li.py:23} INFO - Successfully updated job requisition 66db04abbf0a19d8769e78c4
[2024-09-06T17:29:46.322+0000] {core_li.py:23} INFO - Successfully updated job requisition 66db04abbf0a19d8769e78c6
[2024-09-06T17:29:46.332+0000] {core_li.py:23} INFO - Successfully updated job requisition 66db04abbf0a19d8769e78c8
[2024-09-06T17:29:46.341+0000] {core_li.py:23} INFO - Successfully updated job requisition 66db04abbf0a19d8769e78ca
[2024-09-06T17:29:46.351+0000] {core_li.py:23} INFO - Successfully updated job requisition 66db04abbf0a19d8769e78cc
[2024-09-06T17:29:46.363+0000] {core_li.py:23} INFO - Successfully updated job requisition 66db04abbf0a19d8769e78ce
[2024-09-06T17:29:46.372+0000] {core_li.py:23} INFO - Successfully updated job requisition 66db04abbf0a19d8769e78d0
[2024-09-06T17:29:46.379+0000] {core_li.py:23} INFO - Successfully updated job requisition 66db04abbf0a19d8769e78d2
[2024-09-06T17:29:46.387+0000] {core_li.py:23} INFO - Successfully updated job requisition 66db04abbf0a19d8769e78d4
[2024-09-06T17:29:46.394+0000] {core_li.py:23} INFO - Successfully updated job requisition 66db04abbf0a19d8769e78d6
[2024-09-06T17:29:46.400+0000] {core_li.py:23} INFO - Successfully updated job requisition 66db04abbf0a19d8769e78d8
[2024-09-06T17:29:46.409+0000] {core_li.py:23} INFO - Successfully updated job requisition 66db04abbf0a19d8769e78da
[2024-09-06T17:29:46.416+0000] {core_li.py:23} INFO - Successfully updated job requisition 66db04abbf0a19d8769e78dc
[2024-09-06T17:29:46.424+0000] {core_li.py:23} INFO - Successfully updated job requisition 66db04abbf0a19d8769e78de
[2024-09-06T17:29:46.430+0000] {core_li.py:23} INFO - Successfully updated job requisition 66db04abbf0a19d8769e78e0
[2024-09-06T17:29:46.437+0000] {core_li.py:23} INFO - Successfully updated job requisition 66db04abbf0a19d8769e78e2
[2024-09-06T17:29:46.449+0000] {core_li.py:23} INFO - Successfully updated job requisition 66db04abbf0a19d8769e78e4
[2024-09-06T17:29:46.456+0000] {core_li.py:23} INFO - Successfully updated job requisition 66db04abbf0a19d8769e78e6
[2024-09-06T17:29:46.463+0000] {core_li.py:23} INFO - Successfully updated job requisition 66db04abbf0a19d8769e78e8
[2024-09-06T17:29:46.473+0000] {core_li.py:23} INFO - Successfully updated job requisition 66db04abbf0a19d8769e78ea
[2024-09-06T17:29:46.482+0000] {core_li.py:23} INFO - Successfully updated job requisition 66db04abbf0a19d8769e78ec
[2024-09-06T17:29:46.489+0000] {core_li.py:23} INFO - Successfully updated job requisition 66db04abbf0a19d8769e78ee
[2024-09-06T17:29:46.495+0000] {core_li.py:23} INFO - Successfully updated job requisition 66db04abbf0a19d8769e78f0
[2024-09-06T17:29:46.504+0000] {core_li.py:23} INFO - Successfully updated job requisition 66db04abbf0a19d8769e78f2
[2024-09-06T17:29:46.512+0000] {core_li.py:23} INFO - Successfully updated job requisition 66db04abbf0a19d8769e78f4
[2024-09-06T17:29:46.518+0000] {core_li.py:23} INFO - Successfully updated job requisition 66db04abbf0a19d8769e78f6
[2024-09-06T17:29:46.525+0000] {core_li.py:23} INFO - Successfully updated job requisition 66db04abbf0a19d8769e78f8
[2024-09-06T17:29:46.534+0000] {core_li.py:23} INFO - Successfully updated job requisition 66db04abbf0a19d8769e78fa
[2024-09-06T17:29:46.543+0000] {core_li.py:23} INFO - Successfully updated job requisition 66db04abbf0a19d8769e78fc
[2024-09-06T17:29:46.550+0000] {core_li.py:23} INFO - Successfully updated job requisition 66db04abbf0a19d8769e78fe
[2024-09-06T17:29:46.557+0000] {core_li.py:23} INFO - Successfully updated job requisition 66db04abbf0a19d8769e7900
[2024-09-06T17:29:46.564+0000] {core_li.py:23} INFO - Successfully updated job requisition 66db04abbf0a19d8769e7902
[2024-09-06T17:29:46.574+0000] {core_li.py:23} INFO - Successfully updated job requisition 66db04abbf0a19d8769e7904
[2024-09-06T17:29:46.583+0000] {core_li.py:23} INFO - Successfully updated job requisition 66db04abbf0a19d8769e7906
[2024-09-06T17:29:46.590+0000] {core_li.py:23} INFO - Successfully updated job requisition 66db04abbf0a19d8769e7908
[2024-09-06T17:29:46.600+0000] {core_li.py:23} INFO - Successfully updated job requisition 66db04abbf0a19d8769e790a
[2024-09-06T17:29:46.617+0000] {core_li.py:23} INFO - Successfully updated job requisition 66db04abbf0a19d8769e790c
[2024-09-06T17:29:46.623+0000] {core_li.py:23} INFO - Successfully updated job requisition 66db04abbf0a19d8769e790e
[2024-09-06T17:29:46.636+0000] {core_li.py:23} INFO - Successfully updated job requisition 66db04abbf0a19d8769e7910
[2024-09-06T17:29:46.637+0000] {python.py:240} INFO - Done. Returned value was: 100
[2024-09-06T17:29:46.657+0000] {taskinstance.py:340} INFO - ::group::Post task execution logs
[2024-09-06T17:29:46.661+0000] {taskinstance.py:352} INFO - Marking task as SUCCESS. dag_id=async_flow, task_id=task_backfill_number_of_cancelled_candidates_in_batch, run_id=manual__2024-09-06T17:29:39.458358+00:00, map_index=21, execution_date=20240906T172939, start_date=20240906T172945, end_date=20240906T172946
[2024-09-06T17:29:46.676+0000] {local_task_job_runner.py:266} INFO - Task exited with return code 0
[2024-09-06T17:29:46.697+0000] {taskinstance.py:3900} INFO - 0 downstream tasks scheduled from follow-on schedule check
[2024-09-06T17:29:46.700+0000] {local_task_job_runner.py:245} INFO - ::endgroup::
