[2024-09-06T17:43:10.064+0000] {local_task_job_runner.py:123} INFO - ::group::Pre task execution logs
[2024-09-06T17:43:10.081+0000] {taskinstance.py:2612} INFO - Dependencies all met for dep_context=non-requeueable deps ti=<TaskInstance: async_flow.task_backfill_number_of_cancelled_candidates_in_batch manual__2024-09-06T17:43:02.727107+00:00 map_index=35 [queued]>
[2024-09-06T17:43:10.090+0000] {taskinstance.py:2612} INFO - Dependencies all met for dep_context=requeueable deps ti=<TaskInstance: async_flow.task_backfill_number_of_cancelled_candidates_in_batch manual__2024-09-06T17:43:02.727107+00:00 map_index=35 [queued]>
[2024-09-06T17:43:10.091+0000] {taskinstance.py:2865} INFO - Starting attempt 1 of 1
[2024-09-06T17:43:10.102+0000] {taskinstance.py:2888} INFO - Executing <Mapped(_PythonDecoratedOperator): task_backfill_number_of_cancelled_candidates_in_batch> on 2024-09-06 17:43:02.727107+00:00
[2024-09-06T17:43:10.106+0000] {warnings.py:112} WARNING - /home/***/.local/lib/python3.12/site-packages/***/task/task_runner/standard_task_runner.py:70: DeprecationWarning: This process (pid=284) is multi-threaded, use of fork() may lead to deadlocks in the child.
  pid = os.fork()

[2024-09-06T17:43:10.108+0000] {standard_task_runner.py:72} INFO - Started process 348 to run task
[2024-09-06T17:43:10.116+0000] {standard_task_runner.py:104} INFO - Running: ['***', 'tasks', 'run', 'async_flow', 'task_backfill_number_of_cancelled_candidates_in_batch', 'manual__2024-09-06T17:43:02.727107+00:00', '--job-id', '218', '--raw', '--subdir', 'DAGS_FOLDER/dags_async_flow.py', '--cfg-path', '/tmp/tmpiip2at8c', '--map-index', '35']
[2024-09-06T17:43:10.121+0000] {standard_task_runner.py:105} INFO - Job 218: Subtask task_backfill_number_of_cancelled_candidates_in_batch
[2024-09-06T17:43:10.213+0000] {task_command.py:467} INFO - Running <TaskInstance: async_flow.task_backfill_number_of_cancelled_candidates_in_batch manual__2024-09-06T17:43:02.727107+00:00 map_index=35 [running]> on host 0817eb6c24af
[2024-09-06T17:43:10.289+0000] {taskinstance.py:3131} INFO - Exporting env vars: AIRFLOW_CTX_DAG_OWNER='***' AIRFLOW_CTX_DAG_ID='async_flow' AIRFLOW_CTX_TASK_ID='task_backfill_number_of_cancelled_candidates_in_batch' AIRFLOW_CTX_EXECUTION_DATE='2024-09-06T17:43:02.727107+00:00' AIRFLOW_CTX_TRY_NUMBER='1' AIRFLOW_CTX_DAG_RUN_ID='manual__2024-09-06T17:43:02.727107+00:00'
[2024-09-06T17:43:10.291+0000] {taskinstance.py:731} INFO - ::endgroup::
[2024-09-06T17:43:10.302+0000] {core_li.py:23} INFO - Successfully updated job requisition 66db04abbf0a19d8769e76ba
[2024-09-06T17:43:10.316+0000] {core_li.py:23} INFO - Successfully updated job requisition 66db04abbf0a19d8769e76bc
[2024-09-06T17:43:10.323+0000] {core_li.py:23} INFO - Successfully updated job requisition 66db04abbf0a19d8769e76be
[2024-09-06T17:43:10.334+0000] {core_li.py:23} INFO - Successfully updated job requisition 66db04abbf0a19d8769e76c0
[2024-09-06T17:43:10.344+0000] {core_li.py:23} INFO - Successfully updated job requisition 66db04abbf0a19d8769e76c2
[2024-09-06T17:43:10.351+0000] {core_li.py:23} INFO - Successfully updated job requisition 66db04abbf0a19d8769e76c4
[2024-09-06T17:43:10.358+0000] {core_li.py:23} INFO - Successfully updated job requisition 66db04abbf0a19d8769e76c6
[2024-09-06T17:43:10.365+0000] {core_li.py:23} INFO - Successfully updated job requisition 66db04abbf0a19d8769e76c8
[2024-09-06T17:43:10.373+0000] {core_li.py:23} INFO - Successfully updated job requisition 66db04abbf0a19d8769e76ca
[2024-09-06T17:43:10.383+0000] {core_li.py:23} INFO - Successfully updated job requisition 66db04abbf0a19d8769e76cc
[2024-09-06T17:43:10.391+0000] {core_li.py:23} INFO - Successfully updated job requisition 66db04abbf0a19d8769e76ce
[2024-09-06T17:43:10.400+0000] {core_li.py:23} INFO - Successfully updated job requisition 66db04abbf0a19d8769e76d0
[2024-09-06T17:43:10.407+0000] {core_li.py:23} INFO - Successfully updated job requisition 66db04abbf0a19d8769e76d2
[2024-09-06T17:43:10.417+0000] {core_li.py:23} INFO - Successfully updated job requisition 66db04abbf0a19d8769e76d4
[2024-09-06T17:43:10.425+0000] {core_li.py:23} INFO - Successfully updated job requisition 66db04abbf0a19d8769e76d6
[2024-09-06T17:43:10.433+0000] {core_li.py:23} INFO - Successfully updated job requisition 66db04abbf0a19d8769e76d8
[2024-09-06T17:43:10.444+0000] {core_li.py:23} INFO - Successfully updated job requisition 66db04abbf0a19d8769e76da
[2024-09-06T17:43:10.450+0000] {core_li.py:23} INFO - Successfully updated job requisition 66db04abbf0a19d8769e76dc
[2024-09-06T17:43:10.459+0000] {core_li.py:23} INFO - Successfully updated job requisition 66db04abbf0a19d8769e76de
[2024-09-06T17:43:10.467+0000] {core_li.py:23} INFO - Successfully updated job requisition 66db04abbf0a19d8769e76e0
[2024-09-06T17:43:10.475+0000] {core_li.py:23} INFO - Successfully updated job requisition 66db04abbf0a19d8769e76e2
[2024-09-06T17:43:10.485+0000] {core_li.py:23} INFO - Successfully updated job requisition 66db04abbf0a19d8769e76e4
[2024-09-06T17:43:10.496+0000] {core_li.py:23} INFO - Successfully updated job requisition 66db04abbf0a19d8769e76e6
[2024-09-06T17:43:10.505+0000] {core_li.py:23} INFO - Successfully updated job requisition 66db04abbf0a19d8769e76e8
[2024-09-06T17:43:10.513+0000] {core_li.py:23} INFO - Successfully updated job requisition 66db04abbf0a19d8769e76ea
[2024-09-06T17:43:10.519+0000] {core_li.py:23} INFO - Successfully updated job requisition 66db04abbf0a19d8769e76ec
[2024-09-06T17:43:10.527+0000] {core_li.py:23} INFO - Successfully updated job requisition 66db04abbf0a19d8769e76ee
[2024-09-06T17:43:10.534+0000] {core_li.py:23} INFO - Successfully updated job requisition 66db04abbf0a19d8769e76f0
[2024-09-06T17:43:10.540+0000] {core_li.py:23} INFO - Successfully updated job requisition 66db04abbf0a19d8769e76f2
[2024-09-06T17:43:10.547+0000] {core_li.py:23} INFO - Successfully updated job requisition 66db04abbf0a19d8769e76f4
[2024-09-06T17:43:10.553+0000] {core_li.py:23} INFO - Successfully updated job requisition 66db04abbf0a19d8769e76f6
[2024-09-06T17:43:10.564+0000] {core_li.py:23} INFO - Successfully updated job requisition 66db04abbf0a19d8769e76f8
[2024-09-06T17:43:10.581+0000] {core_li.py:23} INFO - Successfully updated job requisition 66db04abbf0a19d8769e76fa
[2024-09-06T17:43:10.586+0000] {core_li.py:23} INFO - Successfully updated job requisition 66db04abbf0a19d8769e76fc
[2024-09-06T17:43:10.594+0000] {core_li.py:23} INFO - Successfully updated job requisition 66db04abbf0a19d8769e76fe
[2024-09-06T17:43:10.603+0000] {core_li.py:23} INFO - Successfully updated job requisition 66db04abbf0a19d8769e7700
[2024-09-06T17:43:10.612+0000] {core_li.py:23} INFO - Successfully updated job requisition 66db04abbf0a19d8769e7702
[2024-09-06T17:43:10.623+0000] {core_li.py:23} INFO - Successfully updated job requisition 66db04abbf0a19d8769e7704
[2024-09-06T17:43:10.634+0000] {core_li.py:23} INFO - Successfully updated job requisition 66db04abbf0a19d8769e7706
[2024-09-06T17:43:10.643+0000] {core_li.py:23} INFO - Successfully updated job requisition 66db04abbf0a19d8769e7708
[2024-09-06T17:43:10.651+0000] {core_li.py:23} INFO - Successfully updated job requisition 66db04abbf0a19d8769e770a
[2024-09-06T17:43:10.665+0000] {core_li.py:23} INFO - Successfully updated job requisition 66db04abbf0a19d8769e770c
[2024-09-06T17:43:10.672+0000] {core_li.py:23} INFO - Successfully updated job requisition 66db04abbf0a19d8769e770e
[2024-09-06T17:43:10.682+0000] {core_li.py:23} INFO - Successfully updated job requisition 66db04abbf0a19d8769e7710
[2024-09-06T17:43:10.691+0000] {core_li.py:23} INFO - Successfully updated job requisition 66db04abbf0a19d8769e7712
[2024-09-06T17:43:10.698+0000] {core_li.py:23} INFO - Successfully updated job requisition 66db04abbf0a19d8769e7714
[2024-09-06T17:43:10.707+0000] {core_li.py:23} INFO - Successfully updated job requisition 66db04abbf0a19d8769e7716
[2024-09-06T17:43:10.716+0000] {core_li.py:23} INFO - Successfully updated job requisition 66db04abbf0a19d8769e7718
[2024-09-06T17:43:10.722+0000] {core_li.py:23} INFO - Successfully updated job requisition 66db04abbf0a19d8769e771a
[2024-09-06T17:43:10.729+0000] {core_li.py:23} INFO - Successfully updated job requisition 66db04abbf0a19d8769e771c
[2024-09-06T17:43:10.737+0000] {core_li.py:23} INFO - Successfully updated job requisition 66db04abbf0a19d8769e771e
[2024-09-06T17:43:10.747+0000] {core_li.py:23} INFO - Successfully updated job requisition 66db04abbf0a19d8769e7720
[2024-09-06T17:43:10.756+0000] {core_li.py:23} INFO - Successfully updated job requisition 66db04abbf0a19d8769e7722
[2024-09-06T17:43:10.764+0000] {core_li.py:23} INFO - Successfully updated job requisition 66db04abbf0a19d8769e7724
[2024-09-06T17:43:10.770+0000] {core_li.py:23} INFO - Successfully updated job requisition 66db04abbf0a19d8769e7726
[2024-09-06T17:43:10.776+0000] {core_li.py:23} INFO - Successfully updated job requisition 66db04abbf0a19d8769e7728
[2024-09-06T17:43:10.782+0000] {core_li.py:23} INFO - Successfully updated job requisition 66db04abbf0a19d8769e772a
[2024-09-06T17:43:10.789+0000] {core_li.py:23} INFO - Successfully updated job requisition 66db04abbf0a19d8769e772c
[2024-09-06T17:43:10.798+0000] {core_li.py:23} INFO - Successfully updated job requisition 66db04abbf0a19d8769e772e
[2024-09-06T17:43:10.805+0000] {core_li.py:23} INFO - Successfully updated job requisition 66db04abbf0a19d8769e7730
[2024-09-06T17:43:10.812+0000] {core_li.py:23} INFO - Successfully updated job requisition 66db04abbf0a19d8769e7732
[2024-09-06T17:43:10.825+0000] {core_li.py:23} INFO - Successfully updated job requisition 66db04abbf0a19d8769e7734
[2024-09-06T17:43:10.833+0000] {core_li.py:23} INFO - Successfully updated job requisition 66db04abbf0a19d8769e7736
[2024-09-06T17:43:10.839+0000] {core_li.py:23} INFO - Successfully updated job requisition 66db04abbf0a19d8769e7738
[2024-09-06T17:43:10.846+0000] {core_li.py:23} INFO - Successfully updated job requisition 66db04abbf0a19d8769e773a
[2024-09-06T17:43:10.856+0000] {core_li.py:23} INFO - Successfully updated job requisition 66db04abbf0a19d8769e773c
[2024-09-06T17:43:10.868+0000] {core_li.py:23} INFO - Successfully updated job requisition 66db04abbf0a19d8769e773e
[2024-09-06T17:43:10.878+0000] {core_li.py:23} INFO - Successfully updated job requisition 66db04abbf0a19d8769e7740
[2024-09-06T17:43:10.888+0000] {core_li.py:23} INFO - Successfully updated job requisition 66db04abbf0a19d8769e7742
[2024-09-06T17:43:10.897+0000] {core_li.py:23} INFO - Successfully updated job requisition 66db04abbf0a19d8769e7744
[2024-09-06T17:43:10.902+0000] {core_li.py:23} INFO - Successfully updated job requisition 66db04abbf0a19d8769e7746
[2024-09-06T17:43:10.908+0000] {core_li.py:23} INFO - Successfully updated job requisition 66db04abbf0a19d8769e7748
[2024-09-06T17:43:10.915+0000] {core_li.py:23} INFO - Successfully updated job requisition 66db04abbf0a19d8769e774a
[2024-09-06T17:43:10.923+0000] {core_li.py:23} INFO - Successfully updated job requisition 66db04abbf0a19d8769e774c
[2024-09-06T17:43:10.930+0000] {core_li.py:23} INFO - Successfully updated job requisition 66db04abbf0a19d8769e774e
[2024-09-06T17:43:10.937+0000] {core_li.py:23} INFO - Successfully updated job requisition 66db04abbf0a19d8769e7750
[2024-09-06T17:43:10.944+0000] {core_li.py:23} INFO - Successfully updated job requisition 66db04abbf0a19d8769e7752
[2024-09-06T17:43:10.953+0000] {core_li.py:23} INFO - Successfully updated job requisition 66db04abbf0a19d8769e7754
[2024-09-06T17:43:10.958+0000] {core_li.py:23} INFO - Successfully updated job requisition 66db04abbf0a19d8769e7756
[2024-09-06T17:43:10.964+0000] {core_li.py:23} INFO - Successfully updated job requisition 66db04abbf0a19d8769e7758
[2024-09-06T17:43:10.970+0000] {core_li.py:23} INFO - Successfully updated job requisition 66db04abbf0a19d8769e775a
[2024-09-06T17:43:10.980+0000] {core_li.py:23} INFO - Successfully updated job requisition 66db04abbf0a19d8769e775c
[2024-09-06T17:43:10.996+0000] {core_li.py:23} INFO - Successfully updated job requisition 66db04abbf0a19d8769e775e
[2024-09-06T17:43:11.010+0000] {core_li.py:23} INFO - Successfully updated job requisition 66db04abbf0a19d8769e7760
[2024-09-06T17:43:11.021+0000] {core_li.py:23} INFO - Successfully updated job requisition 66db04abbf0a19d8769e7762
[2024-09-06T17:43:11.029+0000] {core_li.py:23} INFO - Successfully updated job requisition 66db04abbf0a19d8769e7764
[2024-09-06T17:43:11.035+0000] {core_li.py:23} INFO - Successfully updated job requisition 66db04abbf0a19d8769e7766
[2024-09-06T17:43:11.043+0000] {core_li.py:23} INFO - Successfully updated job requisition 66db04abbf0a19d8769e7768
[2024-09-06T17:43:11.053+0000] {core_li.py:23} INFO - Successfully updated job requisition 66db04abbf0a19d8769e776a
[2024-09-06T17:43:11.063+0000] {core_li.py:23} INFO - Successfully updated job requisition 66db04abbf0a19d8769e776c
[2024-09-06T17:43:11.069+0000] {core_li.py:23} INFO - Successfully updated job requisition 66db04abbf0a19d8769e776e
[2024-09-06T17:43:11.078+0000] {core_li.py:23} INFO - Successfully updated job requisition 66db04abbf0a19d8769e7770
[2024-09-06T17:43:11.089+0000] {core_li.py:23} INFO - Successfully updated job requisition 66db04abbf0a19d8769e7772
[2024-09-06T17:43:11.097+0000] {core_li.py:23} INFO - Successfully updated job requisition 66db04abbf0a19d8769e7774
[2024-09-06T17:43:11.106+0000] {core_li.py:23} INFO - Successfully updated job requisition 66db04abbf0a19d8769e7776
[2024-09-06T17:43:11.115+0000] {core_li.py:23} INFO - Successfully updated job requisition 66db04abbf0a19d8769e7778
[2024-09-06T17:43:11.122+0000] {core_li.py:23} INFO - Successfully updated job requisition 66db04abbf0a19d8769e777a
[2024-09-06T17:43:11.131+0000] {core_li.py:23} INFO - Successfully updated job requisition 66db04abbf0a19d8769e777c
[2024-09-06T17:43:11.148+0000] {core_li.py:23} INFO - Successfully updated job requisition 66db04abbf0a19d8769e777e
[2024-09-06T17:43:11.158+0000] {core_li.py:23} INFO - Successfully updated job requisition 66db04abbf0a19d8769e7780
[2024-09-06T17:43:11.159+0000] {python.py:240} INFO - Done. Returned value was: 100
[2024-09-06T17:43:11.186+0000] {taskinstance.py:340} INFO - ::group::Post task execution logs
[2024-09-06T17:43:11.187+0000] {taskinstance.py:352} INFO - Marking task as SUCCESS. dag_id=async_flow, task_id=task_backfill_number_of_cancelled_candidates_in_batch, run_id=manual__2024-09-06T17:43:02.727107+00:00, map_index=35, execution_date=20240906T174302, start_date=20240906T174310, end_date=20240906T174311
[2024-09-06T17:43:11.211+0000] {local_task_job_runner.py:266} INFO - Task exited with return code 0
[2024-09-06T17:43:11.225+0000] {local_task_job_runner.py:245} INFO - ::endgroup::
