[2024-09-06T17:47:37.711+0000] {local_task_job_runner.py:123} INFO - ::group::Pre task execution logs
[2024-09-06T17:47:37.745+0000] {taskinstance.py:2612} INFO - Dependencies all met for dep_context=non-requeueable deps ti=<TaskInstance: async_flow.task_backfill_number_of_cancelled_candidates_in_batch manual__2024-09-06T17:47:30.120511+00:00 map_index=43 [queued]>
[2024-09-06T17:47:37.763+0000] {taskinstance.py:2612} INFO - Dependencies all met for dep_context=requeueable deps ti=<TaskInstance: async_flow.task_backfill_number_of_cancelled_candidates_in_batch manual__2024-09-06T17:47:30.120511+00:00 map_index=43 [queued]>
[2024-09-06T17:47:37.763+0000] {taskinstance.py:2865} INFO - Starting attempt 1 of 1
[2024-09-06T17:47:37.784+0000] {taskinstance.py:2888} INFO - Executing <Mapped(_PythonDecoratedOperator): task_backfill_number_of_cancelled_candidates_in_batch> on 2024-09-06 17:47:30.120511+00:00
[2024-09-06T17:47:37.789+0000] {warnings.py:112} WARNING - /home/***/.local/lib/python3.12/site-packages/***/task/task_runner/standard_task_runner.py:70: DeprecationWarning: This process (pid=1252) is multi-threaded, use of fork() may lead to deadlocks in the child.
  pid = os.fork()

[2024-09-06T17:47:37.792+0000] {standard_task_runner.py:72} INFO - Started process 1308 to run task
[2024-09-06T17:47:37.795+0000] {standard_task_runner.py:104} INFO - Running: ['***', 'tasks', 'run', 'async_flow', 'task_backfill_number_of_cancelled_candidates_in_batch', 'manual__2024-09-06T17:47:30.120511+00:00', '--job-id', '365', '--raw', '--subdir', 'DAGS_FOLDER/dags_async_flow.py', '--cfg-path', '/tmp/tmpdmm8rqu3', '--map-index', '43']
[2024-09-06T17:47:37.799+0000] {standard_task_runner.py:105} INFO - Job 365: Subtask task_backfill_number_of_cancelled_candidates_in_batch
[2024-09-06T17:47:37.876+0000] {task_command.py:467} INFO - Running <TaskInstance: async_flow.task_backfill_number_of_cancelled_candidates_in_batch manual__2024-09-06T17:47:30.120511+00:00 map_index=43 [running]> on host 0817eb6c24af
[2024-09-06T17:47:37.983+0000] {taskinstance.py:3131} INFO - Exporting env vars: AIRFLOW_CTX_DAG_OWNER='***' AIRFLOW_CTX_DAG_ID='async_flow' AIRFLOW_CTX_TASK_ID='task_backfill_number_of_cancelled_candidates_in_batch' AIRFLOW_CTX_EXECUTION_DATE='2024-09-06T17:47:30.120511+00:00' AIRFLOW_CTX_TRY_NUMBER='1' AIRFLOW_CTX_DAG_RUN_ID='manual__2024-09-06T17:47:30.120511+00:00'
[2024-09-06T17:47:37.986+0000] {taskinstance.py:731} INFO - ::endgroup::
[2024-09-06T17:47:37.999+0000] {core_li.py:23} INFO - Successfully updated job requisition 66db04abbf0a19d8769e6d5a
[2024-09-06T17:47:38.009+0000] {core_li.py:23} INFO - Successfully updated job requisition 66db04abbf0a19d8769e6d5c
[2024-09-06T17:47:38.018+0000] {core_li.py:23} INFO - Successfully updated job requisition 66db04abbf0a19d8769e6d5e
[2024-09-06T17:47:38.061+0000] {core_li.py:23} INFO - Successfully updated job requisition 66db04abbf0a19d8769e6d60
[2024-09-06T17:47:38.081+0000] {core_li.py:23} INFO - Successfully updated job requisition 66db04abbf0a19d8769e6d62
[2024-09-06T17:47:38.107+0000] {core_li.py:23} INFO - Successfully updated job requisition 66db04abbf0a19d8769e6d64
[2024-09-06T17:47:38.121+0000] {core_li.py:23} INFO - Successfully updated job requisition 66db04abbf0a19d8769e6d66
[2024-09-06T17:47:38.133+0000] {core_li.py:23} INFO - Successfully updated job requisition 66db04abbf0a19d8769e6d68
[2024-09-06T17:47:38.143+0000] {core_li.py:23} INFO - Successfully updated job requisition 66db04abbf0a19d8769e6d6a
[2024-09-06T17:47:38.167+0000] {core_li.py:23} INFO - Successfully updated job requisition 66db04abbf0a19d8769e6d6c
[2024-09-06T17:47:38.175+0000] {core_li.py:23} INFO - Successfully updated job requisition 66db04abbf0a19d8769e6d6e
[2024-09-06T17:47:38.184+0000] {core_li.py:23} INFO - Successfully updated job requisition 66db04abbf0a19d8769e6d70
[2024-09-06T17:47:38.196+0000] {core_li.py:23} INFO - Successfully updated job requisition 66db04abbf0a19d8769e6d72
[2024-09-06T17:47:38.206+0000] {core_li.py:23} INFO - Successfully updated job requisition 66db04abbf0a19d8769e6d74
[2024-09-06T17:47:38.215+0000] {core_li.py:23} INFO - Successfully updated job requisition 66db04abbf0a19d8769e6d76
[2024-09-06T17:47:38.225+0000] {core_li.py:23} INFO - Successfully updated job requisition 66db04abbf0a19d8769e6d78
[2024-09-06T17:47:38.234+0000] {core_li.py:23} INFO - Successfully updated job requisition 66db04abbf0a19d8769e6d7a
[2024-09-06T17:47:38.242+0000] {core_li.py:23} INFO - Successfully updated job requisition 66db04abbf0a19d8769e6d7c
[2024-09-06T17:47:38.253+0000] {core_li.py:23} INFO - Successfully updated job requisition 66db04abbf0a19d8769e6d7e
[2024-09-06T17:47:38.261+0000] {core_li.py:23} INFO - Successfully updated job requisition 66db04abbf0a19d8769e6d80
[2024-09-06T17:47:38.270+0000] {core_li.py:23} INFO - Successfully updated job requisition 66db04abbf0a19d8769e6d82
[2024-09-06T17:47:38.280+0000] {core_li.py:23} INFO - Successfully updated job requisition 66db04abbf0a19d8769e6d84
[2024-09-06T17:47:38.287+0000] {core_li.py:23} INFO - Successfully updated job requisition 66db04abbf0a19d8769e6d86
[2024-09-06T17:47:38.296+0000] {core_li.py:23} INFO - Successfully updated job requisition 66db04abbf0a19d8769e6d88
[2024-09-06T17:47:38.303+0000] {core_li.py:23} INFO - Successfully updated job requisition 66db04abbf0a19d8769e6d8a
[2024-09-06T17:47:38.312+0000] {core_li.py:23} INFO - Successfully updated job requisition 66db04abbf0a19d8769e6d8c
[2024-09-06T17:47:38.323+0000] {core_li.py:23} INFO - Successfully updated job requisition 66db04abbf0a19d8769e6d8e
[2024-09-06T17:47:38.331+0000] {core_li.py:23} INFO - Successfully updated job requisition 66db04abbf0a19d8769e6d90
[2024-09-06T17:47:38.338+0000] {core_li.py:23} INFO - Successfully updated job requisition 66db04abbf0a19d8769e6d92
[2024-09-06T17:47:38.346+0000] {core_li.py:23} INFO - Successfully updated job requisition 66db04abbf0a19d8769e6d94
[2024-09-06T17:47:38.354+0000] {core_li.py:23} INFO - Successfully updated job requisition 66db04abbf0a19d8769e6d96
[2024-09-06T17:47:38.361+0000] {core_li.py:23} INFO - Successfully updated job requisition 66db04abbf0a19d8769e6d98
[2024-09-06T17:47:38.370+0000] {core_li.py:23} INFO - Successfully updated job requisition 66db04abbf0a19d8769e6d9a
[2024-09-06T17:47:38.390+0000] {core_li.py:23} INFO - Successfully updated job requisition 66db04abbf0a19d8769e6d9c
[2024-09-06T17:47:38.396+0000] {core_li.py:23} INFO - Successfully updated job requisition 66db04abbf0a19d8769e6d9e
[2024-09-06T17:47:38.403+0000] {core_li.py:23} INFO - Successfully updated job requisition 66db04abbf0a19d8769e6da0
[2024-09-06T17:47:38.412+0000] {core_li.py:23} INFO - Successfully updated job requisition 66db04abbf0a19d8769e6da2
[2024-09-06T17:47:38.417+0000] {core_li.py:23} INFO - Successfully updated job requisition 66db04abbf0a19d8769e6da4
[2024-09-06T17:47:38.424+0000] {core_li.py:23} INFO - Successfully updated job requisition 66db04abbf0a19d8769e6da6
[2024-09-06T17:47:38.431+0000] {core_li.py:23} INFO - Successfully updated job requisition 66db04abbf0a19d8769e6da8
[2024-09-06T17:47:38.440+0000] {core_li.py:23} INFO - Successfully updated job requisition 66db04abbf0a19d8769e6daa
[2024-09-06T17:47:38.449+0000] {core_li.py:23} INFO - Successfully updated job requisition 66db04abbf0a19d8769e6dac
[2024-09-06T17:47:38.462+0000] {core_li.py:23} INFO - Successfully updated job requisition 66db04abbf0a19d8769e6dae
[2024-09-06T17:47:38.468+0000] {core_li.py:23} INFO - Successfully updated job requisition 66db04abbf0a19d8769e6db0
[2024-09-06T17:47:38.476+0000] {core_li.py:23} INFO - Successfully updated job requisition 66db04abbf0a19d8769e6db2
[2024-09-06T17:47:38.489+0000] {core_li.py:23} INFO - Successfully updated job requisition 66db04abbf0a19d8769e6db4
[2024-09-06T17:47:38.498+0000] {core_li.py:23} INFO - Successfully updated job requisition 66db04abbf0a19d8769e6db6
[2024-09-06T17:47:38.531+0000] {core_li.py:23} INFO - Successfully updated job requisition 66db04abbf0a19d8769e6db8
[2024-09-06T17:47:38.551+0000] {core_li.py:23} INFO - Successfully updated job requisition 66db04abbf0a19d8769e6dba
[2024-09-06T17:47:38.561+0000] {core_li.py:23} INFO - Successfully updated job requisition 66db04abbf0a19d8769e6dbc
[2024-09-06T17:47:38.570+0000] {core_li.py:23} INFO - Successfully updated job requisition 66db04abbf0a19d8769e6dbe
[2024-09-06T17:47:38.578+0000] {core_li.py:23} INFO - Successfully updated job requisition 66db04abbf0a19d8769e6dc0
[2024-09-06T17:47:38.586+0000] {core_li.py:23} INFO - Successfully updated job requisition 66db04abbf0a19d8769e6dc2
[2024-09-06T17:47:38.593+0000] {core_li.py:23} INFO - Successfully updated job requisition 66db04abbf0a19d8769e6dc4
[2024-09-06T17:47:38.600+0000] {core_li.py:23} INFO - Successfully updated job requisition 66db04abbf0a19d8769e6dc6
[2024-09-06T17:47:38.609+0000] {core_li.py:23} INFO - Successfully updated job requisition 66db04abbf0a19d8769e6dc8
[2024-09-06T17:47:38.618+0000] {core_li.py:23} INFO - Successfully updated job requisition 66db04abbf0a19d8769e6dca
[2024-09-06T17:47:38.629+0000] {core_li.py:23} INFO - Successfully updated job requisition 66db04abbf0a19d8769e6dcc
[2024-09-06T17:47:38.636+0000] {core_li.py:23} INFO - Successfully updated job requisition 66db04abbf0a19d8769e6dce
[2024-09-06T17:47:38.644+0000] {core_li.py:23} INFO - Successfully updated job requisition 66db04abbf0a19d8769e6dd0
[2024-09-06T17:47:38.651+0000] {core_li.py:23} INFO - Successfully updated job requisition 66db04abbf0a19d8769e6dd2
[2024-09-06T17:47:38.666+0000] {core_li.py:23} INFO - Successfully updated job requisition 66db04abbf0a19d8769e6dd4
[2024-09-06T17:47:38.679+0000] {core_li.py:23} INFO - Successfully updated job requisition 66db04abbf0a19d8769e6dd6
[2024-09-06T17:47:38.686+0000] {core_li.py:23} INFO - Successfully updated job requisition 66db04abbf0a19d8769e6dd8
[2024-09-06T17:47:38.697+0000] {core_li.py:23} INFO - Successfully updated job requisition 66db04abbf0a19d8769e6dda
[2024-09-06T17:47:38.710+0000] {core_li.py:23} INFO - Successfully updated job requisition 66db04abbf0a19d8769e6ddc
[2024-09-06T17:47:38.720+0000] {core_li.py:23} INFO - Successfully updated job requisition 66db04abbf0a19d8769e6dde
[2024-09-06T17:47:38.726+0000] {core_li.py:23} INFO - Successfully updated job requisition 66db04abbf0a19d8769e6de0
[2024-09-06T17:47:38.735+0000] {core_li.py:23} INFO - Successfully updated job requisition 66db04abbf0a19d8769e6de2
[2024-09-06T17:47:38.741+0000] {core_li.py:23} INFO - Successfully updated job requisition 66db04abbf0a19d8769e6de4
[2024-09-06T17:47:38.748+0000] {core_li.py:23} INFO - Successfully updated job requisition 66db04abbf0a19d8769e6de6
[2024-09-06T17:47:38.763+0000] {core_li.py:23} INFO - Successfully updated job requisition 66db04abbf0a19d8769e6de8
[2024-09-06T17:47:38.772+0000] {core_li.py:23} INFO - Successfully updated job requisition 66db04abbf0a19d8769e6dea
[2024-09-06T17:47:38.778+0000] {core_li.py:23} INFO - Successfully updated job requisition 66db04abbf0a19d8769e6dec
[2024-09-06T17:47:38.791+0000] {core_li.py:23} INFO - Successfully updated job requisition 66db04abbf0a19d8769e6dee
[2024-09-06T17:47:38.800+0000] {core_li.py:23} INFO - Successfully updated job requisition 66db04abbf0a19d8769e6df0
[2024-09-06T17:47:38.812+0000] {core_li.py:23} INFO - Successfully updated job requisition 66db04abbf0a19d8769e6df2
[2024-09-06T17:47:38.820+0000] {core_li.py:23} INFO - Successfully updated job requisition 66db04abbf0a19d8769e6df4
[2024-09-06T17:47:38.826+0000] {core_li.py:23} INFO - Successfully updated job requisition 66db04abbf0a19d8769e6df6
[2024-09-06T17:47:38.836+0000] {core_li.py:23} INFO - Successfully updated job requisition 66db04abbf0a19d8769e6df8
[2024-09-06T17:47:38.844+0000] {core_li.py:23} INFO - Successfully updated job requisition 66db04abbf0a19d8769e6dfa
[2024-09-06T17:47:38.853+0000] {core_li.py:23} INFO - Successfully updated job requisition 66db04abbf0a19d8769e6dfc
[2024-09-06T17:47:38.862+0000] {core_li.py:23} INFO - Successfully updated job requisition 66db04abbf0a19d8769e6dfe
[2024-09-06T17:47:38.871+0000] {core_li.py:23} INFO - Successfully updated job requisition 66db04abbf0a19d8769e6e00
[2024-09-06T17:47:38.878+0000] {core_li.py:23} INFO - Successfully updated job requisition 66db04abbf0a19d8769e6e02
[2024-09-06T17:47:38.886+0000] {core_li.py:23} INFO - Successfully updated job requisition 66db04abbf0a19d8769e6e04
[2024-09-06T17:47:38.892+0000] {core_li.py:23} INFO - Successfully updated job requisition 66db04abbf0a19d8769e6e06
[2024-09-06T17:47:38.905+0000] {core_li.py:23} INFO - Successfully updated job requisition 66db04abbf0a19d8769e6e08
[2024-09-06T17:47:38.912+0000] {core_li.py:23} INFO - Successfully updated job requisition 66db04abbf0a19d8769e6e0a
[2024-09-06T17:47:38.917+0000] {core_li.py:23} INFO - Successfully updated job requisition 66db04abbf0a19d8769e6e0c
[2024-09-06T17:47:38.928+0000] {core_li.py:23} INFO - Successfully updated job requisition 66db04abbf0a19d8769e6e0e
[2024-09-06T17:47:38.935+0000] {core_li.py:23} INFO - Successfully updated job requisition 66db04abbf0a19d8769e6e10
[2024-09-06T17:47:38.942+0000] {core_li.py:23} INFO - Successfully updated job requisition 66db04abbf0a19d8769e6e12
[2024-09-06T17:47:38.949+0000] {core_li.py:23} INFO - Successfully updated job requisition 66db04abbf0a19d8769e6e14
[2024-09-06T17:47:38.956+0000] {core_li.py:23} INFO - Successfully updated job requisition 66db04abbf0a19d8769e6e16
[2024-09-06T17:47:38.963+0000] {core_li.py:23} INFO - Successfully updated job requisition 66db04abbf0a19d8769e6e18
[2024-09-06T17:47:38.970+0000] {core_li.py:23} INFO - Successfully updated job requisition 66db04abbf0a19d8769e6e1a
[2024-09-06T17:47:38.976+0000] {core_li.py:23} INFO - Successfully updated job requisition 66db04abbf0a19d8769e6e1c
[2024-09-06T17:47:38.981+0000] {core_li.py:23} INFO - Successfully updated job requisition 66db04abbf0a19d8769e6e1e
[2024-09-06T17:47:38.988+0000] {core_li.py:23} INFO - Successfully updated job requisition 66db04abbf0a19d8769e6e20
[2024-09-06T17:47:38.990+0000] {python.py:240} INFO - Done. Returned value was: 100
[2024-09-06T17:47:39.015+0000] {taskinstance.py:340} INFO - ::group::Post task execution logs
[2024-09-06T17:47:39.016+0000] {taskinstance.py:352} INFO - Marking task as SUCCESS. dag_id=async_flow, task_id=task_backfill_number_of_cancelled_candidates_in_batch, run_id=manual__2024-09-06T17:47:30.120511+00:00, map_index=43, execution_date=20240906T174730, start_date=20240906T174737, end_date=20240906T174739
[2024-09-06T17:47:39.046+0000] {local_task_job_runner.py:266} INFO - Task exited with return code 0
[2024-09-06T17:47:39.059+0000] {local_task_job_runner.py:245} INFO - ::endgroup::
