[2024-09-06T17:45:53.772+0000] {local_task_job_runner.py:123} INFO - ::group::Pre task execution logs
[2024-09-06T17:45:53.796+0000] {taskinstance.py:2612} INFO - Dependencies all met for dep_context=non-requeueable deps ti=<TaskInstance: async_flow.task_backfill_number_of_cancelled_candidates_in_batch manual__2024-09-06T17:29:39.458358+00:00 map_index=43 [queued]>
[2024-09-06T17:45:53.804+0000] {taskinstance.py:2612} INFO - Dependencies all met for dep_context=requeueable deps ti=<TaskInstance: async_flow.task_backfill_number_of_cancelled_candidates_in_batch manual__2024-09-06T17:29:39.458358+00:00 map_index=43 [queued]>
[2024-09-06T17:45:53.805+0000] {taskinstance.py:2865} INFO - Starting attempt 2 of 2
[2024-09-06T17:45:53.817+0000] {taskinstance.py:2888} INFO - Executing <Mapped(_PythonDecoratedOperator): task_backfill_number_of_cancelled_candidates_in_batch> on 2024-09-06 17:29:39.458358+00:00
[2024-09-06T17:45:53.821+0000] {warnings.py:112} WARNING - /home/***/.local/lib/python3.12/site-packages/***/task/task_runner/standard_task_runner.py:70: DeprecationWarning: This process (pid=620) is multi-threaded, use of fork() may lead to deadlocks in the child.
  pid = os.fork()

[2024-09-06T17:45:53.822+0000] {standard_task_runner.py:72} INFO - Started process 686 to run task
[2024-09-06T17:45:53.828+0000] {standard_task_runner.py:104} INFO - Running: ['***', 'tasks', 'run', 'async_flow', 'task_backfill_number_of_cancelled_candidates_in_batch', 'manual__2024-09-06T17:29:39.458358+00:00', '--job-id', '265', '--raw', '--subdir', 'DAGS_FOLDER/dags_async_flow.py', '--cfg-path', '/tmp/tmp3cqb4v_d', '--map-index', '43']
[2024-09-06T17:45:53.829+0000] {standard_task_runner.py:105} INFO - Job 265: Subtask task_backfill_number_of_cancelled_candidates_in_batch
[2024-09-06T17:45:53.883+0000] {task_command.py:467} INFO - Running <TaskInstance: async_flow.task_backfill_number_of_cancelled_candidates_in_batch manual__2024-09-06T17:29:39.458358+00:00 map_index=43 [running]> on host 0817eb6c24af
[2024-09-06T17:45:54.014+0000] {taskinstance.py:3131} INFO - Exporting env vars: AIRFLOW_CTX_DAG_OWNER='***' AIRFLOW_CTX_DAG_ID='async_flow' AIRFLOW_CTX_TASK_ID='task_backfill_number_of_cancelled_candidates_in_batch' AIRFLOW_CTX_EXECUTION_DATE='2024-09-06T17:29:39.458358+00:00' AIRFLOW_CTX_TRY_NUMBER='2' AIRFLOW_CTX_DAG_RUN_ID='manual__2024-09-06T17:29:39.458358+00:00'
[2024-09-06T17:45:54.017+0000] {taskinstance.py:731} INFO - ::endgroup::
[2024-09-06T17:45:54.045+0000] {core_li.py:23} INFO - Successfully updated job requisition 66db04abbf0a19d8769e6d5a
[2024-09-06T17:45:54.057+0000] {core_li.py:23} INFO - Successfully updated job requisition 66db04abbf0a19d8769e6d5c
[2024-09-06T17:45:54.085+0000] {core_li.py:23} INFO - Successfully updated job requisition 66db04abbf0a19d8769e6d5e
[2024-09-06T17:45:54.105+0000] {core_li.py:23} INFO - Successfully updated job requisition 66db04abbf0a19d8769e6d60
[2024-09-06T17:45:54.115+0000] {core_li.py:23} INFO - Successfully updated job requisition 66db04abbf0a19d8769e6d62
[2024-09-06T17:45:54.128+0000] {core_li.py:23} INFO - Successfully updated job requisition 66db04abbf0a19d8769e6d64
[2024-09-06T17:45:54.137+0000] {core_li.py:23} INFO - Successfully updated job requisition 66db04abbf0a19d8769e6d66
[2024-09-06T17:45:54.143+0000] {core_li.py:23} INFO - Successfully updated job requisition 66db04abbf0a19d8769e6d68
[2024-09-06T17:45:54.151+0000] {core_li.py:23} INFO - Successfully updated job requisition 66db04abbf0a19d8769e6d6a
[2024-09-06T17:45:54.156+0000] {core_li.py:23} INFO - Successfully updated job requisition 66db04abbf0a19d8769e6d6c
[2024-09-06T17:45:54.166+0000] {core_li.py:23} INFO - Successfully updated job requisition 66db04abbf0a19d8769e6d6e
[2024-09-06T17:45:54.171+0000] {core_li.py:23} INFO - Successfully updated job requisition 66db04abbf0a19d8769e6d70
[2024-09-06T17:45:54.181+0000] {core_li.py:23} INFO - Successfully updated job requisition 66db04abbf0a19d8769e6d72
[2024-09-06T17:45:54.187+0000] {core_li.py:23} INFO - Successfully updated job requisition 66db04abbf0a19d8769e6d74
[2024-09-06T17:45:54.194+0000] {core_li.py:23} INFO - Successfully updated job requisition 66db04abbf0a19d8769e6d76
[2024-09-06T17:45:54.202+0000] {core_li.py:23} INFO - Successfully updated job requisition 66db04abbf0a19d8769e6d78
[2024-09-06T17:45:54.210+0000] {core_li.py:23} INFO - Successfully updated job requisition 66db04abbf0a19d8769e6d7a
[2024-09-06T17:45:54.225+0000] {core_li.py:23} INFO - Successfully updated job requisition 66db04abbf0a19d8769e6d7c
[2024-09-06T17:45:54.233+0000] {core_li.py:23} INFO - Successfully updated job requisition 66db04abbf0a19d8769e6d7e
[2024-09-06T17:45:54.240+0000] {core_li.py:23} INFO - Successfully updated job requisition 66db04abbf0a19d8769e6d80
[2024-09-06T17:45:54.250+0000] {core_li.py:23} INFO - Successfully updated job requisition 66db04abbf0a19d8769e6d82
[2024-09-06T17:45:54.258+0000] {core_li.py:23} INFO - Successfully updated job requisition 66db04abbf0a19d8769e6d84
[2024-09-06T17:45:54.266+0000] {core_li.py:23} INFO - Successfully updated job requisition 66db04abbf0a19d8769e6d86
[2024-09-06T17:45:54.275+0000] {core_li.py:23} INFO - Successfully updated job requisition 66db04abbf0a19d8769e6d88
[2024-09-06T17:45:54.282+0000] {core_li.py:23} INFO - Successfully updated job requisition 66db04abbf0a19d8769e6d8a
[2024-09-06T17:45:54.291+0000] {core_li.py:23} INFO - Successfully updated job requisition 66db04abbf0a19d8769e6d8c
[2024-09-06T17:45:54.299+0000] {core_li.py:23} INFO - Successfully updated job requisition 66db04abbf0a19d8769e6d8e
[2024-09-06T17:45:54.306+0000] {core_li.py:23} INFO - Successfully updated job requisition 66db04abbf0a19d8769e6d90
[2024-09-06T17:45:54.315+0000] {core_li.py:23} INFO - Successfully updated job requisition 66db04abbf0a19d8769e6d92
[2024-09-06T17:45:54.322+0000] {core_li.py:23} INFO - Successfully updated job requisition 66db04abbf0a19d8769e6d94
[2024-09-06T17:45:54.329+0000] {core_li.py:23} INFO - Successfully updated job requisition 66db04abbf0a19d8769e6d96
[2024-09-06T17:45:54.338+0000] {core_li.py:23} INFO - Successfully updated job requisition 66db04abbf0a19d8769e6d98
[2024-09-06T17:45:54.345+0000] {core_li.py:23} INFO - Successfully updated job requisition 66db04abbf0a19d8769e6d9a
[2024-09-06T17:45:54.351+0000] {core_li.py:23} INFO - Successfully updated job requisition 66db04abbf0a19d8769e6d9c
[2024-09-06T17:45:54.359+0000] {core_li.py:23} INFO - Successfully updated job requisition 66db04abbf0a19d8769e6d9e
[2024-09-06T17:45:54.368+0000] {core_li.py:23} INFO - Successfully updated job requisition 66db04abbf0a19d8769e6da0
[2024-09-06T17:45:54.377+0000] {core_li.py:23} INFO - Successfully updated job requisition 66db04abbf0a19d8769e6da2
[2024-09-06T17:45:54.386+0000] {core_li.py:23} INFO - Successfully updated job requisition 66db04abbf0a19d8769e6da4
[2024-09-06T17:45:54.393+0000] {core_li.py:23} INFO - Successfully updated job requisition 66db04abbf0a19d8769e6da6
[2024-09-06T17:45:54.399+0000] {core_li.py:23} INFO - Successfully updated job requisition 66db04abbf0a19d8769e6da8
[2024-09-06T17:45:54.406+0000] {core_li.py:23} INFO - Successfully updated job requisition 66db04abbf0a19d8769e6daa
[2024-09-06T17:45:54.416+0000] {core_li.py:23} INFO - Successfully updated job requisition 66db04abbf0a19d8769e6dac
[2024-09-06T17:45:54.426+0000] {core_li.py:23} INFO - Successfully updated job requisition 66db04abbf0a19d8769e6dae
[2024-09-06T17:45:54.432+0000] {core_li.py:23} INFO - Successfully updated job requisition 66db04abbf0a19d8769e6db0
[2024-09-06T17:45:54.440+0000] {core_li.py:23} INFO - Successfully updated job requisition 66db04abbf0a19d8769e6db2
[2024-09-06T17:45:54.450+0000] {core_li.py:23} INFO - Successfully updated job requisition 66db04abbf0a19d8769e6db4
[2024-09-06T17:45:54.462+0000] {core_li.py:23} INFO - Successfully updated job requisition 66db04abbf0a19d8769e6db6
[2024-09-06T17:45:54.471+0000] {core_li.py:23} INFO - Successfully updated job requisition 66db04abbf0a19d8769e6db8
[2024-09-06T17:45:54.478+0000] {core_li.py:23} INFO - Successfully updated job requisition 66db04abbf0a19d8769e6dba
[2024-09-06T17:45:54.486+0000] {core_li.py:23} INFO - Successfully updated job requisition 66db04abbf0a19d8769e6dbc
[2024-09-06T17:45:54.496+0000] {core_li.py:23} INFO - Successfully updated job requisition 66db04abbf0a19d8769e6dbe
[2024-09-06T17:45:54.504+0000] {core_li.py:23} INFO - Successfully updated job requisition 66db04abbf0a19d8769e6dc0
[2024-09-06T17:45:54.515+0000] {core_li.py:23} INFO - Successfully updated job requisition 66db04abbf0a19d8769e6dc2
[2024-09-06T17:45:54.524+0000] {core_li.py:23} INFO - Successfully updated job requisition 66db04abbf0a19d8769e6dc4
[2024-09-06T17:45:54.531+0000] {core_li.py:23} INFO - Successfully updated job requisition 66db04abbf0a19d8769e6dc6
[2024-09-06T17:45:54.539+0000] {core_li.py:23} INFO - Successfully updated job requisition 66db04abbf0a19d8769e6dc8
[2024-09-06T17:45:54.548+0000] {core_li.py:23} INFO - Successfully updated job requisition 66db04abbf0a19d8769e6dca
[2024-09-06T17:45:54.558+0000] {core_li.py:23} INFO - Successfully updated job requisition 66db04abbf0a19d8769e6dcc
[2024-09-06T17:45:54.567+0000] {core_li.py:23} INFO - Successfully updated job requisition 66db04abbf0a19d8769e6dce
[2024-09-06T17:45:54.573+0000] {core_li.py:23} INFO - Successfully updated job requisition 66db04abbf0a19d8769e6dd0
[2024-09-06T17:45:54.590+0000] {core_li.py:23} INFO - Successfully updated job requisition 66db04abbf0a19d8769e6dd2
[2024-09-06T17:45:54.600+0000] {core_li.py:23} INFO - Successfully updated job requisition 66db04abbf0a19d8769e6dd4
[2024-09-06T17:45:54.609+0000] {core_li.py:23} INFO - Successfully updated job requisition 66db04abbf0a19d8769e6dd6
[2024-09-06T17:45:54.621+0000] {core_li.py:23} INFO - Successfully updated job requisition 66db04abbf0a19d8769e6dd8
[2024-09-06T17:45:54.632+0000] {core_li.py:23} INFO - Successfully updated job requisition 66db04abbf0a19d8769e6dda
[2024-09-06T17:45:54.641+0000] {core_li.py:23} INFO - Successfully updated job requisition 66db04abbf0a19d8769e6ddc
[2024-09-06T17:45:54.653+0000] {core_li.py:23} INFO - Successfully updated job requisition 66db04abbf0a19d8769e6dde
[2024-09-06T17:45:54.661+0000] {core_li.py:23} INFO - Successfully updated job requisition 66db04abbf0a19d8769e6de0
[2024-09-06T17:45:54.676+0000] {core_li.py:23} INFO - Successfully updated job requisition 66db04abbf0a19d8769e6de2
[2024-09-06T17:45:54.691+0000] {core_li.py:23} INFO - Successfully updated job requisition 66db04abbf0a19d8769e6de4
[2024-09-06T17:45:54.701+0000] {core_li.py:23} INFO - Successfully updated job requisition 66db04abbf0a19d8769e6de6
[2024-09-06T17:45:54.715+0000] {core_li.py:23} INFO - Successfully updated job requisition 66db04abbf0a19d8769e6de8
[2024-09-06T17:45:54.724+0000] {core_li.py:23} INFO - Successfully updated job requisition 66db04abbf0a19d8769e6dea
[2024-09-06T17:45:54.732+0000] {core_li.py:23} INFO - Successfully updated job requisition 66db04abbf0a19d8769e6dec
[2024-09-06T17:45:54.738+0000] {core_li.py:23} INFO - Successfully updated job requisition 66db04abbf0a19d8769e6dee
[2024-09-06T17:45:54.748+0000] {core_li.py:23} INFO - Successfully updated job requisition 66db04abbf0a19d8769e6df0
[2024-09-06T17:45:54.763+0000] {core_li.py:23} INFO - Successfully updated job requisition 66db04abbf0a19d8769e6df2
[2024-09-06T17:45:54.772+0000] {core_li.py:23} INFO - Successfully updated job requisition 66db04abbf0a19d8769e6df4
[2024-09-06T17:45:54.784+0000] {core_li.py:23} INFO - Successfully updated job requisition 66db04abbf0a19d8769e6df6
[2024-09-06T17:45:54.793+0000] {core_li.py:23} INFO - Successfully updated job requisition 66db04abbf0a19d8769e6df8
[2024-09-06T17:45:54.805+0000] {core_li.py:23} INFO - Successfully updated job requisition 66db04abbf0a19d8769e6dfa
[2024-09-06T17:45:54.811+0000] {core_li.py:23} INFO - Successfully updated job requisition 66db04abbf0a19d8769e6dfc
[2024-09-06T17:45:54.822+0000] {core_li.py:23} INFO - Successfully updated job requisition 66db04abbf0a19d8769e6dfe
[2024-09-06T17:45:54.830+0000] {core_li.py:23} INFO - Successfully updated job requisition 66db04abbf0a19d8769e6e00
[2024-09-06T17:45:54.836+0000] {core_li.py:23} INFO - Successfully updated job requisition 66db04abbf0a19d8769e6e02
[2024-09-06T17:45:54.848+0000] {core_li.py:23} INFO - Successfully updated job requisition 66db04abbf0a19d8769e6e04
[2024-09-06T17:45:54.856+0000] {core_li.py:23} INFO - Successfully updated job requisition 66db04abbf0a19d8769e6e06
[2024-09-06T17:45:54.865+0000] {core_li.py:23} INFO - Successfully updated job requisition 66db04abbf0a19d8769e6e08
[2024-09-06T17:45:54.876+0000] {core_li.py:23} INFO - Successfully updated job requisition 66db04abbf0a19d8769e6e0a
[2024-09-06T17:45:54.886+0000] {core_li.py:23} INFO - Successfully updated job requisition 66db04abbf0a19d8769e6e0c
[2024-09-06T17:45:54.910+0000] {core_li.py:23} INFO - Successfully updated job requisition 66db04abbf0a19d8769e6e0e
[2024-09-06T17:45:54.923+0000] {core_li.py:23} INFO - Successfully updated job requisition 66db04abbf0a19d8769e6e10
[2024-09-06T17:45:54.938+0000] {core_li.py:23} INFO - Successfully updated job requisition 66db04abbf0a19d8769e6e12
[2024-09-06T17:45:54.946+0000] {core_li.py:23} INFO - Successfully updated job requisition 66db04abbf0a19d8769e6e14
[2024-09-06T17:45:54.953+0000] {core_li.py:23} INFO - Successfully updated job requisition 66db04abbf0a19d8769e6e16
[2024-09-06T17:45:54.962+0000] {core_li.py:23} INFO - Successfully updated job requisition 66db04abbf0a19d8769e6e18
[2024-09-06T17:45:54.970+0000] {core_li.py:23} INFO - Successfully updated job requisition 66db04abbf0a19d8769e6e1a
[2024-09-06T17:45:54.991+0000] {core_li.py:23} INFO - Successfully updated job requisition 66db04abbf0a19d8769e6e1c
[2024-09-06T17:45:55.001+0000] {core_li.py:23} INFO - Successfully updated job requisition 66db04abbf0a19d8769e6e1e
[2024-09-06T17:45:55.010+0000] {core_li.py:23} INFO - Successfully updated job requisition 66db04abbf0a19d8769e6e20
[2024-09-06T17:45:55.012+0000] {python.py:240} INFO - Done. Returned value was: 100
[2024-09-06T17:45:55.034+0000] {taskinstance.py:340} INFO - ::group::Post task execution logs
[2024-09-06T17:45:55.036+0000] {taskinstance.py:352} INFO - Marking task as SUCCESS. dag_id=async_flow, task_id=task_backfill_number_of_cancelled_candidates_in_batch, run_id=manual__2024-09-06T17:29:39.458358+00:00, map_index=43, execution_date=20240906T172939, start_date=20240906T174553, end_date=20240906T174555
[2024-09-06T17:45:55.081+0000] {local_task_job_runner.py:266} INFO - Task exited with return code 0
[2024-09-06T17:45:55.089+0000] {local_task_job_runner.py:245} INFO - ::endgroup::
