[2024-09-06T17:29:47.972+0000] {local_task_job_runner.py:123} INFO - ::group::Pre task execution logs
[2024-09-06T17:29:47.992+0000] {taskinstance.py:2612} INFO - Dependencies all met for dep_context=non-requeueable deps ti=<TaskInstance: async_flow.task_backfill_number_of_cancelled_candidates_in_batch manual__2024-09-06T17:29:39.458358+00:00 map_index=43 [queued]>
[2024-09-06T17:29:48.008+0000] {taskinstance.py:2612} INFO - Dependencies all met for dep_context=requeueable deps ti=<TaskInstance: async_flow.task_backfill_number_of_cancelled_candidates_in_batch manual__2024-09-06T17:29:39.458358+00:00 map_index=43 [queued]>
[2024-09-06T17:29:48.010+0000] {taskinstance.py:2865} INFO - Starting attempt 1 of 1
[2024-09-06T17:29:48.025+0000] {taskinstance.py:2888} INFO - Executing <Mapped(_PythonDecoratedOperator): task_backfill_number_of_cancelled_candidates_in_batch> on 2024-09-06 17:29:39.458358+00:00
[2024-09-06T17:29:48.033+0000] {warnings.py:112} WARNING - /home/***/.local/lib/python3.12/site-packages/***/task/task_runner/standard_task_runner.py:70: DeprecationWarning: This process (pid=3325) is multi-threaded, use of fork() may lead to deadlocks in the child.
  pid = os.fork()

[2024-09-06T17:29:48.039+0000] {standard_task_runner.py:72} INFO - Started process 3384 to run task
[2024-09-06T17:29:48.046+0000] {standard_task_runner.py:104} INFO - Running: ['***', 'tasks', 'run', 'async_flow', 'task_backfill_number_of_cancelled_candidates_in_batch', 'manual__2024-09-06T17:29:39.458358+00:00', '--job-id', '161', '--raw', '--subdir', 'DAGS_FOLDER/dags_async_flow.py', '--cfg-path', '/tmp/tmpc97gkrb7', '--map-index', '43']
[2024-09-06T17:29:48.047+0000] {standard_task_runner.py:105} INFO - Job 161: Subtask task_backfill_number_of_cancelled_candidates_in_batch
[2024-09-06T17:29:48.123+0000] {task_command.py:467} INFO - Running <TaskInstance: async_flow.task_backfill_number_of_cancelled_candidates_in_batch manual__2024-09-06T17:29:39.458358+00:00 map_index=43 [running]> on host a3a5f1897683
[2024-09-06T17:29:48.251+0000] {taskinstance.py:3131} INFO - Exporting env vars: AIRFLOW_CTX_DAG_OWNER='***' AIRFLOW_CTX_DAG_ID='async_flow' AIRFLOW_CTX_TASK_ID='task_backfill_number_of_cancelled_candidates_in_batch' AIRFLOW_CTX_EXECUTION_DATE='2024-09-06T17:29:39.458358+00:00' AIRFLOW_CTX_TRY_NUMBER='1' AIRFLOW_CTX_DAG_RUN_ID='manual__2024-09-06T17:29:39.458358+00:00'
[2024-09-06T17:29:48.256+0000] {taskinstance.py:731} INFO - ::endgroup::
[2024-09-06T17:29:48.281+0000] {core_li.py:23} INFO - Successfully updated job requisition 66db04abbf0a19d8769e6d5a
[2024-09-06T17:29:48.301+0000] {core_li.py:23} INFO - Successfully updated job requisition 66db04abbf0a19d8769e6d5c
[2024-09-06T17:29:48.331+0000] {core_li.py:23} INFO - Successfully updated job requisition 66db04abbf0a19d8769e6d5e
[2024-09-06T17:29:48.360+0000] {core_li.py:23} INFO - Successfully updated job requisition 66db04abbf0a19d8769e6d60
[2024-09-06T17:29:48.366+0000] {core_li.py:23} INFO - Successfully updated job requisition 66db04abbf0a19d8769e6d62
[2024-09-06T17:29:48.377+0000] {core_li.py:23} INFO - Successfully updated job requisition 66db04abbf0a19d8769e6d64
[2024-09-06T17:29:48.385+0000] {core_li.py:23} INFO - Successfully updated job requisition 66db04abbf0a19d8769e6d66
[2024-09-06T17:29:48.394+0000] {core_li.py:23} INFO - Successfully updated job requisition 66db04abbf0a19d8769e6d68
[2024-09-06T17:29:48.405+0000] {core_li.py:23} INFO - Successfully updated job requisition 66db04abbf0a19d8769e6d6a
[2024-09-06T17:29:48.413+0000] {core_li.py:23} INFO - Successfully updated job requisition 66db04abbf0a19d8769e6d6c
[2024-09-06T17:29:48.428+0000] {core_li.py:23} INFO - Successfully updated job requisition 66db04abbf0a19d8769e6d6e
[2024-09-06T17:29:48.442+0000] {core_li.py:23} INFO - Successfully updated job requisition 66db04abbf0a19d8769e6d70
[2024-09-06T17:29:48.452+0000] {core_li.py:23} INFO - Successfully updated job requisition 66db04abbf0a19d8769e6d72
[2024-09-06T17:29:48.466+0000] {core_li.py:23} INFO - Successfully updated job requisition 66db04abbf0a19d8769e6d74
[2024-09-06T17:29:48.476+0000] {core_li.py:23} INFO - Successfully updated job requisition 66db04abbf0a19d8769e6d76
[2024-09-06T17:29:48.483+0000] {core_li.py:23} INFO - Successfully updated job requisition 66db04abbf0a19d8769e6d78
[2024-09-06T17:29:48.499+0000] {core_li.py:23} INFO - Successfully updated job requisition 66db04abbf0a19d8769e6d7a
[2024-09-06T17:29:48.509+0000] {core_li.py:23} INFO - Successfully updated job requisition 66db04abbf0a19d8769e6d7c
[2024-09-06T17:29:48.525+0000] {core_li.py:23} INFO - Successfully updated job requisition 66db04abbf0a19d8769e6d7e
[2024-09-06T17:29:48.543+0000] {core_li.py:23} INFO - Successfully updated job requisition 66db04abbf0a19d8769e6d80
[2024-09-06T17:29:48.557+0000] {core_li.py:23} INFO - Successfully updated job requisition 66db04abbf0a19d8769e6d82
[2024-09-06T17:29:48.574+0000] {core_li.py:23} INFO - Successfully updated job requisition 66db04abbf0a19d8769e6d84
[2024-09-06T17:29:48.588+0000] {core_li.py:23} INFO - Successfully updated job requisition 66db04abbf0a19d8769e6d86
[2024-09-06T17:29:48.600+0000] {core_li.py:23} INFO - Successfully updated job requisition 66db04abbf0a19d8769e6d88
[2024-09-06T17:29:48.648+0000] {core_li.py:23} INFO - Successfully updated job requisition 66db04abbf0a19d8769e6d8a
[2024-09-06T17:29:48.660+0000] {core_li.py:23} INFO - Successfully updated job requisition 66db04abbf0a19d8769e6d8c
[2024-09-06T17:29:48.678+0000] {core_li.py:23} INFO - Successfully updated job requisition 66db04abbf0a19d8769e6d8e
[2024-09-06T17:29:48.693+0000] {core_li.py:23} INFO - Successfully updated job requisition 66db04abbf0a19d8769e6d90
[2024-09-06T17:29:48.704+0000] {core_li.py:23} INFO - Successfully updated job requisition 66db04abbf0a19d8769e6d92
[2024-09-06T17:29:48.718+0000] {core_li.py:23} INFO - Successfully updated job requisition 66db04abbf0a19d8769e6d94
[2024-09-06T17:29:48.731+0000] {core_li.py:23} INFO - Successfully updated job requisition 66db04abbf0a19d8769e6d96
[2024-09-06T17:29:48.745+0000] {core_li.py:23} INFO - Successfully updated job requisition 66db04abbf0a19d8769e6d98
[2024-09-06T17:29:48.754+0000] {core_li.py:23} INFO - Successfully updated job requisition 66db04abbf0a19d8769e6d9a
[2024-09-06T17:29:48.761+0000] {core_li.py:23} INFO - Successfully updated job requisition 66db04abbf0a19d8769e6d9c
[2024-09-06T17:29:48.774+0000] {core_li.py:23} INFO - Successfully updated job requisition 66db04abbf0a19d8769e6d9e
[2024-09-06T17:29:48.782+0000] {core_li.py:23} INFO - Successfully updated job requisition 66db04abbf0a19d8769e6da0
[2024-09-06T17:29:48.789+0000] {core_li.py:23} INFO - Successfully updated job requisition 66db04abbf0a19d8769e6da2
[2024-09-06T17:29:48.797+0000] {core_li.py:23} INFO - Successfully updated job requisition 66db04abbf0a19d8769e6da4
[2024-09-06T17:29:48.804+0000] {core_li.py:23} INFO - Successfully updated job requisition 66db04abbf0a19d8769e6da6
[2024-09-06T17:29:48.812+0000] {core_li.py:23} INFO - Successfully updated job requisition 66db04abbf0a19d8769e6da8
[2024-09-06T17:29:48.822+0000] {core_li.py:23} INFO - Successfully updated job requisition 66db04abbf0a19d8769e6daa
[2024-09-06T17:29:48.831+0000] {core_li.py:23} INFO - Successfully updated job requisition 66db04abbf0a19d8769e6dac
[2024-09-06T17:29:48.839+0000] {core_li.py:23} INFO - Successfully updated job requisition 66db04abbf0a19d8769e6dae
[2024-09-06T17:29:48.852+0000] {core_li.py:23} INFO - Successfully updated job requisition 66db04abbf0a19d8769e6db0
[2024-09-06T17:29:48.870+0000] {core_li.py:23} INFO - Successfully updated job requisition 66db04abbf0a19d8769e6db2
[2024-09-06T17:29:48.875+0000] {core_li.py:23} INFO - Successfully updated job requisition 66db04abbf0a19d8769e6db4
[2024-09-06T17:29:48.884+0000] {core_li.py:23} INFO - Successfully updated job requisition 66db04abbf0a19d8769e6db6
[2024-09-06T17:29:48.891+0000] {core_li.py:23} INFO - Successfully updated job requisition 66db04abbf0a19d8769e6db8
[2024-09-06T17:29:48.900+0000] {core_li.py:23} INFO - Successfully updated job requisition 66db04abbf0a19d8769e6dba
[2024-09-06T17:29:48.910+0000] {core_li.py:23} INFO - Successfully updated job requisition 66db04abbf0a19d8769e6dbc
[2024-09-06T17:29:48.918+0000] {core_li.py:23} INFO - Successfully updated job requisition 66db04abbf0a19d8769e6dbe
[2024-09-06T17:29:48.923+0000] {core_li.py:23} INFO - Successfully updated job requisition 66db04abbf0a19d8769e6dc0
[2024-09-06T17:29:48.934+0000] {core_li.py:23} INFO - Successfully updated job requisition 66db04abbf0a19d8769e6dc2
[2024-09-06T17:29:48.942+0000] {core_li.py:23} INFO - Successfully updated job requisition 66db04abbf0a19d8769e6dc4
[2024-09-06T17:29:48.948+0000] {core_li.py:23} INFO - Successfully updated job requisition 66db04abbf0a19d8769e6dc6
[2024-09-06T17:29:48.956+0000] {core_li.py:23} INFO - Successfully updated job requisition 66db04abbf0a19d8769e6dc8
[2024-09-06T17:29:48.966+0000] {core_li.py:23} INFO - Successfully updated job requisition 66db04abbf0a19d8769e6dca
[2024-09-06T17:29:48.977+0000] {core_li.py:23} INFO - Successfully updated job requisition 66db04abbf0a19d8769e6dcc
[2024-09-06T17:29:48.994+0000] {core_li.py:23} INFO - Successfully updated job requisition 66db04abbf0a19d8769e6dce
[2024-09-06T17:29:49.003+0000] {core_li.py:23} INFO - Successfully updated job requisition 66db04abbf0a19d8769e6dd0
[2024-09-06T17:29:49.009+0000] {core_li.py:23} INFO - Successfully updated job requisition 66db04abbf0a19d8769e6dd2
[2024-09-06T17:29:49.017+0000] {core_li.py:23} INFO - Successfully updated job requisition 66db04abbf0a19d8769e6dd4
[2024-09-06T17:29:49.024+0000] {core_li.py:23} INFO - Successfully updated job requisition 66db04abbf0a19d8769e6dd6
[2024-09-06T17:29:49.033+0000] {core_li.py:23} INFO - Successfully updated job requisition 66db04abbf0a19d8769e6dd8
[2024-09-06T17:29:49.039+0000] {core_li.py:23} INFO - Successfully updated job requisition 66db04abbf0a19d8769e6dda
[2024-09-06T17:29:49.050+0000] {core_li.py:23} INFO - Successfully updated job requisition 66db04abbf0a19d8769e6ddc
[2024-09-06T17:29:49.058+0000] {core_li.py:23} INFO - Successfully updated job requisition 66db04abbf0a19d8769e6dde
[2024-09-06T17:29:49.067+0000] {core_li.py:23} INFO - Successfully updated job requisition 66db04abbf0a19d8769e6de0
[2024-09-06T17:29:49.076+0000] {core_li.py:23} INFO - Successfully updated job requisition 66db04abbf0a19d8769e6de2
[2024-09-06T17:29:49.084+0000] {core_li.py:23} INFO - Successfully updated job requisition 66db04abbf0a19d8769e6de4
[2024-09-06T17:29:49.091+0000] {core_li.py:23} INFO - Successfully updated job requisition 66db04abbf0a19d8769e6de6
[2024-09-06T17:29:49.097+0000] {core_li.py:23} INFO - Successfully updated job requisition 66db04abbf0a19d8769e6de8
[2024-09-06T17:29:49.104+0000] {core_li.py:23} INFO - Successfully updated job requisition 66db04abbf0a19d8769e6dea
[2024-09-06T17:29:49.114+0000] {core_li.py:23} INFO - Successfully updated job requisition 66db04abbf0a19d8769e6dec
[2024-09-06T17:29:49.125+0000] {core_li.py:23} INFO - Successfully updated job requisition 66db04abbf0a19d8769e6dee
[2024-09-06T17:29:49.132+0000] {core_li.py:23} INFO - Successfully updated job requisition 66db04abbf0a19d8769e6df0
[2024-09-06T17:29:49.140+0000] {core_li.py:23} INFO - Successfully updated job requisition 66db04abbf0a19d8769e6df2
[2024-09-06T17:29:49.147+0000] {core_li.py:23} INFO - Successfully updated job requisition 66db04abbf0a19d8769e6df4
[2024-09-06T17:29:49.155+0000] {core_li.py:23} INFO - Successfully updated job requisition 66db04abbf0a19d8769e6df6
[2024-09-06T17:29:49.162+0000] {core_li.py:23} INFO - Successfully updated job requisition 66db04abbf0a19d8769e6df8
[2024-09-06T17:29:49.169+0000] {core_li.py:23} INFO - Successfully updated job requisition 66db04abbf0a19d8769e6dfa
[2024-09-06T17:29:49.176+0000] {core_li.py:23} INFO - Successfully updated job requisition 66db04abbf0a19d8769e6dfc
[2024-09-06T17:29:49.184+0000] {core_li.py:23} INFO - Successfully updated job requisition 66db04abbf0a19d8769e6dfe
[2024-09-06T17:29:49.193+0000] {core_li.py:23} INFO - Successfully updated job requisition 66db04abbf0a19d8769e6e00
[2024-09-06T17:29:49.214+0000] {core_li.py:23} INFO - Successfully updated job requisition 66db04abbf0a19d8769e6e02
[2024-09-06T17:29:49.227+0000] {core_li.py:23} INFO - Successfully updated job requisition 66db04abbf0a19d8769e6e04
[2024-09-06T17:29:49.236+0000] {core_li.py:23} INFO - Successfully updated job requisition 66db04abbf0a19d8769e6e06
[2024-09-06T17:29:49.242+0000] {core_li.py:23} INFO - Successfully updated job requisition 66db04abbf0a19d8769e6e08
[2024-09-06T17:29:49.251+0000] {core_li.py:23} INFO - Successfully updated job requisition 66db04abbf0a19d8769e6e0a
[2024-09-06T17:29:49.255+0000] {core_li.py:23} INFO - Successfully updated job requisition 66db04abbf0a19d8769e6e0c
[2024-09-06T17:29:49.261+0000] {core_li.py:23} INFO - Successfully updated job requisition 66db04abbf0a19d8769e6e0e
[2024-09-06T17:29:49.268+0000] {core_li.py:23} INFO - Successfully updated job requisition 66db04abbf0a19d8769e6e10
[2024-09-06T17:29:49.277+0000] {core_li.py:23} INFO - Successfully updated job requisition 66db04abbf0a19d8769e6e12
[2024-09-06T17:29:49.287+0000] {core_li.py:23} INFO - Successfully updated job requisition 66db04abbf0a19d8769e6e14
[2024-09-06T17:29:49.296+0000] {core_li.py:23} INFO - Successfully updated job requisition 66db04abbf0a19d8769e6e16
[2024-09-06T17:29:49.307+0000] {core_li.py:23} INFO - Successfully updated job requisition 66db04abbf0a19d8769e6e18
[2024-09-06T17:29:49.314+0000] {core_li.py:23} INFO - Successfully updated job requisition 66db04abbf0a19d8769e6e1a
[2024-09-06T17:29:49.322+0000] {core_li.py:23} INFO - Successfully updated job requisition 66db04abbf0a19d8769e6e1c
[2024-09-06T17:29:49.328+0000] {core_li.py:23} INFO - Successfully updated job requisition 66db04abbf0a19d8769e6e1e
[2024-09-06T17:29:49.340+0000] {core_li.py:23} INFO - Successfully updated job requisition 66db04abbf0a19d8769e6e20
[2024-09-06T17:29:49.343+0000] {python.py:240} INFO - Done. Returned value was: 100
[2024-09-06T17:29:49.374+0000] {taskinstance.py:340} INFO - ::group::Post task execution logs
[2024-09-06T17:29:49.385+0000] {taskinstance.py:352} INFO - Marking task as SUCCESS. dag_id=async_flow, task_id=task_backfill_number_of_cancelled_candidates_in_batch, run_id=manual__2024-09-06T17:29:39.458358+00:00, map_index=43, execution_date=20240906T172939, start_date=20240906T172947, end_date=20240906T172949
[2024-09-06T17:29:49.440+0000] {local_task_job_runner.py:266} INFO - Task exited with return code 0
[2024-09-06T17:29:49.462+0000] {local_task_job_runner.py:245} INFO - ::endgroup::
