[2024-09-06T17:43:09.990+0000] {local_task_job_runner.py:123} INFO - ::group::Pre task execution logs
[2024-09-06T17:43:10.013+0000] {taskinstance.py:2612} INFO - Dependencies all met for dep_context=non-requeueable deps ti=<TaskInstance: async_flow.task_backfill_number_of_cancelled_candidates_in_batch manual__2024-09-06T17:43:02.727107+00:00 map_index=43 [queued]>
[2024-09-06T17:43:10.034+0000] {taskinstance.py:2612} INFO - Dependencies all met for dep_context=requeueable deps ti=<TaskInstance: async_flow.task_backfill_number_of_cancelled_candidates_in_batch manual__2024-09-06T17:43:02.727107+00:00 map_index=43 [queued]>
[2024-09-06T17:43:10.042+0000] {taskinstance.py:2865} INFO - Starting attempt 1 of 1
[2024-09-06T17:43:10.052+0000] {taskinstance.py:2888} INFO - Executing <Mapped(_PythonDecoratedOperator): task_backfill_number_of_cancelled_candidates_in_batch> on 2024-09-06 17:43:02.727107+00:00
[2024-09-06T17:43:10.057+0000] {warnings.py:112} WARNING - /home/***/.local/lib/python3.12/site-packages/***/task/task_runner/standard_task_runner.py:70: DeprecationWarning: This process (pid=281) is multi-threaded, use of fork() may lead to deadlocks in the child.
  pid = os.fork()

[2024-09-06T17:43:10.058+0000] {standard_task_runner.py:72} INFO - Started process 346 to run task
[2024-09-06T17:43:10.059+0000] {standard_task_runner.py:104} INFO - Running: ['***', 'tasks', 'run', 'async_flow', 'task_backfill_number_of_cancelled_candidates_in_batch', 'manual__2024-09-06T17:43:02.727107+00:00', '--job-id', '214', '--raw', '--subdir', 'DAGS_FOLDER/dags_async_flow.py', '--cfg-path', '/tmp/tmp0m5ww4le', '--map-index', '43']
[2024-09-06T17:43:10.060+0000] {standard_task_runner.py:105} INFO - Job 214: Subtask task_backfill_number_of_cancelled_candidates_in_batch
[2024-09-06T17:43:10.181+0000] {task_command.py:467} INFO - Running <TaskInstance: async_flow.task_backfill_number_of_cancelled_candidates_in_batch manual__2024-09-06T17:43:02.727107+00:00 map_index=43 [running]> on host 0817eb6c24af
[2024-09-06T17:43:10.300+0000] {taskinstance.py:3131} INFO - Exporting env vars: AIRFLOW_CTX_DAG_OWNER='***' AIRFLOW_CTX_DAG_ID='async_flow' AIRFLOW_CTX_TASK_ID='task_backfill_number_of_cancelled_candidates_in_batch' AIRFLOW_CTX_EXECUTION_DATE='2024-09-06T17:43:02.727107+00:00' AIRFLOW_CTX_TRY_NUMBER='1' AIRFLOW_CTX_DAG_RUN_ID='manual__2024-09-06T17:43:02.727107+00:00'
[2024-09-06T17:43:10.302+0000] {taskinstance.py:731} INFO - ::endgroup::
[2024-09-06T17:43:10.316+0000] {core_li.py:23} INFO - Successfully updated job requisition 66db04acbf0a19d8769e7cfa
[2024-09-06T17:43:10.329+0000] {core_li.py:23} INFO - Successfully updated job requisition 66db04acbf0a19d8769e7cfc
[2024-09-06T17:43:10.338+0000] {core_li.py:23} INFO - Successfully updated job requisition 66db04acbf0a19d8769e7cfe
[2024-09-06T17:43:10.350+0000] {core_li.py:23} INFO - Successfully updated job requisition 66db04acbf0a19d8769e7d00
[2024-09-06T17:43:10.359+0000] {core_li.py:23} INFO - Successfully updated job requisition 66db04acbf0a19d8769e7d02
[2024-09-06T17:43:10.372+0000] {core_li.py:23} INFO - Successfully updated job requisition 66db04acbf0a19d8769e7d04
[2024-09-06T17:43:10.384+0000] {core_li.py:23} INFO - Successfully updated job requisition 66db04acbf0a19d8769e7d06
[2024-09-06T17:43:10.391+0000] {core_li.py:23} INFO - Successfully updated job requisition 66db04acbf0a19d8769e7d08
[2024-09-06T17:43:10.401+0000] {core_li.py:23} INFO - Successfully updated job requisition 66db04acbf0a19d8769e7d0a
[2024-09-06T17:43:10.410+0000] {core_li.py:23} INFO - Successfully updated job requisition 66db04acbf0a19d8769e7d0c
[2024-09-06T17:43:10.417+0000] {core_li.py:23} INFO - Successfully updated job requisition 66db04acbf0a19d8769e7d0e
[2024-09-06T17:43:10.430+0000] {core_li.py:23} INFO - Successfully updated job requisition 66db04acbf0a19d8769e7d10
[2024-09-06T17:43:10.443+0000] {core_li.py:23} INFO - Successfully updated job requisition 66db04acbf0a19d8769e7d12
[2024-09-06T17:43:10.450+0000] {core_li.py:23} INFO - Successfully updated job requisition 66db04acbf0a19d8769e7d14
[2024-09-06T17:43:10.459+0000] {core_li.py:23} INFO - Successfully updated job requisition 66db04acbf0a19d8769e7d16
[2024-09-06T17:43:10.468+0000] {core_li.py:23} INFO - Successfully updated job requisition 66db04acbf0a19d8769e7d18
[2024-09-06T17:43:10.477+0000] {core_li.py:23} INFO - Successfully updated job requisition 66db04acbf0a19d8769e7d1a
[2024-09-06T17:43:10.489+0000] {core_li.py:23} INFO - Successfully updated job requisition 66db04acbf0a19d8769e7d1c
[2024-09-06T17:43:10.504+0000] {core_li.py:23} INFO - Successfully updated job requisition 66db04acbf0a19d8769e7d1e
[2024-09-06T17:43:10.513+0000] {core_li.py:23} INFO - Successfully updated job requisition 66db04acbf0a19d8769e7d20
[2024-09-06T17:43:10.523+0000] {core_li.py:23} INFO - Successfully updated job requisition 66db04acbf0a19d8769e7d22
[2024-09-06T17:43:10.533+0000] {core_li.py:23} INFO - Successfully updated job requisition 66db04acbf0a19d8769e7d24
[2024-09-06T17:43:10.541+0000] {core_li.py:23} INFO - Successfully updated job requisition 66db04acbf0a19d8769e7d26
[2024-09-06T17:43:10.552+0000] {core_li.py:23} INFO - Successfully updated job requisition 66db04acbf0a19d8769e7d28
[2024-09-06T17:43:10.562+0000] {core_li.py:23} INFO - Successfully updated job requisition 66db04acbf0a19d8769e7d2a
[2024-09-06T17:43:10.569+0000] {core_li.py:23} INFO - Successfully updated job requisition 66db04acbf0a19d8769e7d2c
[2024-09-06T17:43:10.584+0000] {core_li.py:23} INFO - Successfully updated job requisition 66db04acbf0a19d8769e7d2e
[2024-09-06T17:43:10.598+0000] {core_li.py:23} INFO - Successfully updated job requisition 66db04acbf0a19d8769e7d30
[2024-09-06T17:43:10.605+0000] {core_li.py:23} INFO - Successfully updated job requisition 66db04acbf0a19d8769e7d32
[2024-09-06T17:43:10.611+0000] {core_li.py:23} INFO - Successfully updated job requisition 66db04acbf0a19d8769e7d34
[2024-09-06T17:43:10.624+0000] {core_li.py:23} INFO - Successfully updated job requisition 66db04acbf0a19d8769e7d36
[2024-09-06T17:43:10.635+0000] {core_li.py:23} INFO - Successfully updated job requisition 66db04acbf0a19d8769e7d38
[2024-09-06T17:43:10.642+0000] {core_li.py:23} INFO - Successfully updated job requisition 66db04acbf0a19d8769e7d3a
[2024-09-06T17:43:10.651+0000] {core_li.py:23} INFO - Successfully updated job requisition 66db04acbf0a19d8769e7d3c
[2024-09-06T17:43:10.670+0000] {core_li.py:23} INFO - Successfully updated job requisition 66db04acbf0a19d8769e7d3e
[2024-09-06T17:43:10.679+0000] {core_li.py:23} INFO - Successfully updated job requisition 66db04acbf0a19d8769e7d40
[2024-09-06T17:43:10.687+0000] {core_li.py:23} INFO - Successfully updated job requisition 66db04acbf0a19d8769e7d42
[2024-09-06T17:43:10.695+0000] {core_li.py:23} INFO - Successfully updated job requisition 66db04acbf0a19d8769e7d44
[2024-09-06T17:43:10.702+0000] {core_li.py:23} INFO - Successfully updated job requisition 66db04acbf0a19d8769e7d46
[2024-09-06T17:43:10.712+0000] {core_li.py:23} INFO - Successfully updated job requisition 66db04acbf0a19d8769e7d48
[2024-09-06T17:43:10.721+0000] {core_li.py:23} INFO - Successfully updated job requisition 66db04acbf0a19d8769e7d4a
[2024-09-06T17:43:10.729+0000] {core_li.py:23} INFO - Successfully updated job requisition 66db04acbf0a19d8769e7d4c
[2024-09-06T17:43:10.737+0000] {core_li.py:23} INFO - Successfully updated job requisition 66db04acbf0a19d8769e7d4e
[2024-09-06T17:43:10.746+0000] {core_li.py:23} INFO - Successfully updated job requisition 66db04acbf0a19d8769e7d50
[2024-09-06T17:43:10.756+0000] {core_li.py:23} INFO - Successfully updated job requisition 66db04acbf0a19d8769e7d52
[2024-09-06T17:43:10.763+0000] {core_li.py:23} INFO - Successfully updated job requisition 66db04acbf0a19d8769e7d54
[2024-09-06T17:43:10.770+0000] {core_li.py:23} INFO - Successfully updated job requisition 66db04acbf0a19d8769e7d56
[2024-09-06T17:43:10.777+0000] {core_li.py:23} INFO - Successfully updated job requisition 66db04acbf0a19d8769e7d58
[2024-09-06T17:43:10.786+0000] {core_li.py:23} INFO - Successfully updated job requisition 66db04acbf0a19d8769e7d5a
[2024-09-06T17:43:10.793+0000] {core_li.py:23} INFO - Successfully updated job requisition 66db04acbf0a19d8769e7d5c
[2024-09-06T17:43:10.800+0000] {core_li.py:23} INFO - Successfully updated job requisition 66db04acbf0a19d8769e7d5e
[2024-09-06T17:43:10.806+0000] {core_li.py:23} INFO - Successfully updated job requisition 66db04acbf0a19d8769e7d60
[2024-09-06T17:43:10.815+0000] {core_li.py:23} INFO - Successfully updated job requisition 66db04acbf0a19d8769e7d62
[2024-09-06T17:43:10.825+0000] {core_li.py:23} INFO - Successfully updated job requisition 66db04acbf0a19d8769e7d64
[2024-09-06T17:43:10.833+0000] {core_li.py:23} INFO - Successfully updated job requisition 66db04acbf0a19d8769e7d66
[2024-09-06T17:43:10.839+0000] {core_li.py:23} INFO - Successfully updated job requisition 66db04acbf0a19d8769e7d68
[2024-09-06T17:43:10.848+0000] {core_li.py:23} INFO - Successfully updated job requisition 66db04acbf0a19d8769e7d6a
[2024-09-06T17:43:10.857+0000] {core_li.py:23} INFO - Successfully updated job requisition 66db04acbf0a19d8769e7d6c
[2024-09-06T17:43:10.865+0000] {core_li.py:23} INFO - Successfully updated job requisition 66db04acbf0a19d8769e7d6e
[2024-09-06T17:43:10.873+0000] {core_li.py:23} INFO - Successfully updated job requisition 66db04acbf0a19d8769e7d70
[2024-09-06T17:43:10.881+0000] {core_li.py:23} INFO - Successfully updated job requisition 66db04acbf0a19d8769e7d72
[2024-09-06T17:43:10.894+0000] {core_li.py:23} INFO - Successfully updated job requisition 66db04acbf0a19d8769e7d74
[2024-09-06T17:43:10.905+0000] {core_li.py:23} INFO - Successfully updated job requisition 66db04acbf0a19d8769e7d76
[2024-09-06T17:43:10.913+0000] {core_li.py:23} INFO - Successfully updated job requisition 66db04acbf0a19d8769e7d78
[2024-09-06T17:43:10.921+0000] {core_li.py:23} INFO - Successfully updated job requisition 66db04acbf0a19d8769e7d7a
[2024-09-06T17:43:10.931+0000] {core_li.py:23} INFO - Successfully updated job requisition 66db04acbf0a19d8769e7d7c
[2024-09-06T17:43:10.939+0000] {core_li.py:23} INFO - Successfully updated job requisition 66db04acbf0a19d8769e7d7e
[2024-09-06T17:43:10.945+0000] {core_li.py:23} INFO - Successfully updated job requisition 66db04acbf0a19d8769e7d80
[2024-09-06T17:43:10.951+0000] {core_li.py:23} INFO - Successfully updated job requisition 66db04acbf0a19d8769e7d82
[2024-09-06T17:43:10.958+0000] {core_li.py:23} INFO - Successfully updated job requisition 66db04acbf0a19d8769e7d84
[2024-09-06T17:43:10.967+0000] {core_li.py:23} INFO - Successfully updated job requisition 66db04acbf0a19d8769e7d86
[2024-09-06T17:43:10.974+0000] {core_li.py:23} INFO - Successfully updated job requisition 66db04acbf0a19d8769e7d88
[2024-09-06T17:43:10.984+0000] {core_li.py:23} INFO - Successfully updated job requisition 66db04acbf0a19d8769e7d8a
[2024-09-06T17:43:10.995+0000] {core_li.py:23} INFO - Successfully updated job requisition 66db04acbf0a19d8769e7d8c
[2024-09-06T17:43:11.003+0000] {core_li.py:23} INFO - Successfully updated job requisition 66db04acbf0a19d8769e7d8e
[2024-09-06T17:43:11.012+0000] {core_li.py:23} INFO - Successfully updated job requisition 66db04acbf0a19d8769e7d90
[2024-09-06T17:43:11.021+0000] {core_li.py:23} INFO - Successfully updated job requisition 66db04acbf0a19d8769e7d92
[2024-09-06T17:43:11.028+0000] {core_li.py:23} INFO - Successfully updated job requisition 66db04acbf0a19d8769e7d94
[2024-09-06T17:43:11.036+0000] {core_li.py:23} INFO - Successfully updated job requisition 66db04acbf0a19d8769e7d96
[2024-09-06T17:43:11.046+0000] {core_li.py:23} INFO - Successfully updated job requisition 66db04acbf0a19d8769e7d98
[2024-09-06T17:43:11.057+0000] {core_li.py:23} INFO - Successfully updated job requisition 66db04acbf0a19d8769e7d9a
[2024-09-06T17:43:11.067+0000] {core_li.py:23} INFO - Successfully updated job requisition 66db04acbf0a19d8769e7d9c
[2024-09-06T17:43:11.074+0000] {core_li.py:23} INFO - Successfully updated job requisition 66db04acbf0a19d8769e7d9e
[2024-09-06T17:43:11.082+0000] {core_li.py:23} INFO - Successfully updated job requisition 66db04acbf0a19d8769e7da0
[2024-09-06T17:43:11.091+0000] {core_li.py:23} INFO - Successfully updated job requisition 66db04acbf0a19d8769e7da2
[2024-09-06T17:43:11.100+0000] {core_li.py:23} INFO - Successfully updated job requisition 66db04acbf0a19d8769e7da4
[2024-09-06T17:43:11.108+0000] {core_li.py:23} INFO - Successfully updated job requisition 66db04acbf0a19d8769e7da6
[2024-09-06T17:43:11.115+0000] {core_li.py:23} INFO - Successfully updated job requisition 66db04acbf0a19d8769e7da8
[2024-09-06T17:43:11.122+0000] {core_li.py:23} INFO - Successfully updated job requisition 66db04acbf0a19d8769e7daa
[2024-09-06T17:43:11.130+0000] {core_li.py:23} INFO - Successfully updated job requisition 66db04acbf0a19d8769e7dac
[2024-09-06T17:43:11.142+0000] {core_li.py:23} INFO - Successfully updated job requisition 66db04acbf0a19d8769e7dae
[2024-09-06T17:43:11.155+0000] {core_li.py:23} INFO - Successfully updated job requisition 66db04acbf0a19d8769e7db0
[2024-09-06T17:43:11.167+0000] {core_li.py:23} INFO - Successfully updated job requisition 66db04acbf0a19d8769e7db2
[2024-09-06T17:43:11.173+0000] {core_li.py:23} INFO - Successfully updated job requisition 66db04acbf0a19d8769e7db4
[2024-09-06T17:43:11.186+0000] {core_li.py:23} INFO - Successfully updated job requisition 66db04acbf0a19d8769e7db6
[2024-09-06T17:43:11.196+0000] {core_li.py:23} INFO - Successfully updated job requisition 66db04acbf0a19d8769e7db8
[2024-09-06T17:43:11.205+0000] {core_li.py:23} INFO - Successfully updated job requisition 66db04acbf0a19d8769e7dba
[2024-09-06T17:43:11.212+0000] {core_li.py:23} INFO - Successfully updated job requisition 66db04acbf0a19d8769e7dbc
[2024-09-06T17:43:11.220+0000] {core_li.py:23} INFO - Successfully updated job requisition 66db04acbf0a19d8769e7dbe
[2024-09-06T17:43:11.227+0000] {core_li.py:23} INFO - Successfully updated job requisition 66db04acbf0a19d8769e7dc0
[2024-09-06T17:43:11.228+0000] {python.py:240} INFO - Done. Returned value was: 100
[2024-09-06T17:43:11.247+0000] {taskinstance.py:340} INFO - ::group::Post task execution logs
[2024-09-06T17:43:11.248+0000] {taskinstance.py:352} INFO - Marking task as SUCCESS. dag_id=async_flow, task_id=task_backfill_number_of_cancelled_candidates_in_batch, run_id=manual__2024-09-06T17:43:02.727107+00:00, map_index=43, execution_date=20240906T174302, start_date=20240906T174310, end_date=20240906T174311
[2024-09-06T17:43:11.270+0000] {local_task_job_runner.py:266} INFO - Task exited with return code 0
[2024-09-06T17:43:11.279+0000] {local_task_job_runner.py:245} INFO - ::endgroup::
