[2024-09-06T17:45:56.327+0000] {local_task_job_runner.py:123} INFO - ::group::Pre task execution logs
[2024-09-06T17:45:56.382+0000] {taskinstance.py:2612} INFO - Dependencies all met for dep_context=non-requeueable deps ti=<TaskInstance: async_flow.task_backfill_number_of_cancelled_candidates_in_batch manual__2024-09-06T17:29:39.458358+00:00 map_index=48 [queued]>
[2024-09-06T17:45:56.415+0000] {taskinstance.py:2612} INFO - Dependencies all met for dep_context=requeueable deps ti=<TaskInstance: async_flow.task_backfill_number_of_cancelled_candidates_in_batch manual__2024-09-06T17:29:39.458358+00:00 map_index=48 [queued]>
[2024-09-06T17:45:56.417+0000] {taskinstance.py:2865} INFO - Starting attempt 2 of 2
[2024-09-06T17:45:56.453+0000] {taskinstance.py:2888} INFO - Executing <Mapped(_PythonDecoratedOperator): task_backfill_number_of_cancelled_candidates_in_batch> on 2024-09-06 17:29:39.458358+00:00
[2024-09-06T17:45:56.464+0000] {warnings.py:112} WARNING - /home/***/.local/lib/python3.12/site-packages/***/task/task_runner/standard_task_runner.py:70: DeprecationWarning: This process (pid=707) is multi-threaded, use of fork() may lead to deadlocks in the child.
  pid = os.fork()

[2024-09-06T17:45:56.465+0000] {standard_task_runner.py:72} INFO - Started process 775 to run task
[2024-09-06T17:45:56.473+0000] {standard_task_runner.py:104} INFO - Running: ['***', 'tasks', 'run', 'async_flow', 'task_backfill_number_of_cancelled_candidates_in_batch', 'manual__2024-09-06T17:29:39.458358+00:00', '--job-id', '275', '--raw', '--subdir', 'DAGS_FOLDER/dags_async_flow.py', '--cfg-path', '/tmp/tmp7e4k5ltw', '--map-index', '48']
[2024-09-06T17:45:56.476+0000] {standard_task_runner.py:105} INFO - Job 275: Subtask task_backfill_number_of_cancelled_candidates_in_batch
[2024-09-06T17:45:56.550+0000] {task_command.py:467} INFO - Running <TaskInstance: async_flow.task_backfill_number_of_cancelled_candidates_in_batch manual__2024-09-06T17:29:39.458358+00:00 map_index=48 [running]> on host 0817eb6c24af
[2024-09-06T17:45:56.671+0000] {taskinstance.py:3131} INFO - Exporting env vars: AIRFLOW_CTX_DAG_OWNER='***' AIRFLOW_CTX_DAG_ID='async_flow' AIRFLOW_CTX_TASK_ID='task_backfill_number_of_cancelled_candidates_in_batch' AIRFLOW_CTX_EXECUTION_DATE='2024-09-06T17:29:39.458358+00:00' AIRFLOW_CTX_TRY_NUMBER='2' AIRFLOW_CTX_DAG_RUN_ID='manual__2024-09-06T17:29:39.458358+00:00'
[2024-09-06T17:45:56.674+0000] {taskinstance.py:731} INFO - ::endgroup::
[2024-09-06T17:45:56.700+0000] {core_li.py:23} INFO - Successfully updated job requisition 66db04abbf0a19d8769e7142
[2024-09-06T17:45:56.718+0000] {core_li.py:23} INFO - Successfully updated job requisition 66db04abbf0a19d8769e7144
[2024-09-06T17:45:56.735+0000] {core_li.py:23} INFO - Successfully updated job requisition 66db04abbf0a19d8769e7146
[2024-09-06T17:45:56.751+0000] {core_li.py:23} INFO - Successfully updated job requisition 66db04abbf0a19d8769e7148
[2024-09-06T17:45:56.761+0000] {core_li.py:23} INFO - Successfully updated job requisition 66db04abbf0a19d8769e714a
[2024-09-06T17:45:56.785+0000] {core_li.py:23} INFO - Successfully updated job requisition 66db04abbf0a19d8769e714c
[2024-09-06T17:45:56.796+0000] {core_li.py:23} INFO - Successfully updated job requisition 66db04abbf0a19d8769e714e
[2024-09-06T17:45:56.803+0000] {core_li.py:23} INFO - Successfully updated job requisition 66db04abbf0a19d8769e7150
[2024-09-06T17:45:56.814+0000] {core_li.py:23} INFO - Successfully updated job requisition 66db04abbf0a19d8769e7152
[2024-09-06T17:45:56.824+0000] {core_li.py:23} INFO - Successfully updated job requisition 66db04abbf0a19d8769e7154
[2024-09-06T17:45:56.833+0000] {core_li.py:23} INFO - Successfully updated job requisition 66db04abbf0a19d8769e7156
[2024-09-06T17:45:56.843+0000] {core_li.py:23} INFO - Successfully updated job requisition 66db04abbf0a19d8769e7158
[2024-09-06T17:45:56.852+0000] {core_li.py:23} INFO - Successfully updated job requisition 66db04abbf0a19d8769e715a
[2024-09-06T17:45:56.860+0000] {core_li.py:23} INFO - Successfully updated job requisition 66db04abbf0a19d8769e715c
[2024-09-06T17:45:56.869+0000] {core_li.py:23} INFO - Successfully updated job requisition 66db04abbf0a19d8769e715e
[2024-09-06T17:45:56.879+0000] {core_li.py:23} INFO - Successfully updated job requisition 66db04abbf0a19d8769e7160
[2024-09-06T17:45:56.890+0000] {core_li.py:23} INFO - Successfully updated job requisition 66db04abbf0a19d8769e7162
[2024-09-06T17:45:56.900+0000] {core_li.py:23} INFO - Successfully updated job requisition 66db04abbf0a19d8769e7164
[2024-09-06T17:45:56.910+0000] {core_li.py:23} INFO - Successfully updated job requisition 66db04abbf0a19d8769e7166
[2024-09-06T17:45:56.919+0000] {core_li.py:23} INFO - Successfully updated job requisition 66db04abbf0a19d8769e7168
[2024-09-06T17:45:56.926+0000] {core_li.py:23} INFO - Successfully updated job requisition 66db04abbf0a19d8769e716a
[2024-09-06T17:45:56.937+0000] {core_li.py:23} INFO - Successfully updated job requisition 66db04abbf0a19d8769e716c
[2024-09-06T17:45:56.945+0000] {core_li.py:23} INFO - Successfully updated job requisition 66db04abbf0a19d8769e716e
[2024-09-06T17:45:56.965+0000] {core_li.py:23} INFO - Successfully updated job requisition 66db04abbf0a19d8769e7170
[2024-09-06T17:45:56.975+0000] {core_li.py:23} INFO - Successfully updated job requisition 66db04abbf0a19d8769e7172
[2024-09-06T17:45:56.981+0000] {core_li.py:23} INFO - Successfully updated job requisition 66db04abbf0a19d8769e7174
[2024-09-06T17:45:56.991+0000] {core_li.py:23} INFO - Successfully updated job requisition 66db04abbf0a19d8769e7176
[2024-09-06T17:45:57.003+0000] {core_li.py:23} INFO - Successfully updated job requisition 66db04abbf0a19d8769e7178
[2024-09-06T17:45:57.010+0000] {core_li.py:23} INFO - Successfully updated job requisition 66db04abbf0a19d8769e717a
[2024-09-06T17:45:57.018+0000] {core_li.py:23} INFO - Successfully updated job requisition 66db04abbf0a19d8769e717c
[2024-09-06T17:45:57.025+0000] {core_li.py:23} INFO - Successfully updated job requisition 66db04abbf0a19d8769e717e
[2024-09-06T17:45:57.033+0000] {core_li.py:23} INFO - Successfully updated job requisition 66db04abbf0a19d8769e7180
[2024-09-06T17:45:57.041+0000] {core_li.py:23} INFO - Successfully updated job requisition 66db04abbf0a19d8769e7182
[2024-09-06T17:45:57.052+0000] {core_li.py:23} INFO - Successfully updated job requisition 66db04abbf0a19d8769e7184
[2024-09-06T17:45:57.059+0000] {core_li.py:23} INFO - Successfully updated job requisition 66db04abbf0a19d8769e7186
[2024-09-06T17:45:57.067+0000] {core_li.py:23} INFO - Successfully updated job requisition 66db04abbf0a19d8769e7188
[2024-09-06T17:45:57.076+0000] {core_li.py:23} INFO - Successfully updated job requisition 66db04abbf0a19d8769e718a
[2024-09-06T17:45:57.091+0000] {core_li.py:23} INFO - Successfully updated job requisition 66db04abbf0a19d8769e718c
[2024-09-06T17:45:57.100+0000] {core_li.py:23} INFO - Successfully updated job requisition 66db04abbf0a19d8769e718e
[2024-09-06T17:45:57.109+0000] {core_li.py:23} INFO - Successfully updated job requisition 66db04abbf0a19d8769e7190
[2024-09-06T17:45:57.122+0000] {core_li.py:23} INFO - Successfully updated job requisition 66db04abbf0a19d8769e7192
[2024-09-06T17:45:57.130+0000] {core_li.py:23} INFO - Successfully updated job requisition 66db04abbf0a19d8769e7194
[2024-09-06T17:45:57.136+0000] {core_li.py:23} INFO - Successfully updated job requisition 66db04abbf0a19d8769e7196
[2024-09-06T17:45:57.150+0000] {core_li.py:23} INFO - Successfully updated job requisition 66db04abbf0a19d8769e7198
[2024-09-06T17:45:57.156+0000] {core_li.py:23} INFO - Successfully updated job requisition 66db04abbf0a19d8769e719a
[2024-09-06T17:45:57.163+0000] {core_li.py:23} INFO - Successfully updated job requisition 66db04abbf0a19d8769e719c
[2024-09-06T17:45:57.170+0000] {core_li.py:23} INFO - Successfully updated job requisition 66db04abbf0a19d8769e719e
[2024-09-06T17:45:57.178+0000] {core_li.py:23} INFO - Successfully updated job requisition 66db04abbf0a19d8769e71a0
[2024-09-06T17:45:57.187+0000] {core_li.py:23} INFO - Successfully updated job requisition 66db04abbf0a19d8769e71a2
[2024-09-06T17:45:57.195+0000] {core_li.py:23} INFO - Successfully updated job requisition 66db04abbf0a19d8769e71a4
[2024-09-06T17:45:57.203+0000] {core_li.py:23} INFO - Successfully updated job requisition 66db04abbf0a19d8769e71a6
[2024-09-06T17:45:57.210+0000] {core_li.py:23} INFO - Successfully updated job requisition 66db04abbf0a19d8769e71a8
[2024-09-06T17:45:57.218+0000] {core_li.py:23} INFO - Successfully updated job requisition 66db04abbf0a19d8769e71aa
[2024-09-06T17:45:57.225+0000] {core_li.py:23} INFO - Successfully updated job requisition 66db04abbf0a19d8769e71ac
[2024-09-06T17:45:57.232+0000] {core_li.py:23} INFO - Successfully updated job requisition 66db04abbf0a19d8769e71ae
[2024-09-06T17:45:57.239+0000] {core_li.py:23} INFO - Successfully updated job requisition 66db04abbf0a19d8769e71b0
[2024-09-06T17:45:57.245+0000] {core_li.py:23} INFO - Successfully updated job requisition 66db04abbf0a19d8769e71b2
[2024-09-06T17:45:57.259+0000] {core_li.py:23} INFO - Successfully updated job requisition 66db04abbf0a19d8769e71b4
[2024-09-06T17:45:57.267+0000] {core_li.py:23} INFO - Successfully updated job requisition 66db04abbf0a19d8769e71b6
[2024-09-06T17:45:57.274+0000] {core_li.py:23} INFO - Successfully updated job requisition 66db04abbf0a19d8769e71b8
[2024-09-06T17:45:57.281+0000] {core_li.py:23} INFO - Successfully updated job requisition 66db04abbf0a19d8769e71ba
[2024-09-06T17:45:57.288+0000] {core_li.py:23} INFO - Successfully updated job requisition 66db04abbf0a19d8769e71bc
[2024-09-06T17:45:57.294+0000] {core_li.py:23} INFO - Successfully updated job requisition 66db04abbf0a19d8769e71be
[2024-09-06T17:45:57.301+0000] {core_li.py:23} INFO - Successfully updated job requisition 66db04abbf0a19d8769e71c0
[2024-09-06T17:45:57.310+0000] {core_li.py:23} INFO - Successfully updated job requisition 66db04abbf0a19d8769e71c2
[2024-09-06T17:45:57.318+0000] {core_li.py:23} INFO - Successfully updated job requisition 66db04abbf0a19d8769e71c4
[2024-09-06T17:45:57.325+0000] {core_li.py:23} INFO - Successfully updated job requisition 66db04abbf0a19d8769e71c6
[2024-09-06T17:45:57.333+0000] {core_li.py:23} INFO - Successfully updated job requisition 66db04abbf0a19d8769e71c8
[2024-09-06T17:45:57.341+0000] {core_li.py:23} INFO - Successfully updated job requisition 66db04abbf0a19d8769e71ca
[2024-09-06T17:45:57.347+0000] {core_li.py:23} INFO - Successfully updated job requisition 66db04abbf0a19d8769e71cc
[2024-09-06T17:45:57.353+0000] {core_li.py:23} INFO - Successfully updated job requisition 66db04abbf0a19d8769e71ce
[2024-09-06T17:45:57.362+0000] {core_li.py:23} INFO - Successfully updated job requisition 66db04abbf0a19d8769e71d0
[2024-09-06T17:45:57.368+0000] {core_li.py:23} INFO - Successfully updated job requisition 66db04abbf0a19d8769e71d2
[2024-09-06T17:45:57.373+0000] {core_li.py:23} INFO - Successfully updated job requisition 66db04abbf0a19d8769e71d4
[2024-09-06T17:45:57.381+0000] {core_li.py:23} INFO - Successfully updated job requisition 66db04abbf0a19d8769e71d6
[2024-09-06T17:45:57.390+0000] {core_li.py:23} INFO - Successfully updated job requisition 66db04abbf0a19d8769e71d8
[2024-09-06T17:45:57.399+0000] {core_li.py:23} INFO - Successfully updated job requisition 66db04abbf0a19d8769e71da
[2024-09-06T17:45:57.411+0000] {core_li.py:23} INFO - Successfully updated job requisition 66db04abbf0a19d8769e71dc
[2024-09-06T17:45:57.418+0000] {core_li.py:23} INFO - Successfully updated job requisition 66db04abbf0a19d8769e71de
[2024-09-06T17:45:57.426+0000] {core_li.py:23} INFO - Successfully updated job requisition 66db04abbf0a19d8769e71e0
[2024-09-06T17:45:57.433+0000] {core_li.py:23} INFO - Successfully updated job requisition 66db04abbf0a19d8769e71e2
[2024-09-06T17:45:57.440+0000] {core_li.py:23} INFO - Successfully updated job requisition 66db04abbf0a19d8769e71e4
[2024-09-06T17:45:57.449+0000] {core_li.py:23} INFO - Successfully updated job requisition 66db04abbf0a19d8769e71e6
[2024-09-06T17:45:57.458+0000] {core_li.py:23} INFO - Successfully updated job requisition 66db04abbf0a19d8769e71e8
[2024-09-06T17:45:57.465+0000] {core_li.py:23} INFO - Successfully updated job requisition 66db04abbf0a19d8769e71ea
[2024-09-06T17:45:57.473+0000] {core_li.py:23} INFO - Successfully updated job requisition 66db04abbf0a19d8769e71ec
[2024-09-06T17:45:57.480+0000] {core_li.py:23} INFO - Successfully updated job requisition 66db04abbf0a19d8769e71ee
[2024-09-06T17:45:57.487+0000] {core_li.py:23} INFO - Successfully updated job requisition 66db04abbf0a19d8769e71f0
[2024-09-06T17:45:57.495+0000] {core_li.py:23} INFO - Successfully updated job requisition 66db04abbf0a19d8769e71f2
[2024-09-06T17:45:57.505+0000] {core_li.py:23} INFO - Successfully updated job requisition 66db04abbf0a19d8769e71f4
[2024-09-06T17:45:57.513+0000] {core_li.py:23} INFO - Successfully updated job requisition 66db04abbf0a19d8769e71f6
[2024-09-06T17:45:57.520+0000] {core_li.py:23} INFO - Successfully updated job requisition 66db04abbf0a19d8769e71f8
[2024-09-06T17:45:57.528+0000] {core_li.py:23} INFO - Successfully updated job requisition 66db04abbf0a19d8769e71fa
[2024-09-06T17:45:57.536+0000] {core_li.py:23} INFO - Successfully updated job requisition 66db04abbf0a19d8769e71fc
[2024-09-06T17:45:57.543+0000] {core_li.py:23} INFO - Successfully updated job requisition 66db04abbf0a19d8769e71fe
[2024-09-06T17:45:57.552+0000] {core_li.py:23} INFO - Successfully updated job requisition 66db04abbf0a19d8769e7200
[2024-09-06T17:45:57.561+0000] {core_li.py:23} INFO - Successfully updated job requisition 66db04abbf0a19d8769e7202
[2024-09-06T17:45:57.579+0000] {core_li.py:23} INFO - Successfully updated job requisition 66db04abbf0a19d8769e7204
[2024-09-06T17:45:57.587+0000] {core_li.py:23} INFO - Successfully updated job requisition 66db04abbf0a19d8769e7206
[2024-09-06T17:45:57.593+0000] {core_li.py:23} INFO - Successfully updated job requisition 66db04abbf0a19d8769e7208
[2024-09-06T17:45:57.594+0000] {python.py:240} INFO - Done. Returned value was: 100
[2024-09-06T17:45:57.615+0000] {taskinstance.py:340} INFO - ::group::Post task execution logs
[2024-09-06T17:45:57.620+0000] {taskinstance.py:352} INFO - Marking task as SUCCESS. dag_id=async_flow, task_id=task_backfill_number_of_cancelled_candidates_in_batch, run_id=manual__2024-09-06T17:29:39.458358+00:00, map_index=48, execution_date=20240906T172939, start_date=20240906T174556, end_date=20240906T174557
[2024-09-06T17:45:57.646+0000] {local_task_job_runner.py:266} INFO - Task exited with return code 0
[2024-09-06T17:45:57.713+0000] {taskinstance.py:3900} INFO - 0 downstream tasks scheduled from follow-on schedule check
[2024-09-06T17:45:57.717+0000] {local_task_job_runner.py:245} INFO - ::endgroup::
