[2024-09-06T17:47:37.663+0000] {local_task_job_runner.py:123} INFO - ::group::Pre task execution logs
[2024-09-06T17:47:37.723+0000] {taskinstance.py:2612} INFO - Dependencies all met for dep_context=non-requeueable deps ti=<TaskInstance: async_flow.task_backfill_number_of_cancelled_candidates_in_batch manual__2024-09-06T17:47:30.120511+00:00 map_index=44 [queued]>
[2024-09-06T17:47:37.748+0000] {taskinstance.py:2612} INFO - Dependencies all met for dep_context=requeueable deps ti=<TaskInstance: async_flow.task_backfill_number_of_cancelled_candidates_in_batch manual__2024-09-06T17:47:30.120511+00:00 map_index=44 [queued]>
[2024-09-06T17:47:37.749+0000] {taskinstance.py:2865} INFO - Starting attempt 1 of 1
[2024-09-06T17:47:37.795+0000] {taskinstance.py:2888} INFO - Executing <Mapped(_PythonDecoratedOperator): task_backfill_number_of_cancelled_candidates_in_batch> on 2024-09-06 17:47:30.120511+00:00
[2024-09-06T17:47:37.805+0000] {warnings.py:112} WARNING - /home/***/.local/lib/python3.12/site-packages/***/task/task_runner/standard_task_runner.py:70: DeprecationWarning: This process (pid=1247) is multi-threaded, use of fork() may lead to deadlocks in the child.
  pid = os.fork()

[2024-09-06T17:47:37.808+0000] {standard_task_runner.py:72} INFO - Started process 1314 to run task
[2024-09-06T17:47:37.809+0000] {standard_task_runner.py:104} INFO - Running: ['***', 'tasks', 'run', 'async_flow', 'task_backfill_number_of_cancelled_candidates_in_batch', 'manual__2024-09-06T17:47:30.120511+00:00', '--job-id', '361', '--raw', '--subdir', 'DAGS_FOLDER/dags_async_flow.py', '--cfg-path', '/tmp/tmploeq5dyf', '--map-index', '44']
[2024-09-06T17:47:37.812+0000] {standard_task_runner.py:105} INFO - Job 361: Subtask task_backfill_number_of_cancelled_candidates_in_batch
[2024-09-06T17:47:37.867+0000] {task_command.py:467} INFO - Running <TaskInstance: async_flow.task_backfill_number_of_cancelled_candidates_in_batch manual__2024-09-06T17:47:30.120511+00:00 map_index=44 [running]> on host 0817eb6c24af
[2024-09-06T17:47:37.991+0000] {taskinstance.py:3131} INFO - Exporting env vars: AIRFLOW_CTX_DAG_OWNER='***' AIRFLOW_CTX_DAG_ID='async_flow' AIRFLOW_CTX_TASK_ID='task_backfill_number_of_cancelled_candidates_in_batch' AIRFLOW_CTX_EXECUTION_DATE='2024-09-06T17:47:30.120511+00:00' AIRFLOW_CTX_TRY_NUMBER='1' AIRFLOW_CTX_DAG_RUN_ID='manual__2024-09-06T17:47:30.120511+00:00'
[2024-09-06T17:47:37.996+0000] {taskinstance.py:731} INFO - ::endgroup::
[2024-09-06T17:47:38.022+0000] {core_li.py:23} INFO - Successfully updated job requisition 66db04abbf0a19d8769e6e22
[2024-09-06T17:47:38.067+0000] {core_li.py:23} INFO - Successfully updated job requisition 66db04abbf0a19d8769e6e24
[2024-09-06T17:47:38.079+0000] {core_li.py:23} INFO - Successfully updated job requisition 66db04abbf0a19d8769e6e26
[2024-09-06T17:47:38.106+0000] {core_li.py:23} INFO - Successfully updated job requisition 66db04abbf0a19d8769e6e28
[2024-09-06T17:47:38.119+0000] {core_li.py:23} INFO - Successfully updated job requisition 66db04abbf0a19d8769e6e2a
[2024-09-06T17:47:38.132+0000] {core_li.py:23} INFO - Successfully updated job requisition 66db04abbf0a19d8769e6e2c
[2024-09-06T17:47:38.141+0000] {core_li.py:23} INFO - Successfully updated job requisition 66db04abbf0a19d8769e6e2e
[2024-09-06T17:47:38.153+0000] {core_li.py:23} INFO - Successfully updated job requisition 66db04abbf0a19d8769e6e30
[2024-09-06T17:47:38.167+0000] {core_li.py:23} INFO - Successfully updated job requisition 66db04abbf0a19d8769e6e32
[2024-09-06T17:47:38.182+0000] {core_li.py:23} INFO - Successfully updated job requisition 66db04abbf0a19d8769e6e34
[2024-09-06T17:47:38.193+0000] {core_li.py:23} INFO - Successfully updated job requisition 66db04abbf0a19d8769e6e36
[2024-09-06T17:47:38.205+0000] {core_li.py:23} INFO - Successfully updated job requisition 66db04abbf0a19d8769e6e38
[2024-09-06T17:47:38.214+0000] {core_li.py:23} INFO - Successfully updated job requisition 66db04abbf0a19d8769e6e3a
[2024-09-06T17:47:38.224+0000] {core_li.py:23} INFO - Successfully updated job requisition 66db04abbf0a19d8769e6e3c
[2024-09-06T17:47:38.232+0000] {core_li.py:23} INFO - Successfully updated job requisition 66db04abbf0a19d8769e6e3e
[2024-09-06T17:47:38.250+0000] {core_li.py:23} INFO - Successfully updated job requisition 66db04abbf0a19d8769e6e40
[2024-09-06T17:47:38.257+0000] {core_li.py:23} INFO - Successfully updated job requisition 66db04abbf0a19d8769e6e42
[2024-09-06T17:47:38.265+0000] {core_li.py:23} INFO - Successfully updated job requisition 66db04abbf0a19d8769e6e44
[2024-09-06T17:47:38.276+0000] {core_li.py:23} INFO - Successfully updated job requisition 66db04abbf0a19d8769e6e46
[2024-09-06T17:47:38.286+0000] {core_li.py:23} INFO - Successfully updated job requisition 66db04abbf0a19d8769e6e48
[2024-09-06T17:47:38.297+0000] {core_li.py:23} INFO - Successfully updated job requisition 66db04abbf0a19d8769e6e4a
[2024-09-06T17:47:38.305+0000] {core_li.py:23} INFO - Successfully updated job requisition 66db04abbf0a19d8769e6e4c
[2024-09-06T17:47:38.317+0000] {core_li.py:23} INFO - Successfully updated job requisition 66db04abbf0a19d8769e6e4e
[2024-09-06T17:47:38.327+0000] {core_li.py:23} INFO - Successfully updated job requisition 66db04abbf0a19d8769e6e50
[2024-09-06T17:47:38.339+0000] {core_li.py:23} INFO - Successfully updated job requisition 66db04abbf0a19d8769e6e52
[2024-09-06T17:47:38.346+0000] {core_li.py:23} INFO - Successfully updated job requisition 66db04abbf0a19d8769e6e54
[2024-09-06T17:47:38.355+0000] {core_li.py:23} INFO - Successfully updated job requisition 66db04abbf0a19d8769e6e56
[2024-09-06T17:47:38.364+0000] {core_li.py:23} INFO - Successfully updated job requisition 66db04abbf0a19d8769e6e58
[2024-09-06T17:47:38.390+0000] {core_li.py:23} INFO - Successfully updated job requisition 66db04abbf0a19d8769e6e5a
[2024-09-06T17:47:38.400+0000] {core_li.py:23} INFO - Successfully updated job requisition 66db04abbf0a19d8769e6e5c
[2024-09-06T17:47:38.410+0000] {core_li.py:23} INFO - Successfully updated job requisition 66db04abbf0a19d8769e6e5e
[2024-09-06T17:47:38.418+0000] {core_li.py:23} INFO - Successfully updated job requisition 66db04abbf0a19d8769e6e60
[2024-09-06T17:47:38.426+0000] {core_li.py:23} INFO - Successfully updated job requisition 66db04abbf0a19d8769e6e62
[2024-09-06T17:47:38.435+0000] {core_li.py:23} INFO - Successfully updated job requisition 66db04abbf0a19d8769e6e64
[2024-09-06T17:47:38.444+0000] {core_li.py:23} INFO - Successfully updated job requisition 66db04abbf0a19d8769e6e66
[2024-09-06T17:47:38.453+0000] {core_li.py:23} INFO - Successfully updated job requisition 66db04abbf0a19d8769e6e68
[2024-09-06T17:47:38.467+0000] {core_li.py:23} INFO - Successfully updated job requisition 66db04abbf0a19d8769e6e6a
[2024-09-06T17:47:38.475+0000] {core_li.py:23} INFO - Successfully updated job requisition 66db04abbf0a19d8769e6e6c
[2024-09-06T17:47:38.485+0000] {core_li.py:23} INFO - Successfully updated job requisition 66db04abbf0a19d8769e6e6e
[2024-09-06T17:47:38.497+0000] {core_li.py:23} INFO - Successfully updated job requisition 66db04abbf0a19d8769e6e70
[2024-09-06T17:47:38.516+0000] {core_li.py:23} INFO - Successfully updated job requisition 66db04abbf0a19d8769e6e72
[2024-09-06T17:47:38.551+0000] {core_li.py:23} INFO - Successfully updated job requisition 66db04abbf0a19d8769e6e74
[2024-09-06T17:47:38.561+0000] {core_li.py:23} INFO - Successfully updated job requisition 66db04abbf0a19d8769e6e76
[2024-09-06T17:47:38.567+0000] {core_li.py:23} INFO - Successfully updated job requisition 66db04abbf0a19d8769e6e78
[2024-09-06T17:47:38.575+0000] {core_li.py:23} INFO - Successfully updated job requisition 66db04abbf0a19d8769e6e7a
[2024-09-06T17:47:38.585+0000] {core_li.py:23} INFO - Successfully updated job requisition 66db04abbf0a19d8769e6e7c
[2024-09-06T17:47:38.593+0000] {core_li.py:23} INFO - Successfully updated job requisition 66db04abbf0a19d8769e6e7e
[2024-09-06T17:47:38.601+0000] {core_li.py:23} INFO - Successfully updated job requisition 66db04abbf0a19d8769e6e80
[2024-09-06T17:47:38.608+0000] {core_li.py:23} INFO - Successfully updated job requisition 66db04abbf0a19d8769e6e82
[2024-09-06T17:47:38.618+0000] {core_li.py:23} INFO - Successfully updated job requisition 66db04abbf0a19d8769e6e84
[2024-09-06T17:47:38.629+0000] {core_li.py:23} INFO - Successfully updated job requisition 66db04abbf0a19d8769e6e86
[2024-09-06T17:47:38.635+0000] {core_li.py:23} INFO - Successfully updated job requisition 66db04abbf0a19d8769e6e88
[2024-09-06T17:47:38.642+0000] {core_li.py:23} INFO - Successfully updated job requisition 66db04abbf0a19d8769e6e8a
[2024-09-06T17:47:38.650+0000] {core_li.py:23} INFO - Successfully updated job requisition 66db04abbf0a19d8769e6e8c
[2024-09-06T17:47:38.661+0000] {core_li.py:23} INFO - Successfully updated job requisition 66db04abbf0a19d8769e6e8e
[2024-09-06T17:47:38.669+0000] {core_li.py:23} INFO - Successfully updated job requisition 66db04abbf0a19d8769e6e90
[2024-09-06T17:47:38.680+0000] {core_li.py:23} INFO - Successfully updated job requisition 66db04abbf0a19d8769e6e92
[2024-09-06T17:47:38.686+0000] {core_li.py:23} INFO - Successfully updated job requisition 66db04abbf0a19d8769e6e94
[2024-09-06T17:47:38.694+0000] {core_li.py:23} INFO - Successfully updated job requisition 66db04abbf0a19d8769e6e96
[2024-09-06T17:47:38.702+0000] {core_li.py:23} INFO - Successfully updated job requisition 66db04abbf0a19d8769e6e98
[2024-09-06T17:47:38.720+0000] {core_li.py:23} INFO - Successfully updated job requisition 66db04abbf0a19d8769e6e9a
[2024-09-06T17:47:38.728+0000] {core_li.py:23} INFO - Successfully updated job requisition 66db04abbf0a19d8769e6e9c
[2024-09-06T17:47:38.736+0000] {core_li.py:23} INFO - Successfully updated job requisition 66db04abbf0a19d8769e6e9e
[2024-09-06T17:47:38.745+0000] {core_li.py:23} INFO - Successfully updated job requisition 66db04abbf0a19d8769e6ea0
[2024-09-06T17:47:38.753+0000] {core_li.py:23} INFO - Successfully updated job requisition 66db04abbf0a19d8769e6ea2
[2024-09-06T17:47:38.759+0000] {core_li.py:23} INFO - Successfully updated job requisition 66db04abbf0a19d8769e6ea4
[2024-09-06T17:47:38.766+0000] {core_li.py:23} INFO - Successfully updated job requisition 66db04abbf0a19d8769e6ea6
[2024-09-06T17:47:38.773+0000] {core_li.py:23} INFO - Successfully updated job requisition 66db04abbf0a19d8769e6ea8
[2024-09-06T17:47:38.779+0000] {core_li.py:23} INFO - Successfully updated job requisition 66db04abbf0a19d8769e6eaa
[2024-09-06T17:47:38.785+0000] {core_li.py:23} INFO - Successfully updated job requisition 66db04abbf0a19d8769e6eac
[2024-09-06T17:47:38.794+0000] {core_li.py:23} INFO - Successfully updated job requisition 66db04abbf0a19d8769e6eae
[2024-09-06T17:47:38.803+0000] {core_li.py:23} INFO - Successfully updated job requisition 66db04abbf0a19d8769e6eb0
[2024-09-06T17:47:38.812+0000] {core_li.py:23} INFO - Successfully updated job requisition 66db04abbf0a19d8769e6eb2
[2024-09-06T17:47:38.822+0000] {core_li.py:23} INFO - Successfully updated job requisition 66db04abbf0a19d8769e6eb4
[2024-09-06T17:47:38.829+0000] {core_li.py:23} INFO - Successfully updated job requisition 66db04abbf0a19d8769e6eb6
[2024-09-06T17:47:38.839+0000] {core_li.py:23} INFO - Successfully updated job requisition 66db04abbf0a19d8769e6eb8
[2024-09-06T17:47:38.845+0000] {core_li.py:23} INFO - Successfully updated job requisition 66db04abbf0a19d8769e6eba
[2024-09-06T17:47:38.854+0000] {core_li.py:23} INFO - Successfully updated job requisition 66db04abbf0a19d8769e6ebc
[2024-09-06T17:47:38.861+0000] {core_li.py:23} INFO - Successfully updated job requisition 66db04abbf0a19d8769e6ebe
[2024-09-06T17:47:38.869+0000] {core_li.py:23} INFO - Successfully updated job requisition 66db04abbf0a19d8769e6ec0
[2024-09-06T17:47:38.876+0000] {core_li.py:23} INFO - Successfully updated job requisition 66db04abbf0a19d8769e6ec2
[2024-09-06T17:47:38.883+0000] {core_li.py:23} INFO - Successfully updated job requisition 66db04abbf0a19d8769e6ec4
[2024-09-06T17:47:38.889+0000] {core_li.py:23} INFO - Successfully updated job requisition 66db04abbf0a19d8769e6ec6
[2024-09-06T17:47:38.896+0000] {core_li.py:23} INFO - Successfully updated job requisition 66db04abbf0a19d8769e6ec8
[2024-09-06T17:47:38.909+0000] {core_li.py:23} INFO - Successfully updated job requisition 66db04abbf0a19d8769e6eca
[2024-09-06T17:47:38.918+0000] {core_li.py:23} INFO - Successfully updated job requisition 66db04abbf0a19d8769e6ecc
[2024-09-06T17:47:38.925+0000] {core_li.py:23} INFO - Successfully updated job requisition 66db04abbf0a19d8769e6ece
[2024-09-06T17:47:38.933+0000] {core_li.py:23} INFO - Successfully updated job requisition 66db04abbf0a19d8769e6ed0
[2024-09-06T17:47:38.941+0000] {core_li.py:23} INFO - Successfully updated job requisition 66db04abbf0a19d8769e6ed2
[2024-09-06T17:47:38.960+0000] {core_li.py:23} INFO - Successfully updated job requisition 66db04abbf0a19d8769e6ed4
[2024-09-06T17:47:38.968+0000] {core_li.py:23} INFO - Successfully updated job requisition 66db04abbf0a19d8769e6ed6
[2024-09-06T17:47:38.976+0000] {core_li.py:23} INFO - Successfully updated job requisition 66db04abbf0a19d8769e6ed8
[2024-09-06T17:47:38.986+0000] {core_li.py:23} INFO - Successfully updated job requisition 66db04abbf0a19d8769e6eda
[2024-09-06T17:47:38.997+0000] {core_li.py:23} INFO - Successfully updated job requisition 66db04abbf0a19d8769e6edc
[2024-09-06T17:47:39.004+0000] {core_li.py:23} INFO - Successfully updated job requisition 66db04abbf0a19d8769e6ede
[2024-09-06T17:47:39.016+0000] {core_li.py:23} INFO - Successfully updated job requisition 66db04abbf0a19d8769e6ee0
[2024-09-06T17:47:39.025+0000] {core_li.py:23} INFO - Successfully updated job requisition 66db04abbf0a19d8769e6ee2
[2024-09-06T17:47:39.031+0000] {core_li.py:23} INFO - Successfully updated job requisition 66db04abbf0a19d8769e6ee4
[2024-09-06T17:47:39.038+0000] {core_li.py:23} INFO - Successfully updated job requisition 66db04abbf0a19d8769e6ee6
[2024-09-06T17:47:39.044+0000] {core_li.py:23} INFO - Successfully updated job requisition 66db04abbf0a19d8769e6ee8
[2024-09-06T17:47:39.045+0000] {python.py:240} INFO - Done. Returned value was: 100
[2024-09-06T17:47:39.098+0000] {taskinstance.py:340} INFO - ::group::Post task execution logs
[2024-09-06T17:47:39.107+0000] {taskinstance.py:352} INFO - Marking task as SUCCESS. dag_id=async_flow, task_id=task_backfill_number_of_cancelled_candidates_in_batch, run_id=manual__2024-09-06T17:47:30.120511+00:00, map_index=44, execution_date=20240906T174730, start_date=20240906T174737, end_date=20240906T174739
[2024-09-06T17:47:39.156+0000] {local_task_job_runner.py:266} INFO - Task exited with return code 0
[2024-09-06T17:47:39.167+0000] {local_task_job_runner.py:245} INFO - ::endgroup::
