[2024-09-06T17:47:34.702+0000] {local_task_job_runner.py:123} INFO - ::group::Pre task execution logs
[2024-09-06T17:47:34.797+0000] {taskinstance.py:2612} INFO - Dependencies all met for dep_context=non-requeueable deps ti=<TaskInstance: async_flow.task_backfill_number_of_cancelled_candidates_in_batch manual__2024-09-06T17:47:30.120511+00:00 map_index=26 [queued]>
[2024-09-06T17:47:34.815+0000] {taskinstance.py:2612} INFO - Dependencies all met for dep_context=requeueable deps ti=<TaskInstance: async_flow.task_backfill_number_of_cancelled_candidates_in_batch manual__2024-09-06T17:47:30.120511+00:00 map_index=26 [queued]>
[2024-09-06T17:47:34.816+0000] {taskinstance.py:2865} INFO - Starting attempt 1 of 1
[2024-09-06T17:47:34.835+0000] {taskinstance.py:2888} INFO - Executing <Mapped(_PythonDecoratedOperator): task_backfill_number_of_cancelled_candidates_in_batch> on 2024-09-06 17:47:30.120511+00:00
[2024-09-06T17:47:34.845+0000] {warnings.py:112} WARNING - /home/***/.local/lib/python3.12/site-packages/***/task/task_runner/standard_task_runner.py:70: DeprecationWarning: This process (pid=1145) is multi-threaded, use of fork() may lead to deadlocks in the child.
  pid = os.fork()

[2024-09-06T17:47:34.847+0000] {standard_task_runner.py:72} INFO - Started process 1207 to run task
[2024-09-06T17:47:34.849+0000] {standard_task_runner.py:104} INFO - Running: ['***', 'tasks', 'run', 'async_flow', 'task_backfill_number_of_cancelled_candidates_in_batch', 'manual__2024-09-06T17:47:30.120511+00:00', '--job-id', '344', '--raw', '--subdir', 'DAGS_FOLDER/dags_async_flow.py', '--cfg-path', '/tmp/tmpw067oa1i', '--map-index', '26']
[2024-09-06T17:47:34.853+0000] {standard_task_runner.py:105} INFO - Job 344: Subtask task_backfill_number_of_cancelled_candidates_in_batch
[2024-09-06T17:47:34.954+0000] {task_command.py:467} INFO - Running <TaskInstance: async_flow.task_backfill_number_of_cancelled_candidates_in_batch manual__2024-09-06T17:47:30.120511+00:00 map_index=26 [running]> on host 0817eb6c24af
[2024-09-06T17:47:35.049+0000] {taskinstance.py:3131} INFO - Exporting env vars: AIRFLOW_CTX_DAG_OWNER='***' AIRFLOW_CTX_DAG_ID='async_flow' AIRFLOW_CTX_TASK_ID='task_backfill_number_of_cancelled_candidates_in_batch' AIRFLOW_CTX_EXECUTION_DATE='2024-09-06T17:47:30.120511+00:00' AIRFLOW_CTX_TRY_NUMBER='1' AIRFLOW_CTX_DAG_RUN_ID='manual__2024-09-06T17:47:30.120511+00:00'
[2024-09-06T17:47:35.051+0000] {taskinstance.py:731} INFO - ::endgroup::
[2024-09-06T17:47:35.069+0000] {core_li.py:23} INFO - Successfully updated job requisition 66db04abbf0a19d8769e7c32
[2024-09-06T17:47:35.092+0000] {core_li.py:23} INFO - Successfully updated job requisition 66db04abbf0a19d8769e7c34
[2024-09-06T17:47:35.121+0000] {core_li.py:23} INFO - Successfully updated job requisition 66db04abbf0a19d8769e7c36
[2024-09-06T17:47:35.136+0000] {core_li.py:23} INFO - Successfully updated job requisition 66db04abbf0a19d8769e7c38
[2024-09-06T17:47:35.151+0000] {core_li.py:23} INFO - Successfully updated job requisition 66db04abbf0a19d8769e7c3a
[2024-09-06T17:47:35.169+0000] {core_li.py:23} INFO - Successfully updated job requisition 66db04abbf0a19d8769e7c3c
[2024-09-06T17:47:35.179+0000] {core_li.py:23} INFO - Successfully updated job requisition 66db04abbf0a19d8769e7c3e
[2024-09-06T17:47:35.213+0000] {core_li.py:23} INFO - Successfully updated job requisition 66db04abbf0a19d8769e7c40
[2024-09-06T17:47:35.243+0000] {core_li.py:23} INFO - Successfully updated job requisition 66db04abbf0a19d8769e7c42
[2024-09-06T17:47:35.285+0000] {core_li.py:23} INFO - Successfully updated job requisition 66db04abbf0a19d8769e7c44
[2024-09-06T17:47:35.296+0000] {core_li.py:23} INFO - Successfully updated job requisition 66db04abbf0a19d8769e7c46
[2024-09-06T17:47:35.317+0000] {core_li.py:23} INFO - Successfully updated job requisition 66db04abbf0a19d8769e7c48
[2024-09-06T17:47:35.342+0000] {core_li.py:23} INFO - Successfully updated job requisition 66db04abbf0a19d8769e7c4a
[2024-09-06T17:47:35.361+0000] {core_li.py:23} INFO - Successfully updated job requisition 66db04abbf0a19d8769e7c4c
[2024-09-06T17:47:35.376+0000] {core_li.py:23} INFO - Successfully updated job requisition 66db04abbf0a19d8769e7c4e
[2024-09-06T17:47:35.392+0000] {core_li.py:23} INFO - Successfully updated job requisition 66db04abbf0a19d8769e7c50
[2024-09-06T17:47:35.403+0000] {core_li.py:23} INFO - Successfully updated job requisition 66db04abbf0a19d8769e7c52
[2024-09-06T17:47:35.418+0000] {core_li.py:23} INFO - Successfully updated job requisition 66db04abbf0a19d8769e7c54
[2024-09-06T17:47:35.434+0000] {core_li.py:23} INFO - Successfully updated job requisition 66db04abbf0a19d8769e7c56
[2024-09-06T17:47:35.450+0000] {core_li.py:23} INFO - Successfully updated job requisition 66db04abbf0a19d8769e7c58
[2024-09-06T17:47:35.460+0000] {core_li.py:23} INFO - Successfully updated job requisition 66db04abbf0a19d8769e7c5a
[2024-09-06T17:47:35.473+0000] {core_li.py:23} INFO - Successfully updated job requisition 66db04abbf0a19d8769e7c5c
[2024-09-06T17:47:35.484+0000] {core_li.py:23} INFO - Successfully updated job requisition 66db04abbf0a19d8769e7c5e
[2024-09-06T17:47:35.500+0000] {core_li.py:23} INFO - Successfully updated job requisition 66db04abbf0a19d8769e7c60
[2024-09-06T17:47:35.509+0000] {core_li.py:23} INFO - Successfully updated job requisition 66db04abbf0a19d8769e7c62
[2024-09-06T17:47:35.518+0000] {core_li.py:23} INFO - Successfully updated job requisition 66db04abbf0a19d8769e7c64
[2024-09-06T17:47:35.539+0000] {core_li.py:23} INFO - Successfully updated job requisition 66db04abbf0a19d8769e7c66
[2024-09-06T17:47:35.552+0000] {core_li.py:23} INFO - Successfully updated job requisition 66db04abbf0a19d8769e7c68
[2024-09-06T17:47:35.563+0000] {core_li.py:23} INFO - Successfully updated job requisition 66db04abbf0a19d8769e7c6a
[2024-09-06T17:47:35.572+0000] {core_li.py:23} INFO - Successfully updated job requisition 66db04abbf0a19d8769e7c6c
[2024-09-06T17:47:35.586+0000] {core_li.py:23} INFO - Successfully updated job requisition 66db04abbf0a19d8769e7c6e
[2024-09-06T17:47:35.597+0000] {core_li.py:23} INFO - Successfully updated job requisition 66db04abbf0a19d8769e7c70
[2024-09-06T17:47:35.604+0000] {core_li.py:23} INFO - Successfully updated job requisition 66db04abbf0a19d8769e7c72
[2024-09-06T17:47:35.615+0000] {core_li.py:23} INFO - Successfully updated job requisition 66db04abbf0a19d8769e7c74
[2024-09-06T17:47:35.622+0000] {core_li.py:23} INFO - Successfully updated job requisition 66db04abbf0a19d8769e7c76
[2024-09-06T17:47:35.631+0000] {core_li.py:23} INFO - Successfully updated job requisition 66db04abbf0a19d8769e7c78
[2024-09-06T17:47:35.640+0000] {core_li.py:23} INFO - Successfully updated job requisition 66db04abbf0a19d8769e7c7a
[2024-09-06T17:47:35.647+0000] {core_li.py:23} INFO - Successfully updated job requisition 66db04abbf0a19d8769e7c7c
[2024-09-06T17:47:35.657+0000] {core_li.py:23} INFO - Successfully updated job requisition 66db04abbf0a19d8769e7c7e
[2024-09-06T17:47:35.676+0000] {core_li.py:23} INFO - Successfully updated job requisition 66db04abbf0a19d8769e7c80
[2024-09-06T17:47:35.692+0000] {core_li.py:23} INFO - Successfully updated job requisition 66db04abbf0a19d8769e7c82
[2024-09-06T17:47:35.704+0000] {core_li.py:23} INFO - Successfully updated job requisition 66db04abbf0a19d8769e7c84
[2024-09-06T17:47:35.723+0000] {core_li.py:23} INFO - Successfully updated job requisition 66db04abbf0a19d8769e7c86
[2024-09-06T17:47:35.740+0000] {core_li.py:23} INFO - Successfully updated job requisition 66db04abbf0a19d8769e7c88
[2024-09-06T17:47:35.760+0000] {core_li.py:23} INFO - Successfully updated job requisition 66db04abbf0a19d8769e7c8a
[2024-09-06T17:47:35.768+0000] {core_li.py:23} INFO - Successfully updated job requisition 66db04abbf0a19d8769e7c8c
[2024-09-06T17:47:35.778+0000] {core_li.py:23} INFO - Successfully updated job requisition 66db04abbf0a19d8769e7c8e
[2024-09-06T17:47:35.786+0000] {core_li.py:23} INFO - Successfully updated job requisition 66db04abbf0a19d8769e7c90
[2024-09-06T17:47:35.798+0000] {core_li.py:23} INFO - Successfully updated job requisition 66db04abbf0a19d8769e7c92
[2024-09-06T17:47:35.808+0000] {core_li.py:23} INFO - Successfully updated job requisition 66db04abbf0a19d8769e7c94
[2024-09-06T17:47:35.823+0000] {core_li.py:23} INFO - Successfully updated job requisition 66db04abbf0a19d8769e7c96
[2024-09-06T17:47:35.832+0000] {core_li.py:23} INFO - Successfully updated job requisition 66db04abbf0a19d8769e7c98
[2024-09-06T17:47:35.841+0000] {core_li.py:23} INFO - Successfully updated job requisition 66db04abbf0a19d8769e7c9a
[2024-09-06T17:47:35.854+0000] {core_li.py:23} INFO - Successfully updated job requisition 66db04abbf0a19d8769e7c9c
[2024-09-06T17:47:35.866+0000] {core_li.py:23} INFO - Successfully updated job requisition 66db04abbf0a19d8769e7c9e
[2024-09-06T17:47:35.879+0000] {core_li.py:23} INFO - Successfully updated job requisition 66db04abbf0a19d8769e7ca0
[2024-09-06T17:47:35.890+0000] {core_li.py:23} INFO - Successfully updated job requisition 66db04abbf0a19d8769e7ca2
[2024-09-06T17:47:35.899+0000] {core_li.py:23} INFO - Successfully updated job requisition 66db04abbf0a19d8769e7ca4
[2024-09-06T17:47:35.907+0000] {core_li.py:23} INFO - Successfully updated job requisition 66db04abbf0a19d8769e7ca6
[2024-09-06T17:47:35.916+0000] {core_li.py:23} INFO - Successfully updated job requisition 66db04abbf0a19d8769e7ca8
[2024-09-06T17:47:35.927+0000] {core_li.py:23} INFO - Successfully updated job requisition 66db04abbf0a19d8769e7caa
[2024-09-06T17:47:35.975+0000] {core_li.py:23} INFO - Successfully updated job requisition 66db04abbf0a19d8769e7cac
[2024-09-06T17:47:35.989+0000] {core_li.py:23} INFO - Successfully updated job requisition 66db04abbf0a19d8769e7cae
[2024-09-06T17:47:36.000+0000] {core_li.py:23} INFO - Successfully updated job requisition 66db04abbf0a19d8769e7cb0
[2024-09-06T17:47:36.009+0000] {core_li.py:23} INFO - Successfully updated job requisition 66db04abbf0a19d8769e7cb2
[2024-09-06T17:47:36.021+0000] {core_li.py:23} INFO - Successfully updated job requisition 66db04abbf0a19d8769e7cb4
[2024-09-06T17:47:36.029+0000] {core_li.py:23} INFO - Successfully updated job requisition 66db04abbf0a19d8769e7cb6
[2024-09-06T17:47:36.037+0000] {core_li.py:23} INFO - Successfully updated job requisition 66db04abbf0a19d8769e7cb8
[2024-09-06T17:47:36.048+0000] {core_li.py:23} INFO - Successfully updated job requisition 66db04abbf0a19d8769e7cba
[2024-09-06T17:47:36.065+0000] {core_li.py:23} INFO - Successfully updated job requisition 66db04abbf0a19d8769e7cbc
[2024-09-06T17:47:36.074+0000] {core_li.py:23} INFO - Successfully updated job requisition 66db04abbf0a19d8769e7cbe
[2024-09-06T17:47:36.085+0000] {core_li.py:23} INFO - Successfully updated job requisition 66db04abbf0a19d8769e7cc0
[2024-09-06T17:47:36.093+0000] {core_li.py:23} INFO - Successfully updated job requisition 66db04abbf0a19d8769e7cc2
[2024-09-06T17:47:36.101+0000] {core_li.py:23} INFO - Successfully updated job requisition 66db04abbf0a19d8769e7cc4
[2024-09-06T17:47:36.111+0000] {core_li.py:23} INFO - Successfully updated job requisition 66db04abbf0a19d8769e7cc6
[2024-09-06T17:47:36.122+0000] {core_li.py:23} INFO - Successfully updated job requisition 66db04abbf0a19d8769e7cc8
[2024-09-06T17:47:36.132+0000] {core_li.py:23} INFO - Successfully updated job requisition 66db04abbf0a19d8769e7cca
[2024-09-06T17:47:36.142+0000] {core_li.py:23} INFO - Successfully updated job requisition 66db04abbf0a19d8769e7ccc
[2024-09-06T17:47:36.158+0000] {core_li.py:23} INFO - Successfully updated job requisition 66db04abbf0a19d8769e7cce
[2024-09-06T17:47:36.169+0000] {core_li.py:23} INFO - Successfully updated job requisition 66db04abbf0a19d8769e7cd0
[2024-09-06T17:47:36.193+0000] {core_li.py:23} INFO - Successfully updated job requisition 66db04abbf0a19d8769e7cd2
[2024-09-06T17:47:36.214+0000] {core_li.py:23} INFO - Successfully updated job requisition 66db04abbf0a19d8769e7cd4
[2024-09-06T17:47:36.229+0000] {core_li.py:23} INFO - Successfully updated job requisition 66db04abbf0a19d8769e7cd6
[2024-09-06T17:47:36.250+0000] {core_li.py:23} INFO - Successfully updated job requisition 66db04abbf0a19d8769e7cd8
[2024-09-06T17:47:36.268+0000] {core_li.py:23} INFO - Successfully updated job requisition 66db04abbf0a19d8769e7cda
[2024-09-06T17:47:36.285+0000] {core_li.py:23} INFO - Successfully updated job requisition 66db04abbf0a19d8769e7cdc
[2024-09-06T17:47:36.296+0000] {core_li.py:23} INFO - Successfully updated job requisition 66db04abbf0a19d8769e7cde
[2024-09-06T17:47:36.311+0000] {core_li.py:23} INFO - Successfully updated job requisition 66db04abbf0a19d8769e7ce0
[2024-09-06T17:47:36.322+0000] {core_li.py:23} INFO - Successfully updated job requisition 66db04abbf0a19d8769e7ce2
[2024-09-06T17:47:36.331+0000] {core_li.py:23} INFO - Successfully updated job requisition 66db04abbf0a19d8769e7ce4
[2024-09-06T17:47:36.342+0000] {core_li.py:23} INFO - Successfully updated job requisition 66db04abbf0a19d8769e7ce6
[2024-09-06T17:47:36.351+0000] {core_li.py:23} INFO - Successfully updated job requisition 66db04abbf0a19d8769e7ce8
[2024-09-06T17:47:36.387+0000] {core_li.py:23} INFO - Successfully updated job requisition 66db04abbf0a19d8769e7cea
[2024-09-06T17:47:36.409+0000] {core_li.py:23} INFO - Successfully updated job requisition 66db04abbf0a19d8769e7cec
[2024-09-06T17:47:36.417+0000] {core_li.py:23} INFO - Successfully updated job requisition 66db04abbf0a19d8769e7cee
[2024-09-06T17:47:36.424+0000] {core_li.py:23} INFO - Successfully updated job requisition 66db04abbf0a19d8769e7cf0
[2024-09-06T17:47:36.434+0000] {core_li.py:23} INFO - Successfully updated job requisition 66db04abbf0a19d8769e7cf2
[2024-09-06T17:47:36.445+0000] {core_li.py:23} INFO - Successfully updated job requisition 66db04abbf0a19d8769e7cf4
[2024-09-06T17:47:36.454+0000] {core_li.py:23} INFO - Successfully updated job requisition 66db04acbf0a19d8769e7cf6
[2024-09-06T17:47:36.467+0000] {core_li.py:23} INFO - Successfully updated job requisition 66db04acbf0a19d8769e7cf8
[2024-09-06T17:47:36.468+0000] {python.py:240} INFO - Done. Returned value was: 100
[2024-09-06T17:47:36.490+0000] {taskinstance.py:340} INFO - ::group::Post task execution logs
[2024-09-06T17:47:36.493+0000] {taskinstance.py:352} INFO - Marking task as SUCCESS. dag_id=async_flow, task_id=task_backfill_number_of_cancelled_candidates_in_batch, run_id=manual__2024-09-06T17:47:30.120511+00:00, map_index=26, execution_date=20240906T174730, start_date=20240906T174734, end_date=20240906T174736
[2024-09-06T17:47:36.542+0000] {local_task_job_runner.py:266} INFO - Task exited with return code 0
[2024-09-06T17:47:36.603+0000] {taskinstance.py:3900} INFO - 0 downstream tasks scheduled from follow-on schedule check
[2024-09-06T17:47:36.607+0000] {local_task_job_runner.py:245} INFO - ::endgroup::
