[2024-09-06T17:43:12.192+0000] {local_task_job_runner.py:123} INFO - ::group::Pre task execution logs
[2024-09-06T17:43:12.209+0000] {taskinstance.py:2612} INFO - Dependencies all met for dep_context=non-requeueable deps ti=<TaskInstance: async_flow.task_backfill_number_of_cancelled_candidates_in_batch manual__2024-09-06T17:43:02.727107+00:00 map_index=48 [queued]>
[2024-09-06T17:43:12.218+0000] {taskinstance.py:2612} INFO - Dependencies all met for dep_context=requeueable deps ti=<TaskInstance: async_flow.task_backfill_number_of_cancelled_candidates_in_batch manual__2024-09-06T17:43:02.727107+00:00 map_index=48 [queued]>
[2024-09-06T17:43:12.218+0000] {taskinstance.py:2865} INFO - Starting attempt 1 of 1
[2024-09-06T17:43:12.225+0000] {taskinstance.py:2888} INFO - Executing <Mapped(_PythonDecoratedOperator): task_backfill_number_of_cancelled_candidates_in_batch> on 2024-09-06 17:43:02.727107+00:00
[2024-09-06T17:43:12.228+0000] {warnings.py:112} WARNING - /home/***/.local/lib/python3.12/site-packages/***/task/task_runner/standard_task_runner.py:70: DeprecationWarning: This process (pid=367) is multi-threaded, use of fork() may lead to deadlocks in the child.
  pid = os.fork()

[2024-09-06T17:43:12.229+0000] {standard_task_runner.py:72} INFO - Started process 376 to run task
[2024-09-06T17:43:12.230+0000] {standard_task_runner.py:104} INFO - Running: ['***', 'tasks', 'run', 'async_flow', 'task_backfill_number_of_cancelled_candidates_in_batch', 'manual__2024-09-06T17:43:02.727107+00:00', '--job-id', '224', '--raw', '--subdir', 'DAGS_FOLDER/dags_async_flow.py', '--cfg-path', '/tmp/tmpb5v2w71u', '--map-index', '48']
[2024-09-06T17:43:12.231+0000] {standard_task_runner.py:105} INFO - Job 224: Subtask task_backfill_number_of_cancelled_candidates_in_batch
[2024-09-06T17:43:12.253+0000] {task_command.py:467} INFO - Running <TaskInstance: async_flow.task_backfill_number_of_cancelled_candidates_in_batch manual__2024-09-06T17:43:02.727107+00:00 map_index=48 [running]> on host 0817eb6c24af
[2024-09-06T17:43:12.300+0000] {taskinstance.py:3131} INFO - Exporting env vars: AIRFLOW_CTX_DAG_OWNER='***' AIRFLOW_CTX_DAG_ID='async_flow' AIRFLOW_CTX_TASK_ID='task_backfill_number_of_cancelled_candidates_in_batch' AIRFLOW_CTX_EXECUTION_DATE='2024-09-06T17:43:02.727107+00:00' AIRFLOW_CTX_TRY_NUMBER='1' AIRFLOW_CTX_DAG_RUN_ID='manual__2024-09-06T17:43:02.727107+00:00'
[2024-09-06T17:43:12.300+0000] {taskinstance.py:731} INFO - ::endgroup::
[2024-09-06T17:43:12.308+0000] {core_li.py:23} INFO - Successfully updated job requisition 66db04acbf0a19d8769e80e2
[2024-09-06T17:43:12.315+0000] {core_li.py:23} INFO - Successfully updated job requisition 66db04acbf0a19d8769e80e4
[2024-09-06T17:43:12.320+0000] {core_li.py:23} INFO - Successfully updated job requisition 66db04acbf0a19d8769e80e6
[2024-09-06T17:43:12.324+0000] {core_li.py:23} INFO - Successfully updated job requisition 66db04acbf0a19d8769e80e8
[2024-09-06T17:43:12.328+0000] {core_li.py:23} INFO - Successfully updated job requisition 66db04acbf0a19d8769e80ea
[2024-09-06T17:43:12.332+0000] {core_li.py:23} INFO - Successfully updated job requisition 66db04acbf0a19d8769e80ec
[2024-09-06T17:43:12.337+0000] {core_li.py:23} INFO - Successfully updated job requisition 66db04acbf0a19d8769e80ee
[2024-09-06T17:43:12.341+0000] {core_li.py:23} INFO - Successfully updated job requisition 66db04acbf0a19d8769e80f0
[2024-09-06T17:43:12.347+0000] {core_li.py:23} INFO - Successfully updated job requisition 66db04acbf0a19d8769e80f2
[2024-09-06T17:43:12.354+0000] {core_li.py:23} INFO - Successfully updated job requisition 66db04acbf0a19d8769e80f4
[2024-09-06T17:43:12.358+0000] {core_li.py:23} INFO - Successfully updated job requisition 66db04acbf0a19d8769e80f6
[2024-09-06T17:43:12.362+0000] {core_li.py:23} INFO - Successfully updated job requisition 66db04acbf0a19d8769e80f8
[2024-09-06T17:43:12.365+0000] {core_li.py:23} INFO - Successfully updated job requisition 66db04acbf0a19d8769e80fa
[2024-09-06T17:43:12.370+0000] {core_li.py:23} INFO - Successfully updated job requisition 66db04acbf0a19d8769e80fc
[2024-09-06T17:43:12.374+0000] {core_li.py:23} INFO - Successfully updated job requisition 66db04acbf0a19d8769e80fe
[2024-09-06T17:43:12.377+0000] {core_li.py:23} INFO - Successfully updated job requisition 66db04acbf0a19d8769e8100
[2024-09-06T17:43:12.384+0000] {core_li.py:23} INFO - Successfully updated job requisition 66db04acbf0a19d8769e8102
[2024-09-06T17:43:12.387+0000] {core_li.py:23} INFO - Successfully updated job requisition 66db04acbf0a19d8769e8104
[2024-09-06T17:43:12.391+0000] {core_li.py:23} INFO - Successfully updated job requisition 66db04acbf0a19d8769e8106
[2024-09-06T17:43:12.397+0000] {core_li.py:23} INFO - Successfully updated job requisition 66db04acbf0a19d8769e8108
[2024-09-06T17:43:12.400+0000] {core_li.py:23} INFO - Successfully updated job requisition 66db04acbf0a19d8769e810a
[2024-09-06T17:43:12.404+0000] {core_li.py:23} INFO - Successfully updated job requisition 66db04acbf0a19d8769e810c
[2024-09-06T17:43:12.408+0000] {core_li.py:23} INFO - Successfully updated job requisition 66db04acbf0a19d8769e810e
[2024-09-06T17:43:12.411+0000] {core_li.py:23} INFO - Successfully updated job requisition 66db04acbf0a19d8769e8110
[2024-09-06T17:43:12.415+0000] {core_li.py:23} INFO - Successfully updated job requisition 66db04acbf0a19d8769e8112
[2024-09-06T17:43:12.420+0000] {core_li.py:23} INFO - Successfully updated job requisition 66db04acbf0a19d8769e8114
[2024-09-06T17:43:12.423+0000] {core_li.py:23} INFO - Successfully updated job requisition 66db04acbf0a19d8769e8116
[2024-09-06T17:43:12.428+0000] {core_li.py:23} INFO - Successfully updated job requisition 66db04acbf0a19d8769e8118
[2024-09-06T17:43:12.431+0000] {core_li.py:23} INFO - Successfully updated job requisition 66db04acbf0a19d8769e811a
[2024-09-06T17:43:12.435+0000] {core_li.py:23} INFO - Successfully updated job requisition 66db04acbf0a19d8769e811c
[2024-09-06T17:43:12.439+0000] {core_li.py:23} INFO - Successfully updated job requisition 66db04acbf0a19d8769e811e
[2024-09-06T17:43:12.443+0000] {core_li.py:23} INFO - Successfully updated job requisition 66db04acbf0a19d8769e8120
[2024-09-06T17:43:12.446+0000] {core_li.py:23} INFO - Successfully updated job requisition 66db04acbf0a19d8769e8122
[2024-09-06T17:43:12.449+0000] {core_li.py:23} INFO - Successfully updated job requisition 66db04acbf0a19d8769e8124
[2024-09-06T17:43:12.453+0000] {core_li.py:23} INFO - Successfully updated job requisition 66db04acbf0a19d8769e8126
[2024-09-06T17:43:12.458+0000] {core_li.py:23} INFO - Successfully updated job requisition 66db04acbf0a19d8769e8128
[2024-09-06T17:43:12.462+0000] {core_li.py:23} INFO - Successfully updated job requisition 66db04acbf0a19d8769e812a
[2024-09-06T17:43:12.466+0000] {core_li.py:23} INFO - Successfully updated job requisition 66db04acbf0a19d8769e812c
[2024-09-06T17:43:12.471+0000] {core_li.py:23} INFO - Successfully updated job requisition 66db04acbf0a19d8769e812e
[2024-09-06T17:43:12.476+0000] {core_li.py:23} INFO - Successfully updated job requisition 66db04acbf0a19d8769e8130
[2024-09-06T17:43:12.480+0000] {core_li.py:23} INFO - Successfully updated job requisition 66db04acbf0a19d8769e8132
[2024-09-06T17:43:12.486+0000] {core_li.py:23} INFO - Successfully updated job requisition 66db04acbf0a19d8769e8134
[2024-09-06T17:43:12.489+0000] {core_li.py:23} INFO - Successfully updated job requisition 66db04acbf0a19d8769e8136
[2024-09-06T17:43:12.495+0000] {core_li.py:23} INFO - Successfully updated job requisition 66db04acbf0a19d8769e8138
[2024-09-06T17:43:12.498+0000] {core_li.py:23} INFO - Successfully updated job requisition 66db04acbf0a19d8769e813a
[2024-09-06T17:43:12.501+0000] {core_li.py:23} INFO - Successfully updated job requisition 66db04acbf0a19d8769e813c
[2024-09-06T17:43:12.506+0000] {core_li.py:23} INFO - Successfully updated job requisition 66db04acbf0a19d8769e813e
[2024-09-06T17:43:12.510+0000] {core_li.py:23} INFO - Successfully updated job requisition 66db04acbf0a19d8769e8140
[2024-09-06T17:43:12.514+0000] {core_li.py:23} INFO - Successfully updated job requisition 66db04acbf0a19d8769e8142
[2024-09-06T17:43:12.520+0000] {core_li.py:23} INFO - Successfully updated job requisition 66db04acbf0a19d8769e8144
[2024-09-06T17:43:12.524+0000] {core_li.py:23} INFO - Successfully updated job requisition 66db04acbf0a19d8769e8146
[2024-09-06T17:43:12.529+0000] {core_li.py:23} INFO - Successfully updated job requisition 66db04acbf0a19d8769e8148
[2024-09-06T17:43:12.533+0000] {core_li.py:23} INFO - Successfully updated job requisition 66db04acbf0a19d8769e814a
[2024-09-06T17:43:12.537+0000] {core_li.py:23} INFO - Successfully updated job requisition 66db04acbf0a19d8769e814c
[2024-09-06T17:43:12.541+0000] {core_li.py:23} INFO - Successfully updated job requisition 66db04acbf0a19d8769e814e
[2024-09-06T17:43:12.544+0000] {core_li.py:23} INFO - Successfully updated job requisition 66db04acbf0a19d8769e8150
[2024-09-06T17:43:12.548+0000] {core_li.py:23} INFO - Successfully updated job requisition 66db04acbf0a19d8769e8152
[2024-09-06T17:43:12.554+0000] {core_li.py:23} INFO - Successfully updated job requisition 66db04acbf0a19d8769e8154
[2024-09-06T17:43:12.557+0000] {core_li.py:23} INFO - Successfully updated job requisition 66db04acbf0a19d8769e8156
[2024-09-06T17:43:12.561+0000] {core_li.py:23} INFO - Successfully updated job requisition 66db04acbf0a19d8769e8158
[2024-09-06T17:43:12.565+0000] {core_li.py:23} INFO - Successfully updated job requisition 66db04acbf0a19d8769e815a
[2024-09-06T17:43:12.568+0000] {core_li.py:23} INFO - Successfully updated job requisition 66db04acbf0a19d8769e815c
[2024-09-06T17:43:12.571+0000] {core_li.py:23} INFO - Successfully updated job requisition 66db04acbf0a19d8769e815e
[2024-09-06T17:43:12.575+0000] {core_li.py:23} INFO - Successfully updated job requisition 66db04acbf0a19d8769e8160
[2024-09-06T17:43:12.578+0000] {core_li.py:23} INFO - Successfully updated job requisition 66db04acbf0a19d8769e8162
[2024-09-06T17:43:12.581+0000] {core_li.py:23} INFO - Successfully updated job requisition 66db04acbf0a19d8769e8164
[2024-09-06T17:43:12.585+0000] {core_li.py:23} INFO - Successfully updated job requisition 66db04acbf0a19d8769e8166
[2024-09-06T17:43:12.588+0000] {core_li.py:23} INFO - Successfully updated job requisition 66db04acbf0a19d8769e8168
[2024-09-06T17:43:12.591+0000] {core_li.py:23} INFO - Successfully updated job requisition 66db04acbf0a19d8769e816a
[2024-09-06T17:43:12.595+0000] {core_li.py:23} INFO - Successfully updated job requisition 66db04acbf0a19d8769e816c
[2024-09-06T17:43:12.598+0000] {core_li.py:23} INFO - Successfully updated job requisition 66db04acbf0a19d8769e816e
[2024-09-06T17:43:12.604+0000] {core_li.py:23} INFO - Successfully updated job requisition 66db04acbf0a19d8769e8170
[2024-09-06T17:43:12.607+0000] {core_li.py:23} INFO - Successfully updated job requisition 66db04acbf0a19d8769e8172
[2024-09-06T17:43:12.610+0000] {core_li.py:23} INFO - Successfully updated job requisition 66db04acbf0a19d8769e8174
[2024-09-06T17:43:12.615+0000] {core_li.py:23} INFO - Successfully updated job requisition 66db04acbf0a19d8769e8176
[2024-09-06T17:43:12.621+0000] {core_li.py:23} INFO - Successfully updated job requisition 66db04acbf0a19d8769e8178
[2024-09-06T17:43:12.625+0000] {core_li.py:23} INFO - Successfully updated job requisition 66db04acbf0a19d8769e817a
[2024-09-06T17:43:12.630+0000] {core_li.py:23} INFO - Successfully updated job requisition 66db04acbf0a19d8769e817c
[2024-09-06T17:43:12.633+0000] {core_li.py:23} INFO - Successfully updated job requisition 66db04acbf0a19d8769e817e
[2024-09-06T17:43:12.639+0000] {core_li.py:23} INFO - Successfully updated job requisition 66db04acbf0a19d8769e8180
[2024-09-06T17:43:12.642+0000] {core_li.py:23} INFO - Successfully updated job requisition 66db04acbf0a19d8769e8182
[2024-09-06T17:43:12.647+0000] {core_li.py:23} INFO - Successfully updated job requisition 66db04acbf0a19d8769e8184
[2024-09-06T17:43:12.651+0000] {core_li.py:23} INFO - Successfully updated job requisition 66db04acbf0a19d8769e8186
[2024-09-06T17:43:12.654+0000] {core_li.py:23} INFO - Successfully updated job requisition 66db04acbf0a19d8769e8188
[2024-09-06T17:43:12.659+0000] {core_li.py:23} INFO - Successfully updated job requisition 66db04acbf0a19d8769e818a
[2024-09-06T17:43:12.662+0000] {core_li.py:23} INFO - Successfully updated job requisition 66db04acbf0a19d8769e818c
[2024-09-06T17:43:12.666+0000] {core_li.py:23} INFO - Successfully updated job requisition 66db04acbf0a19d8769e818e
[2024-09-06T17:43:12.669+0000] {core_li.py:23} INFO - Successfully updated job requisition 66db04acbf0a19d8769e8190
[2024-09-06T17:43:12.673+0000] {core_li.py:23} INFO - Successfully updated job requisition 66db04acbf0a19d8769e8192
[2024-09-06T17:43:12.677+0000] {core_li.py:23} INFO - Successfully updated job requisition 66db04acbf0a19d8769e8194
[2024-09-06T17:43:12.680+0000] {core_li.py:23} INFO - Successfully updated job requisition 66db04acbf0a19d8769e8196
[2024-09-06T17:43:12.684+0000] {core_li.py:23} INFO - Successfully updated job requisition 66db04acbf0a19d8769e8198
[2024-09-06T17:43:12.687+0000] {core_li.py:23} INFO - Successfully updated job requisition 66db04acbf0a19d8769e819a
[2024-09-06T17:43:12.691+0000] {core_li.py:23} INFO - Successfully updated job requisition 66db04acbf0a19d8769e819c
[2024-09-06T17:43:12.695+0000] {core_li.py:23} INFO - Successfully updated job requisition 66db04acbf0a19d8769e819e
[2024-09-06T17:43:12.698+0000] {core_li.py:23} INFO - Successfully updated job requisition 66db04acbf0a19d8769e81a0
[2024-09-06T17:43:12.702+0000] {core_li.py:23} INFO - Successfully updated job requisition 66db04acbf0a19d8769e81a2
[2024-09-06T17:43:12.705+0000] {core_li.py:23} INFO - Successfully updated job requisition 66db04acbf0a19d8769e81a4
[2024-09-06T17:43:12.709+0000] {core_li.py:23} INFO - Successfully updated job requisition 66db04acbf0a19d8769e81a6
[2024-09-06T17:43:12.712+0000] {core_li.py:23} INFO - Successfully updated job requisition 66db04acbf0a19d8769e81a8
[2024-09-06T17:43:12.712+0000] {python.py:240} INFO - Done. Returned value was: 100
[2024-09-06T17:43:12.725+0000] {taskinstance.py:340} INFO - ::group::Post task execution logs
[2024-09-06T17:43:12.725+0000] {taskinstance.py:352} INFO - Marking task as SUCCESS. dag_id=async_flow, task_id=task_backfill_number_of_cancelled_candidates_in_batch, run_id=manual__2024-09-06T17:43:02.727107+00:00, map_index=48, execution_date=20240906T174302, start_date=20240906T174312, end_date=20240906T174312
[2024-09-06T17:43:12.736+0000] {local_task_job_runner.py:266} INFO - Task exited with return code 0
[2024-09-06T17:43:12.742+0000] {local_task_job_runner.py:245} INFO - ::endgroup::
