[2024-09-06T17:43:04.571+0000] {local_task_job_runner.py:123} INFO - ::group::Pre task execution logs
[2024-09-06T17:43:04.652+0000] {taskinstance.py:2612} INFO - Dependencies all met for dep_context=non-requeueable deps ti=<TaskInstance: async_flow.task_backfill_number_of_cancelled_candidates_in_batch manual__2024-09-06T17:43:02.727107+00:00 map_index=5 [queued]>
[2024-09-06T17:43:04.671+0000] {taskinstance.py:2612} INFO - Dependencies all met for dep_context=requeueable deps ti=<TaskInstance: async_flow.task_backfill_number_of_cancelled_candidates_in_batch manual__2024-09-06T17:43:02.727107+00:00 map_index=5 [queued]>
[2024-09-06T17:43:04.672+0000] {taskinstance.py:2865} INFO - Starting attempt 1 of 1
[2024-09-06T17:43:04.700+0000] {taskinstance.py:2888} INFO - Executing <Mapped(_PythonDecoratedOperator): task_backfill_number_of_cancelled_candidates_in_batch> on 2024-09-06 17:43:02.727107+00:00
[2024-09-06T17:43:04.711+0000] {warnings.py:112} WARNING - /home/***/.local/lib/python3.12/site-packages/***/task/task_runner/standard_task_runner.py:70: DeprecationWarning: This process (pid=93) is multi-threaded, use of fork() may lead to deadlocks in the child.
  pid = os.fork()

[2024-09-06T17:43:04.713+0000] {standard_task_runner.py:72} INFO - Started process 170 to run task
[2024-09-06T17:43:04.833+0000] {standard_task_runner.py:104} INFO - Running: ['***', 'tasks', 'run', 'async_flow', 'task_backfill_number_of_cancelled_candidates_in_batch', 'manual__2024-09-06T17:43:02.727107+00:00', '--job-id', '190', '--raw', '--subdir', 'DAGS_FOLDER/dags_async_flow.py', '--cfg-path', '/tmp/tmpgh4wj15z', '--map-index', '5']
[2024-09-06T17:43:04.839+0000] {standard_task_runner.py:105} INFO - Job 190: Subtask task_backfill_number_of_cancelled_candidates_in_batch
[2024-09-06T17:43:04.956+0000] {task_command.py:467} INFO - Running <TaskInstance: async_flow.task_backfill_number_of_cancelled_candidates_in_batch manual__2024-09-06T17:43:02.727107+00:00 map_index=5 [running]> on host 0817eb6c24af
[2024-09-06T17:43:05.076+0000] {taskinstance.py:3131} INFO - Exporting env vars: AIRFLOW_CTX_DAG_OWNER='***' AIRFLOW_CTX_DAG_ID='async_flow' AIRFLOW_CTX_TASK_ID='task_backfill_number_of_cancelled_candidates_in_batch' AIRFLOW_CTX_EXECUTION_DATE='2024-09-06T17:43:02.727107+00:00' AIRFLOW_CTX_TRY_NUMBER='1' AIRFLOW_CTX_DAG_RUN_ID='manual__2024-09-06T17:43:02.727107+00:00'
[2024-09-06T17:43:05.077+0000] {taskinstance.py:731} INFO - ::endgroup::
[2024-09-06T17:43:05.093+0000] {core_li.py:23} INFO - Successfully updated job requisition 66db04aabf0a19d8769e5f4a
[2024-09-06T17:43:05.106+0000] {core_li.py:23} INFO - Successfully updated job requisition 66db04aabf0a19d8769e5f4c
[2024-09-06T17:43:05.117+0000] {core_li.py:23} INFO - Successfully updated job requisition 66db04aabf0a19d8769e5f4e
[2024-09-06T17:43:05.128+0000] {core_li.py:23} INFO - Successfully updated job requisition 66db04aabf0a19d8769e5f50
[2024-09-06T17:43:05.138+0000] {core_li.py:23} INFO - Successfully updated job requisition 66db04aabf0a19d8769e5f52
[2024-09-06T17:43:05.146+0000] {core_li.py:23} INFO - Successfully updated job requisition 66db04aabf0a19d8769e5f54
[2024-09-06T17:43:05.154+0000] {core_li.py:23} INFO - Successfully updated job requisition 66db04aabf0a19d8769e5f56
[2024-09-06T17:43:05.162+0000] {core_li.py:23} INFO - Successfully updated job requisition 66db04aabf0a19d8769e5f58
[2024-09-06T17:43:05.168+0000] {core_li.py:23} INFO - Successfully updated job requisition 66db04aabf0a19d8769e5f5a
[2024-09-06T17:43:05.176+0000] {core_li.py:23} INFO - Successfully updated job requisition 66db04aabf0a19d8769e5f5c
[2024-09-06T17:43:05.184+0000] {core_li.py:23} INFO - Successfully updated job requisition 66db04aabf0a19d8769e5f5e
[2024-09-06T17:43:05.196+0000] {core_li.py:23} INFO - Successfully updated job requisition 66db04aabf0a19d8769e5f60
[2024-09-06T17:43:05.206+0000] {core_li.py:23} INFO - Successfully updated job requisition 66db04aabf0a19d8769e5f62
[2024-09-06T17:43:05.220+0000] {core_li.py:23} INFO - Successfully updated job requisition 66db04aabf0a19d8769e5f64
[2024-09-06T17:43:05.231+0000] {core_li.py:23} INFO - Successfully updated job requisition 66db04aabf0a19d8769e5f66
[2024-09-06T17:43:05.239+0000] {core_li.py:23} INFO - Successfully updated job requisition 66db04aabf0a19d8769e5f68
[2024-09-06T17:43:05.258+0000] {core_li.py:23} INFO - Successfully updated job requisition 66db04aabf0a19d8769e5f6a
[2024-09-06T17:43:05.272+0000] {core_li.py:23} INFO - Successfully updated job requisition 66db04aabf0a19d8769e5f6c
[2024-09-06T17:43:05.280+0000] {core_li.py:23} INFO - Successfully updated job requisition 66db04aabf0a19d8769e5f6e
[2024-09-06T17:43:05.288+0000] {core_li.py:23} INFO - Successfully updated job requisition 66db04aabf0a19d8769e5f70
[2024-09-06T17:43:05.302+0000] {core_li.py:23} INFO - Successfully updated job requisition 66db04aabf0a19d8769e5f72
[2024-09-06T17:43:05.313+0000] {core_li.py:23} INFO - Successfully updated job requisition 66db04aabf0a19d8769e5f74
[2024-09-06T17:43:05.323+0000] {core_li.py:23} INFO - Successfully updated job requisition 66db04aabf0a19d8769e5f76
[2024-09-06T17:43:05.330+0000] {core_li.py:23} INFO - Successfully updated job requisition 66db04aabf0a19d8769e5f78
[2024-09-06T17:43:05.342+0000] {core_li.py:23} INFO - Successfully updated job requisition 66db04aabf0a19d8769e5f7a
[2024-09-06T17:43:05.351+0000] {core_li.py:23} INFO - Successfully updated job requisition 66db04aabf0a19d8769e5f7c
[2024-09-06T17:43:05.359+0000] {core_li.py:23} INFO - Successfully updated job requisition 66db04aabf0a19d8769e5f7e
[2024-09-06T17:43:05.368+0000] {core_li.py:23} INFO - Successfully updated job requisition 66db04aabf0a19d8769e5f80
[2024-09-06T17:43:05.378+0000] {core_li.py:23} INFO - Successfully updated job requisition 66db04aabf0a19d8769e5f82
[2024-09-06T17:43:05.386+0000] {core_li.py:23} INFO - Successfully updated job requisition 66db04aabf0a19d8769e5f84
[2024-09-06T17:43:05.395+0000] {core_li.py:23} INFO - Successfully updated job requisition 66db04aabf0a19d8769e5f86
[2024-09-06T17:43:05.401+0000] {core_li.py:23} INFO - Successfully updated job requisition 66db04aabf0a19d8769e5f88
[2024-09-06T17:43:05.413+0000] {core_li.py:23} INFO - Successfully updated job requisition 66db04aabf0a19d8769e5f8a
[2024-09-06T17:43:05.421+0000] {core_li.py:23} INFO - Successfully updated job requisition 66db04aabf0a19d8769e5f8c
[2024-09-06T17:43:05.432+0000] {core_li.py:23} INFO - Successfully updated job requisition 66db04aabf0a19d8769e5f8e
[2024-09-06T17:43:05.439+0000] {core_li.py:23} INFO - Successfully updated job requisition 66db04aabf0a19d8769e5f90
[2024-09-06T17:43:05.450+0000] {core_li.py:23} INFO - Successfully updated job requisition 66db04aabf0a19d8769e5f92
[2024-09-06T17:43:05.462+0000] {core_li.py:23} INFO - Successfully updated job requisition 66db04aabf0a19d8769e5f94
[2024-09-06T17:43:05.469+0000] {core_li.py:23} INFO - Successfully updated job requisition 66db04aabf0a19d8769e5f96
[2024-09-06T17:43:05.478+0000] {core_li.py:23} INFO - Successfully updated job requisition 66db04aabf0a19d8769e5f98
[2024-09-06T17:43:05.490+0000] {core_li.py:23} INFO - Successfully updated job requisition 66db04aabf0a19d8769e5f9a
[2024-09-06T17:43:05.502+0000] {core_li.py:23} INFO - Successfully updated job requisition 66db04aabf0a19d8769e5f9c
[2024-09-06T17:43:05.509+0000] {core_li.py:23} INFO - Successfully updated job requisition 66db04aabf0a19d8769e5f9e
[2024-09-06T17:43:05.516+0000] {core_li.py:23} INFO - Successfully updated job requisition 66db04aabf0a19d8769e5fa0
[2024-09-06T17:43:05.523+0000] {core_li.py:23} INFO - Successfully updated job requisition 66db04aabf0a19d8769e5fa2
[2024-09-06T17:43:05.535+0000] {core_li.py:23} INFO - Successfully updated job requisition 66db04aabf0a19d8769e5fa4
[2024-09-06T17:43:05.550+0000] {core_li.py:23} INFO - Successfully updated job requisition 66db04aabf0a19d8769e5fa6
[2024-09-06T17:43:05.563+0000] {core_li.py:23} INFO - Successfully updated job requisition 66db04aabf0a19d8769e5fa8
[2024-09-06T17:43:05.579+0000] {core_li.py:23} INFO - Successfully updated job requisition 66db04aabf0a19d8769e5faa
[2024-09-06T17:43:05.594+0000] {core_li.py:23} INFO - Successfully updated job requisition 66db04aabf0a19d8769e5fac
[2024-09-06T17:43:05.605+0000] {core_li.py:23} INFO - Successfully updated job requisition 66db04aabf0a19d8769e5fae
[2024-09-06T17:43:05.619+0000] {core_li.py:23} INFO - Successfully updated job requisition 66db04aabf0a19d8769e5fb0
[2024-09-06T17:43:05.631+0000] {core_li.py:23} INFO - Successfully updated job requisition 66db04aabf0a19d8769e5fb2
[2024-09-06T17:43:05.676+0000] {core_li.py:23} INFO - Successfully updated job requisition 66db04aabf0a19d8769e5fb4
[2024-09-06T17:43:05.699+0000] {core_li.py:23} INFO - Successfully updated job requisition 66db04aabf0a19d8769e5fb6
[2024-09-06T17:43:05.731+0000] {core_li.py:23} INFO - Successfully updated job requisition 66db04aabf0a19d8769e5fb8
[2024-09-06T17:43:05.749+0000] {core_li.py:23} INFO - Successfully updated job requisition 66db04aabf0a19d8769e5fba
[2024-09-06T17:43:05.769+0000] {core_li.py:23} INFO - Successfully updated job requisition 66db04aabf0a19d8769e5fbc
[2024-09-06T17:43:05.794+0000] {core_li.py:23} INFO - Successfully updated job requisition 66db04aabf0a19d8769e5fbe
[2024-09-06T17:43:05.810+0000] {core_li.py:23} INFO - Successfully updated job requisition 66db04aabf0a19d8769e5fc0
[2024-09-06T17:43:05.823+0000] {core_li.py:23} INFO - Successfully updated job requisition 66db04aabf0a19d8769e5fc2
[2024-09-06T17:43:05.833+0000] {core_li.py:23} INFO - Successfully updated job requisition 66db04aabf0a19d8769e5fc4
[2024-09-06T17:43:05.849+0000] {core_li.py:23} INFO - Successfully updated job requisition 66db04aabf0a19d8769e5fc6
[2024-09-06T17:43:05.863+0000] {core_li.py:23} INFO - Successfully updated job requisition 66db04aabf0a19d8769e5fc8
[2024-09-06T17:43:05.877+0000] {core_li.py:23} INFO - Successfully updated job requisition 66db04aabf0a19d8769e5fca
[2024-09-06T17:43:05.896+0000] {core_li.py:23} INFO - Successfully updated job requisition 66db04aabf0a19d8769e5fcc
[2024-09-06T17:43:05.906+0000] {core_li.py:23} INFO - Successfully updated job requisition 66db04aabf0a19d8769e5fce
[2024-09-06T17:43:05.917+0000] {core_li.py:23} INFO - Successfully updated job requisition 66db04aabf0a19d8769e5fd0
[2024-09-06T17:43:05.930+0000] {core_li.py:23} INFO - Successfully updated job requisition 66db04aabf0a19d8769e5fd2
[2024-09-06T17:43:05.940+0000] {core_li.py:23} INFO - Successfully updated job requisition 66db04aabf0a19d8769e5fd4
[2024-09-06T17:43:05.951+0000] {core_li.py:23} INFO - Successfully updated job requisition 66db04aabf0a19d8769e5fd6
[2024-09-06T17:43:05.971+0000] {core_li.py:23} INFO - Successfully updated job requisition 66db04aabf0a19d8769e5fd8
[2024-09-06T17:43:05.987+0000] {core_li.py:23} INFO - Successfully updated job requisition 66db04aabf0a19d8769e5fda
[2024-09-06T17:43:05.995+0000] {core_li.py:23} INFO - Successfully updated job requisition 66db04aabf0a19d8769e5fdc
[2024-09-06T17:43:06.014+0000] {core_li.py:23} INFO - Successfully updated job requisition 66db04aabf0a19d8769e5fde
[2024-09-06T17:43:06.023+0000] {core_li.py:23} INFO - Successfully updated job requisition 66db04aabf0a19d8769e5fe0
[2024-09-06T17:43:06.032+0000] {core_li.py:23} INFO - Successfully updated job requisition 66db04aabf0a19d8769e5fe2
[2024-09-06T17:43:06.043+0000] {core_li.py:23} INFO - Successfully updated job requisition 66db04aabf0a19d8769e5fe4
[2024-09-06T17:43:06.053+0000] {core_li.py:23} INFO - Successfully updated job requisition 66db04aabf0a19d8769e5fe6
[2024-09-06T17:43:06.062+0000] {core_li.py:23} INFO - Successfully updated job requisition 66db04aabf0a19d8769e5fe8
[2024-09-06T17:43:06.072+0000] {core_li.py:23} INFO - Successfully updated job requisition 66db04aabf0a19d8769e5fea
[2024-09-06T17:43:06.085+0000] {core_li.py:23} INFO - Successfully updated job requisition 66db04aabf0a19d8769e5fec
[2024-09-06T17:43:06.094+0000] {core_li.py:23} INFO - Successfully updated job requisition 66db04aabf0a19d8769e5fee
[2024-09-06T17:43:06.103+0000] {core_li.py:23} INFO - Successfully updated job requisition 66db04aabf0a19d8769e5ff0
[2024-09-06T17:43:06.113+0000] {core_li.py:23} INFO - Successfully updated job requisition 66db04aabf0a19d8769e5ff2
[2024-09-06T17:43:06.122+0000] {core_li.py:23} INFO - Successfully updated job requisition 66db04aabf0a19d8769e5ff4
[2024-09-06T17:43:06.131+0000] {core_li.py:23} INFO - Successfully updated job requisition 66db04aabf0a19d8769e5ff6
[2024-09-06T17:43:06.146+0000] {core_li.py:23} INFO - Successfully updated job requisition 66db04aabf0a19d8769e5ff8
[2024-09-06T17:43:06.157+0000] {core_li.py:23} INFO - Successfully updated job requisition 66db04aabf0a19d8769e5ffa
[2024-09-06T17:43:06.166+0000] {core_li.py:23} INFO - Successfully updated job requisition 66db04aabf0a19d8769e5ffc
[2024-09-06T17:43:06.176+0000] {core_li.py:23} INFO - Successfully updated job requisition 66db04aabf0a19d8769e5ffe
[2024-09-06T17:43:06.184+0000] {core_li.py:23} INFO - Successfully updated job requisition 66db04aabf0a19d8769e6000
[2024-09-06T17:43:06.195+0000] {core_li.py:23} INFO - Successfully updated job requisition 66db04aabf0a19d8769e6002
[2024-09-06T17:43:06.206+0000] {core_li.py:23} INFO - Successfully updated job requisition 66db04aabf0a19d8769e6004
[2024-09-06T17:43:06.213+0000] {core_li.py:23} INFO - Successfully updated job requisition 66db04aabf0a19d8769e6006
[2024-09-06T17:43:06.227+0000] {core_li.py:23} INFO - Successfully updated job requisition 66db04aabf0a19d8769e6008
[2024-09-06T17:43:06.240+0000] {core_li.py:23} INFO - Successfully updated job requisition 66db04aabf0a19d8769e600a
[2024-09-06T17:43:06.252+0000] {core_li.py:23} INFO - Successfully updated job requisition 66db04aabf0a19d8769e600c
[2024-09-06T17:43:06.265+0000] {core_li.py:23} INFO - Successfully updated job requisition 66db04aabf0a19d8769e600e
[2024-09-06T17:43:06.277+0000] {core_li.py:23} INFO - Successfully updated job requisition 66db04aabf0a19d8769e6010
[2024-09-06T17:43:06.279+0000] {python.py:240} INFO - Done. Returned value was: 100
[2024-09-06T17:43:06.315+0000] {taskinstance.py:340} INFO - ::group::Post task execution logs
[2024-09-06T17:43:06.318+0000] {taskinstance.py:352} INFO - Marking task as SUCCESS. dag_id=async_flow, task_id=task_backfill_number_of_cancelled_candidates_in_batch, run_id=manual__2024-09-06T17:43:02.727107+00:00, map_index=5, execution_date=20240906T174302, start_date=20240906T174304, end_date=20240906T174306
[2024-09-06T17:43:06.345+0000] {local_task_job_runner.py:266} INFO - Task exited with return code 0
[2024-09-06T17:43:06.362+0000] {local_task_job_runner.py:245} INFO - ::endgroup::
