[2024-09-06T17:43:04.429+0000] {local_task_job_runner.py:123} INFO - ::group::Pre task execution logs
[2024-09-06T17:43:04.464+0000] {taskinstance.py:2612} INFO - Dependencies all met for dep_context=non-requeueable deps ti=<TaskInstance: async_flow.task_backfill_number_of_cancelled_candidates_in_batch manual__2024-09-06T17:43:02.727107+00:00 map_index=4 [queued]>
[2024-09-06T17:43:04.478+0000] {taskinstance.py:2612} INFO - Dependencies all met for dep_context=requeueable deps ti=<TaskInstance: async_flow.task_backfill_number_of_cancelled_candidates_in_batch manual__2024-09-06T17:43:02.727107+00:00 map_index=4 [queued]>
[2024-09-06T17:43:04.480+0000] {taskinstance.py:2865} INFO - Starting attempt 1 of 1
[2024-09-06T17:43:04.495+0000] {taskinstance.py:2888} INFO - Executing <Mapped(_PythonDecoratedOperator): task_backfill_number_of_cancelled_candidates_in_batch> on 2024-09-06 17:43:02.727107+00:00
[2024-09-06T17:43:04.502+0000] {warnings.py:112} WARNING - /home/***/.local/lib/python3.12/site-packages/***/task/task_runner/standard_task_runner.py:70: DeprecationWarning: This process (pid=79) is multi-threaded, use of fork() may lead to deadlocks in the child.
  pid = os.fork()

[2024-09-06T17:43:04.506+0000] {standard_task_runner.py:72} INFO - Started process 152 to run task
[2024-09-06T17:43:04.509+0000] {standard_task_runner.py:104} INFO - Running: ['***', 'tasks', 'run', 'async_flow', 'task_backfill_number_of_cancelled_candidates_in_batch', 'manual__2024-09-06T17:43:02.727107+00:00', '--job-id', '183', '--raw', '--subdir', 'DAGS_FOLDER/dags_async_flow.py', '--cfg-path', '/tmp/tmp3gbm48k4', '--map-index', '4']
[2024-09-06T17:43:04.512+0000] {standard_task_runner.py:105} INFO - Job 183: Subtask task_backfill_number_of_cancelled_candidates_in_batch
[2024-09-06T17:43:04.626+0000] {task_command.py:467} INFO - Running <TaskInstance: async_flow.task_backfill_number_of_cancelled_candidates_in_batch manual__2024-09-06T17:43:02.727107+00:00 map_index=4 [running]> on host 0817eb6c24af
[2024-09-06T17:43:04.961+0000] {taskinstance.py:3131} INFO - Exporting env vars: AIRFLOW_CTX_DAG_OWNER='***' AIRFLOW_CTX_DAG_ID='async_flow' AIRFLOW_CTX_TASK_ID='task_backfill_number_of_cancelled_candidates_in_batch' AIRFLOW_CTX_EXECUTION_DATE='2024-09-06T17:43:02.727107+00:00' AIRFLOW_CTX_TRY_NUMBER='1' AIRFLOW_CTX_DAG_RUN_ID='manual__2024-09-06T17:43:02.727107+00:00'
[2024-09-06T17:43:04.968+0000] {taskinstance.py:731} INFO - ::endgroup::
[2024-09-06T17:43:04.995+0000] {core_li.py:23} INFO - Successfully updated job requisition 66db04aabf0a19d8769e5e82
[2024-09-06T17:43:05.008+0000] {core_li.py:23} INFO - Successfully updated job requisition 66db04aabf0a19d8769e5e84
[2024-09-06T17:43:05.020+0000] {core_li.py:23} INFO - Successfully updated job requisition 66db04aabf0a19d8769e5e86
[2024-09-06T17:43:05.033+0000] {core_li.py:23} INFO - Successfully updated job requisition 66db04aabf0a19d8769e5e88
[2024-09-06T17:43:05.044+0000] {core_li.py:23} INFO - Successfully updated job requisition 66db04aabf0a19d8769e5e8a
[2024-09-06T17:43:05.061+0000] {core_li.py:23} INFO - Successfully updated job requisition 66db04aabf0a19d8769e5e8c
[2024-09-06T17:43:05.071+0000] {core_li.py:23} INFO - Successfully updated job requisition 66db04aabf0a19d8769e5e8e
[2024-09-06T17:43:05.085+0000] {core_li.py:23} INFO - Successfully updated job requisition 66db04aabf0a19d8769e5e90
[2024-09-06T17:43:05.097+0000] {core_li.py:23} INFO - Successfully updated job requisition 66db04aabf0a19d8769e5e92
[2024-09-06T17:43:05.107+0000] {core_li.py:23} INFO - Successfully updated job requisition 66db04aabf0a19d8769e5e94
[2024-09-06T17:43:05.117+0000] {core_li.py:23} INFO - Successfully updated job requisition 66db04aabf0a19d8769e5e96
[2024-09-06T17:43:05.126+0000] {core_li.py:23} INFO - Successfully updated job requisition 66db04aabf0a19d8769e5e98
[2024-09-06T17:43:05.137+0000] {core_li.py:23} INFO - Successfully updated job requisition 66db04aabf0a19d8769e5e9a
[2024-09-06T17:43:05.145+0000] {core_li.py:23} INFO - Successfully updated job requisition 66db04aabf0a19d8769e5e9c
[2024-09-06T17:43:05.154+0000] {core_li.py:23} INFO - Successfully updated job requisition 66db04aabf0a19d8769e5e9e
[2024-09-06T17:43:05.163+0000] {core_li.py:23} INFO - Successfully updated job requisition 66db04aabf0a19d8769e5ea0
[2024-09-06T17:43:05.171+0000] {core_li.py:23} INFO - Successfully updated job requisition 66db04aabf0a19d8769e5ea2
[2024-09-06T17:43:05.177+0000] {core_li.py:23} INFO - Successfully updated job requisition 66db04aabf0a19d8769e5ea4
[2024-09-06T17:43:05.184+0000] {core_li.py:23} INFO - Successfully updated job requisition 66db04aabf0a19d8769e5ea6
[2024-09-06T17:43:05.195+0000] {core_li.py:23} INFO - Successfully updated job requisition 66db04aabf0a19d8769e5ea8
[2024-09-06T17:43:05.207+0000] {core_li.py:23} INFO - Successfully updated job requisition 66db04aabf0a19d8769e5eaa
[2024-09-06T17:43:05.215+0000] {core_li.py:23} INFO - Successfully updated job requisition 66db04aabf0a19d8769e5eac
[2024-09-06T17:43:05.226+0000] {core_li.py:23} INFO - Successfully updated job requisition 66db04aabf0a19d8769e5eae
[2024-09-06T17:43:05.234+0000] {core_li.py:23} INFO - Successfully updated job requisition 66db04aabf0a19d8769e5eb0
[2024-09-06T17:43:05.242+0000] {core_li.py:23} INFO - Successfully updated job requisition 66db04aabf0a19d8769e5eb2
[2024-09-06T17:43:05.257+0000] {core_li.py:23} INFO - Successfully updated job requisition 66db04aabf0a19d8769e5eb4
[2024-09-06T17:43:05.271+0000] {core_li.py:23} INFO - Successfully updated job requisition 66db04aabf0a19d8769e5eb6
[2024-09-06T17:43:05.284+0000] {core_li.py:23} INFO - Successfully updated job requisition 66db04aabf0a19d8769e5eb8
[2024-09-06T17:43:05.297+0000] {core_li.py:23} INFO - Successfully updated job requisition 66db04aabf0a19d8769e5eba
[2024-09-06T17:43:05.309+0000] {core_li.py:23} INFO - Successfully updated job requisition 66db04aabf0a19d8769e5ebc
[2024-09-06T17:43:05.318+0000] {core_li.py:23} INFO - Successfully updated job requisition 66db04aabf0a19d8769e5ebe
[2024-09-06T17:43:05.328+0000] {core_li.py:23} INFO - Successfully updated job requisition 66db04aabf0a19d8769e5ec0
[2024-09-06T17:43:05.338+0000] {core_li.py:23} INFO - Successfully updated job requisition 66db04aabf0a19d8769e5ec2
[2024-09-06T17:43:05.350+0000] {core_li.py:23} INFO - Successfully updated job requisition 66db04aabf0a19d8769e5ec4
[2024-09-06T17:43:05.360+0000] {core_li.py:23} INFO - Successfully updated job requisition 66db04aabf0a19d8769e5ec6
[2024-09-06T17:43:05.368+0000] {core_li.py:23} INFO - Successfully updated job requisition 66db04aabf0a19d8769e5ec8
[2024-09-06T17:43:05.379+0000] {core_li.py:23} INFO - Successfully updated job requisition 66db04aabf0a19d8769e5eca
[2024-09-06T17:43:05.387+0000] {core_li.py:23} INFO - Successfully updated job requisition 66db04aabf0a19d8769e5ecc
[2024-09-06T17:43:05.396+0000] {core_li.py:23} INFO - Successfully updated job requisition 66db04aabf0a19d8769e5ece
[2024-09-06T17:43:05.409+0000] {core_li.py:23} INFO - Successfully updated job requisition 66db04aabf0a19d8769e5ed0
[2024-09-06T17:43:05.420+0000] {core_li.py:23} INFO - Successfully updated job requisition 66db04aabf0a19d8769e5ed2
[2024-09-06T17:43:05.429+0000] {core_li.py:23} INFO - Successfully updated job requisition 66db04aabf0a19d8769e5ed4
[2024-09-06T17:43:05.439+0000] {core_li.py:23} INFO - Successfully updated job requisition 66db04aabf0a19d8769e5ed6
[2024-09-06T17:43:05.448+0000] {core_li.py:23} INFO - Successfully updated job requisition 66db04aabf0a19d8769e5ed8
[2024-09-06T17:43:05.461+0000] {core_li.py:23} INFO - Successfully updated job requisition 66db04aabf0a19d8769e5eda
[2024-09-06T17:43:05.469+0000] {core_li.py:23} INFO - Successfully updated job requisition 66db04aabf0a19d8769e5edc
[2024-09-06T17:43:05.482+0000] {core_li.py:23} INFO - Successfully updated job requisition 66db04aabf0a19d8769e5ede
[2024-09-06T17:43:05.498+0000] {core_li.py:23} INFO - Successfully updated job requisition 66db04aabf0a19d8769e5ee0
[2024-09-06T17:43:05.505+0000] {core_li.py:23} INFO - Successfully updated job requisition 66db04aabf0a19d8769e5ee2
[2024-09-06T17:43:05.515+0000] {core_li.py:23} INFO - Successfully updated job requisition 66db04aabf0a19d8769e5ee4
[2024-09-06T17:43:05.526+0000] {core_li.py:23} INFO - Successfully updated job requisition 66db04aabf0a19d8769e5ee6
[2024-09-06T17:43:05.538+0000] {core_li.py:23} INFO - Successfully updated job requisition 66db04aabf0a19d8769e5ee8
[2024-09-06T17:43:05.554+0000] {core_li.py:23} INFO - Successfully updated job requisition 66db04aabf0a19d8769e5eea
[2024-09-06T17:43:05.564+0000] {core_li.py:23} INFO - Successfully updated job requisition 66db04aabf0a19d8769e5eec
[2024-09-06T17:43:05.579+0000] {core_li.py:23} INFO - Successfully updated job requisition 66db04aabf0a19d8769e5eee
[2024-09-06T17:43:05.587+0000] {core_li.py:23} INFO - Successfully updated job requisition 66db04aabf0a19d8769e5ef0
[2024-09-06T17:43:05.603+0000] {core_li.py:23} INFO - Successfully updated job requisition 66db04aabf0a19d8769e5ef2
[2024-09-06T17:43:05.614+0000] {core_li.py:23} INFO - Successfully updated job requisition 66db04aabf0a19d8769e5ef4
[2024-09-06T17:43:05.629+0000] {core_li.py:23} INFO - Successfully updated job requisition 66db04aabf0a19d8769e5ef6
[2024-09-06T17:43:05.657+0000] {core_li.py:23} INFO - Successfully updated job requisition 66db04aabf0a19d8769e5ef8
[2024-09-06T17:43:05.695+0000] {core_li.py:23} INFO - Successfully updated job requisition 66db04aabf0a19d8769e5efa
[2024-09-06T17:43:05.732+0000] {core_li.py:23} INFO - Successfully updated job requisition 66db04aabf0a19d8769e5efc
[2024-09-06T17:43:05.747+0000] {core_li.py:23} INFO - Successfully updated job requisition 66db04aabf0a19d8769e5efe
[2024-09-06T17:43:05.767+0000] {core_li.py:23} INFO - Successfully updated job requisition 66db04aabf0a19d8769e5f00
[2024-09-06T17:43:05.792+0000] {core_li.py:23} INFO - Successfully updated job requisition 66db04aabf0a19d8769e5f02
[2024-09-06T17:43:05.807+0000] {core_li.py:23} INFO - Successfully updated job requisition 66db04aabf0a19d8769e5f04
[2024-09-06T17:43:05.820+0000] {core_li.py:23} INFO - Successfully updated job requisition 66db04aabf0a19d8769e5f06
[2024-09-06T17:43:05.832+0000] {core_li.py:23} INFO - Successfully updated job requisition 66db04aabf0a19d8769e5f08
[2024-09-06T17:43:05.848+0000] {core_li.py:23} INFO - Successfully updated job requisition 66db04aabf0a19d8769e5f0a
[2024-09-06T17:43:05.860+0000] {core_li.py:23} INFO - Successfully updated job requisition 66db04aabf0a19d8769e5f0c
[2024-09-06T17:43:05.876+0000] {core_li.py:23} INFO - Successfully updated job requisition 66db04aabf0a19d8769e5f0e
[2024-09-06T17:43:05.896+0000] {core_li.py:23} INFO - Successfully updated job requisition 66db04aabf0a19d8769e5f10
[2024-09-06T17:43:05.908+0000] {core_li.py:23} INFO - Successfully updated job requisition 66db04aabf0a19d8769e5f12
[2024-09-06T17:43:05.918+0000] {core_li.py:23} INFO - Successfully updated job requisition 66db04aabf0a19d8769e5f14
[2024-09-06T17:43:05.931+0000] {core_li.py:23} INFO - Successfully updated job requisition 66db04aabf0a19d8769e5f16
[2024-09-06T17:43:05.940+0000] {core_li.py:23} INFO - Successfully updated job requisition 66db04aabf0a19d8769e5f18
[2024-09-06T17:43:05.950+0000] {core_li.py:23} INFO - Successfully updated job requisition 66db04aabf0a19d8769e5f1a
[2024-09-06T17:43:05.961+0000] {core_li.py:23} INFO - Successfully updated job requisition 66db04aabf0a19d8769e5f1c
[2024-09-06T17:43:05.970+0000] {core_li.py:23} INFO - Successfully updated job requisition 66db04aabf0a19d8769e5f1e
[2024-09-06T17:43:05.977+0000] {core_li.py:23} INFO - Successfully updated job requisition 66db04aabf0a19d8769e5f20
[2024-09-06T17:43:05.988+0000] {core_li.py:23} INFO - Successfully updated job requisition 66db04aabf0a19d8769e5f22
[2024-09-06T17:43:06.010+0000] {core_li.py:23} INFO - Successfully updated job requisition 66db04aabf0a19d8769e5f24
[2024-09-06T17:43:06.018+0000] {core_li.py:23} INFO - Successfully updated job requisition 66db04aabf0a19d8769e5f26
[2024-09-06T17:43:06.029+0000] {core_li.py:23} INFO - Successfully updated job requisition 66db04aabf0a19d8769e5f28
[2024-09-06T17:43:06.036+0000] {core_li.py:23} INFO - Successfully updated job requisition 66db04aabf0a19d8769e5f2a
[2024-09-06T17:43:06.046+0000] {core_li.py:23} INFO - Successfully updated job requisition 66db04aabf0a19d8769e5f2c
[2024-09-06T17:43:06.055+0000] {core_li.py:23} INFO - Successfully updated job requisition 66db04aabf0a19d8769e5f2e
[2024-09-06T17:43:06.067+0000] {core_li.py:23} INFO - Successfully updated job requisition 66db04aabf0a19d8769e5f30
[2024-09-06T17:43:06.076+0000] {core_li.py:23} INFO - Successfully updated job requisition 66db04aabf0a19d8769e5f32
[2024-09-06T17:43:06.090+0000] {core_li.py:23} INFO - Successfully updated job requisition 66db04aabf0a19d8769e5f34
[2024-09-06T17:43:06.099+0000] {core_li.py:23} INFO - Successfully updated job requisition 66db04aabf0a19d8769e5f36
[2024-09-06T17:43:06.107+0000] {core_li.py:23} INFO - Successfully updated job requisition 66db04aabf0a19d8769e5f38
[2024-09-06T17:43:06.116+0000] {core_li.py:23} INFO - Successfully updated job requisition 66db04aabf0a19d8769e5f3a
[2024-09-06T17:43:06.124+0000] {core_li.py:23} INFO - Successfully updated job requisition 66db04aabf0a19d8769e5f3c
[2024-09-06T17:43:06.135+0000] {core_li.py:23} INFO - Successfully updated job requisition 66db04aabf0a19d8769e5f3e
[2024-09-06T17:43:06.146+0000] {core_li.py:23} INFO - Successfully updated job requisition 66db04aabf0a19d8769e5f40
[2024-09-06T17:43:06.158+0000] {core_li.py:23} INFO - Successfully updated job requisition 66db04aabf0a19d8769e5f42
[2024-09-06T17:43:06.170+0000] {core_li.py:23} INFO - Successfully updated job requisition 66db04aabf0a19d8769e5f44
[2024-09-06T17:43:06.187+0000] {core_li.py:23} INFO - Successfully updated job requisition 66db04aabf0a19d8769e5f46
[2024-09-06T17:43:06.200+0000] {core_li.py:23} INFO - Successfully updated job requisition 66db04aabf0a19d8769e5f48
[2024-09-06T17:43:06.200+0000] {python.py:240} INFO - Done. Returned value was: 100
[2024-09-06T17:43:06.239+0000] {taskinstance.py:340} INFO - ::group::Post task execution logs
[2024-09-06T17:43:06.242+0000] {taskinstance.py:352} INFO - Marking task as SUCCESS. dag_id=async_flow, task_id=task_backfill_number_of_cancelled_candidates_in_batch, run_id=manual__2024-09-06T17:43:02.727107+00:00, map_index=4, execution_date=20240906T174302, start_date=20240906T174304, end_date=20240906T174306
[2024-09-06T17:43:06.277+0000] {local_task_job_runner.py:266} INFO - Task exited with return code 0
[2024-09-06T17:43:06.300+0000] {taskinstance.py:3900} INFO - 0 downstream tasks scheduled from follow-on schedule check
[2024-09-06T17:43:06.303+0000] {local_task_job_runner.py:245} INFO - ::endgroup::
