[2024-09-06T17:47:32.071+0000] {local_task_job_runner.py:123} INFO - ::group::Pre task execution logs
[2024-09-06T17:47:32.116+0000] {taskinstance.py:2612} INFO - Dependencies all met for dep_context=non-requeueable deps ti=<TaskInstance: async_flow.task_backfill_number_of_cancelled_candidates_in_batch manual__2024-09-06T17:47:30.120511+00:00 map_index=9 [queued]>
[2024-09-06T17:47:32.153+0000] {taskinstance.py:2612} INFO - Dependencies all met for dep_context=requeueable deps ti=<TaskInstance: async_flow.task_backfill_number_of_cancelled_candidates_in_batch manual__2024-09-06T17:47:30.120511+00:00 map_index=9 [queued]>
[2024-09-06T17:47:32.154+0000] {taskinstance.py:2865} INFO - Starting attempt 1 of 1
[2024-09-06T17:47:32.187+0000] {taskinstance.py:2888} INFO - Executing <Mapped(_PythonDecoratedOperator): task_backfill_number_of_cancelled_candidates_in_batch> on 2024-09-06 17:47:30.120511+00:00
[2024-09-06T17:47:32.197+0000] {warnings.py:112} WARNING - /home/***/.local/lib/python3.12/site-packages/***/task/task_runner/standard_task_runner.py:70: DeprecationWarning: This process (pid=1057) is multi-threaded, use of fork() may lead to deadlocks in the child.
  pid = os.fork()

[2024-09-06T17:47:32.201+0000] {standard_task_runner.py:72} INFO - Started process 1122 to run task
[2024-09-06T17:47:32.200+0000] {standard_task_runner.py:104} INFO - Running: ['***', 'tasks', 'run', 'async_flow', 'task_backfill_number_of_cancelled_candidates_in_batch', 'manual__2024-09-06T17:47:30.120511+00:00', '--job-id', '329', '--raw', '--subdir', 'DAGS_FOLDER/dags_async_flow.py', '--cfg-path', '/tmp/tmpqnxf7ex_', '--map-index', '9']
[2024-09-06T17:47:32.203+0000] {standard_task_runner.py:105} INFO - Job 329: Subtask task_backfill_number_of_cancelled_candidates_in_batch
[2024-09-06T17:47:32.270+0000] {task_command.py:467} INFO - Running <TaskInstance: async_flow.task_backfill_number_of_cancelled_candidates_in_batch manual__2024-09-06T17:47:30.120511+00:00 map_index=9 [running]> on host 0817eb6c24af
[2024-09-06T17:47:32.366+0000] {taskinstance.py:3131} INFO - Exporting env vars: AIRFLOW_CTX_DAG_OWNER='***' AIRFLOW_CTX_DAG_ID='async_flow' AIRFLOW_CTX_TASK_ID='task_backfill_number_of_cancelled_candidates_in_batch' AIRFLOW_CTX_EXECUTION_DATE='2024-09-06T17:47:30.120511+00:00' AIRFLOW_CTX_TRY_NUMBER='1' AIRFLOW_CTX_DAG_RUN_ID='manual__2024-09-06T17:47:30.120511+00:00'
[2024-09-06T17:47:32.368+0000] {taskinstance.py:731} INFO - ::endgroup::
[2024-09-06T17:47:32.416+0000] {core_li.py:23} INFO - Successfully updated job requisition 66db04abbf0a19d8769e626a
[2024-09-06T17:47:32.440+0000] {core_li.py:23} INFO - Successfully updated job requisition 66db04abbf0a19d8769e626c
[2024-09-06T17:47:32.478+0000] {core_li.py:23} INFO - Successfully updated job requisition 66db04abbf0a19d8769e626e
[2024-09-06T17:47:32.492+0000] {core_li.py:23} INFO - Successfully updated job requisition 66db04abbf0a19d8769e6270
[2024-09-06T17:47:32.504+0000] {core_li.py:23} INFO - Successfully updated job requisition 66db04abbf0a19d8769e6272
[2024-09-06T17:47:32.517+0000] {core_li.py:23} INFO - Successfully updated job requisition 66db04abbf0a19d8769e6274
[2024-09-06T17:47:32.535+0000] {core_li.py:23} INFO - Successfully updated job requisition 66db04abbf0a19d8769e6276
[2024-09-06T17:47:32.547+0000] {core_li.py:23} INFO - Successfully updated job requisition 66db04abbf0a19d8769e6278
[2024-09-06T17:47:32.559+0000] {core_li.py:23} INFO - Successfully updated job requisition 66db04abbf0a19d8769e627a
[2024-09-06T17:47:32.572+0000] {core_li.py:23} INFO - Successfully updated job requisition 66db04abbf0a19d8769e627c
[2024-09-06T17:47:32.580+0000] {core_li.py:23} INFO - Successfully updated job requisition 66db04abbf0a19d8769e627e
[2024-09-06T17:47:32.591+0000] {core_li.py:23} INFO - Successfully updated job requisition 66db04abbf0a19d8769e6280
[2024-09-06T17:47:32.600+0000] {core_li.py:23} INFO - Successfully updated job requisition 66db04abbf0a19d8769e6282
[2024-09-06T17:47:32.612+0000] {core_li.py:23} INFO - Successfully updated job requisition 66db04abbf0a19d8769e6284
[2024-09-06T17:47:32.622+0000] {core_li.py:23} INFO - Successfully updated job requisition 66db04abbf0a19d8769e6286
[2024-09-06T17:47:32.634+0000] {core_li.py:23} INFO - Successfully updated job requisition 66db04abbf0a19d8769e6288
[2024-09-06T17:47:32.644+0000] {core_li.py:23} INFO - Successfully updated job requisition 66db04abbf0a19d8769e628a
[2024-09-06T17:47:32.656+0000] {core_li.py:23} INFO - Successfully updated job requisition 66db04abbf0a19d8769e628c
[2024-09-06T17:47:32.664+0000] {core_li.py:23} INFO - Successfully updated job requisition 66db04abbf0a19d8769e628e
[2024-09-06T17:47:32.677+0000] {core_li.py:23} INFO - Successfully updated job requisition 66db04abbf0a19d8769e6290
[2024-09-06T17:47:32.689+0000] {core_li.py:23} INFO - Successfully updated job requisition 66db04abbf0a19d8769e6292
[2024-09-06T17:47:32.699+0000] {core_li.py:23} INFO - Successfully updated job requisition 66db04abbf0a19d8769e6294
[2024-09-06T17:47:32.710+0000] {core_li.py:23} INFO - Successfully updated job requisition 66db04abbf0a19d8769e6296
[2024-09-06T17:47:32.720+0000] {core_li.py:23} INFO - Successfully updated job requisition 66db04abbf0a19d8769e6298
[2024-09-06T17:47:32.730+0000] {core_li.py:23} INFO - Successfully updated job requisition 66db04abbf0a19d8769e629a
[2024-09-06T17:47:32.740+0000] {core_li.py:23} INFO - Successfully updated job requisition 66db04abbf0a19d8769e629c
[2024-09-06T17:47:32.750+0000] {core_li.py:23} INFO - Successfully updated job requisition 66db04abbf0a19d8769e629e
[2024-09-06T17:47:32.759+0000] {core_li.py:23} INFO - Successfully updated job requisition 66db04abbf0a19d8769e62a0
[2024-09-06T17:47:32.769+0000] {core_li.py:23} INFO - Successfully updated job requisition 66db04abbf0a19d8769e62a2
[2024-09-06T17:47:32.779+0000] {core_li.py:23} INFO - Successfully updated job requisition 66db04abbf0a19d8769e62a4
[2024-09-06T17:47:32.790+0000] {core_li.py:23} INFO - Successfully updated job requisition 66db04abbf0a19d8769e62a6
[2024-09-06T17:47:32.800+0000] {core_li.py:23} INFO - Successfully updated job requisition 66db04abbf0a19d8769e62a8
[2024-09-06T17:47:32.813+0000] {core_li.py:23} INFO - Successfully updated job requisition 66db04abbf0a19d8769e62aa
[2024-09-06T17:47:32.821+0000] {core_li.py:23} INFO - Successfully updated job requisition 66db04abbf0a19d8769e62ac
[2024-09-06T17:47:32.830+0000] {core_li.py:23} INFO - Successfully updated job requisition 66db04abbf0a19d8769e62ae
[2024-09-06T17:47:32.838+0000] {core_li.py:23} INFO - Successfully updated job requisition 66db04abbf0a19d8769e62b0
[2024-09-06T17:47:32.845+0000] {core_li.py:23} INFO - Successfully updated job requisition 66db04abbf0a19d8769e62b2
[2024-09-06T17:47:32.856+0000] {core_li.py:23} INFO - Successfully updated job requisition 66db04abbf0a19d8769e62b4
[2024-09-06T17:47:32.864+0000] {core_li.py:23} INFO - Successfully updated job requisition 66db04abbf0a19d8769e62b6
[2024-09-06T17:47:32.877+0000] {core_li.py:23} INFO - Successfully updated job requisition 66db04abbf0a19d8769e62b8
[2024-09-06T17:47:32.891+0000] {core_li.py:23} INFO - Successfully updated job requisition 66db04abbf0a19d8769e62ba
[2024-09-06T17:47:32.900+0000] {core_li.py:23} INFO - Successfully updated job requisition 66db04abbf0a19d8769e62bc
[2024-09-06T17:47:32.907+0000] {core_li.py:23} INFO - Successfully updated job requisition 66db04abbf0a19d8769e62be
[2024-09-06T17:47:32.915+0000] {core_li.py:23} INFO - Successfully updated job requisition 66db04abbf0a19d8769e62c0
[2024-09-06T17:47:32.924+0000] {core_li.py:23} INFO - Successfully updated job requisition 66db04abbf0a19d8769e62c2
[2024-09-06T17:47:32.937+0000] {core_li.py:23} INFO - Successfully updated job requisition 66db04abbf0a19d8769e62c4
[2024-09-06T17:47:32.947+0000] {core_li.py:23} INFO - Successfully updated job requisition 66db04abbf0a19d8769e62c6
[2024-09-06T17:47:32.964+0000] {core_li.py:23} INFO - Successfully updated job requisition 66db04abbf0a19d8769e62c8
[2024-09-06T17:47:32.970+0000] {core_li.py:23} INFO - Successfully updated job requisition 66db04abbf0a19d8769e62ca
[2024-09-06T17:47:32.977+0000] {core_li.py:23} INFO - Successfully updated job requisition 66db04abbf0a19d8769e62cc
[2024-09-06T17:47:32.986+0000] {core_li.py:23} INFO - Successfully updated job requisition 66db04abbf0a19d8769e62ce
[2024-09-06T17:47:32.993+0000] {core_li.py:23} INFO - Successfully updated job requisition 66db04abbf0a19d8769e62d0
[2024-09-06T17:47:32.999+0000] {core_li.py:23} INFO - Successfully updated job requisition 66db04abbf0a19d8769e62d2
[2024-09-06T17:47:33.007+0000] {core_li.py:23} INFO - Successfully updated job requisition 66db04abbf0a19d8769e62d4
[2024-09-06T17:47:33.016+0000] {core_li.py:23} INFO - Successfully updated job requisition 66db04abbf0a19d8769e62d6
[2024-09-06T17:47:33.026+0000] {core_li.py:23} INFO - Successfully updated job requisition 66db04abbf0a19d8769e62d8
[2024-09-06T17:47:33.034+0000] {core_li.py:23} INFO - Successfully updated job requisition 66db04abbf0a19d8769e62da
[2024-09-06T17:47:33.040+0000] {core_li.py:23} INFO - Successfully updated job requisition 66db04abbf0a19d8769e62dc
[2024-09-06T17:47:33.049+0000] {core_li.py:23} INFO - Successfully updated job requisition 66db04abbf0a19d8769e62de
[2024-09-06T17:47:33.058+0000] {core_li.py:23} INFO - Successfully updated job requisition 66db04abbf0a19d8769e62e0
[2024-09-06T17:47:33.066+0000] {core_li.py:23} INFO - Successfully updated job requisition 66db04abbf0a19d8769e62e2
[2024-09-06T17:47:33.075+0000] {core_li.py:23} INFO - Successfully updated job requisition 66db04abbf0a19d8769e62e4
[2024-09-06T17:47:33.082+0000] {core_li.py:23} INFO - Successfully updated job requisition 66db04abbf0a19d8769e62e6
[2024-09-06T17:47:33.090+0000] {core_li.py:23} INFO - Successfully updated job requisition 66db04abbf0a19d8769e62e8
[2024-09-06T17:47:33.105+0000] {core_li.py:23} INFO - Successfully updated job requisition 66db04abbf0a19d8769e62ea
[2024-09-06T17:47:33.115+0000] {core_li.py:23} INFO - Successfully updated job requisition 66db04abbf0a19d8769e62ec
[2024-09-06T17:47:33.125+0000] {core_li.py:23} INFO - Successfully updated job requisition 66db04abbf0a19d8769e62ee
[2024-09-06T17:47:33.134+0000] {core_li.py:23} INFO - Successfully updated job requisition 66db04abbf0a19d8769e62f0
[2024-09-06T17:47:33.141+0000] {core_li.py:23} INFO - Successfully updated job requisition 66db04abbf0a19d8769e62f2
[2024-09-06T17:47:33.151+0000] {core_li.py:23} INFO - Successfully updated job requisition 66db04abbf0a19d8769e62f4
[2024-09-06T17:47:33.159+0000] {core_li.py:23} INFO - Successfully updated job requisition 66db04abbf0a19d8769e62f6
[2024-09-06T17:47:33.167+0000] {core_li.py:23} INFO - Successfully updated job requisition 66db04abbf0a19d8769e62f8
[2024-09-06T17:47:33.177+0000] {core_li.py:23} INFO - Successfully updated job requisition 66db04abbf0a19d8769e62fa
[2024-09-06T17:47:33.188+0000] {core_li.py:23} INFO - Successfully updated job requisition 66db04abbf0a19d8769e62fc
[2024-09-06T17:47:33.196+0000] {core_li.py:23} INFO - Successfully updated job requisition 66db04abbf0a19d8769e62fe
[2024-09-06T17:47:33.203+0000] {core_li.py:23} INFO - Successfully updated job requisition 66db04abbf0a19d8769e6300
[2024-09-06T17:47:33.215+0000] {core_li.py:23} INFO - Successfully updated job requisition 66db04abbf0a19d8769e6302
[2024-09-06T17:47:33.223+0000] {core_li.py:23} INFO - Successfully updated job requisition 66db04abbf0a19d8769e6304
[2024-09-06T17:47:33.230+0000] {core_li.py:23} INFO - Successfully updated job requisition 66db04abbf0a19d8769e6306
[2024-09-06T17:47:33.242+0000] {core_li.py:23} INFO - Successfully updated job requisition 66db04abbf0a19d8769e6308
[2024-09-06T17:47:33.251+0000] {core_li.py:23} INFO - Successfully updated job requisition 66db04abbf0a19d8769e630a
[2024-09-06T17:47:33.263+0000] {core_li.py:23} INFO - Successfully updated job requisition 66db04abbf0a19d8769e630c
[2024-09-06T17:47:33.270+0000] {core_li.py:23} INFO - Successfully updated job requisition 66db04abbf0a19d8769e630e
[2024-09-06T17:47:33.279+0000] {core_li.py:23} INFO - Successfully updated job requisition 66db04abbf0a19d8769e6310
[2024-09-06T17:47:33.286+0000] {core_li.py:23} INFO - Successfully updated job requisition 66db04abbf0a19d8769e6312
[2024-09-06T17:47:33.302+0000] {core_li.py:23} INFO - Successfully updated job requisition 66db04abbf0a19d8769e6314
[2024-09-06T17:47:33.316+0000] {core_li.py:23} INFO - Successfully updated job requisition 66db04abbf0a19d8769e6316
[2024-09-06T17:47:33.327+0000] {core_li.py:23} INFO - Successfully updated job requisition 66db04abbf0a19d8769e6318
[2024-09-06T17:47:33.336+0000] {core_li.py:23} INFO - Successfully updated job requisition 66db04abbf0a19d8769e631a
[2024-09-06T17:47:33.344+0000] {core_li.py:23} INFO - Successfully updated job requisition 66db04abbf0a19d8769e631c
[2024-09-06T17:47:33.351+0000] {core_li.py:23} INFO - Successfully updated job requisition 66db04abbf0a19d8769e631e
[2024-09-06T17:47:33.357+0000] {core_li.py:23} INFO - Successfully updated job requisition 66db04abbf0a19d8769e6320
[2024-09-06T17:47:33.365+0000] {core_li.py:23} INFO - Successfully updated job requisition 66db04abbf0a19d8769e6322
[2024-09-06T17:47:33.387+0000] {core_li.py:23} INFO - Successfully updated job requisition 66db04abbf0a19d8769e6324
[2024-09-06T17:47:33.395+0000] {core_li.py:23} INFO - Successfully updated job requisition 66db04abbf0a19d8769e6326
[2024-09-06T17:47:33.402+0000] {core_li.py:23} INFO - Successfully updated job requisition 66db04abbf0a19d8769e6328
[2024-09-06T17:47:33.411+0000] {core_li.py:23} INFO - Successfully updated job requisition 66db04abbf0a19d8769e632a
[2024-09-06T17:47:33.420+0000] {core_li.py:23} INFO - Successfully updated job requisition 66db04abbf0a19d8769e632c
[2024-09-06T17:47:33.430+0000] {core_li.py:23} INFO - Successfully updated job requisition 66db04abbf0a19d8769e632e
[2024-09-06T17:47:33.438+0000] {core_li.py:23} INFO - Successfully updated job requisition 66db04abbf0a19d8769e6330
[2024-09-06T17:47:33.440+0000] {python.py:240} INFO - Done. Returned value was: 100
[2024-09-06T17:47:33.465+0000] {taskinstance.py:340} INFO - ::group::Post task execution logs
[2024-09-06T17:47:33.468+0000] {taskinstance.py:352} INFO - Marking task as SUCCESS. dag_id=async_flow, task_id=task_backfill_number_of_cancelled_candidates_in_batch, run_id=manual__2024-09-06T17:47:30.120511+00:00, map_index=9, execution_date=20240906T174730, start_date=20240906T174732, end_date=20240906T174733
[2024-09-06T17:47:33.505+0000] {local_task_job_runner.py:266} INFO - Task exited with return code 0
[2024-09-06T17:47:33.547+0000] {taskinstance.py:3900} INFO - 0 downstream tasks scheduled from follow-on schedule check
[2024-09-06T17:47:33.550+0000] {local_task_job_runner.py:245} INFO - ::endgroup::
