[2024-09-06T17:43:04.484+0000] {local_task_job_runner.py:123} INFO - ::group::Pre task execution logs
[2024-09-06T17:43:04.507+0000] {taskinstance.py:2612} INFO - Dependencies all met for dep_context=non-requeueable deps ti=<TaskInstance: async_flow.task_backfill_number_of_cancelled_candidates_in_batch manual__2024-09-06T17:43:02.727107+00:00 map_index=11 [queued]>
[2024-09-06T17:43:04.533+0000] {taskinstance.py:2612} INFO - Dependencies all met for dep_context=requeueable deps ti=<TaskInstance: async_flow.task_backfill_number_of_cancelled_candidates_in_batch manual__2024-09-06T17:43:02.727107+00:00 map_index=11 [queued]>
[2024-09-06T17:43:04.534+0000] {taskinstance.py:2865} INFO - Starting attempt 1 of 1
[2024-09-06T17:43:04.549+0000] {taskinstance.py:2888} INFO - Executing <Mapped(_PythonDecoratedOperator): task_backfill_number_of_cancelled_candidates_in_batch> on 2024-09-06 17:43:02.727107+00:00
[2024-09-06T17:43:04.557+0000] {warnings.py:112} WARNING - /home/***/.local/lib/python3.12/site-packages/***/task/task_runner/standard_task_runner.py:70: DeprecationWarning: This process (pid=89) is multi-threaded, use of fork() may lead to deadlocks in the child.
  pid = os.fork()

[2024-09-06T17:43:04.560+0000] {standard_task_runner.py:72} INFO - Started process 162 to run task
[2024-09-06T17:43:04.565+0000] {standard_task_runner.py:104} INFO - Running: ['***', 'tasks', 'run', 'async_flow', 'task_backfill_number_of_cancelled_candidates_in_batch', 'manual__2024-09-06T17:43:02.727107+00:00', '--job-id', '187', '--raw', '--subdir', 'DAGS_FOLDER/dags_async_flow.py', '--cfg-path', '/tmp/tmptzdgnxwi', '--map-index', '11']
[2024-09-06T17:43:04.570+0000] {standard_task_runner.py:105} INFO - Job 187: Subtask task_backfill_number_of_cancelled_candidates_in_batch
[2024-09-06T17:43:04.830+0000] {task_command.py:467} INFO - Running <TaskInstance: async_flow.task_backfill_number_of_cancelled_candidates_in_batch manual__2024-09-06T17:43:02.727107+00:00 map_index=11 [running]> on host 0817eb6c24af
[2024-09-06T17:43:04.971+0000] {taskinstance.py:3131} INFO - Exporting env vars: AIRFLOW_CTX_DAG_OWNER='***' AIRFLOW_CTX_DAG_ID='async_flow' AIRFLOW_CTX_TASK_ID='task_backfill_number_of_cancelled_candidates_in_batch' AIRFLOW_CTX_EXECUTION_DATE='2024-09-06T17:43:02.727107+00:00' AIRFLOW_CTX_TRY_NUMBER='1' AIRFLOW_CTX_DAG_RUN_ID='manual__2024-09-06T17:43:02.727107+00:00'
[2024-09-06T17:43:04.974+0000] {taskinstance.py:731} INFO - ::endgroup::
[2024-09-06T17:43:05.003+0000] {core_li.py:23} INFO - Successfully updated job requisition 66db04abbf0a19d8769e63fa
[2024-09-06T17:43:05.045+0000] {core_li.py:23} INFO - Successfully updated job requisition 66db04abbf0a19d8769e63fc
[2024-09-06T17:43:05.064+0000] {core_li.py:23} INFO - Successfully updated job requisition 66db04abbf0a19d8769e63fe
[2024-09-06T17:43:05.076+0000] {core_li.py:23} INFO - Successfully updated job requisition 66db04abbf0a19d8769e6400
[2024-09-06T17:43:05.092+0000] {core_li.py:23} INFO - Successfully updated job requisition 66db04abbf0a19d8769e6402
[2024-09-06T17:43:05.105+0000] {core_li.py:23} INFO - Successfully updated job requisition 66db04abbf0a19d8769e6404
[2024-09-06T17:43:05.117+0000] {core_li.py:23} INFO - Successfully updated job requisition 66db04abbf0a19d8769e6406
[2024-09-06T17:43:05.126+0000] {core_li.py:23} INFO - Successfully updated job requisition 66db04abbf0a19d8769e6408
[2024-09-06T17:43:05.138+0000] {core_li.py:23} INFO - Successfully updated job requisition 66db04abbf0a19d8769e640a
[2024-09-06T17:43:05.153+0000] {core_li.py:23} INFO - Successfully updated job requisition 66db04abbf0a19d8769e640c
[2024-09-06T17:43:05.163+0000] {core_li.py:23} INFO - Successfully updated job requisition 66db04abbf0a19d8769e640e
[2024-09-06T17:43:05.171+0000] {core_li.py:23} INFO - Successfully updated job requisition 66db04abbf0a19d8769e6410
[2024-09-06T17:43:05.179+0000] {core_li.py:23} INFO - Successfully updated job requisition 66db04abbf0a19d8769e6412
[2024-09-06T17:43:05.187+0000] {core_li.py:23} INFO - Successfully updated job requisition 66db04abbf0a19d8769e6414
[2024-09-06T17:43:05.197+0000] {core_li.py:23} INFO - Successfully updated job requisition 66db04abbf0a19d8769e6416
[2024-09-06T17:43:05.223+0000] {core_li.py:23} INFO - Successfully updated job requisition 66db04abbf0a19d8769e6418
[2024-09-06T17:43:05.232+0000] {core_li.py:23} INFO - Successfully updated job requisition 66db04abbf0a19d8769e641a
[2024-09-06T17:43:05.243+0000] {core_li.py:23} INFO - Successfully updated job requisition 66db04abbf0a19d8769e641c
[2024-09-06T17:43:05.256+0000] {core_li.py:23} INFO - Successfully updated job requisition 66db04abbf0a19d8769e641e
[2024-09-06T17:43:05.265+0000] {core_li.py:23} INFO - Successfully updated job requisition 66db04abbf0a19d8769e6420
[2024-09-06T17:43:05.279+0000] {core_li.py:23} INFO - Successfully updated job requisition 66db04abbf0a19d8769e6422
[2024-09-06T17:43:05.287+0000] {core_li.py:23} INFO - Successfully updated job requisition 66db04abbf0a19d8769e6424
[2024-09-06T17:43:05.297+0000] {core_li.py:23} INFO - Successfully updated job requisition 66db04abbf0a19d8769e6426
[2024-09-06T17:43:05.309+0000] {core_li.py:23} INFO - Successfully updated job requisition 66db04abbf0a19d8769e6428
[2024-09-06T17:43:05.319+0000] {core_li.py:23} INFO - Successfully updated job requisition 66db04abbf0a19d8769e642a
[2024-09-06T17:43:05.326+0000] {core_li.py:23} INFO - Successfully updated job requisition 66db04abbf0a19d8769e642c
[2024-09-06T17:43:05.336+0000] {core_li.py:23} INFO - Successfully updated job requisition 66db04abbf0a19d8769e642e
[2024-09-06T17:43:05.346+0000] {core_li.py:23} INFO - Successfully updated job requisition 66db04abbf0a19d8769e6430
[2024-09-06T17:43:05.354+0000] {core_li.py:23} INFO - Successfully updated job requisition 66db04abbf0a19d8769e6432
[2024-09-06T17:43:05.364+0000] {core_li.py:23} INFO - Successfully updated job requisition 66db04abbf0a19d8769e6434
[2024-09-06T17:43:05.372+0000] {core_li.py:23} INFO - Successfully updated job requisition 66db04abbf0a19d8769e6436
[2024-09-06T17:43:05.382+0000] {core_li.py:23} INFO - Successfully updated job requisition 66db04abbf0a19d8769e6438
[2024-09-06T17:43:05.391+0000] {core_li.py:23} INFO - Successfully updated job requisition 66db04abbf0a19d8769e643a
[2024-09-06T17:43:05.399+0000] {core_li.py:23} INFO - Successfully updated job requisition 66db04abbf0a19d8769e643c
[2024-09-06T17:43:05.414+0000] {core_li.py:23} INFO - Successfully updated job requisition 66db04abbf0a19d8769e643e
[2024-09-06T17:43:05.422+0000] {core_li.py:23} INFO - Successfully updated job requisition 66db04abbf0a19d8769e6440
[2024-09-06T17:43:05.432+0000] {core_li.py:23} INFO - Successfully updated job requisition 66db04abbf0a19d8769e6442
[2024-09-06T17:43:05.440+0000] {core_li.py:23} INFO - Successfully updated job requisition 66db04abbf0a19d8769e6444
[2024-09-06T17:43:05.448+0000] {core_li.py:23} INFO - Successfully updated job requisition 66db04abbf0a19d8769e6446
[2024-09-06T17:43:05.460+0000] {core_li.py:23} INFO - Successfully updated job requisition 66db04abbf0a19d8769e6448
[2024-09-06T17:43:05.468+0000] {core_li.py:23} INFO - Successfully updated job requisition 66db04abbf0a19d8769e644a
[2024-09-06T17:43:05.478+0000] {core_li.py:23} INFO - Successfully updated job requisition 66db04abbf0a19d8769e644c
[2024-09-06T17:43:05.488+0000] {core_li.py:23} INFO - Successfully updated job requisition 66db04abbf0a19d8769e644e
[2024-09-06T17:43:05.501+0000] {core_li.py:23} INFO - Successfully updated job requisition 66db04abbf0a19d8769e6450
[2024-09-06T17:43:05.512+0000] {core_li.py:23} INFO - Successfully updated job requisition 66db04abbf0a19d8769e6452
[2024-09-06T17:43:05.518+0000] {core_li.py:23} INFO - Successfully updated job requisition 66db04abbf0a19d8769e6454
[2024-09-06T17:43:05.528+0000] {core_li.py:23} INFO - Successfully updated job requisition 66db04abbf0a19d8769e6456
[2024-09-06T17:43:05.538+0000] {core_li.py:23} INFO - Successfully updated job requisition 66db04abbf0a19d8769e6458
[2024-09-06T17:43:05.552+0000] {core_li.py:23} INFO - Successfully updated job requisition 66db04abbf0a19d8769e645a
[2024-09-06T17:43:05.561+0000] {core_li.py:23} INFO - Successfully updated job requisition 66db04abbf0a19d8769e645c
[2024-09-06T17:43:05.578+0000] {core_li.py:23} INFO - Successfully updated job requisition 66db04abbf0a19d8769e645e
[2024-09-06T17:43:05.589+0000] {core_li.py:23} INFO - Successfully updated job requisition 66db04abbf0a19d8769e6460
[2024-09-06T17:43:05.603+0000] {core_li.py:23} INFO - Successfully updated job requisition 66db04abbf0a19d8769e6462
[2024-09-06T17:43:05.620+0000] {core_li.py:23} INFO - Successfully updated job requisition 66db04abbf0a19d8769e6464
[2024-09-06T17:43:05.634+0000] {core_li.py:23} INFO - Successfully updated job requisition 66db04abbf0a19d8769e6466
[2024-09-06T17:43:05.676+0000] {core_li.py:23} INFO - Successfully updated job requisition 66db04abbf0a19d8769e6468
[2024-09-06T17:43:05.698+0000] {core_li.py:23} INFO - Successfully updated job requisition 66db04abbf0a19d8769e646a
[2024-09-06T17:43:05.740+0000] {core_li.py:23} INFO - Successfully updated job requisition 66db04abbf0a19d8769e646c
[2024-09-06T17:43:05.754+0000] {core_li.py:23} INFO - Successfully updated job requisition 66db04abbf0a19d8769e646e
[2024-09-06T17:43:05.770+0000] {core_li.py:23} INFO - Successfully updated job requisition 66db04abbf0a19d8769e6470
[2024-09-06T17:43:05.796+0000] {core_li.py:23} INFO - Successfully updated job requisition 66db04abbf0a19d8769e6472
[2024-09-06T17:43:05.812+0000] {core_li.py:23} INFO - Successfully updated job requisition 66db04abbf0a19d8769e6474
[2024-09-06T17:43:05.822+0000] {core_li.py:23} INFO - Successfully updated job requisition 66db04abbf0a19d8769e6476
[2024-09-06T17:43:05.832+0000] {core_li.py:23} INFO - Successfully updated job requisition 66db04abbf0a19d8769e6478
[2024-09-06T17:43:05.848+0000] {core_li.py:23} INFO - Successfully updated job requisition 66db04abbf0a19d8769e647a
[2024-09-06T17:43:05.864+0000] {core_li.py:23} INFO - Successfully updated job requisition 66db04abbf0a19d8769e647c
[2024-09-06T17:43:05.877+0000] {core_li.py:23} INFO - Successfully updated job requisition 66db04abbf0a19d8769e647e
[2024-09-06T17:43:05.896+0000] {core_li.py:23} INFO - Successfully updated job requisition 66db04abbf0a19d8769e6480
[2024-09-06T17:43:05.909+0000] {core_li.py:23} INFO - Successfully updated job requisition 66db04abbf0a19d8769e6482
[2024-09-06T17:43:05.925+0000] {core_li.py:23} INFO - Successfully updated job requisition 66db04abbf0a19d8769e6484
[2024-09-06T17:43:05.940+0000] {core_li.py:23} INFO - Successfully updated job requisition 66db04abbf0a19d8769e6486
[2024-09-06T17:43:05.954+0000] {core_li.py:23} INFO - Successfully updated job requisition 66db04abbf0a19d8769e6488
[2024-09-06T17:43:05.966+0000] {core_li.py:23} INFO - Successfully updated job requisition 66db04abbf0a19d8769e648a
[2024-09-06T17:43:05.974+0000] {core_li.py:23} INFO - Successfully updated job requisition 66db04abbf0a19d8769e648c
[2024-09-06T17:43:05.986+0000] {core_li.py:23} INFO - Successfully updated job requisition 66db04abbf0a19d8769e648e
[2024-09-06T17:43:05.996+0000] {core_li.py:23} INFO - Successfully updated job requisition 66db04abbf0a19d8769e6490
[2024-09-06T17:43:06.015+0000] {core_li.py:23} INFO - Successfully updated job requisition 66db04abbf0a19d8769e6492
[2024-09-06T17:43:06.026+0000] {core_li.py:23} INFO - Successfully updated job requisition 66db04abbf0a19d8769e6494
[2024-09-06T17:43:06.033+0000] {core_li.py:23} INFO - Successfully updated job requisition 66db04abbf0a19d8769e6496
[2024-09-06T17:43:06.044+0000] {core_li.py:23} INFO - Successfully updated job requisition 66db04abbf0a19d8769e6498
[2024-09-06T17:43:06.053+0000] {core_li.py:23} INFO - Successfully updated job requisition 66db04abbf0a19d8769e649a
[2024-09-06T17:43:06.066+0000] {core_li.py:23} INFO - Successfully updated job requisition 66db04abbf0a19d8769e649c
[2024-09-06T17:43:06.075+0000] {core_li.py:23} INFO - Successfully updated job requisition 66db04abbf0a19d8769e649e
[2024-09-06T17:43:06.091+0000] {core_li.py:23} INFO - Successfully updated job requisition 66db04abbf0a19d8769e64a0
[2024-09-06T17:43:06.100+0000] {core_li.py:23} INFO - Successfully updated job requisition 66db04abbf0a19d8769e64a2
[2024-09-06T17:43:06.108+0000] {core_li.py:23} INFO - Successfully updated job requisition 66db04abbf0a19d8769e64a4
[2024-09-06T17:43:06.115+0000] {core_li.py:23} INFO - Successfully updated job requisition 66db04abbf0a19d8769e64a6
[2024-09-06T17:43:06.125+0000] {core_li.py:23} INFO - Successfully updated job requisition 66db04abbf0a19d8769e64a8
[2024-09-06T17:43:06.132+0000] {core_li.py:23} INFO - Successfully updated job requisition 66db04abbf0a19d8769e64aa
[2024-09-06T17:43:06.150+0000] {core_li.py:23} INFO - Successfully updated job requisition 66db04abbf0a19d8769e64ac
[2024-09-06T17:43:06.161+0000] {core_li.py:23} INFO - Successfully updated job requisition 66db04abbf0a19d8769e64ae
[2024-09-06T17:43:06.167+0000] {core_li.py:23} INFO - Successfully updated job requisition 66db04abbf0a19d8769e64b0
[2024-09-06T17:43:06.178+0000] {core_li.py:23} INFO - Successfully updated job requisition 66db04abbf0a19d8769e64b2
[2024-09-06T17:43:06.185+0000] {core_li.py:23} INFO - Successfully updated job requisition 66db04abbf0a19d8769e64b4
[2024-09-06T17:43:06.195+0000] {core_li.py:23} INFO - Successfully updated job requisition 66db04abbf0a19d8769e64b6
[2024-09-06T17:43:06.208+0000] {core_li.py:23} INFO - Successfully updated job requisition 66db04abbf0a19d8769e64b8
[2024-09-06T17:43:06.216+0000] {core_li.py:23} INFO - Successfully updated job requisition 66db04abbf0a19d8769e64ba
[2024-09-06T17:43:06.228+0000] {core_li.py:23} INFO - Successfully updated job requisition 66db04abbf0a19d8769e64bc
[2024-09-06T17:43:06.242+0000] {core_li.py:23} INFO - Successfully updated job requisition 66db04abbf0a19d8769e64be
[2024-09-06T17:43:06.256+0000] {core_li.py:23} INFO - Successfully updated job requisition 66db04abbf0a19d8769e64c0
[2024-09-06T17:43:06.261+0000] {python.py:240} INFO - Done. Returned value was: 100
[2024-09-06T17:43:06.298+0000] {taskinstance.py:340} INFO - ::group::Post task execution logs
[2024-09-06T17:43:06.299+0000] {taskinstance.py:352} INFO - Marking task as SUCCESS. dag_id=async_flow, task_id=task_backfill_number_of_cancelled_candidates_in_batch, run_id=manual__2024-09-06T17:43:02.727107+00:00, map_index=11, execution_date=20240906T174302, start_date=20240906T174304, end_date=20240906T174306
[2024-09-06T17:43:06.345+0000] {local_task_job_runner.py:266} INFO - Task exited with return code 0
[2024-09-06T17:43:06.379+0000] {taskinstance.py:3900} INFO - 0 downstream tasks scheduled from follow-on schedule check
[2024-09-06T17:43:06.381+0000] {local_task_job_runner.py:245} INFO - ::endgroup::
