[2024-09-06T17:29:47.901+0000] {local_task_job_runner.py:123} INFO - ::group::Pre task execution logs
[2024-09-06T17:29:47.926+0000] {taskinstance.py:2612} INFO - Dependencies all met for dep_context=non-requeueable deps ti=<TaskInstance: async_flow.task_backfill_number_of_cancelled_candidates_in_batch manual__2024-09-06T17:29:39.458358+00:00 map_index=46 [queued]>
[2024-09-06T17:29:47.964+0000] {taskinstance.py:2612} INFO - Dependencies all met for dep_context=requeueable deps ti=<TaskInstance: async_flow.task_backfill_number_of_cancelled_candidates_in_batch manual__2024-09-06T17:29:39.458358+00:00 map_index=46 [queued]>
[2024-09-06T17:29:47.966+0000] {taskinstance.py:2865} INFO - Starting attempt 1 of 1
[2024-09-06T17:29:48.017+0000] {taskinstance.py:2888} INFO - Executing <Mapped(_PythonDecoratedOperator): task_backfill_number_of_cancelled_candidates_in_batch> on 2024-09-06 17:29:39.458358+00:00
[2024-09-06T17:29:48.027+0000] {standard_task_runner.py:104} INFO - Running: ['***', 'tasks', 'run', 'async_flow', 'task_backfill_number_of_cancelled_candidates_in_batch', 'manual__2024-09-06T17:29:39.458358+00:00', '--job-id', '157', '--raw', '--subdir', 'DAGS_FOLDER/dags_async_flow.py', '--cfg-path', '/tmp/tmpck6o3i7a', '--map-index', '46']
[2024-09-06T17:29:48.030+0000] {standard_task_runner.py:105} INFO - Job 157: Subtask task_backfill_number_of_cancelled_candidates_in_batch
[2024-09-06T17:29:48.025+0000] {warnings.py:112} WARNING - /home/***/.local/lib/python3.12/site-packages/***/task/task_runner/standard_task_runner.py:70: DeprecationWarning: This process (pid=3323) is multi-threaded, use of fork() may lead to deadlocks in the child.
  pid = os.fork()

[2024-09-06T17:29:48.033+0000] {standard_task_runner.py:72} INFO - Started process 3383 to run task
[2024-09-06T17:29:48.080+0000] {task_command.py:467} INFO - Running <TaskInstance: async_flow.task_backfill_number_of_cancelled_candidates_in_batch manual__2024-09-06T17:29:39.458358+00:00 map_index=46 [running]> on host a3a5f1897683
[2024-09-06T17:29:48.202+0000] {taskinstance.py:3131} INFO - Exporting env vars: AIRFLOW_CTX_DAG_OWNER='***' AIRFLOW_CTX_DAG_ID='async_flow' AIRFLOW_CTX_TASK_ID='task_backfill_number_of_cancelled_candidates_in_batch' AIRFLOW_CTX_EXECUTION_DATE='2024-09-06T17:29:39.458358+00:00' AIRFLOW_CTX_TRY_NUMBER='1' AIRFLOW_CTX_DAG_RUN_ID='manual__2024-09-06T17:29:39.458358+00:00'
[2024-09-06T17:29:48.204+0000] {taskinstance.py:731} INFO - ::endgroup::
[2024-09-06T17:29:48.226+0000] {core_li.py:23} INFO - Successfully updated job requisition 66db04abbf0a19d8769e6fb2
[2024-09-06T17:29:48.246+0000] {core_li.py:23} INFO - Successfully updated job requisition 66db04abbf0a19d8769e6fb4
[2024-09-06T17:29:48.264+0000] {core_li.py:23} INFO - Successfully updated job requisition 66db04abbf0a19d8769e6fb6
[2024-09-06T17:29:48.281+0000] {core_li.py:23} INFO - Successfully updated job requisition 66db04abbf0a19d8769e6fb8
[2024-09-06T17:29:48.296+0000] {core_li.py:23} INFO - Successfully updated job requisition 66db04abbf0a19d8769e6fba
[2024-09-06T17:29:48.329+0000] {core_li.py:23} INFO - Successfully updated job requisition 66db04abbf0a19d8769e6fbc
[2024-09-06T17:29:48.358+0000] {core_li.py:23} INFO - Successfully updated job requisition 66db04abbf0a19d8769e6fbe
[2024-09-06T17:29:48.379+0000] {core_li.py:23} INFO - Successfully updated job requisition 66db04abbf0a19d8769e6fc0
[2024-09-06T17:29:48.389+0000] {core_li.py:23} INFO - Successfully updated job requisition 66db04abbf0a19d8769e6fc2
[2024-09-06T17:29:48.398+0000] {core_li.py:23} INFO - Successfully updated job requisition 66db04abbf0a19d8769e6fc4
[2024-09-06T17:29:48.410+0000] {core_li.py:23} INFO - Successfully updated job requisition 66db04abbf0a19d8769e6fc6
[2024-09-06T17:29:48.440+0000] {core_li.py:23} INFO - Successfully updated job requisition 66db04abbf0a19d8769e6fc8
[2024-09-06T17:29:48.452+0000] {core_li.py:23} INFO - Successfully updated job requisition 66db04abbf0a19d8769e6fca
[2024-09-06T17:29:48.465+0000] {core_li.py:23} INFO - Successfully updated job requisition 66db04abbf0a19d8769e6fcc
[2024-09-06T17:29:48.483+0000] {core_li.py:23} INFO - Successfully updated job requisition 66db04abbf0a19d8769e6fce
[2024-09-06T17:29:48.497+0000] {core_li.py:23} INFO - Successfully updated job requisition 66db04abbf0a19d8769e6fd0
[2024-09-06T17:29:48.505+0000] {core_li.py:23} INFO - Successfully updated job requisition 66db04abbf0a19d8769e6fd2
[2024-09-06T17:29:48.512+0000] {core_li.py:23} INFO - Successfully updated job requisition 66db04abbf0a19d8769e6fd4
[2024-09-06T17:29:48.528+0000] {core_li.py:23} INFO - Successfully updated job requisition 66db04abbf0a19d8769e6fd6
[2024-09-06T17:29:48.547+0000] {core_li.py:23} INFO - Successfully updated job requisition 66db04abbf0a19d8769e6fd8
[2024-09-06T17:29:48.558+0000] {core_li.py:23} INFO - Successfully updated job requisition 66db04abbf0a19d8769e6fda
[2024-09-06T17:29:48.573+0000] {core_li.py:23} INFO - Successfully updated job requisition 66db04abbf0a19d8769e6fdc
[2024-09-06T17:29:48.588+0000] {core_li.py:23} INFO - Successfully updated job requisition 66db04abbf0a19d8769e6fde
[2024-09-06T17:29:48.601+0000] {core_li.py:23} INFO - Successfully updated job requisition 66db04abbf0a19d8769e6fe0
[2024-09-06T17:29:48.648+0000] {core_li.py:23} INFO - Successfully updated job requisition 66db04abbf0a19d8769e6fe2
[2024-09-06T17:29:48.661+0000] {core_li.py:23} INFO - Successfully updated job requisition 66db04abbf0a19d8769e6fe4
[2024-09-06T17:29:48.684+0000] {core_li.py:23} INFO - Successfully updated job requisition 66db04abbf0a19d8769e6fe6
[2024-09-06T17:29:48.696+0000] {core_li.py:23} INFO - Successfully updated job requisition 66db04abbf0a19d8769e6fe8
[2024-09-06T17:29:48.706+0000] {core_li.py:23} INFO - Successfully updated job requisition 66db04abbf0a19d8769e6fea
[2024-09-06T17:29:48.716+0000] {core_li.py:23} INFO - Successfully updated job requisition 66db04abbf0a19d8769e6fec
[2024-09-06T17:29:48.725+0000] {core_li.py:23} INFO - Successfully updated job requisition 66db04abbf0a19d8769e6fee
[2024-09-06T17:29:48.739+0000] {core_li.py:23} INFO - Successfully updated job requisition 66db04abbf0a19d8769e6ff0
[2024-09-06T17:29:48.749+0000] {core_li.py:23} INFO - Successfully updated job requisition 66db04abbf0a19d8769e6ff2
[2024-09-06T17:29:48.760+0000] {core_li.py:23} INFO - Successfully updated job requisition 66db04abbf0a19d8769e6ff4
[2024-09-06T17:29:48.774+0000] {core_li.py:23} INFO - Successfully updated job requisition 66db04abbf0a19d8769e6ff6
[2024-09-06T17:29:48.784+0000] {core_li.py:23} INFO - Successfully updated job requisition 66db04abbf0a19d8769e6ff8
[2024-09-06T17:29:48.791+0000] {core_li.py:23} INFO - Successfully updated job requisition 66db04abbf0a19d8769e6ffa
[2024-09-06T17:29:48.799+0000] {core_li.py:23} INFO - Successfully updated job requisition 66db04abbf0a19d8769e6ffc
[2024-09-06T17:29:48.806+0000] {core_li.py:23} INFO - Successfully updated job requisition 66db04abbf0a19d8769e6ffe
[2024-09-06T17:29:48.819+0000] {core_li.py:23} INFO - Successfully updated job requisition 66db04abbf0a19d8769e7000
[2024-09-06T17:29:48.828+0000] {core_li.py:23} INFO - Successfully updated job requisition 66db04abbf0a19d8769e7002
[2024-09-06T17:29:48.836+0000] {core_li.py:23} INFO - Successfully updated job requisition 66db04abbf0a19d8769e7004
[2024-09-06T17:29:48.848+0000] {core_li.py:23} INFO - Successfully updated job requisition 66db04abbf0a19d8769e7006
[2024-09-06T17:29:48.856+0000] {core_li.py:23} INFO - Successfully updated job requisition 66db04abbf0a19d8769e7008
[2024-09-06T17:29:48.863+0000] {core_li.py:23} INFO - Successfully updated job requisition 66db04abbf0a19d8769e700a
[2024-09-06T17:29:48.869+0000] {core_li.py:23} INFO - Successfully updated job requisition 66db04abbf0a19d8769e700c
[2024-09-06T17:29:48.875+0000] {core_li.py:23} INFO - Successfully updated job requisition 66db04abbf0a19d8769e700e
[2024-09-06T17:29:48.882+0000] {core_li.py:23} INFO - Successfully updated job requisition 66db04abbf0a19d8769e7010
[2024-09-06T17:29:48.888+0000] {core_li.py:23} INFO - Successfully updated job requisition 66db04abbf0a19d8769e7012
[2024-09-06T17:29:48.899+0000] {core_li.py:23} INFO - Successfully updated job requisition 66db04abbf0a19d8769e7014
[2024-09-06T17:29:48.911+0000] {core_li.py:23} INFO - Successfully updated job requisition 66db04abbf0a19d8769e7016
[2024-09-06T17:29:48.930+0000] {core_li.py:23} INFO - Successfully updated job requisition 66db04abbf0a19d8769e7018
[2024-09-06T17:29:48.937+0000] {core_li.py:23} INFO - Successfully updated job requisition 66db04abbf0a19d8769e701a
[2024-09-06T17:29:48.944+0000] {core_li.py:23} INFO - Successfully updated job requisition 66db04abbf0a19d8769e701c
[2024-09-06T17:29:48.951+0000] {core_li.py:23} INFO - Successfully updated job requisition 66db04abbf0a19d8769e701e
[2024-09-06T17:29:48.961+0000] {core_li.py:23} INFO - Successfully updated job requisition 66db04abbf0a19d8769e7020
[2024-09-06T17:29:48.967+0000] {core_li.py:23} INFO - Successfully updated job requisition 66db04abbf0a19d8769e7022
[2024-09-06T17:29:48.978+0000] {core_li.py:23} INFO - Successfully updated job requisition 66db04abbf0a19d8769e7024
[2024-09-06T17:29:48.993+0000] {core_li.py:23} INFO - Successfully updated job requisition 66db04abbf0a19d8769e7026
[2024-09-06T17:29:48.999+0000] {core_li.py:23} INFO - Successfully updated job requisition 66db04abbf0a19d8769e7028
[2024-09-06T17:29:49.006+0000] {core_li.py:23} INFO - Successfully updated job requisition 66db04abbf0a19d8769e702a
[2024-09-06T17:29:49.012+0000] {core_li.py:23} INFO - Successfully updated job requisition 66db04abbf0a19d8769e702c
[2024-09-06T17:29:49.020+0000] {core_li.py:23} INFO - Successfully updated job requisition 66db04abbf0a19d8769e702e
[2024-09-06T17:29:49.029+0000] {core_li.py:23} INFO - Successfully updated job requisition 66db04abbf0a19d8769e7030
[2024-09-06T17:29:49.038+0000] {core_li.py:23} INFO - Successfully updated job requisition 66db04abbf0a19d8769e7032
[2024-09-06T17:29:49.052+0000] {core_li.py:23} INFO - Successfully updated job requisition 66db04abbf0a19d8769e7034
[2024-09-06T17:29:49.058+0000] {core_li.py:23} INFO - Successfully updated job requisition 66db04abbf0a19d8769e7036
[2024-09-06T17:29:49.066+0000] {core_li.py:23} INFO - Successfully updated job requisition 66db04abbf0a19d8769e7038
[2024-09-06T17:29:49.073+0000] {core_li.py:23} INFO - Successfully updated job requisition 66db04abbf0a19d8769e703a
[2024-09-06T17:29:49.081+0000] {core_li.py:23} INFO - Successfully updated job requisition 66db04abbf0a19d8769e703c
[2024-09-06T17:29:49.089+0000] {core_li.py:23} INFO - Successfully updated job requisition 66db04abbf0a19d8769e703e
[2024-09-06T17:29:49.095+0000] {core_li.py:23} INFO - Successfully updated job requisition 66db04abbf0a19d8769e7040
[2024-09-06T17:29:49.104+0000] {core_li.py:23} INFO - Successfully updated job requisition 66db04abbf0a19d8769e7042
[2024-09-06T17:29:49.113+0000] {core_li.py:23} INFO - Successfully updated job requisition 66db04abbf0a19d8769e7044
[2024-09-06T17:29:49.121+0000] {core_li.py:23} INFO - Successfully updated job requisition 66db04abbf0a19d8769e7046
[2024-09-06T17:29:49.132+0000] {core_li.py:23} INFO - Successfully updated job requisition 66db04abbf0a19d8769e7048
[2024-09-06T17:29:49.140+0000] {core_li.py:23} INFO - Successfully updated job requisition 66db04abbf0a19d8769e704a
[2024-09-06T17:29:49.148+0000] {core_li.py:23} INFO - Successfully updated job requisition 66db04abbf0a19d8769e704c
[2024-09-06T17:29:49.156+0000] {core_li.py:23} INFO - Successfully updated job requisition 66db04abbf0a19d8769e704e
[2024-09-06T17:29:49.167+0000] {core_li.py:23} INFO - Successfully updated job requisition 66db04abbf0a19d8769e7050
[2024-09-06T17:29:49.174+0000] {core_li.py:23} INFO - Successfully updated job requisition 66db04abbf0a19d8769e7052
[2024-09-06T17:29:49.185+0000] {core_li.py:23} INFO - Successfully updated job requisition 66db04abbf0a19d8769e7054
[2024-09-06T17:29:49.193+0000] {core_li.py:23} INFO - Successfully updated job requisition 66db04abbf0a19d8769e7056
[2024-09-06T17:29:49.205+0000] {core_li.py:23} INFO - Successfully updated job requisition 66db04abbf0a19d8769e7058
[2024-09-06T17:29:49.214+0000] {core_li.py:23} INFO - Successfully updated job requisition 66db04abbf0a19d8769e705a
[2024-09-06T17:29:49.228+0000] {core_li.py:23} INFO - Successfully updated job requisition 66db04abbf0a19d8769e705c
[2024-09-06T17:29:49.234+0000] {core_li.py:23} INFO - Successfully updated job requisition 66db04abbf0a19d8769e705e
[2024-09-06T17:29:49.240+0000] {core_li.py:23} INFO - Successfully updated job requisition 66db04abbf0a19d8769e7060
[2024-09-06T17:29:49.248+0000] {core_li.py:23} INFO - Successfully updated job requisition 66db04abbf0a19d8769e7062
[2024-09-06T17:29:49.258+0000] {core_li.py:23} INFO - Successfully updated job requisition 66db04abbf0a19d8769e7064
[2024-09-06T17:29:49.263+0000] {core_li.py:23} INFO - Successfully updated job requisition 66db04abbf0a19d8769e7066
[2024-09-06T17:29:49.270+0000] {core_li.py:23} INFO - Successfully updated job requisition 66db04abbf0a19d8769e7068
[2024-09-06T17:29:49.277+0000] {core_li.py:23} INFO - Successfully updated job requisition 66db04abbf0a19d8769e706a
[2024-09-06T17:29:49.300+0000] {core_li.py:23} INFO - Successfully updated job requisition 66db04abbf0a19d8769e706c
[2024-09-06T17:29:49.310+0000] {core_li.py:23} INFO - Successfully updated job requisition 66db04abbf0a19d8769e706e
[2024-09-06T17:29:49.326+0000] {core_li.py:23} INFO - Successfully updated job requisition 66db04abbf0a19d8769e7070
[2024-09-06T17:29:49.341+0000] {core_li.py:23} INFO - Successfully updated job requisition 66db04abbf0a19d8769e7072
[2024-09-06T17:29:49.352+0000] {core_li.py:23} INFO - Successfully updated job requisition 66db04abbf0a19d8769e7074
[2024-09-06T17:29:49.361+0000] {core_li.py:23} INFO - Successfully updated job requisition 66db04abbf0a19d8769e7076
[2024-09-06T17:29:49.375+0000] {core_li.py:23} INFO - Successfully updated job requisition 66db04abbf0a19d8769e7078
[2024-09-06T17:29:49.378+0000] {python.py:240} INFO - Done. Returned value was: 100
[2024-09-06T17:29:49.418+0000] {taskinstance.py:340} INFO - ::group::Post task execution logs
[2024-09-06T17:29:49.418+0000] {taskinstance.py:352} INFO - Marking task as SUCCESS. dag_id=async_flow, task_id=task_backfill_number_of_cancelled_candidates_in_batch, run_id=manual__2024-09-06T17:29:39.458358+00:00, map_index=46, execution_date=20240906T172939, start_date=20240906T172947, end_date=20240906T172949
[2024-09-06T17:29:49.459+0000] {local_task_job_runner.py:266} INFO - Task exited with return code 0
[2024-09-06T17:29:49.488+0000] {local_task_job_runner.py:245} INFO - ::endgroup::
