[2024-09-06T17:43:10.094+0000] {local_task_job_runner.py:123} INFO - ::group::Pre task execution logs
[2024-09-06T17:43:10.116+0000] {taskinstance.py:2612} INFO - Dependencies all met for dep_context=non-requeueable deps ti=<TaskInstance: async_flow.task_backfill_number_of_cancelled_candidates_in_batch manual__2024-09-06T17:43:02.727107+00:00 map_index=33 [queued]>
[2024-09-06T17:43:10.158+0000] {taskinstance.py:2612} INFO - Dependencies all met for dep_context=requeueable deps ti=<TaskInstance: async_flow.task_backfill_number_of_cancelled_candidates_in_batch manual__2024-09-06T17:43:02.727107+00:00 map_index=33 [queued]>
[2024-09-06T17:43:10.159+0000] {taskinstance.py:2865} INFO - Starting attempt 1 of 1
[2024-09-06T17:43:10.171+0000] {taskinstance.py:2888} INFO - Executing <Mapped(_PythonDecoratedOperator): task_backfill_number_of_cancelled_candidates_in_batch> on 2024-09-06 17:43:02.727107+00:00
[2024-09-06T17:43:10.175+0000] {warnings.py:112} WARNING - /home/***/.local/lib/python3.12/site-packages/***/task/task_runner/standard_task_runner.py:70: DeprecationWarning: This process (pid=282) is multi-threaded, use of fork() may lead to deadlocks in the child.
  pid = os.fork()

[2024-09-06T17:43:10.176+0000] {standard_task_runner.py:72} INFO - Started process 356 to run task
[2024-09-06T17:43:10.178+0000] {standard_task_runner.py:104} INFO - Running: ['***', 'tasks', 'run', 'async_flow', 'task_backfill_number_of_cancelled_candidates_in_batch', 'manual__2024-09-06T17:43:02.727107+00:00', '--job-id', '220', '--raw', '--subdir', 'DAGS_FOLDER/dags_async_flow.py', '--cfg-path', '/tmp/tmp2i1pd4jk', '--map-index', '33']
[2024-09-06T17:43:10.180+0000] {standard_task_runner.py:105} INFO - Job 220: Subtask task_backfill_number_of_cancelled_candidates_in_batch
[2024-09-06T17:43:10.268+0000] {task_command.py:467} INFO - Running <TaskInstance: async_flow.task_backfill_number_of_cancelled_candidates_in_batch manual__2024-09-06T17:43:02.727107+00:00 map_index=33 [running]> on host 0817eb6c24af
[2024-09-06T17:43:10.357+0000] {taskinstance.py:3131} INFO - Exporting env vars: AIRFLOW_CTX_DAG_OWNER='***' AIRFLOW_CTX_DAG_ID='async_flow' AIRFLOW_CTX_TASK_ID='task_backfill_number_of_cancelled_candidates_in_batch' AIRFLOW_CTX_EXECUTION_DATE='2024-09-06T17:43:02.727107+00:00' AIRFLOW_CTX_TRY_NUMBER='1' AIRFLOW_CTX_DAG_RUN_ID='manual__2024-09-06T17:43:02.727107+00:00'
[2024-09-06T17:43:10.358+0000] {taskinstance.py:731} INFO - ::endgroup::
[2024-09-06T17:43:10.371+0000] {core_li.py:23} INFO - Successfully updated job requisition 66db04abbf0a19d8769e752a
[2024-09-06T17:43:10.384+0000] {core_li.py:23} INFO - Successfully updated job requisition 66db04abbf0a19d8769e752c
[2024-09-06T17:43:10.395+0000] {core_li.py:23} INFO - Successfully updated job requisition 66db04abbf0a19d8769e752e
[2024-09-06T17:43:10.402+0000] {core_li.py:23} INFO - Successfully updated job requisition 66db04abbf0a19d8769e7530
[2024-09-06T17:43:10.410+0000] {core_li.py:23} INFO - Successfully updated job requisition 66db04abbf0a19d8769e7532
[2024-09-06T17:43:10.417+0000] {core_li.py:23} INFO - Successfully updated job requisition 66db04abbf0a19d8769e7534
[2024-09-06T17:43:10.426+0000] {core_li.py:23} INFO - Successfully updated job requisition 66db04abbf0a19d8769e7536
[2024-09-06T17:43:10.441+0000] {core_li.py:23} INFO - Successfully updated job requisition 66db04abbf0a19d8769e7538
[2024-09-06T17:43:10.447+0000] {core_li.py:23} INFO - Successfully updated job requisition 66db04abbf0a19d8769e753a
[2024-09-06T17:43:10.453+0000] {core_li.py:23} INFO - Successfully updated job requisition 66db04abbf0a19d8769e753c
[2024-09-06T17:43:10.460+0000] {core_li.py:23} INFO - Successfully updated job requisition 66db04abbf0a19d8769e753e
[2024-09-06T17:43:10.468+0000] {core_li.py:23} INFO - Successfully updated job requisition 66db04abbf0a19d8769e7540
[2024-09-06T17:43:10.477+0000] {core_li.py:23} INFO - Successfully updated job requisition 66db04abbf0a19d8769e7542
[2024-09-06T17:43:10.487+0000] {core_li.py:23} INFO - Successfully updated job requisition 66db04abbf0a19d8769e7544
[2024-09-06T17:43:10.498+0000] {core_li.py:23} INFO - Successfully updated job requisition 66db04abbf0a19d8769e7546
[2024-09-06T17:43:10.510+0000] {core_li.py:23} INFO - Successfully updated job requisition 66db04abbf0a19d8769e7548
[2024-09-06T17:43:10.518+0000] {core_li.py:23} INFO - Successfully updated job requisition 66db04abbf0a19d8769e754a
[2024-09-06T17:43:10.529+0000] {core_li.py:23} INFO - Successfully updated job requisition 66db04abbf0a19d8769e754c
[2024-09-06T17:43:10.537+0000] {core_li.py:23} INFO - Successfully updated job requisition 66db04abbf0a19d8769e754e
[2024-09-06T17:43:10.544+0000] {core_li.py:23} INFO - Successfully updated job requisition 66db04abbf0a19d8769e7550
[2024-09-06T17:43:10.553+0000] {core_li.py:23} INFO - Successfully updated job requisition 66db04abbf0a19d8769e7552
[2024-09-06T17:43:10.560+0000] {core_li.py:23} INFO - Successfully updated job requisition 66db04abbf0a19d8769e7554
[2024-09-06T17:43:10.569+0000] {core_li.py:23} INFO - Successfully updated job requisition 66db04abbf0a19d8769e7556
[2024-09-06T17:43:10.578+0000] {core_li.py:23} INFO - Successfully updated job requisition 66db04abbf0a19d8769e7558
[2024-09-06T17:43:10.585+0000] {core_li.py:23} INFO - Successfully updated job requisition 66db04abbf0a19d8769e755a
[2024-09-06T17:43:10.598+0000] {core_li.py:23} INFO - Successfully updated job requisition 66db04abbf0a19d8769e755c
[2024-09-06T17:43:10.605+0000] {core_li.py:23} INFO - Successfully updated job requisition 66db04abbf0a19d8769e755e
[2024-09-06T17:43:10.610+0000] {core_li.py:23} INFO - Successfully updated job requisition 66db04abbf0a19d8769e7560
[2024-09-06T17:43:10.619+0000] {core_li.py:23} INFO - Successfully updated job requisition 66db04abbf0a19d8769e7562
[2024-09-06T17:43:10.627+0000] {core_li.py:23} INFO - Successfully updated job requisition 66db04abbf0a19d8769e7564
[2024-09-06T17:43:10.636+0000] {core_li.py:23} INFO - Successfully updated job requisition 66db04abbf0a19d8769e7566
[2024-09-06T17:43:10.643+0000] {core_li.py:23} INFO - Successfully updated job requisition 66db04abbf0a19d8769e7568
[2024-09-06T17:43:10.652+0000] {core_li.py:23} INFO - Successfully updated job requisition 66db04abbf0a19d8769e756a
[2024-09-06T17:43:10.670+0000] {core_li.py:23} INFO - Successfully updated job requisition 66db04abbf0a19d8769e756c
[2024-09-06T17:43:10.679+0000] {core_li.py:23} INFO - Successfully updated job requisition 66db04abbf0a19d8769e756e
[2024-09-06T17:43:10.687+0000] {core_li.py:23} INFO - Successfully updated job requisition 66db04abbf0a19d8769e7570
[2024-09-06T17:43:10.696+0000] {core_li.py:23} INFO - Successfully updated job requisition 66db04abbf0a19d8769e7572
[2024-09-06T17:43:10.708+0000] {core_li.py:23} INFO - Successfully updated job requisition 66db04abbf0a19d8769e7574
[2024-09-06T17:43:10.717+0000] {core_li.py:23} INFO - Successfully updated job requisition 66db04abbf0a19d8769e7576
[2024-09-06T17:43:10.734+0000] {core_li.py:23} INFO - Successfully updated job requisition 66db04abbf0a19d8769e7578
[2024-09-06T17:43:10.744+0000] {core_li.py:23} INFO - Successfully updated job requisition 66db04abbf0a19d8769e757a
[2024-09-06T17:43:10.752+0000] {core_li.py:23} INFO - Successfully updated job requisition 66db04abbf0a19d8769e757c
[2024-09-06T17:43:10.761+0000] {core_li.py:23} INFO - Successfully updated job requisition 66db04abbf0a19d8769e757e
[2024-09-06T17:43:10.768+0000] {core_li.py:23} INFO - Successfully updated job requisition 66db04abbf0a19d8769e7580
[2024-09-06T17:43:10.776+0000] {core_li.py:23} INFO - Successfully updated job requisition 66db04abbf0a19d8769e7582
[2024-09-06T17:43:10.784+0000] {core_li.py:23} INFO - Successfully updated job requisition 66db04abbf0a19d8769e7584
[2024-09-06T17:43:10.792+0000] {core_li.py:23} INFO - Successfully updated job requisition 66db04abbf0a19d8769e7586
[2024-09-06T17:43:10.802+0000] {core_li.py:23} INFO - Successfully updated job requisition 66db04abbf0a19d8769e7588
[2024-09-06T17:43:10.809+0000] {core_li.py:23} INFO - Successfully updated job requisition 66db04abbf0a19d8769e758a
[2024-09-06T17:43:10.821+0000] {core_li.py:23} INFO - Successfully updated job requisition 66db04abbf0a19d8769e758c
[2024-09-06T17:43:10.831+0000] {core_li.py:23} INFO - Successfully updated job requisition 66db04abbf0a19d8769e758e
[2024-09-06T17:43:10.838+0000] {core_li.py:23} INFO - Successfully updated job requisition 66db04abbf0a19d8769e7590
[2024-09-06T17:43:10.846+0000] {core_li.py:23} INFO - Successfully updated job requisition 66db04abbf0a19d8769e7592
[2024-09-06T17:43:10.854+0000] {core_li.py:23} INFO - Successfully updated job requisition 66db04abbf0a19d8769e7594
[2024-09-06T17:43:10.861+0000] {core_li.py:23} INFO - Successfully updated job requisition 66db04abbf0a19d8769e7596
[2024-09-06T17:43:10.870+0000] {core_li.py:23} INFO - Successfully updated job requisition 66db04abbf0a19d8769e7598
[2024-09-06T17:43:10.883+0000] {core_li.py:23} INFO - Successfully updated job requisition 66db04abbf0a19d8769e759a
[2024-09-06T17:43:10.896+0000] {core_li.py:23} INFO - Successfully updated job requisition 66db04abbf0a19d8769e759c
[2024-09-06T17:43:10.903+0000] {core_li.py:23} INFO - Successfully updated job requisition 66db04abbf0a19d8769e759e
[2024-09-06T17:43:10.910+0000] {core_li.py:23} INFO - Successfully updated job requisition 66db04abbf0a19d8769e75a0
[2024-09-06T17:43:10.918+0000] {core_li.py:23} INFO - Successfully updated job requisition 66db04abbf0a19d8769e75a2
[2024-09-06T17:43:10.925+0000] {core_li.py:23} INFO - Successfully updated job requisition 66db04abbf0a19d8769e75a4
[2024-09-06T17:43:10.933+0000] {core_li.py:23} INFO - Successfully updated job requisition 66db04abbf0a19d8769e75a6
[2024-09-06T17:43:10.944+0000] {core_li.py:23} INFO - Successfully updated job requisition 66db04abbf0a19d8769e75a8
[2024-09-06T17:43:10.951+0000] {core_li.py:23} INFO - Successfully updated job requisition 66db04abbf0a19d8769e75aa
[2024-09-06T17:43:10.958+0000] {core_li.py:23} INFO - Successfully updated job requisition 66db04abbf0a19d8769e75ac
[2024-09-06T17:43:10.964+0000] {core_li.py:23} INFO - Successfully updated job requisition 66db04abbf0a19d8769e75ae
[2024-09-06T17:43:10.973+0000] {core_li.py:23} INFO - Successfully updated job requisition 66db04abbf0a19d8769e75b0
[2024-09-06T17:43:10.987+0000] {core_li.py:23} INFO - Successfully updated job requisition 66db04abbf0a19d8769e75b2
[2024-09-06T17:43:10.998+0000] {core_li.py:23} INFO - Successfully updated job requisition 66db04abbf0a19d8769e75b4
[2024-09-06T17:43:11.008+0000] {core_li.py:23} INFO - Successfully updated job requisition 66db04abbf0a19d8769e75b6
[2024-09-06T17:43:11.015+0000] {core_li.py:23} INFO - Successfully updated job requisition 66db04abbf0a19d8769e75b8
[2024-09-06T17:43:11.024+0000] {core_li.py:23} INFO - Successfully updated job requisition 66db04abbf0a19d8769e75ba
[2024-09-06T17:43:11.032+0000] {core_li.py:23} INFO - Successfully updated job requisition 66db04abbf0a19d8769e75bc
[2024-09-06T17:43:11.040+0000] {core_li.py:23} INFO - Successfully updated job requisition 66db04abbf0a19d8769e75be
[2024-09-06T17:43:11.052+0000] {core_li.py:23} INFO - Successfully updated job requisition 66db04abbf0a19d8769e75c0
[2024-09-06T17:43:11.060+0000] {core_li.py:23} INFO - Successfully updated job requisition 66db04abbf0a19d8769e75c2
[2024-09-06T17:43:11.068+0000] {core_li.py:23} INFO - Successfully updated job requisition 66db04abbf0a19d8769e75c4
[2024-09-06T17:43:11.074+0000] {core_li.py:23} INFO - Successfully updated job requisition 66db04abbf0a19d8769e75c6
[2024-09-06T17:43:11.082+0000] {core_li.py:23} INFO - Successfully updated job requisition 66db04abbf0a19d8769e75c8
[2024-09-06T17:43:11.089+0000] {core_li.py:23} INFO - Successfully updated job requisition 66db04abbf0a19d8769e75ca
[2024-09-06T17:43:11.097+0000] {core_li.py:23} INFO - Successfully updated job requisition 66db04abbf0a19d8769e75cc
[2024-09-06T17:43:11.105+0000] {core_li.py:23} INFO - Successfully updated job requisition 66db04abbf0a19d8769e75ce
[2024-09-06T17:43:11.114+0000] {core_li.py:23} INFO - Successfully updated job requisition 66db04abbf0a19d8769e75d0
[2024-09-06T17:43:11.121+0000] {core_li.py:23} INFO - Successfully updated job requisition 66db04abbf0a19d8769e75d2
[2024-09-06T17:43:11.134+0000] {core_li.py:23} INFO - Successfully updated job requisition 66db04abbf0a19d8769e75d4
[2024-09-06T17:43:11.148+0000] {core_li.py:23} INFO - Successfully updated job requisition 66db04abbf0a19d8769e75d6
[2024-09-06T17:43:11.160+0000] {core_li.py:23} INFO - Successfully updated job requisition 66db04abbf0a19d8769e75d8
[2024-09-06T17:43:11.167+0000] {core_li.py:23} INFO - Successfully updated job requisition 66db04abbf0a19d8769e75da
[2024-09-06T17:43:11.174+0000] {core_li.py:23} INFO - Successfully updated job requisition 66db04abbf0a19d8769e75dc
[2024-09-06T17:43:11.180+0000] {core_li.py:23} INFO - Successfully updated job requisition 66db04abbf0a19d8769e75de
[2024-09-06T17:43:11.188+0000] {core_li.py:23} INFO - Successfully updated job requisition 66db04abbf0a19d8769e75e0
[2024-09-06T17:43:11.199+0000] {core_li.py:23} INFO - Successfully updated job requisition 66db04abbf0a19d8769e75e2
[2024-09-06T17:43:11.209+0000] {core_li.py:23} INFO - Successfully updated job requisition 66db04abbf0a19d8769e75e4
[2024-09-06T17:43:11.223+0000] {core_li.py:23} INFO - Successfully updated job requisition 66db04abbf0a19d8769e75e6
[2024-09-06T17:43:11.234+0000] {core_li.py:23} INFO - Successfully updated job requisition 66db04abbf0a19d8769e75e8
[2024-09-06T17:43:11.246+0000] {core_li.py:23} INFO - Successfully updated job requisition 66db04abbf0a19d8769e75ea
[2024-09-06T17:43:11.256+0000] {core_li.py:23} INFO - Successfully updated job requisition 66db04abbf0a19d8769e75ec
[2024-09-06T17:43:11.264+0000] {core_li.py:23} INFO - Successfully updated job requisition 66db04abbf0a19d8769e75ee
[2024-09-06T17:43:11.272+0000] {core_li.py:23} INFO - Successfully updated job requisition 66db04abbf0a19d8769e75f0
[2024-09-06T17:43:11.273+0000] {python.py:240} INFO - Done. Returned value was: 100
[2024-09-06T17:43:11.306+0000] {taskinstance.py:340} INFO - ::group::Post task execution logs
[2024-09-06T17:43:11.306+0000] {taskinstance.py:352} INFO - Marking task as SUCCESS. dag_id=async_flow, task_id=task_backfill_number_of_cancelled_candidates_in_batch, run_id=manual__2024-09-06T17:43:02.727107+00:00, map_index=33, execution_date=20240906T174302, start_date=20240906T174310, end_date=20240906T174311
[2024-09-06T17:43:11.349+0000] {local_task_job_runner.py:266} INFO - Task exited with return code 0
[2024-09-06T17:43:11.354+0000] {local_task_job_runner.py:245} INFO - ::endgroup::
