[2024-09-06T17:43:04.428+0000] {local_task_job_runner.py:123} INFO - ::group::Pre task execution logs
[2024-09-06T17:43:04.466+0000] {taskinstance.py:2612} INFO - Dependencies all met for dep_context=non-requeueable deps ti=<TaskInstance: async_flow.task_backfill_number_of_cancelled_candidates_in_batch manual__2024-09-06T17:43:02.727107+00:00 map_index=14 [queued]>
[2024-09-06T17:43:04.489+0000] {taskinstance.py:2612} INFO - Dependencies all met for dep_context=requeueable deps ti=<TaskInstance: async_flow.task_backfill_number_of_cancelled_candidates_in_batch manual__2024-09-06T17:43:02.727107+00:00 map_index=14 [queued]>
[2024-09-06T17:43:04.490+0000] {taskinstance.py:2865} INFO - Starting attempt 1 of 1
[2024-09-06T17:43:04.520+0000] {taskinstance.py:2888} INFO - Executing <Mapped(_PythonDecoratedOperator): task_backfill_number_of_cancelled_candidates_in_batch> on 2024-09-06 17:43:02.727107+00:00
[2024-09-06T17:43:04.531+0000] {warnings.py:112} WARNING - /home/***/.local/lib/python3.12/site-packages/***/task/task_runner/standard_task_runner.py:70: DeprecationWarning: This process (pid=85) is multi-threaded, use of fork() may lead to deadlocks in the child.
  pid = os.fork()

[2024-09-06T17:43:04.533+0000] {standard_task_runner.py:72} INFO - Started process 156 to run task
[2024-09-06T17:43:04.539+0000] {standard_task_runner.py:104} INFO - Running: ['***', 'tasks', 'run', 'async_flow', 'task_backfill_number_of_cancelled_candidates_in_batch', 'manual__2024-09-06T17:43:02.727107+00:00', '--job-id', '185', '--raw', '--subdir', 'DAGS_FOLDER/dags_async_flow.py', '--cfg-path', '/tmp/tmpu7ztq_1j', '--map-index', '14']
[2024-09-06T17:43:04.541+0000] {standard_task_runner.py:105} INFO - Job 185: Subtask task_backfill_number_of_cancelled_candidates_in_batch
[2024-09-06T17:43:04.665+0000] {task_command.py:467} INFO - Running <TaskInstance: async_flow.task_backfill_number_of_cancelled_candidates_in_batch manual__2024-09-06T17:43:02.727107+00:00 map_index=14 [running]> on host 0817eb6c24af
[2024-09-06T17:43:04.957+0000] {taskinstance.py:3131} INFO - Exporting env vars: AIRFLOW_CTX_DAG_OWNER='***' AIRFLOW_CTX_DAG_ID='async_flow' AIRFLOW_CTX_TASK_ID='task_backfill_number_of_cancelled_candidates_in_batch' AIRFLOW_CTX_EXECUTION_DATE='2024-09-06T17:43:02.727107+00:00' AIRFLOW_CTX_TRY_NUMBER='1' AIRFLOW_CTX_DAG_RUN_ID='manual__2024-09-06T17:43:02.727107+00:00'
[2024-09-06T17:43:04.959+0000] {taskinstance.py:731} INFO - ::endgroup::
[2024-09-06T17:43:04.987+0000] {core_li.py:23} INFO - Successfully updated job requisition 66db04abbf0a19d8769e6652
[2024-09-06T17:43:05.003+0000] {core_li.py:23} INFO - Successfully updated job requisition 66db04abbf0a19d8769e6654
[2024-09-06T17:43:05.019+0000] {core_li.py:23} INFO - Successfully updated job requisition 66db04abbf0a19d8769e6656
[2024-09-06T17:43:05.037+0000] {core_li.py:23} INFO - Successfully updated job requisition 66db04abbf0a19d8769e6658
[2024-09-06T17:43:05.046+0000] {core_li.py:23} INFO - Successfully updated job requisition 66db04abbf0a19d8769e665a
[2024-09-06T17:43:05.057+0000] {core_li.py:23} INFO - Successfully updated job requisition 66db04abbf0a19d8769e665c
[2024-09-06T17:43:05.069+0000] {core_li.py:23} INFO - Successfully updated job requisition 66db04abbf0a19d8769e665e
[2024-09-06T17:43:05.078+0000] {core_li.py:23} INFO - Successfully updated job requisition 66db04abbf0a19d8769e6660
[2024-09-06T17:43:05.088+0000] {core_li.py:23} INFO - Successfully updated job requisition 66db04abbf0a19d8769e6662
[2024-09-06T17:43:05.102+0000] {core_li.py:23} INFO - Successfully updated job requisition 66db04abbf0a19d8769e6664
[2024-09-06T17:43:05.112+0000] {core_li.py:23} INFO - Successfully updated job requisition 66db04abbf0a19d8769e6666
[2024-09-06T17:43:05.124+0000] {core_li.py:23} INFO - Successfully updated job requisition 66db04abbf0a19d8769e6668
[2024-09-06T17:43:05.138+0000] {core_li.py:23} INFO - Successfully updated job requisition 66db04abbf0a19d8769e666a
[2024-09-06T17:43:05.146+0000] {core_li.py:23} INFO - Successfully updated job requisition 66db04abbf0a19d8769e666c
[2024-09-06T17:43:05.156+0000] {core_li.py:23} INFO - Successfully updated job requisition 66db04abbf0a19d8769e666e
[2024-09-06T17:43:05.163+0000] {core_li.py:23} INFO - Successfully updated job requisition 66db04abbf0a19d8769e6670
[2024-09-06T17:43:05.172+0000] {core_li.py:23} INFO - Successfully updated job requisition 66db04abbf0a19d8769e6672
[2024-09-06T17:43:05.181+0000] {core_li.py:23} INFO - Successfully updated job requisition 66db04abbf0a19d8769e6674
[2024-09-06T17:43:05.195+0000] {core_li.py:23} INFO - Successfully updated job requisition 66db04abbf0a19d8769e6676
[2024-09-06T17:43:05.204+0000] {core_li.py:23} INFO - Successfully updated job requisition 66db04abbf0a19d8769e6678
[2024-09-06T17:43:05.219+0000] {core_li.py:23} INFO - Successfully updated job requisition 66db04abbf0a19d8769e667a
[2024-09-06T17:43:05.229+0000] {core_li.py:23} INFO - Successfully updated job requisition 66db04abbf0a19d8769e667c
[2024-09-06T17:43:05.237+0000] {core_li.py:23} INFO - Successfully updated job requisition 66db04abbf0a19d8769e667e
[2024-09-06T17:43:05.254+0000] {core_li.py:23} INFO - Successfully updated job requisition 66db04abbf0a19d8769e6680
[2024-09-06T17:43:05.262+0000] {core_li.py:23} INFO - Successfully updated job requisition 66db04abbf0a19d8769e6682
[2024-09-06T17:43:05.271+0000] {core_li.py:23} INFO - Successfully updated job requisition 66db04abbf0a19d8769e6684
[2024-09-06T17:43:05.281+0000] {core_li.py:23} INFO - Successfully updated job requisition 66db04abbf0a19d8769e6686
[2024-09-06T17:43:05.292+0000] {core_li.py:23} INFO - Successfully updated job requisition 66db04abbf0a19d8769e6688
[2024-09-06T17:43:05.303+0000] {core_li.py:23} INFO - Successfully updated job requisition 66db04abbf0a19d8769e668a
[2024-09-06T17:43:05.315+0000] {core_li.py:23} INFO - Successfully updated job requisition 66db04abbf0a19d8769e668c
[2024-09-06T17:43:05.323+0000] {core_li.py:23} INFO - Successfully updated job requisition 66db04abbf0a19d8769e668e
[2024-09-06T17:43:05.333+0000] {core_li.py:23} INFO - Successfully updated job requisition 66db04abbf0a19d8769e6690
[2024-09-06T17:43:05.344+0000] {core_li.py:23} INFO - Successfully updated job requisition 66db04abbf0a19d8769e6692
[2024-09-06T17:43:05.351+0000] {core_li.py:23} INFO - Successfully updated job requisition 66db04abbf0a19d8769e6694
[2024-09-06T17:43:05.360+0000] {core_li.py:23} INFO - Successfully updated job requisition 66db04abbf0a19d8769e6696
[2024-09-06T17:43:05.369+0000] {core_li.py:23} INFO - Successfully updated job requisition 66db04abbf0a19d8769e6698
[2024-09-06T17:43:05.379+0000] {core_li.py:23} INFO - Successfully updated job requisition 66db04abbf0a19d8769e669a
[2024-09-06T17:43:05.385+0000] {core_li.py:23} INFO - Successfully updated job requisition 66db04abbf0a19d8769e669c
[2024-09-06T17:43:05.394+0000] {core_li.py:23} INFO - Successfully updated job requisition 66db04abbf0a19d8769e669e
[2024-09-06T17:43:05.401+0000] {core_li.py:23} INFO - Successfully updated job requisition 66db04abbf0a19d8769e66a0
[2024-09-06T17:43:05.417+0000] {core_li.py:23} INFO - Successfully updated job requisition 66db04abbf0a19d8769e66a2
[2024-09-06T17:43:05.426+0000] {core_li.py:23} INFO - Successfully updated job requisition 66db04abbf0a19d8769e66a4
[2024-09-06T17:43:05.435+0000] {core_li.py:23} INFO - Successfully updated job requisition 66db04abbf0a19d8769e66a6
[2024-09-06T17:43:05.445+0000] {core_li.py:23} INFO - Successfully updated job requisition 66db04abbf0a19d8769e66a8
[2024-09-06T17:43:05.458+0000] {core_li.py:23} INFO - Successfully updated job requisition 66db04abbf0a19d8769e66aa
[2024-09-06T17:43:05.467+0000] {core_li.py:23} INFO - Successfully updated job requisition 66db04abbf0a19d8769e66ac
[2024-09-06T17:43:05.478+0000] {core_li.py:23} INFO - Successfully updated job requisition 66db04abbf0a19d8769e66ae
[2024-09-06T17:43:05.489+0000] {core_li.py:23} INFO - Successfully updated job requisition 66db04abbf0a19d8769e66b0
[2024-09-06T17:43:05.502+0000] {core_li.py:23} INFO - Successfully updated job requisition 66db04abbf0a19d8769e66b2
[2024-09-06T17:43:05.511+0000] {core_li.py:23} INFO - Successfully updated job requisition 66db04abbf0a19d8769e66b4
[2024-09-06T17:43:05.521+0000] {core_li.py:23} INFO - Successfully updated job requisition 66db04abbf0a19d8769e66b6
[2024-09-06T17:43:05.528+0000] {core_li.py:23} INFO - Successfully updated job requisition 66db04abbf0a19d8769e66b8
[2024-09-06T17:43:05.547+0000] {core_li.py:23} INFO - Successfully updated job requisition 66db04abbf0a19d8769e66ba
[2024-09-06T17:43:05.556+0000] {core_li.py:23} INFO - Successfully updated job requisition 66db04abbf0a19d8769e66bc
[2024-09-06T17:43:05.565+0000] {core_li.py:23} INFO - Successfully updated job requisition 66db04abbf0a19d8769e66be
[2024-09-06T17:43:05.580+0000] {core_li.py:23} INFO - Successfully updated job requisition 66db04abbf0a19d8769e66c0
[2024-09-06T17:43:05.596+0000] {core_li.py:23} INFO - Successfully updated job requisition 66db04abbf0a19d8769e66c2
[2024-09-06T17:43:05.613+0000] {core_li.py:23} INFO - Successfully updated job requisition 66db04abbf0a19d8769e66c4
[2024-09-06T17:43:05.631+0000] {core_li.py:23} INFO - Successfully updated job requisition 66db04abbf0a19d8769e66c6
[2024-09-06T17:43:05.655+0000] {core_li.py:23} INFO - Successfully updated job requisition 66db04abbf0a19d8769e66c8
[2024-09-06T17:43:05.699+0000] {core_li.py:23} INFO - Successfully updated job requisition 66db04abbf0a19d8769e66ca
[2024-09-06T17:43:05.733+0000] {core_li.py:23} INFO - Successfully updated job requisition 66db04abbf0a19d8769e66cc
[2024-09-06T17:43:05.747+0000] {core_li.py:23} INFO - Successfully updated job requisition 66db04abbf0a19d8769e66ce
[2024-09-06T17:43:05.768+0000] {core_li.py:23} INFO - Successfully updated job requisition 66db04abbf0a19d8769e66d0
[2024-09-06T17:43:05.793+0000] {core_li.py:23} INFO - Successfully updated job requisition 66db04abbf0a19d8769e66d2
[2024-09-06T17:43:05.807+0000] {core_li.py:23} INFO - Successfully updated job requisition 66db04abbf0a19d8769e66d4
[2024-09-06T17:43:05.820+0000] {core_li.py:23} INFO - Successfully updated job requisition 66db04abbf0a19d8769e66d6
[2024-09-06T17:43:05.836+0000] {core_li.py:23} INFO - Successfully updated job requisition 66db04abbf0a19d8769e66d8
[2024-09-06T17:43:05.850+0000] {core_li.py:23} INFO - Successfully updated job requisition 66db04abbf0a19d8769e66da
[2024-09-06T17:43:05.860+0000] {core_li.py:23} INFO - Successfully updated job requisition 66db04abbf0a19d8769e66dc
[2024-09-06T17:43:05.872+0000] {core_li.py:23} INFO - Successfully updated job requisition 66db04abbf0a19d8769e66de
[2024-09-06T17:43:05.892+0000] {core_li.py:23} INFO - Successfully updated job requisition 66db04abbf0a19d8769e66e0
[2024-09-06T17:43:05.903+0000] {core_li.py:23} INFO - Successfully updated job requisition 66db04abbf0a19d8769e66e2
[2024-09-06T17:43:05.914+0000] {core_li.py:23} INFO - Successfully updated job requisition 66db04abbf0a19d8769e66e4
[2024-09-06T17:43:05.924+0000] {core_li.py:23} INFO - Successfully updated job requisition 66db04abbf0a19d8769e66e6
[2024-09-06T17:43:05.939+0000] {core_li.py:23} INFO - Successfully updated job requisition 66db04abbf0a19d8769e66e8
[2024-09-06T17:43:05.950+0000] {core_li.py:23} INFO - Successfully updated job requisition 66db04abbf0a19d8769e66ea
[2024-09-06T17:43:05.963+0000] {core_li.py:23} INFO - Successfully updated job requisition 66db04abbf0a19d8769e66ec
[2024-09-06T17:43:05.973+0000] {core_li.py:23} INFO - Successfully updated job requisition 66db04abbf0a19d8769e66ee
[2024-09-06T17:43:05.985+0000] {core_li.py:23} INFO - Successfully updated job requisition 66db04abbf0a19d8769e66f0
[2024-09-06T17:43:05.995+0000] {core_li.py:23} INFO - Successfully updated job requisition 66db04abbf0a19d8769e66f2
[2024-09-06T17:43:06.014+0000] {core_li.py:23} INFO - Successfully updated job requisition 66db04abbf0a19d8769e66f4
[2024-09-06T17:43:06.023+0000] {core_li.py:23} INFO - Successfully updated job requisition 66db04abbf0a19d8769e66f6
[2024-09-06T17:43:06.032+0000] {core_li.py:23} INFO - Successfully updated job requisition 66db04abbf0a19d8769e66f8
[2024-09-06T17:43:06.042+0000] {core_li.py:23} INFO - Successfully updated job requisition 66db04abbf0a19d8769e66fa
[2024-09-06T17:43:06.053+0000] {core_li.py:23} INFO - Successfully updated job requisition 66db04abbf0a19d8769e66fc
[2024-09-06T17:43:06.064+0000] {core_li.py:23} INFO - Successfully updated job requisition 66db04abbf0a19d8769e66fe
[2024-09-06T17:43:06.073+0000] {core_li.py:23} INFO - Successfully updated job requisition 66db04abbf0a19d8769e6700
[2024-09-06T17:43:06.086+0000] {core_li.py:23} INFO - Successfully updated job requisition 66db04abbf0a19d8769e6702
[2024-09-06T17:43:06.093+0000] {core_li.py:23} INFO - Successfully updated job requisition 66db04abbf0a19d8769e6704
[2024-09-06T17:43:06.102+0000] {core_li.py:23} INFO - Successfully updated job requisition 66db04abbf0a19d8769e6706
[2024-09-06T17:43:06.110+0000] {core_li.py:23} INFO - Successfully updated job requisition 66db04abbf0a19d8769e6708
[2024-09-06T17:43:06.118+0000] {core_li.py:23} INFO - Successfully updated job requisition 66db04abbf0a19d8769e670a
[2024-09-06T17:43:06.125+0000] {core_li.py:23} INFO - Successfully updated job requisition 66db04abbf0a19d8769e670c
[2024-09-06T17:43:06.134+0000] {core_li.py:23} INFO - Successfully updated job requisition 66db04abbf0a19d8769e670e
[2024-09-06T17:43:06.147+0000] {core_li.py:23} INFO - Successfully updated job requisition 66db04abbf0a19d8769e6710
[2024-09-06T17:43:06.158+0000] {core_li.py:23} INFO - Successfully updated job requisition 66db04abbf0a19d8769e6712
[2024-09-06T17:43:06.168+0000] {core_li.py:23} INFO - Successfully updated job requisition 66db04abbf0a19d8769e6714
[2024-09-06T17:43:06.175+0000] {core_li.py:23} INFO - Successfully updated job requisition 66db04abbf0a19d8769e6716
[2024-09-06T17:43:06.181+0000] {core_li.py:23} INFO - Successfully updated job requisition 66db04abbf0a19d8769e6718
[2024-09-06T17:43:06.182+0000] {python.py:240} INFO - Done. Returned value was: 100
[2024-09-06T17:43:06.207+0000] {taskinstance.py:340} INFO - ::group::Post task execution logs
[2024-09-06T17:43:06.209+0000] {taskinstance.py:352} INFO - Marking task as SUCCESS. dag_id=async_flow, task_id=task_backfill_number_of_cancelled_candidates_in_batch, run_id=manual__2024-09-06T17:43:02.727107+00:00, map_index=14, execution_date=20240906T174302, start_date=20240906T174304, end_date=20240906T174306
[2024-09-06T17:43:06.250+0000] {local_task_job_runner.py:266} INFO - Task exited with return code 0
[2024-09-06T17:43:06.269+0000] {local_task_job_runner.py:245} INFO - ::endgroup::
