[2024-09-06T17:45:48.105+0000] {local_task_job_runner.py:123} INFO - ::group::Pre task execution logs
[2024-09-06T17:45:48.147+0000] {taskinstance.py:2612} INFO - Dependencies all met for dep_context=non-requeueable deps ti=<TaskInstance: async_flow.task_backfill_number_of_cancelled_candidates_in_batch manual__2024-09-06T17:29:39.458358+00:00 map_index=2 [queued]>
[2024-09-06T17:45:48.179+0000] {taskinstance.py:2612} INFO - Dependencies all met for dep_context=requeueable deps ti=<TaskInstance: async_flow.task_backfill_number_of_cancelled_candidates_in_batch manual__2024-09-06T17:29:39.458358+00:00 map_index=2 [queued]>
[2024-09-06T17:45:48.181+0000] {taskinstance.py:2865} INFO - Starting attempt 2 of 2
[2024-09-06T17:45:48.209+0000] {taskinstance.py:2888} INFO - Executing <Mapped(_PythonDecoratedOperator): task_backfill_number_of_cancelled_candidates_in_batch> on 2024-09-06 17:29:39.458358+00:00
[2024-09-06T17:45:48.225+0000] {standard_task_runner.py:104} INFO - Running: ['***', 'tasks', 'run', 'async_flow', 'task_backfill_number_of_cancelled_candidates_in_batch', 'manual__2024-09-06T17:29:39.458358+00:00', '--job-id', '233', '--raw', '--subdir', 'DAGS_FOLDER/dags_async_flow.py', '--cfg-path', '/tmp/tmpu5o6y5uy', '--map-index', '2']
[2024-09-06T17:45:48.222+0000] {warnings.py:112} WARNING - /home/***/.local/lib/python3.12/site-packages/***/task/task_runner/standard_task_runner.py:70: DeprecationWarning: This process (pid=419) is multi-threaded, use of fork() may lead to deadlocks in the child.
  pid = os.fork()

[2024-09-06T17:45:48.230+0000] {standard_task_runner.py:72} INFO - Started process 492 to run task
[2024-09-06T17:45:48.229+0000] {standard_task_runner.py:105} INFO - Job 233: Subtask task_backfill_number_of_cancelled_candidates_in_batch
[2024-09-06T17:45:48.297+0000] {task_command.py:467} INFO - Running <TaskInstance: async_flow.task_backfill_number_of_cancelled_candidates_in_batch manual__2024-09-06T17:29:39.458358+00:00 map_index=2 [running]> on host 0817eb6c24af
[2024-09-06T17:45:48.427+0000] {taskinstance.py:3131} INFO - Exporting env vars: AIRFLOW_CTX_DAG_OWNER='***' AIRFLOW_CTX_DAG_ID='async_flow' AIRFLOW_CTX_TASK_ID='task_backfill_number_of_cancelled_candidates_in_batch' AIRFLOW_CTX_EXECUTION_DATE='2024-09-06T17:29:39.458358+00:00' AIRFLOW_CTX_TRY_NUMBER='2' AIRFLOW_CTX_DAG_RUN_ID='manual__2024-09-06T17:29:39.458358+00:00'
[2024-09-06T17:45:48.433+0000] {taskinstance.py:731} INFO - ::endgroup::
[2024-09-06T17:45:48.463+0000] {core_li.py:23} INFO - Successfully updated job requisition 66db04aabf0a19d8769e5cf2
[2024-09-06T17:45:48.485+0000] {core_li.py:23} INFO - Successfully updated job requisition 66db04aabf0a19d8769e5cf4
[2024-09-06T17:45:48.504+0000] {core_li.py:23} INFO - Successfully updated job requisition 66db04aabf0a19d8769e5cf6
[2024-09-06T17:45:48.543+0000] {core_li.py:23} INFO - Successfully updated job requisition 66db04aabf0a19d8769e5cf8
[2024-09-06T17:45:48.557+0000] {core_li.py:23} INFO - Successfully updated job requisition 66db04aabf0a19d8769e5cfa
[2024-09-06T17:45:48.568+0000] {core_li.py:23} INFO - Successfully updated job requisition 66db04aabf0a19d8769e5cfc
[2024-09-06T17:45:48.582+0000] {core_li.py:23} INFO - Successfully updated job requisition 66db04aabf0a19d8769e5cfe
[2024-09-06T17:45:48.594+0000] {core_li.py:23} INFO - Successfully updated job requisition 66db04aabf0a19d8769e5d00
[2024-09-06T17:45:48.607+0000] {core_li.py:23} INFO - Successfully updated job requisition 66db04aabf0a19d8769e5d02
[2024-09-06T17:45:48.619+0000] {core_li.py:23} INFO - Successfully updated job requisition 66db04aabf0a19d8769e5d04
[2024-09-06T17:45:48.634+0000] {core_li.py:23} INFO - Successfully updated job requisition 66db04aabf0a19d8769e5d06
[2024-09-06T17:45:48.648+0000] {core_li.py:23} INFO - Successfully updated job requisition 66db04aabf0a19d8769e5d08
[2024-09-06T17:45:48.661+0000] {core_li.py:23} INFO - Successfully updated job requisition 66db04aabf0a19d8769e5d0a
[2024-09-06T17:45:48.677+0000] {core_li.py:23} INFO - Successfully updated job requisition 66db04aabf0a19d8769e5d0c
[2024-09-06T17:45:48.690+0000] {core_li.py:23} INFO - Successfully updated job requisition 66db04aabf0a19d8769e5d0e
[2024-09-06T17:45:48.702+0000] {core_li.py:23} INFO - Successfully updated job requisition 66db04aabf0a19d8769e5d10
[2024-09-06T17:45:48.716+0000] {core_li.py:23} INFO - Successfully updated job requisition 66db04aabf0a19d8769e5d12
[2024-09-06T17:45:48.726+0000] {core_li.py:23} INFO - Successfully updated job requisition 66db04aabf0a19d8769e5d14
[2024-09-06T17:45:48.737+0000] {core_li.py:23} INFO - Successfully updated job requisition 66db04aabf0a19d8769e5d16
[2024-09-06T17:45:48.754+0000] {core_li.py:23} INFO - Successfully updated job requisition 66db04aabf0a19d8769e5d18
[2024-09-06T17:45:48.770+0000] {core_li.py:23} INFO - Successfully updated job requisition 66db04aabf0a19d8769e5d1a
[2024-09-06T17:45:48.782+0000] {core_li.py:23} INFO - Successfully updated job requisition 66db04aabf0a19d8769e5d1c
[2024-09-06T17:45:48.794+0000] {core_li.py:23} INFO - Successfully updated job requisition 66db04aabf0a19d8769e5d1e
[2024-09-06T17:45:48.814+0000] {core_li.py:23} INFO - Successfully updated job requisition 66db04aabf0a19d8769e5d20
[2024-09-06T17:45:48.833+0000] {core_li.py:23} INFO - Successfully updated job requisition 66db04aabf0a19d8769e5d22
[2024-09-06T17:45:48.846+0000] {core_li.py:23} INFO - Successfully updated job requisition 66db04aabf0a19d8769e5d24
[2024-09-06T17:45:48.863+0000] {core_li.py:23} INFO - Successfully updated job requisition 66db04aabf0a19d8769e5d26
[2024-09-06T17:45:48.876+0000] {core_li.py:23} INFO - Successfully updated job requisition 66db04aabf0a19d8769e5d28
[2024-09-06T17:45:48.901+0000] {core_li.py:23} INFO - Successfully updated job requisition 66db04aabf0a19d8769e5d2a
[2024-09-06T17:45:48.916+0000] {core_li.py:23} INFO - Successfully updated job requisition 66db04aabf0a19d8769e5d2c
[2024-09-06T17:45:48.933+0000] {core_li.py:23} INFO - Successfully updated job requisition 66db04aabf0a19d8769e5d2e
[2024-09-06T17:45:48.945+0000] {core_li.py:23} INFO - Successfully updated job requisition 66db04aabf0a19d8769e5d30
[2024-09-06T17:45:48.958+0000] {core_li.py:23} INFO - Successfully updated job requisition 66db04aabf0a19d8769e5d32
[2024-09-06T17:45:48.972+0000] {core_li.py:23} INFO - Successfully updated job requisition 66db04aabf0a19d8769e5d34
[2024-09-06T17:45:48.986+0000] {core_li.py:23} INFO - Successfully updated job requisition 66db04aabf0a19d8769e5d36
[2024-09-06T17:45:49.001+0000] {core_li.py:23} INFO - Successfully updated job requisition 66db04aabf0a19d8769e5d38
[2024-09-06T17:45:49.040+0000] {core_li.py:23} INFO - Successfully updated job requisition 66db04aabf0a19d8769e5d3a
[2024-09-06T17:45:49.063+0000] {core_li.py:23} INFO - Successfully updated job requisition 66db04aabf0a19d8769e5d3c
[2024-09-06T17:45:49.096+0000] {core_li.py:23} INFO - Successfully updated job requisition 66db04aabf0a19d8769e5d3e
[2024-09-06T17:45:49.108+0000] {core_li.py:23} INFO - Successfully updated job requisition 66db04aabf0a19d8769e5d40
[2024-09-06T17:45:49.117+0000] {core_li.py:23} INFO - Successfully updated job requisition 66db04aabf0a19d8769e5d42
[2024-09-06T17:45:49.133+0000] {core_li.py:23} INFO - Successfully updated job requisition 66db04aabf0a19d8769e5d44
[2024-09-06T17:45:49.145+0000] {core_li.py:23} INFO - Successfully updated job requisition 66db04aabf0a19d8769e5d46
[2024-09-06T17:45:49.159+0000] {core_li.py:23} INFO - Successfully updated job requisition 66db04aabf0a19d8769e5d48
[2024-09-06T17:45:49.174+0000] {core_li.py:23} INFO - Successfully updated job requisition 66db04aabf0a19d8769e5d4a
[2024-09-06T17:45:49.183+0000] {core_li.py:23} INFO - Successfully updated job requisition 66db04aabf0a19d8769e5d4c
[2024-09-06T17:45:49.193+0000] {core_li.py:23} INFO - Successfully updated job requisition 66db04aabf0a19d8769e5d4e
[2024-09-06T17:45:49.208+0000] {core_li.py:23} INFO - Successfully updated job requisition 66db04aabf0a19d8769e5d50
[2024-09-06T17:45:49.217+0000] {core_li.py:23} INFO - Successfully updated job requisition 66db04aabf0a19d8769e5d52
[2024-09-06T17:45:49.231+0000] {core_li.py:23} INFO - Successfully updated job requisition 66db04aabf0a19d8769e5d54
[2024-09-06T17:45:49.240+0000] {core_li.py:23} INFO - Successfully updated job requisition 66db04aabf0a19d8769e5d56
[2024-09-06T17:45:49.250+0000] {core_li.py:23} INFO - Successfully updated job requisition 66db04aabf0a19d8769e5d58
[2024-09-06T17:45:49.258+0000] {core_li.py:23} INFO - Successfully updated job requisition 66db04aabf0a19d8769e5d5a
[2024-09-06T17:45:49.267+0000] {core_li.py:23} INFO - Successfully updated job requisition 66db04aabf0a19d8769e5d5c
[2024-09-06T17:45:49.275+0000] {core_li.py:23} INFO - Successfully updated job requisition 66db04aabf0a19d8769e5d5e
[2024-09-06T17:45:49.297+0000] {core_li.py:23} INFO - Successfully updated job requisition 66db04aabf0a19d8769e5d60
[2024-09-06T17:45:49.307+0000] {core_li.py:23} INFO - Successfully updated job requisition 66db04aabf0a19d8769e5d62
[2024-09-06T17:45:49.328+0000] {core_li.py:23} INFO - Successfully updated job requisition 66db04aabf0a19d8769e5d64
[2024-09-06T17:45:49.347+0000] {core_li.py:23} INFO - Successfully updated job requisition 66db04aabf0a19d8769e5d66
[2024-09-06T17:45:49.356+0000] {core_li.py:23} INFO - Successfully updated job requisition 66db04aabf0a19d8769e5d68
[2024-09-06T17:45:49.367+0000] {core_li.py:23} INFO - Successfully updated job requisition 66db04aabf0a19d8769e5d6a
[2024-09-06T17:45:49.376+0000] {core_li.py:23} INFO - Successfully updated job requisition 66db04aabf0a19d8769e5d6c
[2024-09-06T17:45:49.384+0000] {core_li.py:23} INFO - Successfully updated job requisition 66db04aabf0a19d8769e5d6e
[2024-09-06T17:45:49.395+0000] {core_li.py:23} INFO - Successfully updated job requisition 66db04aabf0a19d8769e5d70
[2024-09-06T17:45:49.409+0000] {core_li.py:23} INFO - Successfully updated job requisition 66db04aabf0a19d8769e5d72
[2024-09-06T17:45:49.422+0000] {core_li.py:23} INFO - Successfully updated job requisition 66db04aabf0a19d8769e5d74
[2024-09-06T17:45:49.434+0000] {core_li.py:23} INFO - Successfully updated job requisition 66db04aabf0a19d8769e5d76
[2024-09-06T17:45:49.452+0000] {core_li.py:23} INFO - Successfully updated job requisition 66db04aabf0a19d8769e5d78
[2024-09-06T17:45:49.471+0000] {core_li.py:23} INFO - Successfully updated job requisition 66db04aabf0a19d8769e5d7a
[2024-09-06T17:45:49.487+0000] {core_li.py:23} INFO - Successfully updated job requisition 66db04aabf0a19d8769e5d7c
[2024-09-06T17:45:49.497+0000] {core_li.py:23} INFO - Successfully updated job requisition 66db04aabf0a19d8769e5d7e
[2024-09-06T17:45:49.507+0000] {core_li.py:23} INFO - Successfully updated job requisition 66db04aabf0a19d8769e5d80
[2024-09-06T17:45:49.514+0000] {core_li.py:23} INFO - Successfully updated job requisition 66db04aabf0a19d8769e5d82
[2024-09-06T17:45:49.522+0000] {core_li.py:23} INFO - Successfully updated job requisition 66db04aabf0a19d8769e5d84
[2024-09-06T17:45:49.536+0000] {core_li.py:23} INFO - Successfully updated job requisition 66db04aabf0a19d8769e5d86
[2024-09-06T17:45:49.552+0000] {core_li.py:23} INFO - Successfully updated job requisition 66db04aabf0a19d8769e5d88
[2024-09-06T17:45:49.562+0000] {core_li.py:23} INFO - Successfully updated job requisition 66db04aabf0a19d8769e5d8a
[2024-09-06T17:45:49.572+0000] {core_li.py:23} INFO - Successfully updated job requisition 66db04aabf0a19d8769e5d8c
[2024-09-06T17:45:49.584+0000] {core_li.py:23} INFO - Successfully updated job requisition 66db04aabf0a19d8769e5d8e
[2024-09-06T17:45:49.593+0000] {core_li.py:23} INFO - Successfully updated job requisition 66db04aabf0a19d8769e5d90
[2024-09-06T17:45:49.603+0000] {core_li.py:23} INFO - Successfully updated job requisition 66db04aabf0a19d8769e5d92
[2024-09-06T17:45:49.615+0000] {core_li.py:23} INFO - Successfully updated job requisition 66db04aabf0a19d8769e5d94
[2024-09-06T17:45:49.627+0000] {core_li.py:23} INFO - Successfully updated job requisition 66db04aabf0a19d8769e5d96
[2024-09-06T17:45:49.637+0000] {core_li.py:23} INFO - Successfully updated job requisition 66db04aabf0a19d8769e5d98
[2024-09-06T17:45:49.647+0000] {core_li.py:23} INFO - Successfully updated job requisition 66db04aabf0a19d8769e5d9a
[2024-09-06T17:45:49.658+0000] {core_li.py:23} INFO - Successfully updated job requisition 66db04aabf0a19d8769e5d9c
[2024-09-06T17:45:49.665+0000] {core_li.py:23} INFO - Successfully updated job requisition 66db04aabf0a19d8769e5d9e
[2024-09-06T17:45:49.674+0000] {core_li.py:23} INFO - Successfully updated job requisition 66db04aabf0a19d8769e5da0
[2024-09-06T17:45:49.682+0000] {core_li.py:23} INFO - Successfully updated job requisition 66db04aabf0a19d8769e5da2
[2024-09-06T17:45:49.689+0000] {core_li.py:23} INFO - Successfully updated job requisition 66db04aabf0a19d8769e5da4
[2024-09-06T17:45:49.701+0000] {core_li.py:23} INFO - Successfully updated job requisition 66db04aabf0a19d8769e5da6
[2024-09-06T17:45:49.711+0000] {core_li.py:23} INFO - Successfully updated job requisition 66db04aabf0a19d8769e5da8
[2024-09-06T17:45:49.719+0000] {core_li.py:23} INFO - Successfully updated job requisition 66db04aabf0a19d8769e5daa
[2024-09-06T17:45:49.727+0000] {core_li.py:23} INFO - Successfully updated job requisition 66db04aabf0a19d8769e5dac
[2024-09-06T17:45:49.735+0000] {core_li.py:23} INFO - Successfully updated job requisition 66db04aabf0a19d8769e5dae
[2024-09-06T17:45:49.745+0000] {core_li.py:23} INFO - Successfully updated job requisition 66db04aabf0a19d8769e5db0
[2024-09-06T17:45:49.752+0000] {core_li.py:23} INFO - Successfully updated job requisition 66db04aabf0a19d8769e5db2
[2024-09-06T17:45:49.763+0000] {core_li.py:23} INFO - Successfully updated job requisition 66db04aabf0a19d8769e5db4
[2024-09-06T17:45:49.773+0000] {core_li.py:23} INFO - Successfully updated job requisition 66db04aabf0a19d8769e5db6
[2024-09-06T17:45:49.783+0000] {core_li.py:23} INFO - Successfully updated job requisition 66db04aabf0a19d8769e5db8
[2024-09-06T17:45:49.785+0000] {python.py:240} INFO - Done. Returned value was: 100
[2024-09-06T17:45:49.828+0000] {taskinstance.py:340} INFO - ::group::Post task execution logs
[2024-09-06T17:45:49.833+0000] {taskinstance.py:352} INFO - Marking task as SUCCESS. dag_id=async_flow, task_id=task_backfill_number_of_cancelled_candidates_in_batch, run_id=manual__2024-09-06T17:29:39.458358+00:00, map_index=2, execution_date=20240906T172939, start_date=20240906T174548, end_date=20240906T174549
[2024-09-06T17:45:49.898+0000] {local_task_job_runner.py:266} INFO - Task exited with return code 0
[2024-09-06T17:45:49.906+0000] {local_task_job_runner.py:245} INFO - ::endgroup::
