[2024-09-06T17:45:53.604+0000] {local_task_job_runner.py:123} INFO - ::group::Pre task execution logs
[2024-09-06T17:45:53.634+0000] {taskinstance.py:2612} INFO - Dependencies all met for dep_context=non-requeueable deps ti=<TaskInstance: async_flow.task_backfill_number_of_cancelled_candidates_in_batch manual__2024-09-06T17:29:39.458358+00:00 map_index=38 [queued]>
[2024-09-06T17:45:53.667+0000] {taskinstance.py:2612} INFO - Dependencies all met for dep_context=requeueable deps ti=<TaskInstance: async_flow.task_backfill_number_of_cancelled_candidates_in_batch manual__2024-09-06T17:29:39.458358+00:00 map_index=38 [queued]>
[2024-09-06T17:45:53.671+0000] {taskinstance.py:2865} INFO - Starting attempt 2 of 2
[2024-09-06T17:45:53.708+0000] {taskinstance.py:2888} INFO - Executing <Mapped(_PythonDecoratedOperator): task_backfill_number_of_cancelled_candidates_in_batch> on 2024-09-06 17:29:39.458358+00:00
[2024-09-06T17:45:53.715+0000] {warnings.py:112} WARNING - /home/***/.local/lib/python3.12/site-packages/***/task/task_runner/standard_task_runner.py:70: DeprecationWarning: This process (pid=613) is multi-threaded, use of fork() may lead to deadlocks in the child.
  pid = os.fork()

[2024-09-06T17:45:53.719+0000] {standard_task_runner.py:104} INFO - Running: ['***', 'tasks', 'run', 'async_flow', 'task_backfill_number_of_cancelled_candidates_in_batch', 'manual__2024-09-06T17:29:39.458358+00:00', '--job-id', '261', '--raw', '--subdir', 'DAGS_FOLDER/dags_async_flow.py', '--cfg-path', '/tmp/tmpiyaopu6y', '--map-index', '38']
[2024-09-06T17:45:53.720+0000] {standard_task_runner.py:72} INFO - Started process 676 to run task
[2024-09-06T17:45:53.720+0000] {standard_task_runner.py:105} INFO - Job 261: Subtask task_backfill_number_of_cancelled_candidates_in_batch
[2024-09-06T17:45:53.786+0000] {task_command.py:467} INFO - Running <TaskInstance: async_flow.task_backfill_number_of_cancelled_candidates_in_batch manual__2024-09-06T17:29:39.458358+00:00 map_index=38 [running]> on host 0817eb6c24af
[2024-09-06T17:45:53.909+0000] {taskinstance.py:3131} INFO - Exporting env vars: AIRFLOW_CTX_DAG_OWNER='***' AIRFLOW_CTX_DAG_ID='async_flow' AIRFLOW_CTX_TASK_ID='task_backfill_number_of_cancelled_candidates_in_batch' AIRFLOW_CTX_EXECUTION_DATE='2024-09-06T17:29:39.458358+00:00' AIRFLOW_CTX_TRY_NUMBER='2' AIRFLOW_CTX_DAG_RUN_ID='manual__2024-09-06T17:29:39.458358+00:00'
[2024-09-06T17:45:53.910+0000] {taskinstance.py:731} INFO - ::endgroup::
[2024-09-06T17:45:53.933+0000] {core_li.py:23} INFO - Successfully updated job requisition 66db04abbf0a19d8769e6972
[2024-09-06T17:45:53.957+0000] {core_li.py:23} INFO - Successfully updated job requisition 66db04abbf0a19d8769e6974
[2024-09-06T17:45:53.966+0000] {core_li.py:23} INFO - Successfully updated job requisition 66db04abbf0a19d8769e6976
[2024-09-06T17:45:53.987+0000] {core_li.py:23} INFO - Successfully updated job requisition 66db04abbf0a19d8769e6978
[2024-09-06T17:45:54.012+0000] {core_li.py:23} INFO - Successfully updated job requisition 66db04abbf0a19d8769e697a
[2024-09-06T17:45:54.034+0000] {core_li.py:23} INFO - Successfully updated job requisition 66db04abbf0a19d8769e697c
[2024-09-06T17:45:54.047+0000] {core_li.py:23} INFO - Successfully updated job requisition 66db04abbf0a19d8769e697e
[2024-09-06T17:45:54.075+0000] {core_li.py:23} INFO - Successfully updated job requisition 66db04abbf0a19d8769e6980
[2024-09-06T17:45:54.094+0000] {core_li.py:23} INFO - Successfully updated job requisition 66db04abbf0a19d8769e6982
[2024-09-06T17:45:54.115+0000] {core_li.py:23} INFO - Successfully updated job requisition 66db04abbf0a19d8769e6984
[2024-09-06T17:45:54.124+0000] {core_li.py:23} INFO - Successfully updated job requisition 66db04abbf0a19d8769e6986
[2024-09-06T17:45:54.131+0000] {core_li.py:23} INFO - Successfully updated job requisition 66db04abbf0a19d8769e6988
[2024-09-06T17:45:54.138+0000] {core_li.py:23} INFO - Successfully updated job requisition 66db04abbf0a19d8769e698a
[2024-09-06T17:45:54.151+0000] {core_li.py:23} INFO - Successfully updated job requisition 66db04abbf0a19d8769e698c
[2024-09-06T17:45:54.163+0000] {core_li.py:23} INFO - Successfully updated job requisition 66db04abbf0a19d8769e698e
[2024-09-06T17:45:54.172+0000] {core_li.py:23} INFO - Successfully updated job requisition 66db04abbf0a19d8769e6990
[2024-09-06T17:45:54.179+0000] {core_li.py:23} INFO - Successfully updated job requisition 66db04abbf0a19d8769e6992
[2024-09-06T17:45:54.186+0000] {core_li.py:23} INFO - Successfully updated job requisition 66db04abbf0a19d8769e6994
[2024-09-06T17:45:54.194+0000] {core_li.py:23} INFO - Successfully updated job requisition 66db04abbf0a19d8769e6996
[2024-09-06T17:45:54.202+0000] {core_li.py:23} INFO - Successfully updated job requisition 66db04abbf0a19d8769e6998
[2024-09-06T17:45:54.208+0000] {core_li.py:23} INFO - Successfully updated job requisition 66db04abbf0a19d8769e699a
[2024-09-06T17:45:54.222+0000] {core_li.py:23} INFO - Successfully updated job requisition 66db04abbf0a19d8769e699c
[2024-09-06T17:45:54.231+0000] {core_li.py:23} INFO - Successfully updated job requisition 66db04abbf0a19d8769e699e
[2024-09-06T17:45:54.241+0000] {core_li.py:23} INFO - Successfully updated job requisition 66db04abbf0a19d8769e69a0
[2024-09-06T17:45:54.248+0000] {core_li.py:23} INFO - Successfully updated job requisition 66db04abbf0a19d8769e69a2
[2024-09-06T17:45:54.255+0000] {core_li.py:23} INFO - Successfully updated job requisition 66db04abbf0a19d8769e69a4
[2024-09-06T17:45:54.261+0000] {core_li.py:23} INFO - Successfully updated job requisition 66db04abbf0a19d8769e69a6
[2024-09-06T17:45:54.269+0000] {core_li.py:23} INFO - Successfully updated job requisition 66db04abbf0a19d8769e69a8
[2024-09-06T17:45:54.277+0000] {core_li.py:23} INFO - Successfully updated job requisition 66db04abbf0a19d8769e69aa
[2024-09-06T17:45:54.284+0000] {core_li.py:23} INFO - Successfully updated job requisition 66db04abbf0a19d8769e69ac
[2024-09-06T17:45:54.291+0000] {core_li.py:23} INFO - Successfully updated job requisition 66db04abbf0a19d8769e69ae
[2024-09-06T17:45:54.299+0000] {core_li.py:23} INFO - Successfully updated job requisition 66db04abbf0a19d8769e69b0
[2024-09-06T17:45:54.306+0000] {core_li.py:23} INFO - Successfully updated job requisition 66db04abbf0a19d8769e69b2
[2024-09-06T17:45:54.312+0000] {core_li.py:23} INFO - Successfully updated job requisition 66db04abbf0a19d8769e69b4
[2024-09-06T17:45:54.322+0000] {core_li.py:23} INFO - Successfully updated job requisition 66db04abbf0a19d8769e69b6
[2024-09-06T17:45:54.331+0000] {core_li.py:23} INFO - Successfully updated job requisition 66db04abbf0a19d8769e69b8
[2024-09-06T17:45:54.339+0000] {core_li.py:23} INFO - Successfully updated job requisition 66db04abbf0a19d8769e69ba
[2024-09-06T17:45:54.347+0000] {core_li.py:23} INFO - Successfully updated job requisition 66db04abbf0a19d8769e69bc
[2024-09-06T17:45:54.352+0000] {core_li.py:23} INFO - Successfully updated job requisition 66db04abbf0a19d8769e69be
[2024-09-06T17:45:54.359+0000] {core_li.py:23} INFO - Successfully updated job requisition 66db04abbf0a19d8769e69c0
[2024-09-06T17:45:54.367+0000] {core_li.py:23} INFO - Successfully updated job requisition 66db04abbf0a19d8769e69c2
[2024-09-06T17:45:54.375+0000] {core_li.py:23} INFO - Successfully updated job requisition 66db04abbf0a19d8769e69c4
[2024-09-06T17:45:54.383+0000] {core_li.py:23} INFO - Successfully updated job requisition 66db04abbf0a19d8769e69c6
[2024-09-06T17:45:54.393+0000] {core_li.py:23} INFO - Successfully updated job requisition 66db04abbf0a19d8769e69c8
[2024-09-06T17:45:54.402+0000] {core_li.py:23} INFO - Successfully updated job requisition 66db04abbf0a19d8769e69ca
[2024-09-06T17:45:54.415+0000] {core_li.py:23} INFO - Successfully updated job requisition 66db04abbf0a19d8769e69cc
[2024-09-06T17:45:54.424+0000] {core_li.py:23} INFO - Successfully updated job requisition 66db04abbf0a19d8769e69ce
[2024-09-06T17:45:54.431+0000] {core_li.py:23} INFO - Successfully updated job requisition 66db04abbf0a19d8769e69d0
[2024-09-06T17:45:54.437+0000] {core_li.py:23} INFO - Successfully updated job requisition 66db04abbf0a19d8769e69d2
[2024-09-06T17:45:54.446+0000] {core_li.py:23} INFO - Successfully updated job requisition 66db04abbf0a19d8769e69d4
[2024-09-06T17:45:54.453+0000] {core_li.py:23} INFO - Successfully updated job requisition 66db04abbf0a19d8769e69d6
[2024-09-06T17:45:54.463+0000] {core_li.py:23} INFO - Successfully updated job requisition 66db04abbf0a19d8769e69d8
[2024-09-06T17:45:54.470+0000] {core_li.py:23} INFO - Successfully updated job requisition 66db04abbf0a19d8769e69da
[2024-09-06T17:45:54.479+0000] {core_li.py:23} INFO - Successfully updated job requisition 66db04abbf0a19d8769e69dc
[2024-09-06T17:45:54.486+0000] {core_li.py:23} INFO - Successfully updated job requisition 66db04abbf0a19d8769e69de
[2024-09-06T17:45:54.495+0000] {core_li.py:23} INFO - Successfully updated job requisition 66db04abbf0a19d8769e69e0
[2024-09-06T17:45:54.504+0000] {core_li.py:23} INFO - Successfully updated job requisition 66db04abbf0a19d8769e69e2
[2024-09-06T17:45:54.511+0000] {core_li.py:23} INFO - Successfully updated job requisition 66db04abbf0a19d8769e69e4
[2024-09-06T17:45:54.519+0000] {core_li.py:23} INFO - Successfully updated job requisition 66db04abbf0a19d8769e69e6
[2024-09-06T17:45:54.529+0000] {core_li.py:23} INFO - Successfully updated job requisition 66db04abbf0a19d8769e69e8
[2024-09-06T17:45:54.537+0000] {core_li.py:23} INFO - Successfully updated job requisition 66db04abbf0a19d8769e69ea
[2024-09-06T17:45:54.544+0000] {core_li.py:23} INFO - Successfully updated job requisition 66db04abbf0a19d8769e69ec
[2024-09-06T17:45:54.552+0000] {core_li.py:23} INFO - Successfully updated job requisition 66db04abbf0a19d8769e69ee
[2024-09-06T17:45:54.562+0000] {core_li.py:23} INFO - Successfully updated job requisition 66db04abbf0a19d8769e69f0
[2024-09-06T17:45:54.572+0000] {core_li.py:23} INFO - Successfully updated job requisition 66db04abbf0a19d8769e69f2
[2024-09-06T17:45:54.581+0000] {core_li.py:23} INFO - Successfully updated job requisition 66db04abbf0a19d8769e69f4
[2024-09-06T17:45:54.589+0000] {core_li.py:23} INFO - Successfully updated job requisition 66db04abbf0a19d8769e69f6
[2024-09-06T17:45:54.600+0000] {core_li.py:23} INFO - Successfully updated job requisition 66db04abbf0a19d8769e69f8
[2024-09-06T17:45:54.609+0000] {core_li.py:23} INFO - Successfully updated job requisition 66db04abbf0a19d8769e69fa
[2024-09-06T17:45:54.619+0000] {core_li.py:23} INFO - Successfully updated job requisition 66db04abbf0a19d8769e69fc
[2024-09-06T17:45:54.640+0000] {core_li.py:23} INFO - Successfully updated job requisition 66db04abbf0a19d8769e69fe
[2024-09-06T17:45:54.658+0000] {core_li.py:23} INFO - Successfully updated job requisition 66db04abbf0a19d8769e6a00
[2024-09-06T17:45:54.673+0000] {core_li.py:23} INFO - Successfully updated job requisition 66db04abbf0a19d8769e6a02
[2024-09-06T17:45:54.683+0000] {core_li.py:23} INFO - Successfully updated job requisition 66db04abbf0a19d8769e6a04
[2024-09-06T17:45:54.699+0000] {core_li.py:23} INFO - Successfully updated job requisition 66db04abbf0a19d8769e6a06
[2024-09-06T17:45:54.715+0000] {core_li.py:23} INFO - Successfully updated job requisition 66db04abbf0a19d8769e6a08
[2024-09-06T17:45:54.729+0000] {core_li.py:23} INFO - Successfully updated job requisition 66db04abbf0a19d8769e6a0a
[2024-09-06T17:45:54.736+0000] {core_li.py:23} INFO - Successfully updated job requisition 66db04abbf0a19d8769e6a0c
[2024-09-06T17:45:54.746+0000] {core_li.py:23} INFO - Successfully updated job requisition 66db04abbf0a19d8769e6a0e
[2024-09-06T17:45:54.760+0000] {core_li.py:23} INFO - Successfully updated job requisition 66db04abbf0a19d8769e6a10
[2024-09-06T17:45:54.766+0000] {core_li.py:23} INFO - Successfully updated job requisition 66db04abbf0a19d8769e6a12
[2024-09-06T17:45:54.776+0000] {core_li.py:23} INFO - Successfully updated job requisition 66db04abbf0a19d8769e6a14
[2024-09-06T17:45:54.789+0000] {core_li.py:23} INFO - Successfully updated job requisition 66db04abbf0a19d8769e6a16
[2024-09-06T17:45:54.796+0000] {core_li.py:23} INFO - Successfully updated job requisition 66db04abbf0a19d8769e6a18
[2024-09-06T17:45:54.804+0000] {core_li.py:23} INFO - Successfully updated job requisition 66db04abbf0a19d8769e6a1a
[2024-09-06T17:45:54.814+0000] {core_li.py:23} INFO - Successfully updated job requisition 66db04abbf0a19d8769e6a1c
[2024-09-06T17:45:54.824+0000] {core_li.py:23} INFO - Successfully updated job requisition 66db04abbf0a19d8769e6a1e
[2024-09-06T17:45:54.833+0000] {core_li.py:23} INFO - Successfully updated job requisition 66db04abbf0a19d8769e6a20
[2024-09-06T17:45:54.844+0000] {core_li.py:23} INFO - Successfully updated job requisition 66db04abbf0a19d8769e6a22
[2024-09-06T17:45:54.852+0000] {core_li.py:23} INFO - Successfully updated job requisition 66db04abbf0a19d8769e6a24
[2024-09-06T17:45:54.861+0000] {core_li.py:23} INFO - Successfully updated job requisition 66db04abbf0a19d8769e6a26
[2024-09-06T17:45:54.869+0000] {core_li.py:23} INFO - Successfully updated job requisition 66db04abbf0a19d8769e6a28
[2024-09-06T17:45:54.876+0000] {core_li.py:23} INFO - Successfully updated job requisition 66db04abbf0a19d8769e6a2a
[2024-09-06T17:45:54.888+0000] {core_li.py:23} INFO - Successfully updated job requisition 66db04abbf0a19d8769e6a2c
[2024-09-06T17:45:54.908+0000] {core_li.py:23} INFO - Successfully updated job requisition 66db04abbf0a19d8769e6a2e
[2024-09-06T17:45:54.924+0000] {core_li.py:23} INFO - Successfully updated job requisition 66db04abbf0a19d8769e6a30
[2024-09-06T17:45:54.933+0000] {core_li.py:23} INFO - Successfully updated job requisition 66db04abbf0a19d8769e6a32
[2024-09-06T17:45:54.939+0000] {core_li.py:23} INFO - Successfully updated job requisition 66db04abbf0a19d8769e6a34
[2024-09-06T17:45:54.945+0000] {core_li.py:23} INFO - Successfully updated job requisition 66db04abbf0a19d8769e6a36
[2024-09-06T17:45:54.954+0000] {core_li.py:23} INFO - Successfully updated job requisition 66db04abbf0a19d8769e6a38
[2024-09-06T17:45:54.954+0000] {python.py:240} INFO - Done. Returned value was: 100
[2024-09-06T17:45:54.980+0000] {taskinstance.py:340} INFO - ::group::Post task execution logs
[2024-09-06T17:45:54.983+0000] {taskinstance.py:352} INFO - Marking task as SUCCESS. dag_id=async_flow, task_id=task_backfill_number_of_cancelled_candidates_in_batch, run_id=manual__2024-09-06T17:29:39.458358+00:00, map_index=38, execution_date=20240906T172939, start_date=20240906T174553, end_date=20240906T174554
[2024-09-06T17:45:55.028+0000] {local_task_job_runner.py:266} INFO - Task exited with return code 0
[2024-09-06T17:45:55.036+0000] {local_task_job_runner.py:245} INFO - ::endgroup::
