[2024-09-06T17:47:35.052+0000] {local_task_job_runner.py:123} INFO - ::group::Pre task execution logs
[2024-09-06T17:47:35.104+0000] {taskinstance.py:2612} INFO - Dependencies all met for dep_context=non-requeueable deps ti=<TaskInstance: async_flow.task_backfill_number_of_cancelled_candidates_in_batch manual__2024-09-06T17:47:30.120511+00:00 map_index=28 [queued]>
[2024-09-06T17:47:35.123+0000] {taskinstance.py:2612} INFO - Dependencies all met for dep_context=requeueable deps ti=<TaskInstance: async_flow.task_backfill_number_of_cancelled_candidates_in_batch manual__2024-09-06T17:47:30.120511+00:00 map_index=28 [queued]>
[2024-09-06T17:47:35.123+0000] {taskinstance.py:2865} INFO - Starting attempt 1 of 1
[2024-09-06T17:47:35.157+0000] {taskinstance.py:2888} INFO - Executing <Mapped(_PythonDecoratedOperator): task_backfill_number_of_cancelled_candidates_in_batch> on 2024-09-06 17:47:30.120511+00:00
[2024-09-06T17:47:35.165+0000] {warnings.py:112} WARNING - /home/***/.local/lib/python3.12/site-packages/***/task/task_runner/standard_task_runner.py:70: DeprecationWarning: This process (pid=1143) is multi-threaded, use of fork() may lead to deadlocks in the child.
  pid = os.fork()

[2024-09-06T17:47:35.167+0000] {standard_task_runner.py:104} INFO - Running: ['***', 'tasks', 'run', 'async_flow', 'task_backfill_number_of_cancelled_candidates_in_batch', 'manual__2024-09-06T17:47:30.120511+00:00', '--job-id', '356', '--raw', '--subdir', 'DAGS_FOLDER/dags_async_flow.py', '--cfg-path', '/tmp/tmpwpxjppu_', '--map-index', '28']
[2024-09-06T17:47:35.169+0000] {standard_task_runner.py:105} INFO - Job 356: Subtask task_backfill_number_of_cancelled_candidates_in_batch
[2024-09-06T17:47:35.169+0000] {standard_task_runner.py:72} INFO - Started process 1229 to run task
[2024-09-06T17:47:35.298+0000] {task_command.py:467} INFO - Running <TaskInstance: async_flow.task_backfill_number_of_cancelled_candidates_in_batch manual__2024-09-06T17:47:30.120511+00:00 map_index=28 [running]> on host 0817eb6c24af
[2024-09-06T17:47:35.375+0000] {taskinstance.py:3131} INFO - Exporting env vars: AIRFLOW_CTX_DAG_OWNER='***' AIRFLOW_CTX_DAG_ID='async_flow' AIRFLOW_CTX_TASK_ID='task_backfill_number_of_cancelled_candidates_in_batch' AIRFLOW_CTX_EXECUTION_DATE='2024-09-06T17:47:30.120511+00:00' AIRFLOW_CTX_TRY_NUMBER='1' AIRFLOW_CTX_DAG_RUN_ID='manual__2024-09-06T17:47:30.120511+00:00'
[2024-09-06T17:47:35.378+0000] {taskinstance.py:731} INFO - ::endgroup::
[2024-09-06T17:47:35.397+0000] {core_li.py:23} INFO - Successfully updated job requisition 66db04acbf0a19d8769e7dc2
[2024-09-06T17:47:35.418+0000] {core_li.py:23} INFO - Successfully updated job requisition 66db04acbf0a19d8769e7dc4
[2024-09-06T17:47:35.433+0000] {core_li.py:23} INFO - Successfully updated job requisition 66db04acbf0a19d8769e7dc6
[2024-09-06T17:47:35.454+0000] {core_li.py:23} INFO - Successfully updated job requisition 66db04acbf0a19d8769e7dc8
[2024-09-06T17:47:35.468+0000] {core_li.py:23} INFO - Successfully updated job requisition 66db04acbf0a19d8769e7dca
[2024-09-06T17:47:35.481+0000] {core_li.py:23} INFO - Successfully updated job requisition 66db04acbf0a19d8769e7dcc
[2024-09-06T17:47:35.495+0000] {core_li.py:23} INFO - Successfully updated job requisition 66db04acbf0a19d8769e7dce
[2024-09-06T17:47:35.508+0000] {core_li.py:23} INFO - Successfully updated job requisition 66db04acbf0a19d8769e7dd0
[2024-09-06T17:47:35.519+0000] {core_li.py:23} INFO - Successfully updated job requisition 66db04acbf0a19d8769e7dd2
[2024-09-06T17:47:35.533+0000] {core_li.py:23} INFO - Successfully updated job requisition 66db04acbf0a19d8769e7dd4
[2024-09-06T17:47:35.551+0000] {core_li.py:23} INFO - Successfully updated job requisition 66db04acbf0a19d8769e7dd6
[2024-09-06T17:47:35.566+0000] {core_li.py:23} INFO - Successfully updated job requisition 66db04acbf0a19d8769e7dd8
[2024-09-06T17:47:35.574+0000] {core_li.py:23} INFO - Successfully updated job requisition 66db04acbf0a19d8769e7dda
[2024-09-06T17:47:35.582+0000] {core_li.py:23} INFO - Successfully updated job requisition 66db04acbf0a19d8769e7ddc
[2024-09-06T17:47:35.593+0000] {core_li.py:23} INFO - Successfully updated job requisition 66db04acbf0a19d8769e7dde
[2024-09-06T17:47:35.602+0000] {core_li.py:23} INFO - Successfully updated job requisition 66db04acbf0a19d8769e7de0
[2024-09-06T17:47:35.616+0000] {core_li.py:23} INFO - Successfully updated job requisition 66db04acbf0a19d8769e7de2
[2024-09-06T17:47:35.625+0000] {core_li.py:23} INFO - Successfully updated job requisition 66db04acbf0a19d8769e7de4
[2024-09-06T17:47:35.635+0000] {core_li.py:23} INFO - Successfully updated job requisition 66db04acbf0a19d8769e7de6
[2024-09-06T17:47:35.641+0000] {core_li.py:23} INFO - Successfully updated job requisition 66db04acbf0a19d8769e7de8
[2024-09-06T17:47:35.651+0000] {core_li.py:23} INFO - Successfully updated job requisition 66db04acbf0a19d8769e7dea
[2024-09-06T17:47:35.658+0000] {core_li.py:23} INFO - Successfully updated job requisition 66db04acbf0a19d8769e7dec
[2024-09-06T17:47:35.672+0000] {core_li.py:23} INFO - Successfully updated job requisition 66db04acbf0a19d8769e7dee
[2024-09-06T17:47:35.685+0000] {core_li.py:23} INFO - Successfully updated job requisition 66db04acbf0a19d8769e7df0
[2024-09-06T17:47:35.697+0000] {core_li.py:23} INFO - Successfully updated job requisition 66db04acbf0a19d8769e7df2
[2024-09-06T17:47:35.708+0000] {core_li.py:23} INFO - Successfully updated job requisition 66db04acbf0a19d8769e7df4
[2024-09-06T17:47:35.731+0000] {core_li.py:23} INFO - Successfully updated job requisition 66db04acbf0a19d8769e7df6
[2024-09-06T17:47:35.745+0000] {core_li.py:23} INFO - Successfully updated job requisition 66db04acbf0a19d8769e7df8
[2024-09-06T17:47:35.754+0000] {core_li.py:23} INFO - Successfully updated job requisition 66db04acbf0a19d8769e7dfa
[2024-09-06T17:47:35.763+0000] {core_li.py:23} INFO - Successfully updated job requisition 66db04acbf0a19d8769e7dfc
[2024-09-06T17:47:35.772+0000] {core_li.py:23} INFO - Successfully updated job requisition 66db04acbf0a19d8769e7dfe
[2024-09-06T17:47:35.781+0000] {core_li.py:23} INFO - Successfully updated job requisition 66db04acbf0a19d8769e7e00
[2024-09-06T17:47:35.794+0000] {core_li.py:23} INFO - Successfully updated job requisition 66db04acbf0a19d8769e7e02
[2024-09-06T17:47:35.802+0000] {core_li.py:23} INFO - Successfully updated job requisition 66db04acbf0a19d8769e7e04
[2024-09-06T17:47:35.816+0000] {core_li.py:23} INFO - Successfully updated job requisition 66db04acbf0a19d8769e7e06
[2024-09-06T17:47:35.824+0000] {core_li.py:23} INFO - Successfully updated job requisition 66db04acbf0a19d8769e7e08
[2024-09-06T17:47:35.835+0000] {core_li.py:23} INFO - Successfully updated job requisition 66db04acbf0a19d8769e7e0a
[2024-09-06T17:47:35.844+0000] {core_li.py:23} INFO - Successfully updated job requisition 66db04acbf0a19d8769e7e0c
[2024-09-06T17:47:35.855+0000] {core_li.py:23} INFO - Successfully updated job requisition 66db04acbf0a19d8769e7e0e
[2024-09-06T17:47:35.866+0000] {core_li.py:23} INFO - Successfully updated job requisition 66db04acbf0a19d8769e7e10
[2024-09-06T17:47:35.875+0000] {core_li.py:23} INFO - Successfully updated job requisition 66db04acbf0a19d8769e7e12
[2024-09-06T17:47:35.890+0000] {core_li.py:23} INFO - Successfully updated job requisition 66db04acbf0a19d8769e7e14
[2024-09-06T17:47:35.900+0000] {core_li.py:23} INFO - Successfully updated job requisition 66db04acbf0a19d8769e7e16
[2024-09-06T17:47:35.910+0000] {core_li.py:23} INFO - Successfully updated job requisition 66db04acbf0a19d8769e7e18
[2024-09-06T17:47:35.923+0000] {core_li.py:23} INFO - Successfully updated job requisition 66db04acbf0a19d8769e7e1a
[2024-09-06T17:47:35.934+0000] {core_li.py:23} INFO - Successfully updated job requisition 66db04acbf0a19d8769e7e1c
[2024-09-06T17:47:35.946+0000] {core_li.py:23} INFO - Successfully updated job requisition 66db04acbf0a19d8769e7e1e
[2024-09-06T17:47:35.958+0000] {core_li.py:23} INFO - Successfully updated job requisition 66db04acbf0a19d8769e7e20
[2024-09-06T17:47:35.969+0000] {core_li.py:23} INFO - Successfully updated job requisition 66db04acbf0a19d8769e7e22
[2024-09-06T17:47:35.976+0000] {core_li.py:23} INFO - Successfully updated job requisition 66db04acbf0a19d8769e7e24
[2024-09-06T17:47:35.985+0000] {core_li.py:23} INFO - Successfully updated job requisition 66db04acbf0a19d8769e7e26
[2024-09-06T17:47:35.998+0000] {core_li.py:23} INFO - Successfully updated job requisition 66db04acbf0a19d8769e7e28
[2024-09-06T17:47:36.010+0000] {core_li.py:23} INFO - Successfully updated job requisition 66db04acbf0a19d8769e7e2a
[2024-09-06T17:47:36.022+0000] {core_li.py:23} INFO - Successfully updated job requisition 66db04acbf0a19d8769e7e2c
[2024-09-06T17:47:36.029+0000] {core_li.py:23} INFO - Successfully updated job requisition 66db04acbf0a19d8769e7e2e
[2024-09-06T17:47:36.041+0000] {core_li.py:23} INFO - Successfully updated job requisition 66db04acbf0a19d8769e7e30
[2024-09-06T17:47:36.052+0000] {core_li.py:23} INFO - Successfully updated job requisition 66db04acbf0a19d8769e7e32
[2024-09-06T17:47:36.060+0000] {core_li.py:23} INFO - Successfully updated job requisition 66db04acbf0a19d8769e7e34
[2024-09-06T17:47:36.069+0000] {core_li.py:23} INFO - Successfully updated job requisition 66db04acbf0a19d8769e7e36
[2024-09-06T17:47:36.079+0000] {core_li.py:23} INFO - Successfully updated job requisition 66db04acbf0a19d8769e7e38
[2024-09-06T17:47:36.096+0000] {core_li.py:23} INFO - Successfully updated job requisition 66db04acbf0a19d8769e7e3a
[2024-09-06T17:47:36.111+0000] {core_li.py:23} INFO - Successfully updated job requisition 66db04acbf0a19d8769e7e3c
[2024-09-06T17:47:36.121+0000] {core_li.py:23} INFO - Successfully updated job requisition 66db04acbf0a19d8769e7e3e
[2024-09-06T17:47:36.128+0000] {core_li.py:23} INFO - Successfully updated job requisition 66db04acbf0a19d8769e7e40
[2024-09-06T17:47:36.139+0000] {core_li.py:23} INFO - Successfully updated job requisition 66db04acbf0a19d8769e7e42
[2024-09-06T17:47:36.148+0000] {core_li.py:23} INFO - Successfully updated job requisition 66db04acbf0a19d8769e7e44
[2024-09-06T17:47:36.162+0000] {core_li.py:23} INFO - Successfully updated job requisition 66db04acbf0a19d8769e7e46
[2024-09-06T17:47:36.185+0000] {core_li.py:23} INFO - Successfully updated job requisition 66db04acbf0a19d8769e7e48
[2024-09-06T17:47:36.204+0000] {core_li.py:23} INFO - Successfully updated job requisition 66db04acbf0a19d8769e7e4a
[2024-09-06T17:47:36.224+0000] {core_li.py:23} INFO - Successfully updated job requisition 66db04acbf0a19d8769e7e4c
[2024-09-06T17:47:36.248+0000] {core_li.py:23} INFO - Successfully updated job requisition 66db04acbf0a19d8769e7e4e
[2024-09-06T17:47:36.266+0000] {core_li.py:23} INFO - Successfully updated job requisition 66db04acbf0a19d8769e7e50
[2024-09-06T17:47:36.282+0000] {core_li.py:23} INFO - Successfully updated job requisition 66db04acbf0a19d8769e7e52
[2024-09-06T17:47:36.296+0000] {core_li.py:23} INFO - Successfully updated job requisition 66db04acbf0a19d8769e7e54
[2024-09-06T17:47:36.312+0000] {core_li.py:23} INFO - Successfully updated job requisition 66db04acbf0a19d8769e7e56
[2024-09-06T17:47:36.323+0000] {core_li.py:23} INFO - Successfully updated job requisition 66db04acbf0a19d8769e7e58
[2024-09-06T17:47:36.332+0000] {core_li.py:23} INFO - Successfully updated job requisition 66db04acbf0a19d8769e7e5a
[2024-09-06T17:47:36.345+0000] {core_li.py:23} INFO - Successfully updated job requisition 66db04acbf0a19d8769e7e5c
[2024-09-06T17:47:36.356+0000] {core_li.py:23} INFO - Successfully updated job requisition 66db04acbf0a19d8769e7e5e
[2024-09-06T17:47:36.407+0000] {core_li.py:23} INFO - Successfully updated job requisition 66db04acbf0a19d8769e7e60
[2024-09-06T17:47:36.419+0000] {core_li.py:23} INFO - Successfully updated job requisition 66db04acbf0a19d8769e7e62
[2024-09-06T17:47:36.426+0000] {core_li.py:23} INFO - Successfully updated job requisition 66db04acbf0a19d8769e7e64
[2024-09-06T17:47:36.436+0000] {core_li.py:23} INFO - Successfully updated job requisition 66db04acbf0a19d8769e7e66
[2024-09-06T17:47:36.444+0000] {core_li.py:23} INFO - Successfully updated job requisition 66db04acbf0a19d8769e7e68
[2024-09-06T17:47:36.454+0000] {core_li.py:23} INFO - Successfully updated job requisition 66db04acbf0a19d8769e7e6a
[2024-09-06T17:47:36.470+0000] {core_li.py:23} INFO - Successfully updated job requisition 66db04acbf0a19d8769e7e6c
[2024-09-06T17:47:36.479+0000] {core_li.py:23} INFO - Successfully updated job requisition 66db04acbf0a19d8769e7e6e
[2024-09-06T17:47:36.488+0000] {core_li.py:23} INFO - Successfully updated job requisition 66db04acbf0a19d8769e7e70
[2024-09-06T17:47:36.497+0000] {core_li.py:23} INFO - Successfully updated job requisition 66db04acbf0a19d8769e7e72
[2024-09-06T17:47:36.508+0000] {core_li.py:23} INFO - Successfully updated job requisition 66db04acbf0a19d8769e7e74
[2024-09-06T17:47:36.518+0000] {core_li.py:23} INFO - Successfully updated job requisition 66db04acbf0a19d8769e7e76
[2024-09-06T17:47:36.530+0000] {core_li.py:23} INFO - Successfully updated job requisition 66db04acbf0a19d8769e7e78
[2024-09-06T17:47:36.543+0000] {core_li.py:23} INFO - Successfully updated job requisition 66db04acbf0a19d8769e7e7a
[2024-09-06T17:47:36.551+0000] {core_li.py:23} INFO - Successfully updated job requisition 66db04acbf0a19d8769e7e7c
[2024-09-06T17:47:36.563+0000] {core_li.py:23} INFO - Successfully updated job requisition 66db04acbf0a19d8769e7e7e
[2024-09-06T17:47:36.570+0000] {core_li.py:23} INFO - Successfully updated job requisition 66db04acbf0a19d8769e7e80
[2024-09-06T17:47:36.595+0000] {core_li.py:23} INFO - Successfully updated job requisition 66db04acbf0a19d8769e7e82
[2024-09-06T17:47:36.605+0000] {core_li.py:23} INFO - Successfully updated job requisition 66db04acbf0a19d8769e7e84
[2024-09-06T17:47:36.616+0000] {core_li.py:23} INFO - Successfully updated job requisition 66db04acbf0a19d8769e7e86
[2024-09-06T17:47:36.625+0000] {core_li.py:23} INFO - Successfully updated job requisition 66db04acbf0a19d8769e7e88
[2024-09-06T17:47:36.626+0000] {python.py:240} INFO - Done. Returned value was: 100
[2024-09-06T17:47:36.651+0000] {taskinstance.py:340} INFO - ::group::Post task execution logs
[2024-09-06T17:47:36.652+0000] {taskinstance.py:352} INFO - Marking task as SUCCESS. dag_id=async_flow, task_id=task_backfill_number_of_cancelled_candidates_in_batch, run_id=manual__2024-09-06T17:47:30.120511+00:00, map_index=28, execution_date=20240906T174730, start_date=20240906T174735, end_date=20240906T174736
[2024-09-06T17:47:36.682+0000] {local_task_job_runner.py:266} INFO - Task exited with return code 0
[2024-09-06T17:47:36.688+0000] {local_task_job_runner.py:245} INFO - ::endgroup::
