[2024-09-06T17:29:45.170+0000] {local_task_job_runner.py:123} INFO - ::group::Pre task execution logs
[2024-09-06T17:29:45.196+0000] {taskinstance.py:2612} INFO - Dependencies all met for dep_context=non-requeueable deps ti=<TaskInstance: async_flow.task_backfill_number_of_cancelled_candidates_in_batch manual__2024-09-06T17:29:39.458358+00:00 map_index=16 [queued]>
[2024-09-06T17:29:45.228+0000] {taskinstance.py:2612} INFO - Dependencies all met for dep_context=requeueable deps ti=<TaskInstance: async_flow.task_backfill_number_of_cancelled_candidates_in_batch manual__2024-09-06T17:29:39.458358+00:00 map_index=16 [queued]>
[2024-09-06T17:29:45.231+0000] {taskinstance.py:2865} INFO - Starting attempt 1 of 1
[2024-09-06T17:29:45.259+0000] {taskinstance.py:2888} INFO - Executing <Mapped(_PythonDecoratedOperator): task_backfill_number_of_cancelled_candidates_in_batch> on 2024-09-06 17:29:39.458358+00:00
[2024-09-06T17:29:45.266+0000] {warnings.py:112} WARNING - /home/***/.local/lib/python3.12/site-packages/***/task/task_runner/standard_task_runner.py:70: DeprecationWarning: This process (pid=3224) is multi-threaded, use of fork() may lead to deadlocks in the child.
  pid = os.fork()

[2024-09-06T17:29:45.268+0000] {standard_task_runner.py:72} INFO - Started process 3279 to run task
[2024-09-06T17:29:45.269+0000] {standard_task_runner.py:104} INFO - Running: ['***', 'tasks', 'run', 'async_flow', 'task_backfill_number_of_cancelled_candidates_in_batch', 'manual__2024-09-06T17:29:39.458358+00:00', '--job-id', '140', '--raw', '--subdir', 'DAGS_FOLDER/dags_async_flow.py', '--cfg-path', '/tmp/tmpk29js69_', '--map-index', '16']
[2024-09-06T17:29:45.270+0000] {standard_task_runner.py:105} INFO - Job 140: Subtask task_backfill_number_of_cancelled_candidates_in_batch
[2024-09-06T17:29:45.331+0000] {task_command.py:467} INFO - Running <TaskInstance: async_flow.task_backfill_number_of_cancelled_candidates_in_batch manual__2024-09-06T17:29:39.458358+00:00 map_index=16 [running]> on host a3a5f1897683
[2024-09-06T17:29:45.539+0000] {taskinstance.py:3131} INFO - Exporting env vars: AIRFLOW_CTX_DAG_OWNER='***' AIRFLOW_CTX_DAG_ID='async_flow' AIRFLOW_CTX_TASK_ID='task_backfill_number_of_cancelled_candidates_in_batch' AIRFLOW_CTX_EXECUTION_DATE='2024-09-06T17:29:39.458358+00:00' AIRFLOW_CTX_TRY_NUMBER='1' AIRFLOW_CTX_DAG_RUN_ID='manual__2024-09-06T17:29:39.458358+00:00'
[2024-09-06T17:29:45.553+0000] {taskinstance.py:731} INFO - ::endgroup::
[2024-09-06T17:29:45.598+0000] {core_li.py:23} INFO - Successfully updated job requisition 66db04abbf0a19d8769e7462
[2024-09-06T17:29:45.629+0000] {core_li.py:23} INFO - Successfully updated job requisition 66db04abbf0a19d8769e7464
[2024-09-06T17:29:45.668+0000] {core_li.py:23} INFO - Successfully updated job requisition 66db04abbf0a19d8769e7466
[2024-09-06T17:29:45.688+0000] {core_li.py:23} INFO - Successfully updated job requisition 66db04abbf0a19d8769e7468
[2024-09-06T17:29:45.705+0000] {core_li.py:23} INFO - Successfully updated job requisition 66db04abbf0a19d8769e746a
[2024-09-06T17:29:45.719+0000] {core_li.py:23} INFO - Successfully updated job requisition 66db04abbf0a19d8769e746c
[2024-09-06T17:29:45.735+0000] {core_li.py:23} INFO - Successfully updated job requisition 66db04abbf0a19d8769e746e
[2024-09-06T17:29:45.748+0000] {core_li.py:23} INFO - Successfully updated job requisition 66db04abbf0a19d8769e7470
[2024-09-06T17:29:45.760+0000] {core_li.py:23} INFO - Successfully updated job requisition 66db04abbf0a19d8769e7472
[2024-09-06T17:29:45.775+0000] {core_li.py:23} INFO - Successfully updated job requisition 66db04abbf0a19d8769e7474
[2024-09-06T17:29:45.787+0000] {core_li.py:23} INFO - Successfully updated job requisition 66db04abbf0a19d8769e7476
[2024-09-06T17:29:45.796+0000] {core_li.py:23} INFO - Successfully updated job requisition 66db04abbf0a19d8769e7478
[2024-09-06T17:29:45.805+0000] {core_li.py:23} INFO - Successfully updated job requisition 66db04abbf0a19d8769e747a
[2024-09-06T17:29:45.815+0000] {core_li.py:23} INFO - Successfully updated job requisition 66db04abbf0a19d8769e747c
[2024-09-06T17:29:45.822+0000] {core_li.py:23} INFO - Successfully updated job requisition 66db04abbf0a19d8769e747e
[2024-09-06T17:29:45.834+0000] {core_li.py:23} INFO - Successfully updated job requisition 66db04abbf0a19d8769e7480
[2024-09-06T17:29:45.856+0000] {core_li.py:23} INFO - Successfully updated job requisition 66db04abbf0a19d8769e7482
[2024-09-06T17:29:45.869+0000] {core_li.py:23} INFO - Successfully updated job requisition 66db04abbf0a19d8769e7484
[2024-09-06T17:29:45.882+0000] {core_li.py:23} INFO - Successfully updated job requisition 66db04abbf0a19d8769e7486
[2024-09-06T17:29:45.891+0000] {core_li.py:23} INFO - Successfully updated job requisition 66db04abbf0a19d8769e7488
[2024-09-06T17:29:45.900+0000] {core_li.py:23} INFO - Successfully updated job requisition 66db04abbf0a19d8769e748a
[2024-09-06T17:29:45.910+0000] {core_li.py:23} INFO - Successfully updated job requisition 66db04abbf0a19d8769e748c
[2024-09-06T17:29:45.923+0000] {core_li.py:23} INFO - Successfully updated job requisition 66db04abbf0a19d8769e748e
[2024-09-06T17:29:45.932+0000] {core_li.py:23} INFO - Successfully updated job requisition 66db04abbf0a19d8769e7490
[2024-09-06T17:29:45.941+0000] {core_li.py:23} INFO - Successfully updated job requisition 66db04abbf0a19d8769e7492
[2024-09-06T17:29:45.952+0000] {core_li.py:23} INFO - Successfully updated job requisition 66db04abbf0a19d8769e7494
[2024-09-06T17:29:45.961+0000] {core_li.py:23} INFO - Successfully updated job requisition 66db04abbf0a19d8769e7496
[2024-09-06T17:29:45.970+0000] {core_li.py:23} INFO - Successfully updated job requisition 66db04abbf0a19d8769e7498
[2024-09-06T17:29:45.979+0000] {core_li.py:23} INFO - Successfully updated job requisition 66db04abbf0a19d8769e749a
[2024-09-06T17:29:45.986+0000] {core_li.py:23} INFO - Successfully updated job requisition 66db04abbf0a19d8769e749c
[2024-09-06T17:29:45.996+0000] {core_li.py:23} INFO - Successfully updated job requisition 66db04abbf0a19d8769e749e
[2024-09-06T17:29:46.006+0000] {core_li.py:23} INFO - Successfully updated job requisition 66db04abbf0a19d8769e74a0
[2024-09-06T17:29:46.018+0000] {core_li.py:23} INFO - Successfully updated job requisition 66db04abbf0a19d8769e74a2
[2024-09-06T17:29:46.030+0000] {core_li.py:23} INFO - Successfully updated job requisition 66db04abbf0a19d8769e74a4
[2024-09-06T17:29:46.042+0000] {core_li.py:23} INFO - Successfully updated job requisition 66db04abbf0a19d8769e74a6
[2024-09-06T17:29:46.051+0000] {core_li.py:23} INFO - Successfully updated job requisition 66db04abbf0a19d8769e74a8
[2024-09-06T17:29:46.062+0000] {core_li.py:23} INFO - Successfully updated job requisition 66db04abbf0a19d8769e74aa
[2024-09-06T17:29:46.079+0000] {core_li.py:23} INFO - Successfully updated job requisition 66db04abbf0a19d8769e74ac
[2024-09-06T17:29:46.090+0000] {core_li.py:23} INFO - Successfully updated job requisition 66db04abbf0a19d8769e74ae
[2024-09-06T17:29:46.105+0000] {core_li.py:23} INFO - Successfully updated job requisition 66db04abbf0a19d8769e74b0
[2024-09-06T17:29:46.116+0000] {core_li.py:23} INFO - Successfully updated job requisition 66db04abbf0a19d8769e74b2
[2024-09-06T17:29:46.128+0000] {core_li.py:23} INFO - Successfully updated job requisition 66db04abbf0a19d8769e74b4
[2024-09-06T17:29:46.142+0000] {core_li.py:23} INFO - Successfully updated job requisition 66db04abbf0a19d8769e74b6
[2024-09-06T17:29:46.153+0000] {core_li.py:23} INFO - Successfully updated job requisition 66db04abbf0a19d8769e74b8
[2024-09-06T17:29:46.168+0000] {core_li.py:23} INFO - Successfully updated job requisition 66db04abbf0a19d8769e74ba
[2024-09-06T17:29:46.177+0000] {core_li.py:23} INFO - Successfully updated job requisition 66db04abbf0a19d8769e74bc
[2024-09-06T17:29:46.187+0000] {core_li.py:23} INFO - Successfully updated job requisition 66db04abbf0a19d8769e74be
[2024-09-06T17:29:46.197+0000] {core_li.py:23} INFO - Successfully updated job requisition 66db04abbf0a19d8769e74c0
[2024-09-06T17:29:46.211+0000] {core_li.py:23} INFO - Successfully updated job requisition 66db04abbf0a19d8769e74c2
[2024-09-06T17:29:46.221+0000] {core_li.py:23} INFO - Successfully updated job requisition 66db04abbf0a19d8769e74c4
[2024-09-06T17:29:46.227+0000] {core_li.py:23} INFO - Successfully updated job requisition 66db04abbf0a19d8769e74c6
[2024-09-06T17:29:46.236+0000] {core_li.py:23} INFO - Successfully updated job requisition 66db04abbf0a19d8769e74c8
[2024-09-06T17:29:46.246+0000] {core_li.py:23} INFO - Successfully updated job requisition 66db04abbf0a19d8769e74ca
[2024-09-06T17:29:46.254+0000] {core_li.py:23} INFO - Successfully updated job requisition 66db04abbf0a19d8769e74cc
[2024-09-06T17:29:46.263+0000] {core_li.py:23} INFO - Successfully updated job requisition 66db04abbf0a19d8769e74ce
[2024-09-06T17:29:46.274+0000] {core_li.py:23} INFO - Successfully updated job requisition 66db04abbf0a19d8769e74d0
[2024-09-06T17:29:46.283+0000] {core_li.py:23} INFO - Successfully updated job requisition 66db04abbf0a19d8769e74d2
[2024-09-06T17:29:46.288+0000] {core_li.py:23} INFO - Successfully updated job requisition 66db04abbf0a19d8769e74d4
[2024-09-06T17:29:46.294+0000] {core_li.py:23} INFO - Successfully updated job requisition 66db04abbf0a19d8769e74d6
[2024-09-06T17:29:46.304+0000] {core_li.py:23} INFO - Successfully updated job requisition 66db04abbf0a19d8769e74d8
[2024-09-06T17:29:46.314+0000] {core_li.py:23} INFO - Successfully updated job requisition 66db04abbf0a19d8769e74da
[2024-09-06T17:29:46.323+0000] {core_li.py:23} INFO - Successfully updated job requisition 66db04abbf0a19d8769e74dc
[2024-09-06T17:29:46.331+0000] {core_li.py:23} INFO - Successfully updated job requisition 66db04abbf0a19d8769e74de
[2024-09-06T17:29:46.343+0000] {core_li.py:23} INFO - Successfully updated job requisition 66db04abbf0a19d8769e74e0
[2024-09-06T17:29:46.356+0000] {core_li.py:23} INFO - Successfully updated job requisition 66db04abbf0a19d8769e74e2
[2024-09-06T17:29:46.364+0000] {core_li.py:23} INFO - Successfully updated job requisition 66db04abbf0a19d8769e74e4
[2024-09-06T17:29:46.371+0000] {core_li.py:23} INFO - Successfully updated job requisition 66db04abbf0a19d8769e74e6
[2024-09-06T17:29:46.378+0000] {core_li.py:23} INFO - Successfully updated job requisition 66db04abbf0a19d8769e74e8
[2024-09-06T17:29:46.385+0000] {core_li.py:23} INFO - Successfully updated job requisition 66db04abbf0a19d8769e74ea
[2024-09-06T17:29:46.392+0000] {core_li.py:23} INFO - Successfully updated job requisition 66db04abbf0a19d8769e74ec
[2024-09-06T17:29:46.398+0000] {core_li.py:23} INFO - Successfully updated job requisition 66db04abbf0a19d8769e74ee
[2024-09-06T17:29:46.404+0000] {core_li.py:23} INFO - Successfully updated job requisition 66db04abbf0a19d8769e74f0
[2024-09-06T17:29:46.412+0000] {core_li.py:23} INFO - Successfully updated job requisition 66db04abbf0a19d8769e74f2
[2024-09-06T17:29:46.421+0000] {core_li.py:23} INFO - Successfully updated job requisition 66db04abbf0a19d8769e74f4
[2024-09-06T17:29:46.427+0000] {core_li.py:23} INFO - Successfully updated job requisition 66db04abbf0a19d8769e74f6
[2024-09-06T17:29:46.435+0000] {core_li.py:23} INFO - Successfully updated job requisition 66db04abbf0a19d8769e74f8
[2024-09-06T17:29:46.448+0000] {core_li.py:23} INFO - Successfully updated job requisition 66db04abbf0a19d8769e74fa
[2024-09-06T17:29:46.455+0000] {core_li.py:23} INFO - Successfully updated job requisition 66db04abbf0a19d8769e74fc
[2024-09-06T17:29:46.461+0000] {core_li.py:23} INFO - Successfully updated job requisition 66db04abbf0a19d8769e74fe
[2024-09-06T17:29:46.470+0000] {core_li.py:23} INFO - Successfully updated job requisition 66db04abbf0a19d8769e7500
[2024-09-06T17:29:46.481+0000] {core_li.py:23} INFO - Successfully updated job requisition 66db04abbf0a19d8769e7502
[2024-09-06T17:29:46.489+0000] {core_li.py:23} INFO - Successfully updated job requisition 66db04abbf0a19d8769e7504
[2024-09-06T17:29:46.496+0000] {core_li.py:23} INFO - Successfully updated job requisition 66db04abbf0a19d8769e7506
[2024-09-06T17:29:46.504+0000] {core_li.py:23} INFO - Successfully updated job requisition 66db04abbf0a19d8769e7508
[2024-09-06T17:29:46.511+0000] {core_li.py:23} INFO - Successfully updated job requisition 66db04abbf0a19d8769e750a
[2024-09-06T17:29:46.520+0000] {core_li.py:23} INFO - Successfully updated job requisition 66db04abbf0a19d8769e750c
[2024-09-06T17:29:46.526+0000] {core_li.py:23} INFO - Successfully updated job requisition 66db04abbf0a19d8769e750e
[2024-09-06T17:29:46.534+0000] {core_li.py:23} INFO - Successfully updated job requisition 66db04abbf0a19d8769e7510
[2024-09-06T17:29:46.543+0000] {core_li.py:23} INFO - Successfully updated job requisition 66db04abbf0a19d8769e7512
[2024-09-06T17:29:46.550+0000] {core_li.py:23} INFO - Successfully updated job requisition 66db04abbf0a19d8769e7514
[2024-09-06T17:29:46.558+0000] {core_li.py:23} INFO - Successfully updated job requisition 66db04abbf0a19d8769e7516
[2024-09-06T17:29:46.564+0000] {core_li.py:23} INFO - Successfully updated job requisition 66db04abbf0a19d8769e7518
[2024-09-06T17:29:46.571+0000] {core_li.py:23} INFO - Successfully updated job requisition 66db04abbf0a19d8769e751a
[2024-09-06T17:29:46.580+0000] {core_li.py:23} INFO - Successfully updated job requisition 66db04abbf0a19d8769e751c
[2024-09-06T17:29:46.592+0000] {core_li.py:23} INFO - Successfully updated job requisition 66db04abbf0a19d8769e751e
[2024-09-06T17:29:46.601+0000] {core_li.py:23} INFO - Successfully updated job requisition 66db04abbf0a19d8769e7520
[2024-09-06T17:29:46.614+0000] {core_li.py:23} INFO - Successfully updated job requisition 66db04abbf0a19d8769e7522
[2024-09-06T17:29:46.623+0000] {core_li.py:23} INFO - Successfully updated job requisition 66db04abbf0a19d8769e7524
[2024-09-06T17:29:46.637+0000] {core_li.py:23} INFO - Successfully updated job requisition 66db04abbf0a19d8769e7526
[2024-09-06T17:29:46.646+0000] {core_li.py:23} INFO - Successfully updated job requisition 66db04abbf0a19d8769e7528
[2024-09-06T17:29:46.647+0000] {python.py:240} INFO - Done. Returned value was: 100
[2024-09-06T17:29:46.667+0000] {taskinstance.py:340} INFO - ::group::Post task execution logs
[2024-09-06T17:29:46.669+0000] {taskinstance.py:352} INFO - Marking task as SUCCESS. dag_id=async_flow, task_id=task_backfill_number_of_cancelled_candidates_in_batch, run_id=manual__2024-09-06T17:29:39.458358+00:00, map_index=16, execution_date=20240906T172939, start_date=20240906T172945, end_date=20240906T172946
[2024-09-06T17:29:46.690+0000] {local_task_job_runner.py:266} INFO - Task exited with return code 0
[2024-09-06T17:29:46.738+0000] {taskinstance.py:3900} INFO - 0 downstream tasks scheduled from follow-on schedule check
[2024-09-06T17:29:46.740+0000] {local_task_job_runner.py:245} INFO - ::endgroup::
