[2024-09-06T17:45:51.064+0000] {local_task_job_runner.py:123} INFO - ::group::Pre task execution logs
[2024-09-06T17:45:51.092+0000] {taskinstance.py:2612} INFO - Dependencies all met for dep_context=non-requeueable deps ti=<TaskInstance: async_flow.task_backfill_number_of_cancelled_candidates_in_batch manual__2024-09-06T17:29:39.458358+00:00 map_index=16 [queued]>
[2024-09-06T17:45:51.111+0000] {taskinstance.py:2612} INFO - Dependencies all met for dep_context=requeueable deps ti=<TaskInstance: async_flow.task_backfill_number_of_cancelled_candidates_in_batch manual__2024-09-06T17:29:39.458358+00:00 map_index=16 [queued]>
[2024-09-06T17:45:51.112+0000] {taskinstance.py:2865} INFO - Starting attempt 2 of 2
[2024-09-06T17:45:51.123+0000] {taskinstance.py:2888} INFO - Executing <Mapped(_PythonDecoratedOperator): task_backfill_number_of_cancelled_candidates_in_batch> on 2024-09-06 17:29:39.458358+00:00
[2024-09-06T17:45:51.129+0000] {warnings.py:112} WARNING - /home/***/.local/lib/python3.12/site-packages/***/task/task_runner/standard_task_runner.py:70: DeprecationWarning: This process (pid=517) is multi-threaded, use of fork() may lead to deadlocks in the child.
  pid = os.fork()

[2024-09-06T17:45:51.130+0000] {standard_task_runner.py:72} INFO - Started process 579 to run task
[2024-09-06T17:45:51.134+0000] {standard_task_runner.py:104} INFO - Running: ['***', 'tasks', 'run', 'async_flow', 'task_backfill_number_of_cancelled_candidates_in_batch', 'manual__2024-09-06T17:29:39.458358+00:00', '--job-id', '245', '--raw', '--subdir', 'DAGS_FOLDER/dags_async_flow.py', '--cfg-path', '/tmp/tmp6k80mni0', '--map-index', '16']
[2024-09-06T17:45:51.136+0000] {standard_task_runner.py:105} INFO - Job 245: Subtask task_backfill_number_of_cancelled_candidates_in_batch
[2024-09-06T17:45:51.196+0000] {task_command.py:467} INFO - Running <TaskInstance: async_flow.task_backfill_number_of_cancelled_candidates_in_batch manual__2024-09-06T17:29:39.458358+00:00 map_index=16 [running]> on host 0817eb6c24af
[2024-09-06T17:45:51.320+0000] {taskinstance.py:3131} INFO - Exporting env vars: AIRFLOW_CTX_DAG_OWNER='***' AIRFLOW_CTX_DAG_ID='async_flow' AIRFLOW_CTX_TASK_ID='task_backfill_number_of_cancelled_candidates_in_batch' AIRFLOW_CTX_EXECUTION_DATE='2024-09-06T17:29:39.458358+00:00' AIRFLOW_CTX_TRY_NUMBER='2' AIRFLOW_CTX_DAG_RUN_ID='manual__2024-09-06T17:29:39.458358+00:00'
[2024-09-06T17:45:51.323+0000] {taskinstance.py:731} INFO - ::endgroup::
[2024-09-06T17:45:51.337+0000] {core_li.py:23} INFO - Successfully updated job requisition 66db04abbf0a19d8769e7462
[2024-09-06T17:45:51.349+0000] {core_li.py:23} INFO - Successfully updated job requisition 66db04abbf0a19d8769e7464
[2024-09-06T17:45:51.361+0000] {core_li.py:23} INFO - Successfully updated job requisition 66db04abbf0a19d8769e7466
[2024-09-06T17:45:51.372+0000] {core_li.py:23} INFO - Successfully updated job requisition 66db04abbf0a19d8769e7468
[2024-09-06T17:45:51.384+0000] {core_li.py:23} INFO - Successfully updated job requisition 66db04abbf0a19d8769e746a
[2024-09-06T17:45:51.393+0000] {core_li.py:23} INFO - Successfully updated job requisition 66db04abbf0a19d8769e746c
[2024-09-06T17:45:51.410+0000] {core_li.py:23} INFO - Successfully updated job requisition 66db04abbf0a19d8769e746e
[2024-09-06T17:45:51.426+0000] {core_li.py:23} INFO - Successfully updated job requisition 66db04abbf0a19d8769e7470
[2024-09-06T17:45:51.444+0000] {core_li.py:23} INFO - Successfully updated job requisition 66db04abbf0a19d8769e7472
[2024-09-06T17:45:51.456+0000] {core_li.py:23} INFO - Successfully updated job requisition 66db04abbf0a19d8769e7474
[2024-09-06T17:45:51.467+0000] {core_li.py:23} INFO - Successfully updated job requisition 66db04abbf0a19d8769e7476
[2024-09-06T17:45:51.475+0000] {core_li.py:23} INFO - Successfully updated job requisition 66db04abbf0a19d8769e7478
[2024-09-06T17:45:51.483+0000] {core_li.py:23} INFO - Successfully updated job requisition 66db04abbf0a19d8769e747a
[2024-09-06T17:45:51.490+0000] {core_li.py:23} INFO - Successfully updated job requisition 66db04abbf0a19d8769e747c
[2024-09-06T17:45:51.499+0000] {core_li.py:23} INFO - Successfully updated job requisition 66db04abbf0a19d8769e747e
[2024-09-06T17:45:51.507+0000] {core_li.py:23} INFO - Successfully updated job requisition 66db04abbf0a19d8769e7480
[2024-09-06T17:45:51.515+0000] {core_li.py:23} INFO - Successfully updated job requisition 66db04abbf0a19d8769e7482
[2024-09-06T17:45:51.528+0000] {core_li.py:23} INFO - Successfully updated job requisition 66db04abbf0a19d8769e7484
[2024-09-06T17:45:51.537+0000] {core_li.py:23} INFO - Successfully updated job requisition 66db04abbf0a19d8769e7486
[2024-09-06T17:45:51.546+0000] {core_li.py:23} INFO - Successfully updated job requisition 66db04abbf0a19d8769e7488
[2024-09-06T17:45:51.551+0000] {core_li.py:23} INFO - Successfully updated job requisition 66db04abbf0a19d8769e748a
[2024-09-06T17:45:51.557+0000] {core_li.py:23} INFO - Successfully updated job requisition 66db04abbf0a19d8769e748c
[2024-09-06T17:45:51.566+0000] {core_li.py:23} INFO - Successfully updated job requisition 66db04abbf0a19d8769e748e
[2024-09-06T17:45:51.573+0000] {core_li.py:23} INFO - Successfully updated job requisition 66db04abbf0a19d8769e7490
[2024-09-06T17:45:51.580+0000] {core_li.py:23} INFO - Successfully updated job requisition 66db04abbf0a19d8769e7492
[2024-09-06T17:45:51.587+0000] {core_li.py:23} INFO - Successfully updated job requisition 66db04abbf0a19d8769e7494
[2024-09-06T17:45:51.596+0000] {core_li.py:23} INFO - Successfully updated job requisition 66db04abbf0a19d8769e7496
[2024-09-06T17:45:51.607+0000] {core_li.py:23} INFO - Successfully updated job requisition 66db04abbf0a19d8769e7498
[2024-09-06T17:45:51.617+0000] {core_li.py:23} INFO - Successfully updated job requisition 66db04abbf0a19d8769e749a
[2024-09-06T17:45:51.626+0000] {core_li.py:23} INFO - Successfully updated job requisition 66db04abbf0a19d8769e749c
[2024-09-06T17:45:51.633+0000] {core_li.py:23} INFO - Successfully updated job requisition 66db04abbf0a19d8769e749e
[2024-09-06T17:45:51.640+0000] {core_li.py:23} INFO - Successfully updated job requisition 66db04abbf0a19d8769e74a0
[2024-09-06T17:45:51.647+0000] {core_li.py:23} INFO - Successfully updated job requisition 66db04abbf0a19d8769e74a2
[2024-09-06T17:45:51.654+0000] {core_li.py:23} INFO - Successfully updated job requisition 66db04abbf0a19d8769e74a4
[2024-09-06T17:45:51.664+0000] {core_li.py:23} INFO - Successfully updated job requisition 66db04abbf0a19d8769e74a6
[2024-09-06T17:45:51.670+0000] {core_li.py:23} INFO - Successfully updated job requisition 66db04abbf0a19d8769e74a8
[2024-09-06T17:45:51.677+0000] {core_li.py:23} INFO - Successfully updated job requisition 66db04abbf0a19d8769e74aa
[2024-09-06T17:45:51.685+0000] {core_li.py:23} INFO - Successfully updated job requisition 66db04abbf0a19d8769e74ac
[2024-09-06T17:45:51.693+0000] {core_li.py:23} INFO - Successfully updated job requisition 66db04abbf0a19d8769e74ae
[2024-09-06T17:45:51.700+0000] {core_li.py:23} INFO - Successfully updated job requisition 66db04abbf0a19d8769e74b0
[2024-09-06T17:45:51.707+0000] {core_li.py:23} INFO - Successfully updated job requisition 66db04abbf0a19d8769e74b2
[2024-09-06T17:45:51.713+0000] {core_li.py:23} INFO - Successfully updated job requisition 66db04abbf0a19d8769e74b4
[2024-09-06T17:45:51.720+0000] {core_li.py:23} INFO - Successfully updated job requisition 66db04abbf0a19d8769e74b6
[2024-09-06T17:45:51.728+0000] {core_li.py:23} INFO - Successfully updated job requisition 66db04abbf0a19d8769e74b8
[2024-09-06T17:45:51.736+0000] {core_li.py:23} INFO - Successfully updated job requisition 66db04abbf0a19d8769e74ba
[2024-09-06T17:45:51.746+0000] {core_li.py:23} INFO - Successfully updated job requisition 66db04abbf0a19d8769e74bc
[2024-09-06T17:45:51.752+0000] {core_li.py:23} INFO - Successfully updated job requisition 66db04abbf0a19d8769e74be
[2024-09-06T17:45:51.761+0000] {core_li.py:23} INFO - Successfully updated job requisition 66db04abbf0a19d8769e74c0
[2024-09-06T17:45:51.768+0000] {core_li.py:23} INFO - Successfully updated job requisition 66db04abbf0a19d8769e74c2
[2024-09-06T17:45:51.775+0000] {core_li.py:23} INFO - Successfully updated job requisition 66db04abbf0a19d8769e74c4
[2024-09-06T17:45:51.782+0000] {core_li.py:23} INFO - Successfully updated job requisition 66db04abbf0a19d8769e74c6
[2024-09-06T17:45:51.793+0000] {core_li.py:23} INFO - Successfully updated job requisition 66db04abbf0a19d8769e74c8
[2024-09-06T17:45:51.799+0000] {core_li.py:23} INFO - Successfully updated job requisition 66db04abbf0a19d8769e74ca
[2024-09-06T17:45:51.808+0000] {core_li.py:23} INFO - Successfully updated job requisition 66db04abbf0a19d8769e74cc
[2024-09-06T17:45:51.813+0000] {core_li.py:23} INFO - Successfully updated job requisition 66db04abbf0a19d8769e74ce
[2024-09-06T17:45:51.821+0000] {core_li.py:23} INFO - Successfully updated job requisition 66db04abbf0a19d8769e74d0
[2024-09-06T17:45:51.827+0000] {core_li.py:23} INFO - Successfully updated job requisition 66db04abbf0a19d8769e74d2
[2024-09-06T17:45:51.835+0000] {core_li.py:23} INFO - Successfully updated job requisition 66db04abbf0a19d8769e74d4
[2024-09-06T17:45:51.847+0000] {core_li.py:23} INFO - Successfully updated job requisition 66db04abbf0a19d8769e74d6
[2024-09-06T17:45:51.855+0000] {core_li.py:23} INFO - Successfully updated job requisition 66db04abbf0a19d8769e74d8
[2024-09-06T17:45:51.862+0000] {core_li.py:23} INFO - Successfully updated job requisition 66db04abbf0a19d8769e74da
[2024-09-06T17:45:51.871+0000] {core_li.py:23} INFO - Successfully updated job requisition 66db04abbf0a19d8769e74dc
[2024-09-06T17:45:51.877+0000] {core_li.py:23} INFO - Successfully updated job requisition 66db04abbf0a19d8769e74de
[2024-09-06T17:45:51.883+0000] {core_li.py:23} INFO - Successfully updated job requisition 66db04abbf0a19d8769e74e0
[2024-09-06T17:45:51.889+0000] {core_li.py:23} INFO - Successfully updated job requisition 66db04abbf0a19d8769e74e2
[2024-09-06T17:45:51.899+0000] {core_li.py:23} INFO - Successfully updated job requisition 66db04abbf0a19d8769e74e4
[2024-09-06T17:45:51.906+0000] {core_li.py:23} INFO - Successfully updated job requisition 66db04abbf0a19d8769e74e6
[2024-09-06T17:45:51.912+0000] {core_li.py:23} INFO - Successfully updated job requisition 66db04abbf0a19d8769e74e8
[2024-09-06T17:45:51.922+0000] {core_li.py:23} INFO - Successfully updated job requisition 66db04abbf0a19d8769e74ea
[2024-09-06T17:45:51.935+0000] {core_li.py:23} INFO - Successfully updated job requisition 66db04abbf0a19d8769e74ec
[2024-09-06T17:45:51.944+0000] {core_li.py:23} INFO - Successfully updated job requisition 66db04abbf0a19d8769e74ee
[2024-09-06T17:45:51.951+0000] {core_li.py:23} INFO - Successfully updated job requisition 66db04abbf0a19d8769e74f0
[2024-09-06T17:45:51.959+0000] {core_li.py:23} INFO - Successfully updated job requisition 66db04abbf0a19d8769e74f2
[2024-09-06T17:45:51.967+0000] {core_li.py:23} INFO - Successfully updated job requisition 66db04abbf0a19d8769e74f4
[2024-09-06T17:45:51.974+0000] {core_li.py:23} INFO - Successfully updated job requisition 66db04abbf0a19d8769e74f6
[2024-09-06T17:45:51.980+0000] {core_li.py:23} INFO - Successfully updated job requisition 66db04abbf0a19d8769e74f8
[2024-09-06T17:45:51.987+0000] {core_li.py:23} INFO - Successfully updated job requisition 66db04abbf0a19d8769e74fa
[2024-09-06T17:45:51.993+0000] {core_li.py:23} INFO - Successfully updated job requisition 66db04abbf0a19d8769e74fc
[2024-09-06T17:45:52.001+0000] {core_li.py:23} INFO - Successfully updated job requisition 66db04abbf0a19d8769e74fe
[2024-09-06T17:45:52.007+0000] {core_li.py:23} INFO - Successfully updated job requisition 66db04abbf0a19d8769e7500
[2024-09-06T17:45:52.016+0000] {core_li.py:23} INFO - Successfully updated job requisition 66db04abbf0a19d8769e7502
[2024-09-06T17:45:52.026+0000] {core_li.py:23} INFO - Successfully updated job requisition 66db04abbf0a19d8769e7504
[2024-09-06T17:45:52.034+0000] {core_li.py:23} INFO - Successfully updated job requisition 66db04abbf0a19d8769e7506
[2024-09-06T17:45:52.041+0000] {core_li.py:23} INFO - Successfully updated job requisition 66db04abbf0a19d8769e7508
[2024-09-06T17:45:52.050+0000] {core_li.py:23} INFO - Successfully updated job requisition 66db04abbf0a19d8769e750a
[2024-09-06T17:45:52.058+0000] {core_li.py:23} INFO - Successfully updated job requisition 66db04abbf0a19d8769e750c
[2024-09-06T17:45:52.068+0000] {core_li.py:23} INFO - Successfully updated job requisition 66db04abbf0a19d8769e750e
[2024-09-06T17:45:52.076+0000] {core_li.py:23} INFO - Successfully updated job requisition 66db04abbf0a19d8769e7510
[2024-09-06T17:45:52.092+0000] {core_li.py:23} INFO - Successfully updated job requisition 66db04abbf0a19d8769e7512
[2024-09-06T17:45:52.100+0000] {core_li.py:23} INFO - Successfully updated job requisition 66db04abbf0a19d8769e7514
[2024-09-06T17:45:52.107+0000] {core_li.py:23} INFO - Successfully updated job requisition 66db04abbf0a19d8769e7516
[2024-09-06T17:45:52.115+0000] {core_li.py:23} INFO - Successfully updated job requisition 66db04abbf0a19d8769e7518
[2024-09-06T17:45:52.126+0000] {core_li.py:23} INFO - Successfully updated job requisition 66db04abbf0a19d8769e751a
[2024-09-06T17:45:52.134+0000] {core_li.py:23} INFO - Successfully updated job requisition 66db04abbf0a19d8769e751c
[2024-09-06T17:45:52.141+0000] {core_li.py:23} INFO - Successfully updated job requisition 66db04abbf0a19d8769e751e
[2024-09-06T17:45:52.148+0000] {core_li.py:23} INFO - Successfully updated job requisition 66db04abbf0a19d8769e7520
[2024-09-06T17:45:52.156+0000] {core_li.py:23} INFO - Successfully updated job requisition 66db04abbf0a19d8769e7522
[2024-09-06T17:45:52.163+0000] {core_li.py:23} INFO - Successfully updated job requisition 66db04abbf0a19d8769e7524
[2024-09-06T17:45:52.171+0000] {core_li.py:23} INFO - Successfully updated job requisition 66db04abbf0a19d8769e7526
[2024-09-06T17:45:52.178+0000] {core_li.py:23} INFO - Successfully updated job requisition 66db04abbf0a19d8769e7528
[2024-09-06T17:45:52.179+0000] {python.py:240} INFO - Done. Returned value was: 100
[2024-09-06T17:45:52.196+0000] {taskinstance.py:340} INFO - ::group::Post task execution logs
[2024-09-06T17:45:52.196+0000] {taskinstance.py:352} INFO - Marking task as SUCCESS. dag_id=async_flow, task_id=task_backfill_number_of_cancelled_candidates_in_batch, run_id=manual__2024-09-06T17:29:39.458358+00:00, map_index=16, execution_date=20240906T172939, start_date=20240906T174551, end_date=20240906T174552
[2024-09-06T17:45:52.216+0000] {local_task_job_runner.py:266} INFO - Task exited with return code 0
[2024-09-06T17:45:52.236+0000] {taskinstance.py:3900} INFO - 0 downstream tasks scheduled from follow-on schedule check
[2024-09-06T17:45:52.237+0000] {local_task_job_runner.py:245} INFO - ::endgroup::
