[2024-09-06T17:45:53.664+0000] {local_task_job_runner.py:123} INFO - ::group::Pre task execution logs
[2024-09-06T17:45:53.686+0000] {taskinstance.py:2612} INFO - Dependencies all met for dep_context=non-requeueable deps ti=<TaskInstance: async_flow.task_backfill_number_of_cancelled_candidates_in_batch manual__2024-09-06T17:29:39.458358+00:00 map_index=42 [queued]>
[2024-09-06T17:45:53.703+0000] {taskinstance.py:2612} INFO - Dependencies all met for dep_context=requeueable deps ti=<TaskInstance: async_flow.task_backfill_number_of_cancelled_candidates_in_batch manual__2024-09-06T17:29:39.458358+00:00 map_index=42 [queued]>
[2024-09-06T17:45:53.704+0000] {taskinstance.py:2865} INFO - Starting attempt 2 of 2
[2024-09-06T17:45:53.745+0000] {taskinstance.py:2888} INFO - Executing <Mapped(_PythonDecoratedOperator): task_backfill_number_of_cancelled_candidates_in_batch> on 2024-09-06 17:29:39.458358+00:00
[2024-09-06T17:45:53.750+0000] {warnings.py:112} WARNING - /home/***/.local/lib/python3.12/site-packages/***/task/task_runner/standard_task_runner.py:70: DeprecationWarning: This process (pid=616) is multi-threaded, use of fork() may lead to deadlocks in the child.
  pid = os.fork()

[2024-09-06T17:45:53.753+0000] {standard_task_runner.py:72} INFO - Started process 682 to run task
[2024-09-06T17:45:53.755+0000] {standard_task_runner.py:104} INFO - Running: ['***', 'tasks', 'run', 'async_flow', 'task_backfill_number_of_cancelled_candidates_in_batch', 'manual__2024-09-06T17:29:39.458358+00:00', '--job-id', '264', '--raw', '--subdir', 'DAGS_FOLDER/dags_async_flow.py', '--cfg-path', '/tmp/tmpv_kv3oo2', '--map-index', '42']
[2024-09-06T17:45:53.758+0000] {standard_task_runner.py:105} INFO - Job 264: Subtask task_backfill_number_of_cancelled_candidates_in_batch
[2024-09-06T17:45:53.811+0000] {task_command.py:467} INFO - Running <TaskInstance: async_flow.task_backfill_number_of_cancelled_candidates_in_batch manual__2024-09-06T17:29:39.458358+00:00 map_index=42 [running]> on host 0817eb6c24af
[2024-09-06T17:45:53.896+0000] {taskinstance.py:3131} INFO - Exporting env vars: AIRFLOW_CTX_DAG_OWNER='***' AIRFLOW_CTX_DAG_ID='async_flow' AIRFLOW_CTX_TASK_ID='task_backfill_number_of_cancelled_candidates_in_batch' AIRFLOW_CTX_EXECUTION_DATE='2024-09-06T17:29:39.458358+00:00' AIRFLOW_CTX_TRY_NUMBER='2' AIRFLOW_CTX_DAG_RUN_ID='manual__2024-09-06T17:29:39.458358+00:00'
[2024-09-06T17:45:53.905+0000] {taskinstance.py:731} INFO - ::endgroup::
[2024-09-06T17:45:53.930+0000] {core_li.py:23} INFO - Successfully updated job requisition 66db04abbf0a19d8769e6c92
[2024-09-06T17:45:53.944+0000] {core_li.py:23} INFO - Successfully updated job requisition 66db04abbf0a19d8769e6c94
[2024-09-06T17:45:53.958+0000] {core_li.py:23} INFO - Successfully updated job requisition 66db04abbf0a19d8769e6c96
[2024-09-06T17:45:53.979+0000] {core_li.py:23} INFO - Successfully updated job requisition 66db04abbf0a19d8769e6c98
[2024-09-06T17:45:53.988+0000] {core_li.py:23} INFO - Successfully updated job requisition 66db04abbf0a19d8769e6c9a
[2024-09-06T17:45:54.008+0000] {core_li.py:23} INFO - Successfully updated job requisition 66db04abbf0a19d8769e6c9c
[2024-09-06T17:45:54.026+0000] {core_li.py:23} INFO - Successfully updated job requisition 66db04abbf0a19d8769e6c9e
[2024-09-06T17:45:54.042+0000] {core_li.py:23} INFO - Successfully updated job requisition 66db04abbf0a19d8769e6ca0
[2024-09-06T17:45:54.060+0000] {core_li.py:23} INFO - Successfully updated job requisition 66db04abbf0a19d8769e6ca2
[2024-09-06T17:45:54.084+0000] {core_li.py:23} INFO - Successfully updated job requisition 66db04abbf0a19d8769e6ca4
[2024-09-06T17:45:54.104+0000] {core_li.py:23} INFO - Successfully updated job requisition 66db04abbf0a19d8769e6ca6
[2024-09-06T17:45:54.117+0000] {core_li.py:23} INFO - Successfully updated job requisition 66db04abbf0a19d8769e6ca8
[2024-09-06T17:45:54.125+0000] {core_li.py:23} INFO - Successfully updated job requisition 66db04abbf0a19d8769e6caa
[2024-09-06T17:45:54.138+0000] {core_li.py:23} INFO - Successfully updated job requisition 66db04abbf0a19d8769e6cac
[2024-09-06T17:45:54.147+0000] {core_li.py:23} INFO - Successfully updated job requisition 66db04abbf0a19d8769e6cae
[2024-09-06T17:45:54.157+0000] {core_li.py:23} INFO - Successfully updated job requisition 66db04abbf0a19d8769e6cb0
[2024-09-06T17:45:54.175+0000] {core_li.py:23} INFO - Successfully updated job requisition 66db04abbf0a19d8769e6cb2
[2024-09-06T17:45:54.183+0000] {core_li.py:23} INFO - Successfully updated job requisition 66db04abbf0a19d8769e6cb4
[2024-09-06T17:45:54.190+0000] {core_li.py:23} INFO - Successfully updated job requisition 66db04abbf0a19d8769e6cb6
[2024-09-06T17:45:54.195+0000] {core_li.py:23} INFO - Successfully updated job requisition 66db04abbf0a19d8769e6cb8
[2024-09-06T17:45:54.203+0000] {core_li.py:23} INFO - Successfully updated job requisition 66db04abbf0a19d8769e6cba
[2024-09-06T17:45:54.209+0000] {core_li.py:23} INFO - Successfully updated job requisition 66db04abbf0a19d8769e6cbc
[2024-09-06T17:45:54.223+0000] {core_li.py:23} INFO - Successfully updated job requisition 66db04abbf0a19d8769e6cbe
[2024-09-06T17:45:54.231+0000] {core_li.py:23} INFO - Successfully updated job requisition 66db04abbf0a19d8769e6cc0
[2024-09-06T17:45:54.238+0000] {core_li.py:23} INFO - Successfully updated job requisition 66db04abbf0a19d8769e6cc2
[2024-09-06T17:45:54.243+0000] {core_li.py:23} INFO - Successfully updated job requisition 66db04abbf0a19d8769e6cc4
[2024-09-06T17:45:54.252+0000] {core_li.py:23} INFO - Successfully updated job requisition 66db04abbf0a19d8769e6cc6
[2024-09-06T17:45:54.259+0000] {core_li.py:23} INFO - Successfully updated job requisition 66db04abbf0a19d8769e6cc8
[2024-09-06T17:45:54.267+0000] {core_li.py:23} INFO - Successfully updated job requisition 66db04abbf0a19d8769e6cca
[2024-09-06T17:45:54.274+0000] {core_li.py:23} INFO - Successfully updated job requisition 66db04abbf0a19d8769e6ccc
[2024-09-06T17:45:54.279+0000] {core_li.py:23} INFO - Successfully updated job requisition 66db04abbf0a19d8769e6cce
[2024-09-06T17:45:54.287+0000] {core_li.py:23} INFO - Successfully updated job requisition 66db04abbf0a19d8769e6cd0
[2024-09-06T17:45:54.293+0000] {core_li.py:23} INFO - Successfully updated job requisition 66db04abbf0a19d8769e6cd2
[2024-09-06T17:45:54.300+0000] {core_li.py:23} INFO - Successfully updated job requisition 66db04abbf0a19d8769e6cd4
[2024-09-06T17:45:54.306+0000] {core_li.py:23} INFO - Successfully updated job requisition 66db04abbf0a19d8769e6cd6
[2024-09-06T17:45:54.315+0000] {core_li.py:23} INFO - Successfully updated job requisition 66db04abbf0a19d8769e6cd8
[2024-09-06T17:45:54.322+0000] {core_li.py:23} INFO - Successfully updated job requisition 66db04abbf0a19d8769e6cda
[2024-09-06T17:45:54.329+0000] {core_li.py:23} INFO - Successfully updated job requisition 66db04abbf0a19d8769e6cdc
[2024-09-06T17:45:54.338+0000] {core_li.py:23} INFO - Successfully updated job requisition 66db04abbf0a19d8769e6cde
[2024-09-06T17:45:54.345+0000] {core_li.py:23} INFO - Successfully updated job requisition 66db04abbf0a19d8769e6ce0
[2024-09-06T17:45:54.352+0000] {core_li.py:23} INFO - Successfully updated job requisition 66db04abbf0a19d8769e6ce2
[2024-09-06T17:45:54.359+0000] {core_li.py:23} INFO - Successfully updated job requisition 66db04abbf0a19d8769e6ce4
[2024-09-06T17:45:54.367+0000] {core_li.py:23} INFO - Successfully updated job requisition 66db04abbf0a19d8769e6ce6
[2024-09-06T17:45:54.375+0000] {core_li.py:23} INFO - Successfully updated job requisition 66db04abbf0a19d8769e6ce8
[2024-09-06T17:45:54.381+0000] {core_li.py:23} INFO - Successfully updated job requisition 66db04abbf0a19d8769e6cea
[2024-09-06T17:45:54.388+0000] {core_li.py:23} INFO - Successfully updated job requisition 66db04abbf0a19d8769e6cec
[2024-09-06T17:45:54.395+0000] {core_li.py:23} INFO - Successfully updated job requisition 66db04abbf0a19d8769e6cee
[2024-09-06T17:45:54.402+0000] {core_li.py:23} INFO - Successfully updated job requisition 66db04abbf0a19d8769e6cf0
[2024-09-06T17:45:54.417+0000] {core_li.py:23} INFO - Successfully updated job requisition 66db04abbf0a19d8769e6cf2
[2024-09-06T17:45:54.426+0000] {core_li.py:23} INFO - Successfully updated job requisition 66db04abbf0a19d8769e6cf4
[2024-09-06T17:45:54.436+0000] {core_li.py:23} INFO - Successfully updated job requisition 66db04abbf0a19d8769e6cf6
[2024-09-06T17:45:54.442+0000] {core_li.py:23} INFO - Successfully updated job requisition 66db04abbf0a19d8769e6cf8
[2024-09-06T17:45:54.451+0000] {core_li.py:23} INFO - Successfully updated job requisition 66db04abbf0a19d8769e6cfa
[2024-09-06T17:45:54.460+0000] {core_li.py:23} INFO - Successfully updated job requisition 66db04abbf0a19d8769e6cfc
[2024-09-06T17:45:54.468+0000] {core_li.py:23} INFO - Successfully updated job requisition 66db04abbf0a19d8769e6cfe
[2024-09-06T17:45:54.476+0000] {core_li.py:23} INFO - Successfully updated job requisition 66db04abbf0a19d8769e6d00
[2024-09-06T17:45:54.482+0000] {core_li.py:23} INFO - Successfully updated job requisition 66db04abbf0a19d8769e6d02
[2024-09-06T17:45:54.490+0000] {core_li.py:23} INFO - Successfully updated job requisition 66db04abbf0a19d8769e6d04
[2024-09-06T17:45:54.498+0000] {core_li.py:23} INFO - Successfully updated job requisition 66db04abbf0a19d8769e6d06
[2024-09-06T17:45:54.506+0000] {core_li.py:23} INFO - Successfully updated job requisition 66db04abbf0a19d8769e6d08
[2024-09-06T17:45:54.516+0000] {core_li.py:23} INFO - Successfully updated job requisition 66db04abbf0a19d8769e6d0a
[2024-09-06T17:45:54.525+0000] {core_li.py:23} INFO - Successfully updated job requisition 66db04abbf0a19d8769e6d0c
[2024-09-06T17:45:54.535+0000] {core_li.py:23} INFO - Successfully updated job requisition 66db04abbf0a19d8769e6d0e
[2024-09-06T17:45:54.544+0000] {core_li.py:23} INFO - Successfully updated job requisition 66db04abbf0a19d8769e6d10
[2024-09-06T17:45:54.553+0000] {core_li.py:23} INFO - Successfully updated job requisition 66db04abbf0a19d8769e6d12
[2024-09-06T17:45:54.564+0000] {core_li.py:23} INFO - Successfully updated job requisition 66db04abbf0a19d8769e6d14
[2024-09-06T17:45:54.575+0000] {core_li.py:23} INFO - Successfully updated job requisition 66db04abbf0a19d8769e6d16
[2024-09-06T17:45:54.590+0000] {core_li.py:23} INFO - Successfully updated job requisition 66db04abbf0a19d8769e6d18
[2024-09-06T17:45:54.601+0000] {core_li.py:23} INFO - Successfully updated job requisition 66db04abbf0a19d8769e6d1a
[2024-09-06T17:45:54.611+0000] {core_li.py:23} INFO - Successfully updated job requisition 66db04abbf0a19d8769e6d1c
[2024-09-06T17:45:54.627+0000] {core_li.py:23} INFO - Successfully updated job requisition 66db04abbf0a19d8769e6d1e
[2024-09-06T17:45:54.634+0000] {core_li.py:23} INFO - Successfully updated job requisition 66db04abbf0a19d8769e6d20
[2024-09-06T17:45:54.641+0000] {core_li.py:23} INFO - Successfully updated job requisition 66db04abbf0a19d8769e6d22
[2024-09-06T17:45:54.652+0000] {core_li.py:23} INFO - Successfully updated job requisition 66db04abbf0a19d8769e6d24
[2024-09-06T17:45:54.666+0000] {core_li.py:23} INFO - Successfully updated job requisition 66db04abbf0a19d8769e6d26
[2024-09-06T17:45:54.680+0000] {core_li.py:23} INFO - Successfully updated job requisition 66db04abbf0a19d8769e6d28
[2024-09-06T17:45:54.691+0000] {core_li.py:23} INFO - Successfully updated job requisition 66db04abbf0a19d8769e6d2a
[2024-09-06T17:45:54.698+0000] {core_li.py:23} INFO - Successfully updated job requisition 66db04abbf0a19d8769e6d2c
[2024-09-06T17:45:54.706+0000] {core_li.py:23} INFO - Successfully updated job requisition 66db04abbf0a19d8769e6d2e
[2024-09-06T17:45:54.715+0000] {core_li.py:23} INFO - Successfully updated job requisition 66db04abbf0a19d8769e6d30
[2024-09-06T17:45:54.730+0000] {core_li.py:23} INFO - Successfully updated job requisition 66db04abbf0a19d8769e6d32
[2024-09-06T17:45:54.740+0000] {core_li.py:23} INFO - Successfully updated job requisition 66db04abbf0a19d8769e6d34
[2024-09-06T17:45:54.751+0000] {core_li.py:23} INFO - Successfully updated job requisition 66db04abbf0a19d8769e6d36
[2024-09-06T17:45:54.762+0000] {core_li.py:23} INFO - Successfully updated job requisition 66db04abbf0a19d8769e6d38
[2024-09-06T17:45:54.771+0000] {core_li.py:23} INFO - Successfully updated job requisition 66db04abbf0a19d8769e6d3a
[2024-09-06T17:45:54.781+0000] {core_li.py:23} INFO - Successfully updated job requisition 66db04abbf0a19d8769e6d3c
[2024-09-06T17:45:54.788+0000] {core_li.py:23} INFO - Successfully updated job requisition 66db04abbf0a19d8769e6d3e
[2024-09-06T17:45:54.799+0000] {core_li.py:23} INFO - Successfully updated job requisition 66db04abbf0a19d8769e6d40
[2024-09-06T17:45:54.809+0000] {core_li.py:23} INFO - Successfully updated job requisition 66db04abbf0a19d8769e6d42
[2024-09-06T17:45:54.817+0000] {core_li.py:23} INFO - Successfully updated job requisition 66db04abbf0a19d8769e6d44
[2024-09-06T17:45:54.830+0000] {core_li.py:23} INFO - Successfully updated job requisition 66db04abbf0a19d8769e6d46
[2024-09-06T17:45:54.836+0000] {core_li.py:23} INFO - Successfully updated job requisition 66db04abbf0a19d8769e6d48
[2024-09-06T17:45:54.847+0000] {core_li.py:23} INFO - Successfully updated job requisition 66db04abbf0a19d8769e6d4a
[2024-09-06T17:45:54.858+0000] {core_li.py:23} INFO - Successfully updated job requisition 66db04abbf0a19d8769e6d4c
[2024-09-06T17:45:54.866+0000] {core_li.py:23} INFO - Successfully updated job requisition 66db04abbf0a19d8769e6d4e
[2024-09-06T17:45:54.874+0000] {core_li.py:23} INFO - Successfully updated job requisition 66db04abbf0a19d8769e6d50
[2024-09-06T17:45:54.883+0000] {core_li.py:23} INFO - Successfully updated job requisition 66db04abbf0a19d8769e6d52
[2024-09-06T17:45:54.896+0000] {core_li.py:23} INFO - Successfully updated job requisition 66db04abbf0a19d8769e6d54
[2024-09-06T17:45:54.911+0000] {core_li.py:23} INFO - Successfully updated job requisition 66db04abbf0a19d8769e6d56
[2024-09-06T17:45:54.924+0000] {core_li.py:23} INFO - Successfully updated job requisition 66db04abbf0a19d8769e6d58
[2024-09-06T17:45:54.927+0000] {python.py:240} INFO - Done. Returned value was: 100
[2024-09-06T17:45:54.951+0000] {taskinstance.py:340} INFO - ::group::Post task execution logs
[2024-09-06T17:45:54.952+0000] {taskinstance.py:352} INFO - Marking task as SUCCESS. dag_id=async_flow, task_id=task_backfill_number_of_cancelled_candidates_in_batch, run_id=manual__2024-09-06T17:29:39.458358+00:00, map_index=42, execution_date=20240906T172939, start_date=20240906T174553, end_date=20240906T174554
[2024-09-06T17:45:55.004+0000] {local_task_job_runner.py:266} INFO - Task exited with return code 0
[2024-09-06T17:45:55.042+0000] {taskinstance.py:3900} INFO - 0 downstream tasks scheduled from follow-on schedule check
[2024-09-06T17:45:55.044+0000] {local_task_job_runner.py:245} INFO - ::endgroup::
