[2024-09-06T17:29:48.193+0000] {local_task_job_runner.py:123} INFO - ::group::Pre task execution logs
[2024-09-06T17:29:48.213+0000] {taskinstance.py:2612} INFO - Dependencies all met for dep_context=non-requeueable deps ti=<TaskInstance: async_flow.task_backfill_number_of_cancelled_candidates_in_batch manual__2024-09-06T17:29:39.458358+00:00 map_index=42 [queued]>
[2024-09-06T17:29:48.231+0000] {taskinstance.py:2612} INFO - Dependencies all met for dep_context=requeueable deps ti=<TaskInstance: async_flow.task_backfill_number_of_cancelled_candidates_in_batch manual__2024-09-06T17:29:39.458358+00:00 map_index=42 [queued]>
[2024-09-06T17:29:48.232+0000] {taskinstance.py:2865} INFO - Starting attempt 1 of 1
[2024-09-06T17:29:48.249+0000] {taskinstance.py:2888} INFO - Executing <Mapped(_PythonDecoratedOperator): task_backfill_number_of_cancelled_candidates_in_batch> on 2024-09-06 17:29:39.458358+00:00
[2024-09-06T17:29:48.256+0000] {warnings.py:112} WARNING - /home/***/.local/lib/python3.12/site-packages/***/task/task_runner/standard_task_runner.py:70: DeprecationWarning: This process (pid=3320) is multi-threaded, use of fork() may lead to deadlocks in the child.
  pid = os.fork()

[2024-09-06T17:29:48.257+0000] {standard_task_runner.py:72} INFO - Started process 3402 to run task
[2024-09-06T17:29:48.261+0000] {standard_task_runner.py:104} INFO - Running: ['***', 'tasks', 'run', 'async_flow', 'task_backfill_number_of_cancelled_candidates_in_batch', 'manual__2024-09-06T17:29:39.458358+00:00', '--job-id', '166', '--raw', '--subdir', 'DAGS_FOLDER/dags_async_flow.py', '--cfg-path', '/tmp/tmphcm6ljnv', '--map-index', '42']
[2024-09-06T17:29:48.264+0000] {standard_task_runner.py:105} INFO - Job 166: Subtask task_backfill_number_of_cancelled_candidates_in_batch
[2024-09-06T17:29:48.316+0000] {task_command.py:467} INFO - Running <TaskInstance: async_flow.task_backfill_number_of_cancelled_candidates_in_batch manual__2024-09-06T17:29:39.458358+00:00 map_index=42 [running]> on host a3a5f1897683
[2024-09-06T17:29:48.456+0000] {taskinstance.py:3131} INFO - Exporting env vars: AIRFLOW_CTX_DAG_OWNER='***' AIRFLOW_CTX_DAG_ID='async_flow' AIRFLOW_CTX_TASK_ID='task_backfill_number_of_cancelled_candidates_in_batch' AIRFLOW_CTX_EXECUTION_DATE='2024-09-06T17:29:39.458358+00:00' AIRFLOW_CTX_TRY_NUMBER='1' AIRFLOW_CTX_DAG_RUN_ID='manual__2024-09-06T17:29:39.458358+00:00'
[2024-09-06T17:29:48.458+0000] {taskinstance.py:731} INFO - ::endgroup::
[2024-09-06T17:29:48.469+0000] {core_li.py:23} INFO - Successfully updated job requisition 66db04abbf0a19d8769e6c92
[2024-09-06T17:29:48.477+0000] {core_li.py:23} INFO - Successfully updated job requisition 66db04abbf0a19d8769e6c94
[2024-09-06T17:29:48.486+0000] {core_li.py:23} INFO - Successfully updated job requisition 66db04abbf0a19d8769e6c96
[2024-09-06T17:29:48.495+0000] {core_li.py:23} INFO - Successfully updated job requisition 66db04abbf0a19d8769e6c98
[2024-09-06T17:29:48.505+0000] {core_li.py:23} INFO - Successfully updated job requisition 66db04abbf0a19d8769e6c9a
[2024-09-06T17:29:48.513+0000] {core_li.py:23} INFO - Successfully updated job requisition 66db04abbf0a19d8769e6c9c
[2024-09-06T17:29:48.529+0000] {core_li.py:23} INFO - Successfully updated job requisition 66db04abbf0a19d8769e6c9e
[2024-09-06T17:29:48.543+0000] {core_li.py:23} INFO - Successfully updated job requisition 66db04abbf0a19d8769e6ca0
[2024-09-06T17:29:48.552+0000] {core_li.py:23} INFO - Successfully updated job requisition 66db04abbf0a19d8769e6ca2
[2024-09-06T17:29:48.568+0000] {core_li.py:23} INFO - Successfully updated job requisition 66db04abbf0a19d8769e6ca4
[2024-09-06T17:29:48.586+0000] {core_li.py:23} INFO - Successfully updated job requisition 66db04abbf0a19d8769e6ca6
[2024-09-06T17:29:48.600+0000] {core_li.py:23} INFO - Successfully updated job requisition 66db04abbf0a19d8769e6ca8
[2024-09-06T17:29:48.648+0000] {core_li.py:23} INFO - Successfully updated job requisition 66db04abbf0a19d8769e6caa
[2024-09-06T17:29:48.660+0000] {core_li.py:23} INFO - Successfully updated job requisition 66db04abbf0a19d8769e6cac
[2024-09-06T17:29:48.673+0000] {core_li.py:23} INFO - Successfully updated job requisition 66db04abbf0a19d8769e6cae
[2024-09-06T17:29:48.695+0000] {core_li.py:23} INFO - Successfully updated job requisition 66db04abbf0a19d8769e6cb0
[2024-09-06T17:29:48.704+0000] {core_li.py:23} INFO - Successfully updated job requisition 66db04abbf0a19d8769e6cb2
[2024-09-06T17:29:48.713+0000] {core_li.py:23} INFO - Successfully updated job requisition 66db04abbf0a19d8769e6cb4
[2024-09-06T17:29:48.722+0000] {core_li.py:23} INFO - Successfully updated job requisition 66db04abbf0a19d8769e6cb6
[2024-09-06T17:29:48.733+0000] {core_li.py:23} INFO - Successfully updated job requisition 66db04abbf0a19d8769e6cb8
[2024-09-06T17:29:48.745+0000] {core_li.py:23} INFO - Successfully updated job requisition 66db04abbf0a19d8769e6cba
[2024-09-06T17:29:48.753+0000] {core_li.py:23} INFO - Successfully updated job requisition 66db04abbf0a19d8769e6cbc
[2024-09-06T17:29:48.765+0000] {core_li.py:23} INFO - Successfully updated job requisition 66db04abbf0a19d8769e6cbe
[2024-09-06T17:29:48.777+0000] {core_li.py:23} INFO - Successfully updated job requisition 66db04abbf0a19d8769e6cc0
[2024-09-06T17:29:48.784+0000] {core_li.py:23} INFO - Successfully updated job requisition 66db04abbf0a19d8769e6cc2
[2024-09-06T17:29:48.791+0000] {core_li.py:23} INFO - Successfully updated job requisition 66db04abbf0a19d8769e6cc4
[2024-09-06T17:29:48.799+0000] {core_li.py:23} INFO - Successfully updated job requisition 66db04abbf0a19d8769e6cc6
[2024-09-06T17:29:48.806+0000] {core_li.py:23} INFO - Successfully updated job requisition 66db04abbf0a19d8769e6cc8
[2024-09-06T17:29:48.820+0000] {core_li.py:23} INFO - Successfully updated job requisition 66db04abbf0a19d8769e6cca
[2024-09-06T17:29:48.828+0000] {core_li.py:23} INFO - Successfully updated job requisition 66db04abbf0a19d8769e6ccc
[2024-09-06T17:29:48.835+0000] {core_li.py:23} INFO - Successfully updated job requisition 66db04abbf0a19d8769e6cce
[2024-09-06T17:29:48.849+0000] {core_li.py:23} INFO - Successfully updated job requisition 66db04abbf0a19d8769e6cd0
[2024-09-06T17:29:48.856+0000] {core_li.py:23} INFO - Successfully updated job requisition 66db04abbf0a19d8769e6cd2
[2024-09-06T17:29:48.863+0000] {core_li.py:23} INFO - Successfully updated job requisition 66db04abbf0a19d8769e6cd4
[2024-09-06T17:29:48.870+0000] {core_li.py:23} INFO - Successfully updated job requisition 66db04abbf0a19d8769e6cd6
[2024-09-06T17:29:48.877+0000] {core_li.py:23} INFO - Successfully updated job requisition 66db04abbf0a19d8769e6cd8
[2024-09-06T17:29:48.885+0000] {core_li.py:23} INFO - Successfully updated job requisition 66db04abbf0a19d8769e6cda
[2024-09-06T17:29:48.891+0000] {core_li.py:23} INFO - Successfully updated job requisition 66db04abbf0a19d8769e6cdc
[2024-09-06T17:29:48.901+0000] {core_li.py:23} INFO - Successfully updated job requisition 66db04abbf0a19d8769e6cde
[2024-09-06T17:29:48.909+0000] {core_li.py:23} INFO - Successfully updated job requisition 66db04abbf0a19d8769e6ce0
[2024-09-06T17:29:48.916+0000] {core_li.py:23} INFO - Successfully updated job requisition 66db04abbf0a19d8769e6ce2
[2024-09-06T17:29:48.924+0000] {core_li.py:23} INFO - Successfully updated job requisition 66db04abbf0a19d8769e6ce4
[2024-09-06T17:29:48.934+0000] {core_li.py:23} INFO - Successfully updated job requisition 66db04abbf0a19d8769e6ce6
[2024-09-06T17:29:48.942+0000] {core_li.py:23} INFO - Successfully updated job requisition 66db04abbf0a19d8769e6ce8
[2024-09-06T17:29:48.948+0000] {core_li.py:23} INFO - Successfully updated job requisition 66db04abbf0a19d8769e6cea
[2024-09-06T17:29:48.955+0000] {core_li.py:23} INFO - Successfully updated job requisition 66db04abbf0a19d8769e6cec
[2024-09-06T17:29:48.965+0000] {core_li.py:23} INFO - Successfully updated job requisition 66db04abbf0a19d8769e6cee
[2024-09-06T17:29:48.976+0000] {core_li.py:23} INFO - Successfully updated job requisition 66db04abbf0a19d8769e6cf0
[2024-09-06T17:29:48.990+0000] {core_li.py:23} INFO - Successfully updated job requisition 66db04abbf0a19d8769e6cf2
[2024-09-06T17:29:48.998+0000] {core_li.py:23} INFO - Successfully updated job requisition 66db04abbf0a19d8769e6cf4
[2024-09-06T17:29:49.006+0000] {core_li.py:23} INFO - Successfully updated job requisition 66db04abbf0a19d8769e6cf6
[2024-09-06T17:29:49.013+0000] {core_li.py:23} INFO - Successfully updated job requisition 66db04abbf0a19d8769e6cf8
[2024-09-06T17:29:49.024+0000] {core_li.py:23} INFO - Successfully updated job requisition 66db04abbf0a19d8769e6cfa
[2024-09-06T17:29:49.032+0000] {core_li.py:23} INFO - Successfully updated job requisition 66db04abbf0a19d8769e6cfc
[2024-09-06T17:29:49.040+0000] {core_li.py:23} INFO - Successfully updated job requisition 66db04abbf0a19d8769e6cfe
[2024-09-06T17:29:49.051+0000] {core_li.py:23} INFO - Successfully updated job requisition 66db04abbf0a19d8769e6d00
[2024-09-06T17:29:49.058+0000] {core_li.py:23} INFO - Successfully updated job requisition 66db04abbf0a19d8769e6d02
[2024-09-06T17:29:49.066+0000] {core_li.py:23} INFO - Successfully updated job requisition 66db04abbf0a19d8769e6d04
[2024-09-06T17:29:49.072+0000] {core_li.py:23} INFO - Successfully updated job requisition 66db04abbf0a19d8769e6d06
[2024-09-06T17:29:49.082+0000] {core_li.py:23} INFO - Successfully updated job requisition 66db04abbf0a19d8769e6d08
[2024-09-06T17:29:49.091+0000] {core_li.py:23} INFO - Successfully updated job requisition 66db04abbf0a19d8769e6d0a
[2024-09-06T17:29:49.097+0000] {core_li.py:23} INFO - Successfully updated job requisition 66db04abbf0a19d8769e6d0c
[2024-09-06T17:29:49.105+0000] {core_li.py:23} INFO - Successfully updated job requisition 66db04abbf0a19d8769e6d0e
[2024-09-06T17:29:49.114+0000] {core_li.py:23} INFO - Successfully updated job requisition 66db04abbf0a19d8769e6d10
[2024-09-06T17:29:49.122+0000] {core_li.py:23} INFO - Successfully updated job requisition 66db04abbf0a19d8769e6d12
[2024-09-06T17:29:49.132+0000] {core_li.py:23} INFO - Successfully updated job requisition 66db04abbf0a19d8769e6d14
[2024-09-06T17:29:49.142+0000] {core_li.py:23} INFO - Successfully updated job requisition 66db04abbf0a19d8769e6d16
[2024-09-06T17:29:49.151+0000] {core_li.py:23} INFO - Successfully updated job requisition 66db04abbf0a19d8769e6d18
[2024-09-06T17:29:49.158+0000] {core_li.py:23} INFO - Successfully updated job requisition 66db04abbf0a19d8769e6d1a
[2024-09-06T17:29:49.167+0000] {core_li.py:23} INFO - Successfully updated job requisition 66db04abbf0a19d8769e6d1c
[2024-09-06T17:29:49.174+0000] {core_li.py:23} INFO - Successfully updated job requisition 66db04abbf0a19d8769e6d1e
[2024-09-06T17:29:49.184+0000] {core_li.py:23} INFO - Successfully updated job requisition 66db04abbf0a19d8769e6d20
[2024-09-06T17:29:49.189+0000] {core_li.py:23} INFO - Successfully updated job requisition 66db04abbf0a19d8769e6d22
[2024-09-06T17:29:49.198+0000] {core_li.py:23} INFO - Successfully updated job requisition 66db04abbf0a19d8769e6d24
[2024-09-06T17:29:49.208+0000] {core_li.py:23} INFO - Successfully updated job requisition 66db04abbf0a19d8769e6d26
[2024-09-06T17:29:49.219+0000] {core_li.py:23} INFO - Successfully updated job requisition 66db04abbf0a19d8769e6d28
[2024-09-06T17:29:49.232+0000] {core_li.py:23} INFO - Successfully updated job requisition 66db04abbf0a19d8769e6d2a
[2024-09-06T17:29:49.240+0000] {core_li.py:23} INFO - Successfully updated job requisition 66db04abbf0a19d8769e6d2c
[2024-09-06T17:29:49.251+0000] {core_li.py:23} INFO - Successfully updated job requisition 66db04abbf0a19d8769e6d2e
[2024-09-06T17:29:49.258+0000] {core_li.py:23} INFO - Successfully updated job requisition 66db04abbf0a19d8769e6d30
[2024-09-06T17:29:49.269+0000] {core_li.py:23} INFO - Successfully updated job requisition 66db04abbf0a19d8769e6d32
[2024-09-06T17:29:49.276+0000] {core_li.py:23} INFO - Successfully updated job requisition 66db04abbf0a19d8769e6d34
[2024-09-06T17:29:49.283+0000] {core_li.py:23} INFO - Successfully updated job requisition 66db04abbf0a19d8769e6d36
[2024-09-06T17:29:49.292+0000] {core_li.py:23} INFO - Successfully updated job requisition 66db04abbf0a19d8769e6d38
[2024-09-06T17:29:49.301+0000] {core_li.py:23} INFO - Successfully updated job requisition 66db04abbf0a19d8769e6d3a
[2024-09-06T17:29:49.311+0000] {core_li.py:23} INFO - Successfully updated job requisition 66db04abbf0a19d8769e6d3c
[2024-09-06T17:29:49.318+0000] {core_li.py:23} INFO - Successfully updated job requisition 66db04abbf0a19d8769e6d3e
[2024-09-06T17:29:49.327+0000] {core_li.py:23} INFO - Successfully updated job requisition 66db04abbf0a19d8769e6d40
[2024-09-06T17:29:49.341+0000] {core_li.py:23} INFO - Successfully updated job requisition 66db04abbf0a19d8769e6d42
[2024-09-06T17:29:49.353+0000] {core_li.py:23} INFO - Successfully updated job requisition 66db04abbf0a19d8769e6d44
[2024-09-06T17:29:49.365+0000] {core_li.py:23} INFO - Successfully updated job requisition 66db04abbf0a19d8769e6d46
[2024-09-06T17:29:49.385+0000] {core_li.py:23} INFO - Successfully updated job requisition 66db04abbf0a19d8769e6d48
[2024-09-06T17:29:49.405+0000] {core_li.py:23} INFO - Successfully updated job requisition 66db04abbf0a19d8769e6d4a
[2024-09-06T17:29:49.426+0000] {core_li.py:23} INFO - Successfully updated job requisition 66db04abbf0a19d8769e6d4c
[2024-09-06T17:29:49.438+0000] {core_li.py:23} INFO - Successfully updated job requisition 66db04abbf0a19d8769e6d4e
[2024-09-06T17:29:49.462+0000] {core_li.py:23} INFO - Successfully updated job requisition 66db04abbf0a19d8769e6d50
[2024-09-06T17:29:49.477+0000] {core_li.py:23} INFO - Successfully updated job requisition 66db04abbf0a19d8769e6d52
[2024-09-06T17:29:49.487+0000] {core_li.py:23} INFO - Successfully updated job requisition 66db04abbf0a19d8769e6d54
[2024-09-06T17:29:49.511+0000] {core_li.py:23} INFO - Successfully updated job requisition 66db04abbf0a19d8769e6d56
[2024-09-06T17:29:49.519+0000] {core_li.py:23} INFO - Successfully updated job requisition 66db04abbf0a19d8769e6d58
[2024-09-06T17:29:49.520+0000] {python.py:240} INFO - Done. Returned value was: 100
[2024-09-06T17:29:49.563+0000] {taskinstance.py:340} INFO - ::group::Post task execution logs
[2024-09-06T17:29:49.563+0000] {taskinstance.py:352} INFO - Marking task as SUCCESS. dag_id=async_flow, task_id=task_backfill_number_of_cancelled_candidates_in_batch, run_id=manual__2024-09-06T17:29:39.458358+00:00, map_index=42, execution_date=20240906T172939, start_date=20240906T172948, end_date=20240906T172949
[2024-09-06T17:29:49.631+0000] {local_task_job_runner.py:266} INFO - Task exited with return code 0
[2024-09-06T17:29:49.650+0000] {taskinstance.py:3900} INFO - 0 downstream tasks scheduled from follow-on schedule check
[2024-09-06T17:29:49.654+0000] {local_task_job_runner.py:245} INFO - ::endgroup::
