[2024-09-06T17:43:04.528+0000] {local_task_job_runner.py:123} INFO - ::group::Pre task execution logs
[2024-09-06T17:43:04.565+0000] {taskinstance.py:2612} INFO - Dependencies all met for dep_context=non-requeueable deps ti=<TaskInstance: async_flow.task_backfill_number_of_cancelled_candidates_in_batch manual__2024-09-06T17:43:02.727107+00:00 map_index=8 [queued]>
[2024-09-06T17:43:04.617+0000] {taskinstance.py:2612} INFO - Dependencies all met for dep_context=requeueable deps ti=<TaskInstance: async_flow.task_backfill_number_of_cancelled_candidates_in_batch manual__2024-09-06T17:43:02.727107+00:00 map_index=8 [queued]>
[2024-09-06T17:43:04.619+0000] {taskinstance.py:2865} INFO - Starting attempt 1 of 1
[2024-09-06T17:43:04.663+0000] {taskinstance.py:2888} INFO - Executing <Mapped(_PythonDecoratedOperator): task_backfill_number_of_cancelled_candidates_in_batch> on 2024-09-06 17:43:02.727107+00:00
[2024-09-06T17:43:04.674+0000] {warnings.py:112} WARNING - /home/***/.local/lib/python3.12/site-packages/***/task/task_runner/standard_task_runner.py:70: DeprecationWarning: This process (pid=87) is multi-threaded, use of fork() may lead to deadlocks in the child.
  pid = os.fork()

[2024-09-06T17:43:04.686+0000] {standard_task_runner.py:72} INFO - Started process 166 to run task
[2024-09-06T17:43:04.687+0000] {standard_task_runner.py:104} INFO - Running: ['***', 'tasks', 'run', 'async_flow', 'task_backfill_number_of_cancelled_candidates_in_batch', 'manual__2024-09-06T17:43:02.727107+00:00', '--job-id', '189', '--raw', '--subdir', 'DAGS_FOLDER/dags_async_flow.py', '--cfg-path', '/tmp/tmp9jvjs8ig', '--map-index', '8']
[2024-09-06T17:43:04.693+0000] {standard_task_runner.py:105} INFO - Job 189: Subtask task_backfill_number_of_cancelled_candidates_in_batch
[2024-09-06T17:43:04.940+0000] {task_command.py:467} INFO - Running <TaskInstance: async_flow.task_backfill_number_of_cancelled_candidates_in_batch manual__2024-09-06T17:43:02.727107+00:00 map_index=8 [running]> on host 0817eb6c24af
[2024-09-06T17:43:05.092+0000] {taskinstance.py:3131} INFO - Exporting env vars: AIRFLOW_CTX_DAG_OWNER='***' AIRFLOW_CTX_DAG_ID='async_flow' AIRFLOW_CTX_TASK_ID='task_backfill_number_of_cancelled_candidates_in_batch' AIRFLOW_CTX_EXECUTION_DATE='2024-09-06T17:43:02.727107+00:00' AIRFLOW_CTX_TRY_NUMBER='1' AIRFLOW_CTX_DAG_RUN_ID='manual__2024-09-06T17:43:02.727107+00:00'
[2024-09-06T17:43:05.094+0000] {taskinstance.py:731} INFO - ::endgroup::
[2024-09-06T17:43:05.106+0000] {core_li.py:23} INFO - Successfully updated job requisition 66db04abbf0a19d8769e61a2
[2024-09-06T17:43:05.123+0000] {core_li.py:23} INFO - Successfully updated job requisition 66db04abbf0a19d8769e61a4
[2024-09-06T17:43:05.135+0000] {core_li.py:23} INFO - Successfully updated job requisition 66db04abbf0a19d8769e61a6
[2024-09-06T17:43:05.143+0000] {core_li.py:23} INFO - Successfully updated job requisition 66db04abbf0a19d8769e61a8
[2024-09-06T17:43:05.152+0000] {core_li.py:23} INFO - Successfully updated job requisition 66db04abbf0a19d8769e61aa
[2024-09-06T17:43:05.160+0000] {core_li.py:23} INFO - Successfully updated job requisition 66db04abbf0a19d8769e61ac
[2024-09-06T17:43:05.172+0000] {core_li.py:23} INFO - Successfully updated job requisition 66db04abbf0a19d8769e61ae
[2024-09-06T17:43:05.182+0000] {core_li.py:23} INFO - Successfully updated job requisition 66db04abbf0a19d8769e61b0
[2024-09-06T17:43:05.195+0000] {core_li.py:23} INFO - Successfully updated job requisition 66db04abbf0a19d8769e61b2
[2024-09-06T17:43:05.203+0000] {core_li.py:23} INFO - Successfully updated job requisition 66db04abbf0a19d8769e61b4
[2024-09-06T17:43:05.218+0000] {core_li.py:23} INFO - Successfully updated job requisition 66db04abbf0a19d8769e61b6
[2024-09-06T17:43:05.230+0000] {core_li.py:23} INFO - Successfully updated job requisition 66db04abbf0a19d8769e61b8
[2024-09-06T17:43:05.238+0000] {core_li.py:23} INFO - Successfully updated job requisition 66db04abbf0a19d8769e61ba
[2024-09-06T17:43:05.256+0000] {core_li.py:23} INFO - Successfully updated job requisition 66db04abbf0a19d8769e61bc
[2024-09-06T17:43:05.266+0000] {core_li.py:23} INFO - Successfully updated job requisition 66db04abbf0a19d8769e61be
[2024-09-06T17:43:05.282+0000] {core_li.py:23} INFO - Successfully updated job requisition 66db04abbf0a19d8769e61c0
[2024-09-06T17:43:05.291+0000] {core_li.py:23} INFO - Successfully updated job requisition 66db04abbf0a19d8769e61c2
[2024-09-06T17:43:05.303+0000] {core_li.py:23} INFO - Successfully updated job requisition 66db04abbf0a19d8769e61c4
[2024-09-06T17:43:05.313+0000] {core_li.py:23} INFO - Successfully updated job requisition 66db04abbf0a19d8769e61c6
[2024-09-06T17:43:05.323+0000] {core_li.py:23} INFO - Successfully updated job requisition 66db04abbf0a19d8769e61c8
[2024-09-06T17:43:05.330+0000] {core_li.py:23} INFO - Successfully updated job requisition 66db04abbf0a19d8769e61ca
[2024-09-06T17:43:05.341+0000] {core_li.py:23} INFO - Successfully updated job requisition 66db04abbf0a19d8769e61cc
[2024-09-06T17:43:05.350+0000] {core_li.py:23} INFO - Successfully updated job requisition 66db04abbf0a19d8769e61ce
[2024-09-06T17:43:05.359+0000] {core_li.py:23} INFO - Successfully updated job requisition 66db04abbf0a19d8769e61d0
[2024-09-06T17:43:05.368+0000] {core_li.py:23} INFO - Successfully updated job requisition 66db04abbf0a19d8769e61d2
[2024-09-06T17:43:05.379+0000] {core_li.py:23} INFO - Successfully updated job requisition 66db04abbf0a19d8769e61d4
[2024-09-06T17:43:05.388+0000] {core_li.py:23} INFO - Successfully updated job requisition 66db04abbf0a19d8769e61d6
[2024-09-06T17:43:05.397+0000] {core_li.py:23} INFO - Successfully updated job requisition 66db04abbf0a19d8769e61d8
[2024-09-06T17:43:05.409+0000] {core_li.py:23} INFO - Successfully updated job requisition 66db04abbf0a19d8769e61da
[2024-09-06T17:43:05.420+0000] {core_li.py:23} INFO - Successfully updated job requisition 66db04abbf0a19d8769e61dc
[2024-09-06T17:43:05.427+0000] {core_li.py:23} INFO - Successfully updated job requisition 66db04abbf0a19d8769e61de
[2024-09-06T17:43:05.435+0000] {core_li.py:23} INFO - Successfully updated job requisition 66db04abbf0a19d8769e61e0
[2024-09-06T17:43:05.443+0000] {core_li.py:23} INFO - Successfully updated job requisition 66db04abbf0a19d8769e61e2
[2024-09-06T17:43:05.456+0000] {core_li.py:23} INFO - Successfully updated job requisition 66db04abbf0a19d8769e61e4
[2024-09-06T17:43:05.466+0000] {core_li.py:23} INFO - Successfully updated job requisition 66db04abbf0a19d8769e61e6
[2024-09-06T17:43:05.477+0000] {core_li.py:23} INFO - Successfully updated job requisition 66db04abbf0a19d8769e61e8
[2024-09-06T17:43:05.489+0000] {core_li.py:23} INFO - Successfully updated job requisition 66db04abbf0a19d8769e61ea
[2024-09-06T17:43:05.501+0000] {core_li.py:23} INFO - Successfully updated job requisition 66db04abbf0a19d8769e61ec
[2024-09-06T17:43:05.513+0000] {core_li.py:23} INFO - Successfully updated job requisition 66db04abbf0a19d8769e61ee
[2024-09-06T17:43:05.528+0000] {core_li.py:23} INFO - Successfully updated job requisition 66db04abbf0a19d8769e61f0
[2024-09-06T17:43:05.550+0000] {core_li.py:23} INFO - Successfully updated job requisition 66db04abbf0a19d8769e61f2
[2024-09-06T17:43:05.563+0000] {core_li.py:23} INFO - Successfully updated job requisition 66db04abbf0a19d8769e61f4
[2024-09-06T17:43:05.584+0000] {core_li.py:23} INFO - Successfully updated job requisition 66db04abbf0a19d8769e61f6
[2024-09-06T17:43:05.599+0000] {core_li.py:23} INFO - Successfully updated job requisition 66db04abbf0a19d8769e61f8
[2024-09-06T17:43:05.608+0000] {core_li.py:23} INFO - Successfully updated job requisition 66db04abbf0a19d8769e61fa
[2024-09-06T17:43:05.617+0000] {core_li.py:23} INFO - Successfully updated job requisition 66db04abbf0a19d8769e61fc
[2024-09-06T17:43:05.633+0000] {core_li.py:23} INFO - Successfully updated job requisition 66db04abbf0a19d8769e61fe
[2024-09-06T17:43:05.677+0000] {core_li.py:23} INFO - Successfully updated job requisition 66db04abbf0a19d8769e6200
[2024-09-06T17:43:05.699+0000] {core_li.py:23} INFO - Successfully updated job requisition 66db04abbf0a19d8769e6202
[2024-09-06T17:43:05.734+0000] {core_li.py:23} INFO - Successfully updated job requisition 66db04abbf0a19d8769e6204
[2024-09-06T17:43:05.754+0000] {core_li.py:23} INFO - Successfully updated job requisition 66db04abbf0a19d8769e6206
[2024-09-06T17:43:05.770+0000] {core_li.py:23} INFO - Successfully updated job requisition 66db04abbf0a19d8769e6208
[2024-09-06T17:43:05.794+0000] {core_li.py:23} INFO - Successfully updated job requisition 66db04abbf0a19d8769e620a
[2024-09-06T17:43:05.813+0000] {core_li.py:23} INFO - Successfully updated job requisition 66db04abbf0a19d8769e620c
[2024-09-06T17:43:05.825+0000] {core_li.py:23} INFO - Successfully updated job requisition 66db04abbf0a19d8769e620e
[2024-09-06T17:43:05.840+0000] {core_li.py:23} INFO - Successfully updated job requisition 66db04abbf0a19d8769e6210
[2024-09-06T17:43:05.855+0000] {core_li.py:23} INFO - Successfully updated job requisition 66db04abbf0a19d8769e6212
[2024-09-06T17:43:05.869+0000] {core_li.py:23} INFO - Successfully updated job requisition 66db04abbf0a19d8769e6214
[2024-09-06T17:43:05.891+0000] {core_li.py:23} INFO - Successfully updated job requisition 66db04abbf0a19d8769e6216
[2024-09-06T17:43:05.902+0000] {core_li.py:23} INFO - Successfully updated job requisition 66db04abbf0a19d8769e6218
[2024-09-06T17:43:05.915+0000] {core_li.py:23} INFO - Successfully updated job requisition 66db04abbf0a19d8769e621a
[2024-09-06T17:43:05.930+0000] {core_li.py:23} INFO - Successfully updated job requisition 66db04abbf0a19d8769e621c
[2024-09-06T17:43:05.940+0000] {core_li.py:23} INFO - Successfully updated job requisition 66db04abbf0a19d8769e621e
[2024-09-06T17:43:05.949+0000] {core_li.py:23} INFO - Successfully updated job requisition 66db04abbf0a19d8769e6220
[2024-09-06T17:43:05.961+0000] {core_li.py:23} INFO - Successfully updated job requisition 66db04abbf0a19d8769e6222
[2024-09-06T17:43:05.972+0000] {core_li.py:23} INFO - Successfully updated job requisition 66db04abbf0a19d8769e6224
[2024-09-06T17:43:05.985+0000] {core_li.py:23} INFO - Successfully updated job requisition 66db04abbf0a19d8769e6226
[2024-09-06T17:43:05.996+0000] {core_li.py:23} INFO - Successfully updated job requisition 66db04abbf0a19d8769e6228
[2024-09-06T17:43:06.015+0000] {core_li.py:23} INFO - Successfully updated job requisition 66db04abbf0a19d8769e622a
[2024-09-06T17:43:06.022+0000] {core_li.py:23} INFO - Successfully updated job requisition 66db04abbf0a19d8769e622c
[2024-09-06T17:43:06.032+0000] {core_li.py:23} INFO - Successfully updated job requisition 66db04abbf0a19d8769e622e
[2024-09-06T17:43:06.041+0000] {core_li.py:23} INFO - Successfully updated job requisition 66db04abbf0a19d8769e6230
[2024-09-06T17:43:06.053+0000] {core_li.py:23} INFO - Successfully updated job requisition 66db04abbf0a19d8769e6232
[2024-09-06T17:43:06.063+0000] {core_li.py:23} INFO - Successfully updated job requisition 66db04abbf0a19d8769e6234
[2024-09-06T17:43:06.071+0000] {core_li.py:23} INFO - Successfully updated job requisition 66db04abbf0a19d8769e6236
[2024-09-06T17:43:06.079+0000] {core_li.py:23} INFO - Successfully updated job requisition 66db04abbf0a19d8769e6238
[2024-09-06T17:43:06.092+0000] {core_li.py:23} INFO - Successfully updated job requisition 66db04abbf0a19d8769e623a
[2024-09-06T17:43:06.100+0000] {core_li.py:23} INFO - Successfully updated job requisition 66db04abbf0a19d8769e623c
[2024-09-06T17:43:06.110+0000] {core_li.py:23} INFO - Successfully updated job requisition 66db04abbf0a19d8769e623e
[2024-09-06T17:43:06.118+0000] {core_li.py:23} INFO - Successfully updated job requisition 66db04abbf0a19d8769e6240
[2024-09-06T17:43:06.125+0000] {core_li.py:23} INFO - Successfully updated job requisition 66db04abbf0a19d8769e6242
[2024-09-06T17:43:06.142+0000] {core_li.py:23} INFO - Successfully updated job requisition 66db04abbf0a19d8769e6244
[2024-09-06T17:43:06.152+0000] {core_li.py:23} INFO - Successfully updated job requisition 66db04abbf0a19d8769e6246
[2024-09-06T17:43:06.160+0000] {core_li.py:23} INFO - Successfully updated job requisition 66db04abbf0a19d8769e6248
[2024-09-06T17:43:06.167+0000] {core_li.py:23} INFO - Successfully updated job requisition 66db04abbf0a19d8769e624a
[2024-09-06T17:43:06.177+0000] {core_li.py:23} INFO - Successfully updated job requisition 66db04abbf0a19d8769e624c
[2024-09-06T17:43:06.189+0000] {core_li.py:23} INFO - Successfully updated job requisition 66db04abbf0a19d8769e624e
[2024-09-06T17:43:06.201+0000] {core_li.py:23} INFO - Successfully updated job requisition 66db04abbf0a19d8769e6250
[2024-09-06T17:43:06.209+0000] {core_li.py:23} INFO - Successfully updated job requisition 66db04abbf0a19d8769e6252
[2024-09-06T17:43:06.218+0000] {core_li.py:23} INFO - Successfully updated job requisition 66db04abbf0a19d8769e6254
[2024-09-06T17:43:06.231+0000] {core_li.py:23} INFO - Successfully updated job requisition 66db04abbf0a19d8769e6256
[2024-09-06T17:43:06.240+0000] {core_li.py:23} INFO - Successfully updated job requisition 66db04abbf0a19d8769e6258
[2024-09-06T17:43:06.249+0000] {core_li.py:23} INFO - Successfully updated job requisition 66db04abbf0a19d8769e625a
[2024-09-06T17:43:06.265+0000] {core_li.py:23} INFO - Successfully updated job requisition 66db04abbf0a19d8769e625c
[2024-09-06T17:43:06.281+0000] {core_li.py:23} INFO - Successfully updated job requisition 66db04abbf0a19d8769e625e
[2024-09-06T17:43:06.292+0000] {core_li.py:23} INFO - Successfully updated job requisition 66db04abbf0a19d8769e6260
[2024-09-06T17:43:06.303+0000] {core_li.py:23} INFO - Successfully updated job requisition 66db04abbf0a19d8769e6262
[2024-09-06T17:43:06.314+0000] {core_li.py:23} INFO - Successfully updated job requisition 66db04abbf0a19d8769e6264
[2024-09-06T17:43:06.324+0000] {core_li.py:23} INFO - Successfully updated job requisition 66db04abbf0a19d8769e6266
[2024-09-06T17:43:06.335+0000] {core_li.py:23} INFO - Successfully updated job requisition 66db04abbf0a19d8769e6268
[2024-09-06T17:43:06.338+0000] {python.py:240} INFO - Done. Returned value was: 100
[2024-09-06T17:43:06.370+0000] {taskinstance.py:340} INFO - ::group::Post task execution logs
[2024-09-06T17:43:06.371+0000] {taskinstance.py:352} INFO - Marking task as SUCCESS. dag_id=async_flow, task_id=task_backfill_number_of_cancelled_candidates_in_batch, run_id=manual__2024-09-06T17:43:02.727107+00:00, map_index=8, execution_date=20240906T174302, start_date=20240906T174304, end_date=20240906T174306
[2024-09-06T17:43:06.428+0000] {local_task_job_runner.py:266} INFO - Task exited with return code 0
[2024-09-06T17:43:06.467+0000] {taskinstance.py:3900} INFO - 0 downstream tasks scheduled from follow-on schedule check
[2024-09-06T17:43:06.471+0000] {local_task_job_runner.py:245} INFO - ::endgroup::
