[2024-09-06T17:29:47.986+0000] {local_task_job_runner.py:123} INFO - ::group::Pre task execution logs
[2024-09-06T17:29:48.022+0000] {taskinstance.py:2612} INFO - Dependencies all met for dep_context=non-requeueable deps ti=<TaskInstance: async_flow.task_backfill_number_of_cancelled_candidates_in_batch manual__2024-09-06T17:29:39.458358+00:00 map_index=44 [queued]>
[2024-09-06T17:29:48.036+0000] {taskinstance.py:2612} INFO - Dependencies all met for dep_context=requeueable deps ti=<TaskInstance: async_flow.task_backfill_number_of_cancelled_candidates_in_batch manual__2024-09-06T17:29:39.458358+00:00 map_index=44 [queued]>
[2024-09-06T17:29:48.039+0000] {taskinstance.py:2865} INFO - Starting attempt 1 of 1
[2024-09-06T17:29:48.059+0000] {taskinstance.py:2888} INFO - Executing <Mapped(_PythonDecoratedOperator): task_backfill_number_of_cancelled_candidates_in_batch> on 2024-09-06 17:29:39.458358+00:00
[2024-09-06T17:29:48.066+0000] {warnings.py:112} WARNING - /home/***/.local/lib/python3.12/site-packages/***/task/task_runner/standard_task_runner.py:70: DeprecationWarning: This process (pid=3316) is multi-threaded, use of fork() may lead to deadlocks in the child.
  pid = os.fork()

[2024-09-06T17:29:48.068+0000] {standard_task_runner.py:72} INFO - Started process 3391 to run task
[2024-09-06T17:29:48.070+0000] {standard_task_runner.py:104} INFO - Running: ['***', 'tasks', 'run', 'async_flow', 'task_backfill_number_of_cancelled_candidates_in_batch', 'manual__2024-09-06T17:29:39.458358+00:00', '--job-id', '162', '--raw', '--subdir', 'DAGS_FOLDER/dags_async_flow.py', '--cfg-path', '/tmp/tmpz56r8324', '--map-index', '44']
[2024-09-06T17:29:48.074+0000] {standard_task_runner.py:105} INFO - Job 162: Subtask task_backfill_number_of_cancelled_candidates_in_batch
[2024-09-06T17:29:48.148+0000] {task_command.py:467} INFO - Running <TaskInstance: async_flow.task_backfill_number_of_cancelled_candidates_in_batch manual__2024-09-06T17:29:39.458358+00:00 map_index=44 [running]> on host a3a5f1897683
[2024-09-06T17:29:48.291+0000] {taskinstance.py:3131} INFO - Exporting env vars: AIRFLOW_CTX_DAG_OWNER='***' AIRFLOW_CTX_DAG_ID='async_flow' AIRFLOW_CTX_TASK_ID='task_backfill_number_of_cancelled_candidates_in_batch' AIRFLOW_CTX_EXECUTION_DATE='2024-09-06T17:29:39.458358+00:00' AIRFLOW_CTX_TRY_NUMBER='1' AIRFLOW_CTX_DAG_RUN_ID='manual__2024-09-06T17:29:39.458358+00:00'
[2024-09-06T17:29:48.293+0000] {taskinstance.py:731} INFO - ::endgroup::
[2024-09-06T17:29:48.345+0000] {core_li.py:23} INFO - Successfully updated job requisition 66db04abbf0a19d8769e6e22
[2024-09-06T17:29:48.367+0000] {core_li.py:23} INFO - Successfully updated job requisition 66db04abbf0a19d8769e6e24
[2024-09-06T17:29:48.388+0000] {core_li.py:23} INFO - Successfully updated job requisition 66db04abbf0a19d8769e6e26
[2024-09-06T17:29:48.401+0000] {core_li.py:23} INFO - Successfully updated job requisition 66db04abbf0a19d8769e6e28
[2024-09-06T17:29:48.411+0000] {core_li.py:23} INFO - Successfully updated job requisition 66db04abbf0a19d8769e6e2a
[2024-09-06T17:29:48.418+0000] {core_li.py:23} INFO - Successfully updated job requisition 66db04abbf0a19d8769e6e2c
[2024-09-06T17:29:48.447+0000] {core_li.py:23} INFO - Successfully updated job requisition 66db04abbf0a19d8769e6e2e
[2024-09-06T17:29:48.456+0000] {core_li.py:23} INFO - Successfully updated job requisition 66db04abbf0a19d8769e6e30
[2024-09-06T17:29:48.465+0000] {core_li.py:23} INFO - Successfully updated job requisition 66db04abbf0a19d8769e6e32
[2024-09-06T17:29:48.476+0000] {core_li.py:23} INFO - Successfully updated job requisition 66db04abbf0a19d8769e6e34
[2024-09-06T17:29:48.484+0000] {core_li.py:23} INFO - Successfully updated job requisition 66db04abbf0a19d8769e6e36
[2024-09-06T17:29:48.496+0000] {core_li.py:23} INFO - Successfully updated job requisition 66db04abbf0a19d8769e6e38
[2024-09-06T17:29:48.506+0000] {core_li.py:23} INFO - Successfully updated job requisition 66db04abbf0a19d8769e6e3a
[2024-09-06T17:29:48.515+0000] {core_li.py:23} INFO - Successfully updated job requisition 66db04abbf0a19d8769e6e3c
[2024-09-06T17:29:48.537+0000] {core_li.py:23} INFO - Successfully updated job requisition 66db04abbf0a19d8769e6e3e
[2024-09-06T17:29:48.551+0000] {core_li.py:23} INFO - Successfully updated job requisition 66db04abbf0a19d8769e6e40
[2024-09-06T17:29:48.567+0000] {core_li.py:23} INFO - Successfully updated job requisition 66db04abbf0a19d8769e6e42
[2024-09-06T17:29:48.584+0000] {core_li.py:23} INFO - Successfully updated job requisition 66db04abbf0a19d8769e6e44
[2024-09-06T17:29:48.600+0000] {core_li.py:23} INFO - Successfully updated job requisition 66db04abbf0a19d8769e6e46
[2024-09-06T17:29:48.648+0000] {core_li.py:23} INFO - Successfully updated job requisition 66db04abbf0a19d8769e6e48
[2024-09-06T17:29:48.660+0000] {core_li.py:23} INFO - Successfully updated job requisition 66db04abbf0a19d8769e6e4a
[2024-09-06T17:29:48.681+0000] {core_li.py:23} INFO - Successfully updated job requisition 66db04abbf0a19d8769e6e4c
[2024-09-06T17:29:48.694+0000] {core_li.py:23} INFO - Successfully updated job requisition 66db04abbf0a19d8769e6e4e
[2024-09-06T17:29:48.704+0000] {core_li.py:23} INFO - Successfully updated job requisition 66db04abbf0a19d8769e6e50
[2024-09-06T17:29:48.713+0000] {core_li.py:23} INFO - Successfully updated job requisition 66db04abbf0a19d8769e6e52
[2024-09-06T17:29:48.723+0000] {core_li.py:23} INFO - Successfully updated job requisition 66db04abbf0a19d8769e6e54
[2024-09-06T17:29:48.734+0000] {core_li.py:23} INFO - Successfully updated job requisition 66db04abbf0a19d8769e6e56
[2024-09-06T17:29:48.747+0000] {core_li.py:23} INFO - Successfully updated job requisition 66db04abbf0a19d8769e6e58
[2024-09-06T17:29:48.758+0000] {core_li.py:23} INFO - Successfully updated job requisition 66db04abbf0a19d8769e6e5a
[2024-09-06T17:29:48.772+0000] {core_li.py:23} INFO - Successfully updated job requisition 66db04abbf0a19d8769e6e5c
[2024-09-06T17:29:48.782+0000] {core_li.py:23} INFO - Successfully updated job requisition 66db04abbf0a19d8769e6e5e
[2024-09-06T17:29:48.791+0000] {core_li.py:23} INFO - Successfully updated job requisition 66db04abbf0a19d8769e6e60
[2024-09-06T17:29:48.799+0000] {core_li.py:23} INFO - Successfully updated job requisition 66db04abbf0a19d8769e6e62
[2024-09-06T17:29:48.806+0000] {core_li.py:23} INFO - Successfully updated job requisition 66db04abbf0a19d8769e6e64
[2024-09-06T17:29:48.814+0000] {core_li.py:23} INFO - Successfully updated job requisition 66db04abbf0a19d8769e6e66
[2024-09-06T17:29:48.825+0000] {core_li.py:23} INFO - Successfully updated job requisition 66db04abbf0a19d8769e6e68
[2024-09-06T17:29:48.839+0000] {core_li.py:23} INFO - Successfully updated job requisition 66db04abbf0a19d8769e6e6a
[2024-09-06T17:29:48.847+0000] {core_li.py:23} INFO - Successfully updated job requisition 66db04abbf0a19d8769e6e6c
[2024-09-06T17:29:48.854+0000] {core_li.py:23} INFO - Successfully updated job requisition 66db04abbf0a19d8769e6e6e
[2024-09-06T17:29:48.861+0000] {core_li.py:23} INFO - Successfully updated job requisition 66db04abbf0a19d8769e6e70
[2024-09-06T17:29:48.871+0000] {core_li.py:23} INFO - Successfully updated job requisition 66db04abbf0a19d8769e6e72
[2024-09-06T17:29:48.877+0000] {core_li.py:23} INFO - Successfully updated job requisition 66db04abbf0a19d8769e6e74
[2024-09-06T17:29:48.884+0000] {core_li.py:23} INFO - Successfully updated job requisition 66db04abbf0a19d8769e6e76
[2024-09-06T17:29:48.890+0000] {core_li.py:23} INFO - Successfully updated job requisition 66db04abbf0a19d8769e6e78
[2024-09-06T17:29:48.901+0000] {core_li.py:23} INFO - Successfully updated job requisition 66db04abbf0a19d8769e6e7a
[2024-09-06T17:29:48.910+0000] {core_li.py:23} INFO - Successfully updated job requisition 66db04abbf0a19d8769e6e7c
[2024-09-06T17:29:48.917+0000] {core_li.py:23} INFO - Successfully updated job requisition 66db04abbf0a19d8769e6e7e
[2024-09-06T17:29:48.924+0000] {core_li.py:23} INFO - Successfully updated job requisition 66db04abbf0a19d8769e6e80
[2024-09-06T17:29:48.935+0000] {core_li.py:23} INFO - Successfully updated job requisition 66db04abbf0a19d8769e6e82
[2024-09-06T17:29:48.943+0000] {core_li.py:23} INFO - Successfully updated job requisition 66db04abbf0a19d8769e6e84
[2024-09-06T17:29:48.949+0000] {core_li.py:23} INFO - Successfully updated job requisition 66db04abbf0a19d8769e6e86
[2024-09-06T17:29:48.957+0000] {core_li.py:23} INFO - Successfully updated job requisition 66db04abbf0a19d8769e6e88
[2024-09-06T17:29:48.965+0000] {core_li.py:23} INFO - Successfully updated job requisition 66db04abbf0a19d8769e6e8a
[2024-09-06T17:29:48.977+0000] {core_li.py:23} INFO - Successfully updated job requisition 66db04abbf0a19d8769e6e8c
[2024-09-06T17:29:48.993+0000] {core_li.py:23} INFO - Successfully updated job requisition 66db04abbf0a19d8769e6e8e
[2024-09-06T17:29:49.004+0000] {core_li.py:23} INFO - Successfully updated job requisition 66db04abbf0a19d8769e6e90
[2024-09-06T17:29:49.011+0000] {core_li.py:23} INFO - Successfully updated job requisition 66db04abbf0a19d8769e6e92
[2024-09-06T17:29:49.018+0000] {core_li.py:23} INFO - Successfully updated job requisition 66db04abbf0a19d8769e6e94
[2024-09-06T17:29:49.025+0000] {core_li.py:23} INFO - Successfully updated job requisition 66db04abbf0a19d8769e6e96
[2024-09-06T17:29:49.035+0000] {core_li.py:23} INFO - Successfully updated job requisition 66db04abbf0a19d8769e6e98
[2024-09-06T17:29:49.050+0000] {core_li.py:23} INFO - Successfully updated job requisition 66db04abbf0a19d8769e6e9a
[2024-09-06T17:29:49.059+0000] {core_li.py:23} INFO - Successfully updated job requisition 66db04abbf0a19d8769e6e9c
[2024-09-06T17:29:49.067+0000] {core_li.py:23} INFO - Successfully updated job requisition 66db04abbf0a19d8769e6e9e
[2024-09-06T17:29:49.076+0000] {core_li.py:23} INFO - Successfully updated job requisition 66db04abbf0a19d8769e6ea0
[2024-09-06T17:29:49.087+0000] {core_li.py:23} INFO - Successfully updated job requisition 66db04abbf0a19d8769e6ea2
[2024-09-06T17:29:49.093+0000] {core_li.py:23} INFO - Successfully updated job requisition 66db04abbf0a19d8769e6ea4
[2024-09-06T17:29:49.100+0000] {core_li.py:23} INFO - Successfully updated job requisition 66db04abbf0a19d8769e6ea6
[2024-09-06T17:29:49.107+0000] {core_li.py:23} INFO - Successfully updated job requisition 66db04abbf0a19d8769e6ea8
[2024-09-06T17:29:49.114+0000] {core_li.py:23} INFO - Successfully updated job requisition 66db04abbf0a19d8769e6eaa
[2024-09-06T17:29:49.123+0000] {core_li.py:23} INFO - Successfully updated job requisition 66db04abbf0a19d8769e6eac
[2024-09-06T17:29:49.131+0000] {core_li.py:23} INFO - Successfully updated job requisition 66db04abbf0a19d8769e6eae
[2024-09-06T17:29:49.141+0000] {core_li.py:23} INFO - Successfully updated job requisition 66db04abbf0a19d8769e6eb0
[2024-09-06T17:29:49.148+0000] {core_li.py:23} INFO - Successfully updated job requisition 66db04abbf0a19d8769e6eb2
[2024-09-06T17:29:49.155+0000] {core_li.py:23} INFO - Successfully updated job requisition 66db04abbf0a19d8769e6eb4
[2024-09-06T17:29:49.162+0000] {core_li.py:23} INFO - Successfully updated job requisition 66db04abbf0a19d8769e6eb6
[2024-09-06T17:29:49.168+0000] {core_li.py:23} INFO - Successfully updated job requisition 66db04abbf0a19d8769e6eb8
[2024-09-06T17:29:49.176+0000] {core_li.py:23} INFO - Successfully updated job requisition 66db04abbf0a19d8769e6eba
[2024-09-06T17:29:49.187+0000] {core_li.py:23} INFO - Successfully updated job requisition 66db04abbf0a19d8769e6ebc
[2024-09-06T17:29:49.208+0000] {core_li.py:23} INFO - Successfully updated job requisition 66db04abbf0a19d8769e6ebe
[2024-09-06T17:29:49.225+0000] {core_li.py:23} INFO - Successfully updated job requisition 66db04abbf0a19d8769e6ec0
[2024-09-06T17:29:49.234+0000] {core_li.py:23} INFO - Successfully updated job requisition 66db04abbf0a19d8769e6ec2
[2024-09-06T17:29:49.241+0000] {core_li.py:23} INFO - Successfully updated job requisition 66db04abbf0a19d8769e6ec4
[2024-09-06T17:29:49.249+0000] {core_li.py:23} INFO - Successfully updated job requisition 66db04abbf0a19d8769e6ec6
[2024-09-06T17:29:49.267+0000] {core_li.py:23} INFO - Successfully updated job requisition 66db04abbf0a19d8769e6ec8
[2024-09-06T17:29:49.277+0000] {core_li.py:23} INFO - Successfully updated job requisition 66db04abbf0a19d8769e6eca
[2024-09-06T17:29:49.293+0000] {core_li.py:23} INFO - Successfully updated job requisition 66db04abbf0a19d8769e6ecc
[2024-09-06T17:29:49.306+0000] {core_li.py:23} INFO - Successfully updated job requisition 66db04abbf0a19d8769e6ece
[2024-09-06T17:29:49.314+0000] {core_li.py:23} INFO - Successfully updated job requisition 66db04abbf0a19d8769e6ed0
[2024-09-06T17:29:49.326+0000] {core_li.py:23} INFO - Successfully updated job requisition 66db04abbf0a19d8769e6ed2
[2024-09-06T17:29:49.339+0000] {core_li.py:23} INFO - Successfully updated job requisition 66db04abbf0a19d8769e6ed4
[2024-09-06T17:29:49.353+0000] {core_li.py:23} INFO - Successfully updated job requisition 66db04abbf0a19d8769e6ed6
[2024-09-06T17:29:49.365+0000] {core_li.py:23} INFO - Successfully updated job requisition 66db04abbf0a19d8769e6ed8
[2024-09-06T17:29:49.377+0000] {core_li.py:23} INFO - Successfully updated job requisition 66db04abbf0a19d8769e6eda
[2024-09-06T17:29:49.399+0000] {core_li.py:23} INFO - Successfully updated job requisition 66db04abbf0a19d8769e6edc
[2024-09-06T17:29:49.418+0000] {core_li.py:23} INFO - Successfully updated job requisition 66db04abbf0a19d8769e6ede
[2024-09-06T17:29:49.435+0000] {core_li.py:23} INFO - Successfully updated job requisition 66db04abbf0a19d8769e6ee0
[2024-09-06T17:29:49.454+0000] {core_li.py:23} INFO - Successfully updated job requisition 66db04abbf0a19d8769e6ee2
[2024-09-06T17:29:49.465+0000] {core_li.py:23} INFO - Successfully updated job requisition 66db04abbf0a19d8769e6ee4
[2024-09-06T17:29:49.478+0000] {core_li.py:23} INFO - Successfully updated job requisition 66db04abbf0a19d8769e6ee6
[2024-09-06T17:29:49.486+0000] {core_li.py:23} INFO - Successfully updated job requisition 66db04abbf0a19d8769e6ee8
[2024-09-06T17:29:49.487+0000] {python.py:240} INFO - Done. Returned value was: 100
[2024-09-06T17:29:49.550+0000] {taskinstance.py:340} INFO - ::group::Post task execution logs
[2024-09-06T17:29:49.551+0000] {taskinstance.py:352} INFO - Marking task as SUCCESS. dag_id=async_flow, task_id=task_backfill_number_of_cancelled_candidates_in_batch, run_id=manual__2024-09-06T17:29:39.458358+00:00, map_index=44, execution_date=20240906T172939, start_date=20240906T172948, end_date=20240906T172949
[2024-09-06T17:29:49.609+0000] {local_task_job_runner.py:266} INFO - Task exited with return code 0
[2024-09-06T17:29:49.616+0000] {local_task_job_runner.py:245} INFO - ::endgroup::
