[2024-09-06T17:45:53.640+0000] {local_task_job_runner.py:123} INFO - ::group::Pre task execution logs
[2024-09-06T17:45:53.661+0000] {taskinstance.py:2612} INFO - Dependencies all met for dep_context=non-requeueable deps ti=<TaskInstance: async_flow.task_backfill_number_of_cancelled_candidates_in_batch manual__2024-09-06T17:29:39.458358+00:00 map_index=44 [queued]>
[2024-09-06T17:45:53.695+0000] {taskinstance.py:2612} INFO - Dependencies all met for dep_context=requeueable deps ti=<TaskInstance: async_flow.task_backfill_number_of_cancelled_candidates_in_batch manual__2024-09-06T17:29:39.458358+00:00 map_index=44 [queued]>
[2024-09-06T17:45:53.699+0000] {taskinstance.py:2865} INFO - Starting attempt 2 of 2
[2024-09-06T17:45:53.758+0000] {taskinstance.py:2888} INFO - Executing <Mapped(_PythonDecoratedOperator): task_backfill_number_of_cancelled_candidates_in_batch> on 2024-09-06 17:29:39.458358+00:00
[2024-09-06T17:45:53.768+0000] {warnings.py:112} WARNING - /home/***/.local/lib/python3.12/site-packages/***/task/task_runner/standard_task_runner.py:70: DeprecationWarning: This process (pid=611) is multi-threaded, use of fork() may lead to deadlocks in the child.
  pid = os.fork()

[2024-09-06T17:45:53.769+0000] {standard_task_runner.py:72} INFO - Started process 684 to run task
[2024-09-06T17:45:53.773+0000] {standard_task_runner.py:104} INFO - Running: ['***', 'tasks', 'run', 'async_flow', 'task_backfill_number_of_cancelled_candidates_in_batch', 'manual__2024-09-06T17:29:39.458358+00:00', '--job-id', '260', '--raw', '--subdir', 'DAGS_FOLDER/dags_async_flow.py', '--cfg-path', '/tmp/tmpafqcxrmw', '--map-index', '44']
[2024-09-06T17:45:53.774+0000] {standard_task_runner.py:105} INFO - Job 260: Subtask task_backfill_number_of_cancelled_candidates_in_batch
[2024-09-06T17:45:53.830+0000] {task_command.py:467} INFO - Running <TaskInstance: async_flow.task_backfill_number_of_cancelled_candidates_in_batch manual__2024-09-06T17:29:39.458358+00:00 map_index=44 [running]> on host 0817eb6c24af
[2024-09-06T17:45:53.911+0000] {taskinstance.py:3131} INFO - Exporting env vars: AIRFLOW_CTX_DAG_OWNER='***' AIRFLOW_CTX_DAG_ID='async_flow' AIRFLOW_CTX_TASK_ID='task_backfill_number_of_cancelled_candidates_in_batch' AIRFLOW_CTX_EXECUTION_DATE='2024-09-06T17:29:39.458358+00:00' AIRFLOW_CTX_TRY_NUMBER='2' AIRFLOW_CTX_DAG_RUN_ID='manual__2024-09-06T17:29:39.458358+00:00'
[2024-09-06T17:45:53.914+0000] {taskinstance.py:731} INFO - ::endgroup::
[2024-09-06T17:45:53.938+0000] {core_li.py:23} INFO - Successfully updated job requisition 66db04abbf0a19d8769e6e22
[2024-09-06T17:45:53.949+0000] {core_li.py:23} INFO - Successfully updated job requisition 66db04abbf0a19d8769e6e24
[2024-09-06T17:45:53.968+0000] {core_li.py:23} INFO - Successfully updated job requisition 66db04abbf0a19d8769e6e26
[2024-09-06T17:45:53.991+0000] {core_li.py:23} INFO - Successfully updated job requisition 66db04abbf0a19d8769e6e28
[2024-09-06T17:45:54.006+0000] {core_li.py:23} INFO - Successfully updated job requisition 66db04abbf0a19d8769e6e2a
[2024-09-06T17:45:54.017+0000] {core_li.py:23} INFO - Successfully updated job requisition 66db04abbf0a19d8769e6e2c
[2024-09-06T17:45:54.044+0000] {core_li.py:23} INFO - Successfully updated job requisition 66db04abbf0a19d8769e6e2e
[2024-09-06T17:45:54.069+0000] {core_li.py:23} INFO - Successfully updated job requisition 66db04abbf0a19d8769e6e30
[2024-09-06T17:45:54.081+0000] {core_li.py:23} INFO - Successfully updated job requisition 66db04abbf0a19d8769e6e32
[2024-09-06T17:45:54.094+0000] {core_li.py:23} INFO - Successfully updated job requisition 66db04abbf0a19d8769e6e34
[2024-09-06T17:45:54.103+0000] {core_li.py:23} INFO - Successfully updated job requisition 66db04abbf0a19d8769e6e36
[2024-09-06T17:45:54.115+0000] {core_li.py:23} INFO - Successfully updated job requisition 66db04abbf0a19d8769e6e38
[2024-09-06T17:45:54.126+0000] {core_li.py:23} INFO - Successfully updated job requisition 66db04abbf0a19d8769e6e3a
[2024-09-06T17:45:54.142+0000] {core_li.py:23} INFO - Successfully updated job requisition 66db04abbf0a19d8769e6e3c
[2024-09-06T17:45:54.149+0000] {core_li.py:23} INFO - Successfully updated job requisition 66db04abbf0a19d8769e6e3e
[2024-09-06T17:45:54.158+0000] {core_li.py:23} INFO - Successfully updated job requisition 66db04abbf0a19d8769e6e40
[2024-09-06T17:45:54.166+0000] {core_li.py:23} INFO - Successfully updated job requisition 66db04abbf0a19d8769e6e42
[2024-09-06T17:45:54.172+0000] {core_li.py:23} INFO - Successfully updated job requisition 66db04abbf0a19d8769e6e44
[2024-09-06T17:45:54.179+0000] {core_li.py:23} INFO - Successfully updated job requisition 66db04abbf0a19d8769e6e46
[2024-09-06T17:45:54.186+0000] {core_li.py:23} INFO - Successfully updated job requisition 66db04abbf0a19d8769e6e48
[2024-09-06T17:45:54.192+0000] {core_li.py:23} INFO - Successfully updated job requisition 66db04abbf0a19d8769e6e4a
[2024-09-06T17:45:54.198+0000] {core_li.py:23} INFO - Successfully updated job requisition 66db04abbf0a19d8769e6e4c
[2024-09-06T17:45:54.206+0000] {core_li.py:23} INFO - Successfully updated job requisition 66db04abbf0a19d8769e6e4e
[2024-09-06T17:45:54.214+0000] {core_li.py:23} INFO - Successfully updated job requisition 66db04abbf0a19d8769e6e50
[2024-09-06T17:45:54.225+0000] {core_li.py:23} INFO - Successfully updated job requisition 66db04abbf0a19d8769e6e52
[2024-09-06T17:45:54.233+0000] {core_li.py:23} INFO - Successfully updated job requisition 66db04abbf0a19d8769e6e54
[2024-09-06T17:45:54.241+0000] {core_li.py:23} INFO - Successfully updated job requisition 66db04abbf0a19d8769e6e56
[2024-09-06T17:45:54.248+0000] {core_li.py:23} INFO - Successfully updated job requisition 66db04abbf0a19d8769e6e58
[2024-09-06T17:45:54.255+0000] {core_li.py:23} INFO - Successfully updated job requisition 66db04abbf0a19d8769e6e5a
[2024-09-06T17:45:54.263+0000] {core_li.py:23} INFO - Successfully updated job requisition 66db04abbf0a19d8769e6e5c
[2024-09-06T17:45:54.271+0000] {core_li.py:23} INFO - Successfully updated job requisition 66db04abbf0a19d8769e6e5e
[2024-09-06T17:45:54.277+0000] {core_li.py:23} INFO - Successfully updated job requisition 66db04abbf0a19d8769e6e60
[2024-09-06T17:45:54.283+0000] {core_li.py:23} INFO - Successfully updated job requisition 66db04abbf0a19d8769e6e62
[2024-09-06T17:45:54.291+0000] {core_li.py:23} INFO - Successfully updated job requisition 66db04abbf0a19d8769e6e64
[2024-09-06T17:45:54.298+0000] {core_li.py:23} INFO - Successfully updated job requisition 66db04abbf0a19d8769e6e66
[2024-09-06T17:45:54.303+0000] {core_li.py:23} INFO - Successfully updated job requisition 66db04abbf0a19d8769e6e68
[2024-09-06T17:45:54.312+0000] {core_li.py:23} INFO - Successfully updated job requisition 66db04abbf0a19d8769e6e6a
[2024-09-06T17:45:54.319+0000] {core_li.py:23} INFO - Successfully updated job requisition 66db04abbf0a19d8769e6e6c
[2024-09-06T17:45:54.324+0000] {core_li.py:23} INFO - Successfully updated job requisition 66db04abbf0a19d8769e6e6e
[2024-09-06T17:45:54.332+0000] {core_li.py:23} INFO - Successfully updated job requisition 66db04abbf0a19d8769e6e70
[2024-09-06T17:45:54.342+0000] {core_li.py:23} INFO - Successfully updated job requisition 66db04abbf0a19d8769e6e72
[2024-09-06T17:45:54.351+0000] {core_li.py:23} INFO - Successfully updated job requisition 66db04abbf0a19d8769e6e74
[2024-09-06T17:45:54.359+0000] {core_li.py:23} INFO - Successfully updated job requisition 66db04abbf0a19d8769e6e76
[2024-09-06T17:45:54.366+0000] {core_li.py:23} INFO - Successfully updated job requisition 66db04abbf0a19d8769e6e78
[2024-09-06T17:45:54.372+0000] {core_li.py:23} INFO - Successfully updated job requisition 66db04abbf0a19d8769e6e7a
[2024-09-06T17:45:54.380+0000] {core_li.py:23} INFO - Successfully updated job requisition 66db04abbf0a19d8769e6e7c
[2024-09-06T17:45:54.388+0000] {core_li.py:23} INFO - Successfully updated job requisition 66db04abbf0a19d8769e6e7e
[2024-09-06T17:45:54.395+0000] {core_li.py:23} INFO - Successfully updated job requisition 66db04abbf0a19d8769e6e80
[2024-09-06T17:45:54.404+0000] {core_li.py:23} INFO - Successfully updated job requisition 66db04abbf0a19d8769e6e82
[2024-09-06T17:45:54.416+0000] {core_li.py:23} INFO - Successfully updated job requisition 66db04abbf0a19d8769e6e84
[2024-09-06T17:45:54.426+0000] {core_li.py:23} INFO - Successfully updated job requisition 66db04abbf0a19d8769e6e86
[2024-09-06T17:45:54.435+0000] {core_li.py:23} INFO - Successfully updated job requisition 66db04abbf0a19d8769e6e88
[2024-09-06T17:45:54.442+0000] {core_li.py:23} INFO - Successfully updated job requisition 66db04abbf0a19d8769e6e8a
[2024-09-06T17:45:54.453+0000] {core_li.py:23} INFO - Successfully updated job requisition 66db04abbf0a19d8769e6e8c
[2024-09-06T17:45:54.462+0000] {core_li.py:23} INFO - Successfully updated job requisition 66db04abbf0a19d8769e6e8e
[2024-09-06T17:45:54.471+0000] {core_li.py:23} INFO - Successfully updated job requisition 66db04abbf0a19d8769e6e90
[2024-09-06T17:45:54.478+0000] {core_li.py:23} INFO - Successfully updated job requisition 66db04abbf0a19d8769e6e92
[2024-09-06T17:45:54.485+0000] {core_li.py:23} INFO - Successfully updated job requisition 66db04abbf0a19d8769e6e94
[2024-09-06T17:45:54.492+0000] {core_li.py:23} INFO - Successfully updated job requisition 66db04abbf0a19d8769e6e96
[2024-09-06T17:45:54.499+0000] {core_li.py:23} INFO - Successfully updated job requisition 66db04abbf0a19d8769e6e98
[2024-09-06T17:45:54.507+0000] {core_li.py:23} INFO - Successfully updated job requisition 66db04abbf0a19d8769e6e9a
[2024-09-06T17:45:54.519+0000] {core_li.py:23} INFO - Successfully updated job requisition 66db04abbf0a19d8769e6e9c
[2024-09-06T17:45:54.530+0000] {core_li.py:23} INFO - Successfully updated job requisition 66db04abbf0a19d8769e6e9e
[2024-09-06T17:45:54.539+0000] {core_li.py:23} INFO - Successfully updated job requisition 66db04abbf0a19d8769e6ea0
[2024-09-06T17:45:54.548+0000] {core_li.py:23} INFO - Successfully updated job requisition 66db04abbf0a19d8769e6ea2
[2024-09-06T17:45:54.555+0000] {core_li.py:23} INFO - Successfully updated job requisition 66db04abbf0a19d8769e6ea4
[2024-09-06T17:45:54.566+0000] {core_li.py:23} INFO - Successfully updated job requisition 66db04abbf0a19d8769e6ea6
[2024-09-06T17:45:54.576+0000] {core_li.py:23} INFO - Successfully updated job requisition 66db04abbf0a19d8769e6ea8
[2024-09-06T17:45:54.602+0000] {core_li.py:23} INFO - Successfully updated job requisition 66db04abbf0a19d8769e6eaa
[2024-09-06T17:45:54.623+0000] {core_li.py:23} INFO - Successfully updated job requisition 66db04abbf0a19d8769e6eac
[2024-09-06T17:45:54.633+0000] {core_li.py:23} INFO - Successfully updated job requisition 66db04abbf0a19d8769e6eae
[2024-09-06T17:45:54.644+0000] {core_li.py:23} INFO - Successfully updated job requisition 66db04abbf0a19d8769e6eb0
[2024-09-06T17:45:54.658+0000] {core_li.py:23} INFO - Successfully updated job requisition 66db04abbf0a19d8769e6eb2
[2024-09-06T17:45:54.679+0000] {core_li.py:23} INFO - Successfully updated job requisition 66db04abbf0a19d8769e6eb4
[2024-09-06T17:45:54.701+0000] {core_li.py:23} INFO - Successfully updated job requisition 66db04abbf0a19d8769e6eb6
[2024-09-06T17:45:54.708+0000] {core_li.py:23} INFO - Successfully updated job requisition 66db04abbf0a19d8769e6eb8
[2024-09-06T17:45:54.717+0000] {core_li.py:23} INFO - Successfully updated job requisition 66db04abbf0a19d8769e6eba
[2024-09-06T17:45:54.726+0000] {core_li.py:23} INFO - Successfully updated job requisition 66db04abbf0a19d8769e6ebc
[2024-09-06T17:45:54.734+0000] {core_li.py:23} INFO - Successfully updated job requisition 66db04abbf0a19d8769e6ebe
[2024-09-06T17:45:54.741+0000] {core_li.py:23} INFO - Successfully updated job requisition 66db04abbf0a19d8769e6ec0
[2024-09-06T17:45:54.758+0000] {core_li.py:23} INFO - Successfully updated job requisition 66db04abbf0a19d8769e6ec2
[2024-09-06T17:45:54.766+0000] {core_li.py:23} INFO - Successfully updated job requisition 66db04abbf0a19d8769e6ec4
[2024-09-06T17:45:54.775+0000] {core_li.py:23} INFO - Successfully updated job requisition 66db04abbf0a19d8769e6ec6
[2024-09-06T17:45:54.786+0000] {core_li.py:23} INFO - Successfully updated job requisition 66db04abbf0a19d8769e6ec8
[2024-09-06T17:45:54.796+0000] {core_li.py:23} INFO - Successfully updated job requisition 66db04abbf0a19d8769e6eca
[2024-09-06T17:45:54.808+0000] {core_li.py:23} INFO - Successfully updated job requisition 66db04abbf0a19d8769e6ecc
[2024-09-06T17:45:54.816+0000] {core_li.py:23} INFO - Successfully updated job requisition 66db04abbf0a19d8769e6ece
[2024-09-06T17:45:54.825+0000] {core_li.py:23} INFO - Successfully updated job requisition 66db04abbf0a19d8769e6ed0
[2024-09-06T17:45:54.831+0000] {core_li.py:23} INFO - Successfully updated job requisition 66db04abbf0a19d8769e6ed2
[2024-09-06T17:45:54.844+0000] {core_li.py:23} INFO - Successfully updated job requisition 66db04abbf0a19d8769e6ed4
[2024-09-06T17:45:54.852+0000] {core_li.py:23} INFO - Successfully updated job requisition 66db04abbf0a19d8769e6ed6
[2024-09-06T17:45:54.861+0000] {core_li.py:23} INFO - Successfully updated job requisition 66db04abbf0a19d8769e6ed8
[2024-09-06T17:45:54.870+0000] {core_li.py:23} INFO - Successfully updated job requisition 66db04abbf0a19d8769e6eda
[2024-09-06T17:45:54.884+0000] {core_li.py:23} INFO - Successfully updated job requisition 66db04abbf0a19d8769e6edc
[2024-09-06T17:45:54.908+0000] {core_li.py:23} INFO - Successfully updated job requisition 66db04abbf0a19d8769e6ede
[2024-09-06T17:45:54.924+0000] {core_li.py:23} INFO - Successfully updated job requisition 66db04abbf0a19d8769e6ee0
[2024-09-06T17:45:54.935+0000] {core_li.py:23} INFO - Successfully updated job requisition 66db04abbf0a19d8769e6ee2
[2024-09-06T17:45:54.941+0000] {core_li.py:23} INFO - Successfully updated job requisition 66db04abbf0a19d8769e6ee4
[2024-09-06T17:45:54.949+0000] {core_li.py:23} INFO - Successfully updated job requisition 66db04abbf0a19d8769e6ee6
[2024-09-06T17:45:54.957+0000] {core_li.py:23} INFO - Successfully updated job requisition 66db04abbf0a19d8769e6ee8
[2024-09-06T17:45:54.958+0000] {python.py:240} INFO - Done. Returned value was: 100
[2024-09-06T17:45:55.001+0000] {taskinstance.py:340} INFO - ::group::Post task execution logs
[2024-09-06T17:45:55.002+0000] {taskinstance.py:352} INFO - Marking task as SUCCESS. dag_id=async_flow, task_id=task_backfill_number_of_cancelled_candidates_in_batch, run_id=manual__2024-09-06T17:29:39.458358+00:00, map_index=44, execution_date=20240906T172939, start_date=20240906T174553, end_date=20240906T174555
[2024-09-06T17:45:55.025+0000] {local_task_job_runner.py:266} INFO - Task exited with return code 0
[2024-09-06T17:45:55.041+0000] {local_task_job_runner.py:245} INFO - ::endgroup::
