[2024-09-06T17:47:37.771+0000] {local_task_job_runner.py:123} INFO - ::group::Pre task execution logs
[2024-09-06T17:47:37.795+0000] {taskinstance.py:2612} INFO - Dependencies all met for dep_context=non-requeueable deps ti=<TaskInstance: async_flow.task_backfill_number_of_cancelled_candidates_in_batch manual__2024-09-06T17:47:30.120511+00:00 map_index=36 [queued]>
[2024-09-06T17:47:37.827+0000] {taskinstance.py:2612} INFO - Dependencies all met for dep_context=requeueable deps ti=<TaskInstance: async_flow.task_backfill_number_of_cancelled_candidates_in_batch manual__2024-09-06T17:47:30.120511+00:00 map_index=36 [queued]>
[2024-09-06T17:47:37.830+0000] {taskinstance.py:2865} INFO - Starting attempt 1 of 1
[2024-09-06T17:47:37.871+0000] {taskinstance.py:2888} INFO - Executing <Mapped(_PythonDecoratedOperator): task_backfill_number_of_cancelled_candidates_in_batch> on 2024-09-06 17:47:30.120511+00:00
[2024-09-06T17:47:37.881+0000] {standard_task_runner.py:104} INFO - Running: ['***', 'tasks', 'run', 'async_flow', 'task_backfill_number_of_cancelled_candidates_in_batch', 'manual__2024-09-06T17:47:30.120511+00:00', '--job-id', '369', '--raw', '--subdir', 'DAGS_FOLDER/dags_async_flow.py', '--cfg-path', '/tmp/tmpffa4osgr', '--map-index', '36']
[2024-09-06T17:47:37.883+0000] {standard_task_runner.py:105} INFO - Job 369: Subtask task_backfill_number_of_cancelled_candidates_in_batch
[2024-09-06T17:47:37.879+0000] {warnings.py:112} WARNING - /home/***/.local/lib/python3.12/site-packages/***/task/task_runner/standard_task_runner.py:70: DeprecationWarning: This process (pid=1237) is multi-threaded, use of fork() may lead to deadlocks in the child.
  pid = os.fork()

[2024-09-06T17:47:37.886+0000] {standard_task_runner.py:72} INFO - Started process 1322 to run task
[2024-09-06T17:47:37.978+0000] {task_command.py:467} INFO - Running <TaskInstance: async_flow.task_backfill_number_of_cancelled_candidates_in_batch manual__2024-09-06T17:47:30.120511+00:00 map_index=36 [running]> on host 0817eb6c24af
[2024-09-06T17:47:38.121+0000] {taskinstance.py:3131} INFO - Exporting env vars: AIRFLOW_CTX_DAG_OWNER='***' AIRFLOW_CTX_DAG_ID='async_flow' AIRFLOW_CTX_TASK_ID='task_backfill_number_of_cancelled_candidates_in_batch' AIRFLOW_CTX_EXECUTION_DATE='2024-09-06T17:47:30.120511+00:00' AIRFLOW_CTX_TRY_NUMBER='1' AIRFLOW_CTX_DAG_RUN_ID='manual__2024-09-06T17:47:30.120511+00:00'
[2024-09-06T17:47:38.122+0000] {taskinstance.py:731} INFO - ::endgroup::
[2024-09-06T17:47:38.136+0000] {core_li.py:23} INFO - Successfully updated job requisition 66db04abbf0a19d8769e67e2
[2024-09-06T17:47:38.145+0000] {core_li.py:23} INFO - Successfully updated job requisition 66db04abbf0a19d8769e67e4
[2024-09-06T17:47:38.152+0000] {core_li.py:23} INFO - Successfully updated job requisition 66db04abbf0a19d8769e67e6
[2024-09-06T17:47:38.167+0000] {core_li.py:23} INFO - Successfully updated job requisition 66db04abbf0a19d8769e67e8
[2024-09-06T17:47:38.176+0000] {core_li.py:23} INFO - Successfully updated job requisition 66db04abbf0a19d8769e67ea
[2024-09-06T17:47:38.184+0000] {core_li.py:23} INFO - Successfully updated job requisition 66db04abbf0a19d8769e67ec
[2024-09-06T17:47:38.193+0000] {core_li.py:23} INFO - Successfully updated job requisition 66db04abbf0a19d8769e67ee
[2024-09-06T17:47:38.206+0000] {core_li.py:23} INFO - Successfully updated job requisition 66db04abbf0a19d8769e67f0
[2024-09-06T17:47:38.218+0000] {core_li.py:23} INFO - Successfully updated job requisition 66db04abbf0a19d8769e67f2
[2024-09-06T17:47:38.225+0000] {core_li.py:23} INFO - Successfully updated job requisition 66db04abbf0a19d8769e67f4
[2024-09-06T17:47:38.234+0000] {core_li.py:23} INFO - Successfully updated job requisition 66db04abbf0a19d8769e67f6
[2024-09-06T17:47:38.243+0000] {core_li.py:23} INFO - Successfully updated job requisition 66db04abbf0a19d8769e67f8
[2024-09-06T17:47:38.257+0000] {core_li.py:23} INFO - Successfully updated job requisition 66db04abbf0a19d8769e67fa
[2024-09-06T17:47:38.265+0000] {core_li.py:23} INFO - Successfully updated job requisition 66db04abbf0a19d8769e67fc
[2024-09-06T17:47:38.275+0000] {core_li.py:23} INFO - Successfully updated job requisition 66db04abbf0a19d8769e67fe
[2024-09-06T17:47:38.285+0000] {core_li.py:23} INFO - Successfully updated job requisition 66db04abbf0a19d8769e6800
[2024-09-06T17:47:38.294+0000] {core_li.py:23} INFO - Successfully updated job requisition 66db04abbf0a19d8769e6802
[2024-09-06T17:47:38.302+0000] {core_li.py:23} INFO - Successfully updated job requisition 66db04abbf0a19d8769e6804
[2024-09-06T17:47:38.311+0000] {core_li.py:23} INFO - Successfully updated job requisition 66db04abbf0a19d8769e6806
[2024-09-06T17:47:38.323+0000] {core_li.py:23} INFO - Successfully updated job requisition 66db04abbf0a19d8769e6808
[2024-09-06T17:47:38.333+0000] {core_li.py:23} INFO - Successfully updated job requisition 66db04abbf0a19d8769e680a
[2024-09-06T17:47:38.340+0000] {core_li.py:23} INFO - Successfully updated job requisition 66db04abbf0a19d8769e680c
[2024-09-06T17:47:38.351+0000] {core_li.py:23} INFO - Successfully updated job requisition 66db04abbf0a19d8769e680e
[2024-09-06T17:47:38.358+0000] {core_li.py:23} INFO - Successfully updated job requisition 66db04abbf0a19d8769e6810
[2024-09-06T17:47:38.365+0000] {core_li.py:23} INFO - Successfully updated job requisition 66db04abbf0a19d8769e6812
[2024-09-06T17:47:38.386+0000] {core_li.py:23} INFO - Successfully updated job requisition 66db04abbf0a19d8769e6814
[2024-09-06T17:47:38.394+0000] {core_li.py:23} INFO - Successfully updated job requisition 66db04abbf0a19d8769e6816
[2024-09-06T17:47:38.402+0000] {core_li.py:23} INFO - Successfully updated job requisition 66db04abbf0a19d8769e6818
[2024-09-06T17:47:38.411+0000] {core_li.py:23} INFO - Successfully updated job requisition 66db04abbf0a19d8769e681a
[2024-09-06T17:47:38.421+0000] {core_li.py:23} INFO - Successfully updated job requisition 66db04abbf0a19d8769e681c
[2024-09-06T17:47:38.428+0000] {core_li.py:23} INFO - Successfully updated job requisition 66db04abbf0a19d8769e681e
[2024-09-06T17:47:38.436+0000] {core_li.py:23} INFO - Successfully updated job requisition 66db04abbf0a19d8769e6820
[2024-09-06T17:47:38.444+0000] {core_li.py:23} INFO - Successfully updated job requisition 66db04abbf0a19d8769e6822
[2024-09-06T17:47:38.452+0000] {core_li.py:23} INFO - Successfully updated job requisition 66db04abbf0a19d8769e6824
[2024-09-06T17:47:38.462+0000] {core_li.py:23} INFO - Successfully updated job requisition 66db04abbf0a19d8769e6826
[2024-09-06T17:47:38.473+0000] {core_li.py:23} INFO - Successfully updated job requisition 66db04abbf0a19d8769e6828
[2024-09-06T17:47:38.482+0000] {core_li.py:23} INFO - Successfully updated job requisition 66db04abbf0a19d8769e682a
[2024-09-06T17:47:38.495+0000] {core_li.py:23} INFO - Successfully updated job requisition 66db04abbf0a19d8769e682c
[2024-09-06T17:47:38.523+0000] {core_li.py:23} INFO - Successfully updated job requisition 66db04abbf0a19d8769e682e
[2024-09-06T17:47:38.550+0000] {core_li.py:23} INFO - Successfully updated job requisition 66db04abbf0a19d8769e6830
[2024-09-06T17:47:38.560+0000] {core_li.py:23} INFO - Successfully updated job requisition 66db04abbf0a19d8769e6832
[2024-09-06T17:47:38.568+0000] {core_li.py:23} INFO - Successfully updated job requisition 66db04abbf0a19d8769e6834
[2024-09-06T17:47:38.576+0000] {core_li.py:23} INFO - Successfully updated job requisition 66db04abbf0a19d8769e6836
[2024-09-06T17:47:38.584+0000] {core_li.py:23} INFO - Successfully updated job requisition 66db04abbf0a19d8769e6838
[2024-09-06T17:47:38.591+0000] {core_li.py:23} INFO - Successfully updated job requisition 66db04abbf0a19d8769e683a
[2024-09-06T17:47:38.599+0000] {core_li.py:23} INFO - Successfully updated job requisition 66db04abbf0a19d8769e683c
[2024-09-06T17:47:38.609+0000] {core_li.py:23} INFO - Successfully updated job requisition 66db04abbf0a19d8769e683e
[2024-09-06T17:47:38.618+0000] {core_li.py:23} INFO - Successfully updated job requisition 66db04abbf0a19d8769e6840
[2024-09-06T17:47:38.624+0000] {core_li.py:23} INFO - Successfully updated job requisition 66db04abbf0a19d8769e6842
[2024-09-06T17:47:38.635+0000] {core_li.py:23} INFO - Successfully updated job requisition 66db04abbf0a19d8769e6844
[2024-09-06T17:47:38.645+0000] {core_li.py:23} INFO - Successfully updated job requisition 66db04abbf0a19d8769e6846
[2024-09-06T17:47:38.651+0000] {core_li.py:23} INFO - Successfully updated job requisition 66db04abbf0a19d8769e6848
[2024-09-06T17:47:38.660+0000] {core_li.py:23} INFO - Successfully updated job requisition 66db04abbf0a19d8769e684a
[2024-09-06T17:47:38.668+0000] {core_li.py:23} INFO - Successfully updated job requisition 66db04abbf0a19d8769e684c
[2024-09-06T17:47:38.677+0000] {core_li.py:23} INFO - Successfully updated job requisition 66db04abbf0a19d8769e684e
[2024-09-06T17:47:38.685+0000] {core_li.py:23} INFO - Successfully updated job requisition 66db04abbf0a19d8769e6850
[2024-09-06T17:47:38.694+0000] {core_li.py:23} INFO - Successfully updated job requisition 66db04abbf0a19d8769e6852
[2024-09-06T17:47:38.702+0000] {core_li.py:23} INFO - Successfully updated job requisition 66db04abbf0a19d8769e6854
[2024-09-06T17:47:38.723+0000] {core_li.py:23} INFO - Successfully updated job requisition 66db04abbf0a19d8769e6856
[2024-09-06T17:47:38.731+0000] {core_li.py:23} INFO - Successfully updated job requisition 66db04abbf0a19d8769e6858
[2024-09-06T17:47:38.738+0000] {core_li.py:23} INFO - Successfully updated job requisition 66db04abbf0a19d8769e685a
[2024-09-06T17:47:38.744+0000] {core_li.py:23} INFO - Successfully updated job requisition 66db04abbf0a19d8769e685c
[2024-09-06T17:47:38.754+0000] {core_li.py:23} INFO - Successfully updated job requisition 66db04abbf0a19d8769e685e
[2024-09-06T17:47:38.759+0000] {core_li.py:23} INFO - Successfully updated job requisition 66db04abbf0a19d8769e6860
[2024-09-06T17:47:38.767+0000] {core_li.py:23} INFO - Successfully updated job requisition 66db04abbf0a19d8769e6862
[2024-09-06T17:47:38.777+0000] {core_li.py:23} INFO - Successfully updated job requisition 66db04abbf0a19d8769e6864
[2024-09-06T17:47:38.787+0000] {core_li.py:23} INFO - Successfully updated job requisition 66db04abbf0a19d8769e6866
[2024-09-06T17:47:38.797+0000] {core_li.py:23} INFO - Successfully updated job requisition 66db04abbf0a19d8769e6868
[2024-09-06T17:47:38.810+0000] {core_li.py:23} INFO - Successfully updated job requisition 66db04abbf0a19d8769e686a
[2024-09-06T17:47:38.817+0000] {core_li.py:23} INFO - Successfully updated job requisition 66db04abbf0a19d8769e686c
[2024-09-06T17:47:38.823+0000] {core_li.py:23} INFO - Successfully updated job requisition 66db04abbf0a19d8769e686e
[2024-09-06T17:47:38.831+0000] {core_li.py:23} INFO - Successfully updated job requisition 66db04abbf0a19d8769e6870
[2024-09-06T17:47:38.841+0000] {core_li.py:23} INFO - Successfully updated job requisition 66db04abbf0a19d8769e6872
[2024-09-06T17:47:38.849+0000] {core_li.py:23} INFO - Successfully updated job requisition 66db04abbf0a19d8769e6874
[2024-09-06T17:47:38.858+0000] {core_li.py:23} INFO - Successfully updated job requisition 66db04abbf0a19d8769e6876
[2024-09-06T17:47:38.866+0000] {core_li.py:23} INFO - Successfully updated job requisition 66db04abbf0a19d8769e6878
[2024-09-06T17:47:38.874+0000] {core_li.py:23} INFO - Successfully updated job requisition 66db04abbf0a19d8769e687a
[2024-09-06T17:47:38.879+0000] {core_li.py:23} INFO - Successfully updated job requisition 66db04abbf0a19d8769e687c
[2024-09-06T17:47:38.886+0000] {core_li.py:23} INFO - Successfully updated job requisition 66db04abbf0a19d8769e687e
[2024-09-06T17:47:38.894+0000] {core_li.py:23} INFO - Successfully updated job requisition 66db04abbf0a19d8769e6880
[2024-09-06T17:47:38.907+0000] {core_li.py:23} INFO - Successfully updated job requisition 66db04abbf0a19d8769e6882
[2024-09-06T17:47:38.916+0000] {core_li.py:23} INFO - Successfully updated job requisition 66db04abbf0a19d8769e6884
[2024-09-06T17:47:38.921+0000] {core_li.py:23} INFO - Successfully updated job requisition 66db04abbf0a19d8769e6886
[2024-09-06T17:47:38.928+0000] {core_li.py:23} INFO - Successfully updated job requisition 66db04abbf0a19d8769e6888
[2024-09-06T17:47:38.935+0000] {core_li.py:23} INFO - Successfully updated job requisition 66db04abbf0a19d8769e688a
[2024-09-06T17:47:38.945+0000] {core_li.py:23} INFO - Successfully updated job requisition 66db04abbf0a19d8769e688c
[2024-09-06T17:47:38.953+0000] {core_li.py:23} INFO - Successfully updated job requisition 66db04abbf0a19d8769e688e
[2024-09-06T17:47:38.960+0000] {core_li.py:23} INFO - Successfully updated job requisition 66db04abbf0a19d8769e6890
[2024-09-06T17:47:38.968+0000] {core_li.py:23} INFO - Successfully updated job requisition 66db04abbf0a19d8769e6892
[2024-09-06T17:47:38.975+0000] {core_li.py:23} INFO - Successfully updated job requisition 66db04abbf0a19d8769e6894
[2024-09-06T17:47:38.981+0000] {core_li.py:23} INFO - Successfully updated job requisition 66db04abbf0a19d8769e6896
[2024-09-06T17:47:38.987+0000] {core_li.py:23} INFO - Successfully updated job requisition 66db04abbf0a19d8769e6898
[2024-09-06T17:47:38.997+0000] {core_li.py:23} INFO - Successfully updated job requisition 66db04abbf0a19d8769e689a
[2024-09-06T17:47:39.006+0000] {core_li.py:23} INFO - Successfully updated job requisition 66db04abbf0a19d8769e689c
[2024-09-06T17:47:39.014+0000] {core_li.py:23} INFO - Successfully updated job requisition 66db04abbf0a19d8769e689e
[2024-09-06T17:47:39.023+0000] {core_li.py:23} INFO - Successfully updated job requisition 66db04abbf0a19d8769e68a0
[2024-09-06T17:47:39.031+0000] {core_li.py:23} INFO - Successfully updated job requisition 66db04abbf0a19d8769e68a2
[2024-09-06T17:47:39.037+0000] {core_li.py:23} INFO - Successfully updated job requisition 66db04abbf0a19d8769e68a4
[2024-09-06T17:47:39.044+0000] {core_li.py:23} INFO - Successfully updated job requisition 66db04abbf0a19d8769e68a6
[2024-09-06T17:47:39.055+0000] {core_li.py:23} INFO - Successfully updated job requisition 66db04abbf0a19d8769e68a8
[2024-09-06T17:47:39.056+0000] {python.py:240} INFO - Done. Returned value was: 100
[2024-09-06T17:47:39.087+0000] {taskinstance.py:340} INFO - ::group::Post task execution logs
[2024-09-06T17:47:39.088+0000] {taskinstance.py:352} INFO - Marking task as SUCCESS. dag_id=async_flow, task_id=task_backfill_number_of_cancelled_candidates_in_batch, run_id=manual__2024-09-06T17:47:30.120511+00:00, map_index=36, execution_date=20240906T174730, start_date=20240906T174737, end_date=20240906T174739
[2024-09-06T17:47:39.117+0000] {local_task_job_runner.py:266} INFO - Task exited with return code 0
[2024-09-06T17:47:39.132+0000] {local_task_job_runner.py:245} INFO - ::endgroup::
