[2024-09-06T17:29:41.825+0000] {local_task_job_runner.py:123} INFO - ::group::Pre task execution logs
[2024-09-06T17:29:41.849+0000] {taskinstance.py:2612} INFO - Dependencies all met for dep_context=non-requeueable deps ti=<TaskInstance: async_flow.task_backfill_number_of_cancelled_candidates_in_batch manual__2024-09-06T17:29:39.458358+00:00 map_index=3 [queued]>
[2024-09-06T17:29:41.868+0000] {taskinstance.py:2612} INFO - Dependencies all met for dep_context=requeueable deps ti=<TaskInstance: async_flow.task_backfill_number_of_cancelled_candidates_in_batch manual__2024-09-06T17:29:39.458358+00:00 map_index=3 [queued]>
[2024-09-06T17:29:41.887+0000] {taskinstance.py:2865} INFO - Starting attempt 1 of 1
[2024-09-06T17:29:41.923+0000] {taskinstance.py:2888} INFO - Executing <Mapped(_PythonDecoratedOperator): task_backfill_number_of_cancelled_candidates_in_batch> on 2024-09-06 17:29:39.458358+00:00
[2024-09-06T17:29:41.936+0000] {warnings.py:112} WARNING - /home/***/.local/lib/python3.12/site-packages/***/task/task_runner/standard_task_runner.py:70: DeprecationWarning: This process (pid=3130) is multi-threaded, use of fork() may lead to deadlocks in the child.
  pid = os.fork()

[2024-09-06T17:29:41.944+0000] {standard_task_runner.py:72} INFO - Started process 3194 to run task
[2024-09-06T17:29:41.941+0000] {standard_task_runner.py:104} INFO - Running: ['***', 'tasks', 'run', 'async_flow', 'task_backfill_number_of_cancelled_candidates_in_batch', 'manual__2024-09-06T17:29:39.458358+00:00', '--job-id', '127', '--raw', '--subdir', 'DAGS_FOLDER/dags_async_flow.py', '--cfg-path', '/tmp/tmp_5crhvql', '--map-index', '3']
[2024-09-06T17:29:41.957+0000] {standard_task_runner.py:105} INFO - Job 127: Subtask task_backfill_number_of_cancelled_candidates_in_batch
[2024-09-06T17:29:42.040+0000] {task_command.py:467} INFO - Running <TaskInstance: async_flow.task_backfill_number_of_cancelled_candidates_in_batch manual__2024-09-06T17:29:39.458358+00:00 map_index=3 [running]> on host a3a5f1897683
[2024-09-06T17:29:42.220+0000] {taskinstance.py:3131} INFO - Exporting env vars: AIRFLOW_CTX_DAG_OWNER='***' AIRFLOW_CTX_DAG_ID='async_flow' AIRFLOW_CTX_TASK_ID='task_backfill_number_of_cancelled_candidates_in_batch' AIRFLOW_CTX_EXECUTION_DATE='2024-09-06T17:29:39.458358+00:00' AIRFLOW_CTX_TRY_NUMBER='1' AIRFLOW_CTX_DAG_RUN_ID='manual__2024-09-06T17:29:39.458358+00:00'
[2024-09-06T17:29:42.228+0000] {taskinstance.py:731} INFO - ::endgroup::
[2024-09-06T17:29:42.315+0000] {core_li.py:23} INFO - Successfully updated job requisition 66db04aabf0a19d8769e5dba
[2024-09-06T17:29:42.375+0000] {core_li.py:23} INFO - Successfully updated job requisition 66db04aabf0a19d8769e5dbc
[2024-09-06T17:29:42.412+0000] {core_li.py:23} INFO - Successfully updated job requisition 66db04aabf0a19d8769e5dbe
[2024-09-06T17:29:42.427+0000] {core_li.py:23} INFO - Successfully updated job requisition 66db04aabf0a19d8769e5dc0
[2024-09-06T17:29:42.450+0000] {core_li.py:23} INFO - Successfully updated job requisition 66db04aabf0a19d8769e5dc2
[2024-09-06T17:29:42.469+0000] {core_li.py:23} INFO - Successfully updated job requisition 66db04aabf0a19d8769e5dc4
[2024-09-06T17:29:42.478+0000] {core_li.py:23} INFO - Successfully updated job requisition 66db04aabf0a19d8769e5dc6
[2024-09-06T17:29:42.495+0000] {core_li.py:23} INFO - Successfully updated job requisition 66db04aabf0a19d8769e5dc8
[2024-09-06T17:29:42.504+0000] {core_li.py:23} INFO - Successfully updated job requisition 66db04aabf0a19d8769e5dca
[2024-09-06T17:29:42.530+0000] {core_li.py:23} INFO - Successfully updated job requisition 66db04aabf0a19d8769e5dcc
[2024-09-06T17:29:42.542+0000] {core_li.py:23} INFO - Successfully updated job requisition 66db04aabf0a19d8769e5dce
[2024-09-06T17:29:42.553+0000] {core_li.py:23} INFO - Successfully updated job requisition 66db04aabf0a19d8769e5dd0
[2024-09-06T17:29:42.565+0000] {core_li.py:23} INFO - Successfully updated job requisition 66db04aabf0a19d8769e5dd2
[2024-09-06T17:29:42.576+0000] {core_li.py:23} INFO - Successfully updated job requisition 66db04aabf0a19d8769e5dd4
[2024-09-06T17:29:42.591+0000] {core_li.py:23} INFO - Successfully updated job requisition 66db04aabf0a19d8769e5dd6
[2024-09-06T17:29:42.604+0000] {core_li.py:23} INFO - Successfully updated job requisition 66db04aabf0a19d8769e5dd8
[2024-09-06T17:29:42.620+0000] {core_li.py:23} INFO - Successfully updated job requisition 66db04aabf0a19d8769e5dda
[2024-09-06T17:29:42.629+0000] {core_li.py:23} INFO - Successfully updated job requisition 66db04aabf0a19d8769e5ddc
[2024-09-06T17:29:42.637+0000] {core_li.py:23} INFO - Successfully updated job requisition 66db04aabf0a19d8769e5dde
[2024-09-06T17:29:42.649+0000] {core_li.py:23} INFO - Successfully updated job requisition 66db04aabf0a19d8769e5de0
[2024-09-06T17:29:42.660+0000] {core_li.py:23} INFO - Successfully updated job requisition 66db04aabf0a19d8769e5de2
[2024-09-06T17:29:42.671+0000] {core_li.py:23} INFO - Successfully updated job requisition 66db04aabf0a19d8769e5de4
[2024-09-06T17:29:42.681+0000] {core_li.py:23} INFO - Successfully updated job requisition 66db04aabf0a19d8769e5de6
[2024-09-06T17:29:42.692+0000] {core_li.py:23} INFO - Successfully updated job requisition 66db04aabf0a19d8769e5de8
[2024-09-06T17:29:42.706+0000] {core_li.py:23} INFO - Successfully updated job requisition 66db04aabf0a19d8769e5dea
[2024-09-06T17:29:42.723+0000] {core_li.py:23} INFO - Successfully updated job requisition 66db04aabf0a19d8769e5dec
[2024-09-06T17:29:42.747+0000] {core_li.py:23} INFO - Successfully updated job requisition 66db04aabf0a19d8769e5dee
[2024-09-06T17:29:42.758+0000] {core_li.py:23} INFO - Successfully updated job requisition 66db04aabf0a19d8769e5df0
[2024-09-06T17:29:42.769+0000] {core_li.py:23} INFO - Successfully updated job requisition 66db04aabf0a19d8769e5df2
[2024-09-06T17:29:42.783+0000] {core_li.py:23} INFO - Successfully updated job requisition 66db04aabf0a19d8769e5df4
[2024-09-06T17:29:42.798+0000] {core_li.py:23} INFO - Successfully updated job requisition 66db04aabf0a19d8769e5df6
[2024-09-06T17:29:42.809+0000] {core_li.py:23} INFO - Successfully updated job requisition 66db04aabf0a19d8769e5df8
[2024-09-06T17:29:42.819+0000] {core_li.py:23} INFO - Successfully updated job requisition 66db04aabf0a19d8769e5dfa
[2024-09-06T17:29:42.831+0000] {core_li.py:23} INFO - Successfully updated job requisition 66db04aabf0a19d8769e5dfc
[2024-09-06T17:29:42.839+0000] {core_li.py:23} INFO - Successfully updated job requisition 66db04aabf0a19d8769e5dfe
[2024-09-06T17:29:42.855+0000] {core_li.py:23} INFO - Successfully updated job requisition 66db04aabf0a19d8769e5e00
[2024-09-06T17:29:42.866+0000] {core_li.py:23} INFO - Successfully updated job requisition 66db04aabf0a19d8769e5e02
[2024-09-06T17:29:42.877+0000] {core_li.py:23} INFO - Successfully updated job requisition 66db04aabf0a19d8769e5e04
[2024-09-06T17:29:42.889+0000] {core_li.py:23} INFO - Successfully updated job requisition 66db04aabf0a19d8769e5e06
[2024-09-06T17:29:42.900+0000] {core_li.py:23} INFO - Successfully updated job requisition 66db04aabf0a19d8769e5e08
[2024-09-06T17:29:42.911+0000] {core_li.py:23} INFO - Successfully updated job requisition 66db04aabf0a19d8769e5e0a
[2024-09-06T17:29:42.919+0000] {core_li.py:23} INFO - Successfully updated job requisition 66db04aabf0a19d8769e5e0c
[2024-09-06T17:29:42.927+0000] {core_li.py:23} INFO - Successfully updated job requisition 66db04aabf0a19d8769e5e0e
[2024-09-06T17:29:42.937+0000] {core_li.py:23} INFO - Successfully updated job requisition 66db04aabf0a19d8769e5e10
[2024-09-06T17:29:42.950+0000] {core_li.py:23} INFO - Successfully updated job requisition 66db04aabf0a19d8769e5e12
[2024-09-06T17:29:42.960+0000] {core_li.py:23} INFO - Successfully updated job requisition 66db04aabf0a19d8769e5e14
[2024-09-06T17:29:42.972+0000] {core_li.py:23} INFO - Successfully updated job requisition 66db04aabf0a19d8769e5e16
[2024-09-06T17:29:42.993+0000] {core_li.py:23} INFO - Successfully updated job requisition 66db04aabf0a19d8769e5e18
[2024-09-06T17:29:43.011+0000] {core_li.py:23} INFO - Successfully updated job requisition 66db04aabf0a19d8769e5e1a
[2024-09-06T17:29:43.020+0000] {core_li.py:23} INFO - Successfully updated job requisition 66db04aabf0a19d8769e5e1c
[2024-09-06T17:29:43.031+0000] {core_li.py:23} INFO - Successfully updated job requisition 66db04aabf0a19d8769e5e1e
[2024-09-06T17:29:43.044+0000] {core_li.py:23} INFO - Successfully updated job requisition 66db04aabf0a19d8769e5e20
[2024-09-06T17:29:43.050+0000] {core_li.py:23} INFO - Successfully updated job requisition 66db04aabf0a19d8769e5e22
[2024-09-06T17:29:43.057+0000] {core_li.py:23} INFO - Successfully updated job requisition 66db04aabf0a19d8769e5e24
[2024-09-06T17:29:43.065+0000] {core_li.py:23} INFO - Successfully updated job requisition 66db04aabf0a19d8769e5e26
[2024-09-06T17:29:43.074+0000] {core_li.py:23} INFO - Successfully updated job requisition 66db04aabf0a19d8769e5e28
[2024-09-06T17:29:43.086+0000] {core_li.py:23} INFO - Successfully updated job requisition 66db04aabf0a19d8769e5e2a
[2024-09-06T17:29:43.095+0000] {core_li.py:23} INFO - Successfully updated job requisition 66db04aabf0a19d8769e5e2c
[2024-09-06T17:29:43.103+0000] {core_li.py:23} INFO - Successfully updated job requisition 66db04aabf0a19d8769e5e2e
[2024-09-06T17:29:43.111+0000] {core_li.py:23} INFO - Successfully updated job requisition 66db04aabf0a19d8769e5e30
[2024-09-06T17:29:43.122+0000] {core_li.py:23} INFO - Successfully updated job requisition 66db04aabf0a19d8769e5e32
[2024-09-06T17:29:43.136+0000] {core_li.py:23} INFO - Successfully updated job requisition 66db04aabf0a19d8769e5e34
[2024-09-06T17:29:43.143+0000] {core_li.py:23} INFO - Successfully updated job requisition 66db04aabf0a19d8769e5e36
[2024-09-06T17:29:43.152+0000] {core_li.py:23} INFO - Successfully updated job requisition 66db04aabf0a19d8769e5e38
[2024-09-06T17:29:43.162+0000] {core_li.py:23} INFO - Successfully updated job requisition 66db04aabf0a19d8769e5e3a
[2024-09-06T17:29:43.173+0000] {core_li.py:23} INFO - Successfully updated job requisition 66db04aabf0a19d8769e5e3c
[2024-09-06T17:29:43.188+0000] {core_li.py:23} INFO - Successfully updated job requisition 66db04aabf0a19d8769e5e3e
[2024-09-06T17:29:43.198+0000] {core_li.py:23} INFO - Successfully updated job requisition 66db04aabf0a19d8769e5e40
[2024-09-06T17:29:43.208+0000] {core_li.py:23} INFO - Successfully updated job requisition 66db04aabf0a19d8769e5e42
[2024-09-06T17:29:43.219+0000] {core_li.py:23} INFO - Successfully updated job requisition 66db04aabf0a19d8769e5e44
[2024-09-06T17:29:43.238+0000] {core_li.py:23} INFO - Successfully updated job requisition 66db04aabf0a19d8769e5e46
[2024-09-06T17:29:43.252+0000] {core_li.py:23} INFO - Successfully updated job requisition 66db04aabf0a19d8769e5e48
[2024-09-06T17:29:43.275+0000] {core_li.py:23} INFO - Successfully updated job requisition 66db04aabf0a19d8769e5e4a
[2024-09-06T17:29:43.294+0000] {core_li.py:23} INFO - Successfully updated job requisition 66db04aabf0a19d8769e5e4c
[2024-09-06T17:29:43.313+0000] {core_li.py:23} INFO - Successfully updated job requisition 66db04aabf0a19d8769e5e4e
[2024-09-06T17:29:43.331+0000] {core_li.py:23} INFO - Successfully updated job requisition 66db04aabf0a19d8769e5e50
[2024-09-06T17:29:43.347+0000] {core_li.py:23} INFO - Successfully updated job requisition 66db04aabf0a19d8769e5e52
[2024-09-06T17:29:43.360+0000] {core_li.py:23} INFO - Successfully updated job requisition 66db04aabf0a19d8769e5e54
[2024-09-06T17:29:43.372+0000] {core_li.py:23} INFO - Successfully updated job requisition 66db04aabf0a19d8769e5e56
[2024-09-06T17:29:43.386+0000] {core_li.py:23} INFO - Successfully updated job requisition 66db04aabf0a19d8769e5e58
[2024-09-06T17:29:43.397+0000] {core_li.py:23} INFO - Successfully updated job requisition 66db04aabf0a19d8769e5e5a
[2024-09-06T17:29:43.408+0000] {core_li.py:23} INFO - Successfully updated job requisition 66db04aabf0a19d8769e5e5c
[2024-09-06T17:29:43.424+0000] {core_li.py:23} INFO - Successfully updated job requisition 66db04aabf0a19d8769e5e5e
[2024-09-06T17:29:43.436+0000] {core_li.py:23} INFO - Successfully updated job requisition 66db04aabf0a19d8769e5e60
[2024-09-06T17:29:43.450+0000] {core_li.py:23} INFO - Successfully updated job requisition 66db04aabf0a19d8769e5e62
[2024-09-06T17:29:43.472+0000] {core_li.py:23} INFO - Successfully updated job requisition 66db04aabf0a19d8769e5e64
[2024-09-06T17:29:43.491+0000] {core_li.py:23} INFO - Successfully updated job requisition 66db04aabf0a19d8769e5e66
[2024-09-06T17:29:43.505+0000] {core_li.py:23} INFO - Successfully updated job requisition 66db04aabf0a19d8769e5e68
[2024-09-06T17:29:43.516+0000] {core_li.py:23} INFO - Successfully updated job requisition 66db04aabf0a19d8769e5e6a
[2024-09-06T17:29:43.535+0000] {core_li.py:23} INFO - Successfully updated job requisition 66db04aabf0a19d8769e5e6c
[2024-09-06T17:29:43.549+0000] {core_li.py:23} INFO - Successfully updated job requisition 66db04aabf0a19d8769e5e6e
[2024-09-06T17:29:43.561+0000] {core_li.py:23} INFO - Successfully updated job requisition 66db04aabf0a19d8769e5e70
[2024-09-06T17:29:43.570+0000] {core_li.py:23} INFO - Successfully updated job requisition 66db04aabf0a19d8769e5e72
[2024-09-06T17:29:43.586+0000] {core_li.py:23} INFO - Successfully updated job requisition 66db04aabf0a19d8769e5e74
[2024-09-06T17:29:43.594+0000] {core_li.py:23} INFO - Successfully updated job requisition 66db04aabf0a19d8769e5e76
[2024-09-06T17:29:43.603+0000] {core_li.py:23} INFO - Successfully updated job requisition 66db04aabf0a19d8769e5e78
[2024-09-06T17:29:43.623+0000] {core_li.py:23} INFO - Successfully updated job requisition 66db04aabf0a19d8769e5e7a
[2024-09-06T17:29:43.634+0000] {core_li.py:23} INFO - Successfully updated job requisition 66db04aabf0a19d8769e5e7c
[2024-09-06T17:29:43.646+0000] {core_li.py:23} INFO - Successfully updated job requisition 66db04aabf0a19d8769e5e7e
[2024-09-06T17:29:43.656+0000] {core_li.py:23} INFO - Successfully updated job requisition 66db04aabf0a19d8769e5e80
[2024-09-06T17:29:43.657+0000] {python.py:240} INFO - Done. Returned value was: 100
[2024-09-06T17:29:43.679+0000] {taskinstance.py:340} INFO - ::group::Post task execution logs
[2024-09-06T17:29:43.680+0000] {taskinstance.py:352} INFO - Marking task as SUCCESS. dag_id=async_flow, task_id=task_backfill_number_of_cancelled_candidates_in_batch, run_id=manual__2024-09-06T17:29:39.458358+00:00, map_index=3, execution_date=20240906T172939, start_date=20240906T172941, end_date=20240906T172943
[2024-09-06T17:29:43.732+0000] {local_task_job_runner.py:266} INFO - Task exited with return code 0
[2024-09-06T17:29:43.760+0000] {taskinstance.py:3900} INFO - 0 downstream tasks scheduled from follow-on schedule check
[2024-09-06T17:29:43.773+0000] {local_task_job_runner.py:245} INFO - ::endgroup::
