[2024-09-06T17:45:48.207+0000] {local_task_job_runner.py:123} INFO - ::group::Pre task execution logs
[2024-09-06T17:45:48.248+0000] {taskinstance.py:2612} INFO - Dependencies all met for dep_context=non-requeueable deps ti=<TaskInstance: async_flow.task_backfill_number_of_cancelled_candidates_in_batch manual__2024-09-06T17:29:39.458358+00:00 map_index=3 [queued]>
[2024-09-06T17:45:48.263+0000] {taskinstance.py:2612} INFO - Dependencies all met for dep_context=requeueable deps ti=<TaskInstance: async_flow.task_backfill_number_of_cancelled_candidates_in_batch manual__2024-09-06T17:29:39.458358+00:00 map_index=3 [queued]>
[2024-09-06T17:45:48.266+0000] {taskinstance.py:2865} INFO - Starting attempt 2 of 2
[2024-09-06T17:45:48.283+0000] {taskinstance.py:2888} INFO - Executing <Mapped(_PythonDecoratedOperator): task_backfill_number_of_cancelled_candidates_in_batch> on 2024-09-06 17:29:39.458358+00:00
[2024-09-06T17:45:48.292+0000] {warnings.py:112} WARNING - /home/***/.local/lib/python3.12/site-packages/***/task/task_runner/standard_task_runner.py:70: DeprecationWarning: This process (pid=428) is multi-threaded, use of fork() may lead to deadlocks in the child.
  pid = os.fork()

[2024-09-06T17:45:48.294+0000] {standard_task_runner.py:72} INFO - Started process 509 to run task
[2024-09-06T17:45:48.300+0000] {standard_task_runner.py:104} INFO - Running: ['***', 'tasks', 'run', 'async_flow', 'task_backfill_number_of_cancelled_candidates_in_batch', 'manual__2024-09-06T17:29:39.458358+00:00', '--job-id', '239', '--raw', '--subdir', 'DAGS_FOLDER/dags_async_flow.py', '--cfg-path', '/tmp/tmp_o1o6ypx', '--map-index', '3']
[2024-09-06T17:45:48.305+0000] {standard_task_runner.py:105} INFO - Job 239: Subtask task_backfill_number_of_cancelled_candidates_in_batch
[2024-09-06T17:45:48.392+0000] {task_command.py:467} INFO - Running <TaskInstance: async_flow.task_backfill_number_of_cancelled_candidates_in_batch manual__2024-09-06T17:29:39.458358+00:00 map_index=3 [running]> on host 0817eb6c24af
[2024-09-06T17:45:48.521+0000] {taskinstance.py:3131} INFO - Exporting env vars: AIRFLOW_CTX_DAG_OWNER='***' AIRFLOW_CTX_DAG_ID='async_flow' AIRFLOW_CTX_TASK_ID='task_backfill_number_of_cancelled_candidates_in_batch' AIRFLOW_CTX_EXECUTION_DATE='2024-09-06T17:29:39.458358+00:00' AIRFLOW_CTX_TRY_NUMBER='2' AIRFLOW_CTX_DAG_RUN_ID='manual__2024-09-06T17:29:39.458358+00:00'
[2024-09-06T17:45:48.526+0000] {taskinstance.py:731} INFO - ::endgroup::
[2024-09-06T17:45:48.554+0000] {core_li.py:23} INFO - Successfully updated job requisition 66db04aabf0a19d8769e5dba
[2024-09-06T17:45:48.568+0000] {core_li.py:23} INFO - Successfully updated job requisition 66db04aabf0a19d8769e5dbc
[2024-09-06T17:45:48.581+0000] {core_li.py:23} INFO - Successfully updated job requisition 66db04aabf0a19d8769e5dbe
[2024-09-06T17:45:48.596+0000] {core_li.py:23} INFO - Successfully updated job requisition 66db04aabf0a19d8769e5dc0
[2024-09-06T17:45:48.608+0000] {core_li.py:23} INFO - Successfully updated job requisition 66db04aabf0a19d8769e5dc2
[2024-09-06T17:45:48.617+0000] {core_li.py:23} INFO - Successfully updated job requisition 66db04aabf0a19d8769e5dc4
[2024-09-06T17:45:48.630+0000] {core_li.py:23} INFO - Successfully updated job requisition 66db04aabf0a19d8769e5dc6
[2024-09-06T17:45:48.646+0000] {core_li.py:23} INFO - Successfully updated job requisition 66db04aabf0a19d8769e5dc8
[2024-09-06T17:45:48.659+0000] {core_li.py:23} INFO - Successfully updated job requisition 66db04aabf0a19d8769e5dca
[2024-09-06T17:45:48.670+0000] {core_li.py:23} INFO - Successfully updated job requisition 66db04aabf0a19d8769e5dcc
[2024-09-06T17:45:48.690+0000] {core_li.py:23} INFO - Successfully updated job requisition 66db04aabf0a19d8769e5dce
[2024-09-06T17:45:48.701+0000] {core_li.py:23} INFO - Successfully updated job requisition 66db04aabf0a19d8769e5dd0
[2024-09-06T17:45:48.713+0000] {core_li.py:23} INFO - Successfully updated job requisition 66db04aabf0a19d8769e5dd2
[2024-09-06T17:45:48.727+0000] {core_li.py:23} INFO - Successfully updated job requisition 66db04aabf0a19d8769e5dd4
[2024-09-06T17:45:48.740+0000] {core_li.py:23} INFO - Successfully updated job requisition 66db04aabf0a19d8769e5dd6
[2024-09-06T17:45:48.756+0000] {core_li.py:23} INFO - Successfully updated job requisition 66db04aabf0a19d8769e5dd8
[2024-09-06T17:45:48.770+0000] {core_li.py:23} INFO - Successfully updated job requisition 66db04aabf0a19d8769e5dda
[2024-09-06T17:45:48.782+0000] {core_li.py:23} INFO - Successfully updated job requisition 66db04aabf0a19d8769e5ddc
[2024-09-06T17:45:48.796+0000] {core_li.py:23} INFO - Successfully updated job requisition 66db04aabf0a19d8769e5dde
[2024-09-06T17:45:48.818+0000] {core_li.py:23} INFO - Successfully updated job requisition 66db04aabf0a19d8769e5de0
[2024-09-06T17:45:48.838+0000] {core_li.py:23} INFO - Successfully updated job requisition 66db04aabf0a19d8769e5de2
[2024-09-06T17:45:48.852+0000] {core_li.py:23} INFO - Successfully updated job requisition 66db04aabf0a19d8769e5de4
[2024-09-06T17:45:48.869+0000] {core_li.py:23} INFO - Successfully updated job requisition 66db04aabf0a19d8769e5de6
[2024-09-06T17:45:48.880+0000] {core_li.py:23} INFO - Successfully updated job requisition 66db04aabf0a19d8769e5de8
[2024-09-06T17:45:48.901+0000] {core_li.py:23} INFO - Successfully updated job requisition 66db04aabf0a19d8769e5dea
[2024-09-06T17:45:48.914+0000] {core_li.py:23} INFO - Successfully updated job requisition 66db04aabf0a19d8769e5dec
[2024-09-06T17:45:48.930+0000] {core_li.py:23} INFO - Successfully updated job requisition 66db04aabf0a19d8769e5dee
[2024-09-06T17:45:48.940+0000] {core_li.py:23} INFO - Successfully updated job requisition 66db04aabf0a19d8769e5df0
[2024-09-06T17:45:48.956+0000] {core_li.py:23} INFO - Successfully updated job requisition 66db04aabf0a19d8769e5df2
[2024-09-06T17:45:48.976+0000] {core_li.py:23} INFO - Successfully updated job requisition 66db04aabf0a19d8769e5df4
[2024-09-06T17:45:48.992+0000] {core_li.py:23} INFO - Successfully updated job requisition 66db04aabf0a19d8769e5df6
[2024-09-06T17:45:49.006+0000] {core_li.py:23} INFO - Successfully updated job requisition 66db04aabf0a19d8769e5df8
[2024-09-06T17:45:49.056+0000] {core_li.py:23} INFO - Successfully updated job requisition 66db04aabf0a19d8769e5dfa
[2024-09-06T17:45:49.082+0000] {core_li.py:23} INFO - Successfully updated job requisition 66db04aabf0a19d8769e5dfc
[2024-09-06T17:45:49.102+0000] {core_li.py:23} INFO - Successfully updated job requisition 66db04aabf0a19d8769e5dfe
[2024-09-06T17:45:49.115+0000] {core_li.py:23} INFO - Successfully updated job requisition 66db04aabf0a19d8769e5e00
[2024-09-06T17:45:49.129+0000] {core_li.py:23} INFO - Successfully updated job requisition 66db04aabf0a19d8769e5e02
[2024-09-06T17:45:49.140+0000] {core_li.py:23} INFO - Successfully updated job requisition 66db04aabf0a19d8769e5e04
[2024-09-06T17:45:49.155+0000] {core_li.py:23} INFO - Successfully updated job requisition 66db04aabf0a19d8769e5e06
[2024-09-06T17:45:49.166+0000] {core_li.py:23} INFO - Successfully updated job requisition 66db04aabf0a19d8769e5e08
[2024-09-06T17:45:49.177+0000] {core_li.py:23} INFO - Successfully updated job requisition 66db04aabf0a19d8769e5e0a
[2024-09-06T17:45:49.189+0000] {core_li.py:23} INFO - Successfully updated job requisition 66db04aabf0a19d8769e5e0c
[2024-09-06T17:45:49.196+0000] {core_li.py:23} INFO - Successfully updated job requisition 66db04aabf0a19d8769e5e0e
[2024-09-06T17:45:49.210+0000] {core_li.py:23} INFO - Successfully updated job requisition 66db04aabf0a19d8769e5e10
[2024-09-06T17:45:49.223+0000] {core_li.py:23} INFO - Successfully updated job requisition 66db04aabf0a19d8769e5e12
[2024-09-06T17:45:49.237+0000] {core_li.py:23} INFO - Successfully updated job requisition 66db04aabf0a19d8769e5e14
[2024-09-06T17:45:49.245+0000] {core_li.py:23} INFO - Successfully updated job requisition 66db04aabf0a19d8769e5e16
[2024-09-06T17:45:49.254+0000] {core_li.py:23} INFO - Successfully updated job requisition 66db04aabf0a19d8769e5e18
[2024-09-06T17:45:49.265+0000] {core_li.py:23} INFO - Successfully updated job requisition 66db04aabf0a19d8769e5e1a
[2024-09-06T17:45:49.273+0000] {core_li.py:23} INFO - Successfully updated job requisition 66db04aabf0a19d8769e5e1c
[2024-09-06T17:45:49.295+0000] {core_li.py:23} INFO - Successfully updated job requisition 66db04aabf0a19d8769e5e1e
[2024-09-06T17:45:49.306+0000] {core_li.py:23} INFO - Successfully updated job requisition 66db04aabf0a19d8769e5e20
[2024-09-06T17:45:49.324+0000] {core_li.py:23} INFO - Successfully updated job requisition 66db04aabf0a19d8769e5e22
[2024-09-06T17:45:49.343+0000] {core_li.py:23} INFO - Successfully updated job requisition 66db04aabf0a19d8769e5e24
[2024-09-06T17:45:49.360+0000] {core_li.py:23} INFO - Successfully updated job requisition 66db04aabf0a19d8769e5e26
[2024-09-06T17:45:49.373+0000] {core_li.py:23} INFO - Successfully updated job requisition 66db04aabf0a19d8769e5e28
[2024-09-06T17:45:49.384+0000] {core_li.py:23} INFO - Successfully updated job requisition 66db04aabf0a19d8769e5e2a
[2024-09-06T17:45:49.395+0000] {core_li.py:23} INFO - Successfully updated job requisition 66db04aabf0a19d8769e5e2c
[2024-09-06T17:45:49.404+0000] {core_li.py:23} INFO - Successfully updated job requisition 66db04aabf0a19d8769e5e2e
[2024-09-06T17:45:49.413+0000] {core_li.py:23} INFO - Successfully updated job requisition 66db04aabf0a19d8769e5e30
[2024-09-06T17:45:49.423+0000] {core_li.py:23} INFO - Successfully updated job requisition 66db04aabf0a19d8769e5e32
[2024-09-06T17:45:49.433+0000] {core_li.py:23} INFO - Successfully updated job requisition 66db04aabf0a19d8769e5e34
[2024-09-06T17:45:49.452+0000] {core_li.py:23} INFO - Successfully updated job requisition 66db04aabf0a19d8769e5e36
[2024-09-06T17:45:49.466+0000] {core_li.py:23} INFO - Successfully updated job requisition 66db04aabf0a19d8769e5e38
[2024-09-06T17:45:49.478+0000] {core_li.py:23} INFO - Successfully updated job requisition 66db04aabf0a19d8769e5e3a
[2024-09-06T17:45:49.488+0000] {core_li.py:23} INFO - Successfully updated job requisition 66db04aabf0a19d8769e5e3c
[2024-09-06T17:45:49.497+0000] {core_li.py:23} INFO - Successfully updated job requisition 66db04aabf0a19d8769e5e3e
[2024-09-06T17:45:49.508+0000] {core_li.py:23} INFO - Successfully updated job requisition 66db04aabf0a19d8769e5e40
[2024-09-06T17:45:49.517+0000] {core_li.py:23} INFO - Successfully updated job requisition 66db04aabf0a19d8769e5e42
[2024-09-06T17:45:49.528+0000] {core_li.py:23} INFO - Successfully updated job requisition 66db04aabf0a19d8769e5e44
[2024-09-06T17:45:49.536+0000] {core_li.py:23} INFO - Successfully updated job requisition 66db04aabf0a19d8769e5e46
[2024-09-06T17:45:49.552+0000] {core_li.py:23} INFO - Successfully updated job requisition 66db04aabf0a19d8769e5e48
[2024-09-06T17:45:49.561+0000] {core_li.py:23} INFO - Successfully updated job requisition 66db04aabf0a19d8769e5e4a
[2024-09-06T17:45:49.586+0000] {core_li.py:23} INFO - Successfully updated job requisition 66db04aabf0a19d8769e5e4c
[2024-09-06T17:45:49.595+0000] {core_li.py:23} INFO - Successfully updated job requisition 66db04aabf0a19d8769e5e4e
[2024-09-06T17:45:49.610+0000] {core_li.py:23} INFO - Successfully updated job requisition 66db04aabf0a19d8769e5e50
[2024-09-06T17:45:49.624+0000] {core_li.py:23} INFO - Successfully updated job requisition 66db04aabf0a19d8769e5e52
[2024-09-06T17:45:49.637+0000] {core_li.py:23} INFO - Successfully updated job requisition 66db04aabf0a19d8769e5e54
[2024-09-06T17:45:49.647+0000] {core_li.py:23} INFO - Successfully updated job requisition 66db04aabf0a19d8769e5e56
[2024-09-06T17:45:49.659+0000] {core_li.py:23} INFO - Successfully updated job requisition 66db04aabf0a19d8769e5e58
[2024-09-06T17:45:49.666+0000] {core_li.py:23} INFO - Successfully updated job requisition 66db04aabf0a19d8769e5e5a
[2024-09-06T17:45:49.675+0000] {core_li.py:23} INFO - Successfully updated job requisition 66db04aabf0a19d8769e5e5c
[2024-09-06T17:45:49.685+0000] {core_li.py:23} INFO - Successfully updated job requisition 66db04aabf0a19d8769e5e5e
[2024-09-06T17:45:49.697+0000] {core_li.py:23} INFO - Successfully updated job requisition 66db04aabf0a19d8769e5e60
[2024-09-06T17:45:49.705+0000] {core_li.py:23} INFO - Successfully updated job requisition 66db04aabf0a19d8769e5e62
[2024-09-06T17:45:49.714+0000] {core_li.py:23} INFO - Successfully updated job requisition 66db04aabf0a19d8769e5e64
[2024-09-06T17:45:49.721+0000] {core_li.py:23} INFO - Successfully updated job requisition 66db04aabf0a19d8769e5e66
[2024-09-06T17:45:49.730+0000] {core_li.py:23} INFO - Successfully updated job requisition 66db04aabf0a19d8769e5e68
[2024-09-06T17:45:49.740+0000] {core_li.py:23} INFO - Successfully updated job requisition 66db04aabf0a19d8769e5e6a
[2024-09-06T17:45:49.749+0000] {core_li.py:23} INFO - Successfully updated job requisition 66db04aabf0a19d8769e5e6c
[2024-09-06T17:45:49.760+0000] {core_li.py:23} INFO - Successfully updated job requisition 66db04aabf0a19d8769e5e6e
[2024-09-06T17:45:49.768+0000] {core_li.py:23} INFO - Successfully updated job requisition 66db04aabf0a19d8769e5e70
[2024-09-06T17:45:49.778+0000] {core_li.py:23} INFO - Successfully updated job requisition 66db04aabf0a19d8769e5e72
[2024-09-06T17:45:49.790+0000] {core_li.py:23} INFO - Successfully updated job requisition 66db04aabf0a19d8769e5e74
[2024-09-06T17:45:49.797+0000] {core_li.py:23} INFO - Successfully updated job requisition 66db04aabf0a19d8769e5e76
[2024-09-06T17:45:49.803+0000] {core_li.py:23} INFO - Successfully updated job requisition 66db04aabf0a19d8769e5e78
[2024-09-06T17:45:49.810+0000] {core_li.py:23} INFO - Successfully updated job requisition 66db04aabf0a19d8769e5e7a
[2024-09-06T17:45:49.816+0000] {core_li.py:23} INFO - Successfully updated job requisition 66db04aabf0a19d8769e5e7c
[2024-09-06T17:45:49.820+0000] {core_li.py:23} INFO - Successfully updated job requisition 66db04aabf0a19d8769e5e7e
[2024-09-06T17:45:49.832+0000] {core_li.py:23} INFO - Successfully updated job requisition 66db04aabf0a19d8769e5e80
[2024-09-06T17:45:49.833+0000] {python.py:240} INFO - Done. Returned value was: 100
[2024-09-06T17:45:49.864+0000] {taskinstance.py:340} INFO - ::group::Post task execution logs
[2024-09-06T17:45:49.865+0000] {taskinstance.py:352} INFO - Marking task as SUCCESS. dag_id=async_flow, task_id=task_backfill_number_of_cancelled_candidates_in_batch, run_id=manual__2024-09-06T17:29:39.458358+00:00, map_index=3, execution_date=20240906T172939, start_date=20240906T174548, end_date=20240906T174549
[2024-09-06T17:45:49.905+0000] {local_task_job_runner.py:266} INFO - Task exited with return code 0
[2024-09-06T17:45:49.913+0000] {local_task_job_runner.py:245} INFO - ::endgroup::
