[2024-09-06T17:43:10.069+0000] {local_task_job_runner.py:123} INFO - ::group::Pre task execution logs
[2024-09-06T17:43:10.087+0000] {taskinstance.py:2612} INFO - Dependencies all met for dep_context=non-requeueable deps ti=<TaskInstance: async_flow.task_backfill_number_of_cancelled_candidates_in_batch manual__2024-09-06T17:43:02.727107+00:00 map_index=36 [queued]>
[2024-09-06T17:43:10.099+0000] {taskinstance.py:2612} INFO - Dependencies all met for dep_context=requeueable deps ti=<TaskInstance: async_flow.task_backfill_number_of_cancelled_candidates_in_batch manual__2024-09-06T17:43:02.727107+00:00 map_index=36 [queued]>
[2024-09-06T17:43:10.102+0000] {taskinstance.py:2865} INFO - Starting attempt 1 of 1
[2024-09-06T17:43:10.124+0000] {taskinstance.py:2888} INFO - Executing <Mapped(_PythonDecoratedOperator): task_backfill_number_of_cancelled_candidates_in_batch> on 2024-09-06 17:43:02.727107+00:00
[2024-09-06T17:43:10.159+0000] {standard_task_runner.py:104} INFO - Running: ['***', 'tasks', 'run', 'async_flow', 'task_backfill_number_of_cancelled_candidates_in_batch', 'manual__2024-09-06T17:43:02.727107+00:00', '--job-id', '219', '--raw', '--subdir', 'DAGS_FOLDER/dags_async_flow.py', '--cfg-path', '/tmp/tmpdz802vb7', '--map-index', '36']
[2024-09-06T17:43:10.160+0000] {standard_task_runner.py:105} INFO - Job 219: Subtask task_backfill_number_of_cancelled_candidates_in_batch
[2024-09-06T17:43:10.165+0000] {warnings.py:112} WARNING - /home/***/.local/lib/python3.12/site-packages/***/task/task_runner/standard_task_runner.py:70: DeprecationWarning: This process (pid=276) is multi-threaded, use of fork() may lead to deadlocks in the child.
  pid = os.fork()

[2024-09-06T17:43:10.167+0000] {standard_task_runner.py:72} INFO - Started process 351 to run task
[2024-09-06T17:43:10.213+0000] {task_command.py:467} INFO - Running <TaskInstance: async_flow.task_backfill_number_of_cancelled_candidates_in_batch manual__2024-09-06T17:43:02.727107+00:00 map_index=36 [running]> on host 0817eb6c24af
[2024-09-06T17:43:10.328+0000] {taskinstance.py:3131} INFO - Exporting env vars: AIRFLOW_CTX_DAG_OWNER='***' AIRFLOW_CTX_DAG_ID='async_flow' AIRFLOW_CTX_TASK_ID='task_backfill_number_of_cancelled_candidates_in_batch' AIRFLOW_CTX_EXECUTION_DATE='2024-09-06T17:43:02.727107+00:00' AIRFLOW_CTX_TRY_NUMBER='1' AIRFLOW_CTX_DAG_RUN_ID='manual__2024-09-06T17:43:02.727107+00:00'
[2024-09-06T17:43:10.330+0000] {taskinstance.py:731} INFO - ::endgroup::
[2024-09-06T17:43:10.345+0000] {core_li.py:23} INFO - Successfully updated job requisition 66db04abbf0a19d8769e7782
[2024-09-06T17:43:10.355+0000] {core_li.py:23} INFO - Successfully updated job requisition 66db04abbf0a19d8769e7784
[2024-09-06T17:43:10.362+0000] {core_li.py:23} INFO - Successfully updated job requisition 66db04abbf0a19d8769e7786
[2024-09-06T17:43:10.372+0000] {core_li.py:23} INFO - Successfully updated job requisition 66db04abbf0a19d8769e7788
[2024-09-06T17:43:10.382+0000] {core_li.py:23} INFO - Successfully updated job requisition 66db04abbf0a19d8769e778a
[2024-09-06T17:43:10.392+0000] {core_li.py:23} INFO - Successfully updated job requisition 66db04abbf0a19d8769e778c
[2024-09-06T17:43:10.401+0000] {core_li.py:23} INFO - Successfully updated job requisition 66db04abbf0a19d8769e778e
[2024-09-06T17:43:10.409+0000] {core_li.py:23} INFO - Successfully updated job requisition 66db04abbf0a19d8769e7790
[2024-09-06T17:43:10.416+0000] {core_li.py:23} INFO - Successfully updated job requisition 66db04abbf0a19d8769e7792
[2024-09-06T17:43:10.427+0000] {core_li.py:23} INFO - Successfully updated job requisition 66db04abbf0a19d8769e7794
[2024-09-06T17:43:10.439+0000] {core_li.py:23} INFO - Successfully updated job requisition 66db04abbf0a19d8769e7796
[2024-09-06T17:43:10.450+0000] {core_li.py:23} INFO - Successfully updated job requisition 66db04abbf0a19d8769e7798
[2024-09-06T17:43:10.457+0000] {core_li.py:23} INFO - Successfully updated job requisition 66db04abbf0a19d8769e779a
[2024-09-06T17:43:10.466+0000] {core_li.py:23} INFO - Successfully updated job requisition 66db04abbf0a19d8769e779c
[2024-09-06T17:43:10.473+0000] {core_li.py:23} INFO - Successfully updated job requisition 66db04abbf0a19d8769e779e
[2024-09-06T17:43:10.485+0000] {core_li.py:23} INFO - Successfully updated job requisition 66db04abbf0a19d8769e77a0
[2024-09-06T17:43:10.496+0000] {core_li.py:23} INFO - Successfully updated job requisition 66db04abbf0a19d8769e77a2
[2024-09-06T17:43:10.505+0000] {core_li.py:23} INFO - Successfully updated job requisition 66db04abbf0a19d8769e77a4
[2024-09-06T17:43:10.514+0000] {core_li.py:23} INFO - Successfully updated job requisition 66db04abbf0a19d8769e77a6
[2024-09-06T17:43:10.523+0000] {core_li.py:23} INFO - Successfully updated job requisition 66db04abbf0a19d8769e77a8
[2024-09-06T17:43:10.535+0000] {core_li.py:23} INFO - Successfully updated job requisition 66db04abbf0a19d8769e77aa
[2024-09-06T17:43:10.549+0000] {core_li.py:23} INFO - Successfully updated job requisition 66db04abbf0a19d8769e77ac
[2024-09-06T17:43:10.560+0000] {core_li.py:23} INFO - Successfully updated job requisition 66db04abbf0a19d8769e77ae
[2024-09-06T17:43:10.572+0000] {core_li.py:23} INFO - Successfully updated job requisition 66db04abbf0a19d8769e77b0
[2024-09-06T17:43:10.579+0000] {core_li.py:23} INFO - Successfully updated job requisition 66db04abbf0a19d8769e77b2
[2024-09-06T17:43:10.587+0000] {core_li.py:23} INFO - Successfully updated job requisition 66db04abbf0a19d8769e77b4
[2024-09-06T17:43:10.596+0000] {core_li.py:23} INFO - Successfully updated job requisition 66db04abbf0a19d8769e77b6
[2024-09-06T17:43:10.603+0000] {core_li.py:23} INFO - Successfully updated job requisition 66db04abbf0a19d8769e77b8
[2024-09-06T17:43:10.614+0000] {core_li.py:23} INFO - Successfully updated job requisition 66db04abbf0a19d8769e77ba
[2024-09-06T17:43:10.620+0000] {core_li.py:23} INFO - Successfully updated job requisition 66db04abbf0a19d8769e77bc
[2024-09-06T17:43:10.625+0000] {core_li.py:23} INFO - Successfully updated job requisition 66db04abbf0a19d8769e77be
[2024-09-06T17:43:10.635+0000] {core_li.py:23} INFO - Successfully updated job requisition 66db04abbf0a19d8769e77c0
[2024-09-06T17:43:10.645+0000] {core_li.py:23} INFO - Successfully updated job requisition 66db04abbf0a19d8769e77c2
[2024-09-06T17:43:10.653+0000] {core_li.py:23} INFO - Successfully updated job requisition 66db04abbf0a19d8769e77c4
[2024-09-06T17:43:10.676+0000] {core_li.py:23} INFO - Successfully updated job requisition 66db04abbf0a19d8769e77c6
[2024-09-06T17:43:10.683+0000] {core_li.py:23} INFO - Successfully updated job requisition 66db04abbf0a19d8769e77c8
[2024-09-06T17:43:10.691+0000] {core_li.py:23} INFO - Successfully updated job requisition 66db04abbf0a19d8769e77ca
[2024-09-06T17:43:10.698+0000] {core_li.py:23} INFO - Successfully updated job requisition 66db04abbf0a19d8769e77cc
[2024-09-06T17:43:10.708+0000] {core_li.py:23} INFO - Successfully updated job requisition 66db04abbf0a19d8769e77ce
[2024-09-06T17:43:10.716+0000] {core_li.py:23} INFO - Successfully updated job requisition 66db04abbf0a19d8769e77d0
[2024-09-06T17:43:10.723+0000] {core_li.py:23} INFO - Successfully updated job requisition 66db04abbf0a19d8769e77d2
[2024-09-06T17:43:10.734+0000] {core_li.py:23} INFO - Successfully updated job requisition 66db04abbf0a19d8769e77d4
[2024-09-06T17:43:10.743+0000] {core_li.py:23} INFO - Successfully updated job requisition 66db04abbf0a19d8769e77d6
[2024-09-06T17:43:10.751+0000] {core_li.py:23} INFO - Successfully updated job requisition 66db04abbf0a19d8769e77d8
[2024-09-06T17:43:10.761+0000] {core_li.py:23} INFO - Successfully updated job requisition 66db04abbf0a19d8769e77da
[2024-09-06T17:43:10.767+0000] {core_li.py:23} INFO - Successfully updated job requisition 66db04abbf0a19d8769e77dc
[2024-09-06T17:43:10.774+0000] {core_li.py:23} INFO - Successfully updated job requisition 66db04abbf0a19d8769e77de
[2024-09-06T17:43:10.783+0000] {core_li.py:23} INFO - Successfully updated job requisition 66db04abbf0a19d8769e77e0
[2024-09-06T17:43:10.791+0000] {core_li.py:23} INFO - Successfully updated job requisition 66db04abbf0a19d8769e77e2
[2024-09-06T17:43:10.806+0000] {core_li.py:23} INFO - Successfully updated job requisition 66db04abbf0a19d8769e77e4
[2024-09-06T17:43:10.821+0000] {core_li.py:23} INFO - Successfully updated job requisition 66db04abbf0a19d8769e77e6
[2024-09-06T17:43:10.831+0000] {core_li.py:23} INFO - Successfully updated job requisition 66db04abbf0a19d8769e77e8
[2024-09-06T17:43:10.838+0000] {core_li.py:23} INFO - Successfully updated job requisition 66db04abbf0a19d8769e77ea
[2024-09-06T17:43:10.846+0000] {core_li.py:23} INFO - Successfully updated job requisition 66db04abbf0a19d8769e77ec
[2024-09-06T17:43:10.854+0000] {core_li.py:23} INFO - Successfully updated job requisition 66db04abbf0a19d8769e77ee
[2024-09-06T17:43:10.861+0000] {core_li.py:23} INFO - Successfully updated job requisition 66db04abbf0a19d8769e77f0
[2024-09-06T17:43:10.868+0000] {core_li.py:23} INFO - Successfully updated job requisition 66db04abbf0a19d8769e77f2
[2024-09-06T17:43:10.874+0000] {core_li.py:23} INFO - Successfully updated job requisition 66db04abbf0a19d8769e77f4
[2024-09-06T17:43:10.880+0000] {core_li.py:23} INFO - Successfully updated job requisition 66db04abbf0a19d8769e77f6
[2024-09-06T17:43:10.890+0000] {core_li.py:23} INFO - Successfully updated job requisition 66db04abbf0a19d8769e77f8
[2024-09-06T17:43:10.904+0000] {core_li.py:23} INFO - Successfully updated job requisition 66db04abbf0a19d8769e77fa
[2024-09-06T17:43:10.919+0000] {core_li.py:23} INFO - Successfully updated job requisition 66db04abbf0a19d8769e77fc
[2024-09-06T17:43:10.939+0000] {core_li.py:23} INFO - Successfully updated job requisition 66db04abbf0a19d8769e77fe
[2024-09-06T17:43:10.945+0000] {core_li.py:23} INFO - Successfully updated job requisition 66db04abbf0a19d8769e7800
[2024-09-06T17:43:10.953+0000] {core_li.py:23} INFO - Successfully updated job requisition 66db04abbf0a19d8769e7802
[2024-09-06T17:43:10.961+0000] {core_li.py:23} INFO - Successfully updated job requisition 66db04abbf0a19d8769e7804
[2024-09-06T17:43:10.969+0000] {core_li.py:23} INFO - Successfully updated job requisition 66db04abbf0a19d8769e7806
[2024-09-06T17:43:10.978+0000] {core_li.py:23} INFO - Successfully updated job requisition 66db04abbf0a19d8769e7808
[2024-09-06T17:43:10.988+0000] {core_li.py:23} INFO - Successfully updated job requisition 66db04abbf0a19d8769e780a
[2024-09-06T17:43:10.996+0000] {core_li.py:23} INFO - Successfully updated job requisition 66db04abbf0a19d8769e780c
[2024-09-06T17:43:11.003+0000] {core_li.py:23} INFO - Successfully updated job requisition 66db04abbf0a19d8769e780e
[2024-09-06T17:43:11.018+0000] {core_li.py:23} INFO - Successfully updated job requisition 66db04abbf0a19d8769e7810
[2024-09-06T17:43:11.027+0000] {core_li.py:23} INFO - Successfully updated job requisition 66db04abbf0a19d8769e7812
[2024-09-06T17:43:11.033+0000] {core_li.py:23} INFO - Successfully updated job requisition 66db04abbf0a19d8769e7814
[2024-09-06T17:43:11.043+0000] {core_li.py:23} INFO - Successfully updated job requisition 66db04abbf0a19d8769e7816
[2024-09-06T17:43:11.053+0000] {core_li.py:23} INFO - Successfully updated job requisition 66db04abbf0a19d8769e7818
[2024-09-06T17:43:11.060+0000] {core_li.py:23} INFO - Successfully updated job requisition 66db04abbf0a19d8769e781a
[2024-09-06T17:43:11.067+0000] {core_li.py:23} INFO - Successfully updated job requisition 66db04abbf0a19d8769e781c
[2024-09-06T17:43:11.074+0000] {core_li.py:23} INFO - Successfully updated job requisition 66db04abbf0a19d8769e781e
[2024-09-06T17:43:11.082+0000] {core_li.py:23} INFO - Successfully updated job requisition 66db04abbf0a19d8769e7820
[2024-09-06T17:43:11.089+0000] {core_li.py:23} INFO - Successfully updated job requisition 66db04abbf0a19d8769e7822
[2024-09-06T17:43:11.098+0000] {core_li.py:23} INFO - Successfully updated job requisition 66db04abbf0a19d8769e7824
[2024-09-06T17:43:11.105+0000] {core_li.py:23} INFO - Successfully updated job requisition 66db04abbf0a19d8769e7826
[2024-09-06T17:43:11.113+0000] {core_li.py:23} INFO - Successfully updated job requisition 66db04abbf0a19d8769e7828
[2024-09-06T17:43:11.121+0000] {core_li.py:23} INFO - Successfully updated job requisition 66db04abbf0a19d8769e782a
[2024-09-06T17:43:11.135+0000] {core_li.py:23} INFO - Successfully updated job requisition 66db04abbf0a19d8769e782c
[2024-09-06T17:43:11.151+0000] {core_li.py:23} INFO - Successfully updated job requisition 66db04abbf0a19d8769e782e
[2024-09-06T17:43:11.162+0000] {core_li.py:23} INFO - Successfully updated job requisition 66db04abbf0a19d8769e7830
[2024-09-06T17:43:11.169+0000] {core_li.py:23} INFO - Successfully updated job requisition 66db04abbf0a19d8769e7832
[2024-09-06T17:43:11.176+0000] {core_li.py:23} INFO - Successfully updated job requisition 66db04abbf0a19d8769e7834
[2024-09-06T17:43:11.185+0000] {core_li.py:23} INFO - Successfully updated job requisition 66db04abbf0a19d8769e7836
[2024-09-06T17:43:11.195+0000] {core_li.py:23} INFO - Successfully updated job requisition 66db04abbf0a19d8769e7838
[2024-09-06T17:43:11.207+0000] {core_li.py:23} INFO - Successfully updated job requisition 66db04abbf0a19d8769e783a
[2024-09-06T17:43:11.218+0000] {core_li.py:23} INFO - Successfully updated job requisition 66db04abbf0a19d8769e783c
[2024-09-06T17:43:11.227+0000] {core_li.py:23} INFO - Successfully updated job requisition 66db04abbf0a19d8769e783e
[2024-09-06T17:43:11.235+0000] {core_li.py:23} INFO - Successfully updated job requisition 66db04abbf0a19d8769e7840
[2024-09-06T17:43:11.242+0000] {core_li.py:23} INFO - Successfully updated job requisition 66db04abbf0a19d8769e7842
[2024-09-06T17:43:11.248+0000] {core_li.py:23} INFO - Successfully updated job requisition 66db04abbf0a19d8769e7844
[2024-09-06T17:43:11.256+0000] {core_li.py:23} INFO - Successfully updated job requisition 66db04abbf0a19d8769e7846
[2024-09-06T17:43:11.263+0000] {core_li.py:23} INFO - Successfully updated job requisition 66db04abbf0a19d8769e7848
[2024-09-06T17:43:11.263+0000] {python.py:240} INFO - Done. Returned value was: 100
[2024-09-06T17:43:11.289+0000] {taskinstance.py:340} INFO - ::group::Post task execution logs
[2024-09-06T17:43:11.289+0000] {taskinstance.py:352} INFO - Marking task as SUCCESS. dag_id=async_flow, task_id=task_backfill_number_of_cancelled_candidates_in_batch, run_id=manual__2024-09-06T17:43:02.727107+00:00, map_index=36, execution_date=20240906T174302, start_date=20240906T174310, end_date=20240906T174311
[2024-09-06T17:43:11.339+0000] {local_task_job_runner.py:266} INFO - Task exited with return code 0
[2024-09-06T17:43:11.356+0000] {taskinstance.py:3900} INFO - 0 downstream tasks scheduled from follow-on schedule check
[2024-09-06T17:43:11.359+0000] {local_task_job_runner.py:245} INFO - ::endgroup::
