[2024-09-06T17:47:32.090+0000] {local_task_job_runner.py:123} INFO - ::group::Pre task execution logs
[2024-09-06T17:47:32.110+0000] {taskinstance.py:2612} INFO - Dependencies all met for dep_context=non-requeueable deps ti=<TaskInstance: async_flow.task_backfill_number_of_cancelled_candidates_in_batch manual__2024-09-06T17:47:30.120511+00:00 map_index=14 [queued]>
[2024-09-06T17:47:32.118+0000] {taskinstance.py:2612} INFO - Dependencies all met for dep_context=requeueable deps ti=<TaskInstance: async_flow.task_backfill_number_of_cancelled_candidates_in_batch manual__2024-09-06T17:47:30.120511+00:00 map_index=14 [queued]>
[2024-09-06T17:47:32.123+0000] {taskinstance.py:2865} INFO - Starting attempt 1 of 1
[2024-09-06T17:47:32.154+0000] {taskinstance.py:2888} INFO - Executing <Mapped(_PythonDecoratedOperator): task_backfill_number_of_cancelled_candidates_in_batch> on 2024-09-06 17:47:30.120511+00:00
[2024-09-06T17:47:32.168+0000] {warnings.py:112} WARNING - /home/***/.local/lib/python3.12/site-packages/***/task/task_runner/standard_task_runner.py:70: DeprecationWarning: This process (pid=1055) is multi-threaded, use of fork() may lead to deadlocks in the child.
  pid = os.fork()

[2024-09-06T17:47:32.173+0000] {standard_task_runner.py:72} INFO - Started process 1117 to run task
[2024-09-06T17:47:32.176+0000] {standard_task_runner.py:104} INFO - Running: ['***', 'tasks', 'run', 'async_flow', 'task_backfill_number_of_cancelled_candidates_in_batch', 'manual__2024-09-06T17:47:30.120511+00:00', '--job-id', '332', '--raw', '--subdir', 'DAGS_FOLDER/dags_async_flow.py', '--cfg-path', '/tmp/tmpxzhqpcnp', '--map-index', '14']
[2024-09-06T17:47:32.176+0000] {standard_task_runner.py:105} INFO - Job 332: Subtask task_backfill_number_of_cancelled_candidates_in_batch
[2024-09-06T17:47:32.269+0000] {task_command.py:467} INFO - Running <TaskInstance: async_flow.task_backfill_number_of_cancelled_candidates_in_batch manual__2024-09-06T17:47:30.120511+00:00 map_index=14 [running]> on host 0817eb6c24af
[2024-09-06T17:47:32.379+0000] {taskinstance.py:3131} INFO - Exporting env vars: AIRFLOW_CTX_DAG_OWNER='***' AIRFLOW_CTX_DAG_ID='async_flow' AIRFLOW_CTX_TASK_ID='task_backfill_number_of_cancelled_candidates_in_batch' AIRFLOW_CTX_EXECUTION_DATE='2024-09-06T17:47:30.120511+00:00' AIRFLOW_CTX_TRY_NUMBER='1' AIRFLOW_CTX_DAG_RUN_ID='manual__2024-09-06T17:47:30.120511+00:00'
[2024-09-06T17:47:32.380+0000] {taskinstance.py:731} INFO - ::endgroup::
[2024-09-06T17:47:32.420+0000] {core_li.py:23} INFO - Successfully updated job requisition 66db04abbf0a19d8769e6652
[2024-09-06T17:47:32.456+0000] {core_li.py:23} INFO - Successfully updated job requisition 66db04abbf0a19d8769e6654
[2024-09-06T17:47:32.473+0000] {core_li.py:23} INFO - Successfully updated job requisition 66db04abbf0a19d8769e6656
[2024-09-06T17:47:32.483+0000] {core_li.py:23} INFO - Successfully updated job requisition 66db04abbf0a19d8769e6658
[2024-09-06T17:47:32.498+0000] {core_li.py:23} INFO - Successfully updated job requisition 66db04abbf0a19d8769e665a
[2024-09-06T17:47:32.509+0000] {core_li.py:23} INFO - Successfully updated job requisition 66db04abbf0a19d8769e665c
[2024-09-06T17:47:32.528+0000] {core_li.py:23} INFO - Successfully updated job requisition 66db04abbf0a19d8769e665e
[2024-09-06T17:47:32.541+0000] {core_li.py:23} INFO - Successfully updated job requisition 66db04abbf0a19d8769e6660
[2024-09-06T17:47:32.552+0000] {core_li.py:23} INFO - Successfully updated job requisition 66db04abbf0a19d8769e6662
[2024-09-06T17:47:32.563+0000] {core_li.py:23} INFO - Successfully updated job requisition 66db04abbf0a19d8769e6664
[2024-09-06T17:47:32.574+0000] {core_li.py:23} INFO - Successfully updated job requisition 66db04abbf0a19d8769e6666
[2024-09-06T17:47:32.583+0000] {core_li.py:23} INFO - Successfully updated job requisition 66db04abbf0a19d8769e6668
[2024-09-06T17:47:32.594+0000] {core_li.py:23} INFO - Successfully updated job requisition 66db04abbf0a19d8769e666a
[2024-09-06T17:47:32.605+0000] {core_li.py:23} INFO - Successfully updated job requisition 66db04abbf0a19d8769e666c
[2024-09-06T17:47:32.617+0000] {core_li.py:23} INFO - Successfully updated job requisition 66db04abbf0a19d8769e666e
[2024-09-06T17:47:32.627+0000] {core_li.py:23} INFO - Successfully updated job requisition 66db04abbf0a19d8769e6670
[2024-09-06T17:47:32.638+0000] {core_li.py:23} INFO - Successfully updated job requisition 66db04abbf0a19d8769e6672
[2024-09-06T17:47:32.650+0000] {core_li.py:23} INFO - Successfully updated job requisition 66db04abbf0a19d8769e6674
[2024-09-06T17:47:32.661+0000] {core_li.py:23} INFO - Successfully updated job requisition 66db04abbf0a19d8769e6676
[2024-09-06T17:47:32.671+0000] {core_li.py:23} INFO - Successfully updated job requisition 66db04abbf0a19d8769e6678
[2024-09-06T17:47:32.681+0000] {core_li.py:23} INFO - Successfully updated job requisition 66db04abbf0a19d8769e667a
[2024-09-06T17:47:32.692+0000] {core_li.py:23} INFO - Successfully updated job requisition 66db04abbf0a19d8769e667c
[2024-09-06T17:47:32.701+0000] {core_li.py:23} INFO - Successfully updated job requisition 66db04abbf0a19d8769e667e
[2024-09-06T17:47:32.711+0000] {core_li.py:23} INFO - Successfully updated job requisition 66db04abbf0a19d8769e6680
[2024-09-06T17:47:32.720+0000] {core_li.py:23} INFO - Successfully updated job requisition 66db04abbf0a19d8769e6682
[2024-09-06T17:47:32.732+0000] {core_li.py:23} INFO - Successfully updated job requisition 66db04abbf0a19d8769e6684
[2024-09-06T17:47:32.744+0000] {core_li.py:23} INFO - Successfully updated job requisition 66db04abbf0a19d8769e6686
[2024-09-06T17:47:32.754+0000] {core_li.py:23} INFO - Successfully updated job requisition 66db04abbf0a19d8769e6688
[2024-09-06T17:47:32.763+0000] {core_li.py:23} INFO - Successfully updated job requisition 66db04abbf0a19d8769e668a
[2024-09-06T17:47:32.775+0000] {core_li.py:23} INFO - Successfully updated job requisition 66db04abbf0a19d8769e668c
[2024-09-06T17:47:32.783+0000] {core_li.py:23} INFO - Successfully updated job requisition 66db04abbf0a19d8769e668e
[2024-09-06T17:47:32.792+0000] {core_li.py:23} INFO - Successfully updated job requisition 66db04abbf0a19d8769e6690
[2024-09-06T17:47:32.803+0000] {core_li.py:23} INFO - Successfully updated job requisition 66db04abbf0a19d8769e6692
[2024-09-06T17:47:32.812+0000] {core_li.py:23} INFO - Successfully updated job requisition 66db04abbf0a19d8769e6694
[2024-09-06T17:47:32.821+0000] {core_li.py:23} INFO - Successfully updated job requisition 66db04abbf0a19d8769e6696
[2024-09-06T17:47:32.831+0000] {core_li.py:23} INFO - Successfully updated job requisition 66db04abbf0a19d8769e6698
[2024-09-06T17:47:32.839+0000] {core_li.py:23} INFO - Successfully updated job requisition 66db04abbf0a19d8769e669a
[2024-09-06T17:47:32.853+0000] {core_li.py:23} INFO - Successfully updated job requisition 66db04abbf0a19d8769e669c
[2024-09-06T17:47:32.862+0000] {core_li.py:23} INFO - Successfully updated job requisition 66db04abbf0a19d8769e669e
[2024-09-06T17:47:32.871+0000] {core_li.py:23} INFO - Successfully updated job requisition 66db04abbf0a19d8769e66a0
[2024-09-06T17:47:32.891+0000] {core_li.py:23} INFO - Successfully updated job requisition 66db04abbf0a19d8769e66a2
[2024-09-06T17:47:32.899+0000] {core_li.py:23} INFO - Successfully updated job requisition 66db04abbf0a19d8769e66a4
[2024-09-06T17:47:32.911+0000] {core_li.py:23} INFO - Successfully updated job requisition 66db04abbf0a19d8769e66a6
[2024-09-06T17:47:32.918+0000] {core_li.py:23} INFO - Successfully updated job requisition 66db04abbf0a19d8769e66a8
[2024-09-06T17:47:32.929+0000] {core_li.py:23} INFO - Successfully updated job requisition 66db04abbf0a19d8769e66aa
[2024-09-06T17:47:32.939+0000] {core_li.py:23} INFO - Successfully updated job requisition 66db04abbf0a19d8769e66ac
[2024-09-06T17:47:32.948+0000] {core_li.py:23} INFO - Successfully updated job requisition 66db04abbf0a19d8769e66ae
[2024-09-06T17:47:32.962+0000] {core_li.py:23} INFO - Successfully updated job requisition 66db04abbf0a19d8769e66b0
[2024-09-06T17:47:32.972+0000] {core_li.py:23} INFO - Successfully updated job requisition 66db04abbf0a19d8769e66b2
[2024-09-06T17:47:32.981+0000] {core_li.py:23} INFO - Successfully updated job requisition 66db04abbf0a19d8769e66b4
[2024-09-06T17:47:32.988+0000] {core_li.py:23} INFO - Successfully updated job requisition 66db04abbf0a19d8769e66b6
[2024-09-06T17:47:32.996+0000] {core_li.py:23} INFO - Successfully updated job requisition 66db04abbf0a19d8769e66b8
[2024-09-06T17:47:33.002+0000] {core_li.py:23} INFO - Successfully updated job requisition 66db04abbf0a19d8769e66ba
[2024-09-06T17:47:33.011+0000] {core_li.py:23} INFO - Successfully updated job requisition 66db04abbf0a19d8769e66bc
[2024-09-06T17:47:33.019+0000] {core_li.py:23} INFO - Successfully updated job requisition 66db04abbf0a19d8769e66be
[2024-09-06T17:47:33.028+0000] {core_li.py:23} INFO - Successfully updated job requisition 66db04abbf0a19d8769e66c0
[2024-09-06T17:47:33.037+0000] {core_li.py:23} INFO - Successfully updated job requisition 66db04abbf0a19d8769e66c2
[2024-09-06T17:47:33.045+0000] {core_li.py:23} INFO - Successfully updated job requisition 66db04abbf0a19d8769e66c4
[2024-09-06T17:47:33.053+0000] {core_li.py:23} INFO - Successfully updated job requisition 66db04abbf0a19d8769e66c6
[2024-09-06T17:47:33.063+0000] {core_li.py:23} INFO - Successfully updated job requisition 66db04abbf0a19d8769e66c8
[2024-09-06T17:47:33.070+0000] {core_li.py:23} INFO - Successfully updated job requisition 66db04abbf0a19d8769e66ca
[2024-09-06T17:47:33.079+0000] {core_li.py:23} INFO - Successfully updated job requisition 66db04abbf0a19d8769e66cc
[2024-09-06T17:47:33.086+0000] {core_li.py:23} INFO - Successfully updated job requisition 66db04abbf0a19d8769e66ce
[2024-09-06T17:47:33.094+0000] {core_li.py:23} INFO - Successfully updated job requisition 66db04abbf0a19d8769e66d0
[2024-09-06T17:47:33.108+0000] {core_li.py:23} INFO - Successfully updated job requisition 66db04abbf0a19d8769e66d2
[2024-09-06T17:47:33.118+0000] {core_li.py:23} INFO - Successfully updated job requisition 66db04abbf0a19d8769e66d4
[2024-09-06T17:47:33.127+0000] {core_li.py:23} INFO - Successfully updated job requisition 66db04abbf0a19d8769e66d6
[2024-09-06T17:47:33.138+0000] {core_li.py:23} INFO - Successfully updated job requisition 66db04abbf0a19d8769e66d8
[2024-09-06T17:47:33.147+0000] {core_li.py:23} INFO - Successfully updated job requisition 66db04abbf0a19d8769e66da
[2024-09-06T17:47:33.156+0000] {core_li.py:23} INFO - Successfully updated job requisition 66db04abbf0a19d8769e66dc
[2024-09-06T17:47:33.164+0000] {core_li.py:23} INFO - Successfully updated job requisition 66db04abbf0a19d8769e66de
[2024-09-06T17:47:33.172+0000] {core_li.py:23} INFO - Successfully updated job requisition 66db04abbf0a19d8769e66e0
[2024-09-06T17:47:33.181+0000] {core_li.py:23} INFO - Successfully updated job requisition 66db04abbf0a19d8769e66e2
[2024-09-06T17:47:33.194+0000] {core_li.py:23} INFO - Successfully updated job requisition 66db04abbf0a19d8769e66e4
[2024-09-06T17:47:33.203+0000] {core_li.py:23} INFO - Successfully updated job requisition 66db04abbf0a19d8769e66e6
[2024-09-06T17:47:33.215+0000] {core_li.py:23} INFO - Successfully updated job requisition 66db04abbf0a19d8769e66e8
[2024-09-06T17:47:33.225+0000] {core_li.py:23} INFO - Successfully updated job requisition 66db04abbf0a19d8769e66ea
[2024-09-06T17:47:33.234+0000] {core_li.py:23} INFO - Successfully updated job requisition 66db04abbf0a19d8769e66ec
[2024-09-06T17:47:33.244+0000] {core_li.py:23} INFO - Successfully updated job requisition 66db04abbf0a19d8769e66ee
[2024-09-06T17:47:33.252+0000] {core_li.py:23} INFO - Successfully updated job requisition 66db04abbf0a19d8769e66f0
[2024-09-06T17:47:33.259+0000] {core_li.py:23} INFO - Successfully updated job requisition 66db04abbf0a19d8769e66f2
[2024-09-06T17:47:33.266+0000] {core_li.py:23} INFO - Successfully updated job requisition 66db04abbf0a19d8769e66f4
[2024-09-06T17:47:33.275+0000] {core_li.py:23} INFO - Successfully updated job requisition 66db04abbf0a19d8769e66f6
[2024-09-06T17:47:33.285+0000] {core_li.py:23} INFO - Successfully updated job requisition 66db04abbf0a19d8769e66f8
[2024-09-06T17:47:33.293+0000] {core_li.py:23} INFO - Successfully updated job requisition 66db04abbf0a19d8769e66fa
[2024-09-06T17:47:33.302+0000] {core_li.py:23} INFO - Successfully updated job requisition 66db04abbf0a19d8769e66fc
[2024-09-06T17:47:33.308+0000] {core_li.py:23} INFO - Successfully updated job requisition 66db04abbf0a19d8769e66fe
[2024-09-06T17:47:33.323+0000] {core_li.py:23} INFO - Successfully updated job requisition 66db04abbf0a19d8769e6700
[2024-09-06T17:47:33.332+0000] {core_li.py:23} INFO - Successfully updated job requisition 66db04abbf0a19d8769e6702
[2024-09-06T17:47:33.341+0000] {core_li.py:23} INFO - Successfully updated job requisition 66db04abbf0a19d8769e6704
[2024-09-06T17:47:33.358+0000] {core_li.py:23} INFO - Successfully updated job requisition 66db04abbf0a19d8769e6706
[2024-09-06T17:47:33.367+0000] {core_li.py:23} INFO - Successfully updated job requisition 66db04abbf0a19d8769e6708
[2024-09-06T17:47:33.387+0000] {core_li.py:23} INFO - Successfully updated job requisition 66db04abbf0a19d8769e670a
[2024-09-06T17:47:33.396+0000] {core_li.py:23} INFO - Successfully updated job requisition 66db04abbf0a19d8769e670c
[2024-09-06T17:47:33.403+0000] {core_li.py:23} INFO - Successfully updated job requisition 66db04abbf0a19d8769e670e
[2024-09-06T17:47:33.413+0000] {core_li.py:23} INFO - Successfully updated job requisition 66db04abbf0a19d8769e6710
[2024-09-06T17:47:33.422+0000] {core_li.py:23} INFO - Successfully updated job requisition 66db04abbf0a19d8769e6712
[2024-09-06T17:47:33.431+0000] {core_li.py:23} INFO - Successfully updated job requisition 66db04abbf0a19d8769e6714
[2024-09-06T17:47:33.436+0000] {core_li.py:23} INFO - Successfully updated job requisition 66db04abbf0a19d8769e6716
[2024-09-06T17:47:33.444+0000] {core_li.py:23} INFO - Successfully updated job requisition 66db04abbf0a19d8769e6718
[2024-09-06T17:47:33.444+0000] {python.py:240} INFO - Done. Returned value was: 100
[2024-09-06T17:47:33.463+0000] {taskinstance.py:340} INFO - ::group::Post task execution logs
[2024-09-06T17:47:33.465+0000] {taskinstance.py:352} INFO - Marking task as SUCCESS. dag_id=async_flow, task_id=task_backfill_number_of_cancelled_candidates_in_batch, run_id=manual__2024-09-06T17:47:30.120511+00:00, map_index=14, execution_date=20240906T174730, start_date=20240906T174732, end_date=20240906T174733
[2024-09-06T17:47:33.516+0000] {local_task_job_runner.py:266} INFO - Task exited with return code 0
[2024-09-06T17:47:33.529+0000] {local_task_job_runner.py:245} INFO - ::endgroup::
