[2024-09-06T17:43:04.374+0000] {local_task_job_runner.py:123} INFO - ::group::Pre task execution logs
[2024-09-06T17:43:04.401+0000] {taskinstance.py:2612} INFO - Dependencies all met for dep_context=non-requeueable deps ti=<TaskInstance: async_flow.task_backfill_number_of_cancelled_candidates_in_batch manual__2024-09-06T17:43:02.727107+00:00 map_index=3 [queued]>
[2024-09-06T17:43:04.422+0000] {taskinstance.py:2612} INFO - Dependencies all met for dep_context=requeueable deps ti=<TaskInstance: async_flow.task_backfill_number_of_cancelled_candidates_in_batch manual__2024-09-06T17:43:02.727107+00:00 map_index=3 [queued]>
[2024-09-06T17:43:04.422+0000] {taskinstance.py:2865} INFO - Starting attempt 1 of 1
[2024-09-06T17:43:04.447+0000] {taskinstance.py:2888} INFO - Executing <Mapped(_PythonDecoratedOperator): task_backfill_number_of_cancelled_candidates_in_batch> on 2024-09-06 17:43:02.727107+00:00
[2024-09-06T17:43:04.450+0000] {warnings.py:112} WARNING - /home/***/.local/lib/python3.12/site-packages/***/task/task_runner/standard_task_runner.py:70: DeprecationWarning: This process (pid=86) is multi-threaded, use of fork() may lead to deadlocks in the child.
  pid = os.fork()

[2024-09-06T17:43:04.452+0000] {standard_task_runner.py:72} INFO - Started process 144 to run task
[2024-09-06T17:43:04.454+0000] {standard_task_runner.py:104} INFO - Running: ['***', 'tasks', 'run', 'async_flow', 'task_backfill_number_of_cancelled_candidates_in_batch', 'manual__2024-09-06T17:43:02.727107+00:00', '--job-id', '177', '--raw', '--subdir', 'DAGS_FOLDER/dags_async_flow.py', '--cfg-path', '/tmp/tmpuv88wa3_', '--map-index', '3']
[2024-09-06T17:43:04.457+0000] {standard_task_runner.py:105} INFO - Job 177: Subtask task_backfill_number_of_cancelled_candidates_in_batch
[2024-09-06T17:43:04.518+0000] {task_command.py:467} INFO - Running <TaskInstance: async_flow.task_backfill_number_of_cancelled_candidates_in_batch manual__2024-09-06T17:43:02.727107+00:00 map_index=3 [running]> on host 0817eb6c24af
[2024-09-06T17:43:04.874+0000] {taskinstance.py:3131} INFO - Exporting env vars: AIRFLOW_CTX_DAG_OWNER='***' AIRFLOW_CTX_DAG_ID='async_flow' AIRFLOW_CTX_TASK_ID='task_backfill_number_of_cancelled_candidates_in_batch' AIRFLOW_CTX_EXECUTION_DATE='2024-09-06T17:43:02.727107+00:00' AIRFLOW_CTX_TRY_NUMBER='1' AIRFLOW_CTX_DAG_RUN_ID='manual__2024-09-06T17:43:02.727107+00:00'
[2024-09-06T17:43:04.877+0000] {taskinstance.py:731} INFO - ::endgroup::
[2024-09-06T17:43:04.940+0000] {core_li.py:23} INFO - Successfully updated job requisition 66db04aabf0a19d8769e5dba
[2024-09-06T17:43:04.968+0000] {core_li.py:23} INFO - Successfully updated job requisition 66db04aabf0a19d8769e5dbc
[2024-09-06T17:43:04.999+0000] {core_li.py:23} INFO - Successfully updated job requisition 66db04aabf0a19d8769e5dbe
[2024-09-06T17:43:05.017+0000] {core_li.py:23} INFO - Successfully updated job requisition 66db04aabf0a19d8769e5dc0
[2024-09-06T17:43:05.044+0000] {core_li.py:23} INFO - Successfully updated job requisition 66db04aabf0a19d8769e5dc2
[2024-09-06T17:43:05.060+0000] {core_li.py:23} INFO - Successfully updated job requisition 66db04aabf0a19d8769e5dc4
[2024-09-06T17:43:05.073+0000] {core_li.py:23} INFO - Successfully updated job requisition 66db04aabf0a19d8769e5dc6
[2024-09-06T17:43:05.087+0000] {core_li.py:23} INFO - Successfully updated job requisition 66db04aabf0a19d8769e5dc8
[2024-09-06T17:43:05.105+0000] {core_li.py:23} INFO - Successfully updated job requisition 66db04aabf0a19d8769e5dca
[2024-09-06T17:43:05.119+0000] {core_li.py:23} INFO - Successfully updated job requisition 66db04aabf0a19d8769e5dcc
[2024-09-06T17:43:05.132+0000] {core_li.py:23} INFO - Successfully updated job requisition 66db04aabf0a19d8769e5dce
[2024-09-06T17:43:05.145+0000] {core_li.py:23} INFO - Successfully updated job requisition 66db04aabf0a19d8769e5dd0
[2024-09-06T17:43:05.158+0000] {core_li.py:23} INFO - Successfully updated job requisition 66db04aabf0a19d8769e5dd2
[2024-09-06T17:43:05.171+0000] {core_li.py:23} INFO - Successfully updated job requisition 66db04aabf0a19d8769e5dd4
[2024-09-06T17:43:05.179+0000] {core_li.py:23} INFO - Successfully updated job requisition 66db04aabf0a19d8769e5dd6
[2024-09-06T17:43:05.196+0000] {core_li.py:23} INFO - Successfully updated job requisition 66db04aabf0a19d8769e5dd8
[2024-09-06T17:43:05.211+0000] {core_li.py:23} INFO - Successfully updated job requisition 66db04aabf0a19d8769e5dda
[2024-09-06T17:43:05.225+0000] {core_li.py:23} INFO - Successfully updated job requisition 66db04aabf0a19d8769e5ddc
[2024-09-06T17:43:05.236+0000] {core_li.py:23} INFO - Successfully updated job requisition 66db04aabf0a19d8769e5dde
[2024-09-06T17:43:05.253+0000] {core_li.py:23} INFO - Successfully updated job requisition 66db04aabf0a19d8769e5de0
[2024-09-06T17:43:05.262+0000] {core_li.py:23} INFO - Successfully updated job requisition 66db04aabf0a19d8769e5de2
[2024-09-06T17:43:05.272+0000] {core_li.py:23} INFO - Successfully updated job requisition 66db04aabf0a19d8769e5de4
[2024-09-06T17:43:05.279+0000] {core_li.py:23} INFO - Successfully updated job requisition 66db04aabf0a19d8769e5de6
[2024-09-06T17:43:05.287+0000] {core_li.py:23} INFO - Successfully updated job requisition 66db04aabf0a19d8769e5de8
[2024-09-06T17:43:05.299+0000] {core_li.py:23} INFO - Successfully updated job requisition 66db04aabf0a19d8769e5dea
[2024-09-06T17:43:05.309+0000] {core_li.py:23} INFO - Successfully updated job requisition 66db04aabf0a19d8769e5dec
[2024-09-06T17:43:05.319+0000] {core_li.py:23} INFO - Successfully updated job requisition 66db04aabf0a19d8769e5dee
[2024-09-06T17:43:05.328+0000] {core_li.py:23} INFO - Successfully updated job requisition 66db04aabf0a19d8769e5df0
[2024-09-06T17:43:05.340+0000] {core_li.py:23} INFO - Successfully updated job requisition 66db04aabf0a19d8769e5df2
[2024-09-06T17:43:05.348+0000] {core_li.py:23} INFO - Successfully updated job requisition 66db04aabf0a19d8769e5df4
[2024-09-06T17:43:05.358+0000] {core_li.py:23} INFO - Successfully updated job requisition 66db04aabf0a19d8769e5df6
[2024-09-06T17:43:05.369+0000] {core_li.py:23} INFO - Successfully updated job requisition 66db04aabf0a19d8769e5df8
[2024-09-06T17:43:05.378+0000] {core_li.py:23} INFO - Successfully updated job requisition 66db04aabf0a19d8769e5dfa
[2024-09-06T17:43:05.388+0000] {core_li.py:23} INFO - Successfully updated job requisition 66db04aabf0a19d8769e5dfc
[2024-09-06T17:43:05.397+0000] {core_li.py:23} INFO - Successfully updated job requisition 66db04aabf0a19d8769e5dfe
[2024-09-06T17:43:05.408+0000] {core_li.py:23} INFO - Successfully updated job requisition 66db04aabf0a19d8769e5e00
[2024-09-06T17:43:05.419+0000] {core_li.py:23} INFO - Successfully updated job requisition 66db04aabf0a19d8769e5e02
[2024-09-06T17:43:05.430+0000] {core_li.py:23} INFO - Successfully updated job requisition 66db04aabf0a19d8769e5e04
[2024-09-06T17:43:05.437+0000] {core_li.py:23} INFO - Successfully updated job requisition 66db04aabf0a19d8769e5e06
[2024-09-06T17:43:05.446+0000] {core_li.py:23} INFO - Successfully updated job requisition 66db04aabf0a19d8769e5e08
[2024-09-06T17:43:05.458+0000] {core_li.py:23} INFO - Successfully updated job requisition 66db04aabf0a19d8769e5e0a
[2024-09-06T17:43:05.466+0000] {core_li.py:23} INFO - Successfully updated job requisition 66db04aabf0a19d8769e5e0c
[2024-09-06T17:43:05.476+0000] {core_li.py:23} INFO - Successfully updated job requisition 66db04aabf0a19d8769e5e0e
[2024-09-06T17:43:05.488+0000] {core_li.py:23} INFO - Successfully updated job requisition 66db04aabf0a19d8769e5e10
[2024-09-06T17:43:05.503+0000] {core_li.py:23} INFO - Successfully updated job requisition 66db04aabf0a19d8769e5e12
[2024-09-06T17:43:05.512+0000] {core_li.py:23} INFO - Successfully updated job requisition 66db04aabf0a19d8769e5e14
[2024-09-06T17:43:05.519+0000] {core_li.py:23} INFO - Successfully updated job requisition 66db04aabf0a19d8769e5e16
[2024-09-06T17:43:05.528+0000] {core_li.py:23} INFO - Successfully updated job requisition 66db04aabf0a19d8769e5e18
[2024-09-06T17:43:05.540+0000] {core_li.py:23} INFO - Successfully updated job requisition 66db04aabf0a19d8769e5e1a
[2024-09-06T17:43:05.551+0000] {core_li.py:23} INFO - Successfully updated job requisition 66db04aabf0a19d8769e5e1c
[2024-09-06T17:43:05.564+0000] {core_li.py:23} INFO - Successfully updated job requisition 66db04aabf0a19d8769e5e1e
[2024-09-06T17:43:05.576+0000] {core_li.py:23} INFO - Successfully updated job requisition 66db04aabf0a19d8769e5e20
[2024-09-06T17:43:05.584+0000] {core_li.py:23} INFO - Successfully updated job requisition 66db04aabf0a19d8769e5e22
[2024-09-06T17:43:05.597+0000] {core_li.py:23} INFO - Successfully updated job requisition 66db04aabf0a19d8769e5e24
[2024-09-06T17:43:05.609+0000] {core_li.py:23} INFO - Successfully updated job requisition 66db04aabf0a19d8769e5e26
[2024-09-06T17:43:05.628+0000] {core_li.py:23} INFO - Successfully updated job requisition 66db04aabf0a19d8769e5e28
[2024-09-06T17:43:05.649+0000] {core_li.py:23} INFO - Successfully updated job requisition 66db04aabf0a19d8769e5e2a
[2024-09-06T17:43:05.686+0000] {core_li.py:23} INFO - Successfully updated job requisition 66db04aabf0a19d8769e5e2c
[2024-09-06T17:43:05.729+0000] {core_li.py:23} INFO - Successfully updated job requisition 66db04aabf0a19d8769e5e2e
[2024-09-06T17:43:05.745+0000] {core_li.py:23} INFO - Successfully updated job requisition 66db04aabf0a19d8769e5e30
[2024-09-06T17:43:05.756+0000] {core_li.py:23} INFO - Successfully updated job requisition 66db04aabf0a19d8769e5e32
[2024-09-06T17:43:05.775+0000] {core_li.py:23} INFO - Successfully updated job requisition 66db04aabf0a19d8769e5e34
[2024-09-06T17:43:05.800+0000] {core_li.py:23} INFO - Successfully updated job requisition 66db04aabf0a19d8769e5e36
[2024-09-06T17:43:05.815+0000] {core_li.py:23} INFO - Successfully updated job requisition 66db04aabf0a19d8769e5e38
[2024-09-06T17:43:05.824+0000] {core_li.py:23} INFO - Successfully updated job requisition 66db04aabf0a19d8769e5e3a
[2024-09-06T17:43:05.835+0000] {core_li.py:23} INFO - Successfully updated job requisition 66db04aabf0a19d8769e5e3c
[2024-09-06T17:43:05.850+0000] {core_li.py:23} INFO - Successfully updated job requisition 66db04aabf0a19d8769e5e3e
[2024-09-06T17:43:05.864+0000] {core_li.py:23} INFO - Successfully updated job requisition 66db04aabf0a19d8769e5e40
[2024-09-06T17:43:05.889+0000] {core_li.py:23} INFO - Successfully updated job requisition 66db04aabf0a19d8769e5e42
[2024-09-06T17:43:05.898+0000] {core_li.py:23} INFO - Successfully updated job requisition 66db04aabf0a19d8769e5e44
[2024-09-06T17:43:05.908+0000] {core_li.py:23} INFO - Successfully updated job requisition 66db04aabf0a19d8769e5e46
[2024-09-06T17:43:05.922+0000] {core_li.py:23} INFO - Successfully updated job requisition 66db04aabf0a19d8769e5e48
[2024-09-06T17:43:05.939+0000] {core_li.py:23} INFO - Successfully updated job requisition 66db04aabf0a19d8769e5e4a
[2024-09-06T17:43:05.950+0000] {core_li.py:23} INFO - Successfully updated job requisition 66db04aabf0a19d8769e5e4c
[2024-09-06T17:43:05.961+0000] {core_li.py:23} INFO - Successfully updated job requisition 66db04aabf0a19d8769e5e4e
[2024-09-06T17:43:05.973+0000] {core_li.py:23} INFO - Successfully updated job requisition 66db04aabf0a19d8769e5e50
[2024-09-06T17:43:05.985+0000] {core_li.py:23} INFO - Successfully updated job requisition 66db04aabf0a19d8769e5e52
[2024-09-06T17:43:05.993+0000] {core_li.py:23} INFO - Successfully updated job requisition 66db04aabf0a19d8769e5e54
[2024-09-06T17:43:06.011+0000] {core_li.py:23} INFO - Successfully updated job requisition 66db04aabf0a19d8769e5e56
[2024-09-06T17:43:06.019+0000] {core_li.py:23} INFO - Successfully updated job requisition 66db04aabf0a19d8769e5e58
[2024-09-06T17:43:06.028+0000] {core_li.py:23} INFO - Successfully updated job requisition 66db04aabf0a19d8769e5e5a
[2024-09-06T17:43:06.036+0000] {core_li.py:23} INFO - Successfully updated job requisition 66db04aabf0a19d8769e5e5c
[2024-09-06T17:43:06.045+0000] {core_li.py:23} INFO - Successfully updated job requisition 66db04aabf0a19d8769e5e5e
[2024-09-06T17:43:06.052+0000] {core_li.py:23} INFO - Successfully updated job requisition 66db04aabf0a19d8769e5e60
[2024-09-06T17:43:06.064+0000] {core_li.py:23} INFO - Successfully updated job requisition 66db04aabf0a19d8769e5e62
[2024-09-06T17:43:06.073+0000] {core_li.py:23} INFO - Successfully updated job requisition 66db04aabf0a19d8769e5e64
[2024-09-06T17:43:06.086+0000] {core_li.py:23} INFO - Successfully updated job requisition 66db04aabf0a19d8769e5e66
[2024-09-06T17:43:06.094+0000] {core_li.py:23} INFO - Successfully updated job requisition 66db04aabf0a19d8769e5e68
[2024-09-06T17:43:06.104+0000] {core_li.py:23} INFO - Successfully updated job requisition 66db04aabf0a19d8769e5e6a
[2024-09-06T17:43:06.112+0000] {core_li.py:23} INFO - Successfully updated job requisition 66db04aabf0a19d8769e5e6c
[2024-09-06T17:43:06.118+0000] {core_li.py:23} INFO - Successfully updated job requisition 66db04aabf0a19d8769e5e6e
[2024-09-06T17:43:06.126+0000] {core_li.py:23} INFO - Successfully updated job requisition 66db04aabf0a19d8769e5e70
[2024-09-06T17:43:06.141+0000] {core_li.py:23} INFO - Successfully updated job requisition 66db04aabf0a19d8769e5e72
[2024-09-06T17:43:06.151+0000] {core_li.py:23} INFO - Successfully updated job requisition 66db04aabf0a19d8769e5e74
[2024-09-06T17:43:06.162+0000] {core_li.py:23} INFO - Successfully updated job requisition 66db04aabf0a19d8769e5e76
[2024-09-06T17:43:06.174+0000] {core_li.py:23} INFO - Successfully updated job requisition 66db04aabf0a19d8769e5e78
[2024-09-06T17:43:06.185+0000] {core_li.py:23} INFO - Successfully updated job requisition 66db04aabf0a19d8769e5e7a
[2024-09-06T17:43:06.195+0000] {core_li.py:23} INFO - Successfully updated job requisition 66db04aabf0a19d8769e5e7c
[2024-09-06T17:43:06.205+0000] {core_li.py:23} INFO - Successfully updated job requisition 66db04aabf0a19d8769e5e7e
[2024-09-06T17:43:06.213+0000] {core_li.py:23} INFO - Successfully updated job requisition 66db04aabf0a19d8769e5e80
[2024-09-06T17:43:06.214+0000] {python.py:240} INFO - Done. Returned value was: 100
[2024-09-06T17:43:06.260+0000] {taskinstance.py:340} INFO - ::group::Post task execution logs
[2024-09-06T17:43:06.261+0000] {taskinstance.py:352} INFO - Marking task as SUCCESS. dag_id=async_flow, task_id=task_backfill_number_of_cancelled_candidates_in_batch, run_id=manual__2024-09-06T17:43:02.727107+00:00, map_index=3, execution_date=20240906T174302, start_date=20240906T174304, end_date=20240906T174306
[2024-09-06T17:43:06.315+0000] {local_task_job_runner.py:266} INFO - Task exited with return code 0
[2024-09-06T17:43:06.350+0000] {taskinstance.py:3900} INFO - 0 downstream tasks scheduled from follow-on schedule check
[2024-09-06T17:43:06.351+0000] {local_task_job_runner.py:245} INFO - ::endgroup::
