[2024-09-06T17:45:56.497+0000] {local_task_job_runner.py:123} INFO - ::group::Pre task execution logs
[2024-09-06T17:45:56.517+0000] {taskinstance.py:2612} INFO - Dependencies all met for dep_context=non-requeueable deps ti=<TaskInstance: async_flow.task_backfill_number_of_cancelled_candidates_in_batch manual__2024-09-06T17:43:02.727107+00:00 map_index=3 [queued]>
[2024-09-06T17:45:56.525+0000] {taskinstance.py:2612} INFO - Dependencies all met for dep_context=requeueable deps ti=<TaskInstance: async_flow.task_backfill_number_of_cancelled_candidates_in_batch manual__2024-09-06T17:43:02.727107+00:00 map_index=3 [queued]>
[2024-09-06T17:45:56.527+0000] {taskinstance.py:2865} INFO - Starting attempt 2 of 2
[2024-09-06T17:45:56.584+0000] {taskinstance.py:2888} INFO - Executing <Mapped(_PythonDecoratedOperator): task_backfill_number_of_cancelled_candidates_in_batch> on 2024-09-06 17:43:02.727107+00:00
[2024-09-06T17:45:56.596+0000] {warnings.py:112} WARNING - /home/***/.local/lib/python3.12/site-packages/***/task/task_runner/standard_task_runner.py:70: DeprecationWarning: This process (pid=714) is multi-threaded, use of fork() may lead to deadlocks in the child.
  pid = os.fork()

[2024-09-06T17:45:56.601+0000] {standard_task_runner.py:72} INFO - Started process 790 to run task
[2024-09-06T17:45:56.604+0000] {standard_task_runner.py:104} INFO - Running: ['***', 'tasks', 'run', 'async_flow', 'task_backfill_number_of_cancelled_candidates_in_batch', 'manual__2024-09-06T17:43:02.727107+00:00', '--job-id', '284', '--raw', '--subdir', 'DAGS_FOLDER/dags_async_flow.py', '--cfg-path', '/tmp/tmpa_6b5xfg', '--map-index', '3']
[2024-09-06T17:45:56.611+0000] {standard_task_runner.py:105} INFO - Job 284: Subtask task_backfill_number_of_cancelled_candidates_in_batch
[2024-09-06T17:45:56.671+0000] {task_command.py:467} INFO - Running <TaskInstance: async_flow.task_backfill_number_of_cancelled_candidates_in_batch manual__2024-09-06T17:43:02.727107+00:00 map_index=3 [running]> on host 0817eb6c24af
[2024-09-06T17:45:56.778+0000] {taskinstance.py:3131} INFO - Exporting env vars: AIRFLOW_CTX_DAG_OWNER='***' AIRFLOW_CTX_DAG_ID='async_flow' AIRFLOW_CTX_TASK_ID='task_backfill_number_of_cancelled_candidates_in_batch' AIRFLOW_CTX_EXECUTION_DATE='2024-09-06T17:43:02.727107+00:00' AIRFLOW_CTX_TRY_NUMBER='2' AIRFLOW_CTX_DAG_RUN_ID='manual__2024-09-06T17:43:02.727107+00:00'
[2024-09-06T17:45:56.779+0000] {taskinstance.py:731} INFO - ::endgroup::
[2024-09-06T17:45:56.793+0000] {core_li.py:23} INFO - Successfully updated job requisition 66db04abbf0a19d8769e720a
[2024-09-06T17:45:56.801+0000] {core_li.py:23} INFO - Successfully updated job requisition 66db04abbf0a19d8769e720c
[2024-09-06T17:45:56.813+0000] {core_li.py:23} INFO - Successfully updated job requisition 66db04abbf0a19d8769e720e
[2024-09-06T17:45:56.831+0000] {core_li.py:23} INFO - Successfully updated job requisition 66db04abbf0a19d8769e7210
[2024-09-06T17:45:56.841+0000] {core_li.py:23} INFO - Successfully updated job requisition 66db04abbf0a19d8769e7212
[2024-09-06T17:45:56.850+0000] {core_li.py:23} INFO - Successfully updated job requisition 66db04abbf0a19d8769e7214
[2024-09-06T17:45:56.857+0000] {core_li.py:23} INFO - Successfully updated job requisition 66db04abbf0a19d8769e7216
[2024-09-06T17:45:56.864+0000] {core_li.py:23} INFO - Successfully updated job requisition 66db04abbf0a19d8769e7218
[2024-09-06T17:45:56.870+0000] {core_li.py:23} INFO - Successfully updated job requisition 66db04abbf0a19d8769e721a
[2024-09-06T17:45:56.879+0000] {core_li.py:23} INFO - Successfully updated job requisition 66db04abbf0a19d8769e721c
[2024-09-06T17:45:56.887+0000] {core_li.py:23} INFO - Successfully updated job requisition 66db04abbf0a19d8769e721e
[2024-09-06T17:45:56.895+0000] {core_li.py:23} INFO - Successfully updated job requisition 66db04abbf0a19d8769e7220
[2024-09-06T17:45:56.905+0000] {core_li.py:23} INFO - Successfully updated job requisition 66db04abbf0a19d8769e7222
[2024-09-06T17:45:56.910+0000] {core_li.py:23} INFO - Successfully updated job requisition 66db04abbf0a19d8769e7224
[2024-09-06T17:45:56.918+0000] {core_li.py:23} INFO - Successfully updated job requisition 66db04abbf0a19d8769e7226
[2024-09-06T17:45:56.928+0000] {core_li.py:23} INFO - Successfully updated job requisition 66db04abbf0a19d8769e7228
[2024-09-06T17:45:56.937+0000] {core_li.py:23} INFO - Successfully updated job requisition 66db04abbf0a19d8769e722a
[2024-09-06T17:45:56.946+0000] {core_li.py:23} INFO - Successfully updated job requisition 66db04abbf0a19d8769e722c
[2024-09-06T17:45:56.962+0000] {core_li.py:23} INFO - Successfully updated job requisition 66db04abbf0a19d8769e722e
[2024-09-06T17:45:56.970+0000] {core_li.py:23} INFO - Successfully updated job requisition 66db04abbf0a19d8769e7230
[2024-09-06T17:45:56.979+0000] {core_li.py:23} INFO - Successfully updated job requisition 66db04abbf0a19d8769e7232
[2024-09-06T17:45:56.987+0000] {core_li.py:23} INFO - Successfully updated job requisition 66db04abbf0a19d8769e7234
[2024-09-06T17:45:56.996+0000] {core_li.py:23} INFO - Successfully updated job requisition 66db04abbf0a19d8769e7236
[2024-09-06T17:45:57.004+0000] {core_li.py:23} INFO - Successfully updated job requisition 66db04abbf0a19d8769e7238
[2024-09-06T17:45:57.010+0000] {core_li.py:23} INFO - Successfully updated job requisition 66db04abbf0a19d8769e723a
[2024-09-06T17:45:57.019+0000] {core_li.py:23} INFO - Successfully updated job requisition 66db04abbf0a19d8769e723c
[2024-09-06T17:45:57.029+0000] {core_li.py:23} INFO - Successfully updated job requisition 66db04abbf0a19d8769e723e
[2024-09-06T17:45:57.040+0000] {core_li.py:23} INFO - Successfully updated job requisition 66db04abbf0a19d8769e7240
[2024-09-06T17:45:57.048+0000] {core_li.py:23} INFO - Successfully updated job requisition 66db04abbf0a19d8769e7242
[2024-09-06T17:45:57.058+0000] {core_li.py:23} INFO - Successfully updated job requisition 66db04abbf0a19d8769e7244
[2024-09-06T17:45:57.067+0000] {core_li.py:23} INFO - Successfully updated job requisition 66db04abbf0a19d8769e7246
[2024-09-06T17:45:57.074+0000] {core_li.py:23} INFO - Successfully updated job requisition 66db04abbf0a19d8769e7248
[2024-09-06T17:45:57.083+0000] {core_li.py:23} INFO - Successfully updated job requisition 66db04abbf0a19d8769e724a
[2024-09-06T17:45:57.090+0000] {core_li.py:23} INFO - Successfully updated job requisition 66db04abbf0a19d8769e724c
[2024-09-06T17:45:57.098+0000] {core_li.py:23} INFO - Successfully updated job requisition 66db04abbf0a19d8769e724e
[2024-09-06T17:45:57.109+0000] {core_li.py:23} INFO - Successfully updated job requisition 66db04abbf0a19d8769e7250
[2024-09-06T17:45:57.119+0000] {core_li.py:23} INFO - Successfully updated job requisition 66db04abbf0a19d8769e7252
[2024-09-06T17:45:57.126+0000] {core_li.py:23} INFO - Successfully updated job requisition 66db04abbf0a19d8769e7254
[2024-09-06T17:45:57.133+0000] {core_li.py:23} INFO - Successfully updated job requisition 66db04abbf0a19d8769e7256
[2024-09-06T17:45:57.146+0000] {core_li.py:23} INFO - Successfully updated job requisition 66db04abbf0a19d8769e7258
[2024-09-06T17:45:57.154+0000] {core_li.py:23} INFO - Successfully updated job requisition 66db04abbf0a19d8769e725a
[2024-09-06T17:45:57.163+0000] {core_li.py:23} INFO - Successfully updated job requisition 66db04abbf0a19d8769e725c
[2024-09-06T17:45:57.177+0000] {core_li.py:23} INFO - Successfully updated job requisition 66db04abbf0a19d8769e725e
[2024-09-06T17:45:57.186+0000] {core_li.py:23} INFO - Successfully updated job requisition 66db04abbf0a19d8769e7260
[2024-09-06T17:45:57.195+0000] {core_li.py:23} INFO - Successfully updated job requisition 66db04abbf0a19d8769e7262
[2024-09-06T17:45:57.202+0000] {core_li.py:23} INFO - Successfully updated job requisition 66db04abbf0a19d8769e7264
[2024-09-06T17:45:57.209+0000] {core_li.py:23} INFO - Successfully updated job requisition 66db04abbf0a19d8769e7266
[2024-09-06T17:45:57.215+0000] {core_li.py:23} INFO - Successfully updated job requisition 66db04abbf0a19d8769e7268
[2024-09-06T17:45:57.222+0000] {core_li.py:23} INFO - Successfully updated job requisition 66db04abbf0a19d8769e726a
[2024-09-06T17:45:57.228+0000] {core_li.py:23} INFO - Successfully updated job requisition 66db04abbf0a19d8769e726c
[2024-09-06T17:45:57.241+0000] {core_li.py:23} INFO - Successfully updated job requisition 66db04abbf0a19d8769e726e
[2024-09-06T17:45:57.254+0000] {core_li.py:23} INFO - Successfully updated job requisition 66db04abbf0a19d8769e7270
[2024-09-06T17:45:57.264+0000] {core_li.py:23} INFO - Successfully updated job requisition 66db04abbf0a19d8769e7272
[2024-09-06T17:45:57.272+0000] {core_li.py:23} INFO - Successfully updated job requisition 66db04abbf0a19d8769e7274
[2024-09-06T17:45:57.280+0000] {core_li.py:23} INFO - Successfully updated job requisition 66db04abbf0a19d8769e7276
[2024-09-06T17:45:57.287+0000] {core_li.py:23} INFO - Successfully updated job requisition 66db04abbf0a19d8769e7278
[2024-09-06T17:45:57.295+0000] {core_li.py:23} INFO - Successfully updated job requisition 66db04abbf0a19d8769e727a
[2024-09-06T17:45:57.301+0000] {core_li.py:23} INFO - Successfully updated job requisition 66db04abbf0a19d8769e727c
[2024-09-06T17:45:57.310+0000] {core_li.py:23} INFO - Successfully updated job requisition 66db04abbf0a19d8769e727e
[2024-09-06T17:45:57.319+0000] {core_li.py:23} INFO - Successfully updated job requisition 66db04abbf0a19d8769e7280
[2024-09-06T17:45:57.327+0000] {core_li.py:23} INFO - Successfully updated job requisition 66db04abbf0a19d8769e7282
[2024-09-06T17:45:57.338+0000] {core_li.py:23} INFO - Successfully updated job requisition 66db04abbf0a19d8769e7284
[2024-09-06T17:45:57.345+0000] {core_li.py:23} INFO - Successfully updated job requisition 66db04abbf0a19d8769e7286
[2024-09-06T17:45:57.353+0000] {core_li.py:23} INFO - Successfully updated job requisition 66db04abbf0a19d8769e7288
[2024-09-06T17:45:57.362+0000] {core_li.py:23} INFO - Successfully updated job requisition 66db04abbf0a19d8769e728a
[2024-09-06T17:45:57.373+0000] {core_li.py:23} INFO - Successfully updated job requisition 66db04abbf0a19d8769e728c
[2024-09-06T17:45:57.381+0000] {core_li.py:23} INFO - Successfully updated job requisition 66db04abbf0a19d8769e728e
[2024-09-06T17:45:57.392+0000] {core_li.py:23} INFO - Successfully updated job requisition 66db04abbf0a19d8769e7290
[2024-09-06T17:45:57.401+0000] {core_li.py:23} INFO - Successfully updated job requisition 66db04abbf0a19d8769e7292
[2024-09-06T17:45:57.412+0000] {core_li.py:23} INFO - Successfully updated job requisition 66db04abbf0a19d8769e7294
[2024-09-06T17:45:57.425+0000] {core_li.py:23} INFO - Successfully updated job requisition 66db04abbf0a19d8769e7296
[2024-09-06T17:45:57.435+0000] {core_li.py:23} INFO - Successfully updated job requisition 66db04abbf0a19d8769e7298
[2024-09-06T17:45:57.442+0000] {core_li.py:23} INFO - Successfully updated job requisition 66db04abbf0a19d8769e729a
[2024-09-06T17:45:57.450+0000] {core_li.py:23} INFO - Successfully updated job requisition 66db04abbf0a19d8769e729c
[2024-09-06T17:45:57.459+0000] {core_li.py:23} INFO - Successfully updated job requisition 66db04abbf0a19d8769e729e
[2024-09-06T17:45:57.471+0000] {core_li.py:23} INFO - Successfully updated job requisition 66db04abbf0a19d8769e72a0
[2024-09-06T17:45:57.477+0000] {core_li.py:23} INFO - Successfully updated job requisition 66db04abbf0a19d8769e72a2
[2024-09-06T17:45:57.484+0000] {core_li.py:23} INFO - Successfully updated job requisition 66db04abbf0a19d8769e72a4
[2024-09-06T17:45:57.492+0000] {core_li.py:23} INFO - Successfully updated job requisition 66db04abbf0a19d8769e72a6
[2024-09-06T17:45:57.502+0000] {core_li.py:23} INFO - Successfully updated job requisition 66db04abbf0a19d8769e72a8
[2024-09-06T17:45:57.510+0000] {core_li.py:23} INFO - Successfully updated job requisition 66db04abbf0a19d8769e72aa
[2024-09-06T17:45:57.520+0000] {core_li.py:23} INFO - Successfully updated job requisition 66db04abbf0a19d8769e72ac
[2024-09-06T17:45:57.530+0000] {core_li.py:23} INFO - Successfully updated job requisition 66db04abbf0a19d8769e72ae
[2024-09-06T17:45:57.540+0000] {core_li.py:23} INFO - Successfully updated job requisition 66db04abbf0a19d8769e72b0
[2024-09-06T17:45:57.548+0000] {core_li.py:23} INFO - Successfully updated job requisition 66db04abbf0a19d8769e72b2
[2024-09-06T17:45:57.556+0000] {core_li.py:23} INFO - Successfully updated job requisition 66db04abbf0a19d8769e72b4
[2024-09-06T17:45:57.577+0000] {core_li.py:23} INFO - Successfully updated job requisition 66db04abbf0a19d8769e72b6
[2024-09-06T17:45:57.586+0000] {core_li.py:23} INFO - Successfully updated job requisition 66db04abbf0a19d8769e72b8
[2024-09-06T17:45:57.593+0000] {core_li.py:23} INFO - Successfully updated job requisition 66db04abbf0a19d8769e72ba
[2024-09-06T17:45:57.604+0000] {core_li.py:23} INFO - Successfully updated job requisition 66db04abbf0a19d8769e72bc
[2024-09-06T17:45:57.611+0000] {core_li.py:23} INFO - Successfully updated job requisition 66db04abbf0a19d8769e72be
[2024-09-06T17:45:57.629+0000] {core_li.py:23} INFO - Successfully updated job requisition 66db04abbf0a19d8769e72c0
[2024-09-06T17:45:57.641+0000] {core_li.py:23} INFO - Successfully updated job requisition 66db04abbf0a19d8769e72c2
[2024-09-06T17:45:57.653+0000] {core_li.py:23} INFO - Successfully updated job requisition 66db04abbf0a19d8769e72c4
[2024-09-06T17:45:57.662+0000] {core_li.py:23} INFO - Successfully updated job requisition 66db04abbf0a19d8769e72c6
[2024-09-06T17:45:57.670+0000] {core_li.py:23} INFO - Successfully updated job requisition 66db04abbf0a19d8769e72c8
[2024-09-06T17:45:57.676+0000] {core_li.py:23} INFO - Successfully updated job requisition 66db04abbf0a19d8769e72ca
[2024-09-06T17:45:57.691+0000] {core_li.py:23} INFO - Successfully updated job requisition 66db04abbf0a19d8769e72cc
[2024-09-06T17:45:57.698+0000] {core_li.py:23} INFO - Successfully updated job requisition 66db04abbf0a19d8769e72ce
[2024-09-06T17:45:57.703+0000] {core_li.py:23} INFO - Successfully updated job requisition 66db04abbf0a19d8769e72d0
[2024-09-06T17:45:57.704+0000] {python.py:240} INFO - Done. Returned value was: 100
[2024-09-06T17:45:57.722+0000] {taskinstance.py:340} INFO - ::group::Post task execution logs
[2024-09-06T17:45:57.722+0000] {taskinstance.py:352} INFO - Marking task as SUCCESS. dag_id=async_flow, task_id=task_backfill_number_of_cancelled_candidates_in_batch, run_id=manual__2024-09-06T17:43:02.727107+00:00, map_index=3, execution_date=20240906T174302, start_date=20240906T174556, end_date=20240906T174557
[2024-09-06T17:45:57.745+0000] {local_task_job_runner.py:266} INFO - Task exited with return code 0
[2024-09-06T17:45:57.768+0000] {taskinstance.py:3900} INFO - 0 downstream tasks scheduled from follow-on schedule check
[2024-09-06T17:45:57.770+0000] {local_task_job_runner.py:245} INFO - ::endgroup::
