[2024-09-06T17:47:32.115+0000] {local_task_job_runner.py:123} INFO - ::group::Pre task execution logs
[2024-09-06T17:47:32.131+0000] {taskinstance.py:2612} INFO - Dependencies all met for dep_context=non-requeueable deps ti=<TaskInstance: async_flow.task_backfill_number_of_cancelled_candidates_in_batch manual__2024-09-06T17:47:30.120511+00:00 map_index=3 [queued]>
[2024-09-06T17:47:32.149+0000] {taskinstance.py:2612} INFO - Dependencies all met for dep_context=requeueable deps ti=<TaskInstance: async_flow.task_backfill_number_of_cancelled_candidates_in_batch manual__2024-09-06T17:47:30.120511+00:00 map_index=3 [queued]>
[2024-09-06T17:47:32.150+0000] {taskinstance.py:2865} INFO - Starting attempt 1 of 1
[2024-09-06T17:47:32.171+0000] {taskinstance.py:2888} INFO - Executing <Mapped(_PythonDecoratedOperator): task_backfill_number_of_cancelled_candidates_in_batch> on 2024-09-06 17:47:30.120511+00:00
[2024-09-06T17:47:32.177+0000] {warnings.py:112} WARNING - /home/***/.local/lib/python3.12/site-packages/***/task/task_runner/standard_task_runner.py:70: DeprecationWarning: This process (pid=1060) is multi-threaded, use of fork() may lead to deadlocks in the child.
  pid = os.fork()

[2024-09-06T17:47:32.183+0000] {standard_task_runner.py:72} INFO - Started process 1118 to run task
[2024-09-06T17:47:32.178+0000] {standard_task_runner.py:104} INFO - Running: ['***', 'tasks', 'run', 'async_flow', 'task_backfill_number_of_cancelled_candidates_in_batch', 'manual__2024-09-06T17:47:30.120511+00:00', '--job-id', '333', '--raw', '--subdir', 'DAGS_FOLDER/dags_async_flow.py', '--cfg-path', '/tmp/tmpq8gfq65g', '--map-index', '3']
[2024-09-06T17:47:32.188+0000] {standard_task_runner.py:105} INFO - Job 333: Subtask task_backfill_number_of_cancelled_candidates_in_batch
[2024-09-06T17:47:32.250+0000] {task_command.py:467} INFO - Running <TaskInstance: async_flow.task_backfill_number_of_cancelled_candidates_in_batch manual__2024-09-06T17:47:30.120511+00:00 map_index=3 [running]> on host 0817eb6c24af
[2024-09-06T17:47:32.345+0000] {taskinstance.py:3131} INFO - Exporting env vars: AIRFLOW_CTX_DAG_OWNER='***' AIRFLOW_CTX_DAG_ID='async_flow' AIRFLOW_CTX_TASK_ID='task_backfill_number_of_cancelled_candidates_in_batch' AIRFLOW_CTX_EXECUTION_DATE='2024-09-06T17:47:30.120511+00:00' AIRFLOW_CTX_TRY_NUMBER='1' AIRFLOW_CTX_DAG_RUN_ID='manual__2024-09-06T17:47:30.120511+00:00'
[2024-09-06T17:47:32.346+0000] {taskinstance.py:731} INFO - ::endgroup::
[2024-09-06T17:47:32.408+0000] {core_li.py:23} INFO - Successfully updated job requisition 66db04aabf0a19d8769e5dba
[2024-09-06T17:47:32.440+0000] {core_li.py:23} INFO - Successfully updated job requisition 66db04aabf0a19d8769e5dbc
[2024-09-06T17:47:32.469+0000] {core_li.py:23} INFO - Successfully updated job requisition 66db04aabf0a19d8769e5dbe
[2024-09-06T17:47:32.491+0000] {core_li.py:23} INFO - Successfully updated job requisition 66db04aabf0a19d8769e5dc0
[2024-09-06T17:47:32.501+0000] {core_li.py:23} INFO - Successfully updated job requisition 66db04aabf0a19d8769e5dc2
[2024-09-06T17:47:32.518+0000] {core_li.py:23} INFO - Successfully updated job requisition 66db04aabf0a19d8769e5dc4
[2024-09-06T17:47:32.539+0000] {core_li.py:23} INFO - Successfully updated job requisition 66db04aabf0a19d8769e5dc6
[2024-09-06T17:47:32.551+0000] {core_li.py:23} INFO - Successfully updated job requisition 66db04aabf0a19d8769e5dc8
[2024-09-06T17:47:32.562+0000] {core_li.py:23} INFO - Successfully updated job requisition 66db04aabf0a19d8769e5dca
[2024-09-06T17:47:32.573+0000] {core_li.py:23} INFO - Successfully updated job requisition 66db04aabf0a19d8769e5dcc
[2024-09-06T17:47:32.581+0000] {core_li.py:23} INFO - Successfully updated job requisition 66db04aabf0a19d8769e5dce
[2024-09-06T17:47:32.591+0000] {core_li.py:23} INFO - Successfully updated job requisition 66db04aabf0a19d8769e5dd0
[2024-09-06T17:47:32.601+0000] {core_li.py:23} INFO - Successfully updated job requisition 66db04aabf0a19d8769e5dd2
[2024-09-06T17:47:32.614+0000] {core_li.py:23} INFO - Successfully updated job requisition 66db04aabf0a19d8769e5dd4
[2024-09-06T17:47:32.624+0000] {core_li.py:23} INFO - Successfully updated job requisition 66db04aabf0a19d8769e5dd6
[2024-09-06T17:47:32.636+0000] {core_li.py:23} INFO - Successfully updated job requisition 66db04aabf0a19d8769e5dd8
[2024-09-06T17:47:32.645+0000] {core_li.py:23} INFO - Successfully updated job requisition 66db04aabf0a19d8769e5dda
[2024-09-06T17:47:32.658+0000] {core_li.py:23} INFO - Successfully updated job requisition 66db04aabf0a19d8769e5ddc
[2024-09-06T17:47:32.666+0000] {core_li.py:23} INFO - Successfully updated job requisition 66db04aabf0a19d8769e5dde
[2024-09-06T17:47:32.681+0000] {core_li.py:23} INFO - Successfully updated job requisition 66db04aabf0a19d8769e5de0
[2024-09-06T17:47:32.694+0000] {core_li.py:23} INFO - Successfully updated job requisition 66db04aabf0a19d8769e5de2
[2024-09-06T17:47:32.703+0000] {core_li.py:23} INFO - Successfully updated job requisition 66db04aabf0a19d8769e5de4
[2024-09-06T17:47:32.714+0000] {core_li.py:23} INFO - Successfully updated job requisition 66db04aabf0a19d8769e5de6
[2024-09-06T17:47:32.724+0000] {core_li.py:23} INFO - Successfully updated job requisition 66db04aabf0a19d8769e5de8
[2024-09-06T17:47:32.734+0000] {core_li.py:23} INFO - Successfully updated job requisition 66db04aabf0a19d8769e5dea
[2024-09-06T17:47:32.743+0000] {core_li.py:23} INFO - Successfully updated job requisition 66db04aabf0a19d8769e5dec
[2024-09-06T17:47:32.754+0000] {core_li.py:23} INFO - Successfully updated job requisition 66db04aabf0a19d8769e5dee
[2024-09-06T17:47:32.762+0000] {core_li.py:23} INFO - Successfully updated job requisition 66db04aabf0a19d8769e5df0
[2024-09-06T17:47:32.773+0000] {core_li.py:23} INFO - Successfully updated job requisition 66db04aabf0a19d8769e5df2
[2024-09-06T17:47:32.782+0000] {core_li.py:23} INFO - Successfully updated job requisition 66db04aabf0a19d8769e5df4
[2024-09-06T17:47:32.795+0000] {core_li.py:23} INFO - Successfully updated job requisition 66db04aabf0a19d8769e5df6
[2024-09-06T17:47:32.805+0000] {core_li.py:23} INFO - Successfully updated job requisition 66db04aabf0a19d8769e5df8
[2024-09-06T17:47:32.815+0000] {core_li.py:23} INFO - Successfully updated job requisition 66db04aabf0a19d8769e5dfa
[2024-09-06T17:47:32.825+0000] {core_li.py:23} INFO - Successfully updated job requisition 66db04aabf0a19d8769e5dfc
[2024-09-06T17:47:32.833+0000] {core_li.py:23} INFO - Successfully updated job requisition 66db04aabf0a19d8769e5dfe
[2024-09-06T17:47:32.841+0000] {core_li.py:23} INFO - Successfully updated job requisition 66db04aabf0a19d8769e5e00
[2024-09-06T17:47:32.852+0000] {core_li.py:23} INFO - Successfully updated job requisition 66db04aabf0a19d8769e5e02
[2024-09-06T17:47:32.861+0000] {core_li.py:23} INFO - Successfully updated job requisition 66db04aabf0a19d8769e5e04
[2024-09-06T17:47:32.871+0000] {core_li.py:23} INFO - Successfully updated job requisition 66db04aabf0a19d8769e5e06
[2024-09-06T17:47:32.888+0000] {core_li.py:23} INFO - Successfully updated job requisition 66db04aabf0a19d8769e5e08
[2024-09-06T17:47:32.904+0000] {core_li.py:23} INFO - Successfully updated job requisition 66db04aabf0a19d8769e5e0a
[2024-09-06T17:47:32.912+0000] {core_li.py:23} INFO - Successfully updated job requisition 66db04aabf0a19d8769e5e0c
[2024-09-06T17:47:32.921+0000] {core_li.py:23} INFO - Successfully updated job requisition 66db04aabf0a19d8769e5e0e
[2024-09-06T17:47:32.935+0000] {core_li.py:23} INFO - Successfully updated job requisition 66db04aabf0a19d8769e5e10
[2024-09-06T17:47:32.945+0000] {core_li.py:23} INFO - Successfully updated job requisition 66db04aabf0a19d8769e5e12
[2024-09-06T17:47:32.959+0000] {core_li.py:23} INFO - Successfully updated job requisition 66db04aabf0a19d8769e5e14
[2024-09-06T17:47:32.970+0000] {core_li.py:23} INFO - Successfully updated job requisition 66db04aabf0a19d8769e5e16
[2024-09-06T17:47:32.978+0000] {core_li.py:23} INFO - Successfully updated job requisition 66db04aabf0a19d8769e5e18
[2024-09-06T17:47:32.986+0000] {core_li.py:23} INFO - Successfully updated job requisition 66db04aabf0a19d8769e5e1a
[2024-09-06T17:47:32.998+0000] {core_li.py:23} INFO - Successfully updated job requisition 66db04aabf0a19d8769e5e1c
[2024-09-06T17:47:33.008+0000] {core_li.py:23} INFO - Successfully updated job requisition 66db04aabf0a19d8769e5e1e
[2024-09-06T17:47:33.018+0000] {core_li.py:23} INFO - Successfully updated job requisition 66db04aabf0a19d8769e5e20
[2024-09-06T17:47:33.030+0000] {core_li.py:23} INFO - Successfully updated job requisition 66db04aabf0a19d8769e5e22
[2024-09-06T17:47:33.037+0000] {core_li.py:23} INFO - Successfully updated job requisition 66db04aabf0a19d8769e5e24
[2024-09-06T17:47:33.045+0000] {core_li.py:23} INFO - Successfully updated job requisition 66db04aabf0a19d8769e5e26
[2024-09-06T17:47:33.053+0000] {core_li.py:23} INFO - Successfully updated job requisition 66db04aabf0a19d8769e5e28
[2024-09-06T17:47:33.060+0000] {core_li.py:23} INFO - Successfully updated job requisition 66db04aabf0a19d8769e5e2a
[2024-09-06T17:47:33.067+0000] {core_li.py:23} INFO - Successfully updated job requisition 66db04aabf0a19d8769e5e2c
[2024-09-06T17:47:33.076+0000] {core_li.py:23} INFO - Successfully updated job requisition 66db04aabf0a19d8769e5e2e
[2024-09-06T17:47:33.083+0000] {core_li.py:23} INFO - Successfully updated job requisition 66db04aabf0a19d8769e5e30
[2024-09-06T17:47:33.090+0000] {core_li.py:23} INFO - Successfully updated job requisition 66db04aabf0a19d8769e5e32
[2024-09-06T17:47:33.102+0000] {core_li.py:23} INFO - Successfully updated job requisition 66db04aabf0a19d8769e5e34
[2024-09-06T17:47:33.113+0000] {core_li.py:23} INFO - Successfully updated job requisition 66db04aabf0a19d8769e5e36
[2024-09-06T17:47:33.127+0000] {core_li.py:23} INFO - Successfully updated job requisition 66db04aabf0a19d8769e5e38
[2024-09-06T17:47:33.136+0000] {core_li.py:23} INFO - Successfully updated job requisition 66db04aabf0a19d8769e5e3a
[2024-09-06T17:47:33.144+0000] {core_li.py:23} INFO - Successfully updated job requisition 66db04aabf0a19d8769e5e3c
[2024-09-06T17:47:33.152+0000] {core_li.py:23} INFO - Successfully updated job requisition 66db04aabf0a19d8769e5e3e
[2024-09-06T17:47:33.159+0000] {core_li.py:23} INFO - Successfully updated job requisition 66db04aabf0a19d8769e5e40
[2024-09-06T17:47:33.167+0000] {core_li.py:23} INFO - Successfully updated job requisition 66db04aabf0a19d8769e5e42
[2024-09-06T17:47:33.175+0000] {core_li.py:23} INFO - Successfully updated job requisition 66db04aabf0a19d8769e5e44
[2024-09-06T17:47:33.183+0000] {core_li.py:23} INFO - Successfully updated job requisition 66db04aabf0a19d8769e5e46
[2024-09-06T17:47:33.194+0000] {core_li.py:23} INFO - Successfully updated job requisition 66db04aabf0a19d8769e5e48
[2024-09-06T17:47:33.203+0000] {core_li.py:23} INFO - Successfully updated job requisition 66db04aabf0a19d8769e5e4a
[2024-09-06T17:47:33.213+0000] {core_li.py:23} INFO - Successfully updated job requisition 66db04aabf0a19d8769e5e4c
[2024-09-06T17:47:33.219+0000] {core_li.py:23} INFO - Successfully updated job requisition 66db04aabf0a19d8769e5e4e
[2024-09-06T17:47:33.229+0000] {core_li.py:23} INFO - Successfully updated job requisition 66db04aabf0a19d8769e5e50
[2024-09-06T17:47:33.240+0000] {core_li.py:23} INFO - Successfully updated job requisition 66db04aabf0a19d8769e5e52
[2024-09-06T17:47:33.249+0000] {core_li.py:23} INFO - Successfully updated job requisition 66db04aabf0a19d8769e5e54
[2024-09-06T17:47:33.256+0000] {core_li.py:23} INFO - Successfully updated job requisition 66db04aabf0a19d8769e5e56
[2024-09-06T17:47:33.264+0000] {core_li.py:23} INFO - Successfully updated job requisition 66db04aabf0a19d8769e5e58
[2024-09-06T17:47:33.274+0000] {core_li.py:23} INFO - Successfully updated job requisition 66db04aabf0a19d8769e5e5a
[2024-09-06T17:47:33.285+0000] {core_li.py:23} INFO - Successfully updated job requisition 66db04aabf0a19d8769e5e5c
[2024-09-06T17:47:33.294+0000] {core_li.py:23} INFO - Successfully updated job requisition 66db04aabf0a19d8769e5e5e
[2024-09-06T17:47:33.302+0000] {core_li.py:23} INFO - Successfully updated job requisition 66db04aabf0a19d8769e5e60
[2024-09-06T17:47:33.310+0000] {core_li.py:23} INFO - Successfully updated job requisition 66db04aabf0a19d8769e5e62
[2024-09-06T17:47:33.319+0000] {core_li.py:23} INFO - Successfully updated job requisition 66db04aabf0a19d8769e5e64
[2024-09-06T17:47:33.326+0000] {core_li.py:23} INFO - Successfully updated job requisition 66db04aabf0a19d8769e5e66
[2024-09-06T17:47:33.335+0000] {core_li.py:23} INFO - Successfully updated job requisition 66db04aabf0a19d8769e5e68
[2024-09-06T17:47:33.341+0000] {core_li.py:23} INFO - Successfully updated job requisition 66db04aabf0a19d8769e5e6a
[2024-09-06T17:47:33.348+0000] {core_li.py:23} INFO - Successfully updated job requisition 66db04aabf0a19d8769e5e6c
[2024-09-06T17:47:33.357+0000] {core_li.py:23} INFO - Successfully updated job requisition 66db04aabf0a19d8769e5e6e
[2024-09-06T17:47:33.368+0000] {core_li.py:23} INFO - Successfully updated job requisition 66db04aabf0a19d8769e5e70
[2024-09-06T17:47:33.387+0000] {core_li.py:23} INFO - Successfully updated job requisition 66db04aabf0a19d8769e5e72
[2024-09-06T17:47:33.395+0000] {core_li.py:23} INFO - Successfully updated job requisition 66db04aabf0a19d8769e5e74
[2024-09-06T17:47:33.409+0000] {core_li.py:23} INFO - Successfully updated job requisition 66db04aabf0a19d8769e5e76
[2024-09-06T17:47:33.418+0000] {core_li.py:23} INFO - Successfully updated job requisition 66db04aabf0a19d8769e5e78
[2024-09-06T17:47:33.424+0000] {core_li.py:23} INFO - Successfully updated job requisition 66db04aabf0a19d8769e5e7a
[2024-09-06T17:47:33.433+0000] {core_li.py:23} INFO - Successfully updated job requisition 66db04aabf0a19d8769e5e7c
[2024-09-06T17:47:33.441+0000] {core_li.py:23} INFO - Successfully updated job requisition 66db04aabf0a19d8769e5e7e
[2024-09-06T17:47:33.449+0000] {core_li.py:23} INFO - Successfully updated job requisition 66db04aabf0a19d8769e5e80
[2024-09-06T17:47:33.449+0000] {python.py:240} INFO - Done. Returned value was: 100
[2024-09-06T17:47:33.476+0000] {taskinstance.py:340} INFO - ::group::Post task execution logs
[2024-09-06T17:47:33.477+0000] {taskinstance.py:352} INFO - Marking task as SUCCESS. dag_id=async_flow, task_id=task_backfill_number_of_cancelled_candidates_in_batch, run_id=manual__2024-09-06T17:47:30.120511+00:00, map_index=3, execution_date=20240906T174730, start_date=20240906T174732, end_date=20240906T174733
[2024-09-06T17:47:33.532+0000] {local_task_job_runner.py:266} INFO - Task exited with return code 0
[2024-09-06T17:47:33.542+0000] {local_task_job_runner.py:245} INFO - ::endgroup::
