[2024-09-06T17:29:41.665+0000] {local_task_job_runner.py:123} INFO - ::group::Pre task execution logs
[2024-09-06T17:29:41.746+0000] {taskinstance.py:2612} INFO - Dependencies all met for dep_context=non-requeueable deps ti=<TaskInstance: async_flow.task_backfill_number_of_cancelled_candidates_in_batch manual__2024-09-06T17:29:39.458358+00:00 map_index=13 [queued]>
[2024-09-06T17:29:41.767+0000] {taskinstance.py:2612} INFO - Dependencies all met for dep_context=requeueable deps ti=<TaskInstance: async_flow.task_backfill_number_of_cancelled_candidates_in_batch manual__2024-09-06T17:29:39.458358+00:00 map_index=13 [queued]>
[2024-09-06T17:29:41.768+0000] {taskinstance.py:2865} INFO - Starting attempt 1 of 1
[2024-09-06T17:29:41.780+0000] {taskinstance.py:2888} INFO - Executing <Mapped(_PythonDecoratedOperator): task_backfill_number_of_cancelled_candidates_in_batch> on 2024-09-06 17:29:39.458358+00:00
[2024-09-06T17:29:41.792+0000] {warnings.py:112} WARNING - /home/***/.local/lib/python3.12/site-packages/***/task/task_runner/standard_task_runner.py:70: DeprecationWarning: This process (pid=3121) is multi-threaded, use of fork() may lead to deadlocks in the child.
  pid = os.fork()

[2024-09-06T17:29:41.795+0000] {standard_task_runner.py:72} INFO - Started process 3186 to run task
[2024-09-06T17:29:41.800+0000] {standard_task_runner.py:104} INFO - Running: ['***', 'tasks', 'run', 'async_flow', 'task_backfill_number_of_cancelled_candidates_in_batch', 'manual__2024-09-06T17:29:39.458358+00:00', '--job-id', '122', '--raw', '--subdir', 'DAGS_FOLDER/dags_async_flow.py', '--cfg-path', '/tmp/tmp69fypn78', '--map-index', '13']
[2024-09-06T17:29:41.806+0000] {standard_task_runner.py:105} INFO - Job 122: Subtask task_backfill_number_of_cancelled_candidates_in_batch
[2024-09-06T17:29:41.933+0000] {task_command.py:467} INFO - Running <TaskInstance: async_flow.task_backfill_number_of_cancelled_candidates_in_batch manual__2024-09-06T17:29:39.458358+00:00 map_index=13 [running]> on host a3a5f1897683
[2024-09-06T17:29:42.185+0000] {taskinstance.py:3131} INFO - Exporting env vars: AIRFLOW_CTX_DAG_OWNER='***' AIRFLOW_CTX_DAG_ID='async_flow' AIRFLOW_CTX_TASK_ID='task_backfill_number_of_cancelled_candidates_in_batch' AIRFLOW_CTX_EXECUTION_DATE='2024-09-06T17:29:39.458358+00:00' AIRFLOW_CTX_TRY_NUMBER='1' AIRFLOW_CTX_DAG_RUN_ID='manual__2024-09-06T17:29:39.458358+00:00'
[2024-09-06T17:29:42.192+0000] {taskinstance.py:731} INFO - ::endgroup::
[2024-09-06T17:29:42.314+0000] {core_li.py:23} INFO - Successfully updated job requisition 66db04abbf0a19d8769e658a
[2024-09-06T17:29:42.360+0000] {core_li.py:23} INFO - Successfully updated job requisition 66db04abbf0a19d8769e658c
[2024-09-06T17:29:42.394+0000] {core_li.py:23} INFO - Successfully updated job requisition 66db04abbf0a19d8769e658e
[2024-09-06T17:29:42.426+0000] {core_li.py:23} INFO - Successfully updated job requisition 66db04abbf0a19d8769e6590
[2024-09-06T17:29:42.452+0000] {core_li.py:23} INFO - Successfully updated job requisition 66db04abbf0a19d8769e6592
[2024-09-06T17:29:42.470+0000] {core_li.py:23} INFO - Successfully updated job requisition 66db04abbf0a19d8769e6594
[2024-09-06T17:29:42.488+0000] {core_li.py:23} INFO - Successfully updated job requisition 66db04abbf0a19d8769e6596
[2024-09-06T17:29:42.503+0000] {core_li.py:23} INFO - Successfully updated job requisition 66db04abbf0a19d8769e6598
[2024-09-06T17:29:42.529+0000] {core_li.py:23} INFO - Successfully updated job requisition 66db04abbf0a19d8769e659a
[2024-09-06T17:29:42.545+0000] {core_li.py:23} INFO - Successfully updated job requisition 66db04abbf0a19d8769e659c
[2024-09-06T17:29:42.558+0000] {core_li.py:23} INFO - Successfully updated job requisition 66db04abbf0a19d8769e659e
[2024-09-06T17:29:42.574+0000] {core_li.py:23} INFO - Successfully updated job requisition 66db04abbf0a19d8769e65a0
[2024-09-06T17:29:42.597+0000] {core_li.py:23} INFO - Successfully updated job requisition 66db04abbf0a19d8769e65a2
[2024-09-06T17:29:42.612+0000] {core_li.py:23} INFO - Successfully updated job requisition 66db04abbf0a19d8769e65a4
[2024-09-06T17:29:42.625+0000] {core_li.py:23} INFO - Successfully updated job requisition 66db04abbf0a19d8769e65a6
[2024-09-06T17:29:42.637+0000] {core_li.py:23} INFO - Successfully updated job requisition 66db04abbf0a19d8769e65a8
[2024-09-06T17:29:42.662+0000] {core_li.py:23} INFO - Successfully updated job requisition 66db04abbf0a19d8769e65aa
[2024-09-06T17:29:42.678+0000] {core_li.py:23} INFO - Successfully updated job requisition 66db04abbf0a19d8769e65ac
[2024-09-06T17:29:42.692+0000] {core_li.py:23} INFO - Successfully updated job requisition 66db04abbf0a19d8769e65ae
[2024-09-06T17:29:42.710+0000] {core_li.py:23} INFO - Successfully updated job requisition 66db04abbf0a19d8769e65b0
[2024-09-06T17:29:42.727+0000] {core_li.py:23} INFO - Successfully updated job requisition 66db04abbf0a19d8769e65b2
[2024-09-06T17:29:42.749+0000] {core_li.py:23} INFO - Successfully updated job requisition 66db04abbf0a19d8769e65b4
[2024-09-06T17:29:42.762+0000] {core_li.py:23} INFO - Successfully updated job requisition 66db04abbf0a19d8769e65b6
[2024-09-06T17:29:42.784+0000] {core_li.py:23} INFO - Successfully updated job requisition 66db04abbf0a19d8769e65b8
[2024-09-06T17:29:42.805+0000] {core_li.py:23} INFO - Successfully updated job requisition 66db04abbf0a19d8769e65ba
[2024-09-06T17:29:42.817+0000] {core_li.py:23} INFO - Successfully updated job requisition 66db04abbf0a19d8769e65bc
[2024-09-06T17:29:42.833+0000] {core_li.py:23} INFO - Successfully updated job requisition 66db04abbf0a19d8769e65be
[2024-09-06T17:29:42.844+0000] {core_li.py:23} INFO - Successfully updated job requisition 66db04abbf0a19d8769e65c0
[2024-09-06T17:29:42.857+0000] {core_li.py:23} INFO - Successfully updated job requisition 66db04abbf0a19d8769e65c2
[2024-09-06T17:29:42.870+0000] {core_li.py:23} INFO - Successfully updated job requisition 66db04abbf0a19d8769e65c4
[2024-09-06T17:29:42.883+0000] {core_li.py:23} INFO - Successfully updated job requisition 66db04abbf0a19d8769e65c6
[2024-09-06T17:29:42.897+0000] {core_li.py:23} INFO - Successfully updated job requisition 66db04abbf0a19d8769e65c8
[2024-09-06T17:29:42.909+0000] {core_li.py:23} INFO - Successfully updated job requisition 66db04abbf0a19d8769e65ca
[2024-09-06T17:29:42.919+0000] {core_li.py:23} INFO - Successfully updated job requisition 66db04abbf0a19d8769e65cc
[2024-09-06T17:29:42.928+0000] {core_li.py:23} INFO - Successfully updated job requisition 66db04abbf0a19d8769e65ce
[2024-09-06T17:29:42.941+0000] {core_li.py:23} INFO - Successfully updated job requisition 66db04abbf0a19d8769e65d0
[2024-09-06T17:29:42.962+0000] {core_li.py:23} INFO - Successfully updated job requisition 66db04abbf0a19d8769e65d2
[2024-09-06T17:29:42.984+0000] {core_li.py:23} INFO - Successfully updated job requisition 66db04abbf0a19d8769e65d4
[2024-09-06T17:29:43.002+0000] {core_li.py:23} INFO - Successfully updated job requisition 66db04abbf0a19d8769e65d6
[2024-09-06T17:29:43.013+0000] {core_li.py:23} INFO - Successfully updated job requisition 66db04abbf0a19d8769e65d8
[2024-09-06T17:29:43.025+0000] {core_li.py:23} INFO - Successfully updated job requisition 66db04abbf0a19d8769e65da
[2024-09-06T17:29:43.044+0000] {core_li.py:23} INFO - Successfully updated job requisition 66db04abbf0a19d8769e65dc
[2024-09-06T17:29:43.065+0000] {core_li.py:23} INFO - Successfully updated job requisition 66db04abbf0a19d8769e65de
[2024-09-06T17:29:43.077+0000] {core_li.py:23} INFO - Successfully updated job requisition 66db04abbf0a19d8769e65e0
[2024-09-06T17:29:43.090+0000] {core_li.py:23} INFO - Successfully updated job requisition 66db04abbf0a19d8769e65e2
[2024-09-06T17:29:43.100+0000] {core_li.py:23} INFO - Successfully updated job requisition 66db04abbf0a19d8769e65e4
[2024-09-06T17:29:43.116+0000] {core_li.py:23} INFO - Successfully updated job requisition 66db04abbf0a19d8769e65e6
[2024-09-06T17:29:43.134+0000] {core_li.py:23} INFO - Successfully updated job requisition 66db04abbf0a19d8769e65e8
[2024-09-06T17:29:43.143+0000] {core_li.py:23} INFO - Successfully updated job requisition 66db04abbf0a19d8769e65ea
[2024-09-06T17:29:43.154+0000] {core_li.py:23} INFO - Successfully updated job requisition 66db04abbf0a19d8769e65ec
[2024-09-06T17:29:43.165+0000] {core_li.py:23} INFO - Successfully updated job requisition 66db04abbf0a19d8769e65ee
[2024-09-06T17:29:43.189+0000] {core_li.py:23} INFO - Successfully updated job requisition 66db04abbf0a19d8769e65f0
[2024-09-06T17:29:43.211+0000] {core_li.py:23} INFO - Successfully updated job requisition 66db04abbf0a19d8769e65f2
[2024-09-06T17:29:43.238+0000] {core_li.py:23} INFO - Successfully updated job requisition 66db04abbf0a19d8769e65f4
[2024-09-06T17:29:43.262+0000] {core_li.py:23} INFO - Successfully updated job requisition 66db04abbf0a19d8769e65f6
[2024-09-06T17:29:43.287+0000] {core_li.py:23} INFO - Successfully updated job requisition 66db04abbf0a19d8769e65f8
[2024-09-06T17:29:43.315+0000] {core_li.py:23} INFO - Successfully updated job requisition 66db04abbf0a19d8769e65fa
[2024-09-06T17:29:43.330+0000] {core_li.py:23} INFO - Successfully updated job requisition 66db04abbf0a19d8769e65fc
[2024-09-06T17:29:43.350+0000] {core_li.py:23} INFO - Successfully updated job requisition 66db04abbf0a19d8769e65fe
[2024-09-06T17:29:43.365+0000] {core_li.py:23} INFO - Successfully updated job requisition 66db04abbf0a19d8769e6600
[2024-09-06T17:29:43.386+0000] {core_li.py:23} INFO - Successfully updated job requisition 66db04abbf0a19d8769e6602
[2024-09-06T17:29:43.401+0000] {core_li.py:23} INFO - Successfully updated job requisition 66db04abbf0a19d8769e6604
[2024-09-06T17:29:43.415+0000] {core_li.py:23} INFO - Successfully updated job requisition 66db04abbf0a19d8769e6606
[2024-09-06T17:29:43.429+0000] {core_li.py:23} INFO - Successfully updated job requisition 66db04abbf0a19d8769e6608
[2024-09-06T17:29:43.444+0000] {core_li.py:23} INFO - Successfully updated job requisition 66db04abbf0a19d8769e660a
[2024-09-06T17:29:43.466+0000] {core_li.py:23} INFO - Successfully updated job requisition 66db04abbf0a19d8769e660c
[2024-09-06T17:29:43.489+0000] {core_li.py:23} INFO - Successfully updated job requisition 66db04abbf0a19d8769e660e
[2024-09-06T17:29:43.516+0000] {core_li.py:23} INFO - Successfully updated job requisition 66db04abbf0a19d8769e6610
[2024-09-06T17:29:43.535+0000] {core_li.py:23} INFO - Successfully updated job requisition 66db04abbf0a19d8769e6612
[2024-09-06T17:29:43.557+0000] {core_li.py:23} INFO - Successfully updated job requisition 66db04abbf0a19d8769e6614
[2024-09-06T17:29:43.576+0000] {core_li.py:23} INFO - Successfully updated job requisition 66db04abbf0a19d8769e6616
[2024-09-06T17:29:43.593+0000] {core_li.py:23} INFO - Successfully updated job requisition 66db04abbf0a19d8769e6618
[2024-09-06T17:29:43.622+0000] {core_li.py:23} INFO - Successfully updated job requisition 66db04abbf0a19d8769e661a
[2024-09-06T17:29:43.644+0000] {core_li.py:23} INFO - Successfully updated job requisition 66db04abbf0a19d8769e661c
[2024-09-06T17:29:43.665+0000] {core_li.py:23} INFO - Successfully updated job requisition 66db04abbf0a19d8769e661e
[2024-09-06T17:29:43.685+0000] {core_li.py:23} INFO - Successfully updated job requisition 66db04abbf0a19d8769e6620
[2024-09-06T17:29:43.732+0000] {core_li.py:23} INFO - Successfully updated job requisition 66db04abbf0a19d8769e6622
[2024-09-06T17:29:43.757+0000] {core_li.py:23} INFO - Successfully updated job requisition 66db04abbf0a19d8769e6624
[2024-09-06T17:29:43.766+0000] {core_li.py:23} INFO - Successfully updated job requisition 66db04abbf0a19d8769e6626
[2024-09-06T17:29:43.779+0000] {core_li.py:23} INFO - Successfully updated job requisition 66db04abbf0a19d8769e6628
[2024-09-06T17:29:43.793+0000] {core_li.py:23} INFO - Successfully updated job requisition 66db04abbf0a19d8769e662a
[2024-09-06T17:29:43.810+0000] {core_li.py:23} INFO - Successfully updated job requisition 66db04abbf0a19d8769e662c
[2024-09-06T17:29:43.830+0000] {core_li.py:23} INFO - Successfully updated job requisition 66db04abbf0a19d8769e662e
[2024-09-06T17:29:43.847+0000] {core_li.py:23} INFO - Successfully updated job requisition 66db04abbf0a19d8769e6630
[2024-09-06T17:29:43.858+0000] {core_li.py:23} INFO - Successfully updated job requisition 66db04abbf0a19d8769e6632
[2024-09-06T17:29:43.866+0000] {core_li.py:23} INFO - Successfully updated job requisition 66db04abbf0a19d8769e6634
[2024-09-06T17:29:43.879+0000] {core_li.py:23} INFO - Successfully updated job requisition 66db04abbf0a19d8769e6636
[2024-09-06T17:29:43.888+0000] {core_li.py:23} INFO - Successfully updated job requisition 66db04abbf0a19d8769e6638
[2024-09-06T17:29:43.895+0000] {core_li.py:23} INFO - Successfully updated job requisition 66db04abbf0a19d8769e663a
[2024-09-06T17:29:43.905+0000] {core_li.py:23} INFO - Successfully updated job requisition 66db04abbf0a19d8769e663c
[2024-09-06T17:29:43.910+0000] {core_li.py:23} INFO - Successfully updated job requisition 66db04abbf0a19d8769e663e
[2024-09-06T17:29:43.917+0000] {core_li.py:23} INFO - Successfully updated job requisition 66db04abbf0a19d8769e6640
[2024-09-06T17:29:43.922+0000] {core_li.py:23} INFO - Successfully updated job requisition 66db04abbf0a19d8769e6642
[2024-09-06T17:29:43.927+0000] {core_li.py:23} INFO - Successfully updated job requisition 66db04abbf0a19d8769e6644
[2024-09-06T17:29:43.932+0000] {core_li.py:23} INFO - Successfully updated job requisition 66db04abbf0a19d8769e6646
[2024-09-06T17:29:43.937+0000] {core_li.py:23} INFO - Successfully updated job requisition 66db04abbf0a19d8769e6648
[2024-09-06T17:29:43.941+0000] {core_li.py:23} INFO - Successfully updated job requisition 66db04abbf0a19d8769e664a
[2024-09-06T17:29:43.946+0000] {core_li.py:23} INFO - Successfully updated job requisition 66db04abbf0a19d8769e664c
[2024-09-06T17:29:43.951+0000] {core_li.py:23} INFO - Successfully updated job requisition 66db04abbf0a19d8769e664e
[2024-09-06T17:29:43.954+0000] {core_li.py:23} INFO - Successfully updated job requisition 66db04abbf0a19d8769e6650
[2024-09-06T17:29:43.955+0000] {python.py:240} INFO - Done. Returned value was: 100
[2024-09-06T17:29:43.967+0000] {taskinstance.py:340} INFO - ::group::Post task execution logs
[2024-09-06T17:29:43.967+0000] {taskinstance.py:352} INFO - Marking task as SUCCESS. dag_id=async_flow, task_id=task_backfill_number_of_cancelled_candidates_in_batch, run_id=manual__2024-09-06T17:29:39.458358+00:00, map_index=13, execution_date=20240906T172939, start_date=20240906T172941, end_date=20240906T172943
[2024-09-06T17:29:44.006+0000] {local_task_job_runner.py:266} INFO - Task exited with return code 0
[2024-09-06T17:29:44.026+0000] {taskinstance.py:3900} INFO - 0 downstream tasks scheduled from follow-on schedule check
[2024-09-06T17:29:44.027+0000] {local_task_job_runner.py:245} INFO - ::endgroup::
