[2024-09-06T17:47:35.196+0000] {local_task_job_runner.py:123} INFO - ::group::Pre task execution logs
[2024-09-06T17:47:35.234+0000] {taskinstance.py:2612} INFO - Dependencies all met for dep_context=non-requeueable deps ti=<TaskInstance: async_flow.task_backfill_number_of_cancelled_candidates_in_batch manual__2024-09-06T17:47:30.120511+00:00 map_index=16 [queued]>
[2024-09-06T17:47:35.245+0000] {taskinstance.py:2612} INFO - Dependencies all met for dep_context=requeueable deps ti=<TaskInstance: async_flow.task_backfill_number_of_cancelled_candidates_in_batch manual__2024-09-06T17:47:30.120511+00:00 map_index=16 [queued]>
[2024-09-06T17:47:35.245+0000] {taskinstance.py:2865} INFO - Starting attempt 1 of 1
[2024-09-06T17:47:35.259+0000] {taskinstance.py:2888} INFO - Executing <Mapped(_PythonDecoratedOperator): task_backfill_number_of_cancelled_candidates_in_batch> on 2024-09-06 17:47:30.120511+00:00
[2024-09-06T17:47:35.266+0000] {warnings.py:112} WARNING - /home/***/.local/lib/python3.12/site-packages/***/task/task_runner/standard_task_runner.py:70: DeprecationWarning: This process (pid=1144) is multi-threaded, use of fork() may lead to deadlocks in the child.
  pid = os.fork()

[2024-09-06T17:47:35.268+0000] {standard_task_runner.py:72} INFO - Started process 1235 to run task
[2024-09-06T17:47:35.275+0000] {standard_task_runner.py:104} INFO - Running: ['***', 'tasks', 'run', 'async_flow', 'task_backfill_number_of_cancelled_candidates_in_batch', 'manual__2024-09-06T17:47:30.120511+00:00', '--job-id', '359', '--raw', '--subdir', 'DAGS_FOLDER/dags_async_flow.py', '--cfg-path', '/tmp/tmpp2z5dhmp', '--map-index', '16']
[2024-09-06T17:47:35.277+0000] {standard_task_runner.py:105} INFO - Job 359: Subtask task_backfill_number_of_cancelled_candidates_in_batch
[2024-09-06T17:47:35.357+0000] {task_command.py:467} INFO - Running <TaskInstance: async_flow.task_backfill_number_of_cancelled_candidates_in_batch manual__2024-09-06T17:47:30.120511+00:00 map_index=16 [running]> on host 0817eb6c24af
[2024-09-06T17:47:35.453+0000] {taskinstance.py:3131} INFO - Exporting env vars: AIRFLOW_CTX_DAG_OWNER='***' AIRFLOW_CTX_DAG_ID='async_flow' AIRFLOW_CTX_TASK_ID='task_backfill_number_of_cancelled_candidates_in_batch' AIRFLOW_CTX_EXECUTION_DATE='2024-09-06T17:47:30.120511+00:00' AIRFLOW_CTX_TRY_NUMBER='1' AIRFLOW_CTX_DAG_RUN_ID='manual__2024-09-06T17:47:30.120511+00:00'
[2024-09-06T17:47:35.456+0000] {taskinstance.py:731} INFO - ::endgroup::
[2024-09-06T17:47:35.472+0000] {core_li.py:23} INFO - Successfully updated job requisition 66db04abbf0a19d8769e7462
[2024-09-06T17:47:35.488+0000] {core_li.py:23} INFO - Successfully updated job requisition 66db04abbf0a19d8769e7464
[2024-09-06T17:47:35.499+0000] {core_li.py:23} INFO - Successfully updated job requisition 66db04abbf0a19d8769e7466
[2024-09-06T17:47:35.510+0000] {core_li.py:23} INFO - Successfully updated job requisition 66db04abbf0a19d8769e7468
[2024-09-06T17:47:35.521+0000] {core_li.py:23} INFO - Successfully updated job requisition 66db04abbf0a19d8769e746a
[2024-09-06T17:47:35.531+0000] {core_li.py:23} INFO - Successfully updated job requisition 66db04abbf0a19d8769e746c
[2024-09-06T17:47:35.541+0000] {core_li.py:23} INFO - Successfully updated job requisition 66db04abbf0a19d8769e746e
[2024-09-06T17:47:35.553+0000] {core_li.py:23} INFO - Successfully updated job requisition 66db04abbf0a19d8769e7470
[2024-09-06T17:47:35.564+0000] {core_li.py:23} INFO - Successfully updated job requisition 66db04abbf0a19d8769e7472
[2024-09-06T17:47:35.579+0000] {core_li.py:23} INFO - Successfully updated job requisition 66db04abbf0a19d8769e7474
[2024-09-06T17:47:35.590+0000] {core_li.py:23} INFO - Successfully updated job requisition 66db04abbf0a19d8769e7476
[2024-09-06T17:47:35.598+0000] {core_li.py:23} INFO - Successfully updated job requisition 66db04abbf0a19d8769e7478
[2024-09-06T17:47:35.610+0000] {core_li.py:23} INFO - Successfully updated job requisition 66db04abbf0a19d8769e747a
[2024-09-06T17:47:35.621+0000] {core_li.py:23} INFO - Successfully updated job requisition 66db04abbf0a19d8769e747c
[2024-09-06T17:47:35.629+0000] {core_li.py:23} INFO - Successfully updated job requisition 66db04abbf0a19d8769e747e
[2024-09-06T17:47:35.639+0000] {core_li.py:23} INFO - Successfully updated job requisition 66db04abbf0a19d8769e7480
[2024-09-06T17:47:35.647+0000] {core_li.py:23} INFO - Successfully updated job requisition 66db04abbf0a19d8769e7482
[2024-09-06T17:47:35.659+0000] {core_li.py:23} INFO - Successfully updated job requisition 66db04abbf0a19d8769e7484
[2024-09-06T17:47:35.674+0000] {core_li.py:23} INFO - Successfully updated job requisition 66db04abbf0a19d8769e7486
[2024-09-06T17:47:35.694+0000] {core_li.py:23} INFO - Successfully updated job requisition 66db04abbf0a19d8769e7488
[2024-09-06T17:47:35.706+0000] {core_li.py:23} INFO - Successfully updated job requisition 66db04abbf0a19d8769e748a
[2024-09-06T17:47:35.735+0000] {core_li.py:23} INFO - Successfully updated job requisition 66db04abbf0a19d8769e748c
[2024-09-06T17:47:35.747+0000] {core_li.py:23} INFO - Successfully updated job requisition 66db04abbf0a19d8769e748e
[2024-09-06T17:47:35.758+0000] {core_li.py:23} INFO - Successfully updated job requisition 66db04abbf0a19d8769e7490
[2024-09-06T17:47:35.766+0000] {core_li.py:23} INFO - Successfully updated job requisition 66db04abbf0a19d8769e7492
[2024-09-06T17:47:35.775+0000] {core_li.py:23} INFO - Successfully updated job requisition 66db04abbf0a19d8769e7494
[2024-09-06T17:47:35.788+0000] {core_li.py:23} INFO - Successfully updated job requisition 66db04abbf0a19d8769e7496
[2024-09-06T17:47:35.800+0000] {core_li.py:23} INFO - Successfully updated job requisition 66db04abbf0a19d8769e7498
[2024-09-06T17:47:35.811+0000] {core_li.py:23} INFO - Successfully updated job requisition 66db04abbf0a19d8769e749a
[2024-09-06T17:47:35.822+0000] {core_li.py:23} INFO - Successfully updated job requisition 66db04abbf0a19d8769e749c
[2024-09-06T17:47:35.833+0000] {core_li.py:23} INFO - Successfully updated job requisition 66db04abbf0a19d8769e749e
[2024-09-06T17:47:35.842+0000] {core_li.py:23} INFO - Successfully updated job requisition 66db04abbf0a19d8769e74a0
[2024-09-06T17:47:35.855+0000] {core_li.py:23} INFO - Successfully updated job requisition 66db04abbf0a19d8769e74a2
[2024-09-06T17:47:35.862+0000] {core_li.py:23} INFO - Successfully updated job requisition 66db04abbf0a19d8769e74a4
[2024-09-06T17:47:35.870+0000] {core_li.py:23} INFO - Successfully updated job requisition 66db04abbf0a19d8769e74a6
[2024-09-06T17:47:35.882+0000] {core_li.py:23} INFO - Successfully updated job requisition 66db04abbf0a19d8769e74a8
[2024-09-06T17:47:35.890+0000] {core_li.py:23} INFO - Successfully updated job requisition 66db04abbf0a19d8769e74aa
[2024-09-06T17:47:35.902+0000] {core_li.py:23} INFO - Successfully updated job requisition 66db04abbf0a19d8769e74ac
[2024-09-06T17:47:35.912+0000] {core_li.py:23} INFO - Successfully updated job requisition 66db04abbf0a19d8769e74ae
[2024-09-06T17:47:35.923+0000] {core_li.py:23} INFO - Successfully updated job requisition 66db04abbf0a19d8769e74b0
[2024-09-06T17:47:35.934+0000] {core_li.py:23} INFO - Successfully updated job requisition 66db04abbf0a19d8769e74b2
[2024-09-06T17:47:35.946+0000] {core_li.py:23} INFO - Successfully updated job requisition 66db04abbf0a19d8769e74b4
[2024-09-06T17:47:35.959+0000] {core_li.py:23} INFO - Successfully updated job requisition 66db04abbf0a19d8769e74b6
[2024-09-06T17:47:35.970+0000] {core_li.py:23} INFO - Successfully updated job requisition 66db04abbf0a19d8769e74b8
[2024-09-06T17:47:35.977+0000] {core_li.py:23} INFO - Successfully updated job requisition 66db04abbf0a19d8769e74ba
[2024-09-06T17:47:35.986+0000] {core_li.py:23} INFO - Successfully updated job requisition 66db04abbf0a19d8769e74bc
[2024-09-06T17:47:35.998+0000] {core_li.py:23} INFO - Successfully updated job requisition 66db04abbf0a19d8769e74be
[2024-09-06T17:47:36.011+0000] {core_li.py:23} INFO - Successfully updated job requisition 66db04abbf0a19d8769e74c0
[2024-09-06T17:47:36.022+0000] {core_li.py:23} INFO - Successfully updated job requisition 66db04abbf0a19d8769e74c2
[2024-09-06T17:47:36.032+0000] {core_li.py:23} INFO - Successfully updated job requisition 66db04abbf0a19d8769e74c4
[2024-09-06T17:47:36.042+0000] {core_li.py:23} INFO - Successfully updated job requisition 66db04abbf0a19d8769e74c6
[2024-09-06T17:47:36.054+0000] {core_li.py:23} INFO - Successfully updated job requisition 66db04abbf0a19d8769e74c8
[2024-09-06T17:47:36.065+0000] {core_li.py:23} INFO - Successfully updated job requisition 66db04abbf0a19d8769e74ca
[2024-09-06T17:47:36.079+0000] {core_li.py:23} INFO - Successfully updated job requisition 66db04abbf0a19d8769e74cc
[2024-09-06T17:47:36.091+0000] {core_li.py:23} INFO - Successfully updated job requisition 66db04abbf0a19d8769e74ce
[2024-09-06T17:47:36.102+0000] {core_li.py:23} INFO - Successfully updated job requisition 66db04abbf0a19d8769e74d0
[2024-09-06T17:47:36.114+0000] {core_li.py:23} INFO - Successfully updated job requisition 66db04abbf0a19d8769e74d2
[2024-09-06T17:47:36.124+0000] {core_li.py:23} INFO - Successfully updated job requisition 66db04abbf0a19d8769e74d4
[2024-09-06T17:47:36.134+0000] {core_li.py:23} INFO - Successfully updated job requisition 66db04abbf0a19d8769e74d6
[2024-09-06T17:47:36.142+0000] {core_li.py:23} INFO - Successfully updated job requisition 66db04abbf0a19d8769e74d8
[2024-09-06T17:47:36.149+0000] {core_li.py:23} INFO - Successfully updated job requisition 66db04abbf0a19d8769e74da
[2024-09-06T17:47:36.168+0000] {core_li.py:23} INFO - Successfully updated job requisition 66db04abbf0a19d8769e74dc
[2024-09-06T17:47:36.194+0000] {core_li.py:23} INFO - Successfully updated job requisition 66db04abbf0a19d8769e74de
[2024-09-06T17:47:36.215+0000] {core_li.py:23} INFO - Successfully updated job requisition 66db04abbf0a19d8769e74e0
[2024-09-06T17:47:36.234+0000] {core_li.py:23} INFO - Successfully updated job requisition 66db04abbf0a19d8769e74e2
[2024-09-06T17:47:36.256+0000] {core_li.py:23} INFO - Successfully updated job requisition 66db04abbf0a19d8769e74e4
[2024-09-06T17:47:36.271+0000] {core_li.py:23} INFO - Successfully updated job requisition 66db04abbf0a19d8769e74e6
[2024-09-06T17:47:36.288+0000] {core_li.py:23} INFO - Successfully updated job requisition 66db04abbf0a19d8769e74e8
[2024-09-06T17:47:36.300+0000] {core_li.py:23} INFO - Successfully updated job requisition 66db04abbf0a19d8769e74ea
[2024-09-06T17:47:36.311+0000] {core_li.py:23} INFO - Successfully updated job requisition 66db04abbf0a19d8769e74ec
[2024-09-06T17:47:36.325+0000] {core_li.py:23} INFO - Successfully updated job requisition 66db04abbf0a19d8769e74ee
[2024-09-06T17:47:36.336+0000] {core_li.py:23} INFO - Successfully updated job requisition 66db04abbf0a19d8769e74f0
[2024-09-06T17:47:36.348+0000] {core_li.py:23} INFO - Successfully updated job requisition 66db04abbf0a19d8769e74f2
[2024-09-06T17:47:36.358+0000] {core_li.py:23} INFO - Successfully updated job requisition 66db04abbf0a19d8769e74f4
[2024-09-06T17:47:36.372+0000] {core_li.py:23} INFO - Successfully updated job requisition 66db04abbf0a19d8769e74f6
[2024-09-06T17:47:36.385+0000] {core_li.py:23} INFO - Successfully updated job requisition 66db04abbf0a19d8769e74f8
[2024-09-06T17:47:36.403+0000] {core_li.py:23} INFO - Successfully updated job requisition 66db04abbf0a19d8769e74fa
[2024-09-06T17:47:36.412+0000] {core_li.py:23} INFO - Successfully updated job requisition 66db04abbf0a19d8769e74fc
[2024-09-06T17:47:36.422+0000] {core_li.py:23} INFO - Successfully updated job requisition 66db04abbf0a19d8769e74fe
[2024-09-06T17:47:36.430+0000] {core_li.py:23} INFO - Successfully updated job requisition 66db04abbf0a19d8769e7500
[2024-09-06T17:47:36.445+0000] {core_li.py:23} INFO - Successfully updated job requisition 66db04abbf0a19d8769e7502
[2024-09-06T17:47:36.453+0000] {core_li.py:23} INFO - Successfully updated job requisition 66db04abbf0a19d8769e7504
[2024-09-06T17:47:36.467+0000] {core_li.py:23} INFO - Successfully updated job requisition 66db04abbf0a19d8769e7506
[2024-09-06T17:47:36.477+0000] {core_li.py:23} INFO - Successfully updated job requisition 66db04abbf0a19d8769e7508
[2024-09-06T17:47:36.483+0000] {core_li.py:23} INFO - Successfully updated job requisition 66db04abbf0a19d8769e750a
[2024-09-06T17:47:36.493+0000] {core_li.py:23} INFO - Successfully updated job requisition 66db04abbf0a19d8769e750c
[2024-09-06T17:47:36.505+0000] {core_li.py:23} INFO - Successfully updated job requisition 66db04abbf0a19d8769e750e
[2024-09-06T17:47:36.516+0000] {core_li.py:23} INFO - Successfully updated job requisition 66db04abbf0a19d8769e7510
[2024-09-06T17:47:36.528+0000] {core_li.py:23} INFO - Successfully updated job requisition 66db04abbf0a19d8769e7512
[2024-09-06T17:47:36.539+0000] {core_li.py:23} INFO - Successfully updated job requisition 66db04abbf0a19d8769e7514
[2024-09-06T17:47:36.549+0000] {core_li.py:23} INFO - Successfully updated job requisition 66db04abbf0a19d8769e7516
[2024-09-06T17:47:36.561+0000] {core_li.py:23} INFO - Successfully updated job requisition 66db04abbf0a19d8769e7518
[2024-09-06T17:47:36.569+0000] {core_li.py:23} INFO - Successfully updated job requisition 66db04abbf0a19d8769e751a
[2024-09-06T17:47:36.578+0000] {core_li.py:23} INFO - Successfully updated job requisition 66db04abbf0a19d8769e751c
[2024-09-06T17:47:36.593+0000] {core_li.py:23} INFO - Successfully updated job requisition 66db04abbf0a19d8769e751e
[2024-09-06T17:47:36.606+0000] {core_li.py:23} INFO - Successfully updated job requisition 66db04abbf0a19d8769e7520
[2024-09-06T17:47:36.616+0000] {core_li.py:23} INFO - Successfully updated job requisition 66db04abbf0a19d8769e7522
[2024-09-06T17:47:36.623+0000] {core_li.py:23} INFO - Successfully updated job requisition 66db04abbf0a19d8769e7524
[2024-09-06T17:47:36.632+0000] {core_li.py:23} INFO - Successfully updated job requisition 66db04abbf0a19d8769e7526
[2024-09-06T17:47:36.639+0000] {core_li.py:23} INFO - Successfully updated job requisition 66db04abbf0a19d8769e7528
[2024-09-06T17:47:36.640+0000] {python.py:240} INFO - Done. Returned value was: 100
[2024-09-06T17:47:36.667+0000] {taskinstance.py:340} INFO - ::group::Post task execution logs
[2024-09-06T17:47:36.667+0000] {taskinstance.py:352} INFO - Marking task as SUCCESS. dag_id=async_flow, task_id=task_backfill_number_of_cancelled_candidates_in_batch, run_id=manual__2024-09-06T17:47:30.120511+00:00, map_index=16, execution_date=20240906T174730, start_date=20240906T174735, end_date=20240906T174736
[2024-09-06T17:47:36.695+0000] {local_task_job_runner.py:266} INFO - Task exited with return code 0
[2024-09-06T17:47:36.715+0000] {taskinstance.py:3900} INFO - 0 downstream tasks scheduled from follow-on schedule check
[2024-09-06T17:47:36.716+0000] {local_task_job_runner.py:245} INFO - ::endgroup::
