[2024-09-06T17:45:51.041+0000] {local_task_job_runner.py:123} INFO - ::group::Pre task execution logs
[2024-09-06T17:45:51.101+0000] {taskinstance.py:2612} INFO - Dependencies all met for dep_context=non-requeueable deps ti=<TaskInstance: async_flow.task_backfill_number_of_cancelled_candidates_in_batch manual__2024-09-06T17:29:39.458358+00:00 map_index=20 [queued]>
[2024-09-06T17:45:51.118+0000] {taskinstance.py:2612} INFO - Dependencies all met for dep_context=requeueable deps ti=<TaskInstance: async_flow.task_backfill_number_of_cancelled_candidates_in_batch manual__2024-09-06T17:29:39.458358+00:00 map_index=20 [queued]>
[2024-09-06T17:45:51.122+0000] {taskinstance.py:2865} INFO - Starting attempt 2 of 2
[2024-09-06T17:45:51.140+0000] {taskinstance.py:2888} INFO - Executing <Mapped(_PythonDecoratedOperator): task_backfill_number_of_cancelled_candidates_in_batch> on 2024-09-06 17:29:39.458358+00:00
[2024-09-06T17:45:51.147+0000] {warnings.py:112} WARNING - /home/***/.local/lib/python3.12/site-packages/***/task/task_runner/standard_task_runner.py:70: DeprecationWarning: This process (pid=514) is multi-threaded, use of fork() may lead to deadlocks in the child.
  pid = os.fork()

[2024-09-06T17:45:51.148+0000] {standard_task_runner.py:72} INFO - Started process 583 to run task
[2024-09-06T17:45:51.150+0000] {standard_task_runner.py:104} INFO - Running: ['***', 'tasks', 'run', 'async_flow', 'task_backfill_number_of_cancelled_candidates_in_batch', 'manual__2024-09-06T17:29:39.458358+00:00', '--job-id', '243', '--raw', '--subdir', 'DAGS_FOLDER/dags_async_flow.py', '--cfg-path', '/tmp/tmpj02s8ih3', '--map-index', '20']
[2024-09-06T17:45:51.152+0000] {standard_task_runner.py:105} INFO - Job 243: Subtask task_backfill_number_of_cancelled_candidates_in_batch
[2024-09-06T17:45:51.198+0000] {task_command.py:467} INFO - Running <TaskInstance: async_flow.task_backfill_number_of_cancelled_candidates_in_batch manual__2024-09-06T17:29:39.458358+00:00 map_index=20 [running]> on host 0817eb6c24af
[2024-09-06T17:45:51.282+0000] {taskinstance.py:3131} INFO - Exporting env vars: AIRFLOW_CTX_DAG_OWNER='***' AIRFLOW_CTX_DAG_ID='async_flow' AIRFLOW_CTX_TASK_ID='task_backfill_number_of_cancelled_candidates_in_batch' AIRFLOW_CTX_EXECUTION_DATE='2024-09-06T17:29:39.458358+00:00' AIRFLOW_CTX_TRY_NUMBER='2' AIRFLOW_CTX_DAG_RUN_ID='manual__2024-09-06T17:29:39.458358+00:00'
[2024-09-06T17:45:51.285+0000] {taskinstance.py:731} INFO - ::endgroup::
[2024-09-06T17:45:51.310+0000] {core_li.py:23} INFO - Successfully updated job requisition 66db04abbf0a19d8769e7782
[2024-09-06T17:45:51.321+0000] {core_li.py:23} INFO - Successfully updated job requisition 66db04abbf0a19d8769e7784
[2024-09-06T17:45:51.333+0000] {core_li.py:23} INFO - Successfully updated job requisition 66db04abbf0a19d8769e7786
[2024-09-06T17:45:51.350+0000] {core_li.py:23} INFO - Successfully updated job requisition 66db04abbf0a19d8769e7788
[2024-09-06T17:45:51.363+0000] {core_li.py:23} INFO - Successfully updated job requisition 66db04abbf0a19d8769e778a
[2024-09-06T17:45:51.372+0000] {core_li.py:23} INFO - Successfully updated job requisition 66db04abbf0a19d8769e778c
[2024-09-06T17:45:51.387+0000] {core_li.py:23} INFO - Successfully updated job requisition 66db04abbf0a19d8769e778e
[2024-09-06T17:45:51.396+0000] {core_li.py:23} INFO - Successfully updated job requisition 66db04abbf0a19d8769e7790
[2024-09-06T17:45:51.410+0000] {core_li.py:23} INFO - Successfully updated job requisition 66db04abbf0a19d8769e7792
[2024-09-06T17:45:51.422+0000] {core_li.py:23} INFO - Successfully updated job requisition 66db04abbf0a19d8769e7794
[2024-09-06T17:45:51.431+0000] {core_li.py:23} INFO - Successfully updated job requisition 66db04abbf0a19d8769e7796
[2024-09-06T17:45:51.445+0000] {core_li.py:23} INFO - Successfully updated job requisition 66db04abbf0a19d8769e7798
[2024-09-06T17:45:51.459+0000] {core_li.py:23} INFO - Successfully updated job requisition 66db04abbf0a19d8769e779a
[2024-09-06T17:45:51.470+0000] {core_li.py:23} INFO - Successfully updated job requisition 66db04abbf0a19d8769e779c
[2024-09-06T17:45:51.479+0000] {core_li.py:23} INFO - Successfully updated job requisition 66db04abbf0a19d8769e779e
[2024-09-06T17:45:51.486+0000] {core_li.py:23} INFO - Successfully updated job requisition 66db04abbf0a19d8769e77a0
[2024-09-06T17:45:51.492+0000] {core_li.py:23} INFO - Successfully updated job requisition 66db04abbf0a19d8769e77a2
[2024-09-06T17:45:51.499+0000] {core_li.py:23} INFO - Successfully updated job requisition 66db04abbf0a19d8769e77a4
[2024-09-06T17:45:51.508+0000] {core_li.py:23} INFO - Successfully updated job requisition 66db04abbf0a19d8769e77a6
[2024-09-06T17:45:51.514+0000] {core_li.py:23} INFO - Successfully updated job requisition 66db04abbf0a19d8769e77a8
[2024-09-06T17:45:51.523+0000] {core_li.py:23} INFO - Successfully updated job requisition 66db04abbf0a19d8769e77aa
[2024-09-06T17:45:51.530+0000] {core_li.py:23} INFO - Successfully updated job requisition 66db04abbf0a19d8769e77ac
[2024-09-06T17:45:51.538+0000] {core_li.py:23} INFO - Successfully updated job requisition 66db04abbf0a19d8769e77ae
[2024-09-06T17:45:51.547+0000] {core_li.py:23} INFO - Successfully updated job requisition 66db04abbf0a19d8769e77b0
[2024-09-06T17:45:51.556+0000] {core_li.py:23} INFO - Successfully updated job requisition 66db04abbf0a19d8769e77b2
[2024-09-06T17:45:51.563+0000] {core_li.py:23} INFO - Successfully updated job requisition 66db04abbf0a19d8769e77b4
[2024-09-06T17:45:51.574+0000] {core_li.py:23} INFO - Successfully updated job requisition 66db04abbf0a19d8769e77b6
[2024-09-06T17:45:51.581+0000] {core_li.py:23} INFO - Successfully updated job requisition 66db04abbf0a19d8769e77b8
[2024-09-06T17:45:51.590+0000] {core_li.py:23} INFO - Successfully updated job requisition 66db04abbf0a19d8769e77ba
[2024-09-06T17:45:51.599+0000] {core_li.py:23} INFO - Successfully updated job requisition 66db04abbf0a19d8769e77bc
[2024-09-06T17:45:51.607+0000] {core_li.py:23} INFO - Successfully updated job requisition 66db04abbf0a19d8769e77be
[2024-09-06T17:45:51.620+0000] {core_li.py:23} INFO - Successfully updated job requisition 66db04abbf0a19d8769e77c0
[2024-09-06T17:45:51.630+0000] {core_li.py:23} INFO - Successfully updated job requisition 66db04abbf0a19d8769e77c2
[2024-09-06T17:45:51.638+0000] {core_li.py:23} INFO - Successfully updated job requisition 66db04abbf0a19d8769e77c4
[2024-09-06T17:45:51.648+0000] {core_li.py:23} INFO - Successfully updated job requisition 66db04abbf0a19d8769e77c6
[2024-09-06T17:45:51.654+0000] {core_li.py:23} INFO - Successfully updated job requisition 66db04abbf0a19d8769e77c8
[2024-09-06T17:45:51.665+0000] {core_li.py:23} INFO - Successfully updated job requisition 66db04abbf0a19d8769e77ca
[2024-09-06T17:45:51.673+0000] {core_li.py:23} INFO - Successfully updated job requisition 66db04abbf0a19d8769e77cc
[2024-09-06T17:45:51.682+0000] {core_li.py:23} INFO - Successfully updated job requisition 66db04abbf0a19d8769e77ce
[2024-09-06T17:45:51.693+0000] {core_li.py:23} INFO - Successfully updated job requisition 66db04abbf0a19d8769e77d0
[2024-09-06T17:45:51.701+0000] {core_li.py:23} INFO - Successfully updated job requisition 66db04abbf0a19d8769e77d2
[2024-09-06T17:45:51.708+0000] {core_li.py:23} INFO - Successfully updated job requisition 66db04abbf0a19d8769e77d4
[2024-09-06T17:45:51.714+0000] {core_li.py:23} INFO - Successfully updated job requisition 66db04abbf0a19d8769e77d6
[2024-09-06T17:45:51.720+0000] {core_li.py:23} INFO - Successfully updated job requisition 66db04abbf0a19d8769e77d8
[2024-09-06T17:45:51.728+0000] {core_li.py:23} INFO - Successfully updated job requisition 66db04abbf0a19d8769e77da
[2024-09-06T17:45:51.736+0000] {core_li.py:23} INFO - Successfully updated job requisition 66db04abbf0a19d8769e77dc
[2024-09-06T17:45:51.745+0000] {core_li.py:23} INFO - Successfully updated job requisition 66db04abbf0a19d8769e77de
[2024-09-06T17:45:51.751+0000] {core_li.py:23} INFO - Successfully updated job requisition 66db04abbf0a19d8769e77e0
[2024-09-06T17:45:51.759+0000] {core_li.py:23} INFO - Successfully updated job requisition 66db04abbf0a19d8769e77e2
[2024-09-06T17:45:51.768+0000] {core_li.py:23} INFO - Successfully updated job requisition 66db04abbf0a19d8769e77e4
[2024-09-06T17:45:51.777+0000] {core_li.py:23} INFO - Successfully updated job requisition 66db04abbf0a19d8769e77e6
[2024-09-06T17:45:51.785+0000] {core_li.py:23} INFO - Successfully updated job requisition 66db04abbf0a19d8769e77e8
[2024-09-06T17:45:51.796+0000] {core_li.py:23} INFO - Successfully updated job requisition 66db04abbf0a19d8769e77ea
[2024-09-06T17:45:51.804+0000] {core_li.py:23} INFO - Successfully updated job requisition 66db04abbf0a19d8769e77ec
[2024-09-06T17:45:51.812+0000] {core_li.py:23} INFO - Successfully updated job requisition 66db04abbf0a19d8769e77ee
[2024-09-06T17:45:51.822+0000] {core_li.py:23} INFO - Successfully updated job requisition 66db04abbf0a19d8769e77f0
[2024-09-06T17:45:51.828+0000] {core_li.py:23} INFO - Successfully updated job requisition 66db04abbf0a19d8769e77f2
[2024-09-06T17:45:51.834+0000] {core_li.py:23} INFO - Successfully updated job requisition 66db04abbf0a19d8769e77f4
[2024-09-06T17:45:51.844+0000] {core_li.py:23} INFO - Successfully updated job requisition 66db04abbf0a19d8769e77f6
[2024-09-06T17:45:51.851+0000] {core_li.py:23} INFO - Successfully updated job requisition 66db04abbf0a19d8769e77f8
[2024-09-06T17:45:51.858+0000] {core_li.py:23} INFO - Successfully updated job requisition 66db04abbf0a19d8769e77fa
[2024-09-06T17:45:51.865+0000] {core_li.py:23} INFO - Successfully updated job requisition 66db04abbf0a19d8769e77fc
[2024-09-06T17:45:51.873+0000] {core_li.py:23} INFO - Successfully updated job requisition 66db04abbf0a19d8769e77fe
[2024-09-06T17:45:51.882+0000] {core_li.py:23} INFO - Successfully updated job requisition 66db04abbf0a19d8769e7800
[2024-09-06T17:45:51.889+0000] {core_li.py:23} INFO - Successfully updated job requisition 66db04abbf0a19d8769e7802
[2024-09-06T17:45:51.896+0000] {core_li.py:23} INFO - Successfully updated job requisition 66db04abbf0a19d8769e7804
[2024-09-06T17:45:51.902+0000] {core_li.py:23} INFO - Successfully updated job requisition 66db04abbf0a19d8769e7806
[2024-09-06T17:45:51.909+0000] {core_li.py:23} INFO - Successfully updated job requisition 66db04abbf0a19d8769e7808
[2024-09-06T17:45:51.920+0000] {core_li.py:23} INFO - Successfully updated job requisition 66db04abbf0a19d8769e780a
[2024-09-06T17:45:51.926+0000] {core_li.py:23} INFO - Successfully updated job requisition 66db04abbf0a19d8769e780c
[2024-09-06T17:45:51.936+0000] {core_li.py:23} INFO - Successfully updated job requisition 66db04abbf0a19d8769e780e
[2024-09-06T17:45:51.944+0000] {core_li.py:23} INFO - Successfully updated job requisition 66db04abbf0a19d8769e7810
[2024-09-06T17:45:51.951+0000] {core_li.py:23} INFO - Successfully updated job requisition 66db04abbf0a19d8769e7812
[2024-09-06T17:45:51.958+0000] {core_li.py:23} INFO - Successfully updated job requisition 66db04abbf0a19d8769e7814
[2024-09-06T17:45:51.964+0000] {core_li.py:23} INFO - Successfully updated job requisition 66db04abbf0a19d8769e7816
[2024-09-06T17:45:51.971+0000] {core_li.py:23} INFO - Successfully updated job requisition 66db04abbf0a19d8769e7818
[2024-09-06T17:45:51.979+0000] {core_li.py:23} INFO - Successfully updated job requisition 66db04abbf0a19d8769e781a
[2024-09-06T17:45:51.987+0000] {core_li.py:23} INFO - Successfully updated job requisition 66db04abbf0a19d8769e781c
[2024-09-06T17:45:51.994+0000] {core_li.py:23} INFO - Successfully updated job requisition 66db04abbf0a19d8769e781e
[2024-09-06T17:45:52.001+0000] {core_li.py:23} INFO - Successfully updated job requisition 66db04abbf0a19d8769e7820
[2024-09-06T17:45:52.009+0000] {core_li.py:23} INFO - Successfully updated job requisition 66db04abbf0a19d8769e7822
[2024-09-06T17:45:52.015+0000] {core_li.py:23} INFO - Successfully updated job requisition 66db04abbf0a19d8769e7824
[2024-09-06T17:45:52.023+0000] {core_li.py:23} INFO - Successfully updated job requisition 66db04abbf0a19d8769e7826
[2024-09-06T17:45:52.031+0000] {core_li.py:23} INFO - Successfully updated job requisition 66db04abbf0a19d8769e7828
[2024-09-06T17:45:52.039+0000] {core_li.py:23} INFO - Successfully updated job requisition 66db04abbf0a19d8769e782a
[2024-09-06T17:45:52.046+0000] {core_li.py:23} INFO - Successfully updated job requisition 66db04abbf0a19d8769e782c
[2024-09-06T17:45:52.052+0000] {core_li.py:23} INFO - Successfully updated job requisition 66db04abbf0a19d8769e782e
[2024-09-06T17:45:52.059+0000] {core_li.py:23} INFO - Successfully updated job requisition 66db04abbf0a19d8769e7830
[2024-09-06T17:45:52.069+0000] {core_li.py:23} INFO - Successfully updated job requisition 66db04abbf0a19d8769e7832
[2024-09-06T17:45:52.086+0000] {core_li.py:23} INFO - Successfully updated job requisition 66db04abbf0a19d8769e7834
[2024-09-06T17:45:52.094+0000] {core_li.py:23} INFO - Successfully updated job requisition 66db04abbf0a19d8769e7836
[2024-09-06T17:45:52.102+0000] {core_li.py:23} INFO - Successfully updated job requisition 66db04abbf0a19d8769e7838
[2024-09-06T17:45:52.110+0000] {core_li.py:23} INFO - Successfully updated job requisition 66db04abbf0a19d8769e783a
[2024-09-06T17:45:52.116+0000] {core_li.py:23} INFO - Successfully updated job requisition 66db04abbf0a19d8769e783c
[2024-09-06T17:45:52.123+0000] {core_li.py:23} INFO - Successfully updated job requisition 66db04abbf0a19d8769e783e
[2024-09-06T17:45:52.132+0000] {core_li.py:23} INFO - Successfully updated job requisition 66db04abbf0a19d8769e7840
[2024-09-06T17:45:52.139+0000] {core_li.py:23} INFO - Successfully updated job requisition 66db04abbf0a19d8769e7842
[2024-09-06T17:45:52.147+0000] {core_li.py:23} INFO - Successfully updated job requisition 66db04abbf0a19d8769e7844
[2024-09-06T17:45:52.155+0000] {core_li.py:23} INFO - Successfully updated job requisition 66db04abbf0a19d8769e7846
[2024-09-06T17:45:52.162+0000] {core_li.py:23} INFO - Successfully updated job requisition 66db04abbf0a19d8769e7848
[2024-09-06T17:45:52.163+0000] {python.py:240} INFO - Done. Returned value was: 100
[2024-09-06T17:45:52.185+0000] {taskinstance.py:340} INFO - ::group::Post task execution logs
[2024-09-06T17:45:52.186+0000] {taskinstance.py:352} INFO - Marking task as SUCCESS. dag_id=async_flow, task_id=task_backfill_number_of_cancelled_candidates_in_batch, run_id=manual__2024-09-06T17:29:39.458358+00:00, map_index=20, execution_date=20240906T172939, start_date=20240906T174551, end_date=20240906T174552
[2024-09-06T17:45:52.237+0000] {local_task_job_runner.py:266} INFO - Task exited with return code 0
[2024-09-06T17:45:52.265+0000] {taskinstance.py:3900} INFO - 0 downstream tasks scheduled from follow-on schedule check
[2024-09-06T17:45:52.267+0000] {local_task_job_runner.py:245} INFO - ::endgroup::
