[2024-09-06T17:43:10.107+0000] {local_task_job_runner.py:123} INFO - ::group::Pre task execution logs
[2024-09-06T17:43:10.167+0000] {taskinstance.py:2612} INFO - Dependencies all met for dep_context=non-requeueable deps ti=<TaskInstance: async_flow.task_backfill_number_of_cancelled_candidates_in_batch manual__2024-09-06T17:43:02.727107+00:00 map_index=45 [queued]>
[2024-09-06T17:43:10.187+0000] {taskinstance.py:2612} INFO - Dependencies all met for dep_context=requeueable deps ti=<TaskInstance: async_flow.task_backfill_number_of_cancelled_candidates_in_batch manual__2024-09-06T17:43:02.727107+00:00 map_index=45 [queued]>
[2024-09-06T17:43:10.188+0000] {taskinstance.py:2865} INFO - Starting attempt 1 of 1
[2024-09-06T17:43:10.216+0000] {taskinstance.py:2888} INFO - Executing <Mapped(_PythonDecoratedOperator): task_backfill_number_of_cancelled_candidates_in_batch> on 2024-09-06 17:43:02.727107+00:00
[2024-09-06T17:43:10.223+0000] {warnings.py:112} WARNING - /home/***/.local/lib/python3.12/site-packages/***/task/task_runner/standard_task_runner.py:70: DeprecationWarning: This process (pid=278) is multi-threaded, use of fork() may lead to deadlocks in the child.
  pid = os.fork()

[2024-09-06T17:43:10.227+0000] {standard_task_runner.py:104} INFO - Running: ['***', 'tasks', 'run', 'async_flow', 'task_backfill_number_of_cancelled_candidates_in_batch', 'manual__2024-09-06T17:43:02.727107+00:00', '--job-id', '221', '--raw', '--subdir', 'DAGS_FOLDER/dags_async_flow.py', '--cfg-path', '/tmp/tmpsbaxhgv5', '--map-index', '45']
[2024-09-06T17:43:10.228+0000] {standard_task_runner.py:105} INFO - Job 221: Subtask task_backfill_number_of_cancelled_candidates_in_batch
[2024-09-06T17:43:10.228+0000] {standard_task_runner.py:72} INFO - Started process 358 to run task
[2024-09-06T17:43:10.280+0000] {task_command.py:467} INFO - Running <TaskInstance: async_flow.task_backfill_number_of_cancelled_candidates_in_batch manual__2024-09-06T17:43:02.727107+00:00 map_index=45 [running]> on host 0817eb6c24af
[2024-09-06T17:43:10.372+0000] {taskinstance.py:3131} INFO - Exporting env vars: AIRFLOW_CTX_DAG_OWNER='***' AIRFLOW_CTX_DAG_ID='async_flow' AIRFLOW_CTX_TASK_ID='task_backfill_number_of_cancelled_candidates_in_batch' AIRFLOW_CTX_EXECUTION_DATE='2024-09-06T17:43:02.727107+00:00' AIRFLOW_CTX_TRY_NUMBER='1' AIRFLOW_CTX_DAG_RUN_ID='manual__2024-09-06T17:43:02.727107+00:00'
[2024-09-06T17:43:10.373+0000] {taskinstance.py:731} INFO - ::endgroup::
[2024-09-06T17:43:10.386+0000] {core_li.py:23} INFO - Successfully updated job requisition 66db04acbf0a19d8769e7e8a
[2024-09-06T17:43:10.394+0000] {core_li.py:23} INFO - Successfully updated job requisition 66db04acbf0a19d8769e7e8c
[2024-09-06T17:43:10.402+0000] {core_li.py:23} INFO - Successfully updated job requisition 66db04acbf0a19d8769e7e8e
[2024-09-06T17:43:10.410+0000] {core_li.py:23} INFO - Successfully updated job requisition 66db04acbf0a19d8769e7e90
[2024-09-06T17:43:10.417+0000] {core_li.py:23} INFO - Successfully updated job requisition 66db04acbf0a19d8769e7e92
[2024-09-06T17:43:10.428+0000] {core_li.py:23} INFO - Successfully updated job requisition 66db04acbf0a19d8769e7e94
[2024-09-06T17:43:10.439+0000] {core_li.py:23} INFO - Successfully updated job requisition 66db04acbf0a19d8769e7e96
[2024-09-06T17:43:10.451+0000] {core_li.py:23} INFO - Successfully updated job requisition 66db04acbf0a19d8769e7e98
[2024-09-06T17:43:10.460+0000] {core_li.py:23} INFO - Successfully updated job requisition 66db04acbf0a19d8769e7e9a
[2024-09-06T17:43:10.468+0000] {core_li.py:23} INFO - Successfully updated job requisition 66db04acbf0a19d8769e7e9c
[2024-09-06T17:43:10.476+0000] {core_li.py:23} INFO - Successfully updated job requisition 66db04acbf0a19d8769e7e9e
[2024-09-06T17:43:10.485+0000] {core_li.py:23} INFO - Successfully updated job requisition 66db04acbf0a19d8769e7ea0
[2024-09-06T17:43:10.499+0000] {core_li.py:23} INFO - Successfully updated job requisition 66db04acbf0a19d8769e7ea2
[2024-09-06T17:43:10.509+0000] {core_li.py:23} INFO - Successfully updated job requisition 66db04acbf0a19d8769e7ea4
[2024-09-06T17:43:10.519+0000] {core_li.py:23} INFO - Successfully updated job requisition 66db04acbf0a19d8769e7ea6
[2024-09-06T17:43:10.530+0000] {core_li.py:23} INFO - Successfully updated job requisition 66db04acbf0a19d8769e7ea8
[2024-09-06T17:43:10.537+0000] {core_li.py:23} INFO - Successfully updated job requisition 66db04acbf0a19d8769e7eaa
[2024-09-06T17:43:10.548+0000] {core_li.py:23} INFO - Successfully updated job requisition 66db04acbf0a19d8769e7eac
[2024-09-06T17:43:10.560+0000] {core_li.py:23} INFO - Successfully updated job requisition 66db04acbf0a19d8769e7eae
[2024-09-06T17:43:10.568+0000] {core_li.py:23} INFO - Successfully updated job requisition 66db04acbf0a19d8769e7eb0
[2024-09-06T17:43:10.577+0000] {core_li.py:23} INFO - Successfully updated job requisition 66db04acbf0a19d8769e7eb2
[2024-09-06T17:43:10.584+0000] {core_li.py:23} INFO - Successfully updated job requisition 66db04acbf0a19d8769e7eb4
[2024-09-06T17:43:10.595+0000] {core_li.py:23} INFO - Successfully updated job requisition 66db04acbf0a19d8769e7eb6
[2024-09-06T17:43:10.606+0000] {core_li.py:23} INFO - Successfully updated job requisition 66db04acbf0a19d8769e7eb8
[2024-09-06T17:43:10.612+0000] {core_li.py:23} INFO - Successfully updated job requisition 66db04acbf0a19d8769e7eba
[2024-09-06T17:43:10.619+0000] {core_li.py:23} INFO - Successfully updated job requisition 66db04acbf0a19d8769e7ebc
[2024-09-06T17:43:10.627+0000] {core_li.py:23} INFO - Successfully updated job requisition 66db04acbf0a19d8769e7ebe
[2024-09-06T17:43:10.633+0000] {core_li.py:23} INFO - Successfully updated job requisition 66db04acbf0a19d8769e7ec0
[2024-09-06T17:43:10.641+0000] {core_li.py:23} INFO - Successfully updated job requisition 66db04acbf0a19d8769e7ec2
[2024-09-06T17:43:10.648+0000] {core_li.py:23} INFO - Successfully updated job requisition 66db04acbf0a19d8769e7ec4
[2024-09-06T17:43:10.654+0000] {core_li.py:23} INFO - Successfully updated job requisition 66db04acbf0a19d8769e7ec6
[2024-09-06T17:43:10.671+0000] {core_li.py:23} INFO - Successfully updated job requisition 66db04acbf0a19d8769e7ec8
[2024-09-06T17:43:10.680+0000] {core_li.py:23} INFO - Successfully updated job requisition 66db04acbf0a19d8769e7eca
[2024-09-06T17:43:10.687+0000] {core_li.py:23} INFO - Successfully updated job requisition 66db04acbf0a19d8769e7ecc
[2024-09-06T17:43:10.696+0000] {core_li.py:23} INFO - Successfully updated job requisition 66db04acbf0a19d8769e7ece
[2024-09-06T17:43:10.703+0000] {core_li.py:23} INFO - Successfully updated job requisition 66db04acbf0a19d8769e7ed0
[2024-09-06T17:43:10.709+0000] {core_li.py:23} INFO - Successfully updated job requisition 66db04acbf0a19d8769e7ed2
[2024-09-06T17:43:10.716+0000] {core_li.py:23} INFO - Successfully updated job requisition 66db04acbf0a19d8769e7ed4
[2024-09-06T17:43:10.723+0000] {core_li.py:23} INFO - Successfully updated job requisition 66db04acbf0a19d8769e7ed6
[2024-09-06T17:43:10.735+0000] {core_li.py:23} INFO - Successfully updated job requisition 66db04acbf0a19d8769e7ed8
[2024-09-06T17:43:10.742+0000] {core_li.py:23} INFO - Successfully updated job requisition 66db04acbf0a19d8769e7eda
[2024-09-06T17:43:10.752+0000] {core_li.py:23} INFO - Successfully updated job requisition 66db04acbf0a19d8769e7edc
[2024-09-06T17:43:10.760+0000] {core_li.py:23} INFO - Successfully updated job requisition 66db04acbf0a19d8769e7ede
[2024-09-06T17:43:10.769+0000] {core_li.py:23} INFO - Successfully updated job requisition 66db04acbf0a19d8769e7ee0
[2024-09-06T17:43:10.778+0000] {core_li.py:23} INFO - Successfully updated job requisition 66db04acbf0a19d8769e7ee2
[2024-09-06T17:43:10.786+0000] {core_li.py:23} INFO - Successfully updated job requisition 66db04acbf0a19d8769e7ee4
[2024-09-06T17:43:10.792+0000] {core_li.py:23} INFO - Successfully updated job requisition 66db04acbf0a19d8769e7ee6
[2024-09-06T17:43:10.800+0000] {core_li.py:23} INFO - Successfully updated job requisition 66db04acbf0a19d8769e7ee8
[2024-09-06T17:43:10.811+0000] {core_li.py:23} INFO - Successfully updated job requisition 66db04acbf0a19d8769e7eea
[2024-09-06T17:43:10.821+0000] {core_li.py:23} INFO - Successfully updated job requisition 66db04acbf0a19d8769e7eec
[2024-09-06T17:43:10.831+0000] {core_li.py:23} INFO - Successfully updated job requisition 66db04acbf0a19d8769e7eee
[2024-09-06T17:43:10.839+0000] {core_li.py:23} INFO - Successfully updated job requisition 66db04acbf0a19d8769e7ef0
[2024-09-06T17:43:10.847+0000] {core_li.py:23} INFO - Successfully updated job requisition 66db04acbf0a19d8769e7ef2
[2024-09-06T17:43:10.857+0000] {core_li.py:23} INFO - Successfully updated job requisition 66db04acbf0a19d8769e7ef4
[2024-09-06T17:43:10.866+0000] {core_li.py:23} INFO - Successfully updated job requisition 66db04acbf0a19d8769e7ef6
[2024-09-06T17:43:10.872+0000] {core_li.py:23} INFO - Successfully updated job requisition 66db04acbf0a19d8769e7ef8
[2024-09-06T17:43:10.881+0000] {core_li.py:23} INFO - Successfully updated job requisition 66db04acbf0a19d8769e7efa
[2024-09-06T17:43:10.897+0000] {core_li.py:23} INFO - Successfully updated job requisition 66db04acbf0a19d8769e7efc
[2024-09-06T17:43:10.906+0000] {core_li.py:23} INFO - Successfully updated job requisition 66db04acbf0a19d8769e7efe
[2024-09-06T17:43:10.914+0000] {core_li.py:23} INFO - Successfully updated job requisition 66db04acbf0a19d8769e7f00
[2024-09-06T17:43:10.920+0000] {core_li.py:23} INFO - Successfully updated job requisition 66db04acbf0a19d8769e7f02
[2024-09-06T17:43:10.927+0000] {core_li.py:23} INFO - Successfully updated job requisition 66db04acbf0a19d8769e7f04
[2024-09-06T17:43:10.934+0000] {core_li.py:23} INFO - Successfully updated job requisition 66db04acbf0a19d8769e7f06
[2024-09-06T17:43:10.945+0000] {core_li.py:23} INFO - Successfully updated job requisition 66db04acbf0a19d8769e7f08
[2024-09-06T17:43:10.954+0000] {core_li.py:23} INFO - Successfully updated job requisition 66db04acbf0a19d8769e7f0a
[2024-09-06T17:43:10.963+0000] {core_li.py:23} INFO - Successfully updated job requisition 66db04acbf0a19d8769e7f0c
[2024-09-06T17:43:10.971+0000] {core_li.py:23} INFO - Successfully updated job requisition 66db04acbf0a19d8769e7f0e
[2024-09-06T17:43:10.984+0000] {core_li.py:23} INFO - Successfully updated job requisition 66db04acbf0a19d8769e7f10
[2024-09-06T17:43:10.997+0000] {core_li.py:23} INFO - Successfully updated job requisition 66db04acbf0a19d8769e7f12
[2024-09-06T17:43:11.006+0000] {core_li.py:23} INFO - Successfully updated job requisition 66db04acbf0a19d8769e7f14
[2024-09-06T17:43:11.014+0000] {core_li.py:23} INFO - Successfully updated job requisition 66db04acbf0a19d8769e7f16
[2024-09-06T17:43:11.023+0000] {core_li.py:23} INFO - Successfully updated job requisition 66db04acbf0a19d8769e7f18
[2024-09-06T17:43:11.046+0000] {core_li.py:23} INFO - Successfully updated job requisition 66db04acbf0a19d8769e7f1a
[2024-09-06T17:43:11.054+0000] {core_li.py:23} INFO - Successfully updated job requisition 66db04acbf0a19d8769e7f1c
[2024-09-06T17:43:11.062+0000] {core_li.py:23} INFO - Successfully updated job requisition 66db04acbf0a19d8769e7f1e
[2024-09-06T17:43:11.068+0000] {core_li.py:23} INFO - Successfully updated job requisition 66db04acbf0a19d8769e7f20
[2024-09-06T17:43:11.078+0000] {core_li.py:23} INFO - Successfully updated job requisition 66db04acbf0a19d8769e7f22
[2024-09-06T17:43:11.084+0000] {core_li.py:23} INFO - Successfully updated job requisition 66db04acbf0a19d8769e7f24
[2024-09-06T17:43:11.091+0000] {core_li.py:23} INFO - Successfully updated job requisition 66db04acbf0a19d8769e7f26
[2024-09-06T17:43:11.100+0000] {core_li.py:23} INFO - Successfully updated job requisition 66db04acbf0a19d8769e7f28
[2024-09-06T17:43:11.108+0000] {core_li.py:23} INFO - Successfully updated job requisition 66db04acbf0a19d8769e7f2a
[2024-09-06T17:43:11.116+0000] {core_li.py:23} INFO - Successfully updated job requisition 66db04acbf0a19d8769e7f2c
[2024-09-06T17:43:11.127+0000] {core_li.py:23} INFO - Successfully updated job requisition 66db04acbf0a19d8769e7f2e
[2024-09-06T17:43:11.146+0000] {core_li.py:23} INFO - Successfully updated job requisition 66db04acbf0a19d8769e7f30
[2024-09-06T17:43:11.159+0000] {core_li.py:23} INFO - Successfully updated job requisition 66db04acbf0a19d8769e7f32
[2024-09-06T17:43:11.166+0000] {core_li.py:23} INFO - Successfully updated job requisition 66db04acbf0a19d8769e7f34
[2024-09-06T17:43:11.172+0000] {core_li.py:23} INFO - Successfully updated job requisition 66db04acbf0a19d8769e7f36
[2024-09-06T17:43:11.179+0000] {core_li.py:23} INFO - Successfully updated job requisition 66db04acbf0a19d8769e7f38
[2024-09-06T17:43:11.188+0000] {core_li.py:23} INFO - Successfully updated job requisition 66db04acbf0a19d8769e7f3a
[2024-09-06T17:43:11.199+0000] {core_li.py:23} INFO - Successfully updated job requisition 66db04acbf0a19d8769e7f3c
[2024-09-06T17:43:11.210+0000] {core_li.py:23} INFO - Successfully updated job requisition 66db04acbf0a19d8769e7f3e
[2024-09-06T17:43:11.220+0000] {core_li.py:23} INFO - Successfully updated job requisition 66db04acbf0a19d8769e7f40
[2024-09-06T17:43:11.227+0000] {core_li.py:23} INFO - Successfully updated job requisition 66db04acbf0a19d8769e7f42
[2024-09-06T17:43:11.233+0000] {core_li.py:23} INFO - Successfully updated job requisition 66db04acbf0a19d8769e7f44
[2024-09-06T17:43:11.240+0000] {core_li.py:23} INFO - Successfully updated job requisition 66db04acbf0a19d8769e7f46
[2024-09-06T17:43:11.247+0000] {core_li.py:23} INFO - Successfully updated job requisition 66db04acbf0a19d8769e7f48
[2024-09-06T17:43:11.254+0000] {core_li.py:23} INFO - Successfully updated job requisition 66db04acbf0a19d8769e7f4a
[2024-09-06T17:43:11.260+0000] {core_li.py:23} INFO - Successfully updated job requisition 66db04acbf0a19d8769e7f4c
[2024-09-06T17:43:11.272+0000] {core_li.py:23} INFO - Successfully updated job requisition 66db04acbf0a19d8769e7f4e
[2024-09-06T17:43:11.284+0000] {core_li.py:23} INFO - Successfully updated job requisition 66db04acbf0a19d8769e7f50
[2024-09-06T17:43:11.284+0000] {python.py:240} INFO - Done. Returned value was: 100
[2024-09-06T17:43:11.306+0000] {taskinstance.py:340} INFO - ::group::Post task execution logs
[2024-09-06T17:43:11.306+0000] {taskinstance.py:352} INFO - Marking task as SUCCESS. dag_id=async_flow, task_id=task_backfill_number_of_cancelled_candidates_in_batch, run_id=manual__2024-09-06T17:43:02.727107+00:00, map_index=45, execution_date=20240906T174302, start_date=20240906T174310, end_date=20240906T174311
[2024-09-06T17:43:11.357+0000] {local_task_job_runner.py:266} INFO - Task exited with return code 0
[2024-09-06T17:43:11.375+0000] {taskinstance.py:3900} INFO - 0 downstream tasks scheduled from follow-on schedule check
[2024-09-06T17:43:11.376+0000] {local_task_job_runner.py:245} INFO - ::endgroup::
