[2024-09-06T17:43:07.726+0000] {local_task_job_runner.py:123} INFO - ::group::Pre task execution logs
[2024-09-06T17:43:07.748+0000] {taskinstance.py:2612} INFO - Dependencies all met for dep_context=non-requeueable deps ti=<TaskInstance: async_flow.task_backfill_number_of_cancelled_candidates_in_batch manual__2024-09-06T17:43:02.727107+00:00 map_index=30 [queued]>
[2024-09-06T17:43:07.760+0000] {taskinstance.py:2612} INFO - Dependencies all met for dep_context=requeueable deps ti=<TaskInstance: async_flow.task_backfill_number_of_cancelled_candidates_in_batch manual__2024-09-06T17:43:02.727107+00:00 map_index=30 [queued]>
[2024-09-06T17:43:07.762+0000] {taskinstance.py:2865} INFO - Starting attempt 1 of 1
[2024-09-06T17:43:07.776+0000] {taskinstance.py:2888} INFO - Executing <Mapped(_PythonDecoratedOperator): task_backfill_number_of_cancelled_candidates_in_batch> on 2024-09-06 17:43:02.727107+00:00
[2024-09-06T17:43:07.781+0000] {warnings.py:112} WARNING - /home/***/.local/lib/python3.12/site-packages/***/task/task_runner/standard_task_runner.py:70: DeprecationWarning: This process (pid=230) is multi-threaded, use of fork() may lead to deadlocks in the child.
  pid = os.fork()

[2024-09-06T17:43:07.783+0000] {standard_task_runner.py:72} INFO - Started process 268 to run task
[2024-09-06T17:43:07.783+0000] {standard_task_runner.py:104} INFO - Running: ['***', 'tasks', 'run', 'async_flow', 'task_backfill_number_of_cancelled_candidates_in_batch', 'manual__2024-09-06T17:43:02.727107+00:00', '--job-id', '207', '--raw', '--subdir', 'DAGS_FOLDER/dags_async_flow.py', '--cfg-path', '/tmp/tmpp43r90lx', '--map-index', '30']
[2024-09-06T17:43:07.785+0000] {standard_task_runner.py:105} INFO - Job 207: Subtask task_backfill_number_of_cancelled_candidates_in_batch
[2024-09-06T17:43:07.845+0000] {task_command.py:467} INFO - Running <TaskInstance: async_flow.task_backfill_number_of_cancelled_candidates_in_batch manual__2024-09-06T17:43:02.727107+00:00 map_index=30 [running]> on host 0817eb6c24af
[2024-09-06T17:43:07.919+0000] {taskinstance.py:3131} INFO - Exporting env vars: AIRFLOW_CTX_DAG_OWNER='***' AIRFLOW_CTX_DAG_ID='async_flow' AIRFLOW_CTX_TASK_ID='task_backfill_number_of_cancelled_candidates_in_batch' AIRFLOW_CTX_EXECUTION_DATE='2024-09-06T17:43:02.727107+00:00' AIRFLOW_CTX_TRY_NUMBER='1' AIRFLOW_CTX_DAG_RUN_ID='manual__2024-09-06T17:43:02.727107+00:00'
[2024-09-06T17:43:07.921+0000] {taskinstance.py:731} INFO - ::endgroup::
[2024-09-06T17:43:07.937+0000] {core_li.py:23} INFO - Successfully updated job requisition 66db04abbf0a19d8769e72d2
[2024-09-06T17:43:07.951+0000] {core_li.py:23} INFO - Successfully updated job requisition 66db04abbf0a19d8769e72d4
[2024-09-06T17:43:07.958+0000] {core_li.py:23} INFO - Successfully updated job requisition 66db04abbf0a19d8769e72d6
[2024-09-06T17:43:07.965+0000] {core_li.py:23} INFO - Successfully updated job requisition 66db04abbf0a19d8769e72d8
[2024-09-06T17:43:07.970+0000] {core_li.py:23} INFO - Successfully updated job requisition 66db04abbf0a19d8769e72da
[2024-09-06T17:43:07.982+0000] {core_li.py:23} INFO - Successfully updated job requisition 66db04abbf0a19d8769e72dc
[2024-09-06T17:43:07.991+0000] {core_li.py:23} INFO - Successfully updated job requisition 66db04abbf0a19d8769e72de
[2024-09-06T17:43:07.997+0000] {core_li.py:23} INFO - Successfully updated job requisition 66db04abbf0a19d8769e72e0
[2024-09-06T17:43:08.007+0000] {core_li.py:23} INFO - Successfully updated job requisition 66db04abbf0a19d8769e72e2
[2024-09-06T17:43:08.017+0000] {core_li.py:23} INFO - Successfully updated job requisition 66db04abbf0a19d8769e72e4
[2024-09-06T17:43:08.025+0000] {core_li.py:23} INFO - Successfully updated job requisition 66db04abbf0a19d8769e72e6
[2024-09-06T17:43:08.037+0000] {core_li.py:23} INFO - Successfully updated job requisition 66db04abbf0a19d8769e72e8
[2024-09-06T17:43:08.046+0000] {core_li.py:23} INFO - Successfully updated job requisition 66db04abbf0a19d8769e72ea
[2024-09-06T17:43:08.054+0000] {core_li.py:23} INFO - Successfully updated job requisition 66db04abbf0a19d8769e72ec
[2024-09-06T17:43:08.061+0000] {core_li.py:23} INFO - Successfully updated job requisition 66db04abbf0a19d8769e72ee
[2024-09-06T17:43:08.073+0000] {core_li.py:23} INFO - Successfully updated job requisition 66db04abbf0a19d8769e72f0
[2024-09-06T17:43:08.081+0000] {core_li.py:23} INFO - Successfully updated job requisition 66db04abbf0a19d8769e72f2
[2024-09-06T17:43:08.087+0000] {core_li.py:23} INFO - Successfully updated job requisition 66db04abbf0a19d8769e72f4
[2024-09-06T17:43:08.099+0000] {core_li.py:23} INFO - Successfully updated job requisition 66db04abbf0a19d8769e72f6
[2024-09-06T17:43:08.105+0000] {core_li.py:23} INFO - Successfully updated job requisition 66db04abbf0a19d8769e72f8
[2024-09-06T17:43:08.116+0000] {core_li.py:23} INFO - Successfully updated job requisition 66db04abbf0a19d8769e72fa
[2024-09-06T17:43:08.125+0000] {core_li.py:23} INFO - Successfully updated job requisition 66db04abbf0a19d8769e72fc
[2024-09-06T17:43:08.131+0000] {core_li.py:23} INFO - Successfully updated job requisition 66db04abbf0a19d8769e72fe
[2024-09-06T17:43:08.147+0000] {core_li.py:23} INFO - Successfully updated job requisition 66db04abbf0a19d8769e7300
[2024-09-06T17:43:08.154+0000] {core_li.py:23} INFO - Successfully updated job requisition 66db04abbf0a19d8769e7302
[2024-09-06T17:43:08.164+0000] {core_li.py:23} INFO - Successfully updated job requisition 66db04abbf0a19d8769e7304
[2024-09-06T17:43:08.171+0000] {core_li.py:23} INFO - Successfully updated job requisition 66db04abbf0a19d8769e7306
[2024-09-06T17:43:08.182+0000] {core_li.py:23} INFO - Successfully updated job requisition 66db04abbf0a19d8769e7308
[2024-09-06T17:43:08.191+0000] {core_li.py:23} INFO - Successfully updated job requisition 66db04abbf0a19d8769e730a
[2024-09-06T17:43:08.196+0000] {core_li.py:23} INFO - Successfully updated job requisition 66db04abbf0a19d8769e730c
[2024-09-06T17:43:08.203+0000] {core_li.py:23} INFO - Successfully updated job requisition 66db04abbf0a19d8769e730e
[2024-09-06T17:43:08.211+0000] {core_li.py:23} INFO - Successfully updated job requisition 66db04abbf0a19d8769e7310
[2024-09-06T17:43:08.220+0000] {core_li.py:23} INFO - Successfully updated job requisition 66db04abbf0a19d8769e7312
[2024-09-06T17:43:08.227+0000] {core_li.py:23} INFO - Successfully updated job requisition 66db04abbf0a19d8769e7314
[2024-09-06T17:43:08.234+0000] {core_li.py:23} INFO - Successfully updated job requisition 66db04abbf0a19d8769e7316
[2024-09-06T17:43:08.245+0000] {core_li.py:23} INFO - Successfully updated job requisition 66db04abbf0a19d8769e7318
[2024-09-06T17:43:08.255+0000] {core_li.py:23} INFO - Successfully updated job requisition 66db04abbf0a19d8769e731a
[2024-09-06T17:43:08.268+0000] {core_li.py:23} INFO - Successfully updated job requisition 66db04abbf0a19d8769e731c
[2024-09-06T17:43:08.276+0000] {core_li.py:23} INFO - Successfully updated job requisition 66db04abbf0a19d8769e731e
[2024-09-06T17:43:08.284+0000] {core_li.py:23} INFO - Successfully updated job requisition 66db04abbf0a19d8769e7320
[2024-09-06T17:43:08.292+0000] {core_li.py:23} INFO - Successfully updated job requisition 66db04abbf0a19d8769e7322
[2024-09-06T17:43:08.301+0000] {core_li.py:23} INFO - Successfully updated job requisition 66db04abbf0a19d8769e7324
[2024-09-06T17:43:08.311+0000] {core_li.py:23} INFO - Successfully updated job requisition 66db04abbf0a19d8769e7326
[2024-09-06T17:43:08.321+0000] {core_li.py:23} INFO - Successfully updated job requisition 66db04abbf0a19d8769e7328
[2024-09-06T17:43:08.331+0000] {core_li.py:23} INFO - Successfully updated job requisition 66db04abbf0a19d8769e732a
[2024-09-06T17:43:08.340+0000] {core_li.py:23} INFO - Successfully updated job requisition 66db04abbf0a19d8769e732c
[2024-09-06T17:43:08.350+0000] {core_li.py:23} INFO - Successfully updated job requisition 66db04abbf0a19d8769e732e
[2024-09-06T17:43:08.357+0000] {core_li.py:23} INFO - Successfully updated job requisition 66db04abbf0a19d8769e7330
[2024-09-06T17:43:08.363+0000] {core_li.py:23} INFO - Successfully updated job requisition 66db04abbf0a19d8769e7332
[2024-09-06T17:43:08.369+0000] {core_li.py:23} INFO - Successfully updated job requisition 66db04abbf0a19d8769e7334
[2024-09-06T17:43:08.381+0000] {core_li.py:23} INFO - Successfully updated job requisition 66db04abbf0a19d8769e7336
[2024-09-06T17:43:08.390+0000] {core_li.py:23} INFO - Successfully updated job requisition 66db04abbf0a19d8769e7338
[2024-09-06T17:43:08.401+0000] {core_li.py:23} INFO - Successfully updated job requisition 66db04abbf0a19d8769e733a
[2024-09-06T17:43:08.410+0000] {core_li.py:23} INFO - Successfully updated job requisition 66db04abbf0a19d8769e733c
[2024-09-06T17:43:08.421+0000] {core_li.py:23} INFO - Successfully updated job requisition 66db04abbf0a19d8769e733e
[2024-09-06T17:43:08.443+0000] {core_li.py:23} INFO - Successfully updated job requisition 66db04abbf0a19d8769e7340
[2024-09-06T17:43:08.477+0000] {core_li.py:23} INFO - Successfully updated job requisition 66db04abbf0a19d8769e7342
[2024-09-06T17:43:08.492+0000] {core_li.py:23} INFO - Successfully updated job requisition 66db04abbf0a19d8769e7344
[2024-09-06T17:43:08.510+0000] {core_li.py:23} INFO - Successfully updated job requisition 66db04abbf0a19d8769e7346
[2024-09-06T17:43:08.518+0000] {core_li.py:23} INFO - Successfully updated job requisition 66db04abbf0a19d8769e7348
[2024-09-06T17:43:08.538+0000] {core_li.py:23} INFO - Successfully updated job requisition 66db04abbf0a19d8769e734a
[2024-09-06T17:43:08.545+0000] {core_li.py:23} INFO - Successfully updated job requisition 66db04abbf0a19d8769e734c
[2024-09-06T17:43:08.561+0000] {core_li.py:23} INFO - Successfully updated job requisition 66db04abbf0a19d8769e734e
[2024-09-06T17:43:08.572+0000] {core_li.py:23} INFO - Successfully updated job requisition 66db04abbf0a19d8769e7350
[2024-09-06T17:43:08.583+0000] {core_li.py:23} INFO - Successfully updated job requisition 66db04abbf0a19d8769e7352
[2024-09-06T17:43:08.595+0000] {core_li.py:23} INFO - Successfully updated job requisition 66db04abbf0a19d8769e7354
[2024-09-06T17:43:08.605+0000] {core_li.py:23} INFO - Successfully updated job requisition 66db04abbf0a19d8769e7356
[2024-09-06T17:43:08.616+0000] {core_li.py:23} INFO - Successfully updated job requisition 66db04abbf0a19d8769e7358
[2024-09-06T17:43:08.625+0000] {core_li.py:23} INFO - Successfully updated job requisition 66db04abbf0a19d8769e735a
[2024-09-06T17:43:08.632+0000] {core_li.py:23} INFO - Successfully updated job requisition 66db04abbf0a19d8769e735c
[2024-09-06T17:43:08.645+0000] {core_li.py:23} INFO - Successfully updated job requisition 66db04abbf0a19d8769e735e
[2024-09-06T17:43:08.666+0000] {core_li.py:23} INFO - Successfully updated job requisition 66db04abbf0a19d8769e7360
[2024-09-06T17:43:08.674+0000] {core_li.py:23} INFO - Successfully updated job requisition 66db04abbf0a19d8769e7362
[2024-09-06T17:43:08.681+0000] {core_li.py:23} INFO - Successfully updated job requisition 66db04abbf0a19d8769e7364
[2024-09-06T17:43:08.687+0000] {core_li.py:23} INFO - Successfully updated job requisition 66db04abbf0a19d8769e7366
[2024-09-06T17:43:08.694+0000] {core_li.py:23} INFO - Successfully updated job requisition 66db04abbf0a19d8769e7368
[2024-09-06T17:43:08.702+0000] {core_li.py:23} INFO - Successfully updated job requisition 66db04abbf0a19d8769e736a
[2024-09-06T17:43:08.710+0000] {core_li.py:23} INFO - Successfully updated job requisition 66db04abbf0a19d8769e736c
[2024-09-06T17:43:08.714+0000] {core_li.py:23} INFO - Successfully updated job requisition 66db04abbf0a19d8769e736e
[2024-09-06T17:43:08.719+0000] {core_li.py:23} INFO - Successfully updated job requisition 66db04abbf0a19d8769e7370
[2024-09-06T17:43:08.725+0000] {core_li.py:23} INFO - Successfully updated job requisition 66db04abbf0a19d8769e7372
[2024-09-06T17:43:08.729+0000] {core_li.py:23} INFO - Successfully updated job requisition 66db04abbf0a19d8769e7374
[2024-09-06T17:43:08.734+0000] {core_li.py:23} INFO - Successfully updated job requisition 66db04abbf0a19d8769e7376
[2024-09-06T17:43:08.739+0000] {core_li.py:23} INFO - Successfully updated job requisition 66db04abbf0a19d8769e7378
[2024-09-06T17:43:08.743+0000] {core_li.py:23} INFO - Successfully updated job requisition 66db04abbf0a19d8769e737a
[2024-09-06T17:43:08.749+0000] {core_li.py:23} INFO - Successfully updated job requisition 66db04abbf0a19d8769e737c
[2024-09-06T17:43:08.754+0000] {core_li.py:23} INFO - Successfully updated job requisition 66db04abbf0a19d8769e737e
[2024-09-06T17:43:08.759+0000] {core_li.py:23} INFO - Successfully updated job requisition 66db04abbf0a19d8769e7380
[2024-09-06T17:43:08.764+0000] {core_li.py:23} INFO - Successfully updated job requisition 66db04abbf0a19d8769e7382
[2024-09-06T17:43:08.768+0000] {core_li.py:23} INFO - Successfully updated job requisition 66db04abbf0a19d8769e7384
[2024-09-06T17:43:08.775+0000] {core_li.py:23} INFO - Successfully updated job requisition 66db04abbf0a19d8769e7386
[2024-09-06T17:43:08.780+0000] {core_li.py:23} INFO - Successfully updated job requisition 66db04abbf0a19d8769e7388
[2024-09-06T17:43:08.787+0000] {core_li.py:23} INFO - Successfully updated job requisition 66db04abbf0a19d8769e738a
[2024-09-06T17:43:08.791+0000] {core_li.py:23} INFO - Successfully updated job requisition 66db04abbf0a19d8769e738c
[2024-09-06T17:43:08.795+0000] {core_li.py:23} INFO - Successfully updated job requisition 66db04abbf0a19d8769e738e
[2024-09-06T17:43:08.799+0000] {core_li.py:23} INFO - Successfully updated job requisition 66db04abbf0a19d8769e7390
[2024-09-06T17:43:08.803+0000] {core_li.py:23} INFO - Successfully updated job requisition 66db04abbf0a19d8769e7392
[2024-09-06T17:43:08.810+0000] {core_li.py:23} INFO - Successfully updated job requisition 66db04abbf0a19d8769e7394
[2024-09-06T17:43:08.814+0000] {core_li.py:23} INFO - Successfully updated job requisition 66db04abbf0a19d8769e7396
[2024-09-06T17:43:08.816+0000] {core_li.py:23} INFO - Successfully updated job requisition 66db04abbf0a19d8769e7398
[2024-09-06T17:43:08.817+0000] {python.py:240} INFO - Done. Returned value was: 100
[2024-09-06T17:43:08.827+0000] {taskinstance.py:340} INFO - ::group::Post task execution logs
[2024-09-06T17:43:08.827+0000] {taskinstance.py:352} INFO - Marking task as SUCCESS. dag_id=async_flow, task_id=task_backfill_number_of_cancelled_candidates_in_batch, run_id=manual__2024-09-06T17:43:02.727107+00:00, map_index=30, execution_date=20240906T174302, start_date=20240906T174307, end_date=20240906T174308
[2024-09-06T17:43:08.873+0000] {local_task_job_runner.py:266} INFO - Task exited with return code 0
[2024-09-06T17:43:08.888+0000] {taskinstance.py:3900} INFO - 0 downstream tasks scheduled from follow-on schedule check
[2024-09-06T17:43:08.889+0000] {local_task_job_runner.py:245} INFO - ::endgroup::
