[2024-09-06T17:47:32.177+0000] {local_task_job_runner.py:123} INFO - ::group::Pre task execution logs
[2024-09-06T17:47:32.210+0000] {taskinstance.py:2612} INFO - Dependencies all met for dep_context=non-requeueable deps ti=<TaskInstance: async_flow.task_backfill_number_of_cancelled_candidates_in_batch manual__2024-09-06T17:47:30.120511+00:00 map_index=10 [queued]>
[2024-09-06T17:47:32.225+0000] {taskinstance.py:2612} INFO - Dependencies all met for dep_context=requeueable deps ti=<TaskInstance: async_flow.task_backfill_number_of_cancelled_candidates_in_batch manual__2024-09-06T17:47:30.120511+00:00 map_index=10 [queued]>
[2024-09-06T17:47:32.225+0000] {taskinstance.py:2865} INFO - Starting attempt 1 of 1
[2024-09-06T17:47:32.250+0000] {taskinstance.py:2888} INFO - Executing <Mapped(_PythonDecoratedOperator): task_backfill_number_of_cancelled_candidates_in_batch> on 2024-09-06 17:47:30.120511+00:00
[2024-09-06T17:47:32.277+0000] {standard_task_runner.py:104} INFO - Running: ['***', 'tasks', 'run', 'async_flow', 'task_backfill_number_of_cancelled_candidates_in_batch', 'manual__2024-09-06T17:47:30.120511+00:00', '--job-id', '339', '--raw', '--subdir', 'DAGS_FOLDER/dags_async_flow.py', '--cfg-path', '/tmp/tmppyh2a9v0', '--map-index', '10']
[2024-09-06T17:47:32.279+0000] {standard_task_runner.py:105} INFO - Job 339: Subtask task_backfill_number_of_cancelled_candidates_in_batch
[2024-09-06T17:47:32.281+0000] {warnings.py:112} WARNING - /home/***/.local/lib/python3.12/site-packages/***/task/task_runner/standard_task_runner.py:70: DeprecationWarning: This process (pid=1049) is multi-threaded, use of fork() may lead to deadlocks in the child.
  pid = os.fork()

[2024-09-06T17:47:32.283+0000] {standard_task_runner.py:72} INFO - Started process 1133 to run task
[2024-09-06T17:47:32.379+0000] {task_command.py:467} INFO - Running <TaskInstance: async_flow.task_backfill_number_of_cancelled_candidates_in_batch manual__2024-09-06T17:47:30.120511+00:00 map_index=10 [running]> on host 0817eb6c24af
[2024-09-06T17:47:32.516+0000] {taskinstance.py:3131} INFO - Exporting env vars: AIRFLOW_CTX_DAG_OWNER='***' AIRFLOW_CTX_DAG_ID='async_flow' AIRFLOW_CTX_TASK_ID='task_backfill_number_of_cancelled_candidates_in_batch' AIRFLOW_CTX_EXECUTION_DATE='2024-09-06T17:47:30.120511+00:00' AIRFLOW_CTX_TRY_NUMBER='1' AIRFLOW_CTX_DAG_RUN_ID='manual__2024-09-06T17:47:30.120511+00:00'
[2024-09-06T17:47:32.518+0000] {taskinstance.py:731} INFO - ::endgroup::
[2024-09-06T17:47:32.539+0000] {core_li.py:23} INFO - Successfully updated job requisition 66db04abbf0a19d8769e6332
[2024-09-06T17:47:32.549+0000] {core_li.py:23} INFO - Successfully updated job requisition 66db04abbf0a19d8769e6334
[2024-09-06T17:47:32.561+0000] {core_li.py:23} INFO - Successfully updated job requisition 66db04abbf0a19d8769e6336
[2024-09-06T17:47:32.573+0000] {core_li.py:23} INFO - Successfully updated job requisition 66db04abbf0a19d8769e6338
[2024-09-06T17:47:32.582+0000] {core_li.py:23} INFO - Successfully updated job requisition 66db04abbf0a19d8769e633a
[2024-09-06T17:47:32.593+0000] {core_li.py:23} INFO - Successfully updated job requisition 66db04abbf0a19d8769e633c
[2024-09-06T17:47:32.606+0000] {core_li.py:23} INFO - Successfully updated job requisition 66db04abbf0a19d8769e633e
[2024-09-06T17:47:32.617+0000] {core_li.py:23} INFO - Successfully updated job requisition 66db04abbf0a19d8769e6340
[2024-09-06T17:47:32.627+0000] {core_li.py:23} INFO - Successfully updated job requisition 66db04abbf0a19d8769e6342
[2024-09-06T17:47:32.637+0000] {core_li.py:23} INFO - Successfully updated job requisition 66db04abbf0a19d8769e6344
[2024-09-06T17:47:32.647+0000] {core_li.py:23} INFO - Successfully updated job requisition 66db04abbf0a19d8769e6346
[2024-09-06T17:47:32.659+0000] {core_li.py:23} INFO - Successfully updated job requisition 66db04abbf0a19d8769e6348
[2024-09-06T17:47:32.670+0000] {core_li.py:23} INFO - Successfully updated job requisition 66db04abbf0a19d8769e634a
[2024-09-06T17:47:32.681+0000] {core_li.py:23} INFO - Successfully updated job requisition 66db04abbf0a19d8769e634c
[2024-09-06T17:47:32.693+0000] {core_li.py:23} INFO - Successfully updated job requisition 66db04abbf0a19d8769e634e
[2024-09-06T17:47:32.703+0000] {core_li.py:23} INFO - Successfully updated job requisition 66db04abbf0a19d8769e6350
[2024-09-06T17:47:32.712+0000] {core_li.py:23} INFO - Successfully updated job requisition 66db04abbf0a19d8769e6352
[2024-09-06T17:47:32.723+0000] {core_li.py:23} INFO - Successfully updated job requisition 66db04abbf0a19d8769e6354
[2024-09-06T17:47:32.733+0000] {core_li.py:23} INFO - Successfully updated job requisition 66db04abbf0a19d8769e6356
[2024-09-06T17:47:32.743+0000] {core_li.py:23} INFO - Successfully updated job requisition 66db04abbf0a19d8769e6358
[2024-09-06T17:47:32.752+0000] {core_li.py:23} INFO - Successfully updated job requisition 66db04abbf0a19d8769e635a
[2024-09-06T17:47:32.761+0000] {core_li.py:23} INFO - Successfully updated job requisition 66db04abbf0a19d8769e635c
[2024-09-06T17:47:32.770+0000] {core_li.py:23} INFO - Successfully updated job requisition 66db04abbf0a19d8769e635e
[2024-09-06T17:47:32.781+0000] {core_li.py:23} INFO - Successfully updated job requisition 66db04abbf0a19d8769e6360
[2024-09-06T17:47:32.791+0000] {core_li.py:23} INFO - Successfully updated job requisition 66db04abbf0a19d8769e6362
[2024-09-06T17:47:32.800+0000] {core_li.py:23} INFO - Successfully updated job requisition 66db04abbf0a19d8769e6364
[2024-09-06T17:47:32.812+0000] {core_li.py:23} INFO - Successfully updated job requisition 66db04abbf0a19d8769e6366
[2024-09-06T17:47:32.824+0000] {core_li.py:23} INFO - Successfully updated job requisition 66db04abbf0a19d8769e6368
[2024-09-06T17:47:32.834+0000] {core_li.py:23} INFO - Successfully updated job requisition 66db04abbf0a19d8769e636a
[2024-09-06T17:47:32.842+0000] {core_li.py:23} INFO - Successfully updated job requisition 66db04abbf0a19d8769e636c
[2024-09-06T17:47:32.854+0000] {core_li.py:23} INFO - Successfully updated job requisition 66db04abbf0a19d8769e636e
[2024-09-06T17:47:32.864+0000] {core_li.py:23} INFO - Successfully updated job requisition 66db04abbf0a19d8769e6370
[2024-09-06T17:47:32.879+0000] {core_li.py:23} INFO - Successfully updated job requisition 66db04abbf0a19d8769e6372
[2024-09-06T17:47:32.892+0000] {core_li.py:23} INFO - Successfully updated job requisition 66db04abbf0a19d8769e6374
[2024-09-06T17:47:32.901+0000] {core_li.py:23} INFO - Successfully updated job requisition 66db04abbf0a19d8769e6376
[2024-09-06T17:47:32.908+0000] {core_li.py:23} INFO - Successfully updated job requisition 66db04abbf0a19d8769e6378
[2024-09-06T17:47:32.918+0000] {core_li.py:23} INFO - Successfully updated job requisition 66db04abbf0a19d8769e637a
[2024-09-06T17:47:32.933+0000] {core_li.py:23} INFO - Successfully updated job requisition 66db04abbf0a19d8769e637c
[2024-09-06T17:47:32.944+0000] {core_li.py:23} INFO - Successfully updated job requisition 66db04abbf0a19d8769e637e
[2024-09-06T17:47:32.964+0000] {core_li.py:23} INFO - Successfully updated job requisition 66db04abbf0a19d8769e6380
[2024-09-06T17:47:32.976+0000] {core_li.py:23} INFO - Successfully updated job requisition 66db04abbf0a19d8769e6382
[2024-09-06T17:47:32.991+0000] {core_li.py:23} INFO - Successfully updated job requisition 66db04abbf0a19d8769e6384
[2024-09-06T17:47:33.000+0000] {core_li.py:23} INFO - Successfully updated job requisition 66db04abbf0a19d8769e6386
[2024-09-06T17:47:33.009+0000] {core_li.py:23} INFO - Successfully updated job requisition 66db04abbf0a19d8769e6388
[2024-09-06T17:47:33.018+0000] {core_li.py:23} INFO - Successfully updated job requisition 66db04abbf0a19d8769e638a
[2024-09-06T17:47:33.027+0000] {core_li.py:23} INFO - Successfully updated job requisition 66db04abbf0a19d8769e638c
[2024-09-06T17:47:33.039+0000] {core_li.py:23} INFO - Successfully updated job requisition 66db04abbf0a19d8769e638e
[2024-09-06T17:47:33.049+0000] {core_li.py:23} INFO - Successfully updated job requisition 66db04abbf0a19d8769e6390
[2024-09-06T17:47:33.058+0000] {core_li.py:23} INFO - Successfully updated job requisition 66db04abbf0a19d8769e6392
[2024-09-06T17:47:33.066+0000] {core_li.py:23} INFO - Successfully updated job requisition 66db04abbf0a19d8769e6394
[2024-09-06T17:47:33.075+0000] {core_li.py:23} INFO - Successfully updated job requisition 66db04abbf0a19d8769e6396
[2024-09-06T17:47:33.083+0000] {core_li.py:23} INFO - Successfully updated job requisition 66db04abbf0a19d8769e6398
[2024-09-06T17:47:33.092+0000] {core_li.py:23} INFO - Successfully updated job requisition 66db04abbf0a19d8769e639a
[2024-09-06T17:47:33.105+0000] {core_li.py:23} INFO - Successfully updated job requisition 66db04abbf0a19d8769e639c
[2024-09-06T17:47:33.115+0000] {core_li.py:23} INFO - Successfully updated job requisition 66db04abbf0a19d8769e639e
[2024-09-06T17:47:33.127+0000] {core_li.py:23} INFO - Successfully updated job requisition 66db04abbf0a19d8769e63a0
[2024-09-06T17:47:33.135+0000] {core_li.py:23} INFO - Successfully updated job requisition 66db04abbf0a19d8769e63a2
[2024-09-06T17:47:33.144+0000] {core_li.py:23} INFO - Successfully updated job requisition 66db04abbf0a19d8769e63a4
[2024-09-06T17:47:33.152+0000] {core_li.py:23} INFO - Successfully updated job requisition 66db04abbf0a19d8769e63a6
[2024-09-06T17:47:33.161+0000] {core_li.py:23} INFO - Successfully updated job requisition 66db04abbf0a19d8769e63a8
[2024-09-06T17:47:33.173+0000] {core_li.py:23} INFO - Successfully updated job requisition 66db04abbf0a19d8769e63aa
[2024-09-06T17:47:33.180+0000] {core_li.py:23} INFO - Successfully updated job requisition 66db04abbf0a19d8769e63ac
[2024-09-06T17:47:33.193+0000] {core_li.py:23} INFO - Successfully updated job requisition 66db04abbf0a19d8769e63ae
[2024-09-06T17:47:33.204+0000] {core_li.py:23} INFO - Successfully updated job requisition 66db04abbf0a19d8769e63b0
[2024-09-06T17:47:33.215+0000] {core_li.py:23} INFO - Successfully updated job requisition 66db04abbf0a19d8769e63b2
[2024-09-06T17:47:33.223+0000] {core_li.py:23} INFO - Successfully updated job requisition 66db04abbf0a19d8769e63b4
[2024-09-06T17:47:33.230+0000] {core_li.py:23} INFO - Successfully updated job requisition 66db04abbf0a19d8769e63b6
[2024-09-06T17:47:33.243+0000] {core_li.py:23} INFO - Successfully updated job requisition 66db04abbf0a19d8769e63b8
[2024-09-06T17:47:33.251+0000] {core_li.py:23} INFO - Successfully updated job requisition 66db04abbf0a19d8769e63ba
[2024-09-06T17:47:33.257+0000] {core_li.py:23} INFO - Successfully updated job requisition 66db04abbf0a19d8769e63bc
[2024-09-06T17:47:33.264+0000] {core_li.py:23} INFO - Successfully updated job requisition 66db04abbf0a19d8769e63be
[2024-09-06T17:47:33.273+0000] {core_li.py:23} INFO - Successfully updated job requisition 66db04abbf0a19d8769e63c0
[2024-09-06T17:47:33.281+0000] {core_li.py:23} INFO - Successfully updated job requisition 66db04abbf0a19d8769e63c2
[2024-09-06T17:47:33.288+0000] {core_li.py:23} INFO - Successfully updated job requisition 66db04abbf0a19d8769e63c4
[2024-09-06T17:47:33.296+0000] {core_li.py:23} INFO - Successfully updated job requisition 66db04abbf0a19d8769e63c6
[2024-09-06T17:47:33.303+0000] {core_li.py:23} INFO - Successfully updated job requisition 66db04abbf0a19d8769e63c8
[2024-09-06T17:47:33.311+0000] {core_li.py:23} INFO - Successfully updated job requisition 66db04abbf0a19d8769e63ca
[2024-09-06T17:47:33.319+0000] {core_li.py:23} INFO - Successfully updated job requisition 66db04abbf0a19d8769e63cc
[2024-09-06T17:47:33.326+0000] {core_li.py:23} INFO - Successfully updated job requisition 66db04abbf0a19d8769e63ce
[2024-09-06T17:47:33.336+0000] {core_li.py:23} INFO - Successfully updated job requisition 66db04abbf0a19d8769e63d0
[2024-09-06T17:47:33.344+0000] {core_li.py:23} INFO - Successfully updated job requisition 66db04abbf0a19d8769e63d2
[2024-09-06T17:47:33.352+0000] {core_li.py:23} INFO - Successfully updated job requisition 66db04abbf0a19d8769e63d4
[2024-09-06T17:47:33.360+0000] {core_li.py:23} INFO - Successfully updated job requisition 66db04abbf0a19d8769e63d6
[2024-09-06T17:47:33.369+0000] {core_li.py:23} INFO - Successfully updated job requisition 66db04abbf0a19d8769e63d8
[2024-09-06T17:47:33.387+0000] {core_li.py:23} INFO - Successfully updated job requisition 66db04abbf0a19d8769e63da
[2024-09-06T17:47:33.397+0000] {core_li.py:23} INFO - Successfully updated job requisition 66db04abbf0a19d8769e63dc
[2024-09-06T17:47:33.404+0000] {core_li.py:23} INFO - Successfully updated job requisition 66db04abbf0a19d8769e63de
[2024-09-06T17:47:33.417+0000] {core_li.py:23} INFO - Successfully updated job requisition 66db04abbf0a19d8769e63e0
[2024-09-06T17:47:33.426+0000] {core_li.py:23} INFO - Successfully updated job requisition 66db04abbf0a19d8769e63e2
[2024-09-06T17:47:33.434+0000] {core_li.py:23} INFO - Successfully updated job requisition 66db04abbf0a19d8769e63e4
[2024-09-06T17:47:33.442+0000] {core_li.py:23} INFO - Successfully updated job requisition 66db04abbf0a19d8769e63e6
[2024-09-06T17:47:33.451+0000] {core_li.py:23} INFO - Successfully updated job requisition 66db04abbf0a19d8769e63e8
[2024-09-06T17:47:33.458+0000] {core_li.py:23} INFO - Successfully updated job requisition 66db04abbf0a19d8769e63ea
[2024-09-06T17:47:33.469+0000] {core_li.py:23} INFO - Successfully updated job requisition 66db04abbf0a19d8769e63ec
[2024-09-06T17:47:33.480+0000] {core_li.py:23} INFO - Successfully updated job requisition 66db04abbf0a19d8769e63ee
[2024-09-06T17:47:33.488+0000] {core_li.py:23} INFO - Successfully updated job requisition 66db04abbf0a19d8769e63f0
[2024-09-06T17:47:33.500+0000] {core_li.py:23} INFO - Successfully updated job requisition 66db04abbf0a19d8769e63f2
[2024-09-06T17:47:33.507+0000] {core_li.py:23} INFO - Successfully updated job requisition 66db04abbf0a19d8769e63f4
[2024-09-06T17:47:33.512+0000] {core_li.py:23} INFO - Successfully updated job requisition 66db04abbf0a19d8769e63f6
[2024-09-06T17:47:33.518+0000] {core_li.py:23} INFO - Successfully updated job requisition 66db04abbf0a19d8769e63f8
[2024-09-06T17:47:33.518+0000] {python.py:240} INFO - Done. Returned value was: 100
[2024-09-06T17:47:33.541+0000] {taskinstance.py:340} INFO - ::group::Post task execution logs
[2024-09-06T17:47:33.542+0000] {taskinstance.py:352} INFO - Marking task as SUCCESS. dag_id=async_flow, task_id=task_backfill_number_of_cancelled_candidates_in_batch, run_id=manual__2024-09-06T17:47:30.120511+00:00, map_index=10, execution_date=20240906T174730, start_date=20240906T174732, end_date=20240906T174733
[2024-09-06T17:47:33.586+0000] {local_task_job_runner.py:266} INFO - Task exited with return code 0
[2024-09-06T17:47:33.609+0000] {taskinstance.py:3900} INFO - 0 downstream tasks scheduled from follow-on schedule check
[2024-09-06T17:47:33.610+0000] {local_task_job_runner.py:245} INFO - ::endgroup::
