[2024-09-06T17:43:09.790+0000] {local_task_job_runner.py:123} INFO - ::group::Pre task execution logs
[2024-09-06T17:43:09.865+0000] {taskinstance.py:2612} INFO - Dependencies all met for dep_context=non-requeueable deps ti=<TaskInstance: async_flow.task_backfill_number_of_cancelled_candidates_in_batch manual__2024-09-06T17:43:02.727107+00:00 map_index=38 [queued]>
[2024-09-06T17:43:09.884+0000] {taskinstance.py:2612} INFO - Dependencies all met for dep_context=requeueable deps ti=<TaskInstance: async_flow.task_backfill_number_of_cancelled_candidates_in_batch manual__2024-09-06T17:43:02.727107+00:00 map_index=38 [queued]>
[2024-09-06T17:43:09.891+0000] {taskinstance.py:2865} INFO - Starting attempt 1 of 1
[2024-09-06T17:43:09.934+0000] {taskinstance.py:2888} INFO - Executing <Mapped(_PythonDecoratedOperator): task_backfill_number_of_cancelled_candidates_in_batch> on 2024-09-06 17:43:02.727107+00:00
[2024-09-06T17:43:09.941+0000] {warnings.py:112} WARNING - /home/***/.local/lib/python3.12/site-packages/***/task/task_runner/standard_task_runner.py:70: DeprecationWarning: This process (pid=273) is multi-threaded, use of fork() may lead to deadlocks in the child.
  pid = os.fork()

[2024-09-06T17:43:09.944+0000] {standard_task_runner.py:72} INFO - Started process 335 to run task
[2024-09-06T17:43:09.951+0000] {standard_task_runner.py:104} INFO - Running: ['***', 'tasks', 'run', 'async_flow', 'task_backfill_number_of_cancelled_candidates_in_batch', 'manual__2024-09-06T17:43:02.727107+00:00', '--job-id', '210', '--raw', '--subdir', 'DAGS_FOLDER/dags_async_flow.py', '--cfg-path', '/tmp/tmp6aht_u3i', '--map-index', '38']
[2024-09-06T17:43:09.955+0000] {standard_task_runner.py:105} INFO - Job 210: Subtask task_backfill_number_of_cancelled_candidates_in_batch
[2024-09-06T17:43:10.051+0000] {task_command.py:467} INFO - Running <TaskInstance: async_flow.task_backfill_number_of_cancelled_candidates_in_batch manual__2024-09-06T17:43:02.727107+00:00 map_index=38 [running]> on host 0817eb6c24af
[2024-09-06T17:43:10.238+0000] {taskinstance.py:3131} INFO - Exporting env vars: AIRFLOW_CTX_DAG_OWNER='***' AIRFLOW_CTX_DAG_ID='async_flow' AIRFLOW_CTX_TASK_ID='task_backfill_number_of_cancelled_candidates_in_batch' AIRFLOW_CTX_EXECUTION_DATE='2024-09-06T17:43:02.727107+00:00' AIRFLOW_CTX_TRY_NUMBER='1' AIRFLOW_CTX_DAG_RUN_ID='manual__2024-09-06T17:43:02.727107+00:00'
[2024-09-06T17:43:10.241+0000] {taskinstance.py:731} INFO - ::endgroup::
[2024-09-06T17:43:10.261+0000] {core_li.py:23} INFO - Successfully updated job requisition 66db04abbf0a19d8769e7912
[2024-09-06T17:43:10.274+0000] {core_li.py:23} INFO - Successfully updated job requisition 66db04abbf0a19d8769e7914
[2024-09-06T17:43:10.289+0000] {core_li.py:23} INFO - Successfully updated job requisition 66db04abbf0a19d8769e7916
[2024-09-06T17:43:10.301+0000] {core_li.py:23} INFO - Successfully updated job requisition 66db04abbf0a19d8769e7918
[2024-09-06T17:43:10.318+0000] {core_li.py:23} INFO - Successfully updated job requisition 66db04abbf0a19d8769e791a
[2024-09-06T17:43:10.331+0000] {core_li.py:23} INFO - Successfully updated job requisition 66db04abbf0a19d8769e791c
[2024-09-06T17:43:10.343+0000] {core_li.py:23} INFO - Successfully updated job requisition 66db04abbf0a19d8769e791e
[2024-09-06T17:43:10.358+0000] {core_li.py:23} INFO - Successfully updated job requisition 66db04abbf0a19d8769e7920
[2024-09-06T17:43:10.367+0000] {core_li.py:23} INFO - Successfully updated job requisition 66db04abbf0a19d8769e7922
[2024-09-06T17:43:10.381+0000] {core_li.py:23} INFO - Successfully updated job requisition 66db04abbf0a19d8769e7924
[2024-09-06T17:43:10.395+0000] {core_li.py:23} INFO - Successfully updated job requisition 66db04abbf0a19d8769e7926
[2024-09-06T17:43:10.402+0000] {core_li.py:23} INFO - Successfully updated job requisition 66db04abbf0a19d8769e7928
[2024-09-06T17:43:10.410+0000] {core_li.py:23} INFO - Successfully updated job requisition 66db04abbf0a19d8769e792a
[2024-09-06T17:43:10.416+0000] {core_li.py:23} INFO - Successfully updated job requisition 66db04abbf0a19d8769e792c
[2024-09-06T17:43:10.425+0000] {core_li.py:23} INFO - Successfully updated job requisition 66db04abbf0a19d8769e792e
[2024-09-06T17:43:10.432+0000] {core_li.py:23} INFO - Successfully updated job requisition 66db04abbf0a19d8769e7930
[2024-09-06T17:43:10.444+0000] {core_li.py:23} INFO - Successfully updated job requisition 66db04abbf0a19d8769e7932
[2024-09-06T17:43:10.453+0000] {core_li.py:23} INFO - Successfully updated job requisition 66db04abbf0a19d8769e7934
[2024-09-06T17:43:10.460+0000] {core_li.py:23} INFO - Successfully updated job requisition 66db04abbf0a19d8769e7936
[2024-09-06T17:43:10.473+0000] {core_li.py:23} INFO - Successfully updated job requisition 66db04abbf0a19d8769e7938
[2024-09-06T17:43:10.484+0000] {core_li.py:23} INFO - Successfully updated job requisition 66db04abbf0a19d8769e793a
[2024-09-06T17:43:10.495+0000] {core_li.py:23} INFO - Successfully updated job requisition 66db04abbf0a19d8769e793c
[2024-09-06T17:43:10.512+0000] {core_li.py:23} INFO - Successfully updated job requisition 66db04abbf0a19d8769e793e
[2024-09-06T17:43:10.525+0000] {core_li.py:23} INFO - Successfully updated job requisition 66db04abbf0a19d8769e7940
[2024-09-06T17:43:10.532+0000] {core_li.py:23} INFO - Successfully updated job requisition 66db04abbf0a19d8769e7942
[2024-09-06T17:43:10.540+0000] {core_li.py:23} INFO - Successfully updated job requisition 66db04abbf0a19d8769e7944
[2024-09-06T17:43:10.548+0000] {core_li.py:23} INFO - Successfully updated job requisition 66db04abbf0a19d8769e7946
[2024-09-06T17:43:10.558+0000] {core_li.py:23} INFO - Successfully updated job requisition 66db04abbf0a19d8769e7948
[2024-09-06T17:43:10.565+0000] {core_li.py:23} INFO - Successfully updated job requisition 66db04abbf0a19d8769e794a
[2024-09-06T17:43:10.572+0000] {core_li.py:23} INFO - Successfully updated job requisition 66db04abbf0a19d8769e794c
[2024-09-06T17:43:10.581+0000] {core_li.py:23} INFO - Successfully updated job requisition 66db04abbf0a19d8769e794e
[2024-09-06T17:43:10.587+0000] {core_li.py:23} INFO - Successfully updated job requisition 66db04abbf0a19d8769e7950
[2024-09-06T17:43:10.593+0000] {core_li.py:23} INFO - Successfully updated job requisition 66db04abbf0a19d8769e7952
[2024-09-06T17:43:10.602+0000] {core_li.py:23} INFO - Successfully updated job requisition 66db04abbf0a19d8769e7954
[2024-09-06T17:43:10.609+0000] {core_li.py:23} INFO - Successfully updated job requisition 66db04abbf0a19d8769e7956
[2024-09-06T17:43:10.616+0000] {core_li.py:23} INFO - Successfully updated job requisition 66db04abbf0a19d8769e7958
[2024-09-06T17:43:10.623+0000] {core_li.py:23} INFO - Successfully updated job requisition 66db04abbf0a19d8769e795a
[2024-09-06T17:43:10.630+0000] {core_li.py:23} INFO - Successfully updated job requisition 66db04abbf0a19d8769e795c
[2024-09-06T17:43:10.640+0000] {core_li.py:23} INFO - Successfully updated job requisition 66db04abbf0a19d8769e795e
[2024-09-06T17:43:10.649+0000] {core_li.py:23} INFO - Successfully updated job requisition 66db04abbf0a19d8769e7960
[2024-09-06T17:43:10.656+0000] {core_li.py:23} INFO - Successfully updated job requisition 66db04abbf0a19d8769e7962
[2024-09-06T17:43:10.670+0000] {core_li.py:23} INFO - Successfully updated job requisition 66db04abbf0a19d8769e7964
[2024-09-06T17:43:10.679+0000] {core_li.py:23} INFO - Successfully updated job requisition 66db04abbf0a19d8769e7966
[2024-09-06T17:43:10.688+0000] {core_li.py:23} INFO - Successfully updated job requisition 66db04abbf0a19d8769e7968
[2024-09-06T17:43:10.697+0000] {core_li.py:23} INFO - Successfully updated job requisition 66db04abbf0a19d8769e796a
[2024-09-06T17:43:10.708+0000] {core_li.py:23} INFO - Successfully updated job requisition 66db04abbf0a19d8769e796c
[2024-09-06T17:43:10.716+0000] {core_li.py:23} INFO - Successfully updated job requisition 66db04abbf0a19d8769e796e
[2024-09-06T17:43:10.723+0000] {core_li.py:23} INFO - Successfully updated job requisition 66db04abbf0a19d8769e7970
[2024-09-06T17:43:10.733+0000] {core_li.py:23} INFO - Successfully updated job requisition 66db04abbf0a19d8769e7972
[2024-09-06T17:43:10.743+0000] {core_li.py:23} INFO - Successfully updated job requisition 66db04abbf0a19d8769e7974
[2024-09-06T17:43:10.751+0000] {core_li.py:23} INFO - Successfully updated job requisition 66db04abbf0a19d8769e7976
[2024-09-06T17:43:10.761+0000] {core_li.py:23} INFO - Successfully updated job requisition 66db04abbf0a19d8769e7978
[2024-09-06T17:43:10.768+0000] {core_li.py:23} INFO - Successfully updated job requisition 66db04abbf0a19d8769e797a
[2024-09-06T17:43:10.776+0000] {core_li.py:23} INFO - Successfully updated job requisition 66db04abbf0a19d8769e797c
[2024-09-06T17:43:10.784+0000] {core_li.py:23} INFO - Successfully updated job requisition 66db04abbf0a19d8769e797e
[2024-09-06T17:43:10.792+0000] {core_li.py:23} INFO - Successfully updated job requisition 66db04abbf0a19d8769e7980
[2024-09-06T17:43:10.799+0000] {core_li.py:23} INFO - Successfully updated job requisition 66db04abbf0a19d8769e7982
[2024-09-06T17:43:10.807+0000] {core_li.py:23} INFO - Successfully updated job requisition 66db04abbf0a19d8769e7984
[2024-09-06T17:43:10.816+0000] {core_li.py:23} INFO - Successfully updated job requisition 66db04abbf0a19d8769e7986
[2024-09-06T17:43:10.824+0000] {core_li.py:23} INFO - Successfully updated job requisition 66db04abbf0a19d8769e7988
[2024-09-06T17:43:10.835+0000] {core_li.py:23} INFO - Successfully updated job requisition 66db04abbf0a19d8769e798a
[2024-09-06T17:43:10.841+0000] {core_li.py:23} INFO - Successfully updated job requisition 66db04abbf0a19d8769e798c
[2024-09-06T17:43:10.849+0000] {core_li.py:23} INFO - Successfully updated job requisition 66db04abbf0a19d8769e798e
[2024-09-06T17:43:10.857+0000] {core_li.py:23} INFO - Successfully updated job requisition 66db04abbf0a19d8769e7990
[2024-09-06T17:43:10.867+0000] {core_li.py:23} INFO - Successfully updated job requisition 66db04abbf0a19d8769e7992
[2024-09-06T17:43:10.873+0000] {core_li.py:23} INFO - Successfully updated job requisition 66db04abbf0a19d8769e7994
[2024-09-06T17:43:10.881+0000] {core_li.py:23} INFO - Successfully updated job requisition 66db04abbf0a19d8769e7996
[2024-09-06T17:43:10.898+0000] {core_li.py:23} INFO - Successfully updated job requisition 66db04abbf0a19d8769e7998
[2024-09-06T17:43:10.905+0000] {core_li.py:23} INFO - Successfully updated job requisition 66db04abbf0a19d8769e799a
[2024-09-06T17:43:10.910+0000] {core_li.py:23} INFO - Successfully updated job requisition 66db04abbf0a19d8769e799c
[2024-09-06T17:43:10.917+0000] {core_li.py:23} INFO - Successfully updated job requisition 66db04abbf0a19d8769e799e
[2024-09-06T17:43:10.924+0000] {core_li.py:23} INFO - Successfully updated job requisition 66db04abbf0a19d8769e79a0
[2024-09-06T17:43:10.932+0000] {core_li.py:23} INFO - Successfully updated job requisition 66db04abbf0a19d8769e79a2
[2024-09-06T17:43:10.939+0000] {core_li.py:23} INFO - Successfully updated job requisition 66db04abbf0a19d8769e79a4
[2024-09-06T17:43:10.947+0000] {core_li.py:23} INFO - Successfully updated job requisition 66db04abbf0a19d8769e79a6
[2024-09-06T17:43:10.955+0000] {core_li.py:23} INFO - Successfully updated job requisition 66db04abbf0a19d8769e79a8
[2024-09-06T17:43:10.967+0000] {core_li.py:23} INFO - Successfully updated job requisition 66db04abbf0a19d8769e79aa
[2024-09-06T17:43:10.977+0000] {core_li.py:23} INFO - Successfully updated job requisition 66db04abbf0a19d8769e79ac
[2024-09-06T17:43:10.988+0000] {core_li.py:23} INFO - Successfully updated job requisition 66db04abbf0a19d8769e79ae
[2024-09-06T17:43:10.997+0000] {core_li.py:23} INFO - Successfully updated job requisition 66db04abbf0a19d8769e79b0
[2024-09-06T17:43:11.004+0000] {core_li.py:23} INFO - Successfully updated job requisition 66db04abbf0a19d8769e79b2
[2024-09-06T17:43:11.013+0000] {core_li.py:23} INFO - Successfully updated job requisition 66db04abbf0a19d8769e79b4
[2024-09-06T17:43:11.024+0000] {core_li.py:23} INFO - Successfully updated job requisition 66db04abbf0a19d8769e79b6
[2024-09-06T17:43:11.032+0000] {core_li.py:23} INFO - Successfully updated job requisition 66db04abbf0a19d8769e79b8
[2024-09-06T17:43:11.039+0000] {core_li.py:23} INFO - Successfully updated job requisition 66db04abbf0a19d8769e79ba
[2024-09-06T17:43:11.051+0000] {core_li.py:23} INFO - Successfully updated job requisition 66db04abbf0a19d8769e79bc
[2024-09-06T17:43:11.059+0000] {core_li.py:23} INFO - Successfully updated job requisition 66db04abbf0a19d8769e79be
[2024-09-06T17:43:11.067+0000] {core_li.py:23} INFO - Successfully updated job requisition 66db04abbf0a19d8769e79c0
[2024-09-06T17:43:11.075+0000] {core_li.py:23} INFO - Successfully updated job requisition 66db04abbf0a19d8769e79c2
[2024-09-06T17:43:11.081+0000] {core_li.py:23} INFO - Successfully updated job requisition 66db04abbf0a19d8769e79c4
[2024-09-06T17:43:11.089+0000] {core_li.py:23} INFO - Successfully updated job requisition 66db04abbf0a19d8769e79c6
[2024-09-06T17:43:11.097+0000] {core_li.py:23} INFO - Successfully updated job requisition 66db04abbf0a19d8769e79c8
[2024-09-06T17:43:11.105+0000] {core_li.py:23} INFO - Successfully updated job requisition 66db04abbf0a19d8769e79ca
[2024-09-06T17:43:11.113+0000] {core_li.py:23} INFO - Successfully updated job requisition 66db04abbf0a19d8769e79cc
[2024-09-06T17:43:11.121+0000] {core_li.py:23} INFO - Successfully updated job requisition 66db04abbf0a19d8769e79ce
[2024-09-06T17:43:11.130+0000] {core_li.py:23} INFO - Successfully updated job requisition 66db04abbf0a19d8769e79d0
[2024-09-06T17:43:11.147+0000] {core_li.py:23} INFO - Successfully updated job requisition 66db04abbf0a19d8769e79d2
[2024-09-06T17:43:11.158+0000] {core_li.py:23} INFO - Successfully updated job requisition 66db04abbf0a19d8769e79d4
[2024-09-06T17:43:11.171+0000] {core_li.py:23} INFO - Successfully updated job requisition 66db04abbf0a19d8769e79d6
[2024-09-06T17:43:11.179+0000] {core_li.py:23} INFO - Successfully updated job requisition 66db04abbf0a19d8769e79d8
[2024-09-06T17:43:11.181+0000] {python.py:240} INFO - Done. Returned value was: 100
[2024-09-06T17:43:11.211+0000] {taskinstance.py:340} INFO - ::group::Post task execution logs
[2024-09-06T17:43:11.213+0000] {taskinstance.py:352} INFO - Marking task as SUCCESS. dag_id=async_flow, task_id=task_backfill_number_of_cancelled_candidates_in_batch, run_id=manual__2024-09-06T17:43:02.727107+00:00, map_index=38, execution_date=20240906T174302, start_date=20240906T174309, end_date=20240906T174311
[2024-09-06T17:43:11.253+0000] {local_task_job_runner.py:266} INFO - Task exited with return code 0
[2024-09-06T17:43:11.263+0000] {local_task_job_runner.py:245} INFO - ::endgroup::
