[2024-09-06T17:29:41.835+0000] {local_task_job_runner.py:123} INFO - ::group::Pre task execution logs
[2024-09-06T17:29:41.874+0000] {taskinstance.py:2612} INFO - Dependencies all met for dep_context=non-requeueable deps ti=<TaskInstance: async_flow.task_backfill_number_of_cancelled_candidates_in_batch manual__2024-09-06T17:29:39.458358+00:00 map_index=10 [queued]>
[2024-09-06T17:29:41.908+0000] {taskinstance.py:2612} INFO - Dependencies all met for dep_context=requeueable deps ti=<TaskInstance: async_flow.task_backfill_number_of_cancelled_candidates_in_batch manual__2024-09-06T17:29:39.458358+00:00 map_index=10 [queued]>
[2024-09-06T17:29:41.911+0000] {taskinstance.py:2865} INFO - Starting attempt 1 of 1
[2024-09-06T17:29:41.940+0000] {taskinstance.py:2888} INFO - Executing <Mapped(_PythonDecoratedOperator): task_backfill_number_of_cancelled_candidates_in_batch> on 2024-09-06 17:29:39.458358+00:00
[2024-09-06T17:29:41.950+0000] {warnings.py:112} WARNING - /home/***/.local/lib/python3.12/site-packages/***/task/task_runner/standard_task_runner.py:70: DeprecationWarning: This process (pid=3117) is multi-threaded, use of fork() may lead to deadlocks in the child.
  pid = os.fork()

[2024-09-06T17:29:41.961+0000] {standard_task_runner.py:72} INFO - Started process 3195 to run task
[2024-09-06T17:29:41.958+0000] {standard_task_runner.py:104} INFO - Running: ['***', 'tasks', 'run', 'async_flow', 'task_backfill_number_of_cancelled_candidates_in_batch', 'manual__2024-09-06T17:29:39.458358+00:00', '--job-id', '129', '--raw', '--subdir', 'DAGS_FOLDER/dags_async_flow.py', '--cfg-path', '/tmp/tmpe927rjfy', '--map-index', '10']
[2024-09-06T17:29:41.975+0000] {standard_task_runner.py:105} INFO - Job 129: Subtask task_backfill_number_of_cancelled_candidates_in_batch
[2024-09-06T17:29:42.090+0000] {task_command.py:467} INFO - Running <TaskInstance: async_flow.task_backfill_number_of_cancelled_candidates_in_batch manual__2024-09-06T17:29:39.458358+00:00 map_index=10 [running]> on host a3a5f1897683
[2024-09-06T17:29:42.320+0000] {taskinstance.py:3131} INFO - Exporting env vars: AIRFLOW_CTX_DAG_OWNER='***' AIRFLOW_CTX_DAG_ID='async_flow' AIRFLOW_CTX_TASK_ID='task_backfill_number_of_cancelled_candidates_in_batch' AIRFLOW_CTX_EXECUTION_DATE='2024-09-06T17:29:39.458358+00:00' AIRFLOW_CTX_TRY_NUMBER='1' AIRFLOW_CTX_DAG_RUN_ID='manual__2024-09-06T17:29:39.458358+00:00'
[2024-09-06T17:29:42.325+0000] {taskinstance.py:731} INFO - ::endgroup::
[2024-09-06T17:29:42.370+0000] {core_li.py:23} INFO - Successfully updated job requisition 66db04abbf0a19d8769e6332
[2024-09-06T17:29:42.397+0000] {core_li.py:23} INFO - Successfully updated job requisition 66db04abbf0a19d8769e6334
[2024-09-06T17:29:42.405+0000] {core_li.py:23} INFO - Successfully updated job requisition 66db04abbf0a19d8769e6336
[2024-09-06T17:29:42.419+0000] {core_li.py:23} INFO - Successfully updated job requisition 66db04abbf0a19d8769e6338
[2024-09-06T17:29:42.431+0000] {core_li.py:23} INFO - Successfully updated job requisition 66db04abbf0a19d8769e633a
[2024-09-06T17:29:42.464+0000] {core_li.py:23} INFO - Successfully updated job requisition 66db04abbf0a19d8769e633c
[2024-09-06T17:29:42.479+0000] {core_li.py:23} INFO - Successfully updated job requisition 66db04abbf0a19d8769e633e
[2024-09-06T17:29:42.505+0000] {core_li.py:23} INFO - Successfully updated job requisition 66db04abbf0a19d8769e6340
[2024-09-06T17:29:42.525+0000] {core_li.py:23} INFO - Successfully updated job requisition 66db04abbf0a19d8769e6342
[2024-09-06T17:29:42.538+0000] {core_li.py:23} INFO - Successfully updated job requisition 66db04abbf0a19d8769e6344
[2024-09-06T17:29:42.548+0000] {core_li.py:23} INFO - Successfully updated job requisition 66db04abbf0a19d8769e6346
[2024-09-06T17:29:42.558+0000] {core_li.py:23} INFO - Successfully updated job requisition 66db04abbf0a19d8769e6348
[2024-09-06T17:29:42.570+0000] {core_li.py:23} INFO - Successfully updated job requisition 66db04abbf0a19d8769e634a
[2024-09-06T17:29:42.581+0000] {core_li.py:23} INFO - Successfully updated job requisition 66db04abbf0a19d8769e634c
[2024-09-06T17:29:42.603+0000] {core_li.py:23} INFO - Successfully updated job requisition 66db04abbf0a19d8769e634e
[2024-09-06T17:29:42.620+0000] {core_li.py:23} INFO - Successfully updated job requisition 66db04abbf0a19d8769e6350
[2024-09-06T17:29:42.635+0000] {core_li.py:23} INFO - Successfully updated job requisition 66db04abbf0a19d8769e6352
[2024-09-06T17:29:42.645+0000] {core_li.py:23} INFO - Successfully updated job requisition 66db04abbf0a19d8769e6354
[2024-09-06T17:29:42.655+0000] {core_li.py:23} INFO - Successfully updated job requisition 66db04abbf0a19d8769e6356
[2024-09-06T17:29:42.666+0000] {core_li.py:23} INFO - Successfully updated job requisition 66db04abbf0a19d8769e6358
[2024-09-06T17:29:42.677+0000] {core_li.py:23} INFO - Successfully updated job requisition 66db04abbf0a19d8769e635a
[2024-09-06T17:29:42.687+0000] {core_li.py:23} INFO - Successfully updated job requisition 66db04abbf0a19d8769e635c
[2024-09-06T17:29:42.714+0000] {core_li.py:23} INFO - Successfully updated job requisition 66db04abbf0a19d8769e635e
[2024-09-06T17:29:42.733+0000] {core_li.py:23} INFO - Successfully updated job requisition 66db04abbf0a19d8769e6360
[2024-09-06T17:29:42.747+0000] {core_li.py:23} INFO - Successfully updated job requisition 66db04abbf0a19d8769e6362
[2024-09-06T17:29:42.759+0000] {core_li.py:23} INFO - Successfully updated job requisition 66db04abbf0a19d8769e6364
[2024-09-06T17:29:42.772+0000] {core_li.py:23} INFO - Successfully updated job requisition 66db04abbf0a19d8769e6366
[2024-09-06T17:29:42.782+0000] {core_li.py:23} INFO - Successfully updated job requisition 66db04abbf0a19d8769e6368
[2024-09-06T17:29:42.802+0000] {core_li.py:23} INFO - Successfully updated job requisition 66db04abbf0a19d8769e636a
[2024-09-06T17:29:42.817+0000] {core_li.py:23} INFO - Successfully updated job requisition 66db04abbf0a19d8769e636c
[2024-09-06T17:29:42.825+0000] {core_li.py:23} INFO - Successfully updated job requisition 66db04abbf0a19d8769e636e
[2024-09-06T17:29:42.834+0000] {core_li.py:23} INFO - Successfully updated job requisition 66db04abbf0a19d8769e6370
[2024-09-06T17:29:42.841+0000] {core_li.py:23} INFO - Successfully updated job requisition 66db04abbf0a19d8769e6372
[2024-09-06T17:29:42.852+0000] {core_li.py:23} INFO - Successfully updated job requisition 66db04abbf0a19d8769e6374
[2024-09-06T17:29:42.865+0000] {core_li.py:23} INFO - Successfully updated job requisition 66db04abbf0a19d8769e6376
[2024-09-06T17:29:42.877+0000] {core_li.py:23} INFO - Successfully updated job requisition 66db04abbf0a19d8769e6378
[2024-09-06T17:29:42.886+0000] {core_li.py:23} INFO - Successfully updated job requisition 66db04abbf0a19d8769e637a
[2024-09-06T17:29:42.898+0000] {core_li.py:23} INFO - Successfully updated job requisition 66db04abbf0a19d8769e637c
[2024-09-06T17:29:42.907+0000] {core_li.py:23} INFO - Successfully updated job requisition 66db04abbf0a19d8769e637e
[2024-09-06T17:29:42.916+0000] {core_li.py:23} INFO - Successfully updated job requisition 66db04abbf0a19d8769e6380
[2024-09-06T17:29:42.926+0000] {core_li.py:23} INFO - Successfully updated job requisition 66db04abbf0a19d8769e6382
[2024-09-06T17:29:42.937+0000] {core_li.py:23} INFO - Successfully updated job requisition 66db04abbf0a19d8769e6384
[2024-09-06T17:29:42.947+0000] {core_li.py:23} INFO - Successfully updated job requisition 66db04abbf0a19d8769e6386
[2024-09-06T17:29:42.959+0000] {core_li.py:23} INFO - Successfully updated job requisition 66db04abbf0a19d8769e6388
[2024-09-06T17:29:42.972+0000] {core_li.py:23} INFO - Successfully updated job requisition 66db04abbf0a19d8769e638a
[2024-09-06T17:29:42.984+0000] {core_li.py:23} INFO - Successfully updated job requisition 66db04abbf0a19d8769e638c
[2024-09-06T17:29:42.997+0000] {core_li.py:23} INFO - Successfully updated job requisition 66db04abbf0a19d8769e638e
[2024-09-06T17:29:43.008+0000] {core_li.py:23} INFO - Successfully updated job requisition 66db04abbf0a19d8769e6390
[2024-09-06T17:29:43.023+0000] {core_li.py:23} INFO - Successfully updated job requisition 66db04abbf0a19d8769e6392
[2024-09-06T17:29:43.035+0000] {core_li.py:23} INFO - Successfully updated job requisition 66db04abbf0a19d8769e6394
[2024-09-06T17:29:43.048+0000] {core_li.py:23} INFO - Successfully updated job requisition 66db04abbf0a19d8769e6396
[2024-09-06T17:29:43.056+0000] {core_li.py:23} INFO - Successfully updated job requisition 66db04abbf0a19d8769e6398
[2024-09-06T17:29:43.066+0000] {core_li.py:23} INFO - Successfully updated job requisition 66db04abbf0a19d8769e639a
[2024-09-06T17:29:43.075+0000] {core_li.py:23} INFO - Successfully updated job requisition 66db04abbf0a19d8769e639c
[2024-09-06T17:29:43.089+0000] {core_li.py:23} INFO - Successfully updated job requisition 66db04abbf0a19d8769e639e
[2024-09-06T17:29:43.100+0000] {core_li.py:23} INFO - Successfully updated job requisition 66db04abbf0a19d8769e63a0
[2024-09-06T17:29:43.108+0000] {core_li.py:23} INFO - Successfully updated job requisition 66db04abbf0a19d8769e63a2
[2024-09-06T17:29:43.116+0000] {core_li.py:23} INFO - Successfully updated job requisition 66db04abbf0a19d8769e63a4
[2024-09-06T17:29:43.129+0000] {core_li.py:23} INFO - Successfully updated job requisition 66db04abbf0a19d8769e63a6
[2024-09-06T17:29:43.139+0000] {core_li.py:23} INFO - Successfully updated job requisition 66db04abbf0a19d8769e63a8
[2024-09-06T17:29:43.149+0000] {core_li.py:23} INFO - Successfully updated job requisition 66db04abbf0a19d8769e63aa
[2024-09-06T17:29:43.159+0000] {core_li.py:23} INFO - Successfully updated job requisition 66db04abbf0a19d8769e63ac
[2024-09-06T17:29:43.171+0000] {core_li.py:23} INFO - Successfully updated job requisition 66db04abbf0a19d8769e63ae
[2024-09-06T17:29:43.187+0000] {core_li.py:23} INFO - Successfully updated job requisition 66db04abbf0a19d8769e63b0
[2024-09-06T17:29:43.200+0000] {core_li.py:23} INFO - Successfully updated job requisition 66db04abbf0a19d8769e63b2
[2024-09-06T17:29:43.211+0000] {core_li.py:23} INFO - Successfully updated job requisition 66db04abbf0a19d8769e63b4
[2024-09-06T17:29:43.220+0000] {core_li.py:23} INFO - Successfully updated job requisition 66db04abbf0a19d8769e63b6
[2024-09-06T17:29:43.237+0000] {core_li.py:23} INFO - Successfully updated job requisition 66db04abbf0a19d8769e63b8
[2024-09-06T17:29:43.256+0000] {core_li.py:23} INFO - Successfully updated job requisition 66db04abbf0a19d8769e63ba
[2024-09-06T17:29:43.280+0000] {core_li.py:23} INFO - Successfully updated job requisition 66db04abbf0a19d8769e63bc
[2024-09-06T17:29:43.309+0000] {core_li.py:23} INFO - Successfully updated job requisition 66db04abbf0a19d8769e63be
[2024-09-06T17:29:43.323+0000] {core_li.py:23} INFO - Successfully updated job requisition 66db04abbf0a19d8769e63c0
[2024-09-06T17:29:43.336+0000] {core_li.py:23} INFO - Successfully updated job requisition 66db04abbf0a19d8769e63c2
[2024-09-06T17:29:43.349+0000] {core_li.py:23} INFO - Successfully updated job requisition 66db04abbf0a19d8769e63c4
[2024-09-06T17:29:43.364+0000] {core_li.py:23} INFO - Successfully updated job requisition 66db04abbf0a19d8769e63c6
[2024-09-06T17:29:43.376+0000] {core_li.py:23} INFO - Successfully updated job requisition 66db04abbf0a19d8769e63c8
[2024-09-06T17:29:43.390+0000] {core_li.py:23} INFO - Successfully updated job requisition 66db04abbf0a19d8769e63ca
[2024-09-06T17:29:43.401+0000] {core_li.py:23} INFO - Successfully updated job requisition 66db04abbf0a19d8769e63cc
[2024-09-06T17:29:43.419+0000] {core_li.py:23} INFO - Successfully updated job requisition 66db04abbf0a19d8769e63ce
[2024-09-06T17:29:43.434+0000] {core_li.py:23} INFO - Successfully updated job requisition 66db04abbf0a19d8769e63d0
[2024-09-06T17:29:43.450+0000] {core_li.py:23} INFO - Successfully updated job requisition 66db04abbf0a19d8769e63d2
[2024-09-06T17:29:43.464+0000] {core_li.py:23} INFO - Successfully updated job requisition 66db04abbf0a19d8769e63d4
[2024-09-06T17:29:43.487+0000] {core_li.py:23} INFO - Successfully updated job requisition 66db04abbf0a19d8769e63d6
[2024-09-06T17:29:43.505+0000] {core_li.py:23} INFO - Successfully updated job requisition 66db04abbf0a19d8769e63d8
[2024-09-06T17:29:43.516+0000] {core_li.py:23} INFO - Successfully updated job requisition 66db04abbf0a19d8769e63da
[2024-09-06T17:29:43.534+0000] {core_li.py:23} INFO - Successfully updated job requisition 66db04abbf0a19d8769e63dc
[2024-09-06T17:29:43.547+0000] {core_li.py:23} INFO - Successfully updated job requisition 66db04abbf0a19d8769e63de
[2024-09-06T17:29:43.561+0000] {core_li.py:23} INFO - Successfully updated job requisition 66db04abbf0a19d8769e63e0
[2024-09-06T17:29:43.573+0000] {core_li.py:23} INFO - Successfully updated job requisition 66db04abbf0a19d8769e63e2
[2024-09-06T17:29:43.586+0000] {core_li.py:23} INFO - Successfully updated job requisition 66db04abbf0a19d8769e63e4
[2024-09-06T17:29:43.595+0000] {core_li.py:23} INFO - Successfully updated job requisition 66db04abbf0a19d8769e63e6
[2024-09-06T17:29:43.604+0000] {core_li.py:23} INFO - Successfully updated job requisition 66db04abbf0a19d8769e63e8
[2024-09-06T17:29:43.618+0000] {core_li.py:23} INFO - Successfully updated job requisition 66db04abbf0a19d8769e63ea
[2024-09-06T17:29:43.629+0000] {core_li.py:23} INFO - Successfully updated job requisition 66db04abbf0a19d8769e63ec
[2024-09-06T17:29:43.641+0000] {core_li.py:23} INFO - Successfully updated job requisition 66db04abbf0a19d8769e63ee
[2024-09-06T17:29:43.653+0000] {core_li.py:23} INFO - Successfully updated job requisition 66db04abbf0a19d8769e63f0
[2024-09-06T17:29:43.668+0000] {core_li.py:23} INFO - Successfully updated job requisition 66db04abbf0a19d8769e63f2
[2024-09-06T17:29:43.683+0000] {core_li.py:23} INFO - Successfully updated job requisition 66db04abbf0a19d8769e63f4
[2024-09-06T17:29:43.702+0000] {core_li.py:23} INFO - Successfully updated job requisition 66db04abbf0a19d8769e63f6
[2024-09-06T17:29:43.715+0000] {core_li.py:23} INFO - Successfully updated job requisition 66db04abbf0a19d8769e63f8
[2024-09-06T17:29:43.716+0000] {python.py:240} INFO - Done. Returned value was: 100
[2024-09-06T17:29:43.747+0000] {taskinstance.py:340} INFO - ::group::Post task execution logs
[2024-09-06T17:29:43.748+0000] {taskinstance.py:352} INFO - Marking task as SUCCESS. dag_id=async_flow, task_id=task_backfill_number_of_cancelled_candidates_in_batch, run_id=manual__2024-09-06T17:29:39.458358+00:00, map_index=10, execution_date=20240906T172939, start_date=20240906T172941, end_date=20240906T172943
[2024-09-06T17:29:43.772+0000] {local_task_job_runner.py:266} INFO - Task exited with return code 0
[2024-09-06T17:29:43.803+0000] {taskinstance.py:3900} INFO - 0 downstream tasks scheduled from follow-on schedule check
[2024-09-06T17:29:43.807+0000] {local_task_job_runner.py:245} INFO - ::endgroup::
