[2024-09-06T17:45:48.052+0000] {local_task_job_runner.py:123} INFO - ::group::Pre task execution logs
[2024-09-06T17:45:48.073+0000] {taskinstance.py:2612} INFO - Dependencies all met for dep_context=non-requeueable deps ti=<TaskInstance: async_flow.task_backfill_number_of_cancelled_candidates_in_batch manual__2024-09-06T17:29:39.458358+00:00 map_index=10 [queued]>
[2024-09-06T17:45:48.087+0000] {taskinstance.py:2612} INFO - Dependencies all met for dep_context=requeueable deps ti=<TaskInstance: async_flow.task_backfill_number_of_cancelled_candidates_in_batch manual__2024-09-06T17:29:39.458358+00:00 map_index=10 [queued]>
[2024-09-06T17:45:48.088+0000] {taskinstance.py:2865} INFO - Starting attempt 2 of 2
[2024-09-06T17:45:48.121+0000] {taskinstance.py:2888} INFO - Executing <Mapped(_PythonDecoratedOperator): task_backfill_number_of_cancelled_candidates_in_batch> on 2024-09-06 17:29:39.458358+00:00
[2024-09-06T17:45:48.130+0000] {warnings.py:112} WARNING - /home/***/.local/lib/python3.12/site-packages/***/task/task_runner/standard_task_runner.py:70: DeprecationWarning: This process (pid=418) is multi-threaded, use of fork() may lead to deadlocks in the child.
  pid = os.fork()

[2024-09-06T17:45:48.136+0000] {standard_task_runner.py:72} INFO - Started process 485 to run task
[2024-09-06T17:45:48.143+0000] {standard_task_runner.py:104} INFO - Running: ['***', 'tasks', 'run', 'async_flow', 'task_backfill_number_of_cancelled_candidates_in_batch', 'manual__2024-09-06T17:29:39.458358+00:00', '--job-id', '229', '--raw', '--subdir', 'DAGS_FOLDER/dags_async_flow.py', '--cfg-path', '/tmp/tmp1ns6wyym', '--map-index', '10']
[2024-09-06T17:45:48.144+0000] {standard_task_runner.py:105} INFO - Job 229: Subtask task_backfill_number_of_cancelled_candidates_in_batch
[2024-09-06T17:45:48.234+0000] {task_command.py:467} INFO - Running <TaskInstance: async_flow.task_backfill_number_of_cancelled_candidates_in_batch manual__2024-09-06T17:29:39.458358+00:00 map_index=10 [running]> on host 0817eb6c24af
[2024-09-06T17:45:48.386+0000] {taskinstance.py:3131} INFO - Exporting env vars: AIRFLOW_CTX_DAG_OWNER='***' AIRFLOW_CTX_DAG_ID='async_flow' AIRFLOW_CTX_TASK_ID='task_backfill_number_of_cancelled_candidates_in_batch' AIRFLOW_CTX_EXECUTION_DATE='2024-09-06T17:29:39.458358+00:00' AIRFLOW_CTX_TRY_NUMBER='2' AIRFLOW_CTX_DAG_RUN_ID='manual__2024-09-06T17:29:39.458358+00:00'
[2024-09-06T17:45:48.388+0000] {taskinstance.py:731} INFO - ::endgroup::
[2024-09-06T17:45:48.415+0000] {core_li.py:23} INFO - Successfully updated job requisition 66db04abbf0a19d8769e6332
[2024-09-06T17:45:48.429+0000] {core_li.py:23} INFO - Successfully updated job requisition 66db04abbf0a19d8769e6334
[2024-09-06T17:45:48.445+0000] {core_li.py:23} INFO - Successfully updated job requisition 66db04abbf0a19d8769e6336
[2024-09-06T17:45:48.466+0000] {core_li.py:23} INFO - Successfully updated job requisition 66db04abbf0a19d8769e6338
[2024-09-06T17:45:48.480+0000] {core_li.py:23} INFO - Successfully updated job requisition 66db04abbf0a19d8769e633a
[2024-09-06T17:45:48.501+0000] {core_li.py:23} INFO - Successfully updated job requisition 66db04abbf0a19d8769e633c
[2024-09-06T17:45:48.548+0000] {core_li.py:23} INFO - Successfully updated job requisition 66db04abbf0a19d8769e633e
[2024-09-06T17:45:48.560+0000] {core_li.py:23} INFO - Successfully updated job requisition 66db04abbf0a19d8769e6340
[2024-09-06T17:45:48.574+0000] {core_li.py:23} INFO - Successfully updated job requisition 66db04abbf0a19d8769e6342
[2024-09-06T17:45:48.587+0000] {core_li.py:23} INFO - Successfully updated job requisition 66db04abbf0a19d8769e6344
[2024-09-06T17:45:48.603+0000] {core_li.py:23} INFO - Successfully updated job requisition 66db04abbf0a19d8769e6346
[2024-09-06T17:45:48.615+0000] {core_li.py:23} INFO - Successfully updated job requisition 66db04abbf0a19d8769e6348
[2024-09-06T17:45:48.628+0000] {core_li.py:23} INFO - Successfully updated job requisition 66db04abbf0a19d8769e634a
[2024-09-06T17:45:48.644+0000] {core_li.py:23} INFO - Successfully updated job requisition 66db04abbf0a19d8769e634c
[2024-09-06T17:45:48.656+0000] {core_li.py:23} INFO - Successfully updated job requisition 66db04abbf0a19d8769e634e
[2024-09-06T17:45:48.667+0000] {core_li.py:23} INFO - Successfully updated job requisition 66db04abbf0a19d8769e6350
[2024-09-06T17:45:48.685+0000] {core_li.py:23} INFO - Successfully updated job requisition 66db04abbf0a19d8769e6352
[2024-09-06T17:45:48.697+0000] {core_li.py:23} INFO - Successfully updated job requisition 66db04abbf0a19d8769e6354
[2024-09-06T17:45:48.708+0000] {core_li.py:23} INFO - Successfully updated job requisition 66db04abbf0a19d8769e6356
[2024-09-06T17:45:48.723+0000] {core_li.py:23} INFO - Successfully updated job requisition 66db04abbf0a19d8769e6358
[2024-09-06T17:45:48.735+0000] {core_li.py:23} INFO - Successfully updated job requisition 66db04abbf0a19d8769e635a
[2024-09-06T17:45:48.750+0000] {core_li.py:23} INFO - Successfully updated job requisition 66db04abbf0a19d8769e635c
[2024-09-06T17:45:48.766+0000] {core_li.py:23} INFO - Successfully updated job requisition 66db04abbf0a19d8769e635e
[2024-09-06T17:45:48.778+0000] {core_li.py:23} INFO - Successfully updated job requisition 66db04abbf0a19d8769e6360
[2024-09-06T17:45:48.789+0000] {core_li.py:23} INFO - Successfully updated job requisition 66db04abbf0a19d8769e6362
[2024-09-06T17:45:48.808+0000] {core_li.py:23} INFO - Successfully updated job requisition 66db04abbf0a19d8769e6364
[2024-09-06T17:45:48.822+0000] {core_li.py:23} INFO - Successfully updated job requisition 66db04abbf0a19d8769e6366
[2024-09-06T17:45:48.840+0000] {core_li.py:23} INFO - Successfully updated job requisition 66db04abbf0a19d8769e6368
[2024-09-06T17:45:48.853+0000] {core_li.py:23} INFO - Successfully updated job requisition 66db04abbf0a19d8769e636a
[2024-09-06T17:45:48.877+0000] {core_li.py:23} INFO - Successfully updated job requisition 66db04abbf0a19d8769e636c
[2024-09-06T17:45:48.893+0000] {core_li.py:23} INFO - Successfully updated job requisition 66db04abbf0a19d8769e636e
[2024-09-06T17:45:48.913+0000] {core_li.py:23} INFO - Successfully updated job requisition 66db04abbf0a19d8769e6370
[2024-09-06T17:45:48.926+0000] {core_li.py:23} INFO - Successfully updated job requisition 66db04abbf0a19d8769e6372
[2024-09-06T17:45:48.937+0000] {core_li.py:23} INFO - Successfully updated job requisition 66db04abbf0a19d8769e6374
[2024-09-06T17:45:48.950+0000] {core_li.py:23} INFO - Successfully updated job requisition 66db04abbf0a19d8769e6376
[2024-09-06T17:45:48.966+0000] {core_li.py:23} INFO - Successfully updated job requisition 66db04abbf0a19d8769e6378
[2024-09-06T17:45:48.982+0000] {core_li.py:23} INFO - Successfully updated job requisition 66db04abbf0a19d8769e637a
[2024-09-06T17:45:49.000+0000] {core_li.py:23} INFO - Successfully updated job requisition 66db04abbf0a19d8769e637c
[2024-09-06T17:45:49.022+0000] {core_li.py:23} INFO - Successfully updated job requisition 66db04abbf0a19d8769e637e
[2024-09-06T17:45:49.042+0000] {core_li.py:23} INFO - Successfully updated job requisition 66db04abbf0a19d8769e6380
[2024-09-06T17:45:49.063+0000] {core_li.py:23} INFO - Successfully updated job requisition 66db04abbf0a19d8769e6382
[2024-09-06T17:45:49.096+0000] {core_li.py:23} INFO - Successfully updated job requisition 66db04abbf0a19d8769e6384
[2024-09-06T17:45:49.110+0000] {core_li.py:23} INFO - Successfully updated job requisition 66db04abbf0a19d8769e6386
[2024-09-06T17:45:49.121+0000] {core_li.py:23} INFO - Successfully updated job requisition 66db04abbf0a19d8769e6388
[2024-09-06T17:45:49.134+0000] {core_li.py:23} INFO - Successfully updated job requisition 66db04abbf0a19d8769e638a
[2024-09-06T17:45:49.143+0000] {core_li.py:23} INFO - Successfully updated job requisition 66db04abbf0a19d8769e638c
[2024-09-06T17:45:49.155+0000] {core_li.py:23} INFO - Successfully updated job requisition 66db04abbf0a19d8769e638e
[2024-09-06T17:45:49.169+0000] {core_li.py:23} INFO - Successfully updated job requisition 66db04abbf0a19d8769e6390
[2024-09-06T17:45:49.180+0000] {core_li.py:23} INFO - Successfully updated job requisition 66db04abbf0a19d8769e6392
[2024-09-06T17:45:49.189+0000] {core_li.py:23} INFO - Successfully updated job requisition 66db04abbf0a19d8769e6394
[2024-09-06T17:45:49.199+0000] {core_li.py:23} INFO - Successfully updated job requisition 66db04abbf0a19d8769e6396
[2024-09-06T17:45:49.211+0000] {core_li.py:23} INFO - Successfully updated job requisition 66db04abbf0a19d8769e6398
[2024-09-06T17:45:49.224+0000] {core_li.py:23} INFO - Successfully updated job requisition 66db04abbf0a19d8769e639a
[2024-09-06T17:45:49.237+0000] {core_li.py:23} INFO - Successfully updated job requisition 66db04abbf0a19d8769e639c
[2024-09-06T17:45:49.247+0000] {core_li.py:23} INFO - Successfully updated job requisition 66db04abbf0a19d8769e639e
[2024-09-06T17:45:49.255+0000] {core_li.py:23} INFO - Successfully updated job requisition 66db04abbf0a19d8769e63a0
[2024-09-06T17:45:49.265+0000] {core_li.py:23} INFO - Successfully updated job requisition 66db04abbf0a19d8769e63a2
[2024-09-06T17:45:49.274+0000] {core_li.py:23} INFO - Successfully updated job requisition 66db04abbf0a19d8769e63a4
[2024-09-06T17:45:49.282+0000] {core_li.py:23} INFO - Successfully updated job requisition 66db04abbf0a19d8769e63a6
[2024-09-06T17:45:49.295+0000] {core_li.py:23} INFO - Successfully updated job requisition 66db04abbf0a19d8769e63a8
[2024-09-06T17:45:49.307+0000] {core_li.py:23} INFO - Successfully updated job requisition 66db04abbf0a19d8769e63aa
[2024-09-06T17:45:49.325+0000] {core_li.py:23} INFO - Successfully updated job requisition 66db04abbf0a19d8769e63ac
[2024-09-06T17:45:49.342+0000] {core_li.py:23} INFO - Successfully updated job requisition 66db04abbf0a19d8769e63ae
[2024-09-06T17:45:49.353+0000] {core_li.py:23} INFO - Successfully updated job requisition 66db04abbf0a19d8769e63b0
[2024-09-06T17:45:49.361+0000] {core_li.py:23} INFO - Successfully updated job requisition 66db04abbf0a19d8769e63b2
[2024-09-06T17:45:49.374+0000] {core_li.py:23} INFO - Successfully updated job requisition 66db04abbf0a19d8769e63b4
[2024-09-06T17:45:49.385+0000] {core_li.py:23} INFO - Successfully updated job requisition 66db04abbf0a19d8769e63b6
[2024-09-06T17:45:49.400+0000] {core_li.py:23} INFO - Successfully updated job requisition 66db04abbf0a19d8769e63b8
[2024-09-06T17:45:49.411+0000] {core_li.py:23} INFO - Successfully updated job requisition 66db04abbf0a19d8769e63ba
[2024-09-06T17:45:49.425+0000] {core_li.py:23} INFO - Successfully updated job requisition 66db04abbf0a19d8769e63bc
[2024-09-06T17:45:49.436+0000] {core_li.py:23} INFO - Successfully updated job requisition 66db04abbf0a19d8769e63be
[2024-09-06T17:45:49.454+0000] {core_li.py:23} INFO - Successfully updated job requisition 66db04abbf0a19d8769e63c0
[2024-09-06T17:45:49.469+0000] {core_li.py:23} INFO - Successfully updated job requisition 66db04abbf0a19d8769e63c2
[2024-09-06T17:45:49.486+0000] {core_li.py:23} INFO - Successfully updated job requisition 66db04abbf0a19d8769e63c4
[2024-09-06T17:45:49.499+0000] {core_li.py:23} INFO - Successfully updated job requisition 66db04abbf0a19d8769e63c6
[2024-09-06T17:45:49.510+0000] {core_li.py:23} INFO - Successfully updated job requisition 66db04abbf0a19d8769e63c8
[2024-09-06T17:45:49.523+0000] {core_li.py:23} INFO - Successfully updated job requisition 66db04abbf0a19d8769e63ca
[2024-09-06T17:45:49.532+0000] {core_li.py:23} INFO - Successfully updated job requisition 66db04abbf0a19d8769e63cc
[2024-09-06T17:45:49.541+0000] {core_li.py:23} INFO - Successfully updated job requisition 66db04abbf0a19d8769e63ce
[2024-09-06T17:45:49.551+0000] {core_li.py:23} INFO - Successfully updated job requisition 66db04abbf0a19d8769e63d0
[2024-09-06T17:45:49.560+0000] {core_li.py:23} INFO - Successfully updated job requisition 66db04abbf0a19d8769e63d2
[2024-09-06T17:45:49.576+0000] {core_li.py:23} INFO - Successfully updated job requisition 66db04abbf0a19d8769e63d4
[2024-09-06T17:45:49.587+0000] {core_li.py:23} INFO - Successfully updated job requisition 66db04abbf0a19d8769e63d6
[2024-09-06T17:45:49.596+0000] {core_li.py:23} INFO - Successfully updated job requisition 66db04abbf0a19d8769e63d8
[2024-09-06T17:45:49.610+0000] {core_li.py:23} INFO - Successfully updated job requisition 66db04abbf0a19d8769e63da
[2024-09-06T17:45:49.627+0000] {core_li.py:23} INFO - Successfully updated job requisition 66db04abbf0a19d8769e63dc
[2024-09-06T17:45:49.639+0000] {core_li.py:23} INFO - Successfully updated job requisition 66db04abbf0a19d8769e63de
[2024-09-06T17:45:49.651+0000] {core_li.py:23} INFO - Successfully updated job requisition 66db04abbf0a19d8769e63e0
[2024-09-06T17:45:49.660+0000] {core_li.py:23} INFO - Successfully updated job requisition 66db04abbf0a19d8769e63e2
[2024-09-06T17:45:49.671+0000] {core_li.py:23} INFO - Successfully updated job requisition 66db04abbf0a19d8769e63e4
[2024-09-06T17:45:49.680+0000] {core_li.py:23} INFO - Successfully updated job requisition 66db04abbf0a19d8769e63e6
[2024-09-06T17:45:49.689+0000] {core_li.py:23} INFO - Successfully updated job requisition 66db04abbf0a19d8769e63e8
[2024-09-06T17:45:49.705+0000] {core_li.py:23} INFO - Successfully updated job requisition 66db04abbf0a19d8769e63ea
[2024-09-06T17:45:49.716+0000] {core_li.py:23} INFO - Successfully updated job requisition 66db04abbf0a19d8769e63ec
[2024-09-06T17:45:49.723+0000] {core_li.py:23} INFO - Successfully updated job requisition 66db04abbf0a19d8769e63ee
[2024-09-06T17:45:49.730+0000] {core_li.py:23} INFO - Successfully updated job requisition 66db04abbf0a19d8769e63f0
[2024-09-06T17:45:49.737+0000] {core_li.py:23} INFO - Successfully updated job requisition 66db04abbf0a19d8769e63f2
[2024-09-06T17:45:49.746+0000] {core_li.py:23} INFO - Successfully updated job requisition 66db04abbf0a19d8769e63f4
[2024-09-06T17:45:49.755+0000] {core_li.py:23} INFO - Successfully updated job requisition 66db04abbf0a19d8769e63f6
[2024-09-06T17:45:49.765+0000] {core_li.py:23} INFO - Successfully updated job requisition 66db04abbf0a19d8769e63f8
[2024-09-06T17:45:49.766+0000] {python.py:240} INFO - Done. Returned value was: 100
[2024-09-06T17:45:49.790+0000] {taskinstance.py:340} INFO - ::group::Post task execution logs
[2024-09-06T17:45:49.791+0000] {taskinstance.py:352} INFO - Marking task as SUCCESS. dag_id=async_flow, task_id=task_backfill_number_of_cancelled_candidates_in_batch, run_id=manual__2024-09-06T17:29:39.458358+00:00, map_index=10, execution_date=20240906T172939, start_date=20240906T174548, end_date=20240906T174549
[2024-09-06T17:45:49.819+0000] {local_task_job_runner.py:266} INFO - Task exited with return code 0
[2024-09-06T17:45:49.828+0000] {local_task_job_runner.py:245} INFO - ::endgroup::
