[2024-09-06T17:43:10.060+0000] {local_task_job_runner.py:123} INFO - ::group::Pre task execution logs
[2024-09-06T17:43:10.085+0000] {taskinstance.py:2612} INFO - Dependencies all met for dep_context=non-requeueable deps ti=<TaskInstance: async_flow.task_backfill_number_of_cancelled_candidates_in_batch manual__2024-09-06T17:43:02.727107+00:00 map_index=41 [queued]>
[2024-09-06T17:43:10.095+0000] {taskinstance.py:2612} INFO - Dependencies all met for dep_context=requeueable deps ti=<TaskInstance: async_flow.task_backfill_number_of_cancelled_candidates_in_batch manual__2024-09-06T17:43:02.727107+00:00 map_index=41 [queued]>
[2024-09-06T17:43:10.095+0000] {taskinstance.py:2865} INFO - Starting attempt 1 of 1
[2024-09-06T17:43:10.111+0000] {taskinstance.py:2888} INFO - Executing <Mapped(_PythonDecoratedOperator): task_backfill_number_of_cancelled_candidates_in_batch> on 2024-09-06 17:43:02.727107+00:00
[2024-09-06T17:43:10.120+0000] {warnings.py:112} WARNING - /home/***/.local/lib/python3.12/site-packages/***/task/task_runner/standard_task_runner.py:70: DeprecationWarning: This process (pid=285) is multi-threaded, use of fork() may lead to deadlocks in the child.
  pid = os.fork()

[2024-09-06T17:43:10.155+0000] {standard_task_runner.py:72} INFO - Started process 350 to run task
[2024-09-06T17:43:10.178+0000] {standard_task_runner.py:104} INFO - Running: ['***', 'tasks', 'run', 'async_flow', 'task_backfill_number_of_cancelled_candidates_in_batch', 'manual__2024-09-06T17:43:02.727107+00:00', '--job-id', '216', '--raw', '--subdir', 'DAGS_FOLDER/dags_async_flow.py', '--cfg-path', '/tmp/tmpae5s7wf9', '--map-index', '41']
[2024-09-06T17:43:10.181+0000] {standard_task_runner.py:105} INFO - Job 216: Subtask task_backfill_number_of_cancelled_candidates_in_batch
[2024-09-06T17:43:10.262+0000] {task_command.py:467} INFO - Running <TaskInstance: async_flow.task_backfill_number_of_cancelled_candidates_in_batch manual__2024-09-06T17:43:02.727107+00:00 map_index=41 [running]> on host 0817eb6c24af
[2024-09-06T17:43:10.380+0000] {taskinstance.py:3131} INFO - Exporting env vars: AIRFLOW_CTX_DAG_OWNER='***' AIRFLOW_CTX_DAG_ID='async_flow' AIRFLOW_CTX_TASK_ID='task_backfill_number_of_cancelled_candidates_in_batch' AIRFLOW_CTX_EXECUTION_DATE='2024-09-06T17:43:02.727107+00:00' AIRFLOW_CTX_TRY_NUMBER='1' AIRFLOW_CTX_DAG_RUN_ID='manual__2024-09-06T17:43:02.727107+00:00'
[2024-09-06T17:43:10.380+0000] {taskinstance.py:731} INFO - ::endgroup::
[2024-09-06T17:43:10.391+0000] {core_li.py:23} INFO - Successfully updated job requisition 66db04abbf0a19d8769e7b6a
[2024-09-06T17:43:10.400+0000] {core_li.py:23} INFO - Successfully updated job requisition 66db04abbf0a19d8769e7b6c
[2024-09-06T17:43:10.407+0000] {core_li.py:23} INFO - Successfully updated job requisition 66db04abbf0a19d8769e7b6e
[2024-09-06T17:43:10.416+0000] {core_li.py:23} INFO - Successfully updated job requisition 66db04abbf0a19d8769e7b70
[2024-09-06T17:43:10.424+0000] {core_li.py:23} INFO - Successfully updated job requisition 66db04abbf0a19d8769e7b72
[2024-09-06T17:43:10.432+0000] {core_li.py:23} INFO - Successfully updated job requisition 66db04abbf0a19d8769e7b74
[2024-09-06T17:43:10.443+0000] {core_li.py:23} INFO - Successfully updated job requisition 66db04abbf0a19d8769e7b76
[2024-09-06T17:43:10.451+0000] {core_li.py:23} INFO - Successfully updated job requisition 66db04abbf0a19d8769e7b78
[2024-09-06T17:43:10.459+0000] {core_li.py:23} INFO - Successfully updated job requisition 66db04abbf0a19d8769e7b7a
[2024-09-06T17:43:10.466+0000] {core_li.py:23} INFO - Successfully updated job requisition 66db04abbf0a19d8769e7b7c
[2024-09-06T17:43:10.479+0000] {core_li.py:23} INFO - Successfully updated job requisition 66db04abbf0a19d8769e7b7e
[2024-09-06T17:43:10.487+0000] {core_li.py:23} INFO - Successfully updated job requisition 66db04abbf0a19d8769e7b80
[2024-09-06T17:43:10.498+0000] {core_li.py:23} INFO - Successfully updated job requisition 66db04abbf0a19d8769e7b82
[2024-09-06T17:43:10.507+0000] {core_li.py:23} INFO - Successfully updated job requisition 66db04abbf0a19d8769e7b84
[2024-09-06T17:43:10.513+0000] {core_li.py:23} INFO - Successfully updated job requisition 66db04abbf0a19d8769e7b86
[2024-09-06T17:43:10.522+0000] {core_li.py:23} INFO - Successfully updated job requisition 66db04abbf0a19d8769e7b88
[2024-09-06T17:43:10.529+0000] {core_li.py:23} INFO - Successfully updated job requisition 66db04abbf0a19d8769e7b8a
[2024-09-06T17:43:10.538+0000] {core_li.py:23} INFO - Successfully updated job requisition 66db04abbf0a19d8769e7b8c
[2024-09-06T17:43:10.548+0000] {core_li.py:23} INFO - Successfully updated job requisition 66db04abbf0a19d8769e7b8e
[2024-09-06T17:43:10.557+0000] {core_li.py:23} INFO - Successfully updated job requisition 66db04abbf0a19d8769e7b90
[2024-09-06T17:43:10.565+0000] {core_li.py:23} INFO - Successfully updated job requisition 66db04abbf0a19d8769e7b92
[2024-09-06T17:43:10.575+0000] {core_li.py:23} INFO - Successfully updated job requisition 66db04abbf0a19d8769e7b94
[2024-09-06T17:43:10.586+0000] {core_li.py:23} INFO - Successfully updated job requisition 66db04abbf0a19d8769e7b96
[2024-09-06T17:43:10.598+0000] {core_li.py:23} INFO - Successfully updated job requisition 66db04abbf0a19d8769e7b98
[2024-09-06T17:43:10.605+0000] {core_li.py:23} INFO - Successfully updated job requisition 66db04abbf0a19d8769e7b9a
[2024-09-06T17:43:10.611+0000] {core_li.py:23} INFO - Successfully updated job requisition 66db04abbf0a19d8769e7b9c
[2024-09-06T17:43:10.621+0000] {core_li.py:23} INFO - Successfully updated job requisition 66db04abbf0a19d8769e7b9e
[2024-09-06T17:43:10.628+0000] {core_li.py:23} INFO - Successfully updated job requisition 66db04abbf0a19d8769e7ba0
[2024-09-06T17:43:10.635+0000] {core_li.py:23} INFO - Successfully updated job requisition 66db04abbf0a19d8769e7ba2
[2024-09-06T17:43:10.645+0000] {core_li.py:23} INFO - Successfully updated job requisition 66db04abbf0a19d8769e7ba4
[2024-09-06T17:43:10.654+0000] {core_li.py:23} INFO - Successfully updated job requisition 66db04abbf0a19d8769e7ba6
[2024-09-06T17:43:10.670+0000] {core_li.py:23} INFO - Successfully updated job requisition 66db04abbf0a19d8769e7ba8
[2024-09-06T17:43:10.682+0000] {core_li.py:23} INFO - Successfully updated job requisition 66db04abbf0a19d8769e7baa
[2024-09-06T17:43:10.690+0000] {core_li.py:23} INFO - Successfully updated job requisition 66db04abbf0a19d8769e7bac
[2024-09-06T17:43:10.696+0000] {core_li.py:23} INFO - Successfully updated job requisition 66db04abbf0a19d8769e7bae
[2024-09-06T17:43:10.703+0000] {core_li.py:23} INFO - Successfully updated job requisition 66db04abbf0a19d8769e7bb0
[2024-09-06T17:43:10.712+0000] {core_li.py:23} INFO - Successfully updated job requisition 66db04abbf0a19d8769e7bb2
[2024-09-06T17:43:10.720+0000] {core_li.py:23} INFO - Successfully updated job requisition 66db04abbf0a19d8769e7bb4
[2024-09-06T17:43:10.729+0000] {core_li.py:23} INFO - Successfully updated job requisition 66db04abbf0a19d8769e7bb6
[2024-09-06T17:43:10.736+0000] {core_li.py:23} INFO - Successfully updated job requisition 66db04abbf0a19d8769e7bb8
[2024-09-06T17:43:10.746+0000] {core_li.py:23} INFO - Successfully updated job requisition 66db04abbf0a19d8769e7bba
[2024-09-06T17:43:10.756+0000] {core_li.py:23} INFO - Successfully updated job requisition 66db04abbf0a19d8769e7bbc
[2024-09-06T17:43:10.762+0000] {core_li.py:23} INFO - Successfully updated job requisition 66db04abbf0a19d8769e7bbe
[2024-09-06T17:43:10.770+0000] {core_li.py:23} INFO - Successfully updated job requisition 66db04abbf0a19d8769e7bc0
[2024-09-06T17:43:10.778+0000] {core_li.py:23} INFO - Successfully updated job requisition 66db04abbf0a19d8769e7bc2
[2024-09-06T17:43:10.787+0000] {core_li.py:23} INFO - Successfully updated job requisition 66db04abbf0a19d8769e7bc4
[2024-09-06T17:43:10.794+0000] {core_li.py:23} INFO - Successfully updated job requisition 66db04abbf0a19d8769e7bc6
[2024-09-06T17:43:10.801+0000] {core_li.py:23} INFO - Successfully updated job requisition 66db04abbf0a19d8769e7bc8
[2024-09-06T17:43:10.810+0000] {core_li.py:23} INFO - Successfully updated job requisition 66db04abbf0a19d8769e7bca
[2024-09-06T17:43:10.821+0000] {core_li.py:23} INFO - Successfully updated job requisition 66db04abbf0a19d8769e7bcc
[2024-09-06T17:43:10.831+0000] {core_li.py:23} INFO - Successfully updated job requisition 66db04abbf0a19d8769e7bce
[2024-09-06T17:43:10.842+0000] {core_li.py:23} INFO - Successfully updated job requisition 66db04abbf0a19d8769e7bd0
[2024-09-06T17:43:10.851+0000] {core_li.py:23} INFO - Successfully updated job requisition 66db04abbf0a19d8769e7bd2
[2024-09-06T17:43:10.861+0000] {core_li.py:23} INFO - Successfully updated job requisition 66db04abbf0a19d8769e7bd4
[2024-09-06T17:43:10.868+0000] {core_li.py:23} INFO - Successfully updated job requisition 66db04abbf0a19d8769e7bd6
[2024-09-06T17:43:10.873+0000] {core_li.py:23} INFO - Successfully updated job requisition 66db04abbf0a19d8769e7bd8
[2024-09-06T17:43:10.881+0000] {core_li.py:23} INFO - Successfully updated job requisition 66db04abbf0a19d8769e7bda
[2024-09-06T17:43:10.896+0000] {core_li.py:23} INFO - Successfully updated job requisition 66db04abbf0a19d8769e7bdc
[2024-09-06T17:43:10.906+0000] {core_li.py:23} INFO - Successfully updated job requisition 66db04abbf0a19d8769e7bde
[2024-09-06T17:43:10.915+0000] {core_li.py:23} INFO - Successfully updated job requisition 66db04abbf0a19d8769e7be0
[2024-09-06T17:43:10.921+0000] {core_li.py:23} INFO - Successfully updated job requisition 66db04abbf0a19d8769e7be2
[2024-09-06T17:43:10.928+0000] {core_li.py:23} INFO - Successfully updated job requisition 66db04abbf0a19d8769e7be4
[2024-09-06T17:43:10.939+0000] {core_li.py:23} INFO - Successfully updated job requisition 66db04abbf0a19d8769e7be6
[2024-09-06T17:43:10.947+0000] {core_li.py:23} INFO - Successfully updated job requisition 66db04abbf0a19d8769e7be8
[2024-09-06T17:43:10.954+0000] {core_li.py:23} INFO - Successfully updated job requisition 66db04abbf0a19d8769e7bea
[2024-09-06T17:43:10.964+0000] {core_li.py:23} INFO - Successfully updated job requisition 66db04abbf0a19d8769e7bec
[2024-09-06T17:43:10.972+0000] {core_li.py:23} INFO - Successfully updated job requisition 66db04abbf0a19d8769e7bee
[2024-09-06T17:43:10.988+0000] {core_li.py:23} INFO - Successfully updated job requisition 66db04abbf0a19d8769e7bf0
[2024-09-06T17:43:10.995+0000] {core_li.py:23} INFO - Successfully updated job requisition 66db04abbf0a19d8769e7bf2
[2024-09-06T17:43:11.001+0000] {core_li.py:23} INFO - Successfully updated job requisition 66db04abbf0a19d8769e7bf4
[2024-09-06T17:43:11.012+0000] {core_li.py:23} INFO - Successfully updated job requisition 66db04abbf0a19d8769e7bf6
[2024-09-06T17:43:11.020+0000] {core_li.py:23} INFO - Successfully updated job requisition 66db04abbf0a19d8769e7bf8
[2024-09-06T17:43:11.028+0000] {core_li.py:23} INFO - Successfully updated job requisition 66db04abbf0a19d8769e7bfa
[2024-09-06T17:43:11.035+0000] {core_li.py:23} INFO - Successfully updated job requisition 66db04abbf0a19d8769e7bfc
[2024-09-06T17:43:11.043+0000] {core_li.py:23} INFO - Successfully updated job requisition 66db04abbf0a19d8769e7bfe
[2024-09-06T17:43:11.054+0000] {core_li.py:23} INFO - Successfully updated job requisition 66db04abbf0a19d8769e7c00
[2024-09-06T17:43:11.060+0000] {core_li.py:23} INFO - Successfully updated job requisition 66db04abbf0a19d8769e7c02
[2024-09-06T17:43:11.068+0000] {core_li.py:23} INFO - Successfully updated job requisition 66db04abbf0a19d8769e7c04
[2024-09-06T17:43:11.074+0000] {core_li.py:23} INFO - Successfully updated job requisition 66db04abbf0a19d8769e7c06
[2024-09-06T17:43:11.082+0000] {core_li.py:23} INFO - Successfully updated job requisition 66db04abbf0a19d8769e7c08
[2024-09-06T17:43:11.089+0000] {core_li.py:23} INFO - Successfully updated job requisition 66db04abbf0a19d8769e7c0a
[2024-09-06T17:43:11.097+0000] {core_li.py:23} INFO - Successfully updated job requisition 66db04abbf0a19d8769e7c0c
[2024-09-06T17:43:11.107+0000] {core_li.py:23} INFO - Successfully updated job requisition 66db04abbf0a19d8769e7c0e
[2024-09-06T17:43:11.115+0000] {core_li.py:23} INFO - Successfully updated job requisition 66db04abbf0a19d8769e7c10
[2024-09-06T17:43:11.122+0000] {core_li.py:23} INFO - Successfully updated job requisition 66db04abbf0a19d8769e7c12
[2024-09-06T17:43:11.134+0000] {core_li.py:23} INFO - Successfully updated job requisition 66db04abbf0a19d8769e7c14
[2024-09-06T17:43:11.148+0000] {core_li.py:23} INFO - Successfully updated job requisition 66db04abbf0a19d8769e7c16
[2024-09-06T17:43:11.155+0000] {core_li.py:23} INFO - Successfully updated job requisition 66db04abbf0a19d8769e7c18
[2024-09-06T17:43:11.166+0000] {core_li.py:23} INFO - Successfully updated job requisition 66db04abbf0a19d8769e7c1a
[2024-09-06T17:43:11.174+0000] {core_li.py:23} INFO - Successfully updated job requisition 66db04abbf0a19d8769e7c1c
[2024-09-06T17:43:11.184+0000] {core_li.py:23} INFO - Successfully updated job requisition 66db04abbf0a19d8769e7c1e
[2024-09-06T17:43:11.195+0000] {core_li.py:23} INFO - Successfully updated job requisition 66db04abbf0a19d8769e7c20
[2024-09-06T17:43:11.203+0000] {core_li.py:23} INFO - Successfully updated job requisition 66db04abbf0a19d8769e7c22
[2024-09-06T17:43:11.215+0000] {core_li.py:23} INFO - Successfully updated job requisition 66db04abbf0a19d8769e7c24
[2024-09-06T17:43:11.222+0000] {core_li.py:23} INFO - Successfully updated job requisition 66db04abbf0a19d8769e7c26
[2024-09-06T17:43:11.233+0000] {core_li.py:23} INFO - Successfully updated job requisition 66db04abbf0a19d8769e7c28
[2024-09-06T17:43:11.240+0000] {core_li.py:23} INFO - Successfully updated job requisition 66db04abbf0a19d8769e7c2a
[2024-09-06T17:43:11.247+0000] {core_li.py:23} INFO - Successfully updated job requisition 66db04abbf0a19d8769e7c2c
[2024-09-06T17:43:11.253+0000] {core_li.py:23} INFO - Successfully updated job requisition 66db04abbf0a19d8769e7c2e
[2024-09-06T17:43:11.259+0000] {core_li.py:23} INFO - Successfully updated job requisition 66db04abbf0a19d8769e7c30
[2024-09-06T17:43:11.260+0000] {python.py:240} INFO - Done. Returned value was: 100
[2024-09-06T17:43:11.284+0000] {taskinstance.py:340} INFO - ::group::Post task execution logs
[2024-09-06T17:43:11.284+0000] {taskinstance.py:352} INFO - Marking task as SUCCESS. dag_id=async_flow, task_id=task_backfill_number_of_cancelled_candidates_in_batch, run_id=manual__2024-09-06T17:43:02.727107+00:00, map_index=41, execution_date=20240906T174302, start_date=20240906T174310, end_date=20240906T174311
[2024-09-06T17:43:11.326+0000] {local_task_job_runner.py:266} INFO - Task exited with return code 0
[2024-09-06T17:43:11.342+0000] {taskinstance.py:3900} INFO - 0 downstream tasks scheduled from follow-on schedule check
[2024-09-06T17:43:11.343+0000] {local_task_job_runner.py:245} INFO - ::endgroup::
