[2024-09-06T17:47:34.762+0000] {local_task_job_runner.py:123} INFO - ::group::Pre task execution logs
[2024-09-06T17:47:34.812+0000] {taskinstance.py:2612} INFO - Dependencies all met for dep_context=non-requeueable deps ti=<TaskInstance: async_flow.task_backfill_number_of_cancelled_candidates_in_batch manual__2024-09-06T17:47:30.120511+00:00 map_index=22 [queued]>
[2024-09-06T17:47:34.837+0000] {taskinstance.py:2612} INFO - Dependencies all met for dep_context=requeueable deps ti=<TaskInstance: async_flow.task_backfill_number_of_cancelled_candidates_in_batch manual__2024-09-06T17:47:30.120511+00:00 map_index=22 [queued]>
[2024-09-06T17:47:34.838+0000] {taskinstance.py:2865} INFO - Starting attempt 1 of 1
[2024-09-06T17:47:34.883+0000] {taskinstance.py:2888} INFO - Executing <Mapped(_PythonDecoratedOperator): task_backfill_number_of_cancelled_candidates_in_batch> on 2024-09-06 17:47:30.120511+00:00
[2024-09-06T17:47:34.886+0000] {warnings.py:112} WARNING - /home/***/.local/lib/python3.12/site-packages/***/task/task_runner/standard_task_runner.py:70: DeprecationWarning: This process (pid=1146) is multi-threaded, use of fork() may lead to deadlocks in the child.
  pid = os.fork()

[2024-09-06T17:47:34.894+0000] {standard_task_runner.py:72} INFO - Started process 1209 to run task
[2024-09-06T17:47:34.893+0000] {standard_task_runner.py:104} INFO - Running: ['***', 'tasks', 'run', 'async_flow', 'task_backfill_number_of_cancelled_candidates_in_batch', 'manual__2024-09-06T17:47:30.120511+00:00', '--job-id', '346', '--raw', '--subdir', 'DAGS_FOLDER/dags_async_flow.py', '--cfg-path', '/tmp/tmpdkim06fs', '--map-index', '22']
[2024-09-06T17:47:34.898+0000] {standard_task_runner.py:105} INFO - Job 346: Subtask task_backfill_number_of_cancelled_candidates_in_batch
[2024-09-06T17:47:34.984+0000] {task_command.py:467} INFO - Running <TaskInstance: async_flow.task_backfill_number_of_cancelled_candidates_in_batch manual__2024-09-06T17:47:30.120511+00:00 map_index=22 [running]> on host 0817eb6c24af
[2024-09-06T17:47:35.166+0000] {taskinstance.py:3131} INFO - Exporting env vars: AIRFLOW_CTX_DAG_OWNER='***' AIRFLOW_CTX_DAG_ID='async_flow' AIRFLOW_CTX_TASK_ID='task_backfill_number_of_cancelled_candidates_in_batch' AIRFLOW_CTX_EXECUTION_DATE='2024-09-06T17:47:30.120511+00:00' AIRFLOW_CTX_TRY_NUMBER='1' AIRFLOW_CTX_DAG_RUN_ID='manual__2024-09-06T17:47:30.120511+00:00'
[2024-09-06T17:47:35.169+0000] {taskinstance.py:731} INFO - ::endgroup::
[2024-09-06T17:47:35.197+0000] {core_li.py:23} INFO - Successfully updated job requisition 66db04abbf0a19d8769e7912
[2024-09-06T17:47:35.227+0000] {core_li.py:23} INFO - Successfully updated job requisition 66db04abbf0a19d8769e7914
[2024-09-06T17:47:35.236+0000] {core_li.py:23} INFO - Successfully updated job requisition 66db04abbf0a19d8769e7916
[2024-09-06T17:47:35.243+0000] {core_li.py:23} INFO - Successfully updated job requisition 66db04abbf0a19d8769e7918
[2024-09-06T17:47:35.258+0000] {core_li.py:23} INFO - Successfully updated job requisition 66db04abbf0a19d8769e791a
[2024-09-06T17:47:35.284+0000] {core_li.py:23} INFO - Successfully updated job requisition 66db04abbf0a19d8769e791c
[2024-09-06T17:47:35.293+0000] {core_li.py:23} INFO - Successfully updated job requisition 66db04abbf0a19d8769e791e
[2024-09-06T17:47:35.304+0000] {core_li.py:23} INFO - Successfully updated job requisition 66db04abbf0a19d8769e7920
[2024-09-06T17:47:35.335+0000] {core_li.py:23} INFO - Successfully updated job requisition 66db04abbf0a19d8769e7922
[2024-09-06T17:47:35.358+0000] {core_li.py:23} INFO - Successfully updated job requisition 66db04abbf0a19d8769e7924
[2024-09-06T17:47:35.377+0000] {core_li.py:23} INFO - Successfully updated job requisition 66db04abbf0a19d8769e7926
[2024-09-06T17:47:35.389+0000] {core_li.py:23} INFO - Successfully updated job requisition 66db04abbf0a19d8769e7928
[2024-09-06T17:47:35.400+0000] {core_li.py:23} INFO - Successfully updated job requisition 66db04abbf0a19d8769e792a
[2024-09-06T17:47:35.419+0000] {core_li.py:23} INFO - Successfully updated job requisition 66db04abbf0a19d8769e792c
[2024-09-06T17:47:35.431+0000] {core_li.py:23} INFO - Successfully updated job requisition 66db04abbf0a19d8769e792e
[2024-09-06T17:47:35.449+0000] {core_li.py:23} INFO - Successfully updated job requisition 66db04abbf0a19d8769e7930
[2024-09-06T17:47:35.470+0000] {core_li.py:23} INFO - Successfully updated job requisition 66db04abbf0a19d8769e7932
[2024-09-06T17:47:35.479+0000] {core_li.py:23} INFO - Successfully updated job requisition 66db04abbf0a19d8769e7934
[2024-09-06T17:47:35.498+0000] {core_li.py:23} INFO - Successfully updated job requisition 66db04abbf0a19d8769e7936
[2024-09-06T17:47:35.509+0000] {core_li.py:23} INFO - Successfully updated job requisition 66db04abbf0a19d8769e7938
[2024-09-06T17:47:35.522+0000] {core_li.py:23} INFO - Successfully updated job requisition 66db04abbf0a19d8769e793a
[2024-09-06T17:47:35.534+0000] {core_li.py:23} INFO - Successfully updated job requisition 66db04abbf0a19d8769e793c
[2024-09-06T17:47:35.546+0000] {core_li.py:23} INFO - Successfully updated job requisition 66db04abbf0a19d8769e793e
[2024-09-06T17:47:35.561+0000] {core_li.py:23} INFO - Successfully updated job requisition 66db04abbf0a19d8769e7940
[2024-09-06T17:47:35.572+0000] {core_li.py:23} INFO - Successfully updated job requisition 66db04abbf0a19d8769e7942
[2024-09-06T17:47:35.582+0000] {core_li.py:23} INFO - Successfully updated job requisition 66db04abbf0a19d8769e7944
[2024-09-06T17:47:35.591+0000] {core_li.py:23} INFO - Successfully updated job requisition 66db04abbf0a19d8769e7946
[2024-09-06T17:47:35.600+0000] {core_li.py:23} INFO - Successfully updated job requisition 66db04abbf0a19d8769e7948
[2024-09-06T17:47:35.613+0000] {core_li.py:23} INFO - Successfully updated job requisition 66db04abbf0a19d8769e794a
[2024-09-06T17:47:35.623+0000] {core_li.py:23} INFO - Successfully updated job requisition 66db04abbf0a19d8769e794c
[2024-09-06T17:47:35.632+0000] {core_li.py:23} INFO - Successfully updated job requisition 66db04abbf0a19d8769e794e
[2024-09-06T17:47:35.642+0000] {core_li.py:23} INFO - Successfully updated job requisition 66db04abbf0a19d8769e7950
[2024-09-06T17:47:35.652+0000] {core_li.py:23} INFO - Successfully updated job requisition 66db04abbf0a19d8769e7952
[2024-09-06T17:47:35.668+0000] {core_li.py:23} INFO - Successfully updated job requisition 66db04abbf0a19d8769e7954
[2024-09-06T17:47:35.681+0000] {core_li.py:23} INFO - Successfully updated job requisition 66db04abbf0a19d8769e7956
[2024-09-06T17:47:35.693+0000] {core_li.py:23} INFO - Successfully updated job requisition 66db04abbf0a19d8769e7958
[2024-09-06T17:47:35.704+0000] {core_li.py:23} INFO - Successfully updated job requisition 66db04abbf0a19d8769e795a
[2024-09-06T17:47:35.717+0000] {core_li.py:23} INFO - Successfully updated job requisition 66db04abbf0a19d8769e795c
[2024-09-06T17:47:35.736+0000] {core_li.py:23} INFO - Successfully updated job requisition 66db04abbf0a19d8769e795e
[2024-09-06T17:47:35.747+0000] {core_li.py:23} INFO - Successfully updated job requisition 66db04abbf0a19d8769e7960
[2024-09-06T17:47:35.758+0000] {core_li.py:23} INFO - Successfully updated job requisition 66db04abbf0a19d8769e7962
[2024-09-06T17:47:35.765+0000] {core_li.py:23} INFO - Successfully updated job requisition 66db04abbf0a19d8769e7964
[2024-09-06T17:47:35.772+0000] {core_li.py:23} INFO - Successfully updated job requisition 66db04abbf0a19d8769e7966
[2024-09-06T17:47:35.781+0000] {core_li.py:23} INFO - Successfully updated job requisition 66db04abbf0a19d8769e7968
[2024-09-06T17:47:35.791+0000] {core_li.py:23} INFO - Successfully updated job requisition 66db04abbf0a19d8769e796a
[2024-09-06T17:47:35.800+0000] {core_li.py:23} INFO - Successfully updated job requisition 66db04abbf0a19d8769e796c
[2024-09-06T17:47:35.814+0000] {core_li.py:23} INFO - Successfully updated job requisition 66db04abbf0a19d8769e796e
[2024-09-06T17:47:35.827+0000] {core_li.py:23} INFO - Successfully updated job requisition 66db04abbf0a19d8769e7970
[2024-09-06T17:47:35.834+0000] {core_li.py:23} INFO - Successfully updated job requisition 66db04abbf0a19d8769e7972
[2024-09-06T17:47:35.842+0000] {core_li.py:23} INFO - Successfully updated job requisition 66db04abbf0a19d8769e7974
[2024-09-06T17:47:35.857+0000] {core_li.py:23} INFO - Successfully updated job requisition 66db04abbf0a19d8769e7976
[2024-09-06T17:47:35.865+0000] {core_li.py:23} INFO - Successfully updated job requisition 66db04abbf0a19d8769e7978
[2024-09-06T17:47:35.880+0000] {core_li.py:23} INFO - Successfully updated job requisition 66db04abbf0a19d8769e797a
[2024-09-06T17:47:35.891+0000] {core_li.py:23} INFO - Successfully updated job requisition 66db04abbf0a19d8769e797c
[2024-09-06T17:47:35.900+0000] {core_li.py:23} INFO - Successfully updated job requisition 66db04abbf0a19d8769e797e
[2024-09-06T17:47:35.911+0000] {core_li.py:23} INFO - Successfully updated job requisition 66db04abbf0a19d8769e7980
[2024-09-06T17:47:35.923+0000] {core_li.py:23} INFO - Successfully updated job requisition 66db04abbf0a19d8769e7982
[2024-09-06T17:47:35.934+0000] {core_li.py:23} INFO - Successfully updated job requisition 66db04abbf0a19d8769e7984
[2024-09-06T17:47:35.947+0000] {core_li.py:23} INFO - Successfully updated job requisition 66db04abbf0a19d8769e7986
[2024-09-06T17:47:35.960+0000] {core_li.py:23} INFO - Successfully updated job requisition 66db04abbf0a19d8769e7988
[2024-09-06T17:47:35.973+0000] {core_li.py:23} INFO - Successfully updated job requisition 66db04abbf0a19d8769e798a
[2024-09-06T17:47:35.982+0000] {core_li.py:23} INFO - Successfully updated job requisition 66db04abbf0a19d8769e798c
[2024-09-06T17:47:35.993+0000] {core_li.py:23} INFO - Successfully updated job requisition 66db04abbf0a19d8769e798e
[2024-09-06T17:47:36.006+0000] {core_li.py:23} INFO - Successfully updated job requisition 66db04abbf0a19d8769e7990
[2024-09-06T17:47:36.019+0000] {core_li.py:23} INFO - Successfully updated job requisition 66db04abbf0a19d8769e7992
[2024-09-06T17:47:36.030+0000] {core_li.py:23} INFO - Successfully updated job requisition 66db04abbf0a19d8769e7994
[2024-09-06T17:47:36.037+0000] {core_li.py:23} INFO - Successfully updated job requisition 66db04abbf0a19d8769e7996
[2024-09-06T17:47:36.047+0000] {core_li.py:23} INFO - Successfully updated job requisition 66db04abbf0a19d8769e7998
[2024-09-06T17:47:36.056+0000] {core_li.py:23} INFO - Successfully updated job requisition 66db04abbf0a19d8769e799a
[2024-09-06T17:47:36.063+0000] {core_li.py:23} INFO - Successfully updated job requisition 66db04abbf0a19d8769e799c
[2024-09-06T17:47:36.074+0000] {core_li.py:23} INFO - Successfully updated job requisition 66db04abbf0a19d8769e799e
[2024-09-06T17:47:36.085+0000] {core_li.py:23} INFO - Successfully updated job requisition 66db04abbf0a19d8769e79a0
[2024-09-06T17:47:36.092+0000] {core_li.py:23} INFO - Successfully updated job requisition 66db04abbf0a19d8769e79a2
[2024-09-06T17:47:36.103+0000] {core_li.py:23} INFO - Successfully updated job requisition 66db04abbf0a19d8769e79a4
[2024-09-06T17:47:36.112+0000] {core_li.py:23} INFO - Successfully updated job requisition 66db04abbf0a19d8769e79a6
[2024-09-06T17:47:36.121+0000] {core_li.py:23} INFO - Successfully updated job requisition 66db04abbf0a19d8769e79a8
[2024-09-06T17:47:36.129+0000] {core_li.py:23} INFO - Successfully updated job requisition 66db04abbf0a19d8769e79aa
[2024-09-06T17:47:36.138+0000] {core_li.py:23} INFO - Successfully updated job requisition 66db04abbf0a19d8769e79ac
[2024-09-06T17:47:36.149+0000] {core_li.py:23} INFO - Successfully updated job requisition 66db04abbf0a19d8769e79ae
[2024-09-06T17:47:36.168+0000] {core_li.py:23} INFO - Successfully updated job requisition 66db04abbf0a19d8769e79b0
[2024-09-06T17:47:36.195+0000] {core_li.py:23} INFO - Successfully updated job requisition 66db04abbf0a19d8769e79b2
[2024-09-06T17:47:36.219+0000] {core_li.py:23} INFO - Successfully updated job requisition 66db04abbf0a19d8769e79b4
[2024-09-06T17:47:36.242+0000] {core_li.py:23} INFO - Successfully updated job requisition 66db04abbf0a19d8769e79b6
[2024-09-06T17:47:36.257+0000] {core_li.py:23} INFO - Successfully updated job requisition 66db04abbf0a19d8769e79b8
[2024-09-06T17:47:36.275+0000] {core_li.py:23} INFO - Successfully updated job requisition 66db04abbf0a19d8769e79ba
[2024-09-06T17:47:36.292+0000] {core_li.py:23} INFO - Successfully updated job requisition 66db04abbf0a19d8769e79bc
[2024-09-06T17:47:36.302+0000] {core_li.py:23} INFO - Successfully updated job requisition 66db04abbf0a19d8769e79be
[2024-09-06T17:47:36.315+0000] {core_li.py:23} INFO - Successfully updated job requisition 66db04abbf0a19d8769e79c0
[2024-09-06T17:47:36.327+0000] {core_li.py:23} INFO - Successfully updated job requisition 66db04abbf0a19d8769e79c2
[2024-09-06T17:47:36.338+0000] {core_li.py:23} INFO - Successfully updated job requisition 66db04abbf0a19d8769e79c4
[2024-09-06T17:47:36.348+0000] {core_li.py:23} INFO - Successfully updated job requisition 66db04abbf0a19d8769e79c6
[2024-09-06T17:47:36.358+0000] {core_li.py:23} INFO - Successfully updated job requisition 66db04abbf0a19d8769e79c8
[2024-09-06T17:47:36.382+0000] {core_li.py:23} INFO - Successfully updated job requisition 66db04abbf0a19d8769e79ca
[2024-09-06T17:47:36.401+0000] {core_li.py:23} INFO - Successfully updated job requisition 66db04abbf0a19d8769e79cc
[2024-09-06T17:47:36.409+0000] {core_li.py:23} INFO - Successfully updated job requisition 66db04abbf0a19d8769e79ce
[2024-09-06T17:47:36.421+0000] {core_li.py:23} INFO - Successfully updated job requisition 66db04abbf0a19d8769e79d0
[2024-09-06T17:47:36.430+0000] {core_li.py:23} INFO - Successfully updated job requisition 66db04abbf0a19d8769e79d2
[2024-09-06T17:47:36.440+0000] {core_li.py:23} INFO - Successfully updated job requisition 66db04abbf0a19d8769e79d4
[2024-09-06T17:47:36.451+0000] {core_li.py:23} INFO - Successfully updated job requisition 66db04abbf0a19d8769e79d6
[2024-09-06T17:47:36.465+0000] {core_li.py:23} INFO - Successfully updated job requisition 66db04abbf0a19d8769e79d8
[2024-09-06T17:47:36.470+0000] {python.py:240} INFO - Done. Returned value was: 100
[2024-09-06T17:47:36.495+0000] {taskinstance.py:340} INFO - ::group::Post task execution logs
[2024-09-06T17:47:36.496+0000] {taskinstance.py:352} INFO - Marking task as SUCCESS. dag_id=async_flow, task_id=task_backfill_number_of_cancelled_candidates_in_batch, run_id=manual__2024-09-06T17:47:30.120511+00:00, map_index=22, execution_date=20240906T174730, start_date=20240906T174734, end_date=20240906T174736
[2024-09-06T17:47:36.518+0000] {local_task_job_runner.py:266} INFO - Task exited with return code 0
[2024-09-06T17:47:36.544+0000] {taskinstance.py:3900} INFO - 0 downstream tasks scheduled from follow-on schedule check
[2024-09-06T17:47:36.546+0000] {local_task_job_runner.py:245} INFO - ::endgroup::
