[2024-09-06T17:29:48.215+0000] {local_task_job_runner.py:123} INFO - ::group::Pre task execution logs
[2024-09-06T17:29:48.235+0000] {taskinstance.py:2612} INFO - Dependencies all met for dep_context=non-requeueable deps ti=<TaskInstance: async_flow.task_backfill_number_of_cancelled_candidates_in_batch manual__2024-09-06T17:29:39.458358+00:00 map_index=41 [queued]>
[2024-09-06T17:29:48.247+0000] {taskinstance.py:2612} INFO - Dependencies all met for dep_context=requeueable deps ti=<TaskInstance: async_flow.task_backfill_number_of_cancelled_candidates_in_batch manual__2024-09-06T17:29:39.458358+00:00 map_index=41 [queued]>
[2024-09-06T17:29:48.249+0000] {taskinstance.py:2865} INFO - Starting attempt 1 of 1
[2024-09-06T17:29:48.261+0000] {taskinstance.py:2888} INFO - Executing <Mapped(_PythonDecoratedOperator): task_backfill_number_of_cancelled_candidates_in_batch> on 2024-09-06 17:29:39.458358+00:00
[2024-09-06T17:29:48.265+0000] {warnings.py:112} WARNING - /home/***/.local/lib/python3.12/site-packages/***/task/task_runner/standard_task_runner.py:70: DeprecationWarning: This process (pid=3328) is multi-threaded, use of fork() may lead to deadlocks in the child.
  pid = os.fork()

[2024-09-06T17:29:48.268+0000] {standard_task_runner.py:72} INFO - Started process 3405 to run task
[2024-09-06T17:29:48.270+0000] {standard_task_runner.py:104} INFO - Running: ['***', 'tasks', 'run', 'async_flow', 'task_backfill_number_of_cancelled_candidates_in_batch', 'manual__2024-09-06T17:29:39.458358+00:00', '--job-id', '167', '--raw', '--subdir', 'DAGS_FOLDER/dags_async_flow.py', '--cfg-path', '/tmp/tmp18s9_aui', '--map-index', '41']
[2024-09-06T17:29:48.273+0000] {standard_task_runner.py:105} INFO - Job 167: Subtask task_backfill_number_of_cancelled_candidates_in_batch
[2024-09-06T17:29:48.350+0000] {task_command.py:467} INFO - Running <TaskInstance: async_flow.task_backfill_number_of_cancelled_candidates_in_batch manual__2024-09-06T17:29:39.458358+00:00 map_index=41 [running]> on host a3a5f1897683
[2024-09-06T17:29:48.436+0000] {taskinstance.py:3131} INFO - Exporting env vars: AIRFLOW_CTX_DAG_OWNER='***' AIRFLOW_CTX_DAG_ID='async_flow' AIRFLOW_CTX_TASK_ID='task_backfill_number_of_cancelled_candidates_in_batch' AIRFLOW_CTX_EXECUTION_DATE='2024-09-06T17:29:39.458358+00:00' AIRFLOW_CTX_TRY_NUMBER='1' AIRFLOW_CTX_DAG_RUN_ID='manual__2024-09-06T17:29:39.458358+00:00'
[2024-09-06T17:29:48.438+0000] {taskinstance.py:731} INFO - ::endgroup::
[2024-09-06T17:29:48.455+0000] {core_li.py:23} INFO - Successfully updated job requisition 66db04abbf0a19d8769e6bca
[2024-09-06T17:29:48.464+0000] {core_li.py:23} INFO - Successfully updated job requisition 66db04abbf0a19d8769e6bcc
[2024-09-06T17:29:48.474+0000] {core_li.py:23} INFO - Successfully updated job requisition 66db04abbf0a19d8769e6bce
[2024-09-06T17:29:48.483+0000] {core_li.py:23} INFO - Successfully updated job requisition 66db04abbf0a19d8769e6bd0
[2024-09-06T17:29:48.495+0000] {core_li.py:23} INFO - Successfully updated job requisition 66db04abbf0a19d8769e6bd2
[2024-09-06T17:29:48.505+0000] {core_li.py:23} INFO - Successfully updated job requisition 66db04abbf0a19d8769e6bd4
[2024-09-06T17:29:48.516+0000] {core_li.py:23} INFO - Successfully updated job requisition 66db04abbf0a19d8769e6bd6
[2024-09-06T17:29:48.530+0000] {core_li.py:23} INFO - Successfully updated job requisition 66db04abbf0a19d8769e6bd8
[2024-09-06T17:29:48.547+0000] {core_li.py:23} INFO - Successfully updated job requisition 66db04abbf0a19d8769e6bda
[2024-09-06T17:29:48.563+0000] {core_li.py:23} INFO - Successfully updated job requisition 66db04abbf0a19d8769e6bdc
[2024-09-06T17:29:48.582+0000] {core_li.py:23} INFO - Successfully updated job requisition 66db04abbf0a19d8769e6bde
[2024-09-06T17:29:48.597+0000] {core_li.py:23} INFO - Successfully updated job requisition 66db04abbf0a19d8769e6be0
[2024-09-06T17:29:48.649+0000] {core_li.py:23} INFO - Successfully updated job requisition 66db04abbf0a19d8769e6be2
[2024-09-06T17:29:48.664+0000] {core_li.py:23} INFO - Successfully updated job requisition 66db04abbf0a19d8769e6be4
[2024-09-06T17:29:48.689+0000] {core_li.py:23} INFO - Successfully updated job requisition 66db04abbf0a19d8769e6be6
[2024-09-06T17:29:48.701+0000] {core_li.py:23} INFO - Successfully updated job requisition 66db04abbf0a19d8769e6be8
[2024-09-06T17:29:48.710+0000] {core_li.py:23} INFO - Successfully updated job requisition 66db04abbf0a19d8769e6bea
[2024-09-06T17:29:48.719+0000] {core_li.py:23} INFO - Successfully updated job requisition 66db04abbf0a19d8769e6bec
[2024-09-06T17:29:48.730+0000] {core_li.py:23} INFO - Successfully updated job requisition 66db04abbf0a19d8769e6bee
[2024-09-06T17:29:48.742+0000] {core_li.py:23} INFO - Successfully updated job requisition 66db04abbf0a19d8769e6bf0
[2024-09-06T17:29:48.752+0000] {core_li.py:23} INFO - Successfully updated job requisition 66db04abbf0a19d8769e6bf2
[2024-09-06T17:29:48.763+0000] {core_li.py:23} INFO - Successfully updated job requisition 66db04abbf0a19d8769e6bf4
[2024-09-06T17:29:48.774+0000] {core_li.py:23} INFO - Successfully updated job requisition 66db04abbf0a19d8769e6bf6
[2024-09-06T17:29:48.782+0000] {core_li.py:23} INFO - Successfully updated job requisition 66db04abbf0a19d8769e6bf8
[2024-09-06T17:29:48.791+0000] {core_li.py:23} INFO - Successfully updated job requisition 66db04abbf0a19d8769e6bfa
[2024-09-06T17:29:48.797+0000] {core_li.py:23} INFO - Successfully updated job requisition 66db04abbf0a19d8769e6bfc
[2024-09-06T17:29:48.805+0000] {core_li.py:23} INFO - Successfully updated job requisition 66db04abbf0a19d8769e6bfe
[2024-09-06T17:29:48.816+0000] {core_li.py:23} INFO - Successfully updated job requisition 66db04abbf0a19d8769e6c00
[2024-09-06T17:29:48.823+0000] {core_li.py:23} INFO - Successfully updated job requisition 66db04abbf0a19d8769e6c02
[2024-09-06T17:29:48.833+0000] {core_li.py:23} INFO - Successfully updated job requisition 66db04abbf0a19d8769e6c04
[2024-09-06T17:29:48.840+0000] {core_li.py:23} INFO - Successfully updated job requisition 66db04abbf0a19d8769e6c06
[2024-09-06T17:29:48.847+0000] {core_li.py:23} INFO - Successfully updated job requisition 66db04abbf0a19d8769e6c08
[2024-09-06T17:29:48.853+0000] {core_li.py:23} INFO - Successfully updated job requisition 66db04abbf0a19d8769e6c0a
[2024-09-06T17:29:48.863+0000] {core_li.py:23} INFO - Successfully updated job requisition 66db04abbf0a19d8769e6c0c
[2024-09-06T17:29:48.871+0000] {core_li.py:23} INFO - Successfully updated job requisition 66db04abbf0a19d8769e6c0e
[2024-09-06T17:29:48.880+0000] {core_li.py:23} INFO - Successfully updated job requisition 66db04abbf0a19d8769e6c10
[2024-09-06T17:29:48.889+0000] {core_li.py:23} INFO - Successfully updated job requisition 66db04abbf0a19d8769e6c12
[2024-09-06T17:29:48.898+0000] {core_li.py:23} INFO - Successfully updated job requisition 66db04abbf0a19d8769e6c14
[2024-09-06T17:29:48.904+0000] {core_li.py:23} INFO - Successfully updated job requisition 66db04abbf0a19d8769e6c16
[2024-09-06T17:29:48.914+0000] {core_li.py:23} INFO - Successfully updated job requisition 66db04abbf0a19d8769e6c18
[2024-09-06T17:29:48.923+0000] {core_li.py:23} INFO - Successfully updated job requisition 66db04abbf0a19d8769e6c1a
[2024-09-06T17:29:48.934+0000] {core_li.py:23} INFO - Successfully updated job requisition 66db04abbf0a19d8769e6c1c
[2024-09-06T17:29:48.942+0000] {core_li.py:23} INFO - Successfully updated job requisition 66db04abbf0a19d8769e6c1e
[2024-09-06T17:29:48.951+0000] {core_li.py:23} INFO - Successfully updated job requisition 66db04abbf0a19d8769e6c20
[2024-09-06T17:29:48.959+0000] {core_li.py:23} INFO - Successfully updated job requisition 66db04abbf0a19d8769e6c22
[2024-09-06T17:29:48.967+0000] {core_li.py:23} INFO - Successfully updated job requisition 66db04abbf0a19d8769e6c24
[2024-09-06T17:29:48.976+0000] {core_li.py:23} INFO - Successfully updated job requisition 66db04abbf0a19d8769e6c26
[2024-09-06T17:29:48.986+0000] {core_li.py:23} INFO - Successfully updated job requisition 66db04abbf0a19d8769e6c28
[2024-09-06T17:29:48.995+0000] {core_li.py:23} INFO - Successfully updated job requisition 66db04abbf0a19d8769e6c2a
[2024-09-06T17:29:49.004+0000] {core_li.py:23} INFO - Successfully updated job requisition 66db04abbf0a19d8769e6c2c
[2024-09-06T17:29:49.012+0000] {core_li.py:23} INFO - Successfully updated job requisition 66db04abbf0a19d8769e6c2e
[2024-09-06T17:29:49.020+0000] {core_li.py:23} INFO - Successfully updated job requisition 66db04abbf0a19d8769e6c30
[2024-09-06T17:29:49.030+0000] {core_li.py:23} INFO - Successfully updated job requisition 66db04abbf0a19d8769e6c32
[2024-09-06T17:29:49.037+0000] {core_li.py:23} INFO - Successfully updated job requisition 66db04abbf0a19d8769e6c34
[2024-09-06T17:29:49.055+0000] {core_li.py:23} INFO - Successfully updated job requisition 66db04abbf0a19d8769e6c36
[2024-09-06T17:29:49.063+0000] {core_li.py:23} INFO - Successfully updated job requisition 66db04abbf0a19d8769e6c38
[2024-09-06T17:29:49.071+0000] {core_li.py:23} INFO - Successfully updated job requisition 66db04abbf0a19d8769e6c3a
[2024-09-06T17:29:49.076+0000] {core_li.py:23} INFO - Successfully updated job requisition 66db04abbf0a19d8769e6c3c
[2024-09-06T17:29:49.084+0000] {core_li.py:23} INFO - Successfully updated job requisition 66db04abbf0a19d8769e6c3e
[2024-09-06T17:29:49.091+0000] {core_li.py:23} INFO - Successfully updated job requisition 66db04abbf0a19d8769e6c40
[2024-09-06T17:29:49.098+0000] {core_li.py:23} INFO - Successfully updated job requisition 66db04abbf0a19d8769e6c42
[2024-09-06T17:29:49.106+0000] {core_li.py:23} INFO - Successfully updated job requisition 66db04abbf0a19d8769e6c44
[2024-09-06T17:29:49.114+0000] {core_li.py:23} INFO - Successfully updated job requisition 66db04abbf0a19d8769e6c46
[2024-09-06T17:29:49.124+0000] {core_li.py:23} INFO - Successfully updated job requisition 66db04abbf0a19d8769e6c48
[2024-09-06T17:29:49.132+0000] {core_li.py:23} INFO - Successfully updated job requisition 66db04abbf0a19d8769e6c4a
[2024-09-06T17:29:49.143+0000] {core_li.py:23} INFO - Successfully updated job requisition 66db04abbf0a19d8769e6c4c
[2024-09-06T17:29:49.151+0000] {core_li.py:23} INFO - Successfully updated job requisition 66db04abbf0a19d8769e6c4e
[2024-09-06T17:29:49.158+0000] {core_li.py:23} INFO - Successfully updated job requisition 66db04abbf0a19d8769e6c50
[2024-09-06T17:29:49.165+0000] {core_li.py:23} INFO - Successfully updated job requisition 66db04abbf0a19d8769e6c52
[2024-09-06T17:29:49.171+0000] {core_li.py:23} INFO - Successfully updated job requisition 66db04abbf0a19d8769e6c54
[2024-09-06T17:29:49.178+0000] {core_li.py:23} INFO - Successfully updated job requisition 66db04abbf0a19d8769e6c56
[2024-09-06T17:29:49.185+0000] {core_li.py:23} INFO - Successfully updated job requisition 66db04abbf0a19d8769e6c58
[2024-09-06T17:29:49.193+0000] {core_li.py:23} INFO - Successfully updated job requisition 66db04abbf0a19d8769e6c5a
[2024-09-06T17:29:49.204+0000] {core_li.py:23} INFO - Successfully updated job requisition 66db04abbf0a19d8769e6c5c
[2024-09-06T17:29:49.211+0000] {core_li.py:23} INFO - Successfully updated job requisition 66db04abbf0a19d8769e6c5e
[2024-09-06T17:29:49.223+0000] {core_li.py:23} INFO - Successfully updated job requisition 66db04abbf0a19d8769e6c60
[2024-09-06T17:29:49.233+0000] {core_li.py:23} INFO - Successfully updated job requisition 66db04abbf0a19d8769e6c62
[2024-09-06T17:29:49.242+0000] {core_li.py:23} INFO - Successfully updated job requisition 66db04abbf0a19d8769e6c64
[2024-09-06T17:29:49.253+0000] {core_li.py:23} INFO - Successfully updated job requisition 66db04abbf0a19d8769e6c66
[2024-09-06T17:29:49.260+0000] {core_li.py:23} INFO - Successfully updated job requisition 66db04abbf0a19d8769e6c68
[2024-09-06T17:29:49.269+0000] {core_li.py:23} INFO - Successfully updated job requisition 66db04abbf0a19d8769e6c6a
[2024-09-06T17:29:49.282+0000] {core_li.py:23} INFO - Successfully updated job requisition 66db04abbf0a19d8769e6c6c
[2024-09-06T17:29:49.292+0000] {core_li.py:23} INFO - Successfully updated job requisition 66db04abbf0a19d8769e6c6e
[2024-09-06T17:29:49.303+0000] {core_li.py:23} INFO - Successfully updated job requisition 66db04abbf0a19d8769e6c70
[2024-09-06T17:29:49.311+0000] {core_li.py:23} INFO - Successfully updated job requisition 66db04abbf0a19d8769e6c72
[2024-09-06T17:29:49.321+0000] {core_li.py:23} INFO - Successfully updated job requisition 66db04abbf0a19d8769e6c74
[2024-09-06T17:29:49.330+0000] {core_li.py:23} INFO - Successfully updated job requisition 66db04abbf0a19d8769e6c76
[2024-09-06T17:29:49.341+0000] {core_li.py:23} INFO - Successfully updated job requisition 66db04abbf0a19d8769e6c78
[2024-09-06T17:29:49.352+0000] {core_li.py:23} INFO - Successfully updated job requisition 66db04abbf0a19d8769e6c7a
[2024-09-06T17:29:49.365+0000] {core_li.py:23} INFO - Successfully updated job requisition 66db04abbf0a19d8769e6c7c
[2024-09-06T17:29:49.376+0000] {core_li.py:23} INFO - Successfully updated job requisition 66db04abbf0a19d8769e6c7e
[2024-09-06T17:29:49.396+0000] {core_li.py:23} INFO - Successfully updated job requisition 66db04abbf0a19d8769e6c80
[2024-09-06T17:29:49.408+0000] {core_li.py:23} INFO - Successfully updated job requisition 66db04abbf0a19d8769e6c82
[2024-09-06T17:29:49.418+0000] {core_li.py:23} INFO - Successfully updated job requisition 66db04abbf0a19d8769e6c84
[2024-09-06T17:29:49.430+0000] {core_li.py:23} INFO - Successfully updated job requisition 66db04abbf0a19d8769e6c86
[2024-09-06T17:29:49.453+0000] {core_li.py:23} INFO - Successfully updated job requisition 66db04abbf0a19d8769e6c88
[2024-09-06T17:29:49.468+0000] {core_li.py:23} INFO - Successfully updated job requisition 66db04abbf0a19d8769e6c8a
[2024-09-06T17:29:49.481+0000] {core_li.py:23} INFO - Successfully updated job requisition 66db04abbf0a19d8769e6c8c
[2024-09-06T17:29:49.489+0000] {core_li.py:23} INFO - Successfully updated job requisition 66db04abbf0a19d8769e6c8e
[2024-09-06T17:29:49.505+0000] {core_li.py:23} INFO - Successfully updated job requisition 66db04abbf0a19d8769e6c90
[2024-09-06T17:29:49.506+0000] {python.py:240} INFO - Done. Returned value was: 100
[2024-09-06T17:29:49.541+0000] {taskinstance.py:340} INFO - ::group::Post task execution logs
[2024-09-06T17:29:49.541+0000] {taskinstance.py:352} INFO - Marking task as SUCCESS. dag_id=async_flow, task_id=task_backfill_number_of_cancelled_candidates_in_batch, run_id=manual__2024-09-06T17:29:39.458358+00:00, map_index=41, execution_date=20240906T172939, start_date=20240906T172948, end_date=20240906T172949
[2024-09-06T17:29:49.582+0000] {local_task_job_runner.py:266} INFO - Task exited with return code 0
[2024-09-06T17:29:49.592+0000] {local_task_job_runner.py:245} INFO - ::endgroup::
