[2024-09-06T17:45:53.831+0000] {local_task_job_runner.py:123} INFO - ::group::Pre task execution logs
[2024-09-06T17:45:53.858+0000] {taskinstance.py:2612} INFO - Dependencies all met for dep_context=non-requeueable deps ti=<TaskInstance: async_flow.task_backfill_number_of_cancelled_candidates_in_batch manual__2024-09-06T17:29:39.458358+00:00 map_index=41 [queued]>
[2024-09-06T17:45:53.875+0000] {taskinstance.py:2612} INFO - Dependencies all met for dep_context=requeueable deps ti=<TaskInstance: async_flow.task_backfill_number_of_cancelled_candidates_in_batch manual__2024-09-06T17:29:39.458358+00:00 map_index=41 [queued]>
[2024-09-06T17:45:53.876+0000] {taskinstance.py:2865} INFO - Starting attempt 2 of 2
[2024-09-06T17:45:53.906+0000] {taskinstance.py:2888} INFO - Executing <Mapped(_PythonDecoratedOperator): task_backfill_number_of_cancelled_candidates_in_batch> on 2024-09-06 17:29:39.458358+00:00
[2024-09-06T17:45:53.917+0000] {standard_task_runner.py:104} INFO - Running: ['***', 'tasks', 'run', 'async_flow', 'task_backfill_number_of_cancelled_candidates_in_batch', 'manual__2024-09-06T17:29:39.458358+00:00', '--job-id', '268', '--raw', '--subdir', 'DAGS_FOLDER/dags_async_flow.py', '--cfg-path', '/tmp/tmpkq5wq0qq', '--map-index', '41']
[2024-09-06T17:45:53.919+0000] {standard_task_runner.py:105} INFO - Job 268: Subtask task_backfill_number_of_cancelled_candidates_in_batch
[2024-09-06T17:45:53.913+0000] {warnings.py:112} WARNING - /home/***/.local/lib/python3.12/site-packages/***/task/task_runner/standard_task_runner.py:70: DeprecationWarning: This process (pid=624) is multi-threaded, use of fork() may lead to deadlocks in the child.
  pid = os.fork()

[2024-09-06T17:45:53.923+0000] {standard_task_runner.py:72} INFO - Started process 694 to run task
[2024-09-06T17:45:53.961+0000] {task_command.py:467} INFO - Running <TaskInstance: async_flow.task_backfill_number_of_cancelled_candidates_in_batch manual__2024-09-06T17:29:39.458358+00:00 map_index=41 [running]> on host 0817eb6c24af
[2024-09-06T17:45:54.103+0000] {taskinstance.py:3131} INFO - Exporting env vars: AIRFLOW_CTX_DAG_OWNER='***' AIRFLOW_CTX_DAG_ID='async_flow' AIRFLOW_CTX_TASK_ID='task_backfill_number_of_cancelled_candidates_in_batch' AIRFLOW_CTX_EXECUTION_DATE='2024-09-06T17:29:39.458358+00:00' AIRFLOW_CTX_TRY_NUMBER='2' AIRFLOW_CTX_DAG_RUN_ID='manual__2024-09-06T17:29:39.458358+00:00'
[2024-09-06T17:45:54.105+0000] {taskinstance.py:731} INFO - ::endgroup::
[2024-09-06T17:45:54.119+0000] {core_li.py:23} INFO - Successfully updated job requisition 66db04abbf0a19d8769e6bca
[2024-09-06T17:45:54.127+0000] {core_li.py:23} INFO - Successfully updated job requisition 66db04abbf0a19d8769e6bcc
[2024-09-06T17:45:54.137+0000] {core_li.py:23} INFO - Successfully updated job requisition 66db04abbf0a19d8769e6bce
[2024-09-06T17:45:54.142+0000] {core_li.py:23} INFO - Successfully updated job requisition 66db04abbf0a19d8769e6bd0
[2024-09-06T17:45:54.148+0000] {core_li.py:23} INFO - Successfully updated job requisition 66db04abbf0a19d8769e6bd2
[2024-09-06T17:45:54.157+0000] {core_li.py:23} INFO - Successfully updated job requisition 66db04abbf0a19d8769e6bd4
[2024-09-06T17:45:54.167+0000] {core_li.py:23} INFO - Successfully updated job requisition 66db04abbf0a19d8769e6bd6
[2024-09-06T17:45:54.172+0000] {core_li.py:23} INFO - Successfully updated job requisition 66db04abbf0a19d8769e6bd8
[2024-09-06T17:45:54.179+0000] {core_li.py:23} INFO - Successfully updated job requisition 66db04abbf0a19d8769e6bda
[2024-09-06T17:45:54.186+0000] {core_li.py:23} INFO - Successfully updated job requisition 66db04abbf0a19d8769e6bdc
[2024-09-06T17:45:54.193+0000] {core_li.py:23} INFO - Successfully updated job requisition 66db04abbf0a19d8769e6bde
[2024-09-06T17:45:54.202+0000] {core_li.py:23} INFO - Successfully updated job requisition 66db04abbf0a19d8769e6be0
[2024-09-06T17:45:54.209+0000] {core_li.py:23} INFO - Successfully updated job requisition 66db04abbf0a19d8769e6be2
[2024-09-06T17:45:54.222+0000] {core_li.py:23} INFO - Successfully updated job requisition 66db04abbf0a19d8769e6be4
[2024-09-06T17:45:54.231+0000] {core_li.py:23} INFO - Successfully updated job requisition 66db04abbf0a19d8769e6be6
[2024-09-06T17:45:54.240+0000] {core_li.py:23} INFO - Successfully updated job requisition 66db04abbf0a19d8769e6be8
[2024-09-06T17:45:54.249+0000] {core_li.py:23} INFO - Successfully updated job requisition 66db04abbf0a19d8769e6bea
[2024-09-06T17:45:54.255+0000] {core_li.py:23} INFO - Successfully updated job requisition 66db04abbf0a19d8769e6bec
[2024-09-06T17:45:54.261+0000] {core_li.py:23} INFO - Successfully updated job requisition 66db04abbf0a19d8769e6bee
[2024-09-06T17:45:54.268+0000] {core_li.py:23} INFO - Successfully updated job requisition 66db04abbf0a19d8769e6bf0
[2024-09-06T17:45:54.277+0000] {core_li.py:23} INFO - Successfully updated job requisition 66db04abbf0a19d8769e6bf2
[2024-09-06T17:45:54.283+0000] {core_li.py:23} INFO - Successfully updated job requisition 66db04abbf0a19d8769e6bf4
[2024-09-06T17:45:54.289+0000] {core_li.py:23} INFO - Successfully updated job requisition 66db04abbf0a19d8769e6bf6
[2024-09-06T17:45:54.296+0000] {core_li.py:23} INFO - Successfully updated job requisition 66db04abbf0a19d8769e6bf8
[2024-09-06T17:45:54.306+0000] {core_li.py:23} INFO - Successfully updated job requisition 66db04abbf0a19d8769e6bfa
[2024-09-06T17:45:54.314+0000] {core_li.py:23} INFO - Successfully updated job requisition 66db04abbf0a19d8769e6bfc
[2024-09-06T17:45:54.321+0000] {core_li.py:23} INFO - Successfully updated job requisition 66db04abbf0a19d8769e6bfe
[2024-09-06T17:45:54.331+0000] {core_li.py:23} INFO - Successfully updated job requisition 66db04abbf0a19d8769e6c00
[2024-09-06T17:45:54.339+0000] {core_li.py:23} INFO - Successfully updated job requisition 66db04abbf0a19d8769e6c02
[2024-09-06T17:45:54.347+0000] {core_li.py:23} INFO - Successfully updated job requisition 66db04abbf0a19d8769e6c04
[2024-09-06T17:45:54.355+0000] {core_li.py:23} INFO - Successfully updated job requisition 66db04abbf0a19d8769e6c06
[2024-09-06T17:45:54.360+0000] {core_li.py:23} INFO - Successfully updated job requisition 66db04abbf0a19d8769e6c08
[2024-09-06T17:45:54.367+0000] {core_li.py:23} INFO - Successfully updated job requisition 66db04abbf0a19d8769e6c0a
[2024-09-06T17:45:54.375+0000] {core_li.py:23} INFO - Successfully updated job requisition 66db04abbf0a19d8769e6c0c
[2024-09-06T17:45:54.383+0000] {core_li.py:23} INFO - Successfully updated job requisition 66db04abbf0a19d8769e6c0e
[2024-09-06T17:45:54.390+0000] {core_li.py:23} INFO - Successfully updated job requisition 66db04abbf0a19d8769e6c10
[2024-09-06T17:45:54.397+0000] {core_li.py:23} INFO - Successfully updated job requisition 66db04abbf0a19d8769e6c12
[2024-09-06T17:45:54.404+0000] {core_li.py:23} INFO - Successfully updated job requisition 66db04abbf0a19d8769e6c14
[2024-09-06T17:45:54.417+0000] {core_li.py:23} INFO - Successfully updated job requisition 66db04abbf0a19d8769e6c16
[2024-09-06T17:45:54.426+0000] {core_li.py:23} INFO - Successfully updated job requisition 66db04abbf0a19d8769e6c18
[2024-09-06T17:45:54.435+0000] {core_li.py:23} INFO - Successfully updated job requisition 66db04abbf0a19d8769e6c1a
[2024-09-06T17:45:54.442+0000] {core_li.py:23} INFO - Successfully updated job requisition 66db04abbf0a19d8769e6c1c
[2024-09-06T17:45:54.450+0000] {core_li.py:23} INFO - Successfully updated job requisition 66db04abbf0a19d8769e6c1e
[2024-09-06T17:45:54.458+0000] {core_li.py:23} INFO - Successfully updated job requisition 66db04abbf0a19d8769e6c20
[2024-09-06T17:45:54.465+0000] {core_li.py:23} INFO - Successfully updated job requisition 66db04abbf0a19d8769e6c22
[2024-09-06T17:45:54.473+0000] {core_li.py:23} INFO - Successfully updated job requisition 66db04abbf0a19d8769e6c24
[2024-09-06T17:45:54.479+0000] {core_li.py:23} INFO - Successfully updated job requisition 66db04abbf0a19d8769e6c26
[2024-09-06T17:45:54.486+0000] {core_li.py:23} INFO - Successfully updated job requisition 66db04abbf0a19d8769e6c28
[2024-09-06T17:45:54.496+0000] {core_li.py:23} INFO - Successfully updated job requisition 66db04abbf0a19d8769e6c2a
[2024-09-06T17:45:54.504+0000] {core_li.py:23} INFO - Successfully updated job requisition 66db04abbf0a19d8769e6c2c
[2024-09-06T17:45:54.512+0000] {core_li.py:23} INFO - Successfully updated job requisition 66db04abbf0a19d8769e6c2e
[2024-09-06T17:45:54.519+0000] {core_li.py:23} INFO - Successfully updated job requisition 66db04abbf0a19d8769e6c30
[2024-09-06T17:45:54.529+0000] {core_li.py:23} INFO - Successfully updated job requisition 66db04abbf0a19d8769e6c32
[2024-09-06T17:45:54.537+0000] {core_li.py:23} INFO - Successfully updated job requisition 66db04abbf0a19d8769e6c34
[2024-09-06T17:45:54.546+0000] {core_li.py:23} INFO - Successfully updated job requisition 66db04abbf0a19d8769e6c36
[2024-09-06T17:45:54.555+0000] {core_li.py:23} INFO - Successfully updated job requisition 66db04abbf0a19d8769e6c38
[2024-09-06T17:45:54.566+0000] {core_li.py:23} INFO - Successfully updated job requisition 66db04abbf0a19d8769e6c3a
[2024-09-06T17:45:54.576+0000] {core_li.py:23} INFO - Successfully updated job requisition 66db04abbf0a19d8769e6c3c
[2024-09-06T17:45:54.589+0000] {core_li.py:23} INFO - Successfully updated job requisition 66db04abbf0a19d8769e6c3e
[2024-09-06T17:45:54.600+0000] {core_li.py:23} INFO - Successfully updated job requisition 66db04abbf0a19d8769e6c40
[2024-09-06T17:45:54.608+0000] {core_li.py:23} INFO - Successfully updated job requisition 66db04abbf0a19d8769e6c42
[2024-09-06T17:45:54.617+0000] {core_li.py:23} INFO - Successfully updated job requisition 66db04abbf0a19d8769e6c44
[2024-09-06T17:45:54.631+0000] {core_li.py:23} INFO - Successfully updated job requisition 66db04abbf0a19d8769e6c46
[2024-09-06T17:45:54.646+0000] {core_li.py:23} INFO - Successfully updated job requisition 66db04abbf0a19d8769e6c48
[2024-09-06T17:45:54.655+0000] {core_li.py:23} INFO - Successfully updated job requisition 66db04abbf0a19d8769e6c4a
[2024-09-06T17:45:54.671+0000] {core_li.py:23} INFO - Successfully updated job requisition 66db04abbf0a19d8769e6c4c
[2024-09-06T17:45:54.679+0000] {core_li.py:23} INFO - Successfully updated job requisition 66db04abbf0a19d8769e6c4e
[2024-09-06T17:45:54.686+0000] {core_li.py:23} INFO - Successfully updated job requisition 66db04abbf0a19d8769e6c50
[2024-09-06T17:45:54.696+0000] {core_li.py:23} INFO - Successfully updated job requisition 66db04abbf0a19d8769e6c52
[2024-09-06T17:45:54.706+0000] {core_li.py:23} INFO - Successfully updated job requisition 66db04abbf0a19d8769e6c54
[2024-09-06T17:45:54.713+0000] {core_li.py:23} INFO - Successfully updated job requisition 66db04abbf0a19d8769e6c56
[2024-09-06T17:45:54.720+0000] {core_li.py:23} INFO - Successfully updated job requisition 66db04abbf0a19d8769e6c58
[2024-09-06T17:45:54.729+0000] {core_li.py:23} INFO - Successfully updated job requisition 66db04abbf0a19d8769e6c5a
[2024-09-06T17:45:54.737+0000] {core_li.py:23} INFO - Successfully updated job requisition 66db04abbf0a19d8769e6c5c
[2024-09-06T17:45:54.743+0000] {core_li.py:23} INFO - Successfully updated job requisition 66db04abbf0a19d8769e6c5e
[2024-09-06T17:45:54.750+0000] {core_li.py:23} INFO - Successfully updated job requisition 66db04abbf0a19d8769e6c60
[2024-09-06T17:45:54.760+0000] {core_li.py:23} INFO - Successfully updated job requisition 66db04abbf0a19d8769e6c62
[2024-09-06T17:45:54.765+0000] {core_li.py:23} INFO - Successfully updated job requisition 66db04abbf0a19d8769e6c64
[2024-09-06T17:45:54.784+0000] {core_li.py:23} INFO - Successfully updated job requisition 66db04abbf0a19d8769e6c66
[2024-09-06T17:45:54.798+0000] {core_li.py:23} INFO - Successfully updated job requisition 66db04abbf0a19d8769e6c68
[2024-09-06T17:45:54.805+0000] {core_li.py:23} INFO - Successfully updated job requisition 66db04abbf0a19d8769e6c6a
[2024-09-06T17:45:54.815+0000] {core_li.py:23} INFO - Successfully updated job requisition 66db04abbf0a19d8769e6c6c
[2024-09-06T17:45:54.823+0000] {core_li.py:23} INFO - Successfully updated job requisition 66db04abbf0a19d8769e6c6e
[2024-09-06T17:45:54.833+0000] {core_li.py:23} INFO - Successfully updated job requisition 66db04abbf0a19d8769e6c70
[2024-09-06T17:45:54.841+0000] {core_li.py:23} INFO - Successfully updated job requisition 66db04abbf0a19d8769e6c72
[2024-09-06T17:45:54.852+0000] {core_li.py:23} INFO - Successfully updated job requisition 66db04abbf0a19d8769e6c74
[2024-09-06T17:45:54.862+0000] {core_li.py:23} INFO - Successfully updated job requisition 66db04abbf0a19d8769e6c76
[2024-09-06T17:45:54.869+0000] {core_li.py:23} INFO - Successfully updated job requisition 66db04abbf0a19d8769e6c78
[2024-09-06T17:45:54.875+0000] {core_li.py:23} INFO - Successfully updated job requisition 66db04abbf0a19d8769e6c7a
[2024-09-06T17:45:54.883+0000] {core_li.py:23} INFO - Successfully updated job requisition 66db04abbf0a19d8769e6c7c
[2024-09-06T17:45:54.894+0000] {core_li.py:23} INFO - Successfully updated job requisition 66db04abbf0a19d8769e6c7e
[2024-09-06T17:45:54.910+0000] {core_li.py:23} INFO - Successfully updated job requisition 66db04abbf0a19d8769e6c80
[2024-09-06T17:45:54.924+0000] {core_li.py:23} INFO - Successfully updated job requisition 66db04abbf0a19d8769e6c82
[2024-09-06T17:45:54.932+0000] {core_li.py:23} INFO - Successfully updated job requisition 66db04abbf0a19d8769e6c84
[2024-09-06T17:45:54.953+0000] {core_li.py:23} INFO - Successfully updated job requisition 66db04abbf0a19d8769e6c86
[2024-09-06T17:45:54.960+0000] {core_li.py:23} INFO - Successfully updated job requisition 66db04abbf0a19d8769e6c88
[2024-09-06T17:45:54.970+0000] {core_li.py:23} INFO - Successfully updated job requisition 66db04abbf0a19d8769e6c8a
[2024-09-06T17:45:54.990+0000] {core_li.py:23} INFO - Successfully updated job requisition 66db04abbf0a19d8769e6c8c
[2024-09-06T17:45:55.001+0000] {core_li.py:23} INFO - Successfully updated job requisition 66db04abbf0a19d8769e6c8e
[2024-09-06T17:45:55.012+0000] {core_li.py:23} INFO - Successfully updated job requisition 66db04abbf0a19d8769e6c90
[2024-09-06T17:45:55.012+0000] {python.py:240} INFO - Done. Returned value was: 100
[2024-09-06T17:45:55.046+0000] {taskinstance.py:340} INFO - ::group::Post task execution logs
[2024-09-06T17:45:55.047+0000] {taskinstance.py:352} INFO - Marking task as SUCCESS. dag_id=async_flow, task_id=task_backfill_number_of_cancelled_candidates_in_batch, run_id=manual__2024-09-06T17:29:39.458358+00:00, map_index=41, execution_date=20240906T172939, start_date=20240906T174553, end_date=20240906T174555
[2024-09-06T17:45:55.100+0000] {local_task_job_runner.py:266} INFO - Task exited with return code 0
[2024-09-06T17:45:55.108+0000] {local_task_job_runner.py:245} INFO - ::endgroup::
