[2024-09-06T17:45:51.237+0000] {local_task_job_runner.py:123} INFO - ::group::Pre task execution logs
[2024-09-06T17:45:51.261+0000] {taskinstance.py:2612} INFO - Dependencies all met for dep_context=non-requeueable deps ti=<TaskInstance: async_flow.task_backfill_number_of_cancelled_candidates_in_batch manual__2024-09-06T17:29:39.458358+00:00 map_index=26 [queued]>
[2024-09-06T17:45:51.280+0000] {taskinstance.py:2612} INFO - Dependencies all met for dep_context=requeueable deps ti=<TaskInstance: async_flow.task_backfill_number_of_cancelled_candidates_in_batch manual__2024-09-06T17:29:39.458358+00:00 map_index=26 [queued]>
[2024-09-06T17:45:51.280+0000] {taskinstance.py:2865} INFO - Starting attempt 2 of 2
[2024-09-06T17:45:51.307+0000] {taskinstance.py:2888} INFO - Executing <Mapped(_PythonDecoratedOperator): task_backfill_number_of_cancelled_candidates_in_batch> on 2024-09-06 17:29:39.458358+00:00
[2024-09-06T17:45:51.312+0000] {warnings.py:112} WARNING - /home/***/.local/lib/python3.12/site-packages/***/task/task_runner/standard_task_runner.py:70: DeprecationWarning: This process (pid=526) is multi-threaded, use of fork() may lead to deadlocks in the child.
  pid = os.fork()

[2024-09-06T17:45:51.318+0000] {standard_task_runner.py:72} INFO - Started process 608 to run task
[2024-09-06T17:45:51.319+0000] {standard_task_runner.py:104} INFO - Running: ['***', 'tasks', 'run', 'async_flow', 'task_backfill_number_of_cancelled_candidates_in_batch', 'manual__2024-09-06T17:29:39.458358+00:00', '--job-id', '257', '--raw', '--subdir', 'DAGS_FOLDER/dags_async_flow.py', '--cfg-path', '/tmp/tmpw8ivp7r4', '--map-index', '26']
[2024-09-06T17:45:51.322+0000] {standard_task_runner.py:105} INFO - Job 257: Subtask task_backfill_number_of_cancelled_candidates_in_batch
[2024-09-06T17:45:51.371+0000] {task_command.py:467} INFO - Running <TaskInstance: async_flow.task_backfill_number_of_cancelled_candidates_in_batch manual__2024-09-06T17:29:39.458358+00:00 map_index=26 [running]> on host 0817eb6c24af
[2024-09-06T17:45:51.459+0000] {taskinstance.py:3131} INFO - Exporting env vars: AIRFLOW_CTX_DAG_OWNER='***' AIRFLOW_CTX_DAG_ID='async_flow' AIRFLOW_CTX_TASK_ID='task_backfill_number_of_cancelled_candidates_in_batch' AIRFLOW_CTX_EXECUTION_DATE='2024-09-06T17:29:39.458358+00:00' AIRFLOW_CTX_TRY_NUMBER='2' AIRFLOW_CTX_DAG_RUN_ID='manual__2024-09-06T17:29:39.458358+00:00'
[2024-09-06T17:45:51.459+0000] {taskinstance.py:731} INFO - ::endgroup::
[2024-09-06T17:45:51.475+0000] {core_li.py:23} INFO - Successfully updated job requisition 66db04abbf0a19d8769e7c32
[2024-09-06T17:45:51.483+0000] {core_li.py:23} INFO - Successfully updated job requisition 66db04abbf0a19d8769e7c34
[2024-09-06T17:45:51.495+0000] {core_li.py:23} INFO - Successfully updated job requisition 66db04abbf0a19d8769e7c36
[2024-09-06T17:45:51.506+0000] {core_li.py:23} INFO - Successfully updated job requisition 66db04abbf0a19d8769e7c38
[2024-09-06T17:45:51.518+0000] {core_li.py:23} INFO - Successfully updated job requisition 66db04abbf0a19d8769e7c3a
[2024-09-06T17:45:51.532+0000] {core_li.py:23} INFO - Successfully updated job requisition 66db04abbf0a19d8769e7c3c
[2024-09-06T17:45:51.539+0000] {core_li.py:23} INFO - Successfully updated job requisition 66db04abbf0a19d8769e7c3e
[2024-09-06T17:45:51.548+0000] {core_li.py:23} INFO - Successfully updated job requisition 66db04abbf0a19d8769e7c40
[2024-09-06T17:45:51.557+0000] {core_li.py:23} INFO - Successfully updated job requisition 66db04abbf0a19d8769e7c42
[2024-09-06T17:45:51.564+0000] {core_li.py:23} INFO - Successfully updated job requisition 66db04abbf0a19d8769e7c44
[2024-09-06T17:45:51.571+0000] {core_li.py:23} INFO - Successfully updated job requisition 66db04abbf0a19d8769e7c46
[2024-09-06T17:45:51.579+0000] {core_li.py:23} INFO - Successfully updated job requisition 66db04abbf0a19d8769e7c48
[2024-09-06T17:45:51.592+0000] {core_li.py:23} INFO - Successfully updated job requisition 66db04abbf0a19d8769e7c4a
[2024-09-06T17:45:51.599+0000] {core_li.py:23} INFO - Successfully updated job requisition 66db04abbf0a19d8769e7c4c
[2024-09-06T17:45:51.606+0000] {core_li.py:23} INFO - Successfully updated job requisition 66db04abbf0a19d8769e7c4e
[2024-09-06T17:45:51.619+0000] {core_li.py:23} INFO - Successfully updated job requisition 66db04abbf0a19d8769e7c50
[2024-09-06T17:45:51.629+0000] {core_li.py:23} INFO - Successfully updated job requisition 66db04abbf0a19d8769e7c52
[2024-09-06T17:45:51.638+0000] {core_li.py:23} INFO - Successfully updated job requisition 66db04abbf0a19d8769e7c54
[2024-09-06T17:45:51.646+0000] {core_li.py:23} INFO - Successfully updated job requisition 66db04abbf0a19d8769e7c56
[2024-09-06T17:45:51.654+0000] {core_li.py:23} INFO - Successfully updated job requisition 66db04abbf0a19d8769e7c58
[2024-09-06T17:45:51.666+0000] {core_li.py:23} INFO - Successfully updated job requisition 66db04abbf0a19d8769e7c5a
[2024-09-06T17:45:51.673+0000] {core_li.py:23} INFO - Successfully updated job requisition 66db04abbf0a19d8769e7c5c
[2024-09-06T17:45:51.682+0000] {core_li.py:23} INFO - Successfully updated job requisition 66db04abbf0a19d8769e7c5e
[2024-09-06T17:45:51.693+0000] {core_li.py:23} INFO - Successfully updated job requisition 66db04abbf0a19d8769e7c60
[2024-09-06T17:45:51.701+0000] {core_li.py:23} INFO - Successfully updated job requisition 66db04abbf0a19d8769e7c62
[2024-09-06T17:45:51.707+0000] {core_li.py:23} INFO - Successfully updated job requisition 66db04abbf0a19d8769e7c64
[2024-09-06T17:45:51.715+0000] {core_li.py:23} INFO - Successfully updated job requisition 66db04abbf0a19d8769e7c66
[2024-09-06T17:45:51.722+0000] {core_li.py:23} INFO - Successfully updated job requisition 66db04abbf0a19d8769e7c68
[2024-09-06T17:45:51.731+0000] {core_li.py:23} INFO - Successfully updated job requisition 66db04abbf0a19d8769e7c6a
[2024-09-06T17:45:51.738+0000] {core_li.py:23} INFO - Successfully updated job requisition 66db04abbf0a19d8769e7c6c
[2024-09-06T17:45:51.747+0000] {core_li.py:23} INFO - Successfully updated job requisition 66db04abbf0a19d8769e7c6e
[2024-09-06T17:45:51.754+0000] {core_li.py:23} INFO - Successfully updated job requisition 66db04abbf0a19d8769e7c70
[2024-09-06T17:45:51.761+0000] {core_li.py:23} INFO - Successfully updated job requisition 66db04abbf0a19d8769e7c72
[2024-09-06T17:45:51.768+0000] {core_li.py:23} INFO - Successfully updated job requisition 66db04abbf0a19d8769e7c74
[2024-09-06T17:45:51.776+0000] {core_li.py:23} INFO - Successfully updated job requisition 66db04abbf0a19d8769e7c76
[2024-09-06T17:45:51.783+0000] {core_li.py:23} INFO - Successfully updated job requisition 66db04abbf0a19d8769e7c78
[2024-09-06T17:45:51.795+0000] {core_li.py:23} INFO - Successfully updated job requisition 66db04abbf0a19d8769e7c7a
[2024-09-06T17:45:51.805+0000] {core_li.py:23} INFO - Successfully updated job requisition 66db04abbf0a19d8769e7c7c
[2024-09-06T17:45:51.812+0000] {core_li.py:23} INFO - Successfully updated job requisition 66db04abbf0a19d8769e7c7e
[2024-09-06T17:45:51.820+0000] {core_li.py:23} INFO - Successfully updated job requisition 66db04abbf0a19d8769e7c80
[2024-09-06T17:45:51.827+0000] {core_li.py:23} INFO - Successfully updated job requisition 66db04abbf0a19d8769e7c82
[2024-09-06T17:45:51.834+0000] {core_li.py:23} INFO - Successfully updated job requisition 66db04abbf0a19d8769e7c84
[2024-09-06T17:45:51.843+0000] {core_li.py:23} INFO - Successfully updated job requisition 66db04abbf0a19d8769e7c86
[2024-09-06T17:45:51.851+0000] {core_li.py:23} INFO - Successfully updated job requisition 66db04abbf0a19d8769e7c88
[2024-09-06T17:45:51.857+0000] {core_li.py:23} INFO - Successfully updated job requisition 66db04abbf0a19d8769e7c8a
[2024-09-06T17:45:51.863+0000] {core_li.py:23} INFO - Successfully updated job requisition 66db04abbf0a19d8769e7c8c
[2024-09-06T17:45:51.869+0000] {core_li.py:23} INFO - Successfully updated job requisition 66db04abbf0a19d8769e7c8e
[2024-09-06T17:45:51.876+0000] {core_li.py:23} INFO - Successfully updated job requisition 66db04abbf0a19d8769e7c90
[2024-09-06T17:45:51.882+0000] {core_li.py:23} INFO - Successfully updated job requisition 66db04abbf0a19d8769e7c92
[2024-09-06T17:45:51.889+0000] {core_li.py:23} INFO - Successfully updated job requisition 66db04abbf0a19d8769e7c94
[2024-09-06T17:45:51.898+0000] {core_li.py:23} INFO - Successfully updated job requisition 66db04abbf0a19d8769e7c96
[2024-09-06T17:45:51.906+0000] {core_li.py:23} INFO - Successfully updated job requisition 66db04abbf0a19d8769e7c98
[2024-09-06T17:45:51.914+0000] {core_li.py:23} INFO - Successfully updated job requisition 66db04abbf0a19d8769e7c9a
[2024-09-06T17:45:51.923+0000] {core_li.py:23} INFO - Successfully updated job requisition 66db04abbf0a19d8769e7c9c
[2024-09-06T17:45:51.935+0000] {core_li.py:23} INFO - Successfully updated job requisition 66db04abbf0a19d8769e7c9e
[2024-09-06T17:45:51.942+0000] {core_li.py:23} INFO - Successfully updated job requisition 66db04abbf0a19d8769e7ca0
[2024-09-06T17:45:51.948+0000] {core_li.py:23} INFO - Successfully updated job requisition 66db04abbf0a19d8769e7ca2
[2024-09-06T17:45:51.957+0000] {core_li.py:23} INFO - Successfully updated job requisition 66db04abbf0a19d8769e7ca4
[2024-09-06T17:45:51.964+0000] {core_li.py:23} INFO - Successfully updated job requisition 66db04abbf0a19d8769e7ca6
[2024-09-06T17:45:51.970+0000] {core_li.py:23} INFO - Successfully updated job requisition 66db04abbf0a19d8769e7ca8
[2024-09-06T17:45:51.977+0000] {core_li.py:23} INFO - Successfully updated job requisition 66db04abbf0a19d8769e7caa
[2024-09-06T17:45:51.985+0000] {core_li.py:23} INFO - Successfully updated job requisition 66db04abbf0a19d8769e7cac
[2024-09-06T17:45:51.992+0000] {core_li.py:23} INFO - Successfully updated job requisition 66db04abbf0a19d8769e7cae
[2024-09-06T17:45:51.999+0000] {core_li.py:23} INFO - Successfully updated job requisition 66db04abbf0a19d8769e7cb0
[2024-09-06T17:45:52.006+0000] {core_li.py:23} INFO - Successfully updated job requisition 66db04abbf0a19d8769e7cb2
[2024-09-06T17:45:52.013+0000] {core_li.py:23} INFO - Successfully updated job requisition 66db04abbf0a19d8769e7cb4
[2024-09-06T17:45:52.021+0000] {core_li.py:23} INFO - Successfully updated job requisition 66db04abbf0a19d8769e7cb6
[2024-09-06T17:45:52.029+0000] {core_li.py:23} INFO - Successfully updated job requisition 66db04abbf0a19d8769e7cb8
[2024-09-06T17:45:52.035+0000] {core_li.py:23} INFO - Successfully updated job requisition 66db04abbf0a19d8769e7cba
[2024-09-06T17:45:52.042+0000] {core_li.py:23} INFO - Successfully updated job requisition 66db04abbf0a19d8769e7cbc
[2024-09-06T17:45:52.053+0000] {core_li.py:23} INFO - Successfully updated job requisition 66db04abbf0a19d8769e7cbe
[2024-09-06T17:45:52.061+0000] {core_li.py:23} INFO - Successfully updated job requisition 66db04abbf0a19d8769e7cc0
[2024-09-06T17:45:52.074+0000] {core_li.py:23} INFO - Successfully updated job requisition 66db04abbf0a19d8769e7cc2
[2024-09-06T17:45:52.091+0000] {core_li.py:23} INFO - Successfully updated job requisition 66db04abbf0a19d8769e7cc4
[2024-09-06T17:45:52.099+0000] {core_li.py:23} INFO - Successfully updated job requisition 66db04abbf0a19d8769e7cc6
[2024-09-06T17:45:52.108+0000] {core_li.py:23} INFO - Successfully updated job requisition 66db04abbf0a19d8769e7cc8
[2024-09-06T17:45:52.117+0000] {core_li.py:23} INFO - Successfully updated job requisition 66db04abbf0a19d8769e7cca
[2024-09-06T17:45:52.124+0000] {core_li.py:23} INFO - Successfully updated job requisition 66db04abbf0a19d8769e7ccc
[2024-09-06T17:45:52.131+0000] {core_li.py:23} INFO - Successfully updated job requisition 66db04abbf0a19d8769e7cce
[2024-09-06T17:45:52.138+0000] {core_li.py:23} INFO - Successfully updated job requisition 66db04abbf0a19d8769e7cd0
[2024-09-06T17:45:52.147+0000] {core_li.py:23} INFO - Successfully updated job requisition 66db04abbf0a19d8769e7cd2
[2024-09-06T17:45:52.155+0000] {core_li.py:23} INFO - Successfully updated job requisition 66db04abbf0a19d8769e7cd4
[2024-09-06T17:45:52.161+0000] {core_li.py:23} INFO - Successfully updated job requisition 66db04abbf0a19d8769e7cd6
[2024-09-06T17:45:52.167+0000] {core_li.py:23} INFO - Successfully updated job requisition 66db04abbf0a19d8769e7cd8
[2024-09-06T17:45:52.174+0000] {core_li.py:23} INFO - Successfully updated job requisition 66db04abbf0a19d8769e7cda
[2024-09-06T17:45:52.186+0000] {core_li.py:23} INFO - Successfully updated job requisition 66db04abbf0a19d8769e7cdc
[2024-09-06T17:45:52.193+0000] {core_li.py:23} INFO - Successfully updated job requisition 66db04abbf0a19d8769e7cde
[2024-09-06T17:45:52.203+0000] {core_li.py:23} INFO - Successfully updated job requisition 66db04abbf0a19d8769e7ce0
[2024-09-06T17:45:52.213+0000] {core_li.py:23} INFO - Successfully updated job requisition 66db04abbf0a19d8769e7ce2
[2024-09-06T17:45:52.221+0000] {core_li.py:23} INFO - Successfully updated job requisition 66db04abbf0a19d8769e7ce4
[2024-09-06T17:45:52.232+0000] {core_li.py:23} INFO - Successfully updated job requisition 66db04abbf0a19d8769e7ce6
[2024-09-06T17:45:52.241+0000] {core_li.py:23} INFO - Successfully updated job requisition 66db04abbf0a19d8769e7ce8
[2024-09-06T17:45:52.250+0000] {core_li.py:23} INFO - Successfully updated job requisition 66db04abbf0a19d8769e7cea
[2024-09-06T17:45:52.257+0000] {core_li.py:23} INFO - Successfully updated job requisition 66db04abbf0a19d8769e7cec
[2024-09-06T17:45:52.268+0000] {core_li.py:23} INFO - Successfully updated job requisition 66db04abbf0a19d8769e7cee
[2024-09-06T17:45:52.278+0000] {core_li.py:23} INFO - Successfully updated job requisition 66db04abbf0a19d8769e7cf0
[2024-09-06T17:45:52.292+0000] {core_li.py:23} INFO - Successfully updated job requisition 66db04abbf0a19d8769e7cf2
[2024-09-06T17:45:52.302+0000] {core_li.py:23} INFO - Successfully updated job requisition 66db04abbf0a19d8769e7cf4
[2024-09-06T17:45:52.310+0000] {core_li.py:23} INFO - Successfully updated job requisition 66db04acbf0a19d8769e7cf6
[2024-09-06T17:45:52.316+0000] {core_li.py:23} INFO - Successfully updated job requisition 66db04acbf0a19d8769e7cf8
[2024-09-06T17:45:52.317+0000] {python.py:240} INFO - Done. Returned value was: 100
[2024-09-06T17:45:52.335+0000] {taskinstance.py:340} INFO - ::group::Post task execution logs
[2024-09-06T17:45:52.336+0000] {taskinstance.py:352} INFO - Marking task as SUCCESS. dag_id=async_flow, task_id=task_backfill_number_of_cancelled_candidates_in_batch, run_id=manual__2024-09-06T17:29:39.458358+00:00, map_index=26, execution_date=20240906T172939, start_date=20240906T174551, end_date=20240906T174552
[2024-09-06T17:45:52.367+0000] {local_task_job_runner.py:266} INFO - Task exited with return code 0
[2024-09-06T17:45:52.372+0000] {local_task_job_runner.py:245} INFO - ::endgroup::
