[2024-09-06T17:29:45.252+0000] {local_task_job_runner.py:123} INFO - ::group::Pre task execution logs
[2024-09-06T17:29:45.285+0000] {taskinstance.py:2612} INFO - Dependencies all met for dep_context=non-requeueable deps ti=<TaskInstance: async_flow.task_backfill_number_of_cancelled_candidates_in_batch manual__2024-09-06T17:29:39.458358+00:00 map_index=26 [queued]>
[2024-09-06T17:29:45.305+0000] {taskinstance.py:2612} INFO - Dependencies all met for dep_context=requeueable deps ti=<TaskInstance: async_flow.task_backfill_number_of_cancelled_candidates_in_batch manual__2024-09-06T17:29:39.458358+00:00 map_index=26 [queued]>
[2024-09-06T17:29:45.309+0000] {taskinstance.py:2865} INFO - Starting attempt 1 of 1
[2024-09-06T17:29:45.353+0000] {taskinstance.py:2888} INFO - Executing <Mapped(_PythonDecoratedOperator): task_backfill_number_of_cancelled_candidates_in_batch> on 2024-09-06 17:29:39.458358+00:00
[2024-09-06T17:29:45.370+0000] {warnings.py:112} WARNING - /home/***/.local/lib/python3.12/site-packages/***/task/task_runner/standard_task_runner.py:70: DeprecationWarning: This process (pid=3222) is multi-threaded, use of fork() may lead to deadlocks in the child.
  pid = os.fork()

[2024-09-06T17:29:45.373+0000] {standard_task_runner.py:104} INFO - Running: ['***', 'tasks', 'run', 'async_flow', 'task_backfill_number_of_cancelled_candidates_in_batch', 'manual__2024-09-06T17:29:39.458358+00:00', '--job-id', '145', '--raw', '--subdir', 'DAGS_FOLDER/dags_async_flow.py', '--cfg-path', '/tmp/tmpgao9uysm', '--map-index', '26']
[2024-09-06T17:29:45.382+0000] {standard_task_runner.py:105} INFO - Job 145: Subtask task_backfill_number_of_cancelled_candidates_in_batch
[2024-09-06T17:29:45.376+0000] {standard_task_runner.py:72} INFO - Started process 3299 to run task
[2024-09-06T17:29:45.487+0000] {task_command.py:467} INFO - Running <TaskInstance: async_flow.task_backfill_number_of_cancelled_candidates_in_batch manual__2024-09-06T17:29:39.458358+00:00 map_index=26 [running]> on host a3a5f1897683
[2024-09-06T17:29:45.702+0000] {taskinstance.py:3131} INFO - Exporting env vars: AIRFLOW_CTX_DAG_OWNER='***' AIRFLOW_CTX_DAG_ID='async_flow' AIRFLOW_CTX_TASK_ID='task_backfill_number_of_cancelled_candidates_in_batch' AIRFLOW_CTX_EXECUTION_DATE='2024-09-06T17:29:39.458358+00:00' AIRFLOW_CTX_TRY_NUMBER='1' AIRFLOW_CTX_DAG_RUN_ID='manual__2024-09-06T17:29:39.458358+00:00'
[2024-09-06T17:29:45.708+0000] {taskinstance.py:731} INFO - ::endgroup::
[2024-09-06T17:29:45.728+0000] {core_li.py:23} INFO - Successfully updated job requisition 66db04abbf0a19d8769e7c32
[2024-09-06T17:29:45.740+0000] {core_li.py:23} INFO - Successfully updated job requisition 66db04abbf0a19d8769e7c34
[2024-09-06T17:29:45.774+0000] {core_li.py:23} INFO - Successfully updated job requisition 66db04abbf0a19d8769e7c36
[2024-09-06T17:29:45.789+0000] {core_li.py:23} INFO - Successfully updated job requisition 66db04abbf0a19d8769e7c38
[2024-09-06T17:29:45.797+0000] {core_li.py:23} INFO - Successfully updated job requisition 66db04abbf0a19d8769e7c3a
[2024-09-06T17:29:45.811+0000] {core_li.py:23} INFO - Successfully updated job requisition 66db04abbf0a19d8769e7c3c
[2024-09-06T17:29:45.828+0000] {core_li.py:23} INFO - Successfully updated job requisition 66db04abbf0a19d8769e7c3e
[2024-09-06T17:29:45.841+0000] {core_li.py:23} INFO - Successfully updated job requisition 66db04abbf0a19d8769e7c40
[2024-09-06T17:29:45.849+0000] {core_li.py:23} INFO - Successfully updated job requisition 66db04abbf0a19d8769e7c42
[2024-09-06T17:29:45.860+0000] {core_li.py:23} INFO - Successfully updated job requisition 66db04abbf0a19d8769e7c44
[2024-09-06T17:29:45.868+0000] {core_li.py:23} INFO - Successfully updated job requisition 66db04abbf0a19d8769e7c46
[2024-09-06T17:29:45.880+0000] {core_li.py:23} INFO - Successfully updated job requisition 66db04abbf0a19d8769e7c48
[2024-09-06T17:29:45.890+0000] {core_li.py:23} INFO - Successfully updated job requisition 66db04abbf0a19d8769e7c4a
[2024-09-06T17:29:45.899+0000] {core_li.py:23} INFO - Successfully updated job requisition 66db04abbf0a19d8769e7c4c
[2024-09-06T17:29:45.908+0000] {core_li.py:23} INFO - Successfully updated job requisition 66db04abbf0a19d8769e7c4e
[2024-09-06T17:29:45.919+0000] {core_li.py:23} INFO - Successfully updated job requisition 66db04abbf0a19d8769e7c50
[2024-09-06T17:29:45.932+0000] {core_li.py:23} INFO - Successfully updated job requisition 66db04abbf0a19d8769e7c52
[2024-09-06T17:29:45.948+0000] {core_li.py:23} INFO - Successfully updated job requisition 66db04abbf0a19d8769e7c54
[2024-09-06T17:29:45.958+0000] {core_li.py:23} INFO - Successfully updated job requisition 66db04abbf0a19d8769e7c56
[2024-09-06T17:29:45.964+0000] {core_li.py:23} INFO - Successfully updated job requisition 66db04abbf0a19d8769e7c58
[2024-09-06T17:29:45.973+0000] {core_li.py:23} INFO - Successfully updated job requisition 66db04abbf0a19d8769e7c5a
[2024-09-06T17:29:45.981+0000] {core_li.py:23} INFO - Successfully updated job requisition 66db04abbf0a19d8769e7c5c
[2024-09-06T17:29:45.989+0000] {core_li.py:23} INFO - Successfully updated job requisition 66db04abbf0a19d8769e7c5e
[2024-09-06T17:29:45.997+0000] {core_li.py:23} INFO - Successfully updated job requisition 66db04abbf0a19d8769e7c60
[2024-09-06T17:29:46.006+0000] {core_li.py:23} INFO - Successfully updated job requisition 66db04abbf0a19d8769e7c62
[2024-09-06T17:29:46.017+0000] {core_li.py:23} INFO - Successfully updated job requisition 66db04abbf0a19d8769e7c64
[2024-09-06T17:29:46.031+0000] {core_li.py:23} INFO - Successfully updated job requisition 66db04abbf0a19d8769e7c66
[2024-09-06T17:29:46.047+0000] {core_li.py:23} INFO - Successfully updated job requisition 66db04abbf0a19d8769e7c68
[2024-09-06T17:29:46.056+0000] {core_li.py:23} INFO - Successfully updated job requisition 66db04abbf0a19d8769e7c6a
[2024-09-06T17:29:46.066+0000] {core_li.py:23} INFO - Successfully updated job requisition 66db04abbf0a19d8769e7c6c
[2024-09-06T17:29:46.078+0000] {core_li.py:23} INFO - Successfully updated job requisition 66db04abbf0a19d8769e7c6e
[2024-09-06T17:29:46.089+0000] {core_li.py:23} INFO - Successfully updated job requisition 66db04abbf0a19d8769e7c70
[2024-09-06T17:29:46.106+0000] {core_li.py:23} INFO - Successfully updated job requisition 66db04abbf0a19d8769e7c72
[2024-09-06T17:29:46.116+0000] {core_li.py:23} INFO - Successfully updated job requisition 66db04abbf0a19d8769e7c74
[2024-09-06T17:29:46.128+0000] {core_li.py:23} INFO - Successfully updated job requisition 66db04abbf0a19d8769e7c76
[2024-09-06T17:29:46.138+0000] {core_li.py:23} INFO - Successfully updated job requisition 66db04abbf0a19d8769e7c78
[2024-09-06T17:29:46.153+0000] {core_li.py:23} INFO - Successfully updated job requisition 66db04abbf0a19d8769e7c7a
[2024-09-06T17:29:46.165+0000] {core_li.py:23} INFO - Successfully updated job requisition 66db04abbf0a19d8769e7c7c
[2024-09-06T17:29:46.176+0000] {core_li.py:23} INFO - Successfully updated job requisition 66db04abbf0a19d8769e7c7e
[2024-09-06T17:29:46.186+0000] {core_li.py:23} INFO - Successfully updated job requisition 66db04abbf0a19d8769e7c80
[2024-09-06T17:29:46.198+0000] {core_li.py:23} INFO - Successfully updated job requisition 66db04abbf0a19d8769e7c82
[2024-09-06T17:29:46.205+0000] {core_li.py:23} INFO - Successfully updated job requisition 66db04abbf0a19d8769e7c84
[2024-09-06T17:29:46.214+0000] {core_li.py:23} INFO - Successfully updated job requisition 66db04abbf0a19d8769e7c86
[2024-09-06T17:29:46.222+0000] {core_li.py:23} INFO - Successfully updated job requisition 66db04abbf0a19d8769e7c88
[2024-09-06T17:29:46.230+0000] {core_li.py:23} INFO - Successfully updated job requisition 66db04abbf0a19d8769e7c8a
[2024-09-06T17:29:46.237+0000] {core_li.py:23} INFO - Successfully updated job requisition 66db04abbf0a19d8769e7c8c
[2024-09-06T17:29:46.249+0000] {core_li.py:23} INFO - Successfully updated job requisition 66db04abbf0a19d8769e7c8e
[2024-09-06T17:29:46.257+0000] {core_li.py:23} INFO - Successfully updated job requisition 66db04abbf0a19d8769e7c90
[2024-09-06T17:29:46.263+0000] {core_li.py:23} INFO - Successfully updated job requisition 66db04abbf0a19d8769e7c92
[2024-09-06T17:29:46.282+0000] {core_li.py:23} INFO - Successfully updated job requisition 66db04abbf0a19d8769e7c94
[2024-09-06T17:29:46.301+0000] {core_li.py:23} INFO - Successfully updated job requisition 66db04abbf0a19d8769e7c96
[2024-09-06T17:29:46.309+0000] {core_li.py:23} INFO - Successfully updated job requisition 66db04abbf0a19d8769e7c98
[2024-09-06T17:29:46.318+0000] {core_li.py:23} INFO - Successfully updated job requisition 66db04abbf0a19d8769e7c9a
[2024-09-06T17:29:46.325+0000] {core_li.py:23} INFO - Successfully updated job requisition 66db04abbf0a19d8769e7c9c
[2024-09-06T17:29:46.347+0000] {core_li.py:23} INFO - Successfully updated job requisition 66db04abbf0a19d8769e7c9e
[2024-09-06T17:29:46.356+0000] {core_li.py:23} INFO - Successfully updated job requisition 66db04abbf0a19d8769e7ca0
[2024-09-06T17:29:46.365+0000] {core_li.py:23} INFO - Successfully updated job requisition 66db04abbf0a19d8769e7ca2
[2024-09-06T17:29:46.374+0000] {core_li.py:23} INFO - Successfully updated job requisition 66db04abbf0a19d8769e7ca4
[2024-09-06T17:29:46.385+0000] {core_li.py:23} INFO - Successfully updated job requisition 66db04abbf0a19d8769e7ca6
[2024-09-06T17:29:46.396+0000] {core_li.py:23} INFO - Successfully updated job requisition 66db04abbf0a19d8769e7ca8
[2024-09-06T17:29:46.403+0000] {core_li.py:23} INFO - Successfully updated job requisition 66db04abbf0a19d8769e7caa
[2024-09-06T17:29:46.410+0000] {core_li.py:23} INFO - Successfully updated job requisition 66db04abbf0a19d8769e7cac
[2024-09-06T17:29:46.418+0000] {core_li.py:23} INFO - Successfully updated job requisition 66db04abbf0a19d8769e7cae
[2024-09-06T17:29:46.426+0000] {core_li.py:23} INFO - Successfully updated job requisition 66db04abbf0a19d8769e7cb0
[2024-09-06T17:29:46.435+0000] {core_li.py:23} INFO - Successfully updated job requisition 66db04abbf0a19d8769e7cb2
[2024-09-06T17:29:46.448+0000] {core_li.py:23} INFO - Successfully updated job requisition 66db04abbf0a19d8769e7cb4
[2024-09-06T17:29:46.454+0000] {core_li.py:23} INFO - Successfully updated job requisition 66db04abbf0a19d8769e7cb6
[2024-09-06T17:29:46.462+0000] {core_li.py:23} INFO - Successfully updated job requisition 66db04abbf0a19d8769e7cb8
[2024-09-06T17:29:46.473+0000] {core_li.py:23} INFO - Successfully updated job requisition 66db04abbf0a19d8769e7cba
[2024-09-06T17:29:46.483+0000] {core_li.py:23} INFO - Successfully updated job requisition 66db04abbf0a19d8769e7cbc
[2024-09-06T17:29:46.490+0000] {core_li.py:23} INFO - Successfully updated job requisition 66db04abbf0a19d8769e7cbe
[2024-09-06T17:29:46.496+0000] {core_li.py:23} INFO - Successfully updated job requisition 66db04abbf0a19d8769e7cc0
[2024-09-06T17:29:46.503+0000] {core_li.py:23} INFO - Successfully updated job requisition 66db04abbf0a19d8769e7cc2
[2024-09-06T17:29:46.509+0000] {core_li.py:23} INFO - Successfully updated job requisition 66db04abbf0a19d8769e7cc4
[2024-09-06T17:29:46.517+0000] {core_li.py:23} INFO - Successfully updated job requisition 66db04abbf0a19d8769e7cc6
[2024-09-06T17:29:46.525+0000] {core_li.py:23} INFO - Successfully updated job requisition 66db04abbf0a19d8769e7cc8
[2024-09-06T17:29:46.533+0000] {core_li.py:23} INFO - Successfully updated job requisition 66db04abbf0a19d8769e7cca
[2024-09-06T17:29:46.543+0000] {core_li.py:23} INFO - Successfully updated job requisition 66db04abbf0a19d8769e7ccc
[2024-09-06T17:29:46.549+0000] {core_li.py:23} INFO - Successfully updated job requisition 66db04abbf0a19d8769e7cce
[2024-09-06T17:29:46.559+0000] {core_li.py:23} INFO - Successfully updated job requisition 66db04abbf0a19d8769e7cd0
[2024-09-06T17:29:46.566+0000] {core_li.py:23} INFO - Successfully updated job requisition 66db04abbf0a19d8769e7cd2
[2024-09-06T17:29:46.574+0000] {core_li.py:23} INFO - Successfully updated job requisition 66db04abbf0a19d8769e7cd4
[2024-09-06T17:29:46.582+0000] {core_li.py:23} INFO - Successfully updated job requisition 66db04abbf0a19d8769e7cd6
[2024-09-06T17:29:46.590+0000] {core_li.py:23} INFO - Successfully updated job requisition 66db04abbf0a19d8769e7cd8
[2024-09-06T17:29:46.596+0000] {core_li.py:23} INFO - Successfully updated job requisition 66db04abbf0a19d8769e7cda
[2024-09-06T17:29:46.603+0000] {core_li.py:23} INFO - Successfully updated job requisition 66db04abbf0a19d8769e7cdc
[2024-09-06T17:29:46.620+0000] {core_li.py:23} INFO - Successfully updated job requisition 66db04abbf0a19d8769e7cde
[2024-09-06T17:29:46.630+0000] {core_li.py:23} INFO - Successfully updated job requisition 66db04abbf0a19d8769e7ce0
[2024-09-06T17:29:46.639+0000] {core_li.py:23} INFO - Successfully updated job requisition 66db04abbf0a19d8769e7ce2
[2024-09-06T17:29:46.648+0000] {core_li.py:23} INFO - Successfully updated job requisition 66db04abbf0a19d8769e7ce4
[2024-09-06T17:29:46.658+0000] {core_li.py:23} INFO - Successfully updated job requisition 66db04abbf0a19d8769e7ce6
[2024-09-06T17:29:46.667+0000] {core_li.py:23} INFO - Successfully updated job requisition 66db04abbf0a19d8769e7ce8
[2024-09-06T17:29:46.677+0000] {core_li.py:23} INFO - Successfully updated job requisition 66db04abbf0a19d8769e7cea
[2024-09-06T17:29:46.687+0000] {core_li.py:23} INFO - Successfully updated job requisition 66db04abbf0a19d8769e7cec
[2024-09-06T17:29:46.696+0000] {core_li.py:23} INFO - Successfully updated job requisition 66db04abbf0a19d8769e7cee
[2024-09-06T17:29:46.703+0000] {core_li.py:23} INFO - Successfully updated job requisition 66db04abbf0a19d8769e7cf0
[2024-09-06T17:29:46.710+0000] {core_li.py:23} INFO - Successfully updated job requisition 66db04abbf0a19d8769e7cf2
[2024-09-06T17:29:46.721+0000] {core_li.py:23} INFO - Successfully updated job requisition 66db04abbf0a19d8769e7cf4
[2024-09-06T17:29:46.728+0000] {core_li.py:23} INFO - Successfully updated job requisition 66db04acbf0a19d8769e7cf6
[2024-09-06T17:29:46.734+0000] {core_li.py:23} INFO - Successfully updated job requisition 66db04acbf0a19d8769e7cf8
[2024-09-06T17:29:46.734+0000] {python.py:240} INFO - Done. Returned value was: 100
[2024-09-06T17:29:46.756+0000] {taskinstance.py:340} INFO - ::group::Post task execution logs
[2024-09-06T17:29:46.756+0000] {taskinstance.py:352} INFO - Marking task as SUCCESS. dag_id=async_flow, task_id=task_backfill_number_of_cancelled_candidates_in_batch, run_id=manual__2024-09-06T17:29:39.458358+00:00, map_index=26, execution_date=20240906T172939, start_date=20240906T172945, end_date=20240906T172946
[2024-09-06T17:29:46.787+0000] {local_task_job_runner.py:266} INFO - Task exited with return code 0
[2024-09-06T17:29:46.797+0000] {local_task_job_runner.py:245} INFO - ::endgroup::
