[2024-09-06T17:45:48.136+0000] {local_task_job_runner.py:123} INFO - ::group::Pre task execution logs
[2024-09-06T17:45:48.163+0000] {taskinstance.py:2612} INFO - Dependencies all met for dep_context=non-requeueable deps ti=<TaskInstance: async_flow.task_backfill_number_of_cancelled_candidates_in_batch manual__2024-09-06T17:29:39.458358+00:00 map_index=9 [queued]>
[2024-09-06T17:45:48.178+0000] {taskinstance.py:2612} INFO - Dependencies all met for dep_context=requeueable deps ti=<TaskInstance: async_flow.task_backfill_number_of_cancelled_candidates_in_batch manual__2024-09-06T17:29:39.458358+00:00 map_index=9 [queued]>
[2024-09-06T17:45:48.179+0000] {taskinstance.py:2865} INFO - Starting attempt 2 of 2
[2024-09-06T17:45:48.194+0000] {taskinstance.py:2888} INFO - Executing <Mapped(_PythonDecoratedOperator): task_backfill_number_of_cancelled_candidates_in_batch> on 2024-09-06 17:29:39.458358+00:00
[2024-09-06T17:45:48.205+0000] {warnings.py:112} WARNING - /home/***/.local/lib/python3.12/site-packages/***/task/task_runner/standard_task_runner.py:70: DeprecationWarning: This process (pid=431) is multi-threaded, use of fork() may lead to deadlocks in the child.
  pid = os.fork()

[2024-09-06T17:45:48.209+0000] {standard_task_runner.py:104} INFO - Running: ['***', 'tasks', 'run', 'async_flow', 'task_backfill_number_of_cancelled_candidates_in_batch', 'manual__2024-09-06T17:29:39.458358+00:00', '--job-id', '238', '--raw', '--subdir', 'DAGS_FOLDER/dags_async_flow.py', '--cfg-path', '/tmp/tmpoyarkrbj', '--map-index', '9']
[2024-09-06T17:45:48.207+0000] {standard_task_runner.py:72} INFO - Started process 490 to run task
[2024-09-06T17:45:48.213+0000] {standard_task_runner.py:105} INFO - Job 238: Subtask task_backfill_number_of_cancelled_candidates_in_batch
[2024-09-06T17:45:48.303+0000] {task_command.py:467} INFO - Running <TaskInstance: async_flow.task_backfill_number_of_cancelled_candidates_in_batch manual__2024-09-06T17:29:39.458358+00:00 map_index=9 [running]> on host 0817eb6c24af
[2024-09-06T17:45:48.457+0000] {taskinstance.py:3131} INFO - Exporting env vars: AIRFLOW_CTX_DAG_OWNER='***' AIRFLOW_CTX_DAG_ID='async_flow' AIRFLOW_CTX_TASK_ID='task_backfill_number_of_cancelled_candidates_in_batch' AIRFLOW_CTX_EXECUTION_DATE='2024-09-06T17:29:39.458358+00:00' AIRFLOW_CTX_TRY_NUMBER='2' AIRFLOW_CTX_DAG_RUN_ID='manual__2024-09-06T17:29:39.458358+00:00'
[2024-09-06T17:45:48.458+0000] {taskinstance.py:731} INFO - ::endgroup::
[2024-09-06T17:45:48.480+0000] {core_li.py:23} INFO - Successfully updated job requisition 66db04abbf0a19d8769e626a
[2024-09-06T17:45:48.500+0000] {core_li.py:23} INFO - Successfully updated job requisition 66db04abbf0a19d8769e626c
[2024-09-06T17:45:48.537+0000] {core_li.py:23} INFO - Successfully updated job requisition 66db04abbf0a19d8769e626e
[2024-09-06T17:45:48.555+0000] {core_li.py:23} INFO - Successfully updated job requisition 66db04abbf0a19d8769e6270
[2024-09-06T17:45:48.566+0000] {core_li.py:23} INFO - Successfully updated job requisition 66db04abbf0a19d8769e6272
[2024-09-06T17:45:48.582+0000] {core_li.py:23} INFO - Successfully updated job requisition 66db04abbf0a19d8769e6274
[2024-09-06T17:45:48.599+0000] {core_li.py:23} INFO - Successfully updated job requisition 66db04abbf0a19d8769e6276
[2024-09-06T17:45:48.610+0000] {core_li.py:23} INFO - Successfully updated job requisition 66db04abbf0a19d8769e6278
[2024-09-06T17:45:48.624+0000] {core_li.py:23} INFO - Successfully updated job requisition 66db04abbf0a19d8769e627a
[2024-09-06T17:45:48.639+0000] {core_li.py:23} INFO - Successfully updated job requisition 66db04abbf0a19d8769e627c
[2024-09-06T17:45:48.653+0000] {core_li.py:23} INFO - Successfully updated job requisition 66db04abbf0a19d8769e627e
[2024-09-06T17:45:48.663+0000] {core_li.py:23} INFO - Successfully updated job requisition 66db04abbf0a19d8769e6280
[2024-09-06T17:45:48.684+0000] {core_li.py:23} INFO - Successfully updated job requisition 66db04abbf0a19d8769e6282
[2024-09-06T17:45:48.696+0000] {core_li.py:23} INFO - Successfully updated job requisition 66db04abbf0a19d8769e6284
[2024-09-06T17:45:48.708+0000] {core_li.py:23} INFO - Successfully updated job requisition 66db04abbf0a19d8769e6286
[2024-09-06T17:45:48.723+0000] {core_li.py:23} INFO - Successfully updated job requisition 66db04abbf0a19d8769e6288
[2024-09-06T17:45:48.736+0000] {core_li.py:23} INFO - Successfully updated job requisition 66db04abbf0a19d8769e628a
[2024-09-06T17:45:48.751+0000] {core_li.py:23} INFO - Successfully updated job requisition 66db04abbf0a19d8769e628c
[2024-09-06T17:45:48.764+0000] {core_li.py:23} INFO - Successfully updated job requisition 66db04abbf0a19d8769e628e
[2024-09-06T17:45:48.778+0000] {core_li.py:23} INFO - Successfully updated job requisition 66db04abbf0a19d8769e6290
[2024-09-06T17:45:48.788+0000] {core_li.py:23} INFO - Successfully updated job requisition 66db04abbf0a19d8769e6292
[2024-09-06T17:45:48.801+0000] {core_li.py:23} INFO - Successfully updated job requisition 66db04abbf0a19d8769e6294
[2024-09-06T17:45:48.814+0000] {core_li.py:23} INFO - Successfully updated job requisition 66db04abbf0a19d8769e6296
[2024-09-06T17:45:48.833+0000] {core_li.py:23} INFO - Successfully updated job requisition 66db04abbf0a19d8769e6298
[2024-09-06T17:45:48.850+0000] {core_li.py:23} INFO - Successfully updated job requisition 66db04abbf0a19d8769e629a
[2024-09-06T17:45:48.869+0000] {core_li.py:23} INFO - Successfully updated job requisition 66db04abbf0a19d8769e629c
[2024-09-06T17:45:48.883+0000] {core_li.py:23} INFO - Successfully updated job requisition 66db04abbf0a19d8769e629e
[2024-09-06T17:45:48.900+0000] {core_li.py:23} INFO - Successfully updated job requisition 66db04abbf0a19d8769e62a0
[2024-09-06T17:45:48.918+0000] {core_li.py:23} INFO - Successfully updated job requisition 66db04abbf0a19d8769e62a2
[2024-09-06T17:45:48.932+0000] {core_li.py:23} INFO - Successfully updated job requisition 66db04abbf0a19d8769e62a4
[2024-09-06T17:45:48.943+0000] {core_li.py:23} INFO - Successfully updated job requisition 66db04abbf0a19d8769e62a6
[2024-09-06T17:45:48.953+0000] {core_li.py:23} INFO - Successfully updated job requisition 66db04abbf0a19d8769e62a8
[2024-09-06T17:45:48.967+0000] {core_li.py:23} INFO - Successfully updated job requisition 66db04abbf0a19d8769e62aa
[2024-09-06T17:45:48.979+0000] {core_li.py:23} INFO - Successfully updated job requisition 66db04abbf0a19d8769e62ac
[2024-09-06T17:45:48.992+0000] {core_li.py:23} INFO - Successfully updated job requisition 66db04abbf0a19d8769e62ae
[2024-09-06T17:45:49.027+0000] {core_li.py:23} INFO - Successfully updated job requisition 66db04abbf0a19d8769e62b0
[2024-09-06T17:45:49.049+0000] {core_li.py:23} INFO - Successfully updated job requisition 66db04abbf0a19d8769e62b2
[2024-09-06T17:45:49.063+0000] {core_li.py:23} INFO - Successfully updated job requisition 66db04abbf0a19d8769e62b4
[2024-09-06T17:45:49.093+0000] {core_li.py:23} INFO - Successfully updated job requisition 66db04abbf0a19d8769e62b6
[2024-09-06T17:45:49.107+0000] {core_li.py:23} INFO - Successfully updated job requisition 66db04abbf0a19d8769e62b8
[2024-09-06T17:45:49.117+0000] {core_li.py:23} INFO - Successfully updated job requisition 66db04abbf0a19d8769e62ba
[2024-09-06T17:45:49.133+0000] {core_li.py:23} INFO - Successfully updated job requisition 66db04abbf0a19d8769e62bc
[2024-09-06T17:45:49.143+0000] {core_li.py:23} INFO - Successfully updated job requisition 66db04abbf0a19d8769e62be
[2024-09-06T17:45:49.155+0000] {core_li.py:23} INFO - Successfully updated job requisition 66db04abbf0a19d8769e62c0
[2024-09-06T17:45:49.168+0000] {core_li.py:23} INFO - Successfully updated job requisition 66db04abbf0a19d8769e62c2
[2024-09-06T17:45:49.181+0000] {core_li.py:23} INFO - Successfully updated job requisition 66db04abbf0a19d8769e62c4
[2024-09-06T17:45:49.191+0000] {core_li.py:23} INFO - Successfully updated job requisition 66db04abbf0a19d8769e62c6
[2024-09-06T17:45:49.210+0000] {core_li.py:23} INFO - Successfully updated job requisition 66db04abbf0a19d8769e62c8
[2024-09-06T17:45:49.224+0000] {core_li.py:23} INFO - Successfully updated job requisition 66db04abbf0a19d8769e62ca
[2024-09-06T17:45:49.235+0000] {core_li.py:23} INFO - Successfully updated job requisition 66db04abbf0a19d8769e62cc
[2024-09-06T17:45:49.249+0000] {core_li.py:23} INFO - Successfully updated job requisition 66db04abbf0a19d8769e62ce
[2024-09-06T17:45:49.258+0000] {core_li.py:23} INFO - Successfully updated job requisition 66db04abbf0a19d8769e62d0
[2024-09-06T17:45:49.267+0000] {core_li.py:23} INFO - Successfully updated job requisition 66db04abbf0a19d8769e62d2
[2024-09-06T17:45:49.275+0000] {core_li.py:23} INFO - Successfully updated job requisition 66db04abbf0a19d8769e62d4
[2024-09-06T17:45:49.295+0000] {core_li.py:23} INFO - Successfully updated job requisition 66db04abbf0a19d8769e62d6
[2024-09-06T17:45:49.305+0000] {core_li.py:23} INFO - Successfully updated job requisition 66db04abbf0a19d8769e62d8
[2024-09-06T17:45:49.324+0000] {core_li.py:23} INFO - Successfully updated job requisition 66db04abbf0a19d8769e62da
[2024-09-06T17:45:49.341+0000] {core_li.py:23} INFO - Successfully updated job requisition 66db04abbf0a19d8769e62dc
[2024-09-06T17:45:49.355+0000] {core_li.py:23} INFO - Successfully updated job requisition 66db04abbf0a19d8769e62de
[2024-09-06T17:45:49.366+0000] {core_li.py:23} INFO - Successfully updated job requisition 66db04abbf0a19d8769e62e0
[2024-09-06T17:45:49.376+0000] {core_li.py:23} INFO - Successfully updated job requisition 66db04abbf0a19d8769e62e2
[2024-09-06T17:45:49.383+0000] {core_li.py:23} INFO - Successfully updated job requisition 66db04abbf0a19d8769e62e4
[2024-09-06T17:45:49.394+0000] {core_li.py:23} INFO - Successfully updated job requisition 66db04abbf0a19d8769e62e6
[2024-09-06T17:45:49.404+0000] {core_li.py:23} INFO - Successfully updated job requisition 66db04abbf0a19d8769e62e8
[2024-09-06T17:45:49.416+0000] {core_li.py:23} INFO - Successfully updated job requisition 66db04abbf0a19d8769e62ea
[2024-09-06T17:45:49.426+0000] {core_li.py:23} INFO - Successfully updated job requisition 66db04abbf0a19d8769e62ec
[2024-09-06T17:45:49.444+0000] {core_li.py:23} INFO - Successfully updated job requisition 66db04abbf0a19d8769e62ee
[2024-09-06T17:45:49.459+0000] {core_li.py:23} INFO - Successfully updated job requisition 66db04abbf0a19d8769e62f0
[2024-09-06T17:45:49.474+0000] {core_li.py:23} INFO - Successfully updated job requisition 66db04abbf0a19d8769e62f2
[2024-09-06T17:45:49.483+0000] {core_li.py:23} INFO - Successfully updated job requisition 66db04abbf0a19d8769e62f4
[2024-09-06T17:45:49.498+0000] {core_li.py:23} INFO - Successfully updated job requisition 66db04abbf0a19d8769e62f6
[2024-09-06T17:45:49.515+0000] {core_li.py:23} INFO - Successfully updated job requisition 66db04abbf0a19d8769e62f8
[2024-09-06T17:45:49.527+0000] {core_li.py:23} INFO - Successfully updated job requisition 66db04abbf0a19d8769e62fa
[2024-09-06T17:45:49.536+0000] {core_li.py:23} INFO - Successfully updated job requisition 66db04abbf0a19d8769e62fc
[2024-09-06T17:45:49.546+0000] {core_li.py:23} INFO - Successfully updated job requisition 66db04abbf0a19d8769e62fe
[2024-09-06T17:45:49.554+0000] {core_li.py:23} INFO - Successfully updated job requisition 66db04abbf0a19d8769e6300
[2024-09-06T17:45:49.567+0000] {core_li.py:23} INFO - Successfully updated job requisition 66db04abbf0a19d8769e6302
[2024-09-06T17:45:49.579+0000] {core_li.py:23} INFO - Successfully updated job requisition 66db04abbf0a19d8769e6304
[2024-09-06T17:45:49.590+0000] {core_li.py:23} INFO - Successfully updated job requisition 66db04abbf0a19d8769e6306
[2024-09-06T17:45:49.601+0000] {core_li.py:23} INFO - Successfully updated job requisition 66db04abbf0a19d8769e6308
[2024-09-06T17:45:49.615+0000] {core_li.py:23} INFO - Successfully updated job requisition 66db04abbf0a19d8769e630a
[2024-09-06T17:45:49.627+0000] {core_li.py:23} INFO - Successfully updated job requisition 66db04abbf0a19d8769e630c
[2024-09-06T17:45:49.639+0000] {core_li.py:23} INFO - Successfully updated job requisition 66db04abbf0a19d8769e630e
[2024-09-06T17:45:49.652+0000] {core_li.py:23} INFO - Successfully updated job requisition 66db04abbf0a19d8769e6310
[2024-09-06T17:45:49.660+0000] {core_li.py:23} INFO - Successfully updated job requisition 66db04abbf0a19d8769e6312
[2024-09-06T17:45:49.669+0000] {core_li.py:23} INFO - Successfully updated job requisition 66db04abbf0a19d8769e6314
[2024-09-06T17:45:49.678+0000] {core_li.py:23} INFO - Successfully updated job requisition 66db04abbf0a19d8769e6316
[2024-09-06T17:45:49.685+0000] {core_li.py:23} INFO - Successfully updated job requisition 66db04abbf0a19d8769e6318
[2024-09-06T17:45:49.693+0000] {core_li.py:23} INFO - Successfully updated job requisition 66db04abbf0a19d8769e631a
[2024-09-06T17:45:49.706+0000] {core_li.py:23} INFO - Successfully updated job requisition 66db04abbf0a19d8769e631c
[2024-09-06T17:45:49.712+0000] {core_li.py:23} INFO - Successfully updated job requisition 66db04abbf0a19d8769e631e
[2024-09-06T17:45:49.721+0000] {core_li.py:23} INFO - Successfully updated job requisition 66db04abbf0a19d8769e6320
[2024-09-06T17:45:49.729+0000] {core_li.py:23} INFO - Successfully updated job requisition 66db04abbf0a19d8769e6322
[2024-09-06T17:45:49.737+0000] {core_li.py:23} INFO - Successfully updated job requisition 66db04abbf0a19d8769e6324
[2024-09-06T17:45:49.745+0000] {core_li.py:23} INFO - Successfully updated job requisition 66db04abbf0a19d8769e6326
[2024-09-06T17:45:49.756+0000] {core_li.py:23} INFO - Successfully updated job requisition 66db04abbf0a19d8769e6328
[2024-09-06T17:45:49.766+0000] {core_li.py:23} INFO - Successfully updated job requisition 66db04abbf0a19d8769e632a
[2024-09-06T17:45:49.775+0000] {core_li.py:23} INFO - Successfully updated job requisition 66db04abbf0a19d8769e632c
[2024-09-06T17:45:49.783+0000] {core_li.py:23} INFO - Successfully updated job requisition 66db04abbf0a19d8769e632e
[2024-09-06T17:45:49.795+0000] {core_li.py:23} INFO - Successfully updated job requisition 66db04abbf0a19d8769e6330
[2024-09-06T17:45:49.795+0000] {python.py:240} INFO - Done. Returned value was: 100
[2024-09-06T17:45:49.827+0000] {taskinstance.py:340} INFO - ::group::Post task execution logs
[2024-09-06T17:45:49.828+0000] {taskinstance.py:352} INFO - Marking task as SUCCESS. dag_id=async_flow, task_id=task_backfill_number_of_cancelled_candidates_in_batch, run_id=manual__2024-09-06T17:29:39.458358+00:00, map_index=9, execution_date=20240906T172939, start_date=20240906T174548, end_date=20240906T174549
[2024-09-06T17:45:49.863+0000] {local_task_job_runner.py:266} INFO - Task exited with return code 0
[2024-09-06T17:45:49.875+0000] {local_task_job_runner.py:245} INFO - ::endgroup::
