[2024-09-06T17:29:41.944+0000] {local_task_job_runner.py:123} INFO - ::group::Pre task execution logs
[2024-09-06T17:29:42.013+0000] {taskinstance.py:2612} INFO - Dependencies all met for dep_context=non-requeueable deps ti=<TaskInstance: async_flow.task_backfill_number_of_cancelled_candidates_in_batch manual__2024-09-06T17:29:39.458358+00:00 map_index=9 [queued]>
[2024-09-06T17:29:42.036+0000] {taskinstance.py:2612} INFO - Dependencies all met for dep_context=requeueable deps ti=<TaskInstance: async_flow.task_backfill_number_of_cancelled_candidates_in_batch manual__2024-09-06T17:29:39.458358+00:00 map_index=9 [queued]>
[2024-09-06T17:29:42.036+0000] {taskinstance.py:2865} INFO - Starting attempt 1 of 1
[2024-09-06T17:29:42.053+0000] {taskinstance.py:2888} INFO - Executing <Mapped(_PythonDecoratedOperator): task_backfill_number_of_cancelled_candidates_in_batch> on 2024-09-06 17:29:39.458358+00:00
[2024-09-06T17:29:42.063+0000] {warnings.py:112} WARNING - /home/***/.local/lib/python3.12/site-packages/***/task/task_runner/standard_task_runner.py:70: DeprecationWarning: This process (pid=3126) is multi-threaded, use of fork() may lead to deadlocks in the child.
  pid = os.fork()

[2024-09-06T17:29:42.065+0000] {standard_task_runner.py:72} INFO - Started process 3208 to run task
[2024-09-06T17:29:42.068+0000] {standard_task_runner.py:104} INFO - Running: ['***', 'tasks', 'run', 'async_flow', 'task_backfill_number_of_cancelled_candidates_in_batch', 'manual__2024-09-06T17:29:39.458358+00:00', '--job-id', '133', '--raw', '--subdir', 'DAGS_FOLDER/dags_async_flow.py', '--cfg-path', '/tmp/tmp3k3edx4g', '--map-index', '9']
[2024-09-06T17:29:42.069+0000] {standard_task_runner.py:105} INFO - Job 133: Subtask task_backfill_number_of_cancelled_candidates_in_batch
[2024-09-06T17:29:42.216+0000] {task_command.py:467} INFO - Running <TaskInstance: async_flow.task_backfill_number_of_cancelled_candidates_in_batch manual__2024-09-06T17:29:39.458358+00:00 map_index=9 [running]> on host a3a5f1897683
[2024-09-06T17:29:42.433+0000] {taskinstance.py:3131} INFO - Exporting env vars: AIRFLOW_CTX_DAG_OWNER='***' AIRFLOW_CTX_DAG_ID='async_flow' AIRFLOW_CTX_TASK_ID='task_backfill_number_of_cancelled_candidates_in_batch' AIRFLOW_CTX_EXECUTION_DATE='2024-09-06T17:29:39.458358+00:00' AIRFLOW_CTX_TRY_NUMBER='1' AIRFLOW_CTX_DAG_RUN_ID='manual__2024-09-06T17:29:39.458358+00:00'
[2024-09-06T17:29:42.446+0000] {taskinstance.py:731} INFO - ::endgroup::
[2024-09-06T17:29:42.471+0000] {core_li.py:23} INFO - Successfully updated job requisition 66db04abbf0a19d8769e626a
[2024-09-06T17:29:42.503+0000] {core_li.py:23} INFO - Successfully updated job requisition 66db04abbf0a19d8769e626c
[2024-09-06T17:29:42.518+0000] {core_li.py:23} INFO - Successfully updated job requisition 66db04abbf0a19d8769e626e
[2024-09-06T17:29:42.535+0000] {core_li.py:23} INFO - Successfully updated job requisition 66db04abbf0a19d8769e6270
[2024-09-06T17:29:42.551+0000] {core_li.py:23} INFO - Successfully updated job requisition 66db04abbf0a19d8769e6272
[2024-09-06T17:29:42.561+0000] {core_li.py:23} INFO - Successfully updated job requisition 66db04abbf0a19d8769e6274
[2024-09-06T17:29:42.580+0000] {core_li.py:23} INFO - Successfully updated job requisition 66db04abbf0a19d8769e6276
[2024-09-06T17:29:42.598+0000] {core_li.py:23} INFO - Successfully updated job requisition 66db04abbf0a19d8769e6278
[2024-09-06T17:29:42.617+0000] {core_li.py:23} INFO - Successfully updated job requisition 66db04abbf0a19d8769e627a
[2024-09-06T17:29:42.627+0000] {core_li.py:23} INFO - Successfully updated job requisition 66db04abbf0a19d8769e627c
[2024-09-06T17:29:42.636+0000] {core_li.py:23} INFO - Successfully updated job requisition 66db04abbf0a19d8769e627e
[2024-09-06T17:29:42.647+0000] {core_li.py:23} INFO - Successfully updated job requisition 66db04abbf0a19d8769e6280
[2024-09-06T17:29:42.658+0000] {core_li.py:23} INFO - Successfully updated job requisition 66db04abbf0a19d8769e6282
[2024-09-06T17:29:42.671+0000] {core_li.py:23} INFO - Successfully updated job requisition 66db04abbf0a19d8769e6284
[2024-09-06T17:29:42.683+0000] {core_li.py:23} INFO - Successfully updated job requisition 66db04abbf0a19d8769e6286
[2024-09-06T17:29:42.714+0000] {core_li.py:23} INFO - Successfully updated job requisition 66db04abbf0a19d8769e6288
[2024-09-06T17:29:42.726+0000] {core_li.py:23} INFO - Successfully updated job requisition 66db04abbf0a19d8769e628a
[2024-09-06T17:29:42.739+0000] {core_li.py:23} INFO - Successfully updated job requisition 66db04abbf0a19d8769e628c
[2024-09-06T17:29:42.753+0000] {core_li.py:23} INFO - Successfully updated job requisition 66db04abbf0a19d8769e628e
[2024-09-06T17:29:42.768+0000] {core_li.py:23} INFO - Successfully updated job requisition 66db04abbf0a19d8769e6290
[2024-09-06T17:29:42.780+0000] {core_li.py:23} INFO - Successfully updated job requisition 66db04abbf0a19d8769e6292
[2024-09-06T17:29:42.792+0000] {core_li.py:23} INFO - Successfully updated job requisition 66db04abbf0a19d8769e6294
[2024-09-06T17:29:42.805+0000] {core_li.py:23} INFO - Successfully updated job requisition 66db04abbf0a19d8769e6296
[2024-09-06T17:29:42.815+0000] {core_li.py:23} INFO - Successfully updated job requisition 66db04abbf0a19d8769e6298
[2024-09-06T17:29:42.826+0000] {core_li.py:23} INFO - Successfully updated job requisition 66db04abbf0a19d8769e629a
[2024-09-06T17:29:42.837+0000] {core_li.py:23} INFO - Successfully updated job requisition 66db04abbf0a19d8769e629c
[2024-09-06T17:29:42.848+0000] {core_li.py:23} INFO - Successfully updated job requisition 66db04abbf0a19d8769e629e
[2024-09-06T17:29:42.861+0000] {core_li.py:23} INFO - Successfully updated job requisition 66db04abbf0a19d8769e62a0
[2024-09-06T17:29:42.870+0000] {core_li.py:23} INFO - Successfully updated job requisition 66db04abbf0a19d8769e62a2
[2024-09-06T17:29:42.889+0000] {core_li.py:23} INFO - Successfully updated job requisition 66db04abbf0a19d8769e62a4
[2024-09-06T17:29:42.900+0000] {core_li.py:23} INFO - Successfully updated job requisition 66db04abbf0a19d8769e62a6
[2024-09-06T17:29:42.910+0000] {core_li.py:23} INFO - Successfully updated job requisition 66db04abbf0a19d8769e62a8
[2024-09-06T17:29:42.919+0000] {core_li.py:23} INFO - Successfully updated job requisition 66db04abbf0a19d8769e62aa
[2024-09-06T17:29:42.927+0000] {core_li.py:23} INFO - Successfully updated job requisition 66db04abbf0a19d8769e62ac
[2024-09-06T17:29:42.937+0000] {core_li.py:23} INFO - Successfully updated job requisition 66db04abbf0a19d8769e62ae
[2024-09-06T17:29:42.946+0000] {core_li.py:23} INFO - Successfully updated job requisition 66db04abbf0a19d8769e62b0
[2024-09-06T17:29:42.958+0000] {core_li.py:23} INFO - Successfully updated job requisition 66db04abbf0a19d8769e62b2
[2024-09-06T17:29:42.969+0000] {core_li.py:23} INFO - Successfully updated job requisition 66db04abbf0a19d8769e62b4
[2024-09-06T17:29:42.981+0000] {core_li.py:23} INFO - Successfully updated job requisition 66db04abbf0a19d8769e62b6
[2024-09-06T17:29:42.991+0000] {core_li.py:23} INFO - Successfully updated job requisition 66db04abbf0a19d8769e62b8
[2024-09-06T17:29:43.001+0000] {core_li.py:23} INFO - Successfully updated job requisition 66db04abbf0a19d8769e62ba
[2024-09-06T17:29:43.010+0000] {core_li.py:23} INFO - Successfully updated job requisition 66db04abbf0a19d8769e62bc
[2024-09-06T17:29:43.021+0000] {core_li.py:23} INFO - Successfully updated job requisition 66db04abbf0a19d8769e62be
[2024-09-06T17:29:43.032+0000] {core_li.py:23} INFO - Successfully updated job requisition 66db04abbf0a19d8769e62c0
[2024-09-06T17:29:43.046+0000] {core_li.py:23} INFO - Successfully updated job requisition 66db04abbf0a19d8769e62c2
[2024-09-06T17:29:43.055+0000] {core_li.py:23} INFO - Successfully updated job requisition 66db04abbf0a19d8769e62c4
[2024-09-06T17:29:43.065+0000] {core_li.py:23} INFO - Successfully updated job requisition 66db04abbf0a19d8769e62c6
[2024-09-06T17:29:43.073+0000] {core_li.py:23} INFO - Successfully updated job requisition 66db04abbf0a19d8769e62c8
[2024-09-06T17:29:43.086+0000] {core_li.py:23} INFO - Successfully updated job requisition 66db04abbf0a19d8769e62ca
[2024-09-06T17:29:43.095+0000] {core_li.py:23} INFO - Successfully updated job requisition 66db04abbf0a19d8769e62cc
[2024-09-06T17:29:43.104+0000] {core_li.py:23} INFO - Successfully updated job requisition 66db04abbf0a19d8769e62ce
[2024-09-06T17:29:43.113+0000] {core_li.py:23} INFO - Successfully updated job requisition 66db04abbf0a19d8769e62d0
[2024-09-06T17:29:43.123+0000] {core_li.py:23} INFO - Successfully updated job requisition 66db04abbf0a19d8769e62d2
[2024-09-06T17:29:43.137+0000] {core_li.py:23} INFO - Successfully updated job requisition 66db04abbf0a19d8769e62d4
[2024-09-06T17:29:43.144+0000] {core_li.py:23} INFO - Successfully updated job requisition 66db04abbf0a19d8769e62d6
[2024-09-06T17:29:43.152+0000] {core_li.py:23} INFO - Successfully updated job requisition 66db04abbf0a19d8769e62d8
[2024-09-06T17:29:43.162+0000] {core_li.py:23} INFO - Successfully updated job requisition 66db04abbf0a19d8769e62da
[2024-09-06T17:29:43.178+0000] {core_li.py:23} INFO - Successfully updated job requisition 66db04abbf0a19d8769e62dc
[2024-09-06T17:29:43.192+0000] {core_li.py:23} INFO - Successfully updated job requisition 66db04abbf0a19d8769e62de
[2024-09-06T17:29:43.208+0000] {core_li.py:23} INFO - Successfully updated job requisition 66db04abbf0a19d8769e62e0
[2024-09-06T17:29:43.225+0000] {core_li.py:23} INFO - Successfully updated job requisition 66db04abbf0a19d8769e62e2
[2024-09-06T17:29:43.245+0000] {core_li.py:23} INFO - Successfully updated job requisition 66db04abbf0a19d8769e62e4
[2024-09-06T17:29:43.261+0000] {core_li.py:23} INFO - Successfully updated job requisition 66db04abbf0a19d8769e62e6
[2024-09-06T17:29:43.280+0000] {core_li.py:23} INFO - Successfully updated job requisition 66db04abbf0a19d8769e62e8
[2024-09-06T17:29:43.303+0000] {core_li.py:23} INFO - Successfully updated job requisition 66db04abbf0a19d8769e62ea
[2024-09-06T17:29:43.319+0000] {core_li.py:23} INFO - Successfully updated job requisition 66db04abbf0a19d8769e62ec
[2024-09-06T17:29:43.333+0000] {core_li.py:23} INFO - Successfully updated job requisition 66db04abbf0a19d8769e62ee
[2024-09-06T17:29:43.352+0000] {core_li.py:23} INFO - Successfully updated job requisition 66db04abbf0a19d8769e62f0
[2024-09-06T17:29:43.364+0000] {core_li.py:23} INFO - Successfully updated job requisition 66db04abbf0a19d8769e62f2
[2024-09-06T17:29:43.379+0000] {core_li.py:23} INFO - Successfully updated job requisition 66db04abbf0a19d8769e62f4
[2024-09-06T17:29:43.395+0000] {core_li.py:23} INFO - Successfully updated job requisition 66db04abbf0a19d8769e62f6
[2024-09-06T17:29:43.407+0000] {core_li.py:23} INFO - Successfully updated job requisition 66db04abbf0a19d8769e62f8
[2024-09-06T17:29:43.422+0000] {core_li.py:23} INFO - Successfully updated job requisition 66db04abbf0a19d8769e62fa
[2024-09-06T17:29:43.439+0000] {core_li.py:23} INFO - Successfully updated job requisition 66db04abbf0a19d8769e62fc
[2024-09-06T17:29:43.458+0000] {core_li.py:23} INFO - Successfully updated job requisition 66db04abbf0a19d8769e62fe
[2024-09-06T17:29:43.470+0000] {core_li.py:23} INFO - Successfully updated job requisition 66db04abbf0a19d8769e6300
[2024-09-06T17:29:43.494+0000] {core_li.py:23} INFO - Successfully updated job requisition 66db04abbf0a19d8769e6302
[2024-09-06T17:29:43.510+0000] {core_li.py:23} INFO - Successfully updated job requisition 66db04abbf0a19d8769e6304
[2024-09-06T17:29:43.527+0000] {core_li.py:23} INFO - Successfully updated job requisition 66db04abbf0a19d8769e6306
[2024-09-06T17:29:43.539+0000] {core_li.py:23} INFO - Successfully updated job requisition 66db04abbf0a19d8769e6308
[2024-09-06T17:29:43.553+0000] {core_li.py:23} INFO - Successfully updated job requisition 66db04abbf0a19d8769e630a
[2024-09-06T17:29:43.564+0000] {core_li.py:23} INFO - Successfully updated job requisition 66db04abbf0a19d8769e630c
[2024-09-06T17:29:43.578+0000] {core_li.py:23} INFO - Successfully updated job requisition 66db04abbf0a19d8769e630e
[2024-09-06T17:29:43.591+0000] {core_li.py:23} INFO - Successfully updated job requisition 66db04abbf0a19d8769e6310
[2024-09-06T17:29:43.604+0000] {core_li.py:23} INFO - Successfully updated job requisition 66db04abbf0a19d8769e6312
[2024-09-06T17:29:43.621+0000] {core_li.py:23} INFO - Successfully updated job requisition 66db04abbf0a19d8769e6314
[2024-09-06T17:29:43.630+0000] {core_li.py:23} INFO - Successfully updated job requisition 66db04abbf0a19d8769e6316
[2024-09-06T17:29:43.643+0000] {core_li.py:23} INFO - Successfully updated job requisition 66db04abbf0a19d8769e6318
[2024-09-06T17:29:43.657+0000] {core_li.py:23} INFO - Successfully updated job requisition 66db04abbf0a19d8769e631a
[2024-09-06T17:29:43.667+0000] {core_li.py:23} INFO - Successfully updated job requisition 66db04abbf0a19d8769e631c
[2024-09-06T17:29:43.677+0000] {core_li.py:23} INFO - Successfully updated job requisition 66db04abbf0a19d8769e631e
[2024-09-06T17:29:43.694+0000] {core_li.py:23} INFO - Successfully updated job requisition 66db04abbf0a19d8769e6320
[2024-09-06T17:29:43.710+0000] {core_li.py:23} INFO - Successfully updated job requisition 66db04abbf0a19d8769e6322
[2024-09-06T17:29:43.725+0000] {core_li.py:23} INFO - Successfully updated job requisition 66db04abbf0a19d8769e6324
[2024-09-06T17:29:43.739+0000] {core_li.py:23} INFO - Successfully updated job requisition 66db04abbf0a19d8769e6326
[2024-09-06T17:29:43.753+0000] {core_li.py:23} INFO - Successfully updated job requisition 66db04abbf0a19d8769e6328
[2024-09-06T17:29:43.768+0000] {core_li.py:23} INFO - Successfully updated job requisition 66db04abbf0a19d8769e632a
[2024-09-06T17:29:43.775+0000] {core_li.py:23} INFO - Successfully updated job requisition 66db04abbf0a19d8769e632c
[2024-09-06T17:29:43.787+0000] {core_li.py:23} INFO - Successfully updated job requisition 66db04abbf0a19d8769e632e
[2024-09-06T17:29:43.797+0000] {core_li.py:23} INFO - Successfully updated job requisition 66db04abbf0a19d8769e6330
[2024-09-06T17:29:43.799+0000] {python.py:240} INFO - Done. Returned value was: 100
[2024-09-06T17:29:43.842+0000] {taskinstance.py:340} INFO - ::group::Post task execution logs
[2024-09-06T17:29:43.845+0000] {taskinstance.py:352} INFO - Marking task as SUCCESS. dag_id=async_flow, task_id=task_backfill_number_of_cancelled_candidates_in_batch, run_id=manual__2024-09-06T17:29:39.458358+00:00, map_index=9, execution_date=20240906T172939, start_date=20240906T172942, end_date=20240906T172943
[2024-09-06T17:29:43.897+0000] {local_task_job_runner.py:266} INFO - Task exited with return code 0
[2024-09-06T17:29:43.906+0000] {local_task_job_runner.py:245} INFO - ::endgroup::
