[2024-09-06T17:43:12.189+0000] {local_task_job_runner.py:123} INFO - ::group::Pre task execution logs
[2024-09-06T17:43:12.205+0000] {taskinstance.py:2612} INFO - Dependencies all met for dep_context=non-requeueable deps ti=<TaskInstance: async_flow.task_backfill_number_of_cancelled_candidates_in_batch manual__2024-09-06T17:43:02.727107+00:00 map_index=49 [queued]>
[2024-09-06T17:43:12.214+0000] {taskinstance.py:2612} INFO - Dependencies all met for dep_context=requeueable deps ti=<TaskInstance: async_flow.task_backfill_number_of_cancelled_candidates_in_batch manual__2024-09-06T17:43:02.727107+00:00 map_index=49 [queued]>
[2024-09-06T17:43:12.214+0000] {taskinstance.py:2865} INFO - Starting attempt 1 of 1
[2024-09-06T17:43:12.220+0000] {taskinstance.py:2888} INFO - Executing <Mapped(_PythonDecoratedOperator): task_backfill_number_of_cancelled_candidates_in_batch> on 2024-09-06 17:43:02.727107+00:00
[2024-09-06T17:43:12.224+0000] {warnings.py:112} WARNING - /home/***/.local/lib/python3.12/site-packages/***/task/task_runner/standard_task_runner.py:70: DeprecationWarning: This process (pid=366) is multi-threaded, use of fork() may lead to deadlocks in the child.
  pid = os.fork()

[2024-09-06T17:43:12.225+0000] {standard_task_runner.py:72} INFO - Started process 374 to run task
[2024-09-06T17:43:12.226+0000] {standard_task_runner.py:104} INFO - Running: ['***', 'tasks', 'run', 'async_flow', 'task_backfill_number_of_cancelled_candidates_in_batch', 'manual__2024-09-06T17:43:02.727107+00:00', '--job-id', '225', '--raw', '--subdir', 'DAGS_FOLDER/dags_async_flow.py', '--cfg-path', '/tmp/tmp6de96oxz', '--map-index', '49']
[2024-09-06T17:43:12.227+0000] {standard_task_runner.py:105} INFO - Job 225: Subtask task_backfill_number_of_cancelled_candidates_in_batch
[2024-09-06T17:43:12.250+0000] {task_command.py:467} INFO - Running <TaskInstance: async_flow.task_backfill_number_of_cancelled_candidates_in_batch manual__2024-09-06T17:43:02.727107+00:00 map_index=49 [running]> on host 0817eb6c24af
[2024-09-06T17:43:12.300+0000] {taskinstance.py:3131} INFO - Exporting env vars: AIRFLOW_CTX_DAG_OWNER='***' AIRFLOW_CTX_DAG_ID='async_flow' AIRFLOW_CTX_TASK_ID='task_backfill_number_of_cancelled_candidates_in_batch' AIRFLOW_CTX_EXECUTION_DATE='2024-09-06T17:43:02.727107+00:00' AIRFLOW_CTX_TRY_NUMBER='1' AIRFLOW_CTX_DAG_RUN_ID='manual__2024-09-06T17:43:02.727107+00:00'
[2024-09-06T17:43:12.300+0000] {taskinstance.py:731} INFO - ::endgroup::
[2024-09-06T17:43:12.308+0000] {core_li.py:23} INFO - Successfully updated job requisition 66db04acbf0a19d8769e81aa
[2024-09-06T17:43:12.314+0000] {core_li.py:23} INFO - Successfully updated job requisition 66db04acbf0a19d8769e81ac
[2024-09-06T17:43:12.320+0000] {core_li.py:23} INFO - Successfully updated job requisition 66db04acbf0a19d8769e81ae
[2024-09-06T17:43:12.324+0000] {core_li.py:23} INFO - Successfully updated job requisition 66db04acbf0a19d8769e81b0
[2024-09-06T17:43:12.329+0000] {core_li.py:23} INFO - Successfully updated job requisition 66db04acbf0a19d8769e81b2
[2024-09-06T17:43:12.333+0000] {core_li.py:23} INFO - Successfully updated job requisition 66db04acbf0a19d8769e81b4
[2024-09-06T17:43:12.338+0000] {core_li.py:23} INFO - Successfully updated job requisition 66db04acbf0a19d8769e81b6
[2024-09-06T17:43:12.341+0000] {core_li.py:23} INFO - Successfully updated job requisition 66db04acbf0a19d8769e81b8
[2024-09-06T17:43:12.347+0000] {core_li.py:23} INFO - Successfully updated job requisition 66db04acbf0a19d8769e81ba
[2024-09-06T17:43:12.354+0000] {core_li.py:23} INFO - Successfully updated job requisition 66db04acbf0a19d8769e81bc
[2024-09-06T17:43:12.359+0000] {core_li.py:23} INFO - Successfully updated job requisition 66db04acbf0a19d8769e81be
[2024-09-06T17:43:12.362+0000] {core_li.py:23} INFO - Successfully updated job requisition 66db04acbf0a19d8769e81c0
[2024-09-06T17:43:12.365+0000] {core_li.py:23} INFO - Successfully updated job requisition 66db04acbf0a19d8769e81c2
[2024-09-06T17:43:12.370+0000] {core_li.py:23} INFO - Successfully updated job requisition 66db04acbf0a19d8769e81c4
[2024-09-06T17:43:12.374+0000] {core_li.py:23} INFO - Successfully updated job requisition 66db04acbf0a19d8769e81c6
[2024-09-06T17:43:12.377+0000] {core_li.py:23} INFO - Successfully updated job requisition 66db04acbf0a19d8769e81c8
[2024-09-06T17:43:12.384+0000] {core_li.py:23} INFO - Successfully updated job requisition 66db04acbf0a19d8769e81ca
[2024-09-06T17:43:12.388+0000] {core_li.py:23} INFO - Successfully updated job requisition 66db04acbf0a19d8769e81cc
[2024-09-06T17:43:12.394+0000] {core_li.py:23} INFO - Successfully updated job requisition 66db04acbf0a19d8769e81ce
[2024-09-06T17:43:12.397+0000] {core_li.py:23} INFO - Successfully updated job requisition 66db04acbf0a19d8769e81d0
[2024-09-06T17:43:12.400+0000] {core_li.py:23} INFO - Successfully updated job requisition 66db04acbf0a19d8769e81d2
[2024-09-06T17:43:12.404+0000] {core_li.py:23} INFO - Successfully updated job requisition 66db04acbf0a19d8769e81d4
[2024-09-06T17:43:12.407+0000] {core_li.py:23} INFO - Successfully updated job requisition 66db04acbf0a19d8769e81d6
[2024-09-06T17:43:12.411+0000] {core_li.py:23} INFO - Successfully updated job requisition 66db04acbf0a19d8769e81d8
[2024-09-06T17:43:12.415+0000] {core_li.py:23} INFO - Successfully updated job requisition 66db04acbf0a19d8769e81da
[2024-09-06T17:43:12.420+0000] {core_li.py:23} INFO - Successfully updated job requisition 66db04acbf0a19d8769e81dc
[2024-09-06T17:43:12.423+0000] {core_li.py:23} INFO - Successfully updated job requisition 66db04acbf0a19d8769e81de
[2024-09-06T17:43:12.428+0000] {core_li.py:23} INFO - Successfully updated job requisition 66db04acbf0a19d8769e81e0
[2024-09-06T17:43:12.431+0000] {core_li.py:23} INFO - Successfully updated job requisition 66db04acbf0a19d8769e81e2
[2024-09-06T17:43:12.434+0000] {core_li.py:23} INFO - Successfully updated job requisition 66db04acbf0a19d8769e81e4
[2024-09-06T17:43:12.438+0000] {core_li.py:23} INFO - Successfully updated job requisition 66db04acbf0a19d8769e81e6
[2024-09-06T17:43:12.441+0000] {core_li.py:23} INFO - Successfully updated job requisition 66db04acbf0a19d8769e81e8
[2024-09-06T17:43:12.446+0000] {core_li.py:23} INFO - Successfully updated job requisition 66db04acbf0a19d8769e81ea
[2024-09-06T17:43:12.449+0000] {core_li.py:23} INFO - Successfully updated job requisition 66db04acbf0a19d8769e81ec
[2024-09-06T17:43:12.452+0000] {core_li.py:23} INFO - Successfully updated job requisition 66db04acbf0a19d8769e81ee
[2024-09-06T17:43:12.457+0000] {core_li.py:23} INFO - Successfully updated job requisition 66db04acbf0a19d8769e81f0
[2024-09-06T17:43:12.462+0000] {core_li.py:23} INFO - Successfully updated job requisition 66db04acbf0a19d8769e81f2
[2024-09-06T17:43:12.466+0000] {core_li.py:23} INFO - Successfully updated job requisition 66db04acbf0a19d8769e81f4
[2024-09-06T17:43:12.471+0000] {core_li.py:23} INFO - Successfully updated job requisition 66db04acbf0a19d8769e81f6
[2024-09-06T17:43:12.474+0000] {core_li.py:23} INFO - Successfully updated job requisition 66db04acbf0a19d8769e81f8
[2024-09-06T17:43:12.480+0000] {core_li.py:23} INFO - Successfully updated job requisition 66db04acbf0a19d8769e81fa
[2024-09-06T17:43:12.486+0000] {core_li.py:23} INFO - Successfully updated job requisition 66db04acbf0a19d8769e81fc
[2024-09-06T17:43:12.490+0000] {core_li.py:23} INFO - Successfully updated job requisition 66db04acbf0a19d8769e81fe
[2024-09-06T17:43:12.495+0000] {core_li.py:23} INFO - Successfully updated job requisition 66db04acbf0a19d8769e8200
[2024-09-06T17:43:12.498+0000] {core_li.py:23} INFO - Successfully updated job requisition 66db04acbf0a19d8769e8202
[2024-09-06T17:43:12.501+0000] {core_li.py:23} INFO - Successfully updated job requisition 66db04acbf0a19d8769e8204
[2024-09-06T17:43:12.506+0000] {core_li.py:23} INFO - Successfully updated job requisition 66db04acbf0a19d8769e8206
[2024-09-06T17:43:12.510+0000] {core_li.py:23} INFO - Successfully updated job requisition 66db04acbf0a19d8769e8208
[2024-09-06T17:43:12.514+0000] {core_li.py:23} INFO - Successfully updated job requisition 66db04acbf0a19d8769e820a
[2024-09-06T17:43:12.518+0000] {core_li.py:23} INFO - Successfully updated job requisition 66db04acbf0a19d8769e820c
[2024-09-06T17:43:12.522+0000] {core_li.py:23} INFO - Successfully updated job requisition 66db04acbf0a19d8769e820e
[2024-09-06T17:43:12.526+0000] {core_li.py:23} INFO - Successfully updated job requisition 66db04acbf0a19d8769e8210
[2024-09-06T17:43:12.531+0000] {core_li.py:23} INFO - Successfully updated job requisition 66db04acbf0a19d8769e8212
[2024-09-06T17:43:12.534+0000] {core_li.py:23} INFO - Successfully updated job requisition 66db04acbf0a19d8769e8214
[2024-09-06T17:43:12.538+0000] {core_li.py:23} INFO - Successfully updated job requisition 66db04acbf0a19d8769e8216
[2024-09-06T17:43:12.542+0000] {core_li.py:23} INFO - Successfully updated job requisition 66db04acbf0a19d8769e8218
[2024-09-06T17:43:12.545+0000] {core_li.py:23} INFO - Successfully updated job requisition 66db04acbf0a19d8769e821a
[2024-09-06T17:43:12.549+0000] {core_li.py:23} INFO - Successfully updated job requisition 66db04acbf0a19d8769e821c
[2024-09-06T17:43:12.554+0000] {core_li.py:23} INFO - Successfully updated job requisition 66db04acbf0a19d8769e821e
[2024-09-06T17:43:12.557+0000] {core_li.py:23} INFO - Successfully updated job requisition 66db04acbf0a19d8769e8220
[2024-09-06T17:43:12.562+0000] {core_li.py:23} INFO - Successfully updated job requisition 66db04acbf0a19d8769e8222
[2024-09-06T17:43:12.565+0000] {core_li.py:23} INFO - Successfully updated job requisition 66db04acbf0a19d8769e8224
[2024-09-06T17:43:12.568+0000] {core_li.py:23} INFO - Successfully updated job requisition 66db04acbf0a19d8769e8226
[2024-09-06T17:43:12.573+0000] {core_li.py:23} INFO - Successfully updated job requisition 66db04acbf0a19d8769e8228
[2024-09-06T17:43:12.576+0000] {core_li.py:23} INFO - Successfully updated job requisition 66db04acbf0a19d8769e822a
[2024-09-06T17:43:12.580+0000] {core_li.py:23} INFO - Successfully updated job requisition 66db04acbf0a19d8769e822c
[2024-09-06T17:43:12.583+0000] {core_li.py:23} INFO - Successfully updated job requisition 66db04acbf0a19d8769e822e
[2024-09-06T17:43:12.586+0000] {core_li.py:23} INFO - Successfully updated job requisition 66db04acbf0a19d8769e8230
[2024-09-06T17:43:12.590+0000] {core_li.py:23} INFO - Successfully updated job requisition 66db04acbf0a19d8769e8232
[2024-09-06T17:43:12.593+0000] {core_li.py:23} INFO - Successfully updated job requisition 66db04acbf0a19d8769e8234
[2024-09-06T17:43:12.597+0000] {core_li.py:23} INFO - Successfully updated job requisition 66db04acbf0a19d8769e8236
[2024-09-06T17:43:12.604+0000] {core_li.py:23} INFO - Successfully updated job requisition 66db04acbf0a19d8769e8238
[2024-09-06T17:43:12.607+0000] {core_li.py:23} INFO - Successfully updated job requisition 66db04acbf0a19d8769e823a
[2024-09-06T17:43:12.610+0000] {core_li.py:23} INFO - Successfully updated job requisition 66db04acbf0a19d8769e823c
[2024-09-06T17:43:12.615+0000] {core_li.py:23} INFO - Successfully updated job requisition 66db04acbf0a19d8769e823e
[2024-09-06T17:43:12.621+0000] {core_li.py:23} INFO - Successfully updated job requisition 66db04acbf0a19d8769e8240
[2024-09-06T17:43:12.625+0000] {core_li.py:23} INFO - Successfully updated job requisition 66db04acbf0a19d8769e8242
[2024-09-06T17:43:12.629+0000] {core_li.py:23} INFO - Successfully updated job requisition 66db04acbf0a19d8769e8244
[2024-09-06T17:43:12.633+0000] {core_li.py:23} INFO - Successfully updated job requisition 66db04acbf0a19d8769e8246
[2024-09-06T17:43:12.639+0000] {core_li.py:23} INFO - Successfully updated job requisition 66db04acbf0a19d8769e8248
[2024-09-06T17:43:12.642+0000] {core_li.py:23} INFO - Successfully updated job requisition 66db04acbf0a19d8769e824a
[2024-09-06T17:43:12.647+0000] {core_li.py:23} INFO - Successfully updated job requisition 66db04acbf0a19d8769e824c
[2024-09-06T17:43:12.651+0000] {core_li.py:23} INFO - Successfully updated job requisition 66db04acbf0a19d8769e824e
[2024-09-06T17:43:12.654+0000] {core_li.py:23} INFO - Successfully updated job requisition 66db04acbf0a19d8769e8250
[2024-09-06T17:43:12.659+0000] {core_li.py:23} INFO - Successfully updated job requisition 66db04acbf0a19d8769e8252
[2024-09-06T17:43:12.662+0000] {core_li.py:23} INFO - Successfully updated job requisition 66db04acbf0a19d8769e8254
[2024-09-06T17:43:12.666+0000] {core_li.py:23} INFO - Successfully updated job requisition 66db04acbf0a19d8769e8256
[2024-09-06T17:43:12.669+0000] {core_li.py:23} INFO - Successfully updated job requisition 66db04acbf0a19d8769e8258
[2024-09-06T17:43:12.673+0000] {core_li.py:23} INFO - Successfully updated job requisition 66db04acbf0a19d8769e825a
[2024-09-06T17:43:12.677+0000] {core_li.py:23} INFO - Successfully updated job requisition 66db04acbf0a19d8769e825c
[2024-09-06T17:43:12.680+0000] {core_li.py:23} INFO - Successfully updated job requisition 66db04acbf0a19d8769e825e
[2024-09-06T17:43:12.684+0000] {core_li.py:23} INFO - Successfully updated job requisition 66db04acbf0a19d8769e8260
[2024-09-06T17:43:12.688+0000] {core_li.py:23} INFO - Successfully updated job requisition 66db04acbf0a19d8769e8262
[2024-09-06T17:43:12.692+0000] {core_li.py:23} INFO - Successfully updated job requisition 66db04acbf0a19d8769e8264
[2024-09-06T17:43:12.695+0000] {core_li.py:23} INFO - Successfully updated job requisition 66db04acbf0a19d8769e8266
[2024-09-06T17:43:12.698+0000] {core_li.py:23} INFO - Successfully updated job requisition 66db04acbf0a19d8769e8268
[2024-09-06T17:43:12.702+0000] {core_li.py:23} INFO - Successfully updated job requisition 66db04acbf0a19d8769e826a
[2024-09-06T17:43:12.705+0000] {core_li.py:23} INFO - Successfully updated job requisition 66db04acbf0a19d8769e826c
[2024-09-06T17:43:12.709+0000] {core_li.py:23} INFO - Successfully updated job requisition 66db04acbf0a19d8769e826e
[2024-09-06T17:43:12.712+0000] {core_li.py:23} INFO - Successfully updated job requisition 66db04acbf0a19d8769e8270
[2024-09-06T17:43:12.712+0000] {python.py:240} INFO - Done. Returned value was: 100
[2024-09-06T17:43:12.725+0000] {taskinstance.py:340} INFO - ::group::Post task execution logs
[2024-09-06T17:43:12.725+0000] {taskinstance.py:352} INFO - Marking task as SUCCESS. dag_id=async_flow, task_id=task_backfill_number_of_cancelled_candidates_in_batch, run_id=manual__2024-09-06T17:43:02.727107+00:00, map_index=49, execution_date=20240906T174302, start_date=20240906T174312, end_date=20240906T174312
[2024-09-06T17:43:12.735+0000] {local_task_job_runner.py:266} INFO - Task exited with return code 0
[2024-09-06T17:43:12.753+0000] {taskinstance.py:3900} INFO - 1 downstream tasks scheduled from follow-on schedule check
[2024-09-06T17:43:12.754+0000] {local_task_job_runner.py:245} INFO - ::endgroup::
