[2024-09-06T17:29:49.784+0000] {local_task_job_runner.py:123} INFO - ::group::Pre task execution logs
[2024-09-06T17:29:49.796+0000] {taskinstance.py:2612} INFO - Dependencies all met for dep_context=non-requeueable deps ti=<TaskInstance: async_flow.task_backfill_number_of_cancelled_candidates_in_batch manual__2024-09-06T17:29:39.458358+00:00 map_index=49 [queued]>
[2024-09-06T17:29:49.807+0000] {taskinstance.py:2612} INFO - Dependencies all met for dep_context=requeueable deps ti=<TaskInstance: async_flow.task_backfill_number_of_cancelled_candidates_in_batch manual__2024-09-06T17:29:39.458358+00:00 map_index=49 [queued]>
[2024-09-06T17:29:49.807+0000] {taskinstance.py:2865} INFO - Starting attempt 1 of 1
[2024-09-06T17:29:49.817+0000] {taskinstance.py:2888} INFO - Executing <Mapped(_PythonDecoratedOperator): task_backfill_number_of_cancelled_candidates_in_batch> on 2024-09-06 17:29:39.458358+00:00
[2024-09-06T17:29:49.820+0000] {warnings.py:112} WARNING - /home/***/.local/lib/python3.12/site-packages/***/task/task_runner/standard_task_runner.py:70: DeprecationWarning: This process (pid=3410) is multi-threaded, use of fork() may lead to deadlocks in the child.
  pid = os.fork()

[2024-09-06T17:29:49.821+0000] {standard_task_runner.py:72} INFO - Started process 3420 to run task
[2024-09-06T17:29:49.822+0000] {standard_task_runner.py:104} INFO - Running: ['***', 'tasks', 'run', 'async_flow', 'task_backfill_number_of_cancelled_candidates_in_batch', 'manual__2024-09-06T17:29:39.458358+00:00', '--job-id', '170', '--raw', '--subdir', 'DAGS_FOLDER/dags_async_flow.py', '--cfg-path', '/tmp/tmpbj6wm3ct', '--map-index', '49']
[2024-09-06T17:29:49.823+0000] {standard_task_runner.py:105} INFO - Job 170: Subtask task_backfill_number_of_cancelled_candidates_in_batch
[2024-09-06T17:29:49.845+0000] {task_command.py:467} INFO - Running <TaskInstance: async_flow.task_backfill_number_of_cancelled_candidates_in_batch manual__2024-09-06T17:29:39.458358+00:00 map_index=49 [running]> on host a3a5f1897683
[2024-09-06T17:29:49.897+0000] {taskinstance.py:3131} INFO - Exporting env vars: AIRFLOW_CTX_DAG_OWNER='***' AIRFLOW_CTX_DAG_ID='async_flow' AIRFLOW_CTX_TASK_ID='task_backfill_number_of_cancelled_candidates_in_batch' AIRFLOW_CTX_EXECUTION_DATE='2024-09-06T17:29:39.458358+00:00' AIRFLOW_CTX_TRY_NUMBER='1' AIRFLOW_CTX_DAG_RUN_ID='manual__2024-09-06T17:29:39.458358+00:00'
[2024-09-06T17:29:49.897+0000] {taskinstance.py:731} INFO - ::endgroup::
[2024-09-06T17:29:49.907+0000] {core_li.py:23} INFO - Successfully updated job requisition 66db04abbf0a19d8769e720a
[2024-09-06T17:29:49.912+0000] {core_li.py:23} INFO - Successfully updated job requisition 66db04abbf0a19d8769e720c
[2024-09-06T17:29:49.916+0000] {core_li.py:23} INFO - Successfully updated job requisition 66db04abbf0a19d8769e720e
[2024-09-06T17:29:49.919+0000] {core_li.py:23} INFO - Successfully updated job requisition 66db04abbf0a19d8769e7210
[2024-09-06T17:29:49.923+0000] {core_li.py:23} INFO - Successfully updated job requisition 66db04abbf0a19d8769e7212
[2024-09-06T17:29:49.927+0000] {core_li.py:23} INFO - Successfully updated job requisition 66db04abbf0a19d8769e7214
[2024-09-06T17:29:49.932+0000] {core_li.py:23} INFO - Successfully updated job requisition 66db04abbf0a19d8769e7216
[2024-09-06T17:29:49.935+0000] {core_li.py:23} INFO - Successfully updated job requisition 66db04abbf0a19d8769e7218
[2024-09-06T17:29:49.939+0000] {core_li.py:23} INFO - Successfully updated job requisition 66db04abbf0a19d8769e721a
[2024-09-06T17:29:49.943+0000] {core_li.py:23} INFO - Successfully updated job requisition 66db04abbf0a19d8769e721c
[2024-09-06T17:29:49.950+0000] {core_li.py:23} INFO - Successfully updated job requisition 66db04abbf0a19d8769e721e
[2024-09-06T17:29:49.958+0000] {core_li.py:23} INFO - Successfully updated job requisition 66db04abbf0a19d8769e7220
[2024-09-06T17:29:49.962+0000] {core_li.py:23} INFO - Successfully updated job requisition 66db04abbf0a19d8769e7222
[2024-09-06T17:29:49.966+0000] {core_li.py:23} INFO - Successfully updated job requisition 66db04abbf0a19d8769e7224
[2024-09-06T17:29:49.972+0000] {core_li.py:23} INFO - Successfully updated job requisition 66db04abbf0a19d8769e7226
[2024-09-06T17:29:49.976+0000] {core_li.py:23} INFO - Successfully updated job requisition 66db04abbf0a19d8769e7228
[2024-09-06T17:29:49.981+0000] {core_li.py:23} INFO - Successfully updated job requisition 66db04abbf0a19d8769e722a
[2024-09-06T17:29:49.985+0000] {core_li.py:23} INFO - Successfully updated job requisition 66db04abbf0a19d8769e722c
[2024-09-06T17:29:49.991+0000] {core_li.py:23} INFO - Successfully updated job requisition 66db04abbf0a19d8769e722e
[2024-09-06T17:29:49.995+0000] {core_li.py:23} INFO - Successfully updated job requisition 66db04abbf0a19d8769e7230
[2024-09-06T17:29:49.999+0000] {core_li.py:23} INFO - Successfully updated job requisition 66db04abbf0a19d8769e7232
[2024-09-06T17:29:50.003+0000] {core_li.py:23} INFO - Successfully updated job requisition 66db04abbf0a19d8769e7234
[2024-09-06T17:29:50.006+0000] {core_li.py:23} INFO - Successfully updated job requisition 66db04abbf0a19d8769e7236
[2024-09-06T17:29:50.011+0000] {core_li.py:23} INFO - Successfully updated job requisition 66db04abbf0a19d8769e7238
[2024-09-06T17:29:50.019+0000] {core_li.py:23} INFO - Successfully updated job requisition 66db04abbf0a19d8769e723a
[2024-09-06T17:29:50.023+0000] {core_li.py:23} INFO - Successfully updated job requisition 66db04abbf0a19d8769e723c
[2024-09-06T17:29:50.028+0000] {core_li.py:23} INFO - Successfully updated job requisition 66db04abbf0a19d8769e723e
[2024-09-06T17:29:50.032+0000] {core_li.py:23} INFO - Successfully updated job requisition 66db04abbf0a19d8769e7240
[2024-09-06T17:29:50.037+0000] {core_li.py:23} INFO - Successfully updated job requisition 66db04abbf0a19d8769e7242
[2024-09-06T17:29:50.041+0000] {core_li.py:23} INFO - Successfully updated job requisition 66db04abbf0a19d8769e7244
[2024-09-06T17:29:50.045+0000] {core_li.py:23} INFO - Successfully updated job requisition 66db04abbf0a19d8769e7246
[2024-09-06T17:29:50.049+0000] {core_li.py:23} INFO - Successfully updated job requisition 66db04abbf0a19d8769e7248
[2024-09-06T17:29:50.053+0000] {core_li.py:23} INFO - Successfully updated job requisition 66db04abbf0a19d8769e724a
[2024-09-06T17:29:50.056+0000] {core_li.py:23} INFO - Successfully updated job requisition 66db04abbf0a19d8769e724c
[2024-09-06T17:29:50.060+0000] {core_li.py:23} INFO - Successfully updated job requisition 66db04abbf0a19d8769e724e
[2024-09-06T17:29:50.063+0000] {core_li.py:23} INFO - Successfully updated job requisition 66db04abbf0a19d8769e7250
[2024-09-06T17:29:50.069+0000] {core_li.py:23} INFO - Successfully updated job requisition 66db04abbf0a19d8769e7252
[2024-09-06T17:29:50.072+0000] {core_li.py:23} INFO - Successfully updated job requisition 66db04abbf0a19d8769e7254
[2024-09-06T17:29:50.076+0000] {core_li.py:23} INFO - Successfully updated job requisition 66db04abbf0a19d8769e7256
[2024-09-06T17:29:50.081+0000] {core_li.py:23} INFO - Successfully updated job requisition 66db04abbf0a19d8769e7258
[2024-09-06T17:29:50.085+0000] {core_li.py:23} INFO - Successfully updated job requisition 66db04abbf0a19d8769e725a
[2024-09-06T17:29:50.091+0000] {core_li.py:23} INFO - Successfully updated job requisition 66db04abbf0a19d8769e725c
[2024-09-06T17:29:50.094+0000] {core_li.py:23} INFO - Successfully updated job requisition 66db04abbf0a19d8769e725e
[2024-09-06T17:29:50.098+0000] {core_li.py:23} INFO - Successfully updated job requisition 66db04abbf0a19d8769e7260
[2024-09-06T17:29:50.102+0000] {core_li.py:23} INFO - Successfully updated job requisition 66db04abbf0a19d8769e7262
[2024-09-06T17:29:50.107+0000] {core_li.py:23} INFO - Successfully updated job requisition 66db04abbf0a19d8769e7264
[2024-09-06T17:29:50.110+0000] {core_li.py:23} INFO - Successfully updated job requisition 66db04abbf0a19d8769e7266
[2024-09-06T17:29:50.114+0000] {core_li.py:23} INFO - Successfully updated job requisition 66db04abbf0a19d8769e7268
[2024-09-06T17:29:50.118+0000] {core_li.py:23} INFO - Successfully updated job requisition 66db04abbf0a19d8769e726a
[2024-09-06T17:29:50.125+0000] {core_li.py:23} INFO - Successfully updated job requisition 66db04abbf0a19d8769e726c
[2024-09-06T17:29:50.129+0000] {core_li.py:23} INFO - Successfully updated job requisition 66db04abbf0a19d8769e726e
[2024-09-06T17:29:50.134+0000] {core_li.py:23} INFO - Successfully updated job requisition 66db04abbf0a19d8769e7270
[2024-09-06T17:29:50.138+0000] {core_li.py:23} INFO - Successfully updated job requisition 66db04abbf0a19d8769e7272
[2024-09-06T17:29:50.142+0000] {core_li.py:23} INFO - Successfully updated job requisition 66db04abbf0a19d8769e7274
[2024-09-06T17:29:50.145+0000] {core_li.py:23} INFO - Successfully updated job requisition 66db04abbf0a19d8769e7276
[2024-09-06T17:29:50.148+0000] {core_li.py:23} INFO - Successfully updated job requisition 66db04abbf0a19d8769e7278
[2024-09-06T17:29:50.152+0000] {core_li.py:23} INFO - Successfully updated job requisition 66db04abbf0a19d8769e727a
[2024-09-06T17:29:50.155+0000] {core_li.py:23} INFO - Successfully updated job requisition 66db04abbf0a19d8769e727c
[2024-09-06T17:29:50.159+0000] {core_li.py:23} INFO - Successfully updated job requisition 66db04abbf0a19d8769e727e
[2024-09-06T17:29:50.164+0000] {core_li.py:23} INFO - Successfully updated job requisition 66db04abbf0a19d8769e7280
[2024-09-06T17:29:50.168+0000] {core_li.py:23} INFO - Successfully updated job requisition 66db04abbf0a19d8769e7282
[2024-09-06T17:29:50.173+0000] {core_li.py:23} INFO - Successfully updated job requisition 66db04abbf0a19d8769e7284
[2024-09-06T17:29:50.176+0000] {core_li.py:23} INFO - Successfully updated job requisition 66db04abbf0a19d8769e7286
[2024-09-06T17:29:50.182+0000] {core_li.py:23} INFO - Successfully updated job requisition 66db04abbf0a19d8769e7288
[2024-09-06T17:29:50.192+0000] {core_li.py:23} INFO - Successfully updated job requisition 66db04abbf0a19d8769e728a
[2024-09-06T17:29:50.197+0000] {core_li.py:23} INFO - Successfully updated job requisition 66db04abbf0a19d8769e728c
[2024-09-06T17:29:50.202+0000] {core_li.py:23} INFO - Successfully updated job requisition 66db04abbf0a19d8769e728e
[2024-09-06T17:29:50.207+0000] {core_li.py:23} INFO - Successfully updated job requisition 66db04abbf0a19d8769e7290
[2024-09-06T17:29:50.211+0000] {core_li.py:23} INFO - Successfully updated job requisition 66db04abbf0a19d8769e7292
[2024-09-06T17:29:50.216+0000] {core_li.py:23} INFO - Successfully updated job requisition 66db04abbf0a19d8769e7294
[2024-09-06T17:29:50.219+0000] {core_li.py:23} INFO - Successfully updated job requisition 66db04abbf0a19d8769e7296
[2024-09-06T17:29:50.224+0000] {core_li.py:23} INFO - Successfully updated job requisition 66db04abbf0a19d8769e7298
[2024-09-06T17:29:50.229+0000] {core_li.py:23} INFO - Successfully updated job requisition 66db04abbf0a19d8769e729a
[2024-09-06T17:29:50.232+0000] {core_li.py:23} INFO - Successfully updated job requisition 66db04abbf0a19d8769e729c
[2024-09-06T17:29:50.237+0000] {core_li.py:23} INFO - Successfully updated job requisition 66db04abbf0a19d8769e729e
[2024-09-06T17:29:50.240+0000] {core_li.py:23} INFO - Successfully updated job requisition 66db04abbf0a19d8769e72a0
[2024-09-06T17:29:50.250+0000] {core_li.py:23} INFO - Successfully updated job requisition 66db04abbf0a19d8769e72a2
[2024-09-06T17:29:50.254+0000] {core_li.py:23} INFO - Successfully updated job requisition 66db04abbf0a19d8769e72a4
[2024-09-06T17:29:50.258+0000] {core_li.py:23} INFO - Successfully updated job requisition 66db04abbf0a19d8769e72a6
[2024-09-06T17:29:50.261+0000] {core_li.py:23} INFO - Successfully updated job requisition 66db04abbf0a19d8769e72a8
[2024-09-06T17:29:50.270+0000] {core_li.py:23} INFO - Successfully updated job requisition 66db04abbf0a19d8769e72aa
[2024-09-06T17:29:50.273+0000] {core_li.py:23} INFO - Successfully updated job requisition 66db04abbf0a19d8769e72ac
[2024-09-06T17:29:50.277+0000] {core_li.py:23} INFO - Successfully updated job requisition 66db04abbf0a19d8769e72ae
[2024-09-06T17:29:50.283+0000] {core_li.py:23} INFO - Successfully updated job requisition 66db04abbf0a19d8769e72b0
[2024-09-06T17:29:50.286+0000] {core_li.py:23} INFO - Successfully updated job requisition 66db04abbf0a19d8769e72b2
[2024-09-06T17:29:50.291+0000] {core_li.py:23} INFO - Successfully updated job requisition 66db04abbf0a19d8769e72b4
[2024-09-06T17:29:50.295+0000] {core_li.py:23} INFO - Successfully updated job requisition 66db04abbf0a19d8769e72b6
[2024-09-06T17:29:50.300+0000] {core_li.py:23} INFO - Successfully updated job requisition 66db04abbf0a19d8769e72b8
[2024-09-06T17:29:50.310+0000] {core_li.py:23} INFO - Successfully updated job requisition 66db04abbf0a19d8769e72ba
[2024-09-06T17:29:50.317+0000] {core_li.py:23} INFO - Successfully updated job requisition 66db04abbf0a19d8769e72bc
[2024-09-06T17:29:50.323+0000] {core_li.py:23} INFO - Successfully updated job requisition 66db04abbf0a19d8769e72be
[2024-09-06T17:29:50.326+0000] {core_li.py:23} INFO - Successfully updated job requisition 66db04abbf0a19d8769e72c0
[2024-09-06T17:29:50.330+0000] {core_li.py:23} INFO - Successfully updated job requisition 66db04abbf0a19d8769e72c2
[2024-09-06T17:29:50.336+0000] {core_li.py:23} INFO - Successfully updated job requisition 66db04abbf0a19d8769e72c4
[2024-09-06T17:29:50.340+0000] {core_li.py:23} INFO - Successfully updated job requisition 66db04abbf0a19d8769e72c6
[2024-09-06T17:29:50.345+0000] {core_li.py:23} INFO - Successfully updated job requisition 66db04abbf0a19d8769e72c8
[2024-09-06T17:29:50.348+0000] {core_li.py:23} INFO - Successfully updated job requisition 66db04abbf0a19d8769e72ca
[2024-09-06T17:29:50.353+0000] {core_li.py:23} INFO - Successfully updated job requisition 66db04abbf0a19d8769e72cc
[2024-09-06T17:29:50.356+0000] {core_li.py:23} INFO - Successfully updated job requisition 66db04abbf0a19d8769e72ce
[2024-09-06T17:29:50.360+0000] {core_li.py:23} INFO - Successfully updated job requisition 66db04abbf0a19d8769e72d0
[2024-09-06T17:29:50.360+0000] {python.py:240} INFO - Done. Returned value was: 100
[2024-09-06T17:29:50.371+0000] {taskinstance.py:340} INFO - ::group::Post task execution logs
[2024-09-06T17:29:50.371+0000] {taskinstance.py:352} INFO - Marking task as SUCCESS. dag_id=async_flow, task_id=task_backfill_number_of_cancelled_candidates_in_batch, run_id=manual__2024-09-06T17:29:39.458358+00:00, map_index=49, execution_date=20240906T172939, start_date=20240906T172949, end_date=20240906T172950
[2024-09-06T17:29:50.409+0000] {local_task_job_runner.py:266} INFO - Task exited with return code 0
[2024-09-06T17:29:50.420+0000] {local_task_job_runner.py:245} INFO - ::endgroup::
