[2024-09-06T17:45:56.571+0000] {local_task_job_runner.py:123} INFO - ::group::Pre task execution logs
[2024-09-06T17:45:56.605+0000] {taskinstance.py:2612} INFO - Dependencies all met for dep_context=non-requeueable deps ti=<TaskInstance: async_flow.task_backfill_number_of_cancelled_candidates_in_batch manual__2024-09-06T17:29:39.458358+00:00 map_index=49 [queued]>
[2024-09-06T17:45:56.615+0000] {taskinstance.py:2612} INFO - Dependencies all met for dep_context=requeueable deps ti=<TaskInstance: async_flow.task_backfill_number_of_cancelled_candidates_in_batch manual__2024-09-06T17:29:39.458358+00:00 map_index=49 [queued]>
[2024-09-06T17:45:56.618+0000] {taskinstance.py:2865} INFO - Starting attempt 2 of 2
[2024-09-06T17:45:56.639+0000] {taskinstance.py:2888} INFO - Executing <Mapped(_PythonDecoratedOperator): task_backfill_number_of_cancelled_candidates_in_batch> on 2024-09-06 17:29:39.458358+00:00
[2024-09-06T17:45:56.656+0000] {warnings.py:112} WARNING - /home/***/.local/lib/python3.12/site-packages/***/task/task_runner/standard_task_runner.py:70: DeprecationWarning: This process (pid=712) is multi-threaded, use of fork() may lead to deadlocks in the child.
  pid = os.fork()

[2024-09-06T17:45:56.663+0000] {standard_task_runner.py:72} INFO - Started process 796 to run task
[2024-09-06T17:45:56.670+0000] {standard_task_runner.py:104} INFO - Running: ['***', 'tasks', 'run', 'async_flow', 'task_backfill_number_of_cancelled_candidates_in_batch', 'manual__2024-09-06T17:29:39.458358+00:00', '--job-id', '288', '--raw', '--subdir', 'DAGS_FOLDER/dags_async_flow.py', '--cfg-path', '/tmp/tmpf45o7n3n', '--map-index', '49']
[2024-09-06T17:45:56.674+0000] {standard_task_runner.py:105} INFO - Job 288: Subtask task_backfill_number_of_cancelled_candidates_in_batch
[2024-09-06T17:45:56.760+0000] {task_command.py:467} INFO - Running <TaskInstance: async_flow.task_backfill_number_of_cancelled_candidates_in_batch manual__2024-09-06T17:29:39.458358+00:00 map_index=49 [running]> on host 0817eb6c24af
[2024-09-06T17:45:56.840+0000] {taskinstance.py:3131} INFO - Exporting env vars: AIRFLOW_CTX_DAG_OWNER='***' AIRFLOW_CTX_DAG_ID='async_flow' AIRFLOW_CTX_TASK_ID='task_backfill_number_of_cancelled_candidates_in_batch' AIRFLOW_CTX_EXECUTION_DATE='2024-09-06T17:29:39.458358+00:00' AIRFLOW_CTX_TRY_NUMBER='2' AIRFLOW_CTX_DAG_RUN_ID='manual__2024-09-06T17:29:39.458358+00:00'
[2024-09-06T17:45:56.841+0000] {taskinstance.py:731} INFO - ::endgroup::
[2024-09-06T17:45:56.860+0000] {core_li.py:23} INFO - Successfully updated job requisition 66db04abbf0a19d8769e720a
[2024-09-06T17:45:56.870+0000] {core_li.py:23} INFO - Successfully updated job requisition 66db04abbf0a19d8769e720c
[2024-09-06T17:45:56.879+0000] {core_li.py:23} INFO - Successfully updated job requisition 66db04abbf0a19d8769e720e
[2024-09-06T17:45:56.888+0000] {core_li.py:23} INFO - Successfully updated job requisition 66db04abbf0a19d8769e7210
[2024-09-06T17:45:56.899+0000] {core_li.py:23} INFO - Successfully updated job requisition 66db04abbf0a19d8769e7212
[2024-09-06T17:45:56.906+0000] {core_li.py:23} INFO - Successfully updated job requisition 66db04abbf0a19d8769e7214
[2024-09-06T17:45:56.914+0000] {core_li.py:23} INFO - Successfully updated job requisition 66db04abbf0a19d8769e7216
[2024-09-06T17:45:56.924+0000] {core_li.py:23} INFO - Successfully updated job requisition 66db04abbf0a19d8769e7218
[2024-09-06T17:45:56.930+0000] {core_li.py:23} INFO - Successfully updated job requisition 66db04abbf0a19d8769e721a
[2024-09-06T17:45:56.940+0000] {core_li.py:23} INFO - Successfully updated job requisition 66db04abbf0a19d8769e721c
[2024-09-06T17:45:56.948+0000] {core_li.py:23} INFO - Successfully updated job requisition 66db04abbf0a19d8769e721e
[2024-09-06T17:45:56.964+0000] {core_li.py:23} INFO - Successfully updated job requisition 66db04abbf0a19d8769e7220
[2024-09-06T17:45:56.972+0000] {core_li.py:23} INFO - Successfully updated job requisition 66db04abbf0a19d8769e7222
[2024-09-06T17:45:56.980+0000] {core_li.py:23} INFO - Successfully updated job requisition 66db04abbf0a19d8769e7224
[2024-09-06T17:45:56.989+0000] {core_li.py:23} INFO - Successfully updated job requisition 66db04abbf0a19d8769e7226
[2024-09-06T17:45:56.999+0000] {core_li.py:23} INFO - Successfully updated job requisition 66db04abbf0a19d8769e7228
[2024-09-06T17:45:57.006+0000] {core_li.py:23} INFO - Successfully updated job requisition 66db04abbf0a19d8769e722a
[2024-09-06T17:45:57.016+0000] {core_li.py:23} INFO - Successfully updated job requisition 66db04abbf0a19d8769e722c
[2024-09-06T17:45:57.024+0000] {core_li.py:23} INFO - Successfully updated job requisition 66db04abbf0a19d8769e722e
[2024-09-06T17:45:57.030+0000] {core_li.py:23} INFO - Successfully updated job requisition 66db04abbf0a19d8769e7230
[2024-09-06T17:45:57.041+0000] {core_li.py:23} INFO - Successfully updated job requisition 66db04abbf0a19d8769e7232
[2024-09-06T17:45:57.048+0000] {core_li.py:23} INFO - Successfully updated job requisition 66db04abbf0a19d8769e7234
[2024-09-06T17:45:57.057+0000] {core_li.py:23} INFO - Successfully updated job requisition 66db04abbf0a19d8769e7236
[2024-09-06T17:45:57.066+0000] {core_li.py:23} INFO - Successfully updated job requisition 66db04abbf0a19d8769e7238
[2024-09-06T17:45:57.074+0000] {core_li.py:23} INFO - Successfully updated job requisition 66db04abbf0a19d8769e723a
[2024-09-06T17:45:57.083+0000] {core_li.py:23} INFO - Successfully updated job requisition 66db04abbf0a19d8769e723c
[2024-09-06T17:45:57.090+0000] {core_li.py:23} INFO - Successfully updated job requisition 66db04abbf0a19d8769e723e
[2024-09-06T17:45:57.098+0000] {core_li.py:23} INFO - Successfully updated job requisition 66db04abbf0a19d8769e7240
[2024-09-06T17:45:57.105+0000] {core_li.py:23} INFO - Successfully updated job requisition 66db04abbf0a19d8769e7242
[2024-09-06T17:45:57.113+0000] {core_li.py:23} INFO - Successfully updated job requisition 66db04abbf0a19d8769e7244
[2024-09-06T17:45:57.122+0000] {core_li.py:23} INFO - Successfully updated job requisition 66db04abbf0a19d8769e7246
[2024-09-06T17:45:57.131+0000] {core_li.py:23} INFO - Successfully updated job requisition 66db04abbf0a19d8769e7248
[2024-09-06T17:45:57.141+0000] {core_li.py:23} INFO - Successfully updated job requisition 66db04abbf0a19d8769e724a
[2024-09-06T17:45:57.156+0000] {core_li.py:23} INFO - Successfully updated job requisition 66db04abbf0a19d8769e724c
[2024-09-06T17:45:57.174+0000] {core_li.py:23} INFO - Successfully updated job requisition 66db04abbf0a19d8769e724e
[2024-09-06T17:45:57.185+0000] {core_li.py:23} INFO - Successfully updated job requisition 66db04abbf0a19d8769e7250
[2024-09-06T17:45:57.196+0000] {core_li.py:23} INFO - Successfully updated job requisition 66db04abbf0a19d8769e7252
[2024-09-06T17:45:57.203+0000] {core_li.py:23} INFO - Successfully updated job requisition 66db04abbf0a19d8769e7254
[2024-09-06T17:45:57.212+0000] {core_li.py:23} INFO - Successfully updated job requisition 66db04abbf0a19d8769e7256
[2024-09-06T17:45:57.219+0000] {core_li.py:23} INFO - Successfully updated job requisition 66db04abbf0a19d8769e7258
[2024-09-06T17:45:57.228+0000] {core_li.py:23} INFO - Successfully updated job requisition 66db04abbf0a19d8769e725a
[2024-09-06T17:45:57.242+0000] {core_li.py:23} INFO - Successfully updated job requisition 66db04abbf0a19d8769e725c
[2024-09-06T17:45:57.257+0000] {core_li.py:23} INFO - Successfully updated job requisition 66db04abbf0a19d8769e725e
[2024-09-06T17:45:57.266+0000] {core_li.py:23} INFO - Successfully updated job requisition 66db04abbf0a19d8769e7260
[2024-09-06T17:45:57.274+0000] {core_li.py:23} INFO - Successfully updated job requisition 66db04abbf0a19d8769e7262
[2024-09-06T17:45:57.280+0000] {core_li.py:23} INFO - Successfully updated job requisition 66db04abbf0a19d8769e7264
[2024-09-06T17:45:57.288+0000] {core_li.py:23} INFO - Successfully updated job requisition 66db04abbf0a19d8769e7266
[2024-09-06T17:45:57.295+0000] {core_li.py:23} INFO - Successfully updated job requisition 66db04abbf0a19d8769e7268
[2024-09-06T17:45:57.303+0000] {core_li.py:23} INFO - Successfully updated job requisition 66db04abbf0a19d8769e726a
[2024-09-06T17:45:57.308+0000] {core_li.py:23} INFO - Successfully updated job requisition 66db04abbf0a19d8769e726c
[2024-09-06T17:45:57.318+0000] {core_li.py:23} INFO - Successfully updated job requisition 66db04abbf0a19d8769e726e
[2024-09-06T17:45:57.325+0000] {core_li.py:23} INFO - Successfully updated job requisition 66db04abbf0a19d8769e7270
[2024-09-06T17:45:57.333+0000] {core_li.py:23} INFO - Successfully updated job requisition 66db04abbf0a19d8769e7272
[2024-09-06T17:45:57.342+0000] {core_li.py:23} INFO - Successfully updated job requisition 66db04abbf0a19d8769e7274
[2024-09-06T17:45:57.349+0000] {core_li.py:23} INFO - Successfully updated job requisition 66db04abbf0a19d8769e7276
[2024-09-06T17:45:57.357+0000] {core_li.py:23} INFO - Successfully updated job requisition 66db04abbf0a19d8769e7278
[2024-09-06T17:45:57.365+0000] {core_li.py:23} INFO - Successfully updated job requisition 66db04abbf0a19d8769e727a
[2024-09-06T17:45:57.373+0000] {core_li.py:23} INFO - Successfully updated job requisition 66db04abbf0a19d8769e727c
[2024-09-06T17:45:57.382+0000] {core_li.py:23} INFO - Successfully updated job requisition 66db04abbf0a19d8769e727e
[2024-09-06T17:45:57.391+0000] {core_li.py:23} INFO - Successfully updated job requisition 66db04abbf0a19d8769e7280
[2024-09-06T17:45:57.399+0000] {core_li.py:23} INFO - Successfully updated job requisition 66db04abbf0a19d8769e7282
[2024-09-06T17:45:57.412+0000] {core_li.py:23} INFO - Successfully updated job requisition 66db04abbf0a19d8769e7284
[2024-09-06T17:45:57.418+0000] {core_li.py:23} INFO - Successfully updated job requisition 66db04abbf0a19d8769e7286
[2024-09-06T17:45:57.426+0000] {core_li.py:23} INFO - Successfully updated job requisition 66db04abbf0a19d8769e7288
[2024-09-06T17:45:57.434+0000] {core_li.py:23} INFO - Successfully updated job requisition 66db04abbf0a19d8769e728a
[2024-09-06T17:45:57.439+0000] {core_li.py:23} INFO - Successfully updated job requisition 66db04abbf0a19d8769e728c
[2024-09-06T17:45:57.449+0000] {core_li.py:23} INFO - Successfully updated job requisition 66db04abbf0a19d8769e728e
[2024-09-06T17:45:57.458+0000] {core_li.py:23} INFO - Successfully updated job requisition 66db04abbf0a19d8769e7290
[2024-09-06T17:45:57.470+0000] {core_li.py:23} INFO - Successfully updated job requisition 66db04abbf0a19d8769e7292
[2024-09-06T17:45:57.478+0000] {core_li.py:23} INFO - Successfully updated job requisition 66db04abbf0a19d8769e7294
[2024-09-06T17:45:57.487+0000] {core_li.py:23} INFO - Successfully updated job requisition 66db04abbf0a19d8769e7296
[2024-09-06T17:45:57.495+0000] {core_li.py:23} INFO - Successfully updated job requisition 66db04abbf0a19d8769e7298
[2024-09-06T17:45:57.503+0000] {core_li.py:23} INFO - Successfully updated job requisition 66db04abbf0a19d8769e729a
[2024-09-06T17:45:57.513+0000] {core_li.py:23} INFO - Successfully updated job requisition 66db04abbf0a19d8769e729c
[2024-09-06T17:45:57.521+0000] {core_li.py:23} INFO - Successfully updated job requisition 66db04abbf0a19d8769e729e
[2024-09-06T17:45:57.529+0000] {core_li.py:23} INFO - Successfully updated job requisition 66db04abbf0a19d8769e72a0
[2024-09-06T17:45:57.536+0000] {core_li.py:23} INFO - Successfully updated job requisition 66db04abbf0a19d8769e72a2
[2024-09-06T17:45:57.542+0000] {core_li.py:23} INFO - Successfully updated job requisition 66db04abbf0a19d8769e72a4
[2024-09-06T17:45:57.551+0000] {core_li.py:23} INFO - Successfully updated job requisition 66db04abbf0a19d8769e72a6
[2024-09-06T17:45:57.557+0000] {core_li.py:23} INFO - Successfully updated job requisition 66db04abbf0a19d8769e72a8
[2024-09-06T17:45:57.581+0000] {core_li.py:23} INFO - Successfully updated job requisition 66db04abbf0a19d8769e72aa
[2024-09-06T17:45:57.590+0000] {core_li.py:23} INFO - Successfully updated job requisition 66db04abbf0a19d8769e72ac
[2024-09-06T17:45:57.597+0000] {core_li.py:23} INFO - Successfully updated job requisition 66db04abbf0a19d8769e72ae
[2024-09-06T17:45:57.611+0000] {core_li.py:23} INFO - Successfully updated job requisition 66db04abbf0a19d8769e72b0
[2024-09-06T17:45:57.627+0000] {core_li.py:23} INFO - Successfully updated job requisition 66db04abbf0a19d8769e72b2
[2024-09-06T17:45:57.635+0000] {core_li.py:23} INFO - Successfully updated job requisition 66db04abbf0a19d8769e72b4
[2024-09-06T17:45:57.642+0000] {core_li.py:23} INFO - Successfully updated job requisition 66db04abbf0a19d8769e72b6
[2024-09-06T17:45:57.651+0000] {core_li.py:23} INFO - Successfully updated job requisition 66db04abbf0a19d8769e72b8
[2024-09-06T17:45:57.662+0000] {core_li.py:23} INFO - Successfully updated job requisition 66db04abbf0a19d8769e72ba
[2024-09-06T17:45:57.668+0000] {core_li.py:23} INFO - Successfully updated job requisition 66db04abbf0a19d8769e72bc
[2024-09-06T17:45:57.676+0000] {core_li.py:23} INFO - Successfully updated job requisition 66db04abbf0a19d8769e72be
[2024-09-06T17:45:57.683+0000] {core_li.py:23} INFO - Successfully updated job requisition 66db04abbf0a19d8769e72c0
[2024-09-06T17:45:57.693+0000] {core_li.py:23} INFO - Successfully updated job requisition 66db04abbf0a19d8769e72c2
[2024-09-06T17:45:57.704+0000] {core_li.py:23} INFO - Successfully updated job requisition 66db04abbf0a19d8769e72c4
[2024-09-06T17:45:57.711+0000] {core_li.py:23} INFO - Successfully updated job requisition 66db04abbf0a19d8769e72c6
[2024-09-06T17:45:57.716+0000] {core_li.py:23} INFO - Successfully updated job requisition 66db04abbf0a19d8769e72c8
[2024-09-06T17:45:57.720+0000] {core_li.py:23} INFO - Successfully updated job requisition 66db04abbf0a19d8769e72ca
[2024-09-06T17:45:57.726+0000] {core_li.py:23} INFO - Successfully updated job requisition 66db04abbf0a19d8769e72cc
[2024-09-06T17:45:57.735+0000] {core_li.py:23} INFO - Successfully updated job requisition 66db04abbf0a19d8769e72ce
[2024-09-06T17:45:57.740+0000] {core_li.py:23} INFO - Successfully updated job requisition 66db04abbf0a19d8769e72d0
[2024-09-06T17:45:57.741+0000] {python.py:240} INFO - Done. Returned value was: 100
[2024-09-06T17:45:57.768+0000] {taskinstance.py:340} INFO - ::group::Post task execution logs
[2024-09-06T17:45:57.769+0000] {taskinstance.py:352} INFO - Marking task as SUCCESS. dag_id=async_flow, task_id=task_backfill_number_of_cancelled_candidates_in_batch, run_id=manual__2024-09-06T17:29:39.458358+00:00, map_index=49, execution_date=20240906T172939, start_date=20240906T174556, end_date=20240906T174557
[2024-09-06T17:45:57.799+0000] {local_task_job_runner.py:266} INFO - Task exited with return code 0
[2024-09-06T17:45:57.817+0000] {taskinstance.py:3900} INFO - 1 downstream tasks scheduled from follow-on schedule check
[2024-09-06T17:45:57.819+0000] {local_task_job_runner.py:245} INFO - ::endgroup::
