[2024-09-06T17:47:37.816+0000] {local_task_job_runner.py:123} INFO - ::group::Pre task execution logs
[2024-09-06T17:47:37.838+0000] {taskinstance.py:2612} INFO - Dependencies all met for dep_context=non-requeueable deps ti=<TaskInstance: async_flow.task_backfill_number_of_cancelled_candidates_in_batch manual__2024-09-06T17:47:30.120511+00:00 map_index=32 [queued]>
[2024-09-06T17:47:37.856+0000] {taskinstance.py:2612} INFO - Dependencies all met for dep_context=requeueable deps ti=<TaskInstance: async_flow.task_backfill_number_of_cancelled_candidates_in_batch manual__2024-09-06T17:47:30.120511+00:00 map_index=32 [queued]>
[2024-09-06T17:47:37.858+0000] {taskinstance.py:2865} INFO - Starting attempt 1 of 1
[2024-09-06T17:47:37.872+0000] {taskinstance.py:2888} INFO - Executing <Mapped(_PythonDecoratedOperator): task_backfill_number_of_cancelled_candidates_in_batch> on 2024-09-06 17:47:30.120511+00:00
[2024-09-06T17:47:37.881+0000] {warnings.py:112} WARNING - /home/***/.local/lib/python3.12/site-packages/***/task/task_runner/standard_task_runner.py:70: DeprecationWarning: This process (pid=1242) is multi-threaded, use of fork() may lead to deadlocks in the child.
  pid = os.fork()

[2024-09-06T17:47:37.883+0000] {standard_task_runner.py:72} INFO - Started process 1321 to run task
[2024-09-06T17:47:37.887+0000] {standard_task_runner.py:104} INFO - Running: ['***', 'tasks', 'run', 'async_flow', 'task_backfill_number_of_cancelled_candidates_in_batch', 'manual__2024-09-06T17:47:30.120511+00:00', '--job-id', '371', '--raw', '--subdir', 'DAGS_FOLDER/dags_async_flow.py', '--cfg-path', '/tmp/tmpkmbr3kzv', '--map-index', '32']
[2024-09-06T17:47:37.890+0000] {standard_task_runner.py:105} INFO - Job 371: Subtask task_backfill_number_of_cancelled_candidates_in_batch
[2024-09-06T17:47:37.994+0000] {task_command.py:467} INFO - Running <TaskInstance: async_flow.task_backfill_number_of_cancelled_candidates_in_batch manual__2024-09-06T17:47:30.120511+00:00 map_index=32 [running]> on host 0817eb6c24af
[2024-09-06T17:47:38.111+0000] {taskinstance.py:3131} INFO - Exporting env vars: AIRFLOW_CTX_DAG_OWNER='***' AIRFLOW_CTX_DAG_ID='async_flow' AIRFLOW_CTX_TASK_ID='task_backfill_number_of_cancelled_candidates_in_batch' AIRFLOW_CTX_EXECUTION_DATE='2024-09-06T17:47:30.120511+00:00' AIRFLOW_CTX_TRY_NUMBER='1' AIRFLOW_CTX_DAG_RUN_ID='manual__2024-09-06T17:47:30.120511+00:00'
[2024-09-06T17:47:38.112+0000] {taskinstance.py:731} INFO - ::endgroup::
[2024-09-06T17:47:38.128+0000] {core_li.py:23} INFO - Successfully updated job requisition 66db04abbf0a19d8769e72d2
[2024-09-06T17:47:38.138+0000] {core_li.py:23} INFO - Successfully updated job requisition 66db04abbf0a19d8769e72d4
[2024-09-06T17:47:38.146+0000] {core_li.py:23} INFO - Successfully updated job requisition 66db04abbf0a19d8769e72d6
[2024-09-06T17:47:38.160+0000] {core_li.py:23} INFO - Successfully updated job requisition 66db04abbf0a19d8769e72d8
[2024-09-06T17:47:38.174+0000] {core_li.py:23} INFO - Successfully updated job requisition 66db04abbf0a19d8769e72da
[2024-09-06T17:47:38.185+0000] {core_li.py:23} INFO - Successfully updated job requisition 66db04abbf0a19d8769e72dc
[2024-09-06T17:47:38.198+0000] {core_li.py:23} INFO - Successfully updated job requisition 66db04abbf0a19d8769e72de
[2024-09-06T17:47:38.211+0000] {core_li.py:23} INFO - Successfully updated job requisition 66db04abbf0a19d8769e72e0
[2024-09-06T17:47:38.217+0000] {core_li.py:23} INFO - Successfully updated job requisition 66db04abbf0a19d8769e72e2
[2024-09-06T17:47:38.225+0000] {core_li.py:23} INFO - Successfully updated job requisition 66db04abbf0a19d8769e72e4
[2024-09-06T17:47:38.233+0000] {core_li.py:23} INFO - Successfully updated job requisition 66db04abbf0a19d8769e72e6
[2024-09-06T17:47:38.243+0000] {core_li.py:23} INFO - Successfully updated job requisition 66db04abbf0a19d8769e72e8
[2024-09-06T17:47:38.253+0000] {core_li.py:23} INFO - Successfully updated job requisition 66db04abbf0a19d8769e72ea
[2024-09-06T17:47:38.262+0000] {core_li.py:23} INFO - Successfully updated job requisition 66db04abbf0a19d8769e72ec
[2024-09-06T17:47:38.272+0000] {core_li.py:23} INFO - Successfully updated job requisition 66db04abbf0a19d8769e72ee
[2024-09-06T17:47:38.280+0000] {core_li.py:23} INFO - Successfully updated job requisition 66db04abbf0a19d8769e72f0
[2024-09-06T17:47:38.287+0000] {core_li.py:23} INFO - Successfully updated job requisition 66db04abbf0a19d8769e72f2
[2024-09-06T17:47:38.298+0000] {core_li.py:23} INFO - Successfully updated job requisition 66db04abbf0a19d8769e72f4
[2024-09-06T17:47:38.309+0000] {core_li.py:23} INFO - Successfully updated job requisition 66db04abbf0a19d8769e72f6
[2024-09-06T17:47:38.320+0000] {core_li.py:23} INFO - Successfully updated job requisition 66db04abbf0a19d8769e72f8
[2024-09-06T17:47:38.331+0000] {core_li.py:23} INFO - Successfully updated job requisition 66db04abbf0a19d8769e72fa
[2024-09-06T17:47:38.338+0000] {core_li.py:23} INFO - Successfully updated job requisition 66db04abbf0a19d8769e72fc
[2024-09-06T17:47:38.346+0000] {core_li.py:23} INFO - Successfully updated job requisition 66db04abbf0a19d8769e72fe
[2024-09-06T17:47:38.354+0000] {core_li.py:23} INFO - Successfully updated job requisition 66db04abbf0a19d8769e7300
[2024-09-06T17:47:38.361+0000] {core_li.py:23} INFO - Successfully updated job requisition 66db04abbf0a19d8769e7302
[2024-09-06T17:47:38.368+0000] {core_li.py:23} INFO - Successfully updated job requisition 66db04abbf0a19d8769e7304
[2024-09-06T17:47:38.386+0000] {core_li.py:23} INFO - Successfully updated job requisition 66db04abbf0a19d8769e7306
[2024-09-06T17:47:38.394+0000] {core_li.py:23} INFO - Successfully updated job requisition 66db04abbf0a19d8769e7308
[2024-09-06T17:47:38.400+0000] {core_li.py:23} INFO - Successfully updated job requisition 66db04abbf0a19d8769e730a
[2024-09-06T17:47:38.407+0000] {core_li.py:23} INFO - Successfully updated job requisition 66db04abbf0a19d8769e730c
[2024-09-06T17:47:38.416+0000] {core_li.py:23} INFO - Successfully updated job requisition 66db04abbf0a19d8769e730e
[2024-09-06T17:47:38.425+0000] {core_li.py:23} INFO - Successfully updated job requisition 66db04abbf0a19d8769e7310
[2024-09-06T17:47:38.434+0000] {core_li.py:23} INFO - Successfully updated job requisition 66db04abbf0a19d8769e7312
[2024-09-06T17:47:38.444+0000] {core_li.py:23} INFO - Successfully updated job requisition 66db04abbf0a19d8769e7314
[2024-09-06T17:47:38.453+0000] {core_li.py:23} INFO - Successfully updated job requisition 66db04abbf0a19d8769e7316
[2024-09-06T17:47:38.462+0000] {core_li.py:23} INFO - Successfully updated job requisition 66db04abbf0a19d8769e7318
[2024-09-06T17:47:38.471+0000] {core_li.py:23} INFO - Successfully updated job requisition 66db04abbf0a19d8769e731a
[2024-09-06T17:47:38.478+0000] {core_li.py:23} INFO - Successfully updated job requisition 66db04abbf0a19d8769e731c
[2024-09-06T17:47:38.488+0000] {core_li.py:23} INFO - Successfully updated job requisition 66db04abbf0a19d8769e731e
[2024-09-06T17:47:38.495+0000] {core_li.py:23} INFO - Successfully updated job requisition 66db04abbf0a19d8769e7320
[2024-09-06T17:47:38.545+0000] {core_li.py:23} INFO - Successfully updated job requisition 66db04abbf0a19d8769e7322
[2024-09-06T17:47:38.555+0000] {core_li.py:23} INFO - Successfully updated job requisition 66db04abbf0a19d8769e7324
[2024-09-06T17:47:38.566+0000] {core_li.py:23} INFO - Successfully updated job requisition 66db04abbf0a19d8769e7326
[2024-09-06T17:47:38.575+0000] {core_li.py:23} INFO - Successfully updated job requisition 66db04abbf0a19d8769e7328
[2024-09-06T17:47:38.583+0000] {core_li.py:23} INFO - Successfully updated job requisition 66db04abbf0a19d8769e732a
[2024-09-06T17:47:38.593+0000] {core_li.py:23} INFO - Successfully updated job requisition 66db04abbf0a19d8769e732c
[2024-09-06T17:47:38.600+0000] {core_li.py:23} INFO - Successfully updated job requisition 66db04abbf0a19d8769e732e
[2024-09-06T17:47:38.612+0000] {core_li.py:23} INFO - Successfully updated job requisition 66db04abbf0a19d8769e7330
[2024-09-06T17:47:38.620+0000] {core_li.py:23} INFO - Successfully updated job requisition 66db04abbf0a19d8769e7332
[2024-09-06T17:47:38.630+0000] {core_li.py:23} INFO - Successfully updated job requisition 66db04abbf0a19d8769e7334
[2024-09-06T17:47:38.637+0000] {core_li.py:23} INFO - Successfully updated job requisition 66db04abbf0a19d8769e7336
[2024-09-06T17:47:38.643+0000] {core_li.py:23} INFO - Successfully updated job requisition 66db04abbf0a19d8769e7338
[2024-09-06T17:47:38.653+0000] {core_li.py:23} INFO - Successfully updated job requisition 66db04abbf0a19d8769e733a
[2024-09-06T17:47:38.661+0000] {core_li.py:23} INFO - Successfully updated job requisition 66db04abbf0a19d8769e733c
[2024-09-06T17:47:38.671+0000] {core_li.py:23} INFO - Successfully updated job requisition 66db04abbf0a19d8769e733e
[2024-09-06T17:47:38.680+0000] {core_li.py:23} INFO - Successfully updated job requisition 66db04abbf0a19d8769e7340
[2024-09-06T17:47:38.693+0000] {core_li.py:23} INFO - Successfully updated job requisition 66db04abbf0a19d8769e7342
[2024-09-06T17:47:38.703+0000] {core_li.py:23} INFO - Successfully updated job requisition 66db04abbf0a19d8769e7344
[2024-09-06T17:47:38.723+0000] {core_li.py:23} INFO - Successfully updated job requisition 66db04abbf0a19d8769e7346
[2024-09-06T17:47:38.730+0000] {core_li.py:23} INFO - Successfully updated job requisition 66db04abbf0a19d8769e7348
[2024-09-06T17:47:38.739+0000] {core_li.py:23} INFO - Successfully updated job requisition 66db04abbf0a19d8769e734a
[2024-09-06T17:47:38.750+0000] {core_li.py:23} INFO - Successfully updated job requisition 66db04abbf0a19d8769e734c
[2024-09-06T17:47:38.757+0000] {core_li.py:23} INFO - Successfully updated job requisition 66db04abbf0a19d8769e734e
[2024-09-06T17:47:38.765+0000] {core_li.py:23} INFO - Successfully updated job requisition 66db04abbf0a19d8769e7350
[2024-09-06T17:47:38.772+0000] {core_li.py:23} INFO - Successfully updated job requisition 66db04abbf0a19d8769e7352
[2024-09-06T17:47:38.781+0000] {core_li.py:23} INFO - Successfully updated job requisition 66db04abbf0a19d8769e7354
[2024-09-06T17:47:38.789+0000] {core_li.py:23} INFO - Successfully updated job requisition 66db04abbf0a19d8769e7356
[2024-09-06T17:47:38.797+0000] {core_li.py:23} INFO - Successfully updated job requisition 66db04abbf0a19d8769e7358
[2024-09-06T17:47:38.817+0000] {core_li.py:23} INFO - Successfully updated job requisition 66db04abbf0a19d8769e735a
[2024-09-06T17:47:38.826+0000] {core_li.py:23} INFO - Successfully updated job requisition 66db04abbf0a19d8769e735c
[2024-09-06T17:47:38.836+0000] {core_li.py:23} INFO - Successfully updated job requisition 66db04abbf0a19d8769e735e
[2024-09-06T17:47:38.845+0000] {core_li.py:23} INFO - Successfully updated job requisition 66db04abbf0a19d8769e7360
[2024-09-06T17:47:38.854+0000] {core_li.py:23} INFO - Successfully updated job requisition 66db04abbf0a19d8769e7362
[2024-09-06T17:47:38.863+0000] {core_li.py:23} INFO - Successfully updated job requisition 66db04abbf0a19d8769e7364
[2024-09-06T17:47:38.871+0000] {core_li.py:23} INFO - Successfully updated job requisition 66db04abbf0a19d8769e7366
[2024-09-06T17:47:38.879+0000] {core_li.py:23} INFO - Successfully updated job requisition 66db04abbf0a19d8769e7368
[2024-09-06T17:47:38.886+0000] {core_li.py:23} INFO - Successfully updated job requisition 66db04abbf0a19d8769e736a
[2024-09-06T17:47:38.895+0000] {core_li.py:23} INFO - Successfully updated job requisition 66db04abbf0a19d8769e736c
[2024-09-06T17:47:38.907+0000] {core_li.py:23} INFO - Successfully updated job requisition 66db04abbf0a19d8769e736e
[2024-09-06T17:47:38.914+0000] {core_li.py:23} INFO - Successfully updated job requisition 66db04abbf0a19d8769e7370
[2024-09-06T17:47:38.920+0000] {core_li.py:23} INFO - Successfully updated job requisition 66db04abbf0a19d8769e7372
[2024-09-06T17:47:38.928+0000] {core_li.py:23} INFO - Successfully updated job requisition 66db04abbf0a19d8769e7374
[2024-09-06T17:47:38.938+0000] {core_li.py:23} INFO - Successfully updated job requisition 66db04abbf0a19d8769e7376
[2024-09-06T17:47:38.946+0000] {core_li.py:23} INFO - Successfully updated job requisition 66db04abbf0a19d8769e7378
[2024-09-06T17:47:38.953+0000] {core_li.py:23} INFO - Successfully updated job requisition 66db04abbf0a19d8769e737a
[2024-09-06T17:47:38.960+0000] {core_li.py:23} INFO - Successfully updated job requisition 66db04abbf0a19d8769e737c
[2024-09-06T17:47:38.967+0000] {core_li.py:23} INFO - Successfully updated job requisition 66db04abbf0a19d8769e737e
[2024-09-06T17:47:38.974+0000] {core_li.py:23} INFO - Successfully updated job requisition 66db04abbf0a19d8769e7380
[2024-09-06T17:47:38.981+0000] {core_li.py:23} INFO - Successfully updated job requisition 66db04abbf0a19d8769e7382
[2024-09-06T17:47:38.987+0000] {core_li.py:23} INFO - Successfully updated job requisition 66db04abbf0a19d8769e7384
[2024-09-06T17:47:38.994+0000] {core_li.py:23} INFO - Successfully updated job requisition 66db04abbf0a19d8769e7386
[2024-09-06T17:47:39.001+0000] {core_li.py:23} INFO - Successfully updated job requisition 66db04abbf0a19d8769e7388
[2024-09-06T17:47:39.009+0000] {core_li.py:23} INFO - Successfully updated job requisition 66db04abbf0a19d8769e738a
[2024-09-06T17:47:39.016+0000] {core_li.py:23} INFO - Successfully updated job requisition 66db04abbf0a19d8769e738c
[2024-09-06T17:47:39.026+0000] {core_li.py:23} INFO - Successfully updated job requisition 66db04abbf0a19d8769e738e
[2024-09-06T17:47:39.033+0000] {core_li.py:23} INFO - Successfully updated job requisition 66db04abbf0a19d8769e7390
[2024-09-06T17:47:39.041+0000] {core_li.py:23} INFO - Successfully updated job requisition 66db04abbf0a19d8769e7392
[2024-09-06T17:47:39.051+0000] {core_li.py:23} INFO - Successfully updated job requisition 66db04abbf0a19d8769e7394
[2024-09-06T17:47:39.061+0000] {core_li.py:23} INFO - Successfully updated job requisition 66db04abbf0a19d8769e7396
[2024-09-06T17:47:39.069+0000] {core_li.py:23} INFO - Successfully updated job requisition 66db04abbf0a19d8769e7398
[2024-09-06T17:47:39.071+0000] {python.py:240} INFO - Done. Returned value was: 100
[2024-09-06T17:47:39.096+0000] {taskinstance.py:340} INFO - ::group::Post task execution logs
[2024-09-06T17:47:39.098+0000] {taskinstance.py:352} INFO - Marking task as SUCCESS. dag_id=async_flow, task_id=task_backfill_number_of_cancelled_candidates_in_batch, run_id=manual__2024-09-06T17:47:30.120511+00:00, map_index=32, execution_date=20240906T174730, start_date=20240906T174737, end_date=20240906T174739
[2024-09-06T17:47:39.157+0000] {local_task_job_runner.py:266} INFO - Task exited with return code 0
[2024-09-06T17:47:39.167+0000] {local_task_job_runner.py:245} INFO - ::endgroup::
