[2024-09-06T17:43:04.442+0000] {local_task_job_runner.py:123} INFO - ::group::Pre task execution logs
[2024-09-06T17:43:04.471+0000] {taskinstance.py:2612} INFO - Dependencies all met for dep_context=non-requeueable deps ti=<TaskInstance: async_flow.task_backfill_number_of_cancelled_candidates_in_batch manual__2024-09-06T17:43:02.727107+00:00 map_index=10 [queued]>
[2024-09-06T17:43:04.494+0000] {taskinstance.py:2612} INFO - Dependencies all met for dep_context=requeueable deps ti=<TaskInstance: async_flow.task_backfill_number_of_cancelled_candidates_in_batch manual__2024-09-06T17:43:02.727107+00:00 map_index=10 [queued]>
[2024-09-06T17:43:04.495+0000] {taskinstance.py:2865} INFO - Starting attempt 1 of 1
[2024-09-06T17:43:04.517+0000] {taskinstance.py:2888} INFO - Executing <Mapped(_PythonDecoratedOperator): task_backfill_number_of_cancelled_candidates_in_batch> on 2024-09-06 17:43:02.727107+00:00
[2024-09-06T17:43:04.539+0000] {warnings.py:112} WARNING - /home/***/.local/lib/python3.12/site-packages/***/task/task_runner/standard_task_runner.py:70: DeprecationWarning: This process (pid=90) is multi-threaded, use of fork() may lead to deadlocks in the child.
  pid = os.fork()

[2024-09-06T17:43:04.544+0000] {standard_task_runner.py:72} INFO - Started process 158 to run task
[2024-09-06T17:43:04.544+0000] {standard_task_runner.py:104} INFO - Running: ['***', 'tasks', 'run', 'async_flow', 'task_backfill_number_of_cancelled_candidates_in_batch', 'manual__2024-09-06T17:43:02.727107+00:00', '--job-id', '182', '--raw', '--subdir', 'DAGS_FOLDER/dags_async_flow.py', '--cfg-path', '/tmp/tmp_95qn3sq', '--map-index', '10']
[2024-09-06T17:43:04.546+0000] {standard_task_runner.py:105} INFO - Job 182: Subtask task_backfill_number_of_cancelled_candidates_in_batch
[2024-09-06T17:43:04.702+0000] {task_command.py:467} INFO - Running <TaskInstance: async_flow.task_backfill_number_of_cancelled_candidates_in_batch manual__2024-09-06T17:43:02.727107+00:00 map_index=10 [running]> on host 0817eb6c24af
[2024-09-06T17:43:04.964+0000] {taskinstance.py:3131} INFO - Exporting env vars: AIRFLOW_CTX_DAG_OWNER='***' AIRFLOW_CTX_DAG_ID='async_flow' AIRFLOW_CTX_TASK_ID='task_backfill_number_of_cancelled_candidates_in_batch' AIRFLOW_CTX_EXECUTION_DATE='2024-09-06T17:43:02.727107+00:00' AIRFLOW_CTX_TRY_NUMBER='1' AIRFLOW_CTX_DAG_RUN_ID='manual__2024-09-06T17:43:02.727107+00:00'
[2024-09-06T17:43:04.967+0000] {taskinstance.py:731} INFO - ::endgroup::
[2024-09-06T17:43:04.993+0000] {core_li.py:23} INFO - Successfully updated job requisition 66db04abbf0a19d8769e6332
[2024-09-06T17:43:05.013+0000] {core_li.py:23} INFO - Successfully updated job requisition 66db04abbf0a19d8769e6334
[2024-09-06T17:43:05.030+0000] {core_li.py:23} INFO - Successfully updated job requisition 66db04abbf0a19d8769e6336
[2024-09-06T17:43:05.047+0000] {core_li.py:23} INFO - Successfully updated job requisition 66db04abbf0a19d8769e6338
[2024-09-06T17:43:05.056+0000] {core_li.py:23} INFO - Successfully updated job requisition 66db04abbf0a19d8769e633a
[2024-09-06T17:43:05.070+0000] {core_li.py:23} INFO - Successfully updated job requisition 66db04abbf0a19d8769e633c
[2024-09-06T17:43:05.083+0000] {core_li.py:23} INFO - Successfully updated job requisition 66db04abbf0a19d8769e633e
[2024-09-06T17:43:05.098+0000] {core_li.py:23} INFO - Successfully updated job requisition 66db04abbf0a19d8769e6340
[2024-09-06T17:43:05.107+0000] {core_li.py:23} INFO - Successfully updated job requisition 66db04abbf0a19d8769e6342
[2024-09-06T17:43:05.122+0000] {core_li.py:23} INFO - Successfully updated job requisition 66db04abbf0a19d8769e6344
[2024-09-06T17:43:05.132+0000] {core_li.py:23} INFO - Successfully updated job requisition 66db04abbf0a19d8769e6346
[2024-09-06T17:43:05.143+0000] {core_li.py:23} INFO - Successfully updated job requisition 66db04abbf0a19d8769e6348
[2024-09-06T17:43:05.150+0000] {core_li.py:23} INFO - Successfully updated job requisition 66db04abbf0a19d8769e634a
[2024-09-06T17:43:05.158+0000] {core_li.py:23} INFO - Successfully updated job requisition 66db04abbf0a19d8769e634c
[2024-09-06T17:43:05.167+0000] {core_li.py:23} INFO - Successfully updated job requisition 66db04abbf0a19d8769e634e
[2024-09-06T17:43:05.175+0000] {core_li.py:23} INFO - Successfully updated job requisition 66db04abbf0a19d8769e6350
[2024-09-06T17:43:05.186+0000] {core_li.py:23} INFO - Successfully updated job requisition 66db04abbf0a19d8769e6352
[2024-09-06T17:43:05.203+0000] {core_li.py:23} INFO - Successfully updated job requisition 66db04abbf0a19d8769e6354
[2024-09-06T17:43:05.214+0000] {core_li.py:23} INFO - Successfully updated job requisition 66db04abbf0a19d8769e6356
[2024-09-06T17:43:05.223+0000] {core_li.py:23} INFO - Successfully updated job requisition 66db04abbf0a19d8769e6358
[2024-09-06T17:43:05.232+0000] {core_li.py:23} INFO - Successfully updated job requisition 66db04abbf0a19d8769e635a
[2024-09-06T17:43:05.239+0000] {core_li.py:23} INFO - Successfully updated job requisition 66db04abbf0a19d8769e635c
[2024-09-06T17:43:05.258+0000] {core_li.py:23} INFO - Successfully updated job requisition 66db04abbf0a19d8769e635e
[2024-09-06T17:43:05.272+0000] {core_li.py:23} INFO - Successfully updated job requisition 66db04abbf0a19d8769e6360
[2024-09-06T17:43:05.280+0000] {core_li.py:23} INFO - Successfully updated job requisition 66db04abbf0a19d8769e6362
[2024-09-06T17:43:05.288+0000] {core_li.py:23} INFO - Successfully updated job requisition 66db04abbf0a19d8769e6364
[2024-09-06T17:43:05.297+0000] {core_li.py:23} INFO - Successfully updated job requisition 66db04abbf0a19d8769e6366
[2024-09-06T17:43:05.308+0000] {core_li.py:23} INFO - Successfully updated job requisition 66db04abbf0a19d8769e6368
[2024-09-06T17:43:05.317+0000] {core_li.py:23} INFO - Successfully updated job requisition 66db04abbf0a19d8769e636a
[2024-09-06T17:43:05.325+0000] {core_li.py:23} INFO - Successfully updated job requisition 66db04abbf0a19d8769e636c
[2024-09-06T17:43:05.336+0000] {core_li.py:23} INFO - Successfully updated job requisition 66db04abbf0a19d8769e636e
[2024-09-06T17:43:05.346+0000] {core_li.py:23} INFO - Successfully updated job requisition 66db04abbf0a19d8769e6370
[2024-09-06T17:43:05.355+0000] {core_li.py:23} INFO - Successfully updated job requisition 66db04abbf0a19d8769e6372
[2024-09-06T17:43:05.364+0000] {core_li.py:23} INFO - Successfully updated job requisition 66db04abbf0a19d8769e6374
[2024-09-06T17:43:05.373+0000] {core_li.py:23} INFO - Successfully updated job requisition 66db04abbf0a19d8769e6376
[2024-09-06T17:43:05.381+0000] {core_li.py:23} INFO - Successfully updated job requisition 66db04abbf0a19d8769e6378
[2024-09-06T17:43:05.390+0000] {core_li.py:23} INFO - Successfully updated job requisition 66db04abbf0a19d8769e637a
[2024-09-06T17:43:05.399+0000] {core_li.py:23} INFO - Successfully updated job requisition 66db04abbf0a19d8769e637c
[2024-09-06T17:43:05.414+0000] {core_li.py:23} INFO - Successfully updated job requisition 66db04abbf0a19d8769e637e
[2024-09-06T17:43:05.426+0000] {core_li.py:23} INFO - Successfully updated job requisition 66db04abbf0a19d8769e6380
[2024-09-06T17:43:05.434+0000] {core_li.py:23} INFO - Successfully updated job requisition 66db04abbf0a19d8769e6382
[2024-09-06T17:43:05.444+0000] {core_li.py:23} INFO - Successfully updated job requisition 66db04abbf0a19d8769e6384
[2024-09-06T17:43:05.455+0000] {core_li.py:23} INFO - Successfully updated job requisition 66db04abbf0a19d8769e6386
[2024-09-06T17:43:05.462+0000] {core_li.py:23} INFO - Successfully updated job requisition 66db04abbf0a19d8769e6388
[2024-09-06T17:43:05.474+0000] {core_li.py:23} INFO - Successfully updated job requisition 66db04abbf0a19d8769e638a
[2024-09-06T17:43:05.486+0000] {core_li.py:23} INFO - Successfully updated job requisition 66db04abbf0a19d8769e638c
[2024-09-06T17:43:05.494+0000] {core_li.py:23} INFO - Successfully updated job requisition 66db04abbf0a19d8769e638e
[2024-09-06T17:43:05.505+0000] {core_li.py:23} INFO - Successfully updated job requisition 66db04abbf0a19d8769e6390
[2024-09-06T17:43:05.513+0000] {core_li.py:23} INFO - Successfully updated job requisition 66db04abbf0a19d8769e6392
[2024-09-06T17:43:05.520+0000] {core_li.py:23} INFO - Successfully updated job requisition 66db04abbf0a19d8769e6394
[2024-09-06T17:43:05.528+0000] {core_li.py:23} INFO - Successfully updated job requisition 66db04abbf0a19d8769e6396
[2024-09-06T17:43:05.538+0000] {core_li.py:23} INFO - Successfully updated job requisition 66db04abbf0a19d8769e6398
[2024-09-06T17:43:05.555+0000] {core_li.py:23} INFO - Successfully updated job requisition 66db04abbf0a19d8769e639a
[2024-09-06T17:43:05.564+0000] {core_li.py:23} INFO - Successfully updated job requisition 66db04abbf0a19d8769e639c
[2024-09-06T17:43:05.580+0000] {core_li.py:23} INFO - Successfully updated job requisition 66db04abbf0a19d8769e639e
[2024-09-06T17:43:05.596+0000] {core_li.py:23} INFO - Successfully updated job requisition 66db04abbf0a19d8769e63a0
[2024-09-06T17:43:05.608+0000] {core_li.py:23} INFO - Successfully updated job requisition 66db04abbf0a19d8769e63a2
[2024-09-06T17:43:05.631+0000] {core_li.py:23} INFO - Successfully updated job requisition 66db04abbf0a19d8769e63a4
[2024-09-06T17:43:05.675+0000] {core_li.py:23} INFO - Successfully updated job requisition 66db04abbf0a19d8769e63a6
[2024-09-06T17:43:05.698+0000] {core_li.py:23} INFO - Successfully updated job requisition 66db04abbf0a19d8769e63a8
[2024-09-06T17:43:05.740+0000] {core_li.py:23} INFO - Successfully updated job requisition 66db04abbf0a19d8769e63aa
[2024-09-06T17:43:05.760+0000] {core_li.py:23} INFO - Successfully updated job requisition 66db04abbf0a19d8769e63ac
[2024-09-06T17:43:05.784+0000] {core_li.py:23} INFO - Successfully updated job requisition 66db04abbf0a19d8769e63ae
[2024-09-06T17:43:05.803+0000] {core_li.py:23} INFO - Successfully updated job requisition 66db04abbf0a19d8769e63b0
[2024-09-06T17:43:05.814+0000] {core_li.py:23} INFO - Successfully updated job requisition 66db04abbf0a19d8769e63b2
[2024-09-06T17:43:05.824+0000] {core_li.py:23} INFO - Successfully updated job requisition 66db04abbf0a19d8769e63b4
[2024-09-06T17:43:05.833+0000] {core_li.py:23} INFO - Successfully updated job requisition 66db04abbf0a19d8769e63b6
[2024-09-06T17:43:05.849+0000] {core_li.py:23} INFO - Successfully updated job requisition 66db04abbf0a19d8769e63b8
[2024-09-06T17:43:05.864+0000] {core_li.py:23} INFO - Successfully updated job requisition 66db04abbf0a19d8769e63ba
[2024-09-06T17:43:05.881+0000] {core_li.py:23} INFO - Successfully updated job requisition 66db04abbf0a19d8769e63bc
[2024-09-06T17:43:05.895+0000] {core_li.py:23} INFO - Successfully updated job requisition 66db04abbf0a19d8769e63be
[2024-09-06T17:43:05.906+0000] {core_li.py:23} INFO - Successfully updated job requisition 66db04abbf0a19d8769e63c0
[2024-09-06T17:43:05.923+0000] {core_li.py:23} INFO - Successfully updated job requisition 66db04abbf0a19d8769e63c2
[2024-09-06T17:43:05.939+0000] {core_li.py:23} INFO - Successfully updated job requisition 66db04abbf0a19d8769e63c4
[2024-09-06T17:43:05.949+0000] {core_li.py:23} INFO - Successfully updated job requisition 66db04abbf0a19d8769e63c6
[2024-09-06T17:43:05.962+0000] {core_li.py:23} INFO - Successfully updated job requisition 66db04abbf0a19d8769e63c8
[2024-09-06T17:43:05.973+0000] {core_li.py:23} INFO - Successfully updated job requisition 66db04abbf0a19d8769e63ca
[2024-09-06T17:43:05.984+0000] {core_li.py:23} INFO - Successfully updated job requisition 66db04abbf0a19d8769e63cc
[2024-09-06T17:43:05.993+0000] {core_li.py:23} INFO - Successfully updated job requisition 66db04abbf0a19d8769e63ce
[2024-09-06T17:43:06.014+0000] {core_li.py:23} INFO - Successfully updated job requisition 66db04abbf0a19d8769e63d0
[2024-09-06T17:43:06.024+0000] {core_li.py:23} INFO - Successfully updated job requisition 66db04abbf0a19d8769e63d2
[2024-09-06T17:43:06.032+0000] {core_li.py:23} INFO - Successfully updated job requisition 66db04abbf0a19d8769e63d4
[2024-09-06T17:43:06.042+0000] {core_li.py:23} INFO - Successfully updated job requisition 66db04abbf0a19d8769e63d6
[2024-09-06T17:43:06.052+0000] {core_li.py:23} INFO - Successfully updated job requisition 66db04abbf0a19d8769e63d8
[2024-09-06T17:43:06.063+0000] {core_li.py:23} INFO - Successfully updated job requisition 66db04abbf0a19d8769e63da
[2024-09-06T17:43:06.075+0000] {core_li.py:23} INFO - Successfully updated job requisition 66db04abbf0a19d8769e63dc
[2024-09-06T17:43:06.089+0000] {core_li.py:23} INFO - Successfully updated job requisition 66db04abbf0a19d8769e63de
[2024-09-06T17:43:06.097+0000] {core_li.py:23} INFO - Successfully updated job requisition 66db04abbf0a19d8769e63e0
[2024-09-06T17:43:06.105+0000] {core_li.py:23} INFO - Successfully updated job requisition 66db04abbf0a19d8769e63e2
[2024-09-06T17:43:06.115+0000] {core_li.py:23} INFO - Successfully updated job requisition 66db04abbf0a19d8769e63e4
[2024-09-06T17:43:06.125+0000] {core_li.py:23} INFO - Successfully updated job requisition 66db04abbf0a19d8769e63e6
[2024-09-06T17:43:06.140+0000] {core_li.py:23} INFO - Successfully updated job requisition 66db04abbf0a19d8769e63e8
[2024-09-06T17:43:06.149+0000] {core_li.py:23} INFO - Successfully updated job requisition 66db04abbf0a19d8769e63ea
[2024-09-06T17:43:06.159+0000] {core_li.py:23} INFO - Successfully updated job requisition 66db04abbf0a19d8769e63ec
[2024-09-06T17:43:06.167+0000] {core_li.py:23} INFO - Successfully updated job requisition 66db04abbf0a19d8769e63ee
[2024-09-06T17:43:06.174+0000] {core_li.py:23} INFO - Successfully updated job requisition 66db04abbf0a19d8769e63f0
[2024-09-06T17:43:06.184+0000] {core_li.py:23} INFO - Successfully updated job requisition 66db04abbf0a19d8769e63f2
[2024-09-06T17:43:06.193+0000] {core_li.py:23} INFO - Successfully updated job requisition 66db04abbf0a19d8769e63f4
[2024-09-06T17:43:06.205+0000] {core_li.py:23} INFO - Successfully updated job requisition 66db04abbf0a19d8769e63f6
[2024-09-06T17:43:06.212+0000] {core_li.py:23} INFO - Successfully updated job requisition 66db04abbf0a19d8769e63f8
[2024-09-06T17:43:06.213+0000] {python.py:240} INFO - Done. Returned value was: 100
[2024-09-06T17:43:06.243+0000] {taskinstance.py:340} INFO - ::group::Post task execution logs
[2024-09-06T17:43:06.245+0000] {taskinstance.py:352} INFO - Marking task as SUCCESS. dag_id=async_flow, task_id=task_backfill_number_of_cancelled_candidates_in_batch, run_id=manual__2024-09-06T17:43:02.727107+00:00, map_index=10, execution_date=20240906T174302, start_date=20240906T174304, end_date=20240906T174306
[2024-09-06T17:43:06.290+0000] {local_task_job_runner.py:266} INFO - Task exited with return code 0
[2024-09-06T17:43:06.317+0000] {taskinstance.py:3900} INFO - 0 downstream tasks scheduled from follow-on schedule check
[2024-09-06T17:43:06.320+0000] {local_task_job_runner.py:245} INFO - ::endgroup::
