[2024-09-06T17:45:48.201+0000] {local_task_job_runner.py:123} INFO - ::group::Pre task execution logs
[2024-09-06T17:45:48.238+0000] {taskinstance.py:2612} INFO - Dependencies all met for dep_context=non-requeueable deps ti=<TaskInstance: async_flow.task_backfill_number_of_cancelled_candidates_in_batch manual__2024-09-06T17:29:39.458358+00:00 map_index=5 [queued]>
[2024-09-06T17:45:48.247+0000] {taskinstance.py:2612} INFO - Dependencies all met for dep_context=requeueable deps ti=<TaskInstance: async_flow.task_backfill_number_of_cancelled_candidates_in_batch manual__2024-09-06T17:29:39.458358+00:00 map_index=5 [queued]>
[2024-09-06T17:45:48.248+0000] {taskinstance.py:2865} INFO - Starting attempt 2 of 2
[2024-09-06T17:45:48.266+0000] {taskinstance.py:2888} INFO - Executing <Mapped(_PythonDecoratedOperator): task_backfill_number_of_cancelled_candidates_in_batch> on 2024-09-06 17:29:39.458358+00:00
[2024-09-06T17:45:48.271+0000] {warnings.py:112} WARNING - /home/***/.local/lib/python3.12/site-packages/***/task/task_runner/standard_task_runner.py:70: DeprecationWarning: This process (pid=433) is multi-threaded, use of fork() may lead to deadlocks in the child.
  pid = os.fork()

[2024-09-06T17:45:48.274+0000] {standard_task_runner.py:72} INFO - Started process 505 to run task
[2024-09-06T17:45:48.275+0000] {standard_task_runner.py:104} INFO - Running: ['***', 'tasks', 'run', 'async_flow', 'task_backfill_number_of_cancelled_candidates_in_batch', 'manual__2024-09-06T17:29:39.458358+00:00', '--job-id', '236', '--raw', '--subdir', 'DAGS_FOLDER/dags_async_flow.py', '--cfg-path', '/tmp/tmp99_3izrh', '--map-index', '5']
[2024-09-06T17:45:48.278+0000] {standard_task_runner.py:105} INFO - Job 236: Subtask task_backfill_number_of_cancelled_candidates_in_batch
[2024-09-06T17:45:48.369+0000] {task_command.py:467} INFO - Running <TaskInstance: async_flow.task_backfill_number_of_cancelled_candidates_in_batch manual__2024-09-06T17:29:39.458358+00:00 map_index=5 [running]> on host 0817eb6c24af
[2024-09-06T17:45:48.511+0000] {taskinstance.py:3131} INFO - Exporting env vars: AIRFLOW_CTX_DAG_OWNER='***' AIRFLOW_CTX_DAG_ID='async_flow' AIRFLOW_CTX_TASK_ID='task_backfill_number_of_cancelled_candidates_in_batch' AIRFLOW_CTX_EXECUTION_DATE='2024-09-06T17:29:39.458358+00:00' AIRFLOW_CTX_TRY_NUMBER='2' AIRFLOW_CTX_DAG_RUN_ID='manual__2024-09-06T17:29:39.458358+00:00'
[2024-09-06T17:45:48.525+0000] {taskinstance.py:731} INFO - ::endgroup::
[2024-09-06T17:45:48.554+0000] {core_li.py:23} INFO - Successfully updated job requisition 66db04aabf0a19d8769e5f4a
[2024-09-06T17:45:48.566+0000] {core_li.py:23} INFO - Successfully updated job requisition 66db04aabf0a19d8769e5f4c
[2024-09-06T17:45:48.578+0000] {core_li.py:23} INFO - Successfully updated job requisition 66db04aabf0a19d8769e5f4e
[2024-09-06T17:45:48.592+0000] {core_li.py:23} INFO - Successfully updated job requisition 66db04aabf0a19d8769e5f50
[2024-09-06T17:45:48.606+0000] {core_li.py:23} INFO - Successfully updated job requisition 66db04aabf0a19d8769e5f52
[2024-09-06T17:45:48.618+0000] {core_li.py:23} INFO - Successfully updated job requisition 66db04aabf0a19d8769e5f54
[2024-09-06T17:45:48.631+0000] {core_li.py:23} INFO - Successfully updated job requisition 66db04aabf0a19d8769e5f56
[2024-09-06T17:45:48.645+0000] {core_li.py:23} INFO - Successfully updated job requisition 66db04aabf0a19d8769e5f58
[2024-09-06T17:45:48.657+0000] {core_li.py:23} INFO - Successfully updated job requisition 66db04aabf0a19d8769e5f5a
[2024-09-06T17:45:48.670+0000] {core_li.py:23} INFO - Successfully updated job requisition 66db04aabf0a19d8769e5f5c
[2024-09-06T17:45:48.687+0000] {core_li.py:23} INFO - Successfully updated job requisition 66db04aabf0a19d8769e5f5e
[2024-09-06T17:45:48.699+0000] {core_li.py:23} INFO - Successfully updated job requisition 66db04aabf0a19d8769e5f60
[2024-09-06T17:45:48.709+0000] {core_li.py:23} INFO - Successfully updated job requisition 66db04aabf0a19d8769e5f62
[2024-09-06T17:45:48.721+0000] {core_li.py:23} INFO - Successfully updated job requisition 66db04aabf0a19d8769e5f64
[2024-09-06T17:45:48.733+0000] {core_li.py:23} INFO - Successfully updated job requisition 66db04aabf0a19d8769e5f66
[2024-09-06T17:45:48.747+0000] {core_li.py:23} INFO - Successfully updated job requisition 66db04aabf0a19d8769e5f68
[2024-09-06T17:45:48.762+0000] {core_li.py:23} INFO - Successfully updated job requisition 66db04aabf0a19d8769e5f6a
[2024-09-06T17:45:48.777+0000] {core_li.py:23} INFO - Successfully updated job requisition 66db04aabf0a19d8769e5f6c
[2024-09-06T17:45:48.790+0000] {core_li.py:23} INFO - Successfully updated job requisition 66db04aabf0a19d8769e5f6e
[2024-09-06T17:45:48.801+0000] {core_li.py:23} INFO - Successfully updated job requisition 66db04aabf0a19d8769e5f70
[2024-09-06T17:45:48.819+0000] {core_li.py:23} INFO - Successfully updated job requisition 66db04aabf0a19d8769e5f72
[2024-09-06T17:45:48.837+0000] {core_li.py:23} INFO - Successfully updated job requisition 66db04aabf0a19d8769e5f74
[2024-09-06T17:45:48.847+0000] {core_li.py:23} INFO - Successfully updated job requisition 66db04aabf0a19d8769e5f76
[2024-09-06T17:45:48.867+0000] {core_li.py:23} INFO - Successfully updated job requisition 66db04aabf0a19d8769e5f78
[2024-09-06T17:45:48.879+0000] {core_li.py:23} INFO - Successfully updated job requisition 66db04aabf0a19d8769e5f7a
[2024-09-06T17:45:48.898+0000] {core_li.py:23} INFO - Successfully updated job requisition 66db04aabf0a19d8769e5f7c
[2024-09-06T17:45:48.912+0000] {core_li.py:23} INFO - Successfully updated job requisition 66db04aabf0a19d8769e5f7e
[2024-09-06T17:45:48.932+0000] {core_li.py:23} INFO - Successfully updated job requisition 66db04aabf0a19d8769e5f80
[2024-09-06T17:45:48.949+0000] {core_li.py:23} INFO - Successfully updated job requisition 66db04aabf0a19d8769e5f82
[2024-09-06T17:45:48.978+0000] {core_li.py:23} INFO - Successfully updated job requisition 66db04aabf0a19d8769e5f84
[2024-09-06T17:45:48.993+0000] {core_li.py:23} INFO - Successfully updated job requisition 66db04aabf0a19d8769e5f86
[2024-09-06T17:45:49.022+0000] {core_li.py:23} INFO - Successfully updated job requisition 66db04aabf0a19d8769e5f88
[2024-09-06T17:45:49.045+0000] {core_li.py:23} INFO - Successfully updated job requisition 66db04aabf0a19d8769e5f8a
[2024-09-06T17:45:49.063+0000] {core_li.py:23} INFO - Successfully updated job requisition 66db04aabf0a19d8769e5f8c
[2024-09-06T17:45:49.092+0000] {core_li.py:23} INFO - Successfully updated job requisition 66db04aabf0a19d8769e5f8e
[2024-09-06T17:45:49.108+0000] {core_li.py:23} INFO - Successfully updated job requisition 66db04aabf0a19d8769e5f90
[2024-09-06T17:45:49.128+0000] {core_li.py:23} INFO - Successfully updated job requisition 66db04aabf0a19d8769e5f92
[2024-09-06T17:45:49.140+0000] {core_li.py:23} INFO - Successfully updated job requisition 66db04aabf0a19d8769e5f94
[2024-09-06T17:45:49.151+0000] {core_li.py:23} INFO - Successfully updated job requisition 66db04aabf0a19d8769e5f96
[2024-09-06T17:45:49.159+0000] {core_li.py:23} INFO - Successfully updated job requisition 66db04aabf0a19d8769e5f98
[2024-09-06T17:45:49.169+0000] {core_li.py:23} INFO - Successfully updated job requisition 66db04aabf0a19d8769e5f9a
[2024-09-06T17:45:49.177+0000] {core_li.py:23} INFO - Successfully updated job requisition 66db04aabf0a19d8769e5f9c
[2024-09-06T17:45:49.186+0000] {core_li.py:23} INFO - Successfully updated job requisition 66db04aabf0a19d8769e5f9e
[2024-09-06T17:45:49.195+0000] {core_li.py:23} INFO - Successfully updated job requisition 66db04aabf0a19d8769e5fa0
[2024-09-06T17:45:49.209+0000] {core_li.py:23} INFO - Successfully updated job requisition 66db04aabf0a19d8769e5fa2
[2024-09-06T17:45:49.218+0000] {core_li.py:23} INFO - Successfully updated job requisition 66db04aabf0a19d8769e5fa4
[2024-09-06T17:45:49.232+0000] {core_li.py:23} INFO - Successfully updated job requisition 66db04aabf0a19d8769e5fa6
[2024-09-06T17:45:49.241+0000] {core_li.py:23} INFO - Successfully updated job requisition 66db04aabf0a19d8769e5fa8
[2024-09-06T17:45:49.250+0000] {core_li.py:23} INFO - Successfully updated job requisition 66db04aabf0a19d8769e5faa
[2024-09-06T17:45:49.260+0000] {core_li.py:23} INFO - Successfully updated job requisition 66db04aabf0a19d8769e5fac
[2024-09-06T17:45:49.269+0000] {core_li.py:23} INFO - Successfully updated job requisition 66db04aabf0a19d8769e5fae
[2024-09-06T17:45:49.278+0000] {core_li.py:23} INFO - Successfully updated job requisition 66db04aabf0a19d8769e5fb0
[2024-09-06T17:45:49.295+0000] {core_li.py:23} INFO - Successfully updated job requisition 66db04aabf0a19d8769e5fb2
[2024-09-06T17:45:49.309+0000] {core_li.py:23} INFO - Successfully updated job requisition 66db04aabf0a19d8769e5fb4
[2024-09-06T17:45:49.324+0000] {core_li.py:23} INFO - Successfully updated job requisition 66db04aabf0a19d8769e5fb6
[2024-09-06T17:45:49.339+0000] {core_li.py:23} INFO - Successfully updated job requisition 66db04aabf0a19d8769e5fb8
[2024-09-06T17:45:49.350+0000] {core_li.py:23} INFO - Successfully updated job requisition 66db04aabf0a19d8769e5fba
[2024-09-06T17:45:49.361+0000] {core_li.py:23} INFO - Successfully updated job requisition 66db04aabf0a19d8769e5fbc
[2024-09-06T17:45:49.370+0000] {core_li.py:23} INFO - Successfully updated job requisition 66db04aabf0a19d8769e5fbe
[2024-09-06T17:45:49.380+0000] {core_li.py:23} INFO - Successfully updated job requisition 66db04aabf0a19d8769e5fc0
[2024-09-06T17:45:49.390+0000] {core_li.py:23} INFO - Successfully updated job requisition 66db04aabf0a19d8769e5fc2
[2024-09-06T17:45:49.404+0000] {core_li.py:23} INFO - Successfully updated job requisition 66db04aabf0a19d8769e5fc4
[2024-09-06T17:45:49.416+0000] {core_li.py:23} INFO - Successfully updated job requisition 66db04aabf0a19d8769e5fc6
[2024-09-06T17:45:49.424+0000] {core_li.py:23} INFO - Successfully updated job requisition 66db04aabf0a19d8769e5fc8
[2024-09-06T17:45:49.434+0000] {core_li.py:23} INFO - Successfully updated job requisition 66db04aabf0a19d8769e5fca
[2024-09-06T17:45:49.449+0000] {core_li.py:23} INFO - Successfully updated job requisition 66db04aabf0a19d8769e5fcc
[2024-09-06T17:45:49.466+0000] {core_li.py:23} INFO - Successfully updated job requisition 66db04aabf0a19d8769e5fce
[2024-09-06T17:45:49.477+0000] {core_li.py:23} INFO - Successfully updated job requisition 66db04aabf0a19d8769e5fd0
[2024-09-06T17:45:49.489+0000] {core_li.py:23} INFO - Successfully updated job requisition 66db04aabf0a19d8769e5fd2
[2024-09-06T17:45:49.498+0000] {core_li.py:23} INFO - Successfully updated job requisition 66db04aabf0a19d8769e5fd4
[2024-09-06T17:45:49.510+0000] {core_li.py:23} INFO - Successfully updated job requisition 66db04aabf0a19d8769e5fd6
[2024-09-06T17:45:49.518+0000] {core_li.py:23} INFO - Successfully updated job requisition 66db04aabf0a19d8769e5fd8
[2024-09-06T17:45:49.528+0000] {core_li.py:23} INFO - Successfully updated job requisition 66db04aabf0a19d8769e5fda
[2024-09-06T17:45:49.535+0000] {core_li.py:23} INFO - Successfully updated job requisition 66db04aabf0a19d8769e5fdc
[2024-09-06T17:45:49.545+0000] {core_li.py:23} INFO - Successfully updated job requisition 66db04aabf0a19d8769e5fde
[2024-09-06T17:45:49.552+0000] {core_li.py:23} INFO - Successfully updated job requisition 66db04aabf0a19d8769e5fe0
[2024-09-06T17:45:49.560+0000] {core_li.py:23} INFO - Successfully updated job requisition 66db04aabf0a19d8769e5fe2
[2024-09-06T17:45:49.573+0000] {core_li.py:23} INFO - Successfully updated job requisition 66db04aabf0a19d8769e5fe4
[2024-09-06T17:45:49.584+0000] {core_li.py:23} INFO - Successfully updated job requisition 66db04aabf0a19d8769e5fe6
[2024-09-06T17:45:49.594+0000] {core_li.py:23} INFO - Successfully updated job requisition 66db04aabf0a19d8769e5fe8
[2024-09-06T17:45:49.608+0000] {core_li.py:23} INFO - Successfully updated job requisition 66db04aabf0a19d8769e5fea
[2024-09-06T17:45:49.621+0000] {core_li.py:23} INFO - Successfully updated job requisition 66db04aabf0a19d8769e5fec
[2024-09-06T17:45:49.630+0000] {core_li.py:23} INFO - Successfully updated job requisition 66db04aabf0a19d8769e5fee
[2024-09-06T17:45:49.642+0000] {core_li.py:23} INFO - Successfully updated job requisition 66db04aabf0a19d8769e5ff0
[2024-09-06T17:45:49.653+0000] {core_li.py:23} INFO - Successfully updated job requisition 66db04aabf0a19d8769e5ff2
[2024-09-06T17:45:49.661+0000] {core_li.py:23} INFO - Successfully updated job requisition 66db04aabf0a19d8769e5ff4
[2024-09-06T17:45:49.669+0000] {core_li.py:23} INFO - Successfully updated job requisition 66db04aabf0a19d8769e5ff6
[2024-09-06T17:45:49.676+0000] {core_li.py:23} INFO - Successfully updated job requisition 66db04aabf0a19d8769e5ff8
[2024-09-06T17:45:49.686+0000] {core_li.py:23} INFO - Successfully updated job requisition 66db04aabf0a19d8769e5ffa
[2024-09-06T17:45:49.699+0000] {core_li.py:23} INFO - Successfully updated job requisition 66db04aabf0a19d8769e5ffc
[2024-09-06T17:45:49.710+0000] {core_li.py:23} INFO - Successfully updated job requisition 66db04aabf0a19d8769e5ffe
[2024-09-06T17:45:49.718+0000] {core_li.py:23} INFO - Successfully updated job requisition 66db04aabf0a19d8769e6000
[2024-09-06T17:45:49.727+0000] {core_li.py:23} INFO - Successfully updated job requisition 66db04aabf0a19d8769e6002
[2024-09-06T17:45:49.735+0000] {core_li.py:23} INFO - Successfully updated job requisition 66db04aabf0a19d8769e6004
[2024-09-06T17:45:49.743+0000] {core_li.py:23} INFO - Successfully updated job requisition 66db04aabf0a19d8769e6006
[2024-09-06T17:45:49.752+0000] {core_li.py:23} INFO - Successfully updated job requisition 66db04aabf0a19d8769e6008
[2024-09-06T17:45:49.763+0000] {core_li.py:23} INFO - Successfully updated job requisition 66db04aabf0a19d8769e600a
[2024-09-06T17:45:49.773+0000] {core_li.py:23} INFO - Successfully updated job requisition 66db04aabf0a19d8769e600c
[2024-09-06T17:45:49.783+0000] {core_li.py:23} INFO - Successfully updated job requisition 66db04aabf0a19d8769e600e
[2024-09-06T17:45:49.792+0000] {core_li.py:23} INFO - Successfully updated job requisition 66db04aabf0a19d8769e6010
[2024-09-06T17:45:49.793+0000] {python.py:240} INFO - Done. Returned value was: 100
[2024-09-06T17:45:49.829+0000] {taskinstance.py:340} INFO - ::group::Post task execution logs
[2024-09-06T17:45:49.830+0000] {taskinstance.py:352} INFO - Marking task as SUCCESS. dag_id=async_flow, task_id=task_backfill_number_of_cancelled_candidates_in_batch, run_id=manual__2024-09-06T17:29:39.458358+00:00, map_index=5, execution_date=20240906T172939, start_date=20240906T174548, end_date=20240906T174549
[2024-09-06T17:45:49.899+0000] {local_task_job_runner.py:266} INFO - Task exited with return code 0
[2024-09-06T17:45:49.911+0000] {local_task_job_runner.py:245} INFO - ::endgroup::
