[2024-09-06T17:43:10.018+0000] {local_task_job_runner.py:123} INFO - ::group::Pre task execution logs
[2024-09-06T17:43:10.080+0000] {taskinstance.py:2612} INFO - Dependencies all met for dep_context=non-requeueable deps ti=<TaskInstance: async_flow.task_backfill_number_of_cancelled_candidates_in_batch manual__2024-09-06T17:43:02.727107+00:00 map_index=46 [queued]>
[2024-09-06T17:43:10.100+0000] {taskinstance.py:2612} INFO - Dependencies all met for dep_context=requeueable deps ti=<TaskInstance: async_flow.task_backfill_number_of_cancelled_candidates_in_batch manual__2024-09-06T17:43:02.727107+00:00 map_index=46 [queued]>
[2024-09-06T17:43:10.102+0000] {taskinstance.py:2865} INFO - Starting attempt 1 of 1
[2024-09-06T17:43:10.122+0000] {taskinstance.py:2888} INFO - Executing <Mapped(_PythonDecoratedOperator): task_backfill_number_of_cancelled_candidates_in_batch> on 2024-09-06 17:43:02.727107+00:00
[2024-09-06T17:43:10.156+0000] {warnings.py:112} WARNING - /home/***/.local/lib/python3.12/site-packages/***/task/task_runner/standard_task_runner.py:70: DeprecationWarning: This process (pid=271) is multi-threaded, use of fork() may lead to deadlocks in the child.
  pid = os.fork()

[2024-09-06T17:43:10.161+0000] {standard_task_runner.py:72} INFO - Started process 352 to run task
[2024-09-06T17:43:10.168+0000] {standard_task_runner.py:104} INFO - Running: ['***', 'tasks', 'run', 'async_flow', 'task_backfill_number_of_cancelled_candidates_in_batch', 'manual__2024-09-06T17:43:02.727107+00:00', '--job-id', '215', '--raw', '--subdir', 'DAGS_FOLDER/dags_async_flow.py', '--cfg-path', '/tmp/tmpsforsoxd', '--map-index', '46']
[2024-09-06T17:43:10.170+0000] {standard_task_runner.py:105} INFO - Job 215: Subtask task_backfill_number_of_cancelled_candidates_in_batch
[2024-09-06T17:43:10.235+0000] {task_command.py:467} INFO - Running <TaskInstance: async_flow.task_backfill_number_of_cancelled_candidates_in_batch manual__2024-09-06T17:43:02.727107+00:00 map_index=46 [running]> on host 0817eb6c24af
[2024-09-06T17:43:10.342+0000] {taskinstance.py:3131} INFO - Exporting env vars: AIRFLOW_CTX_DAG_OWNER='***' AIRFLOW_CTX_DAG_ID='async_flow' AIRFLOW_CTX_TASK_ID='task_backfill_number_of_cancelled_candidates_in_batch' AIRFLOW_CTX_EXECUTION_DATE='2024-09-06T17:43:02.727107+00:00' AIRFLOW_CTX_TRY_NUMBER='1' AIRFLOW_CTX_DAG_RUN_ID='manual__2024-09-06T17:43:02.727107+00:00'
[2024-09-06T17:43:10.343+0000] {taskinstance.py:731} INFO - ::endgroup::
[2024-09-06T17:43:10.358+0000] {core_li.py:23} INFO - Successfully updated job requisition 66db04acbf0a19d8769e7f52
[2024-09-06T17:43:10.371+0000] {core_li.py:23} INFO - Successfully updated job requisition 66db04acbf0a19d8769e7f54
[2024-09-06T17:43:10.382+0000] {core_li.py:23} INFO - Successfully updated job requisition 66db04acbf0a19d8769e7f56
[2024-09-06T17:43:10.391+0000] {core_li.py:23} INFO - Successfully updated job requisition 66db04acbf0a19d8769e7f58
[2024-09-06T17:43:10.400+0000] {core_li.py:23} INFO - Successfully updated job requisition 66db04acbf0a19d8769e7f5a
[2024-09-06T17:43:10.408+0000] {core_li.py:23} INFO - Successfully updated job requisition 66db04acbf0a19d8769e7f5c
[2024-09-06T17:43:10.417+0000] {core_li.py:23} INFO - Successfully updated job requisition 66db04acbf0a19d8769e7f5e
[2024-09-06T17:43:10.425+0000] {core_li.py:23} INFO - Successfully updated job requisition 66db04acbf0a19d8769e7f60
[2024-09-06T17:43:10.432+0000] {core_li.py:23} INFO - Successfully updated job requisition 66db04acbf0a19d8769e7f62
[2024-09-06T17:43:10.451+0000] {core_li.py:23} INFO - Successfully updated job requisition 66db04acbf0a19d8769e7f64
[2024-09-06T17:43:10.457+0000] {core_li.py:23} INFO - Successfully updated job requisition 66db04acbf0a19d8769e7f66
[2024-09-06T17:43:10.465+0000] {core_li.py:23} INFO - Successfully updated job requisition 66db04acbf0a19d8769e7f68
[2024-09-06T17:43:10.479+0000] {core_li.py:23} INFO - Successfully updated job requisition 66db04acbf0a19d8769e7f6a
[2024-09-06T17:43:10.488+0000] {core_li.py:23} INFO - Successfully updated job requisition 66db04acbf0a19d8769e7f6c
[2024-09-06T17:43:10.499+0000] {core_li.py:23} INFO - Successfully updated job requisition 66db04acbf0a19d8769e7f6e
[2024-09-06T17:43:10.512+0000] {core_li.py:23} INFO - Successfully updated job requisition 66db04acbf0a19d8769e7f70
[2024-09-06T17:43:10.519+0000] {core_li.py:23} INFO - Successfully updated job requisition 66db04acbf0a19d8769e7f72
[2024-09-06T17:43:10.529+0000] {core_li.py:23} INFO - Successfully updated job requisition 66db04acbf0a19d8769e7f74
[2024-09-06T17:43:10.538+0000] {core_li.py:23} INFO - Successfully updated job requisition 66db04acbf0a19d8769e7f76
[2024-09-06T17:43:10.548+0000] {core_li.py:23} INFO - Successfully updated job requisition 66db04acbf0a19d8769e7f78
[2024-09-06T17:43:10.554+0000] {core_li.py:23} INFO - Successfully updated job requisition 66db04acbf0a19d8769e7f7a
[2024-09-06T17:43:10.564+0000] {core_li.py:23} INFO - Successfully updated job requisition 66db04acbf0a19d8769e7f7c
[2024-09-06T17:43:10.570+0000] {core_li.py:23} INFO - Successfully updated job requisition 66db04acbf0a19d8769e7f7e
[2024-09-06T17:43:10.576+0000] {core_li.py:23} INFO - Successfully updated job requisition 66db04acbf0a19d8769e7f80
[2024-09-06T17:43:10.585+0000] {core_li.py:23} INFO - Successfully updated job requisition 66db04acbf0a19d8769e7f82
[2024-09-06T17:43:10.596+0000] {core_li.py:23} INFO - Successfully updated job requisition 66db04acbf0a19d8769e7f84
[2024-09-06T17:43:10.604+0000] {core_li.py:23} INFO - Successfully updated job requisition 66db04acbf0a19d8769e7f86
[2024-09-06T17:43:10.610+0000] {core_li.py:23} INFO - Successfully updated job requisition 66db04acbf0a19d8769e7f88
[2024-09-06T17:43:10.617+0000] {core_li.py:23} INFO - Successfully updated job requisition 66db04acbf0a19d8769e7f8a
[2024-09-06T17:43:10.625+0000] {core_li.py:23} INFO - Successfully updated job requisition 66db04acbf0a19d8769e7f8c
[2024-09-06T17:43:10.634+0000] {core_li.py:23} INFO - Successfully updated job requisition 66db04acbf0a19d8769e7f8e
[2024-09-06T17:43:10.642+0000] {core_li.py:23} INFO - Successfully updated job requisition 66db04acbf0a19d8769e7f90
[2024-09-06T17:43:10.651+0000] {core_li.py:23} INFO - Successfully updated job requisition 66db04acbf0a19d8769e7f92
[2024-09-06T17:43:10.670+0000] {core_li.py:23} INFO - Successfully updated job requisition 66db04acbf0a19d8769e7f94
[2024-09-06T17:43:10.679+0000] {core_li.py:23} INFO - Successfully updated job requisition 66db04acbf0a19d8769e7f96
[2024-09-06T17:43:10.687+0000] {core_li.py:23} INFO - Successfully updated job requisition 66db04acbf0a19d8769e7f98
[2024-09-06T17:43:10.696+0000] {core_li.py:23} INFO - Successfully updated job requisition 66db04acbf0a19d8769e7f9a
[2024-09-06T17:43:10.703+0000] {core_li.py:23} INFO - Successfully updated job requisition 66db04acbf0a19d8769e7f9c
[2024-09-06T17:43:10.713+0000] {core_li.py:23} INFO - Successfully updated job requisition 66db04acbf0a19d8769e7f9e
[2024-09-06T17:43:10.722+0000] {core_li.py:23} INFO - Successfully updated job requisition 66db04acbf0a19d8769e7fa0
[2024-09-06T17:43:10.729+0000] {core_li.py:23} INFO - Successfully updated job requisition 66db04acbf0a19d8769e7fa2
[2024-09-06T17:43:10.739+0000] {core_li.py:23} INFO - Successfully updated job requisition 66db04acbf0a19d8769e7fa4
[2024-09-06T17:43:10.748+0000] {core_li.py:23} INFO - Successfully updated job requisition 66db04acbf0a19d8769e7fa6
[2024-09-06T17:43:10.755+0000] {core_li.py:23} INFO - Successfully updated job requisition 66db04acbf0a19d8769e7fa8
[2024-09-06T17:43:10.762+0000] {core_li.py:23} INFO - Successfully updated job requisition 66db04acbf0a19d8769e7faa
[2024-09-06T17:43:10.769+0000] {core_li.py:23} INFO - Successfully updated job requisition 66db04acbf0a19d8769e7fac
[2024-09-06T17:43:10.776+0000] {core_li.py:23} INFO - Successfully updated job requisition 66db04acbf0a19d8769e7fae
[2024-09-06T17:43:10.783+0000] {core_li.py:23} INFO - Successfully updated job requisition 66db04acbf0a19d8769e7fb0
[2024-09-06T17:43:10.790+0000] {core_li.py:23} INFO - Successfully updated job requisition 66db04acbf0a19d8769e7fb2
[2024-09-06T17:43:10.799+0000] {core_li.py:23} INFO - Successfully updated job requisition 66db04acbf0a19d8769e7fb4
[2024-09-06T17:43:10.807+0000] {core_li.py:23} INFO - Successfully updated job requisition 66db04acbf0a19d8769e7fb6
[2024-09-06T17:43:10.816+0000] {core_li.py:23} INFO - Successfully updated job requisition 66db04acbf0a19d8769e7fb8
[2024-09-06T17:43:10.829+0000] {core_li.py:23} INFO - Successfully updated job requisition 66db04acbf0a19d8769e7fba
[2024-09-06T17:43:10.836+0000] {core_li.py:23} INFO - Successfully updated job requisition 66db04acbf0a19d8769e7fbc
[2024-09-06T17:43:10.845+0000] {core_li.py:23} INFO - Successfully updated job requisition 66db04acbf0a19d8769e7fbe
[2024-09-06T17:43:10.857+0000] {core_li.py:23} INFO - Successfully updated job requisition 66db04acbf0a19d8769e7fc0
[2024-09-06T17:43:10.865+0000] {core_li.py:23} INFO - Successfully updated job requisition 66db04acbf0a19d8769e7fc2
[2024-09-06T17:43:10.872+0000] {core_li.py:23} INFO - Successfully updated job requisition 66db04acbf0a19d8769e7fc4
[2024-09-06T17:43:10.882+0000] {core_li.py:23} INFO - Successfully updated job requisition 66db04acbf0a19d8769e7fc6
[2024-09-06T17:43:10.893+0000] {core_li.py:23} INFO - Successfully updated job requisition 66db04acbf0a19d8769e7fc8
[2024-09-06T17:43:10.903+0000] {core_li.py:23} INFO - Successfully updated job requisition 66db04acbf0a19d8769e7fca
[2024-09-06T17:43:10.909+0000] {core_li.py:23} INFO - Successfully updated job requisition 66db04acbf0a19d8769e7fcc
[2024-09-06T17:43:10.918+0000] {core_li.py:23} INFO - Successfully updated job requisition 66db04acbf0a19d8769e7fce
[2024-09-06T17:43:10.924+0000] {core_li.py:23} INFO - Successfully updated job requisition 66db04acbf0a19d8769e7fd0
[2024-09-06T17:43:10.930+0000] {core_li.py:23} INFO - Successfully updated job requisition 66db04acbf0a19d8769e7fd2
[2024-09-06T17:43:10.938+0000] {core_li.py:23} INFO - Successfully updated job requisition 66db04acbf0a19d8769e7fd4
[2024-09-06T17:43:10.945+0000] {core_li.py:23} INFO - Successfully updated job requisition 66db04acbf0a19d8769e7fd6
[2024-09-06T17:43:10.952+0000] {core_li.py:23} INFO - Successfully updated job requisition 66db04acbf0a19d8769e7fd8
[2024-09-06T17:43:10.960+0000] {core_li.py:23} INFO - Successfully updated job requisition 66db04acbf0a19d8769e7fda
[2024-09-06T17:43:10.974+0000] {core_li.py:23} INFO - Successfully updated job requisition 66db04acbf0a19d8769e7fdc
[2024-09-06T17:43:10.987+0000] {core_li.py:23} INFO - Successfully updated job requisition 66db04acbf0a19d8769e7fde
[2024-09-06T17:43:10.997+0000] {core_li.py:23} INFO - Successfully updated job requisition 66db04acbf0a19d8769e7fe0
[2024-09-06T17:43:11.004+0000] {core_li.py:23} INFO - Successfully updated job requisition 66db04acbf0a19d8769e7fe2
[2024-09-06T17:43:11.010+0000] {core_li.py:23} INFO - Successfully updated job requisition 66db04acbf0a19d8769e7fe4
[2024-09-06T17:43:11.018+0000] {core_li.py:23} INFO - Successfully updated job requisition 66db04acbf0a19d8769e7fe6
[2024-09-06T17:43:11.030+0000] {core_li.py:23} INFO - Successfully updated job requisition 66db04acbf0a19d8769e7fe8
[2024-09-06T17:43:11.040+0000] {core_li.py:23} INFO - Successfully updated job requisition 66db04acbf0a19d8769e7fea
[2024-09-06T17:43:11.050+0000] {core_li.py:23} INFO - Successfully updated job requisition 66db04acbf0a19d8769e7fec
[2024-09-06T17:43:11.057+0000] {core_li.py:23} INFO - Successfully updated job requisition 66db04acbf0a19d8769e7fee
[2024-09-06T17:43:11.067+0000] {core_li.py:23} INFO - Successfully updated job requisition 66db04acbf0a19d8769e7ff0
[2024-09-06T17:43:11.075+0000] {core_li.py:23} INFO - Successfully updated job requisition 66db04acbf0a19d8769e7ff2
[2024-09-06T17:43:11.082+0000] {core_li.py:23} INFO - Successfully updated job requisition 66db04acbf0a19d8769e7ff4
[2024-09-06T17:43:11.090+0000] {core_li.py:23} INFO - Successfully updated job requisition 66db04acbf0a19d8769e7ff6
[2024-09-06T17:43:11.097+0000] {core_li.py:23} INFO - Successfully updated job requisition 66db04acbf0a19d8769e7ff8
[2024-09-06T17:43:11.107+0000] {core_li.py:23} INFO - Successfully updated job requisition 66db04acbf0a19d8769e7ffa
[2024-09-06T17:43:11.116+0000] {core_li.py:23} INFO - Successfully updated job requisition 66db04acbf0a19d8769e7ffc
[2024-09-06T17:43:11.124+0000] {core_li.py:23} INFO - Successfully updated job requisition 66db04acbf0a19d8769e7ffe
[2024-09-06T17:43:11.135+0000] {core_li.py:23} INFO - Successfully updated job requisition 66db04acbf0a19d8769e8000
[2024-09-06T17:43:11.151+0000] {core_li.py:23} INFO - Successfully updated job requisition 66db04acbf0a19d8769e8002
[2024-09-06T17:43:11.161+0000] {core_li.py:23} INFO - Successfully updated job requisition 66db04acbf0a19d8769e8004
[2024-09-06T17:43:11.168+0000] {core_li.py:23} INFO - Successfully updated job requisition 66db04acbf0a19d8769e8006
[2024-09-06T17:43:11.176+0000] {core_li.py:23} INFO - Successfully updated job requisition 66db04acbf0a19d8769e8008
[2024-09-06T17:43:11.185+0000] {core_li.py:23} INFO - Successfully updated job requisition 66db04acbf0a19d8769e800a
[2024-09-06T17:43:11.196+0000] {core_li.py:23} INFO - Successfully updated job requisition 66db04acbf0a19d8769e800c
[2024-09-06T17:43:11.203+0000] {core_li.py:23} INFO - Successfully updated job requisition 66db04acbf0a19d8769e800e
[2024-09-06T17:43:11.212+0000] {core_li.py:23} INFO - Successfully updated job requisition 66db04acbf0a19d8769e8010
[2024-09-06T17:43:11.220+0000] {core_li.py:23} INFO - Successfully updated job requisition 66db04acbf0a19d8769e8012
[2024-09-06T17:43:11.227+0000] {core_li.py:23} INFO - Successfully updated job requisition 66db04acbf0a19d8769e8014
[2024-09-06T17:43:11.236+0000] {core_li.py:23} INFO - Successfully updated job requisition 66db04acbf0a19d8769e8016
[2024-09-06T17:43:11.242+0000] {core_li.py:23} INFO - Successfully updated job requisition 66db04acbf0a19d8769e8018
[2024-09-06T17:43:11.242+0000] {python.py:240} INFO - Done. Returned value was: 100
[2024-09-06T17:43:11.271+0000] {taskinstance.py:340} INFO - ::group::Post task execution logs
[2024-09-06T17:43:11.271+0000] {taskinstance.py:352} INFO - Marking task as SUCCESS. dag_id=async_flow, task_id=task_backfill_number_of_cancelled_candidates_in_batch, run_id=manual__2024-09-06T17:43:02.727107+00:00, map_index=46, execution_date=20240906T174302, start_date=20240906T174310, end_date=20240906T174311
[2024-09-06T17:43:11.330+0000] {local_task_job_runner.py:266} INFO - Task exited with return code 0
[2024-09-06T17:43:11.337+0000] {local_task_job_runner.py:245} INFO - ::endgroup::
