[2024-09-06T17:29:45.302+0000] {local_task_job_runner.py:123} INFO - ::group::Pre task execution logs
[2024-09-06T17:29:45.339+0000] {taskinstance.py:2612} INFO - Dependencies all met for dep_context=non-requeueable deps ti=<TaskInstance: async_flow.task_backfill_number_of_cancelled_candidates_in_batch manual__2024-09-06T17:29:39.458358+00:00 map_index=28 [queued]>
[2024-09-06T17:29:45.351+0000] {taskinstance.py:2612} INFO - Dependencies all met for dep_context=requeueable deps ti=<TaskInstance: async_flow.task_backfill_number_of_cancelled_candidates_in_batch manual__2024-09-06T17:29:39.458358+00:00 map_index=28 [queued]>
[2024-09-06T17:29:45.351+0000] {taskinstance.py:2865} INFO - Starting attempt 1 of 1
[2024-09-06T17:29:45.368+0000] {taskinstance.py:2888} INFO - Executing <Mapped(_PythonDecoratedOperator): task_backfill_number_of_cancelled_candidates_in_batch> on 2024-09-06 17:29:39.458358+00:00
[2024-09-06T17:29:45.377+0000] {warnings.py:112} WARNING - /home/***/.local/lib/python3.12/site-packages/***/task/task_runner/standard_task_runner.py:70: DeprecationWarning: This process (pid=3221) is multi-threaded, use of fork() may lead to deadlocks in the child.
  pid = os.fork()

[2024-09-06T17:29:45.381+0000] {standard_task_runner.py:104} INFO - Running: ['***', 'tasks', 'run', 'async_flow', 'task_backfill_number_of_cancelled_candidates_in_batch', 'manual__2024-09-06T17:29:39.458358+00:00', '--job-id', '149', '--raw', '--subdir', 'DAGS_FOLDER/dags_async_flow.py', '--cfg-path', '/tmp/tmp68tx6fa2', '--map-index', '28']
[2024-09-06T17:29:45.385+0000] {standard_task_runner.py:105} INFO - Job 149: Subtask task_backfill_number_of_cancelled_candidates_in_batch
[2024-09-06T17:29:45.383+0000] {standard_task_runner.py:72} INFO - Started process 3300 to run task
[2024-09-06T17:29:45.546+0000] {task_command.py:467} INFO - Running <TaskInstance: async_flow.task_backfill_number_of_cancelled_candidates_in_batch manual__2024-09-06T17:29:39.458358+00:00 map_index=28 [running]> on host a3a5f1897683
[2024-09-06T17:29:45.686+0000] {taskinstance.py:3131} INFO - Exporting env vars: AIRFLOW_CTX_DAG_OWNER='***' AIRFLOW_CTX_DAG_ID='async_flow' AIRFLOW_CTX_TASK_ID='task_backfill_number_of_cancelled_candidates_in_batch' AIRFLOW_CTX_EXECUTION_DATE='2024-09-06T17:29:39.458358+00:00' AIRFLOW_CTX_TRY_NUMBER='1' AIRFLOW_CTX_DAG_RUN_ID='manual__2024-09-06T17:29:39.458358+00:00'
[2024-09-06T17:29:45.688+0000] {taskinstance.py:731} INFO - ::endgroup::
[2024-09-06T17:29:45.717+0000] {core_li.py:23} INFO - Successfully updated job requisition 66db04acbf0a19d8769e7dc2
[2024-09-06T17:29:45.729+0000] {core_li.py:23} INFO - Successfully updated job requisition 66db04acbf0a19d8769e7dc4
[2024-09-06T17:29:45.743+0000] {core_li.py:23} INFO - Successfully updated job requisition 66db04acbf0a19d8769e7dc6
[2024-09-06T17:29:45.756+0000] {core_li.py:23} INFO - Successfully updated job requisition 66db04acbf0a19d8769e7dc8
[2024-09-06T17:29:45.765+0000] {core_li.py:23} INFO - Successfully updated job requisition 66db04acbf0a19d8769e7dca
[2024-09-06T17:29:45.775+0000] {core_li.py:23} INFO - Successfully updated job requisition 66db04acbf0a19d8769e7dcc
[2024-09-06T17:29:45.785+0000] {core_li.py:23} INFO - Successfully updated job requisition 66db04acbf0a19d8769e7dce
[2024-09-06T17:29:45.802+0000] {core_li.py:23} INFO - Successfully updated job requisition 66db04acbf0a19d8769e7dd0
[2024-09-06T17:29:45.813+0000] {core_li.py:23} INFO - Successfully updated job requisition 66db04acbf0a19d8769e7dd2
[2024-09-06T17:29:45.822+0000] {core_li.py:23} INFO - Successfully updated job requisition 66db04acbf0a19d8769e7dd4
[2024-09-06T17:29:45.834+0000] {core_li.py:23} INFO - Successfully updated job requisition 66db04acbf0a19d8769e7dd6
[2024-09-06T17:29:45.849+0000] {core_li.py:23} INFO - Successfully updated job requisition 66db04acbf0a19d8769e7dd8
[2024-09-06T17:29:45.859+0000] {core_li.py:23} INFO - Successfully updated job requisition 66db04acbf0a19d8769e7dda
[2024-09-06T17:29:45.884+0000] {core_li.py:23} INFO - Successfully updated job requisition 66db04acbf0a19d8769e7ddc
[2024-09-06T17:29:45.895+0000] {core_li.py:23} INFO - Successfully updated job requisition 66db04acbf0a19d8769e7dde
[2024-09-06T17:29:45.908+0000] {core_li.py:23} INFO - Successfully updated job requisition 66db04acbf0a19d8769e7de0
[2024-09-06T17:29:45.916+0000] {core_li.py:23} INFO - Successfully updated job requisition 66db04acbf0a19d8769e7de2
[2024-09-06T17:29:45.923+0000] {core_li.py:23} INFO - Successfully updated job requisition 66db04acbf0a19d8769e7de4
[2024-09-06T17:29:45.931+0000] {core_li.py:23} INFO - Successfully updated job requisition 66db04acbf0a19d8769e7de6
[2024-09-06T17:29:45.944+0000] {core_li.py:23} INFO - Successfully updated job requisition 66db04acbf0a19d8769e7de8
[2024-09-06T17:29:45.953+0000] {core_li.py:23} INFO - Successfully updated job requisition 66db04acbf0a19d8769e7dea
[2024-09-06T17:29:45.962+0000] {core_li.py:23} INFO - Successfully updated job requisition 66db04acbf0a19d8769e7dec
[2024-09-06T17:29:45.970+0000] {core_li.py:23} INFO - Successfully updated job requisition 66db04acbf0a19d8769e7dee
[2024-09-06T17:29:45.979+0000] {core_li.py:23} INFO - Successfully updated job requisition 66db04acbf0a19d8769e7df0
[2024-09-06T17:29:45.987+0000] {core_li.py:23} INFO - Successfully updated job requisition 66db04acbf0a19d8769e7df2
[2024-09-06T17:29:45.994+0000] {core_li.py:23} INFO - Successfully updated job requisition 66db04acbf0a19d8769e7df4
[2024-09-06T17:29:46.003+0000] {core_li.py:23} INFO - Successfully updated job requisition 66db04acbf0a19d8769e7df6
[2024-09-06T17:29:46.013+0000] {core_li.py:23} INFO - Successfully updated job requisition 66db04acbf0a19d8769e7df8
[2024-09-06T17:29:46.029+0000] {core_li.py:23} INFO - Successfully updated job requisition 66db04acbf0a19d8769e7dfa
[2024-09-06T17:29:46.038+0000] {core_li.py:23} INFO - Successfully updated job requisition 66db04acbf0a19d8769e7dfc
[2024-09-06T17:29:46.048+0000] {core_li.py:23} INFO - Successfully updated job requisition 66db04acbf0a19d8769e7dfe
[2024-09-06T17:29:46.058+0000] {core_li.py:23} INFO - Successfully updated job requisition 66db04acbf0a19d8769e7e00
[2024-09-06T17:29:46.070+0000] {core_li.py:23} INFO - Successfully updated job requisition 66db04acbf0a19d8769e7e02
[2024-09-06T17:29:46.078+0000] {core_li.py:23} INFO - Successfully updated job requisition 66db04acbf0a19d8769e7e04
[2024-09-06T17:29:46.088+0000] {core_li.py:23} INFO - Successfully updated job requisition 66db04acbf0a19d8769e7e06
[2024-09-06T17:29:46.097+0000] {core_li.py:23} INFO - Successfully updated job requisition 66db04acbf0a19d8769e7e08
[2024-09-06T17:29:46.113+0000] {core_li.py:23} INFO - Successfully updated job requisition 66db04acbf0a19d8769e7e0a
[2024-09-06T17:29:46.123+0000] {core_li.py:23} INFO - Successfully updated job requisition 66db04acbf0a19d8769e7e0c
[2024-09-06T17:29:46.137+0000] {core_li.py:23} INFO - Successfully updated job requisition 66db04acbf0a19d8769e7e0e
[2024-09-06T17:29:46.153+0000] {core_li.py:23} INFO - Successfully updated job requisition 66db04acbf0a19d8769e7e10
[2024-09-06T17:29:46.165+0000] {core_li.py:23} INFO - Successfully updated job requisition 66db04acbf0a19d8769e7e12
[2024-09-06T17:29:46.181+0000] {core_li.py:23} INFO - Successfully updated job requisition 66db04acbf0a19d8769e7e14
[2024-09-06T17:29:46.192+0000] {core_li.py:23} INFO - Successfully updated job requisition 66db04acbf0a19d8769e7e16
[2024-09-06T17:29:46.197+0000] {core_li.py:23} INFO - Successfully updated job requisition 66db04acbf0a19d8769e7e18
[2024-09-06T17:29:46.205+0000] {core_li.py:23} INFO - Successfully updated job requisition 66db04acbf0a19d8769e7e1a
[2024-09-06T17:29:46.214+0000] {core_li.py:23} INFO - Successfully updated job requisition 66db04acbf0a19d8769e7e1c
[2024-09-06T17:29:46.223+0000] {core_li.py:23} INFO - Successfully updated job requisition 66db04acbf0a19d8769e7e1e
[2024-09-06T17:29:46.230+0000] {core_li.py:23} INFO - Successfully updated job requisition 66db04acbf0a19d8769e7e20
[2024-09-06T17:29:46.237+0000] {core_li.py:23} INFO - Successfully updated job requisition 66db04acbf0a19d8769e7e22
[2024-09-06T17:29:46.247+0000] {core_li.py:23} INFO - Successfully updated job requisition 66db04acbf0a19d8769e7e24
[2024-09-06T17:29:46.257+0000] {core_li.py:23} INFO - Successfully updated job requisition 66db04acbf0a19d8769e7e26
[2024-09-06T17:29:46.265+0000] {core_li.py:23} INFO - Successfully updated job requisition 66db04acbf0a19d8769e7e28
[2024-09-06T17:29:46.277+0000] {core_li.py:23} INFO - Successfully updated job requisition 66db04acbf0a19d8769e7e2a
[2024-09-06T17:29:46.283+0000] {core_li.py:23} INFO - Successfully updated job requisition 66db04acbf0a19d8769e7e2c
[2024-09-06T17:29:46.290+0000] {core_li.py:23} INFO - Successfully updated job requisition 66db04acbf0a19d8769e7e2e
[2024-09-06T17:29:46.296+0000] {core_li.py:23} INFO - Successfully updated job requisition 66db04acbf0a19d8769e7e30
[2024-09-06T17:29:46.304+0000] {core_li.py:23} INFO - Successfully updated job requisition 66db04acbf0a19d8769e7e32
[2024-09-06T17:29:46.314+0000] {core_li.py:23} INFO - Successfully updated job requisition 66db04acbf0a19d8769e7e34
[2024-09-06T17:29:46.321+0000] {core_li.py:23} INFO - Successfully updated job requisition 66db04acbf0a19d8769e7e36
[2024-09-06T17:29:46.332+0000] {core_li.py:23} INFO - Successfully updated job requisition 66db04acbf0a19d8769e7e38
[2024-09-06T17:29:46.343+0000] {core_li.py:23} INFO - Successfully updated job requisition 66db04acbf0a19d8769e7e3a
[2024-09-06T17:29:46.354+0000] {core_li.py:23} INFO - Successfully updated job requisition 66db04acbf0a19d8769e7e3c
[2024-09-06T17:29:46.363+0000] {core_li.py:23} INFO - Successfully updated job requisition 66db04acbf0a19d8769e7e3e
[2024-09-06T17:29:46.370+0000] {core_li.py:23} INFO - Successfully updated job requisition 66db04acbf0a19d8769e7e40
[2024-09-06T17:29:46.376+0000] {core_li.py:23} INFO - Successfully updated job requisition 66db04acbf0a19d8769e7e42
[2024-09-06T17:29:46.384+0000] {core_li.py:23} INFO - Successfully updated job requisition 66db04acbf0a19d8769e7e44
[2024-09-06T17:29:46.391+0000] {core_li.py:23} INFO - Successfully updated job requisition 66db04acbf0a19d8769e7e46
[2024-09-06T17:29:46.399+0000] {core_li.py:23} INFO - Successfully updated job requisition 66db04acbf0a19d8769e7e48
[2024-09-06T17:29:46.406+0000] {core_li.py:23} INFO - Successfully updated job requisition 66db04acbf0a19d8769e7e4a
[2024-09-06T17:29:46.412+0000] {core_li.py:23} INFO - Successfully updated job requisition 66db04acbf0a19d8769e7e4c
[2024-09-06T17:29:46.420+0000] {core_li.py:23} INFO - Successfully updated job requisition 66db04acbf0a19d8769e7e4e
[2024-09-06T17:29:46.427+0000] {core_li.py:23} INFO - Successfully updated job requisition 66db04acbf0a19d8769e7e50
[2024-09-06T17:29:46.434+0000] {core_li.py:23} INFO - Successfully updated job requisition 66db04acbf0a19d8769e7e52
[2024-09-06T17:29:46.444+0000] {core_li.py:23} INFO - Successfully updated job requisition 66db04acbf0a19d8769e7e54
[2024-09-06T17:29:46.452+0000] {core_li.py:23} INFO - Successfully updated job requisition 66db04acbf0a19d8769e7e56
[2024-09-06T17:29:46.460+0000] {core_li.py:23} INFO - Successfully updated job requisition 66db04acbf0a19d8769e7e58
[2024-09-06T17:29:46.468+0000] {core_li.py:23} INFO - Successfully updated job requisition 66db04acbf0a19d8769e7e5a
[2024-09-06T17:29:46.477+0000] {core_li.py:23} INFO - Successfully updated job requisition 66db04acbf0a19d8769e7e5c
[2024-09-06T17:29:46.485+0000] {core_li.py:23} INFO - Successfully updated job requisition 66db04acbf0a19d8769e7e5e
[2024-09-06T17:29:46.493+0000] {core_li.py:23} INFO - Successfully updated job requisition 66db04acbf0a19d8769e7e60
[2024-09-06T17:29:46.502+0000] {core_li.py:23} INFO - Successfully updated job requisition 66db04acbf0a19d8769e7e62
[2024-09-06T17:29:46.511+0000] {core_li.py:23} INFO - Successfully updated job requisition 66db04acbf0a19d8769e7e64
[2024-09-06T17:29:46.519+0000] {core_li.py:23} INFO - Successfully updated job requisition 66db04acbf0a19d8769e7e66
[2024-09-06T17:29:46.527+0000] {core_li.py:23} INFO - Successfully updated job requisition 66db04acbf0a19d8769e7e68
[2024-09-06T17:29:46.534+0000] {core_li.py:23} INFO - Successfully updated job requisition 66db04acbf0a19d8769e7e6a
[2024-09-06T17:29:46.542+0000] {core_li.py:23} INFO - Successfully updated job requisition 66db04acbf0a19d8769e7e6c
[2024-09-06T17:29:46.550+0000] {core_li.py:23} INFO - Successfully updated job requisition 66db04acbf0a19d8769e7e6e
[2024-09-06T17:29:46.557+0000] {core_li.py:23} INFO - Successfully updated job requisition 66db04acbf0a19d8769e7e70
[2024-09-06T17:29:46.564+0000] {core_li.py:23} INFO - Successfully updated job requisition 66db04acbf0a19d8769e7e72
[2024-09-06T17:29:46.575+0000] {core_li.py:23} INFO - Successfully updated job requisition 66db04acbf0a19d8769e7e74
[2024-09-06T17:29:46.582+0000] {core_li.py:23} INFO - Successfully updated job requisition 66db04acbf0a19d8769e7e76
[2024-09-06T17:29:46.589+0000] {core_li.py:23} INFO - Successfully updated job requisition 66db04acbf0a19d8769e7e78
[2024-09-06T17:29:46.596+0000] {core_li.py:23} INFO - Successfully updated job requisition 66db04acbf0a19d8769e7e7a
[2024-09-06T17:29:46.603+0000] {core_li.py:23} INFO - Successfully updated job requisition 66db04acbf0a19d8769e7e7c
[2024-09-06T17:29:46.616+0000] {core_li.py:23} INFO - Successfully updated job requisition 66db04acbf0a19d8769e7e7e
[2024-09-06T17:29:46.624+0000] {core_li.py:23} INFO - Successfully updated job requisition 66db04acbf0a19d8769e7e80
[2024-09-06T17:29:46.633+0000] {core_li.py:23} INFO - Successfully updated job requisition 66db04acbf0a19d8769e7e82
[2024-09-06T17:29:46.639+0000] {core_li.py:23} INFO - Successfully updated job requisition 66db04acbf0a19d8769e7e84
[2024-09-06T17:29:46.649+0000] {core_li.py:23} INFO - Successfully updated job requisition 66db04acbf0a19d8769e7e86
[2024-09-06T17:29:46.658+0000] {core_li.py:23} INFO - Successfully updated job requisition 66db04acbf0a19d8769e7e88
[2024-09-06T17:29:46.658+0000] {python.py:240} INFO - Done. Returned value was: 100
[2024-09-06T17:29:46.682+0000] {taskinstance.py:340} INFO - ::group::Post task execution logs
[2024-09-06T17:29:46.683+0000] {taskinstance.py:352} INFO - Marking task as SUCCESS. dag_id=async_flow, task_id=task_backfill_number_of_cancelled_candidates_in_batch, run_id=manual__2024-09-06T17:29:39.458358+00:00, map_index=28, execution_date=20240906T172939, start_date=20240906T172945, end_date=20240906T172946
[2024-09-06T17:29:46.735+0000] {local_task_job_runner.py:266} INFO - Task exited with return code 0
[2024-09-06T17:29:46.743+0000] {local_task_job_runner.py:245} INFO - ::endgroup::
