[2024-09-06T17:45:51.207+0000] {local_task_job_runner.py:123} INFO - ::group::Pre task execution logs
[2024-09-06T17:45:51.225+0000] {taskinstance.py:2612} INFO - Dependencies all met for dep_context=non-requeueable deps ti=<TaskInstance: async_flow.task_backfill_number_of_cancelled_candidates_in_batch manual__2024-09-06T17:29:39.458358+00:00 map_index=28 [queued]>
[2024-09-06T17:45:51.241+0000] {taskinstance.py:2612} INFO - Dependencies all met for dep_context=requeueable deps ti=<TaskInstance: async_flow.task_backfill_number_of_cancelled_candidates_in_batch manual__2024-09-06T17:29:39.458358+00:00 map_index=28 [queued]>
[2024-09-06T17:45:51.242+0000] {taskinstance.py:2865} INFO - Starting attempt 2 of 2
[2024-09-06T17:45:51.251+0000] {taskinstance.py:2888} INFO - Executing <Mapped(_PythonDecoratedOperator): task_backfill_number_of_cancelled_candidates_in_batch> on 2024-09-06 17:29:39.458358+00:00
[2024-09-06T17:45:51.262+0000] {warnings.py:112} WARNING - /home/***/.local/lib/python3.12/site-packages/***/task/task_runner/standard_task_runner.py:70: DeprecationWarning: This process (pid=529) is multi-threaded, use of fork() may lead to deadlocks in the child.
  pid = os.fork()

[2024-09-06T17:45:51.267+0000] {standard_task_runner.py:72} INFO - Started process 592 to run task
[2024-09-06T17:45:51.273+0000] {standard_task_runner.py:104} INFO - Running: ['***', 'tasks', 'run', 'async_flow', 'task_backfill_number_of_cancelled_candidates_in_batch', 'manual__2024-09-06T17:29:39.458358+00:00', '--job-id', '252', '--raw', '--subdir', 'DAGS_FOLDER/dags_async_flow.py', '--cfg-path', '/tmp/tmp0d82n2l5', '--map-index', '28']
[2024-09-06T17:45:51.277+0000] {standard_task_runner.py:105} INFO - Job 252: Subtask task_backfill_number_of_cancelled_candidates_in_batch
[2024-09-06T17:45:51.329+0000] {task_command.py:467} INFO - Running <TaskInstance: async_flow.task_backfill_number_of_cancelled_candidates_in_batch manual__2024-09-06T17:29:39.458358+00:00 map_index=28 [running]> on host 0817eb6c24af
[2024-09-06T17:45:51.440+0000] {taskinstance.py:3131} INFO - Exporting env vars: AIRFLOW_CTX_DAG_OWNER='***' AIRFLOW_CTX_DAG_ID='async_flow' AIRFLOW_CTX_TASK_ID='task_backfill_number_of_cancelled_candidates_in_batch' AIRFLOW_CTX_EXECUTION_DATE='2024-09-06T17:29:39.458358+00:00' AIRFLOW_CTX_TRY_NUMBER='2' AIRFLOW_CTX_DAG_RUN_ID='manual__2024-09-06T17:29:39.458358+00:00'
[2024-09-06T17:45:51.445+0000] {taskinstance.py:731} INFO - ::endgroup::
[2024-09-06T17:45:51.466+0000] {core_li.py:23} INFO - Successfully updated job requisition 66db04acbf0a19d8769e7dc2
[2024-09-06T17:45:51.482+0000] {core_li.py:23} INFO - Successfully updated job requisition 66db04acbf0a19d8769e7dc4
[2024-09-06T17:45:51.489+0000] {core_li.py:23} INFO - Successfully updated job requisition 66db04acbf0a19d8769e7dc6
[2024-09-06T17:45:51.498+0000] {core_li.py:23} INFO - Successfully updated job requisition 66db04acbf0a19d8769e7dc8
[2024-09-06T17:45:51.505+0000] {core_li.py:23} INFO - Successfully updated job requisition 66db04acbf0a19d8769e7dca
[2024-09-06T17:45:51.513+0000] {core_li.py:23} INFO - Successfully updated job requisition 66db04acbf0a19d8769e7dcc
[2024-09-06T17:45:51.520+0000] {core_li.py:23} INFO - Successfully updated job requisition 66db04acbf0a19d8769e7dce
[2024-09-06T17:45:51.533+0000] {core_li.py:23} INFO - Successfully updated job requisition 66db04acbf0a19d8769e7dd0
[2024-09-06T17:45:51.542+0000] {core_li.py:23} INFO - Successfully updated job requisition 66db04acbf0a19d8769e7dd2
[2024-09-06T17:45:51.552+0000] {core_li.py:23} INFO - Successfully updated job requisition 66db04acbf0a19d8769e7dd4
[2024-09-06T17:45:51.562+0000] {core_li.py:23} INFO - Successfully updated job requisition 66db04acbf0a19d8769e7dd6
[2024-09-06T17:45:51.569+0000] {core_li.py:23} INFO - Successfully updated job requisition 66db04acbf0a19d8769e7dd8
[2024-09-06T17:45:51.577+0000] {core_li.py:23} INFO - Successfully updated job requisition 66db04acbf0a19d8769e7dda
[2024-09-06T17:45:51.585+0000] {core_li.py:23} INFO - Successfully updated job requisition 66db04acbf0a19d8769e7ddc
[2024-09-06T17:45:51.593+0000] {core_li.py:23} INFO - Successfully updated job requisition 66db04acbf0a19d8769e7dde
[2024-09-06T17:45:51.603+0000] {core_li.py:23} INFO - Successfully updated job requisition 66db04acbf0a19d8769e7de0
[2024-09-06T17:45:51.615+0000] {core_li.py:23} INFO - Successfully updated job requisition 66db04acbf0a19d8769e7de2
[2024-09-06T17:45:51.626+0000] {core_li.py:23} INFO - Successfully updated job requisition 66db04acbf0a19d8769e7de4
[2024-09-06T17:45:51.631+0000] {core_li.py:23} INFO - Successfully updated job requisition 66db04acbf0a19d8769e7de6
[2024-09-06T17:45:51.638+0000] {core_li.py:23} INFO - Successfully updated job requisition 66db04acbf0a19d8769e7de8
[2024-09-06T17:45:51.646+0000] {core_li.py:23} INFO - Successfully updated job requisition 66db04acbf0a19d8769e7dea
[2024-09-06T17:45:51.654+0000] {core_li.py:23} INFO - Successfully updated job requisition 66db04acbf0a19d8769e7dec
[2024-09-06T17:45:51.664+0000] {core_li.py:23} INFO - Successfully updated job requisition 66db04acbf0a19d8769e7dee
[2024-09-06T17:45:51.669+0000] {core_li.py:23} INFO - Successfully updated job requisition 66db04acbf0a19d8769e7df0
[2024-09-06T17:45:51.677+0000] {core_li.py:23} INFO - Successfully updated job requisition 66db04acbf0a19d8769e7df2
[2024-09-06T17:45:51.686+0000] {core_li.py:23} INFO - Successfully updated job requisition 66db04acbf0a19d8769e7df4
[2024-09-06T17:45:51.693+0000] {core_li.py:23} INFO - Successfully updated job requisition 66db04acbf0a19d8769e7df6
[2024-09-06T17:45:51.701+0000] {core_li.py:23} INFO - Successfully updated job requisition 66db04acbf0a19d8769e7df8
[2024-09-06T17:45:51.708+0000] {core_li.py:23} INFO - Successfully updated job requisition 66db04acbf0a19d8769e7dfa
[2024-09-06T17:45:51.720+0000] {core_li.py:23} INFO - Successfully updated job requisition 66db04acbf0a19d8769e7dfc
[2024-09-06T17:45:51.728+0000] {core_li.py:23} INFO - Successfully updated job requisition 66db04acbf0a19d8769e7dfe
[2024-09-06T17:45:51.736+0000] {core_li.py:23} INFO - Successfully updated job requisition 66db04acbf0a19d8769e7e00
[2024-09-06T17:45:51.744+0000] {core_li.py:23} INFO - Successfully updated job requisition 66db04acbf0a19d8769e7e02
[2024-09-06T17:45:51.753+0000] {core_li.py:23} INFO - Successfully updated job requisition 66db04acbf0a19d8769e7e04
[2024-09-06T17:45:51.761+0000] {core_li.py:23} INFO - Successfully updated job requisition 66db04acbf0a19d8769e7e06
[2024-09-06T17:45:51.770+0000] {core_li.py:23} INFO - Successfully updated job requisition 66db04acbf0a19d8769e7e08
[2024-09-06T17:45:51.777+0000] {core_li.py:23} INFO - Successfully updated job requisition 66db04acbf0a19d8769e7e0a
[2024-09-06T17:45:51.783+0000] {core_li.py:23} INFO - Successfully updated job requisition 66db04acbf0a19d8769e7e0c
[2024-09-06T17:45:51.796+0000] {core_li.py:23} INFO - Successfully updated job requisition 66db04acbf0a19d8769e7e0e
[2024-09-06T17:45:51.805+0000] {core_li.py:23} INFO - Successfully updated job requisition 66db04acbf0a19d8769e7e10
[2024-09-06T17:45:51.812+0000] {core_li.py:23} INFO - Successfully updated job requisition 66db04acbf0a19d8769e7e12
[2024-09-06T17:45:51.819+0000] {core_li.py:23} INFO - Successfully updated job requisition 66db04acbf0a19d8769e7e14
[2024-09-06T17:45:51.828+0000] {core_li.py:23} INFO - Successfully updated job requisition 66db04acbf0a19d8769e7e16
[2024-09-06T17:45:51.836+0000] {core_li.py:23} INFO - Successfully updated job requisition 66db04acbf0a19d8769e7e18
[2024-09-06T17:45:51.846+0000] {core_li.py:23} INFO - Successfully updated job requisition 66db04acbf0a19d8769e7e1a
[2024-09-06T17:45:51.853+0000] {core_li.py:23} INFO - Successfully updated job requisition 66db04acbf0a19d8769e7e1c
[2024-09-06T17:45:51.860+0000] {core_li.py:23} INFO - Successfully updated job requisition 66db04acbf0a19d8769e7e1e
[2024-09-06T17:45:51.868+0000] {core_li.py:23} INFO - Successfully updated job requisition 66db04acbf0a19d8769e7e20
[2024-09-06T17:45:51.875+0000] {core_li.py:23} INFO - Successfully updated job requisition 66db04acbf0a19d8769e7e22
[2024-09-06T17:45:51.882+0000] {core_li.py:23} INFO - Successfully updated job requisition 66db04acbf0a19d8769e7e24
[2024-09-06T17:45:51.889+0000] {core_li.py:23} INFO - Successfully updated job requisition 66db04acbf0a19d8769e7e26
[2024-09-06T17:45:51.899+0000] {core_li.py:23} INFO - Successfully updated job requisition 66db04acbf0a19d8769e7e28
[2024-09-06T17:45:51.908+0000] {core_li.py:23} INFO - Successfully updated job requisition 66db04acbf0a19d8769e7e2a
[2024-09-06T17:45:51.917+0000] {core_li.py:23} INFO - Successfully updated job requisition 66db04acbf0a19d8769e7e2c
[2024-09-06T17:45:51.924+0000] {core_li.py:23} INFO - Successfully updated job requisition 66db04acbf0a19d8769e7e2e
[2024-09-06T17:45:51.935+0000] {core_li.py:23} INFO - Successfully updated job requisition 66db04acbf0a19d8769e7e30
[2024-09-06T17:45:51.942+0000] {core_li.py:23} INFO - Successfully updated job requisition 66db04acbf0a19d8769e7e32
[2024-09-06T17:45:51.948+0000] {core_li.py:23} INFO - Successfully updated job requisition 66db04acbf0a19d8769e7e34
[2024-09-06T17:45:51.954+0000] {core_li.py:23} INFO - Successfully updated job requisition 66db04acbf0a19d8769e7e36
[2024-09-06T17:45:51.960+0000] {core_li.py:23} INFO - Successfully updated job requisition 66db04acbf0a19d8769e7e38
[2024-09-06T17:45:51.967+0000] {core_li.py:23} INFO - Successfully updated job requisition 66db04acbf0a19d8769e7e3a
[2024-09-06T17:45:51.974+0000] {core_li.py:23} INFO - Successfully updated job requisition 66db04acbf0a19d8769e7e3c
[2024-09-06T17:45:51.980+0000] {core_li.py:23} INFO - Successfully updated job requisition 66db04acbf0a19d8769e7e3e
[2024-09-06T17:45:51.987+0000] {core_li.py:23} INFO - Successfully updated job requisition 66db04acbf0a19d8769e7e40
[2024-09-06T17:45:51.995+0000] {core_li.py:23} INFO - Successfully updated job requisition 66db04acbf0a19d8769e7e42
[2024-09-06T17:45:52.003+0000] {core_li.py:23} INFO - Successfully updated job requisition 66db04acbf0a19d8769e7e44
[2024-09-06T17:45:52.010+0000] {core_li.py:23} INFO - Successfully updated job requisition 66db04acbf0a19d8769e7e46
[2024-09-06T17:45:52.018+0000] {core_li.py:23} INFO - Successfully updated job requisition 66db04acbf0a19d8769e7e48
[2024-09-06T17:45:52.027+0000] {core_li.py:23} INFO - Successfully updated job requisition 66db04acbf0a19d8769e7e4a
[2024-09-06T17:45:52.034+0000] {core_li.py:23} INFO - Successfully updated job requisition 66db04acbf0a19d8769e7e4c
[2024-09-06T17:45:52.045+0000] {core_li.py:23} INFO - Successfully updated job requisition 66db04acbf0a19d8769e7e4e
[2024-09-06T17:45:52.053+0000] {core_li.py:23} INFO - Successfully updated job requisition 66db04acbf0a19d8769e7e50
[2024-09-06T17:45:52.058+0000] {core_li.py:23} INFO - Successfully updated job requisition 66db04acbf0a19d8769e7e52
[2024-09-06T17:45:52.064+0000] {core_li.py:23} INFO - Successfully updated job requisition 66db04acbf0a19d8769e7e54
[2024-09-06T17:45:52.073+0000] {core_li.py:23} INFO - Successfully updated job requisition 66db04acbf0a19d8769e7e56
[2024-09-06T17:45:52.092+0000] {core_li.py:23} INFO - Successfully updated job requisition 66db04acbf0a19d8769e7e58
[2024-09-06T17:45:52.099+0000] {core_li.py:23} INFO - Successfully updated job requisition 66db04acbf0a19d8769e7e5a
[2024-09-06T17:45:52.107+0000] {core_li.py:23} INFO - Successfully updated job requisition 66db04acbf0a19d8769e7e5c
[2024-09-06T17:45:52.115+0000] {core_li.py:23} INFO - Successfully updated job requisition 66db04acbf0a19d8769e7e5e
[2024-09-06T17:45:52.122+0000] {core_li.py:23} INFO - Successfully updated job requisition 66db04acbf0a19d8769e7e60
[2024-09-06T17:45:52.129+0000] {core_li.py:23} INFO - Successfully updated job requisition 66db04acbf0a19d8769e7e62
[2024-09-06T17:45:52.137+0000] {core_li.py:23} INFO - Successfully updated job requisition 66db04acbf0a19d8769e7e64
[2024-09-06T17:45:52.144+0000] {core_li.py:23} INFO - Successfully updated job requisition 66db04acbf0a19d8769e7e66
[2024-09-06T17:45:52.150+0000] {core_li.py:23} INFO - Successfully updated job requisition 66db04acbf0a19d8769e7e68
[2024-09-06T17:45:52.158+0000] {core_li.py:23} INFO - Successfully updated job requisition 66db04acbf0a19d8769e7e6a
[2024-09-06T17:45:52.165+0000] {core_li.py:23} INFO - Successfully updated job requisition 66db04acbf0a19d8769e7e6c
[2024-09-06T17:45:52.172+0000] {core_li.py:23} INFO - Successfully updated job requisition 66db04acbf0a19d8769e7e6e
[2024-09-06T17:45:52.181+0000] {core_li.py:23} INFO - Successfully updated job requisition 66db04acbf0a19d8769e7e70
[2024-09-06T17:45:52.188+0000] {core_li.py:23} INFO - Successfully updated job requisition 66db04acbf0a19d8769e7e72
[2024-09-06T17:45:52.196+0000] {core_li.py:23} INFO - Successfully updated job requisition 66db04acbf0a19d8769e7e74
[2024-09-06T17:45:52.203+0000] {core_li.py:23} INFO - Successfully updated job requisition 66db04acbf0a19d8769e7e76
[2024-09-06T17:45:52.215+0000] {core_li.py:23} INFO - Successfully updated job requisition 66db04acbf0a19d8769e7e78
[2024-09-06T17:45:52.222+0000] {core_li.py:23} INFO - Successfully updated job requisition 66db04acbf0a19d8769e7e7a
[2024-09-06T17:45:52.228+0000] {core_li.py:23} INFO - Successfully updated job requisition 66db04acbf0a19d8769e7e7c
[2024-09-06T17:45:52.238+0000] {core_li.py:23} INFO - Successfully updated job requisition 66db04acbf0a19d8769e7e7e
[2024-09-06T17:45:52.245+0000] {core_li.py:23} INFO - Successfully updated job requisition 66db04acbf0a19d8769e7e80
[2024-09-06T17:45:52.254+0000] {core_li.py:23} INFO - Successfully updated job requisition 66db04acbf0a19d8769e7e82
[2024-09-06T17:45:52.262+0000] {core_li.py:23} INFO - Successfully updated job requisition 66db04acbf0a19d8769e7e84
[2024-09-06T17:45:52.271+0000] {core_li.py:23} INFO - Successfully updated job requisition 66db04acbf0a19d8769e7e86
[2024-09-06T17:45:52.279+0000] {core_li.py:23} INFO - Successfully updated job requisition 66db04acbf0a19d8769e7e88
[2024-09-06T17:45:52.279+0000] {python.py:240} INFO - Done. Returned value was: 100
[2024-09-06T17:45:52.308+0000] {taskinstance.py:340} INFO - ::group::Post task execution logs
[2024-09-06T17:45:52.309+0000] {taskinstance.py:352} INFO - Marking task as SUCCESS. dag_id=async_flow, task_id=task_backfill_number_of_cancelled_candidates_in_batch, run_id=manual__2024-09-06T17:29:39.458358+00:00, map_index=28, execution_date=20240906T172939, start_date=20240906T174551, end_date=20240906T174552
[2024-09-06T17:45:52.357+0000] {local_task_job_runner.py:266} INFO - Task exited with return code 0
[2024-09-06T17:45:52.373+0000] {taskinstance.py:3900} INFO - 0 downstream tasks scheduled from follow-on schedule check
[2024-09-06T17:45:52.374+0000] {local_task_job_runner.py:245} INFO - ::endgroup::
