[2024-09-06T17:47:37.722+0000] {local_task_job_runner.py:123} INFO - ::group::Pre task execution logs
[2024-09-06T17:47:37.747+0000] {taskinstance.py:2612} INFO - Dependencies all met for dep_context=non-requeueable deps ti=<TaskInstance: async_flow.task_backfill_number_of_cancelled_candidates_in_batch manual__2024-09-06T17:47:30.120511+00:00 map_index=34 [queued]>
[2024-09-06T17:47:37.759+0000] {taskinstance.py:2612} INFO - Dependencies all met for dep_context=requeueable deps ti=<TaskInstance: async_flow.task_backfill_number_of_cancelled_candidates_in_batch manual__2024-09-06T17:47:30.120511+00:00 map_index=34 [queued]>
[2024-09-06T17:47:37.759+0000] {taskinstance.py:2865} INFO - Starting attempt 1 of 1
[2024-09-06T17:47:37.771+0000] {taskinstance.py:2888} INFO - Executing <Mapped(_PythonDecoratedOperator): task_backfill_number_of_cancelled_candidates_in_batch> on 2024-09-06 17:47:30.120511+00:00
[2024-09-06T17:47:37.780+0000] {standard_task_runner.py:104} INFO - Running: ['***', 'tasks', 'run', 'async_flow', 'task_backfill_number_of_cancelled_candidates_in_batch', 'manual__2024-09-06T17:47:30.120511+00:00', '--job-id', '366', '--raw', '--subdir', 'DAGS_FOLDER/dags_async_flow.py', '--cfg-path', '/tmp/tmphu8r07gw', '--map-index', '34']
[2024-09-06T17:47:37.776+0000] {warnings.py:112} WARNING - /home/***/.local/lib/python3.12/site-packages/***/task/task_runner/standard_task_runner.py:70: DeprecationWarning: This process (pid=1239) is multi-threaded, use of fork() may lead to deadlocks in the child.
  pid = os.fork()

[2024-09-06T17:47:37.782+0000] {standard_task_runner.py:72} INFO - Started process 1303 to run task
[2024-09-06T17:47:37.782+0000] {standard_task_runner.py:105} INFO - Job 366: Subtask task_backfill_number_of_cancelled_candidates_in_batch
[2024-09-06T17:47:37.843+0000] {task_command.py:467} INFO - Running <TaskInstance: async_flow.task_backfill_number_of_cancelled_candidates_in_batch manual__2024-09-06T17:47:30.120511+00:00 map_index=34 [running]> on host 0817eb6c24af
[2024-09-06T17:47:37.938+0000] {taskinstance.py:3131} INFO - Exporting env vars: AIRFLOW_CTX_DAG_OWNER='***' AIRFLOW_CTX_DAG_ID='async_flow' AIRFLOW_CTX_TASK_ID='task_backfill_number_of_cancelled_candidates_in_batch' AIRFLOW_CTX_EXECUTION_DATE='2024-09-06T17:47:30.120511+00:00' AIRFLOW_CTX_TRY_NUMBER='1' AIRFLOW_CTX_DAG_RUN_ID='manual__2024-09-06T17:47:30.120511+00:00'
[2024-09-06T17:47:37.941+0000] {taskinstance.py:731} INFO - ::endgroup::
[2024-09-06T17:47:37.960+0000] {core_li.py:23} INFO - Successfully updated job requisition 66db04acbf0a19d8769e80e2
[2024-09-06T17:47:37.970+0000] {core_li.py:23} INFO - Successfully updated job requisition 66db04acbf0a19d8769e80e4
[2024-09-06T17:47:37.983+0000] {core_li.py:23} INFO - Successfully updated job requisition 66db04acbf0a19d8769e80e6
[2024-09-06T17:47:37.994+0000] {core_li.py:23} INFO - Successfully updated job requisition 66db04acbf0a19d8769e80e8
[2024-09-06T17:47:38.006+0000] {core_li.py:23} INFO - Successfully updated job requisition 66db04acbf0a19d8769e80ea
[2024-09-06T17:47:38.015+0000] {core_li.py:23} INFO - Successfully updated job requisition 66db04acbf0a19d8769e80ec
[2024-09-06T17:47:38.049+0000] {core_li.py:23} INFO - Successfully updated job requisition 66db04acbf0a19d8769e80ee
[2024-09-06T17:47:38.067+0000] {core_li.py:23} INFO - Successfully updated job requisition 66db04acbf0a19d8769e80f0
[2024-09-06T17:47:38.080+0000] {core_li.py:23} INFO - Successfully updated job requisition 66db04acbf0a19d8769e80f2
[2024-09-06T17:47:38.102+0000] {core_li.py:23} INFO - Successfully updated job requisition 66db04acbf0a19d8769e80f4
[2024-09-06T17:47:38.119+0000] {core_li.py:23} INFO - Successfully updated job requisition 66db04acbf0a19d8769e80f6
[2024-09-06T17:47:38.130+0000] {core_li.py:23} INFO - Successfully updated job requisition 66db04acbf0a19d8769e80f8
[2024-09-06T17:47:38.144+0000] {core_li.py:23} INFO - Successfully updated job requisition 66db04acbf0a19d8769e80fa
[2024-09-06T17:47:38.152+0000] {core_li.py:23} INFO - Successfully updated job requisition 66db04acbf0a19d8769e80fc
[2024-09-06T17:47:38.167+0000] {core_li.py:23} INFO - Successfully updated job requisition 66db04acbf0a19d8769e80fe
[2024-09-06T17:47:38.177+0000] {core_li.py:23} INFO - Successfully updated job requisition 66db04acbf0a19d8769e8100
[2024-09-06T17:47:38.190+0000] {core_li.py:23} INFO - Successfully updated job requisition 66db04acbf0a19d8769e8102
[2024-09-06T17:47:38.199+0000] {core_li.py:23} INFO - Successfully updated job requisition 66db04acbf0a19d8769e8104
[2024-09-06T17:47:38.209+0000] {core_li.py:23} INFO - Successfully updated job requisition 66db04acbf0a19d8769e8106
[2024-09-06T17:47:38.218+0000] {core_li.py:23} INFO - Successfully updated job requisition 66db04acbf0a19d8769e8108
[2024-09-06T17:47:38.225+0000] {core_li.py:23} INFO - Successfully updated job requisition 66db04acbf0a19d8769e810a
[2024-09-06T17:47:38.234+0000] {core_li.py:23} INFO - Successfully updated job requisition 66db04acbf0a19d8769e810c
[2024-09-06T17:47:38.243+0000] {core_li.py:23} INFO - Successfully updated job requisition 66db04acbf0a19d8769e810e
[2024-09-06T17:47:38.257+0000] {core_li.py:23} INFO - Successfully updated job requisition 66db04acbf0a19d8769e8110
[2024-09-06T17:47:38.267+0000] {core_li.py:23} INFO - Successfully updated job requisition 66db04acbf0a19d8769e8112
[2024-09-06T17:47:38.275+0000] {core_li.py:23} INFO - Successfully updated job requisition 66db04acbf0a19d8769e8114
[2024-09-06T17:47:38.283+0000] {core_li.py:23} INFO - Successfully updated job requisition 66db04acbf0a19d8769e8116
[2024-09-06T17:47:38.292+0000] {core_li.py:23} INFO - Successfully updated job requisition 66db04acbf0a19d8769e8118
[2024-09-06T17:47:38.302+0000] {core_li.py:23} INFO - Successfully updated job requisition 66db04acbf0a19d8769e811a
[2024-09-06T17:47:38.311+0000] {core_li.py:23} INFO - Successfully updated job requisition 66db04acbf0a19d8769e811c
[2024-09-06T17:47:38.320+0000] {core_li.py:23} INFO - Successfully updated job requisition 66db04acbf0a19d8769e811e
[2024-09-06T17:47:38.331+0000] {core_li.py:23} INFO - Successfully updated job requisition 66db04acbf0a19d8769e8120
[2024-09-06T17:47:38.339+0000] {core_li.py:23} INFO - Successfully updated job requisition 66db04acbf0a19d8769e8122
[2024-09-06T17:47:38.347+0000] {core_li.py:23} INFO - Successfully updated job requisition 66db04acbf0a19d8769e8124
[2024-09-06T17:47:38.356+0000] {core_li.py:23} INFO - Successfully updated job requisition 66db04acbf0a19d8769e8126
[2024-09-06T17:47:38.364+0000] {core_li.py:23} INFO - Successfully updated job requisition 66db04acbf0a19d8769e8128
[2024-09-06T17:47:38.386+0000] {core_li.py:23} INFO - Successfully updated job requisition 66db04acbf0a19d8769e812a
[2024-09-06T17:47:38.394+0000] {core_li.py:23} INFO - Successfully updated job requisition 66db04acbf0a19d8769e812c
[2024-09-06T17:47:38.402+0000] {core_li.py:23} INFO - Successfully updated job requisition 66db04acbf0a19d8769e812e
[2024-09-06T17:47:38.409+0000] {core_li.py:23} INFO - Successfully updated job requisition 66db04acbf0a19d8769e8130
[2024-09-06T17:47:38.418+0000] {core_li.py:23} INFO - Successfully updated job requisition 66db04acbf0a19d8769e8132
[2024-09-06T17:47:38.425+0000] {core_li.py:23} INFO - Successfully updated job requisition 66db04acbf0a19d8769e8134
[2024-09-06T17:47:38.433+0000] {core_li.py:23} INFO - Successfully updated job requisition 66db04acbf0a19d8769e8136
[2024-09-06T17:47:38.442+0000] {core_li.py:23} INFO - Successfully updated job requisition 66db04acbf0a19d8769e8138
[2024-09-06T17:47:38.453+0000] {core_li.py:23} INFO - Successfully updated job requisition 66db04acbf0a19d8769e813a
[2024-09-06T17:47:38.461+0000] {core_li.py:23} INFO - Successfully updated job requisition 66db04acbf0a19d8769e813c
[2024-09-06T17:47:38.468+0000] {core_li.py:23} INFO - Successfully updated job requisition 66db04acbf0a19d8769e813e
[2024-09-06T17:47:38.476+0000] {core_li.py:23} INFO - Successfully updated job requisition 66db04acbf0a19d8769e8140
[2024-09-06T17:47:38.485+0000] {core_li.py:23} INFO - Successfully updated job requisition 66db04acbf0a19d8769e8142
[2024-09-06T17:47:38.494+0000] {core_li.py:23} INFO - Successfully updated job requisition 66db04acbf0a19d8769e8144
[2024-09-06T17:47:38.523+0000] {core_li.py:23} INFO - Successfully updated job requisition 66db04acbf0a19d8769e8146
[2024-09-06T17:47:38.551+0000] {core_li.py:23} INFO - Successfully updated job requisition 66db04acbf0a19d8769e8148
[2024-09-06T17:47:38.562+0000] {core_li.py:23} INFO - Successfully updated job requisition 66db04acbf0a19d8769e814a
[2024-09-06T17:47:38.570+0000] {core_li.py:23} INFO - Successfully updated job requisition 66db04acbf0a19d8769e814c
[2024-09-06T17:47:38.583+0000] {core_li.py:23} INFO - Successfully updated job requisition 66db04acbf0a19d8769e814e
[2024-09-06T17:47:38.591+0000] {core_li.py:23} INFO - Successfully updated job requisition 66db04acbf0a19d8769e8150
[2024-09-06T17:47:38.600+0000] {core_li.py:23} INFO - Successfully updated job requisition 66db04acbf0a19d8769e8152
[2024-09-06T17:47:38.609+0000] {core_li.py:23} INFO - Successfully updated job requisition 66db04acbf0a19d8769e8154
[2024-09-06T17:47:38.618+0000] {core_li.py:23} INFO - Successfully updated job requisition 66db04acbf0a19d8769e8156
[2024-09-06T17:47:38.627+0000] {core_li.py:23} INFO - Successfully updated job requisition 66db04acbf0a19d8769e8158
[2024-09-06T17:47:38.634+0000] {core_li.py:23} INFO - Successfully updated job requisition 66db04acbf0a19d8769e815a
[2024-09-06T17:47:38.641+0000] {core_li.py:23} INFO - Successfully updated job requisition 66db04acbf0a19d8769e815c
[2024-09-06T17:47:38.651+0000] {core_li.py:23} INFO - Successfully updated job requisition 66db04acbf0a19d8769e815e
[2024-09-06T17:47:38.658+0000] {core_li.py:23} INFO - Successfully updated job requisition 66db04acbf0a19d8769e8160
[2024-09-06T17:47:38.669+0000] {core_li.py:23} INFO - Successfully updated job requisition 66db04acbf0a19d8769e8162
[2024-09-06T17:47:38.678+0000] {core_li.py:23} INFO - Successfully updated job requisition 66db04acbf0a19d8769e8164
[2024-09-06T17:47:38.693+0000] {core_li.py:23} INFO - Successfully updated job requisition 66db04acbf0a19d8769e8166
[2024-09-06T17:47:38.703+0000] {core_li.py:23} INFO - Successfully updated job requisition 66db04acbf0a19d8769e8168
[2024-09-06T17:47:38.720+0000] {core_li.py:23} INFO - Successfully updated job requisition 66db04acbf0a19d8769e816a
[2024-09-06T17:47:38.729+0000] {core_li.py:23} INFO - Successfully updated job requisition 66db04acbf0a19d8769e816c
[2024-09-06T17:47:38.736+0000] {core_li.py:23} INFO - Successfully updated job requisition 66db04acbf0a19d8769e816e
[2024-09-06T17:47:38.744+0000] {core_li.py:23} INFO - Successfully updated job requisition 66db04acbf0a19d8769e8170
[2024-09-06T17:47:38.756+0000] {core_li.py:23} INFO - Successfully updated job requisition 66db04acbf0a19d8769e8172
[2024-09-06T17:47:38.763+0000] {core_li.py:23} INFO - Successfully updated job requisition 66db04acbf0a19d8769e8174
[2024-09-06T17:47:38.771+0000] {core_li.py:23} INFO - Successfully updated job requisition 66db04acbf0a19d8769e8176
[2024-09-06T17:47:38.780+0000] {core_li.py:23} INFO - Successfully updated job requisition 66db04acbf0a19d8769e8178
[2024-09-06T17:47:38.788+0000] {core_li.py:23} INFO - Successfully updated job requisition 66db04acbf0a19d8769e817a
[2024-09-06T17:47:38.797+0000] {core_li.py:23} INFO - Successfully updated job requisition 66db04acbf0a19d8769e817c
[2024-09-06T17:47:38.809+0000] {core_li.py:23} INFO - Successfully updated job requisition 66db04acbf0a19d8769e817e
[2024-09-06T17:47:38.816+0000] {core_li.py:23} INFO - Successfully updated job requisition 66db04acbf0a19d8769e8180
[2024-09-06T17:47:38.825+0000] {core_li.py:23} INFO - Successfully updated job requisition 66db04acbf0a19d8769e8182
[2024-09-06T17:47:38.833+0000] {core_li.py:23} INFO - Successfully updated job requisition 66db04acbf0a19d8769e8184
[2024-09-06T17:47:38.841+0000] {core_li.py:23} INFO - Successfully updated job requisition 66db04acbf0a19d8769e8186
[2024-09-06T17:47:38.849+0000] {core_li.py:23} INFO - Successfully updated job requisition 66db04acbf0a19d8769e8188
[2024-09-06T17:47:38.858+0000] {core_li.py:23} INFO - Successfully updated job requisition 66db04acbf0a19d8769e818a
[2024-09-06T17:47:38.867+0000] {core_li.py:23} INFO - Successfully updated job requisition 66db04acbf0a19d8769e818c
[2024-09-06T17:47:38.875+0000] {core_li.py:23} INFO - Successfully updated job requisition 66db04acbf0a19d8769e818e
[2024-09-06T17:47:38.883+0000] {core_li.py:23} INFO - Successfully updated job requisition 66db04acbf0a19d8769e8190
[2024-09-06T17:47:38.890+0000] {core_li.py:23} INFO - Successfully updated job requisition 66db04acbf0a19d8769e8192
[2024-09-06T17:47:38.899+0000] {core_li.py:23} INFO - Successfully updated job requisition 66db04acbf0a19d8769e8194
[2024-09-06T17:47:38.910+0000] {core_li.py:23} INFO - Successfully updated job requisition 66db04acbf0a19d8769e8196
[2024-09-06T17:47:38.916+0000] {core_li.py:23} INFO - Successfully updated job requisition 66db04acbf0a19d8769e8198
[2024-09-06T17:47:38.924+0000] {core_li.py:23} INFO - Successfully updated job requisition 66db04acbf0a19d8769e819a
[2024-09-06T17:47:38.931+0000] {core_li.py:23} INFO - Successfully updated job requisition 66db04acbf0a19d8769e819c
[2024-09-06T17:47:38.938+0000] {core_li.py:23} INFO - Successfully updated job requisition 66db04acbf0a19d8769e819e
[2024-09-06T17:47:38.946+0000] {core_li.py:23} INFO - Successfully updated job requisition 66db04acbf0a19d8769e81a0
[2024-09-06T17:47:38.953+0000] {core_li.py:23} INFO - Successfully updated job requisition 66db04acbf0a19d8769e81a2
[2024-09-06T17:47:38.958+0000] {core_li.py:23} INFO - Successfully updated job requisition 66db04acbf0a19d8769e81a4
[2024-09-06T17:47:38.965+0000] {core_li.py:23} INFO - Successfully updated job requisition 66db04acbf0a19d8769e81a6
[2024-09-06T17:47:38.976+0000] {core_li.py:23} INFO - Successfully updated job requisition 66db04acbf0a19d8769e81a8
[2024-09-06T17:47:38.980+0000] {python.py:240} INFO - Done. Returned value was: 100
[2024-09-06T17:47:39.003+0000] {taskinstance.py:340} INFO - ::group::Post task execution logs
[2024-09-06T17:47:39.004+0000] {taskinstance.py:352} INFO - Marking task as SUCCESS. dag_id=async_flow, task_id=task_backfill_number_of_cancelled_candidates_in_batch, run_id=manual__2024-09-06T17:47:30.120511+00:00, map_index=34, execution_date=20240906T174730, start_date=20240906T174737, end_date=20240906T174739
[2024-09-06T17:47:39.032+0000] {local_task_job_runner.py:266} INFO - Task exited with return code 0
[2024-09-06T17:47:39.056+0000] {taskinstance.py:3900} INFO - 0 downstream tasks scheduled from follow-on schedule check
[2024-09-06T17:47:39.063+0000] {local_task_job_runner.py:245} INFO - ::endgroup::
