[2024-09-06T17:45:51.237+0000] {local_task_job_runner.py:123} INFO - ::group::Pre task execution logs
[2024-09-06T17:45:51.268+0000] {taskinstance.py:2612} INFO - Dependencies all met for dep_context=non-requeueable deps ti=<TaskInstance: async_flow.task_backfill_number_of_cancelled_candidates_in_batch manual__2024-09-06T17:29:39.458358+00:00 map_index=25 [queued]>
[2024-09-06T17:45:51.284+0000] {taskinstance.py:2612} INFO - Dependencies all met for dep_context=requeueable deps ti=<TaskInstance: async_flow.task_backfill_number_of_cancelled_candidates_in_batch manual__2024-09-06T17:29:39.458358+00:00 map_index=25 [queued]>
[2024-09-06T17:45:51.285+0000] {taskinstance.py:2865} INFO - Starting attempt 2 of 2
[2024-09-06T17:45:51.293+0000] {taskinstance.py:2888} INFO - Executing <Mapped(_PythonDecoratedOperator): task_backfill_number_of_cancelled_candidates_in_batch> on 2024-09-06 17:29:39.458358+00:00
[2024-09-06T17:45:51.297+0000] {warnings.py:112} WARNING - /home/***/.local/lib/python3.12/site-packages/***/task/task_runner/standard_task_runner.py:70: DeprecationWarning: This process (pid=525) is multi-threaded, use of fork() may lead to deadlocks in the child.
  pid = os.fork()

[2024-09-06T17:45:51.298+0000] {standard_task_runner.py:72} INFO - Started process 600 to run task
[2024-09-06T17:45:51.303+0000] {standard_task_runner.py:104} INFO - Running: ['***', 'tasks', 'run', 'async_flow', 'task_backfill_number_of_cancelled_candidates_in_batch', 'manual__2024-09-06T17:29:39.458358+00:00', '--job-id', '255', '--raw', '--subdir', 'DAGS_FOLDER/dags_async_flow.py', '--cfg-path', '/tmp/tmpbwohhnp2', '--map-index', '25']
[2024-09-06T17:45:51.304+0000] {standard_task_runner.py:105} INFO - Job 255: Subtask task_backfill_number_of_cancelled_candidates_in_batch
[2024-09-06T17:45:51.354+0000] {task_command.py:467} INFO - Running <TaskInstance: async_flow.task_backfill_number_of_cancelled_candidates_in_batch manual__2024-09-06T17:29:39.458358+00:00 map_index=25 [running]> on host 0817eb6c24af
[2024-09-06T17:45:51.429+0000] {taskinstance.py:3131} INFO - Exporting env vars: AIRFLOW_CTX_DAG_OWNER='***' AIRFLOW_CTX_DAG_ID='async_flow' AIRFLOW_CTX_TASK_ID='task_backfill_number_of_cancelled_candidates_in_batch' AIRFLOW_CTX_EXECUTION_DATE='2024-09-06T17:29:39.458358+00:00' AIRFLOW_CTX_TRY_NUMBER='2' AIRFLOW_CTX_DAG_RUN_ID='manual__2024-09-06T17:29:39.458358+00:00'
[2024-09-06T17:45:51.431+0000] {taskinstance.py:731} INFO - ::endgroup::
[2024-09-06T17:45:51.446+0000] {core_li.py:23} INFO - Successfully updated job requisition 66db04abbf0a19d8769e7b6a
[2024-09-06T17:45:51.459+0000] {core_li.py:23} INFO - Successfully updated job requisition 66db04abbf0a19d8769e7b6c
[2024-09-06T17:45:51.470+0000] {core_li.py:23} INFO - Successfully updated job requisition 66db04abbf0a19d8769e7b6e
[2024-09-06T17:45:51.485+0000] {core_li.py:23} INFO - Successfully updated job requisition 66db04abbf0a19d8769e7b70
[2024-09-06T17:45:51.500+0000] {core_li.py:23} INFO - Successfully updated job requisition 66db04abbf0a19d8769e7b72
[2024-09-06T17:45:51.506+0000] {core_li.py:23} INFO - Successfully updated job requisition 66db04abbf0a19d8769e7b74
[2024-09-06T17:45:51.513+0000] {core_li.py:23} INFO - Successfully updated job requisition 66db04abbf0a19d8769e7b76
[2024-09-06T17:45:51.520+0000] {core_li.py:23} INFO - Successfully updated job requisition 66db04abbf0a19d8769e7b78
[2024-09-06T17:45:51.531+0000] {core_li.py:23} INFO - Successfully updated job requisition 66db04abbf0a19d8769e7b7a
[2024-09-06T17:45:51.539+0000] {core_li.py:23} INFO - Successfully updated job requisition 66db04abbf0a19d8769e7b7c
[2024-09-06T17:45:51.546+0000] {core_li.py:23} INFO - Successfully updated job requisition 66db04abbf0a19d8769e7b7e
[2024-09-06T17:45:51.553+0000] {core_li.py:23} INFO - Successfully updated job requisition 66db04abbf0a19d8769e7b80
[2024-09-06T17:45:51.559+0000] {core_li.py:23} INFO - Successfully updated job requisition 66db04abbf0a19d8769e7b82
[2024-09-06T17:45:51.564+0000] {core_li.py:23} INFO - Successfully updated job requisition 66db04abbf0a19d8769e7b84
[2024-09-06T17:45:51.572+0000] {core_li.py:23} INFO - Successfully updated job requisition 66db04abbf0a19d8769e7b86
[2024-09-06T17:45:51.580+0000] {core_li.py:23} INFO - Successfully updated job requisition 66db04abbf0a19d8769e7b88
[2024-09-06T17:45:51.588+0000] {core_li.py:23} INFO - Successfully updated job requisition 66db04abbf0a19d8769e7b8a
[2024-09-06T17:45:51.595+0000] {core_li.py:23} INFO - Successfully updated job requisition 66db04abbf0a19d8769e7b8c
[2024-09-06T17:45:51.603+0000] {core_li.py:23} INFO - Successfully updated job requisition 66db04abbf0a19d8769e7b8e
[2024-09-06T17:45:51.621+0000] {core_li.py:23} INFO - Successfully updated job requisition 66db04abbf0a19d8769e7b90
[2024-09-06T17:45:51.629+0000] {core_li.py:23} INFO - Successfully updated job requisition 66db04abbf0a19d8769e7b92
[2024-09-06T17:45:51.637+0000] {core_li.py:23} INFO - Successfully updated job requisition 66db04abbf0a19d8769e7b94
[2024-09-06T17:45:51.649+0000] {core_li.py:23} INFO - Successfully updated job requisition 66db04abbf0a19d8769e7b96
[2024-09-06T17:45:51.656+0000] {core_li.py:23} INFO - Successfully updated job requisition 66db04abbf0a19d8769e7b98
[2024-09-06T17:45:51.668+0000] {core_li.py:23} INFO - Successfully updated job requisition 66db04abbf0a19d8769e7b9a
[2024-09-06T17:45:51.676+0000] {core_li.py:23} INFO - Successfully updated job requisition 66db04abbf0a19d8769e7b9c
[2024-09-06T17:45:51.684+0000] {core_li.py:23} INFO - Successfully updated job requisition 66db04abbf0a19d8769e7b9e
[2024-09-06T17:45:51.693+0000] {core_li.py:23} INFO - Successfully updated job requisition 66db04abbf0a19d8769e7ba0
[2024-09-06T17:45:51.700+0000] {core_li.py:23} INFO - Successfully updated job requisition 66db04abbf0a19d8769e7ba2
[2024-09-06T17:45:51.707+0000] {core_li.py:23} INFO - Successfully updated job requisition 66db04abbf0a19d8769e7ba4
[2024-09-06T17:45:51.714+0000] {core_li.py:23} INFO - Successfully updated job requisition 66db04abbf0a19d8769e7ba6
[2024-09-06T17:45:51.723+0000] {core_li.py:23} INFO - Successfully updated job requisition 66db04abbf0a19d8769e7ba8
[2024-09-06T17:45:51.731+0000] {core_li.py:23} INFO - Successfully updated job requisition 66db04abbf0a19d8769e7baa
[2024-09-06T17:45:51.738+0000] {core_li.py:23} INFO - Successfully updated job requisition 66db04abbf0a19d8769e7bac
[2024-09-06T17:45:51.745+0000] {core_li.py:23} INFO - Successfully updated job requisition 66db04abbf0a19d8769e7bae
[2024-09-06T17:45:51.753+0000] {core_li.py:23} INFO - Successfully updated job requisition 66db04abbf0a19d8769e7bb0
[2024-09-06T17:45:51.761+0000] {core_li.py:23} INFO - Successfully updated job requisition 66db04abbf0a19d8769e7bb2
[2024-09-06T17:45:51.769+0000] {core_li.py:23} INFO - Successfully updated job requisition 66db04abbf0a19d8769e7bb4
[2024-09-06T17:45:51.775+0000] {core_li.py:23} INFO - Successfully updated job requisition 66db04abbf0a19d8769e7bb6
[2024-09-06T17:45:51.783+0000] {core_li.py:23} INFO - Successfully updated job requisition 66db04abbf0a19d8769e7bb8
[2024-09-06T17:45:51.793+0000] {core_li.py:23} INFO - Successfully updated job requisition 66db04abbf0a19d8769e7bba
[2024-09-06T17:45:51.799+0000] {core_li.py:23} INFO - Successfully updated job requisition 66db04abbf0a19d8769e7bbc
[2024-09-06T17:45:51.808+0000] {core_li.py:23} INFO - Successfully updated job requisition 66db04abbf0a19d8769e7bbe
[2024-09-06T17:45:51.814+0000] {core_li.py:23} INFO - Successfully updated job requisition 66db04abbf0a19d8769e7bc0
[2024-09-06T17:45:51.820+0000] {core_li.py:23} INFO - Successfully updated job requisition 66db04abbf0a19d8769e7bc2
[2024-09-06T17:45:51.828+0000] {core_li.py:23} INFO - Successfully updated job requisition 66db04abbf0a19d8769e7bc4
[2024-09-06T17:45:51.837+0000] {core_li.py:23} INFO - Successfully updated job requisition 66db04abbf0a19d8769e7bc6
[2024-09-06T17:45:51.848+0000] {core_li.py:23} INFO - Successfully updated job requisition 66db04abbf0a19d8769e7bc8
[2024-09-06T17:45:51.855+0000] {core_li.py:23} INFO - Successfully updated job requisition 66db04abbf0a19d8769e7bca
[2024-09-06T17:45:51.862+0000] {core_li.py:23} INFO - Successfully updated job requisition 66db04abbf0a19d8769e7bcc
[2024-09-06T17:45:51.873+0000] {core_li.py:23} INFO - Successfully updated job requisition 66db04abbf0a19d8769e7bce
[2024-09-06T17:45:51.880+0000] {core_li.py:23} INFO - Successfully updated job requisition 66db04abbf0a19d8769e7bd0
[2024-09-06T17:45:51.889+0000] {core_li.py:23} INFO - Successfully updated job requisition 66db04abbf0a19d8769e7bd2
[2024-09-06T17:45:51.895+0000] {core_li.py:23} INFO - Successfully updated job requisition 66db04abbf0a19d8769e7bd4
[2024-09-06T17:45:51.906+0000] {core_li.py:23} INFO - Successfully updated job requisition 66db04abbf0a19d8769e7bd6
[2024-09-06T17:45:51.913+0000] {core_li.py:23} INFO - Successfully updated job requisition 66db04abbf0a19d8769e7bd8
[2024-09-06T17:45:51.923+0000] {core_li.py:23} INFO - Successfully updated job requisition 66db04abbf0a19d8769e7bda
[2024-09-06T17:45:51.935+0000] {core_li.py:23} INFO - Successfully updated job requisition 66db04abbf0a19d8769e7bdc
[2024-09-06T17:45:51.942+0000] {core_li.py:23} INFO - Successfully updated job requisition 66db04abbf0a19d8769e7bde
[2024-09-06T17:45:51.949+0000] {core_li.py:23} INFO - Successfully updated job requisition 66db04abbf0a19d8769e7be0
[2024-09-06T17:45:51.957+0000] {core_li.py:23} INFO - Successfully updated job requisition 66db04abbf0a19d8769e7be2
[2024-09-06T17:45:51.966+0000] {core_li.py:23} INFO - Successfully updated job requisition 66db04abbf0a19d8769e7be4
[2024-09-06T17:45:51.973+0000] {core_li.py:23} INFO - Successfully updated job requisition 66db04abbf0a19d8769e7be6
[2024-09-06T17:45:51.983+0000] {core_li.py:23} INFO - Successfully updated job requisition 66db04abbf0a19d8769e7be8
[2024-09-06T17:45:51.991+0000] {core_li.py:23} INFO - Successfully updated job requisition 66db04abbf0a19d8769e7bea
[2024-09-06T17:45:51.998+0000] {core_li.py:23} INFO - Successfully updated job requisition 66db04abbf0a19d8769e7bec
[2024-09-06T17:45:52.006+0000] {core_li.py:23} INFO - Successfully updated job requisition 66db04abbf0a19d8769e7bee
[2024-09-06T17:45:52.013+0000] {core_li.py:23} INFO - Successfully updated job requisition 66db04abbf0a19d8769e7bf0
[2024-09-06T17:45:52.021+0000] {core_li.py:23} INFO - Successfully updated job requisition 66db04abbf0a19d8769e7bf2
[2024-09-06T17:45:52.028+0000] {core_li.py:23} INFO - Successfully updated job requisition 66db04abbf0a19d8769e7bf4
[2024-09-06T17:45:52.036+0000] {core_li.py:23} INFO - Successfully updated job requisition 66db04abbf0a19d8769e7bf6
[2024-09-06T17:45:52.045+0000] {core_li.py:23} INFO - Successfully updated job requisition 66db04abbf0a19d8769e7bf8
[2024-09-06T17:45:52.052+0000] {core_li.py:23} INFO - Successfully updated job requisition 66db04abbf0a19d8769e7bfa
[2024-09-06T17:45:52.060+0000] {core_li.py:23} INFO - Successfully updated job requisition 66db04abbf0a19d8769e7bfc
[2024-09-06T17:45:52.069+0000] {core_li.py:23} INFO - Successfully updated job requisition 66db04abbf0a19d8769e7bfe
[2024-09-06T17:45:52.081+0000] {core_li.py:23} INFO - Successfully updated job requisition 66db04abbf0a19d8769e7c00
[2024-09-06T17:45:52.094+0000] {core_li.py:23} INFO - Successfully updated job requisition 66db04abbf0a19d8769e7c02
[2024-09-06T17:45:52.102+0000] {core_li.py:23} INFO - Successfully updated job requisition 66db04abbf0a19d8769e7c04
[2024-09-06T17:45:52.110+0000] {core_li.py:23} INFO - Successfully updated job requisition 66db04abbf0a19d8769e7c06
[2024-09-06T17:45:52.118+0000] {core_li.py:23} INFO - Successfully updated job requisition 66db04abbf0a19d8769e7c08
[2024-09-06T17:45:52.124+0000] {core_li.py:23} INFO - Successfully updated job requisition 66db04abbf0a19d8769e7c0a
[2024-09-06T17:45:52.131+0000] {core_li.py:23} INFO - Successfully updated job requisition 66db04abbf0a19d8769e7c0c
[2024-09-06T17:45:52.138+0000] {core_li.py:23} INFO - Successfully updated job requisition 66db04abbf0a19d8769e7c0e
[2024-09-06T17:45:52.146+0000] {core_li.py:23} INFO - Successfully updated job requisition 66db04abbf0a19d8769e7c10
[2024-09-06T17:45:52.155+0000] {core_li.py:23} INFO - Successfully updated job requisition 66db04abbf0a19d8769e7c12
[2024-09-06T17:45:52.161+0000] {core_li.py:23} INFO - Successfully updated job requisition 66db04abbf0a19d8769e7c14
[2024-09-06T17:45:52.167+0000] {core_li.py:23} INFO - Successfully updated job requisition 66db04abbf0a19d8769e7c16
[2024-09-06T17:45:52.173+0000] {core_li.py:23} INFO - Successfully updated job requisition 66db04abbf0a19d8769e7c18
[2024-09-06T17:45:52.182+0000] {core_li.py:23} INFO - Successfully updated job requisition 66db04abbf0a19d8769e7c1a
[2024-09-06T17:45:52.188+0000] {core_li.py:23} INFO - Successfully updated job requisition 66db04abbf0a19d8769e7c1c
[2024-09-06T17:45:52.194+0000] {core_li.py:23} INFO - Successfully updated job requisition 66db04abbf0a19d8769e7c1e
[2024-09-06T17:45:52.200+0000] {core_li.py:23} INFO - Successfully updated job requisition 66db04abbf0a19d8769e7c20
[2024-09-06T17:45:52.213+0000] {core_li.py:23} INFO - Successfully updated job requisition 66db04abbf0a19d8769e7c22
[2024-09-06T17:45:52.221+0000] {core_li.py:23} INFO - Successfully updated job requisition 66db04abbf0a19d8769e7c24
[2024-09-06T17:45:52.234+0000] {core_li.py:23} INFO - Successfully updated job requisition 66db04abbf0a19d8769e7c26
[2024-09-06T17:45:52.241+0000] {core_li.py:23} INFO - Successfully updated job requisition 66db04abbf0a19d8769e7c28
[2024-09-06T17:45:52.248+0000] {core_li.py:23} INFO - Successfully updated job requisition 66db04abbf0a19d8769e7c2a
[2024-09-06T17:45:52.257+0000] {core_li.py:23} INFO - Successfully updated job requisition 66db04abbf0a19d8769e7c2c
[2024-09-06T17:45:52.267+0000] {core_li.py:23} INFO - Successfully updated job requisition 66db04abbf0a19d8769e7c2e
[2024-09-06T17:45:52.275+0000] {core_li.py:23} INFO - Successfully updated job requisition 66db04abbf0a19d8769e7c30
[2024-09-06T17:45:52.276+0000] {python.py:240} INFO - Done. Returned value was: 100
[2024-09-06T17:45:52.301+0000] {taskinstance.py:340} INFO - ::group::Post task execution logs
[2024-09-06T17:45:52.302+0000] {taskinstance.py:352} INFO - Marking task as SUCCESS. dag_id=async_flow, task_id=task_backfill_number_of_cancelled_candidates_in_batch, run_id=manual__2024-09-06T17:29:39.458358+00:00, map_index=25, execution_date=20240906T172939, start_date=20240906T174551, end_date=20240906T174552
[2024-09-06T17:45:52.345+0000] {local_task_job_runner.py:266} INFO - Task exited with return code 0
[2024-09-06T17:45:52.354+0000] {local_task_job_runner.py:245} INFO - ::endgroup::
