[2024-09-06T17:29:45.277+0000] {local_task_job_runner.py:123} INFO - ::group::Pre task execution logs
[2024-09-06T17:29:45.311+0000] {taskinstance.py:2612} INFO - Dependencies all met for dep_context=non-requeueable deps ti=<TaskInstance: async_flow.task_backfill_number_of_cancelled_candidates_in_batch manual__2024-09-06T17:29:39.458358+00:00 map_index=25 [queued]>
[2024-09-06T17:29:45.321+0000] {taskinstance.py:2612} INFO - Dependencies all met for dep_context=requeueable deps ti=<TaskInstance: async_flow.task_backfill_number_of_cancelled_candidates_in_batch manual__2024-09-06T17:29:39.458358+00:00 map_index=25 [queued]>
[2024-09-06T17:29:45.322+0000] {taskinstance.py:2865} INFO - Starting attempt 1 of 1
[2024-09-06T17:29:45.332+0000] {taskinstance.py:2888} INFO - Executing <Mapped(_PythonDecoratedOperator): task_backfill_number_of_cancelled_candidates_in_batch> on 2024-09-06 17:29:39.458358+00:00
[2024-09-06T17:29:45.338+0000] {warnings.py:112} WARNING - /home/***/.local/lib/python3.12/site-packages/***/task/task_runner/standard_task_runner.py:70: DeprecationWarning: This process (pid=3219) is multi-threaded, use of fork() may lead to deadlocks in the child.
  pid = os.fork()

[2024-09-06T17:29:45.340+0000] {standard_task_runner.py:72} INFO - Started process 3294 to run task
[2024-09-06T17:29:45.349+0000] {standard_task_runner.py:104} INFO - Running: ['***', 'tasks', 'run', 'async_flow', 'task_backfill_number_of_cancelled_candidates_in_batch', 'manual__2024-09-06T17:29:39.458358+00:00', '--job-id', '148', '--raw', '--subdir', 'DAGS_FOLDER/dags_async_flow.py', '--cfg-path', '/tmp/tmpxa82y0a6', '--map-index', '25']
[2024-09-06T17:29:45.351+0000] {standard_task_runner.py:105} INFO - Job 148: Subtask task_backfill_number_of_cancelled_candidates_in_batch
[2024-09-06T17:29:45.481+0000] {task_command.py:467} INFO - Running <TaskInstance: async_flow.task_backfill_number_of_cancelled_candidates_in_batch manual__2024-09-06T17:29:39.458358+00:00 map_index=25 [running]> on host a3a5f1897683
[2024-09-06T17:29:45.655+0000] {taskinstance.py:3131} INFO - Exporting env vars: AIRFLOW_CTX_DAG_OWNER='***' AIRFLOW_CTX_DAG_ID='async_flow' AIRFLOW_CTX_TASK_ID='task_backfill_number_of_cancelled_candidates_in_batch' AIRFLOW_CTX_EXECUTION_DATE='2024-09-06T17:29:39.458358+00:00' AIRFLOW_CTX_TRY_NUMBER='1' AIRFLOW_CTX_DAG_RUN_ID='manual__2024-09-06T17:29:39.458358+00:00'
[2024-09-06T17:29:45.665+0000] {taskinstance.py:731} INFO - ::endgroup::
[2024-09-06T17:29:45.691+0000] {core_li.py:23} INFO - Successfully updated job requisition 66db04abbf0a19d8769e7b6a
[2024-09-06T17:29:45.715+0000] {core_li.py:23} INFO - Successfully updated job requisition 66db04abbf0a19d8769e7b6c
[2024-09-06T17:29:45.730+0000] {core_li.py:23} INFO - Successfully updated job requisition 66db04abbf0a19d8769e7b6e
[2024-09-06T17:29:45.741+0000] {core_li.py:23} INFO - Successfully updated job requisition 66db04abbf0a19d8769e7b70
[2024-09-06T17:29:45.755+0000] {core_li.py:23} INFO - Successfully updated job requisition 66db04abbf0a19d8769e7b72
[2024-09-06T17:29:45.768+0000] {core_li.py:23} INFO - Successfully updated job requisition 66db04abbf0a19d8769e7b74
[2024-09-06T17:29:45.783+0000] {core_li.py:23} INFO - Successfully updated job requisition 66db04abbf0a19d8769e7b76
[2024-09-06T17:29:45.791+0000] {core_li.py:23} INFO - Successfully updated job requisition 66db04abbf0a19d8769e7b78
[2024-09-06T17:29:45.804+0000] {core_li.py:23} INFO - Successfully updated job requisition 66db04abbf0a19d8769e7b7a
[2024-09-06T17:29:45.832+0000] {core_li.py:23} INFO - Successfully updated job requisition 66db04abbf0a19d8769e7b7c
[2024-09-06T17:29:45.843+0000] {core_li.py:23} INFO - Successfully updated job requisition 66db04abbf0a19d8769e7b7e
[2024-09-06T17:29:45.851+0000] {core_li.py:23} INFO - Successfully updated job requisition 66db04abbf0a19d8769e7b80
[2024-09-06T17:29:45.860+0000] {core_li.py:23} INFO - Successfully updated job requisition 66db04abbf0a19d8769e7b82
[2024-09-06T17:29:45.870+0000] {core_li.py:23} INFO - Successfully updated job requisition 66db04abbf0a19d8769e7b84
[2024-09-06T17:29:45.883+0000] {core_li.py:23} INFO - Successfully updated job requisition 66db04abbf0a19d8769e7b86
[2024-09-06T17:29:45.897+0000] {core_li.py:23} INFO - Successfully updated job requisition 66db04abbf0a19d8769e7b88
[2024-09-06T17:29:45.909+0000] {core_li.py:23} INFO - Successfully updated job requisition 66db04abbf0a19d8769e7b8a
[2024-09-06T17:29:45.919+0000] {core_li.py:23} INFO - Successfully updated job requisition 66db04abbf0a19d8769e7b8c
[2024-09-06T17:29:45.927+0000] {core_li.py:23} INFO - Successfully updated job requisition 66db04abbf0a19d8769e7b8e
[2024-09-06T17:29:45.947+0000] {core_li.py:23} INFO - Successfully updated job requisition 66db04abbf0a19d8769e7b90
[2024-09-06T17:29:45.957+0000] {core_li.py:23} INFO - Successfully updated job requisition 66db04abbf0a19d8769e7b92
[2024-09-06T17:29:45.966+0000] {core_li.py:23} INFO - Successfully updated job requisition 66db04abbf0a19d8769e7b94
[2024-09-06T17:29:45.976+0000] {core_li.py:23} INFO - Successfully updated job requisition 66db04abbf0a19d8769e7b96
[2024-09-06T17:29:45.984+0000] {core_li.py:23} INFO - Successfully updated job requisition 66db04abbf0a19d8769e7b98
[2024-09-06T17:29:45.993+0000] {core_li.py:23} INFO - Successfully updated job requisition 66db04abbf0a19d8769e7b9a
[2024-09-06T17:29:46.002+0000] {core_li.py:23} INFO - Successfully updated job requisition 66db04abbf0a19d8769e7b9c
[2024-09-06T17:29:46.012+0000] {core_li.py:23} INFO - Successfully updated job requisition 66db04abbf0a19d8769e7b9e
[2024-09-06T17:29:46.031+0000] {core_li.py:23} INFO - Successfully updated job requisition 66db04abbf0a19d8769e7ba0
[2024-09-06T17:29:46.040+0000] {core_li.py:23} INFO - Successfully updated job requisition 66db04abbf0a19d8769e7ba2
[2024-09-06T17:29:46.051+0000] {core_li.py:23} INFO - Successfully updated job requisition 66db04abbf0a19d8769e7ba4
[2024-09-06T17:29:46.061+0000] {core_li.py:23} INFO - Successfully updated job requisition 66db04abbf0a19d8769e7ba6
[2024-09-06T17:29:46.072+0000] {core_li.py:23} INFO - Successfully updated job requisition 66db04abbf0a19d8769e7ba8
[2024-09-06T17:29:46.083+0000] {core_li.py:23} INFO - Successfully updated job requisition 66db04abbf0a19d8769e7baa
[2024-09-06T17:29:46.094+0000] {core_li.py:23} INFO - Successfully updated job requisition 66db04abbf0a19d8769e7bac
[2024-09-06T17:29:46.108+0000] {core_li.py:23} INFO - Successfully updated job requisition 66db04abbf0a19d8769e7bae
[2024-09-06T17:29:46.120+0000] {core_li.py:23} INFO - Successfully updated job requisition 66db04abbf0a19d8769e7bb0
[2024-09-06T17:29:46.129+0000] {core_li.py:23} INFO - Successfully updated job requisition 66db04abbf0a19d8769e7bb2
[2024-09-06T17:29:46.139+0000] {core_li.py:23} INFO - Successfully updated job requisition 66db04abbf0a19d8769e7bb4
[2024-09-06T17:29:46.153+0000] {core_li.py:23} INFO - Successfully updated job requisition 66db04abbf0a19d8769e7bb6
[2024-09-06T17:29:46.171+0000] {core_li.py:23} INFO - Successfully updated job requisition 66db04abbf0a19d8769e7bb8
[2024-09-06T17:29:46.182+0000] {core_li.py:23} INFO - Successfully updated job requisition 66db04abbf0a19d8769e7bba
[2024-09-06T17:29:46.189+0000] {core_li.py:23} INFO - Successfully updated job requisition 66db04abbf0a19d8769e7bbc
[2024-09-06T17:29:46.199+0000] {core_li.py:23} INFO - Successfully updated job requisition 66db04abbf0a19d8769e7bbe
[2024-09-06T17:29:46.206+0000] {core_li.py:23} INFO - Successfully updated job requisition 66db04abbf0a19d8769e7bc0
[2024-09-06T17:29:46.217+0000] {core_li.py:23} INFO - Successfully updated job requisition 66db04abbf0a19d8769e7bc2
[2024-09-06T17:29:46.223+0000] {core_li.py:23} INFO - Successfully updated job requisition 66db04abbf0a19d8769e7bc4
[2024-09-06T17:29:46.230+0000] {core_li.py:23} INFO - Successfully updated job requisition 66db04abbf0a19d8769e7bc6
[2024-09-06T17:29:46.237+0000] {core_li.py:23} INFO - Successfully updated job requisition 66db04abbf0a19d8769e7bc8
[2024-09-06T17:29:46.247+0000] {core_li.py:23} INFO - Successfully updated job requisition 66db04abbf0a19d8769e7bca
[2024-09-06T17:29:46.262+0000] {core_li.py:23} INFO - Successfully updated job requisition 66db04abbf0a19d8769e7bcc
[2024-09-06T17:29:46.280+0000] {core_li.py:23} INFO - Successfully updated job requisition 66db04abbf0a19d8769e7bce
[2024-09-06T17:29:46.293+0000] {core_li.py:23} INFO - Successfully updated job requisition 66db04abbf0a19d8769e7bd0
[2024-09-06T17:29:46.304+0000] {core_li.py:23} INFO - Successfully updated job requisition 66db04abbf0a19d8769e7bd2
[2024-09-06T17:29:46.314+0000] {core_li.py:23} INFO - Successfully updated job requisition 66db04abbf0a19d8769e7bd4
[2024-09-06T17:29:46.322+0000] {core_li.py:23} INFO - Successfully updated job requisition 66db04abbf0a19d8769e7bd6
[2024-09-06T17:29:46.331+0000] {core_li.py:23} INFO - Successfully updated job requisition 66db04abbf0a19d8769e7bd8
[2024-09-06T17:29:46.343+0000] {core_li.py:23} INFO - Successfully updated job requisition 66db04abbf0a19d8769e7bda
[2024-09-06T17:29:46.355+0000] {core_li.py:23} INFO - Successfully updated job requisition 66db04abbf0a19d8769e7bdc
[2024-09-06T17:29:46.364+0000] {core_li.py:23} INFO - Successfully updated job requisition 66db04abbf0a19d8769e7bde
[2024-09-06T17:29:46.371+0000] {core_li.py:23} INFO - Successfully updated job requisition 66db04abbf0a19d8769e7be0
[2024-09-06T17:29:46.377+0000] {core_li.py:23} INFO - Successfully updated job requisition 66db04abbf0a19d8769e7be2
[2024-09-06T17:29:46.385+0000] {core_li.py:23} INFO - Successfully updated job requisition 66db04abbf0a19d8769e7be4
[2024-09-06T17:29:46.393+0000] {core_li.py:23} INFO - Successfully updated job requisition 66db04abbf0a19d8769e7be6
[2024-09-06T17:29:46.399+0000] {core_li.py:23} INFO - Successfully updated job requisition 66db04abbf0a19d8769e7be8
[2024-09-06T17:29:46.408+0000] {core_li.py:23} INFO - Successfully updated job requisition 66db04abbf0a19d8769e7bea
[2024-09-06T17:29:46.417+0000] {core_li.py:23} INFO - Successfully updated job requisition 66db04abbf0a19d8769e7bec
[2024-09-06T17:29:46.426+0000] {core_li.py:23} INFO - Successfully updated job requisition 66db04abbf0a19d8769e7bee
[2024-09-06T17:29:46.434+0000] {core_li.py:23} INFO - Successfully updated job requisition 66db04abbf0a19d8769e7bf0
[2024-09-06T17:29:46.444+0000] {core_li.py:23} INFO - Successfully updated job requisition 66db04abbf0a19d8769e7bf2
[2024-09-06T17:29:46.455+0000] {core_li.py:23} INFO - Successfully updated job requisition 66db04abbf0a19d8769e7bf4
[2024-09-06T17:29:46.463+0000] {core_li.py:23} INFO - Successfully updated job requisition 66db04abbf0a19d8769e7bf6
[2024-09-06T17:29:46.473+0000] {core_li.py:23} INFO - Successfully updated job requisition 66db04abbf0a19d8769e7bf8
[2024-09-06T17:29:46.484+0000] {core_li.py:23} INFO - Successfully updated job requisition 66db04abbf0a19d8769e7bfa
[2024-09-06T17:29:46.494+0000] {core_li.py:23} INFO - Successfully updated job requisition 66db04abbf0a19d8769e7bfc
[2024-09-06T17:29:46.502+0000] {core_li.py:23} INFO - Successfully updated job requisition 66db04abbf0a19d8769e7bfe
[2024-09-06T17:29:46.508+0000] {core_li.py:23} INFO - Successfully updated job requisition 66db04abbf0a19d8769e7c00
[2024-09-06T17:29:46.518+0000] {core_li.py:23} INFO - Successfully updated job requisition 66db04abbf0a19d8769e7c02
[2024-09-06T17:29:46.525+0000] {core_li.py:23} INFO - Successfully updated job requisition 66db04abbf0a19d8769e7c04
[2024-09-06T17:29:46.532+0000] {core_li.py:23} INFO - Successfully updated job requisition 66db04abbf0a19d8769e7c06
[2024-09-06T17:29:46.539+0000] {core_li.py:23} INFO - Successfully updated job requisition 66db04abbf0a19d8769e7c08
[2024-09-06T17:29:46.549+0000] {core_li.py:23} INFO - Successfully updated job requisition 66db04abbf0a19d8769e7c0a
[2024-09-06T17:29:46.557+0000] {core_li.py:23} INFO - Successfully updated job requisition 66db04abbf0a19d8769e7c0c
[2024-09-06T17:29:46.567+0000] {core_li.py:23} INFO - Successfully updated job requisition 66db04abbf0a19d8769e7c0e
[2024-09-06T17:29:46.576+0000] {core_li.py:23} INFO - Successfully updated job requisition 66db04abbf0a19d8769e7c10
[2024-09-06T17:29:46.589+0000] {core_li.py:23} INFO - Successfully updated job requisition 66db04abbf0a19d8769e7c12
[2024-09-06T17:29:46.600+0000] {core_li.py:23} INFO - Successfully updated job requisition 66db04abbf0a19d8769e7c14
[2024-09-06T17:29:46.614+0000] {core_li.py:23} INFO - Successfully updated job requisition 66db04abbf0a19d8769e7c16
[2024-09-06T17:29:46.622+0000] {core_li.py:23} INFO - Successfully updated job requisition 66db04abbf0a19d8769e7c18
[2024-09-06T17:29:46.640+0000] {core_li.py:23} INFO - Successfully updated job requisition 66db04abbf0a19d8769e7c1a
[2024-09-06T17:29:46.648+0000] {core_li.py:23} INFO - Successfully updated job requisition 66db04abbf0a19d8769e7c1c
[2024-09-06T17:29:46.658+0000] {core_li.py:23} INFO - Successfully updated job requisition 66db04abbf0a19d8769e7c1e
[2024-09-06T17:29:46.667+0000] {core_li.py:23} INFO - Successfully updated job requisition 66db04abbf0a19d8769e7c20
[2024-09-06T17:29:46.675+0000] {core_li.py:23} INFO - Successfully updated job requisition 66db04abbf0a19d8769e7c22
[2024-09-06T17:29:46.683+0000] {core_li.py:23} INFO - Successfully updated job requisition 66db04abbf0a19d8769e7c24
[2024-09-06T17:29:46.693+0000] {core_li.py:23} INFO - Successfully updated job requisition 66db04abbf0a19d8769e7c26
[2024-09-06T17:29:46.700+0000] {core_li.py:23} INFO - Successfully updated job requisition 66db04abbf0a19d8769e7c28
[2024-09-06T17:29:46.709+0000] {core_li.py:23} INFO - Successfully updated job requisition 66db04abbf0a19d8769e7c2a
[2024-09-06T17:29:46.715+0000] {core_li.py:23} INFO - Successfully updated job requisition 66db04abbf0a19d8769e7c2c
[2024-09-06T17:29:46.723+0000] {core_li.py:23} INFO - Successfully updated job requisition 66db04abbf0a19d8769e7c2e
[2024-09-06T17:29:46.730+0000] {core_li.py:23} INFO - Successfully updated job requisition 66db04abbf0a19d8769e7c30
[2024-09-06T17:29:46.730+0000] {python.py:240} INFO - Done. Returned value was: 100
[2024-09-06T17:29:46.746+0000] {taskinstance.py:340} INFO - ::group::Post task execution logs
[2024-09-06T17:29:46.747+0000] {taskinstance.py:352} INFO - Marking task as SUCCESS. dag_id=async_flow, task_id=task_backfill_number_of_cancelled_candidates_in_batch, run_id=manual__2024-09-06T17:29:39.458358+00:00, map_index=25, execution_date=20240906T172939, start_date=20240906T172945, end_date=20240906T172946
[2024-09-06T17:29:46.772+0000] {local_task_job_runner.py:266} INFO - Task exited with return code 0
[2024-09-06T17:29:46.781+0000] {local_task_job_runner.py:245} INFO - ::endgroup::
