[2024-09-06T17:29:45.264+0000] {local_task_job_runner.py:123} INFO - ::group::Pre task execution logs
[2024-09-06T17:29:45.284+0000] {taskinstance.py:2612} INFO - Dependencies all met for dep_context=non-requeueable deps ti=<TaskInstance: async_flow.task_backfill_number_of_cancelled_candidates_in_batch manual__2024-09-06T17:29:39.458358+00:00 map_index=30 [queued]>
[2024-09-06T17:29:45.295+0000] {taskinstance.py:2612} INFO - Dependencies all met for dep_context=requeueable deps ti=<TaskInstance: async_flow.task_backfill_number_of_cancelled_candidates_in_batch manual__2024-09-06T17:29:39.458358+00:00 map_index=30 [queued]>
[2024-09-06T17:29:45.296+0000] {taskinstance.py:2865} INFO - Starting attempt 1 of 1
[2024-09-06T17:29:45.339+0000] {taskinstance.py:2888} INFO - Executing <Mapped(_PythonDecoratedOperator): task_backfill_number_of_cancelled_candidates_in_batch> on 2024-09-06 17:29:39.458358+00:00
[2024-09-06T17:29:45.348+0000] {warnings.py:112} WARNING - /home/***/.local/lib/python3.12/site-packages/***/task/task_runner/standard_task_runner.py:70: DeprecationWarning: This process (pid=3228) is multi-threaded, use of fork() may lead to deadlocks in the child.
  pid = os.fork()

[2024-09-06T17:29:45.350+0000] {standard_task_runner.py:72} INFO - Started process 3297 to run task
[2024-09-06T17:29:45.351+0000] {standard_task_runner.py:104} INFO - Running: ['***', 'tasks', 'run', 'async_flow', 'task_backfill_number_of_cancelled_candidates_in_batch', 'manual__2024-09-06T17:29:39.458358+00:00', '--job-id', '147', '--raw', '--subdir', 'DAGS_FOLDER/dags_async_flow.py', '--cfg-path', '/tmp/tmpw6f0zfn7', '--map-index', '30']
[2024-09-06T17:29:45.360+0000] {standard_task_runner.py:105} INFO - Job 147: Subtask task_backfill_number_of_cancelled_candidates_in_batch
[2024-09-06T17:29:45.440+0000] {task_command.py:467} INFO - Running <TaskInstance: async_flow.task_backfill_number_of_cancelled_candidates_in_batch manual__2024-09-06T17:29:39.458358+00:00 map_index=30 [running]> on host a3a5f1897683
[2024-09-06T17:29:45.720+0000] {taskinstance.py:3131} INFO - Exporting env vars: AIRFLOW_CTX_DAG_OWNER='***' AIRFLOW_CTX_DAG_ID='async_flow' AIRFLOW_CTX_TASK_ID='task_backfill_number_of_cancelled_candidates_in_batch' AIRFLOW_CTX_EXECUTION_DATE='2024-09-06T17:29:39.458358+00:00' AIRFLOW_CTX_TRY_NUMBER='1' AIRFLOW_CTX_DAG_RUN_ID='manual__2024-09-06T17:29:39.458358+00:00'
[2024-09-06T17:29:45.723+0000] {taskinstance.py:731} INFO - ::endgroup::
[2024-09-06T17:29:45.747+0000] {core_li.py:23} INFO - Successfully updated job requisition 66db04acbf0a19d8769e7f52
[2024-09-06T17:29:45.763+0000] {core_li.py:23} INFO - Successfully updated job requisition 66db04acbf0a19d8769e7f54
[2024-09-06T17:29:45.776+0000] {core_li.py:23} INFO - Successfully updated job requisition 66db04acbf0a19d8769e7f56
[2024-09-06T17:29:45.786+0000] {core_li.py:23} INFO - Successfully updated job requisition 66db04acbf0a19d8769e7f58
[2024-09-06T17:29:45.797+0000] {core_li.py:23} INFO - Successfully updated job requisition 66db04acbf0a19d8769e7f5a
[2024-09-06T17:29:45.813+0000] {core_li.py:23} INFO - Successfully updated job requisition 66db04acbf0a19d8769e7f5c
[2024-09-06T17:29:45.824+0000] {core_li.py:23} INFO - Successfully updated job requisition 66db04acbf0a19d8769e7f5e
[2024-09-06T17:29:45.841+0000] {core_li.py:23} INFO - Successfully updated job requisition 66db04acbf0a19d8769e7f60
[2024-09-06T17:29:45.852+0000] {core_li.py:23} INFO - Successfully updated job requisition 66db04acbf0a19d8769e7f62
[2024-09-06T17:29:45.860+0000] {core_li.py:23} INFO - Successfully updated job requisition 66db04acbf0a19d8769e7f64
[2024-09-06T17:29:45.870+0000] {core_li.py:23} INFO - Successfully updated job requisition 66db04acbf0a19d8769e7f66
[2024-09-06T17:29:45.879+0000] {core_li.py:23} INFO - Successfully updated job requisition 66db04acbf0a19d8769e7f68
[2024-09-06T17:29:45.890+0000] {core_li.py:23} INFO - Successfully updated job requisition 66db04acbf0a19d8769e7f6a
[2024-09-06T17:29:45.901+0000] {core_li.py:23} INFO - Successfully updated job requisition 66db04acbf0a19d8769e7f6c
[2024-09-06T17:29:45.911+0000] {core_li.py:23} INFO - Successfully updated job requisition 66db04acbf0a19d8769e7f6e
[2024-09-06T17:29:45.925+0000] {core_li.py:23} INFO - Successfully updated job requisition 66db04acbf0a19d8769e7f70
[2024-09-06T17:29:45.935+0000] {core_li.py:23} INFO - Successfully updated job requisition 66db04acbf0a19d8769e7f72
[2024-09-06T17:29:45.947+0000] {core_li.py:23} INFO - Successfully updated job requisition 66db04acbf0a19d8769e7f74
[2024-09-06T17:29:45.957+0000] {core_li.py:23} INFO - Successfully updated job requisition 66db04acbf0a19d8769e7f76
[2024-09-06T17:29:45.966+0000] {core_li.py:23} INFO - Successfully updated job requisition 66db04acbf0a19d8769e7f78
[2024-09-06T17:29:45.976+0000] {core_li.py:23} INFO - Successfully updated job requisition 66db04acbf0a19d8769e7f7a
[2024-09-06T17:29:45.984+0000] {core_li.py:23} INFO - Successfully updated job requisition 66db04acbf0a19d8769e7f7c
[2024-09-06T17:29:45.992+0000] {core_li.py:23} INFO - Successfully updated job requisition 66db04acbf0a19d8769e7f7e
[2024-09-06T17:29:46.000+0000] {core_li.py:23} INFO - Successfully updated job requisition 66db04acbf0a19d8769e7f80
[2024-09-06T17:29:46.009+0000] {core_li.py:23} INFO - Successfully updated job requisition 66db04acbf0a19d8769e7f82
[2024-09-06T17:29:46.022+0000] {core_li.py:23} INFO - Successfully updated job requisition 66db04acbf0a19d8769e7f84
[2024-09-06T17:29:46.030+0000] {core_li.py:23} INFO - Successfully updated job requisition 66db04acbf0a19d8769e7f86
[2024-09-06T17:29:46.042+0000] {core_li.py:23} INFO - Successfully updated job requisition 66db04acbf0a19d8769e7f88
[2024-09-06T17:29:46.050+0000] {core_li.py:23} INFO - Successfully updated job requisition 66db04acbf0a19d8769e7f8a
[2024-09-06T17:29:46.061+0000] {core_li.py:23} INFO - Successfully updated job requisition 66db04acbf0a19d8769e7f8c
[2024-09-06T17:29:46.072+0000] {core_li.py:23} INFO - Successfully updated job requisition 66db04acbf0a19d8769e7f8e
[2024-09-06T17:29:46.085+0000] {core_li.py:23} INFO - Successfully updated job requisition 66db04acbf0a19d8769e7f90
[2024-09-06T17:29:46.094+0000] {core_li.py:23} INFO - Successfully updated job requisition 66db04acbf0a19d8769e7f92
[2024-09-06T17:29:46.116+0000] {core_li.py:23} INFO - Successfully updated job requisition 66db04acbf0a19d8769e7f94
[2024-09-06T17:29:46.127+0000] {core_li.py:23} INFO - Successfully updated job requisition 66db04acbf0a19d8769e7f96
[2024-09-06T17:29:46.137+0000] {core_li.py:23} INFO - Successfully updated job requisition 66db04acbf0a19d8769e7f98
[2024-09-06T17:29:46.152+0000] {core_li.py:23} INFO - Successfully updated job requisition 66db04acbf0a19d8769e7f9a
[2024-09-06T17:29:46.166+0000] {core_li.py:23} INFO - Successfully updated job requisition 66db04acbf0a19d8769e7f9c
[2024-09-06T17:29:46.177+0000] {core_li.py:23} INFO - Successfully updated job requisition 66db04acbf0a19d8769e7f9e
[2024-09-06T17:29:46.186+0000] {core_li.py:23} INFO - Successfully updated job requisition 66db04acbf0a19d8769e7fa0
[2024-09-06T17:29:46.197+0000] {core_li.py:23} INFO - Successfully updated job requisition 66db04acbf0a19d8769e7fa2
[2024-09-06T17:29:46.205+0000] {core_li.py:23} INFO - Successfully updated job requisition 66db04acbf0a19d8769e7fa4
[2024-09-06T17:29:46.214+0000] {core_li.py:23} INFO - Successfully updated job requisition 66db04acbf0a19d8769e7fa6
[2024-09-06T17:29:46.223+0000] {core_li.py:23} INFO - Successfully updated job requisition 66db04acbf0a19d8769e7fa8
[2024-09-06T17:29:46.235+0000] {core_li.py:23} INFO - Successfully updated job requisition 66db04acbf0a19d8769e7faa
[2024-09-06T17:29:46.243+0000] {core_li.py:23} INFO - Successfully updated job requisition 66db04acbf0a19d8769e7fac
[2024-09-06T17:29:46.251+0000] {core_li.py:23} INFO - Successfully updated job requisition 66db04acbf0a19d8769e7fae
[2024-09-06T17:29:46.257+0000] {core_li.py:23} INFO - Successfully updated job requisition 66db04acbf0a19d8769e7fb0
[2024-09-06T17:29:46.266+0000] {core_li.py:23} INFO - Successfully updated job requisition 66db04acbf0a19d8769e7fb2
[2024-09-06T17:29:46.279+0000] {core_li.py:23} INFO - Successfully updated job requisition 66db04acbf0a19d8769e7fb4
[2024-09-06T17:29:46.288+0000] {core_li.py:23} INFO - Successfully updated job requisition 66db04acbf0a19d8769e7fb6
[2024-09-06T17:29:46.295+0000] {core_li.py:23} INFO - Successfully updated job requisition 66db04acbf0a19d8769e7fb8
[2024-09-06T17:29:46.303+0000] {core_li.py:23} INFO - Successfully updated job requisition 66db04acbf0a19d8769e7fba
[2024-09-06T17:29:46.313+0000] {core_li.py:23} INFO - Successfully updated job requisition 66db04acbf0a19d8769e7fbc
[2024-09-06T17:29:46.321+0000] {core_li.py:23} INFO - Successfully updated job requisition 66db04acbf0a19d8769e7fbe
[2024-09-06T17:29:46.331+0000] {core_li.py:23} INFO - Successfully updated job requisition 66db04acbf0a19d8769e7fc0
[2024-09-06T17:29:46.341+0000] {core_li.py:23} INFO - Successfully updated job requisition 66db04acbf0a19d8769e7fc2
[2024-09-06T17:29:46.352+0000] {core_li.py:23} INFO - Successfully updated job requisition 66db04acbf0a19d8769e7fc4
[2024-09-06T17:29:46.363+0000] {core_li.py:23} INFO - Successfully updated job requisition 66db04acbf0a19d8769e7fc6
[2024-09-06T17:29:46.371+0000] {core_li.py:23} INFO - Successfully updated job requisition 66db04acbf0a19d8769e7fc8
[2024-09-06T17:29:46.377+0000] {core_li.py:23} INFO - Successfully updated job requisition 66db04acbf0a19d8769e7fca
[2024-09-06T17:29:46.384+0000] {core_li.py:23} INFO - Successfully updated job requisition 66db04acbf0a19d8769e7fcc
[2024-09-06T17:29:46.391+0000] {core_li.py:23} INFO - Successfully updated job requisition 66db04acbf0a19d8769e7fce
[2024-09-06T17:29:46.400+0000] {core_li.py:23} INFO - Successfully updated job requisition 66db04acbf0a19d8769e7fd0
[2024-09-06T17:29:46.411+0000] {core_li.py:23} INFO - Successfully updated job requisition 66db04acbf0a19d8769e7fd2
[2024-09-06T17:29:46.418+0000] {core_li.py:23} INFO - Successfully updated job requisition 66db04acbf0a19d8769e7fd4
[2024-09-06T17:29:46.426+0000] {core_li.py:23} INFO - Successfully updated job requisition 66db04acbf0a19d8769e7fd6
[2024-09-06T17:29:46.434+0000] {core_li.py:23} INFO - Successfully updated job requisition 66db04acbf0a19d8769e7fd8
[2024-09-06T17:29:46.446+0000] {core_li.py:23} INFO - Successfully updated job requisition 66db04acbf0a19d8769e7fda
[2024-09-06T17:29:46.455+0000] {core_li.py:23} INFO - Successfully updated job requisition 66db04acbf0a19d8769e7fdc
[2024-09-06T17:29:46.461+0000] {core_li.py:23} INFO - Successfully updated job requisition 66db04acbf0a19d8769e7fde
[2024-09-06T17:29:46.470+0000] {core_li.py:23} INFO - Successfully updated job requisition 66db04acbf0a19d8769e7fe0
[2024-09-06T17:29:46.479+0000] {core_li.py:23} INFO - Successfully updated job requisition 66db04acbf0a19d8769e7fe2
[2024-09-06T17:29:46.489+0000] {core_li.py:23} INFO - Successfully updated job requisition 66db04acbf0a19d8769e7fe4
[2024-09-06T17:29:46.499+0000] {core_li.py:23} INFO - Successfully updated job requisition 66db04acbf0a19d8769e7fe6
[2024-09-06T17:29:46.505+0000] {core_li.py:23} INFO - Successfully updated job requisition 66db04acbf0a19d8769e7fe8
[2024-09-06T17:29:46.513+0000] {core_li.py:23} INFO - Successfully updated job requisition 66db04acbf0a19d8769e7fea
[2024-09-06T17:29:46.520+0000] {core_li.py:23} INFO - Successfully updated job requisition 66db04acbf0a19d8769e7fec
[2024-09-06T17:29:46.527+0000] {core_li.py:23} INFO - Successfully updated job requisition 66db04acbf0a19d8769e7fee
[2024-09-06T17:29:46.535+0000] {core_li.py:23} INFO - Successfully updated job requisition 66db04acbf0a19d8769e7ff0
[2024-09-06T17:29:46.541+0000] {core_li.py:23} INFO - Successfully updated job requisition 66db04acbf0a19d8769e7ff2
[2024-09-06T17:29:46.547+0000] {core_li.py:23} INFO - Successfully updated job requisition 66db04acbf0a19d8769e7ff4
[2024-09-06T17:29:46.554+0000] {core_li.py:23} INFO - Successfully updated job requisition 66db04acbf0a19d8769e7ff6
[2024-09-06T17:29:46.562+0000] {core_li.py:23} INFO - Successfully updated job requisition 66db04acbf0a19d8769e7ff8
[2024-09-06T17:29:46.572+0000] {core_li.py:23} INFO - Successfully updated job requisition 66db04acbf0a19d8769e7ffa
[2024-09-06T17:29:46.591+0000] {core_li.py:23} INFO - Successfully updated job requisition 66db04acbf0a19d8769e7ffc
[2024-09-06T17:29:46.602+0000] {core_li.py:23} INFO - Successfully updated job requisition 66db04acbf0a19d8769e7ffe
[2024-09-06T17:29:46.614+0000] {core_li.py:23} INFO - Successfully updated job requisition 66db04acbf0a19d8769e8000
[2024-09-06T17:29:46.623+0000] {core_li.py:23} INFO - Successfully updated job requisition 66db04acbf0a19d8769e8002
[2024-09-06T17:29:46.633+0000] {core_li.py:23} INFO - Successfully updated job requisition 66db04acbf0a19d8769e8004
[2024-09-06T17:29:46.645+0000] {core_li.py:23} INFO - Successfully updated job requisition 66db04acbf0a19d8769e8006
[2024-09-06T17:29:46.651+0000] {core_li.py:23} INFO - Successfully updated job requisition 66db04acbf0a19d8769e8008
[2024-09-06T17:29:46.658+0000] {core_li.py:23} INFO - Successfully updated job requisition 66db04acbf0a19d8769e800a
[2024-09-06T17:29:46.664+0000] {core_li.py:23} INFO - Successfully updated job requisition 66db04acbf0a19d8769e800c
[2024-09-06T17:29:46.673+0000] {core_li.py:23} INFO - Successfully updated job requisition 66db04acbf0a19d8769e800e
[2024-09-06T17:29:46.689+0000] {core_li.py:23} INFO - Successfully updated job requisition 66db04acbf0a19d8769e8010
[2024-09-06T17:29:46.698+0000] {core_li.py:23} INFO - Successfully updated job requisition 66db04acbf0a19d8769e8012
[2024-09-06T17:29:46.707+0000] {core_li.py:23} INFO - Successfully updated job requisition 66db04acbf0a19d8769e8014
[2024-09-06T17:29:46.716+0000] {core_li.py:23} INFO - Successfully updated job requisition 66db04acbf0a19d8769e8016
[2024-09-06T17:29:46.724+0000] {core_li.py:23} INFO - Successfully updated job requisition 66db04acbf0a19d8769e8018
[2024-09-06T17:29:46.725+0000] {python.py:240} INFO - Done. Returned value was: 100
[2024-09-06T17:29:46.744+0000] {taskinstance.py:340} INFO - ::group::Post task execution logs
[2024-09-06T17:29:46.745+0000] {taskinstance.py:352} INFO - Marking task as SUCCESS. dag_id=async_flow, task_id=task_backfill_number_of_cancelled_candidates_in_batch, run_id=manual__2024-09-06T17:29:39.458358+00:00, map_index=30, execution_date=20240906T172939, start_date=20240906T172945, end_date=20240906T172946
[2024-09-06T17:29:46.766+0000] {local_task_job_runner.py:266} INFO - Task exited with return code 0
[2024-09-06T17:29:46.786+0000] {taskinstance.py:3900} INFO - 0 downstream tasks scheduled from follow-on schedule check
[2024-09-06T17:29:46.788+0000] {local_task_job_runner.py:245} INFO - ::endgroup::
