[2024-09-06T17:45:51.217+0000] {local_task_job_runner.py:123} INFO - ::group::Pre task execution logs
[2024-09-06T17:45:51.233+0000] {taskinstance.py:2612} INFO - Dependencies all met for dep_context=non-requeueable deps ti=<TaskInstance: async_flow.task_backfill_number_of_cancelled_candidates_in_batch manual__2024-09-06T17:29:39.458358+00:00 map_index=30 [queued]>
[2024-09-06T17:45:51.246+0000] {taskinstance.py:2612} INFO - Dependencies all met for dep_context=requeueable deps ti=<TaskInstance: async_flow.task_backfill_number_of_cancelled_candidates_in_batch manual__2024-09-06T17:29:39.458358+00:00 map_index=30 [queued]>
[2024-09-06T17:45:51.249+0000] {taskinstance.py:2865} INFO - Starting attempt 2 of 2
[2024-09-06T17:45:51.272+0000] {taskinstance.py:2888} INFO - Executing <Mapped(_PythonDecoratedOperator): task_backfill_number_of_cancelled_candidates_in_batch> on 2024-09-06 17:29:39.458358+00:00
[2024-09-06T17:45:51.279+0000] {warnings.py:112} WARNING - /home/***/.local/lib/python3.12/site-packages/***/task/task_runner/standard_task_runner.py:70: DeprecationWarning: This process (pid=518) is multi-threaded, use of fork() may lead to deadlocks in the child.
  pid = os.fork()

[2024-09-06T17:45:51.280+0000] {standard_task_runner.py:72} INFO - Started process 596 to run task
[2024-09-06T17:45:51.287+0000] {standard_task_runner.py:104} INFO - Running: ['***', 'tasks', 'run', 'async_flow', 'task_backfill_number_of_cancelled_candidates_in_batch', 'manual__2024-09-06T17:29:39.458358+00:00', '--job-id', '253', '--raw', '--subdir', 'DAGS_FOLDER/dags_async_flow.py', '--cfg-path', '/tmp/tmp68dj214f', '--map-index', '30']
[2024-09-06T17:45:51.288+0000] {standard_task_runner.py:105} INFO - Job 253: Subtask task_backfill_number_of_cancelled_candidates_in_batch
[2024-09-06T17:45:51.359+0000] {task_command.py:467} INFO - Running <TaskInstance: async_flow.task_backfill_number_of_cancelled_candidates_in_batch manual__2024-09-06T17:29:39.458358+00:00 map_index=30 [running]> on host 0817eb6c24af
[2024-09-06T17:45:51.467+0000] {taskinstance.py:3131} INFO - Exporting env vars: AIRFLOW_CTX_DAG_OWNER='***' AIRFLOW_CTX_DAG_ID='async_flow' AIRFLOW_CTX_TASK_ID='task_backfill_number_of_cancelled_candidates_in_batch' AIRFLOW_CTX_EXECUTION_DATE='2024-09-06T17:29:39.458358+00:00' AIRFLOW_CTX_TRY_NUMBER='2' AIRFLOW_CTX_DAG_RUN_ID='manual__2024-09-06T17:29:39.458358+00:00'
[2024-09-06T17:45:51.469+0000] {taskinstance.py:731} INFO - ::endgroup::
[2024-09-06T17:45:51.488+0000] {core_li.py:23} INFO - Successfully updated job requisition 66db04acbf0a19d8769e7f52
[2024-09-06T17:45:51.497+0000] {core_li.py:23} INFO - Successfully updated job requisition 66db04acbf0a19d8769e7f54
[2024-09-06T17:45:51.508+0000] {core_li.py:23} INFO - Successfully updated job requisition 66db04acbf0a19d8769e7f56
[2024-09-06T17:45:51.516+0000] {core_li.py:23} INFO - Successfully updated job requisition 66db04acbf0a19d8769e7f58
[2024-09-06T17:45:51.527+0000] {core_li.py:23} INFO - Successfully updated job requisition 66db04acbf0a19d8769e7f5a
[2024-09-06T17:45:51.535+0000] {core_li.py:23} INFO - Successfully updated job requisition 66db04acbf0a19d8769e7f5c
[2024-09-06T17:45:51.543+0000] {core_li.py:23} INFO - Successfully updated job requisition 66db04acbf0a19d8769e7f5e
[2024-09-06T17:45:51.552+0000] {core_li.py:23} INFO - Successfully updated job requisition 66db04acbf0a19d8769e7f60
[2024-09-06T17:45:51.558+0000] {core_li.py:23} INFO - Successfully updated job requisition 66db04acbf0a19d8769e7f62
[2024-09-06T17:45:51.567+0000] {core_li.py:23} INFO - Successfully updated job requisition 66db04acbf0a19d8769e7f64
[2024-09-06T17:45:51.574+0000] {core_li.py:23} INFO - Successfully updated job requisition 66db04acbf0a19d8769e7f66
[2024-09-06T17:45:51.582+0000] {core_li.py:23} INFO - Successfully updated job requisition 66db04acbf0a19d8769e7f68
[2024-09-06T17:45:51.590+0000] {core_li.py:23} INFO - Successfully updated job requisition 66db04acbf0a19d8769e7f6a
[2024-09-06T17:45:51.597+0000] {core_li.py:23} INFO - Successfully updated job requisition 66db04acbf0a19d8769e7f6c
[2024-09-06T17:45:51.605+0000] {core_li.py:23} INFO - Successfully updated job requisition 66db04acbf0a19d8769e7f6e
[2024-09-06T17:45:51.614+0000] {core_li.py:23} INFO - Successfully updated job requisition 66db04acbf0a19d8769e7f70
[2024-09-06T17:45:51.623+0000] {core_li.py:23} INFO - Successfully updated job requisition 66db04acbf0a19d8769e7f72
[2024-09-06T17:45:51.630+0000] {core_li.py:23} INFO - Successfully updated job requisition 66db04acbf0a19d8769e7f74
[2024-09-06T17:45:51.640+0000] {core_li.py:23} INFO - Successfully updated job requisition 66db04acbf0a19d8769e7f76
[2024-09-06T17:45:51.646+0000] {core_li.py:23} INFO - Successfully updated job requisition 66db04acbf0a19d8769e7f78
[2024-09-06T17:45:51.654+0000] {core_li.py:23} INFO - Successfully updated job requisition 66db04acbf0a19d8769e7f7a
[2024-09-06T17:45:51.665+0000] {core_li.py:23} INFO - Successfully updated job requisition 66db04acbf0a19d8769e7f7c
[2024-09-06T17:45:51.674+0000] {core_li.py:23} INFO - Successfully updated job requisition 66db04acbf0a19d8769e7f7e
[2024-09-06T17:45:51.683+0000] {core_li.py:23} INFO - Successfully updated job requisition 66db04acbf0a19d8769e7f80
[2024-09-06T17:45:51.690+0000] {core_li.py:23} INFO - Successfully updated job requisition 66db04acbf0a19d8769e7f82
[2024-09-06T17:45:51.696+0000] {core_li.py:23} INFO - Successfully updated job requisition 66db04acbf0a19d8769e7f84
[2024-09-06T17:45:51.702+0000] {core_li.py:23} INFO - Successfully updated job requisition 66db04acbf0a19d8769e7f86
[2024-09-06T17:45:51.711+0000] {core_li.py:23} INFO - Successfully updated job requisition 66db04acbf0a19d8769e7f88
[2024-09-06T17:45:51.720+0000] {core_li.py:23} INFO - Successfully updated job requisition 66db04acbf0a19d8769e7f8a
[2024-09-06T17:45:51.726+0000] {core_li.py:23} INFO - Successfully updated job requisition 66db04acbf0a19d8769e7f8c
[2024-09-06T17:45:51.734+0000] {core_li.py:23} INFO - Successfully updated job requisition 66db04acbf0a19d8769e7f8e
[2024-09-06T17:45:51.743+0000] {core_li.py:23} INFO - Successfully updated job requisition 66db04acbf0a19d8769e7f90
[2024-09-06T17:45:51.750+0000] {core_li.py:23} INFO - Successfully updated job requisition 66db04acbf0a19d8769e7f92
[2024-09-06T17:45:51.758+0000] {core_li.py:23} INFO - Successfully updated job requisition 66db04acbf0a19d8769e7f94
[2024-09-06T17:45:51.765+0000] {core_li.py:23} INFO - Successfully updated job requisition 66db04acbf0a19d8769e7f96
[2024-09-06T17:45:51.774+0000] {core_li.py:23} INFO - Successfully updated job requisition 66db04acbf0a19d8769e7f98
[2024-09-06T17:45:51.783+0000] {core_li.py:23} INFO - Successfully updated job requisition 66db04acbf0a19d8769e7f9a
[2024-09-06T17:45:51.796+0000] {core_li.py:23} INFO - Successfully updated job requisition 66db04acbf0a19d8769e7f9c
[2024-09-06T17:45:51.806+0000] {core_li.py:23} INFO - Successfully updated job requisition 66db04acbf0a19d8769e7f9e
[2024-09-06T17:45:51.813+0000] {core_li.py:23} INFO - Successfully updated job requisition 66db04acbf0a19d8769e7fa0
[2024-09-06T17:45:51.822+0000] {core_li.py:23} INFO - Successfully updated job requisition 66db04acbf0a19d8769e7fa2
[2024-09-06T17:45:51.828+0000] {core_li.py:23} INFO - Successfully updated job requisition 66db04acbf0a19d8769e7fa4
[2024-09-06T17:45:51.837+0000] {core_li.py:23} INFO - Successfully updated job requisition 66db04acbf0a19d8769e7fa6
[2024-09-06T17:45:51.848+0000] {core_li.py:23} INFO - Successfully updated job requisition 66db04acbf0a19d8769e7fa8
[2024-09-06T17:45:51.854+0000] {core_li.py:23} INFO - Successfully updated job requisition 66db04acbf0a19d8769e7faa
[2024-09-06T17:45:51.863+0000] {core_li.py:23} INFO - Successfully updated job requisition 66db04acbf0a19d8769e7fac
[2024-09-06T17:45:51.871+0000] {core_li.py:23} INFO - Successfully updated job requisition 66db04acbf0a19d8769e7fae
[2024-09-06T17:45:51.878+0000] {core_li.py:23} INFO - Successfully updated job requisition 66db04acbf0a19d8769e7fb0
[2024-09-06T17:45:51.888+0000] {core_li.py:23} INFO - Successfully updated job requisition 66db04acbf0a19d8769e7fb2
[2024-09-06T17:45:51.898+0000] {core_li.py:23} INFO - Successfully updated job requisition 66db04acbf0a19d8769e7fb4
[2024-09-06T17:45:51.905+0000] {core_li.py:23} INFO - Successfully updated job requisition 66db04acbf0a19d8769e7fb6
[2024-09-06T17:45:51.912+0000] {core_li.py:23} INFO - Successfully updated job requisition 66db04acbf0a19d8769e7fb8
[2024-09-06T17:45:51.921+0000] {core_li.py:23} INFO - Successfully updated job requisition 66db04acbf0a19d8769e7fba
[2024-09-06T17:45:51.929+0000] {core_li.py:23} INFO - Successfully updated job requisition 66db04acbf0a19d8769e7fbc
[2024-09-06T17:45:51.941+0000] {core_li.py:23} INFO - Successfully updated job requisition 66db04acbf0a19d8769e7fbe
[2024-09-06T17:45:51.947+0000] {core_li.py:23} INFO - Successfully updated job requisition 66db04acbf0a19d8769e7fc0
[2024-09-06T17:45:51.954+0000] {core_li.py:23} INFO - Successfully updated job requisition 66db04acbf0a19d8769e7fc2
[2024-09-06T17:45:51.960+0000] {core_li.py:23} INFO - Successfully updated job requisition 66db04acbf0a19d8769e7fc4
[2024-09-06T17:45:51.967+0000] {core_li.py:23} INFO - Successfully updated job requisition 66db04acbf0a19d8769e7fc6
[2024-09-06T17:45:51.972+0000] {core_li.py:23} INFO - Successfully updated job requisition 66db04acbf0a19d8769e7fc8
[2024-09-06T17:45:51.983+0000] {core_li.py:23} INFO - Successfully updated job requisition 66db04acbf0a19d8769e7fca
[2024-09-06T17:45:51.990+0000] {core_li.py:23} INFO - Successfully updated job requisition 66db04acbf0a19d8769e7fcc
[2024-09-06T17:45:51.997+0000] {core_li.py:23} INFO - Successfully updated job requisition 66db04acbf0a19d8769e7fce
[2024-09-06T17:45:52.005+0000] {core_li.py:23} INFO - Successfully updated job requisition 66db04acbf0a19d8769e7fd0
[2024-09-06T17:45:52.015+0000] {core_li.py:23} INFO - Successfully updated job requisition 66db04acbf0a19d8769e7fd2
[2024-09-06T17:45:52.021+0000] {core_li.py:23} INFO - Successfully updated job requisition 66db04acbf0a19d8769e7fd4
[2024-09-06T17:45:52.028+0000] {core_li.py:23} INFO - Successfully updated job requisition 66db04acbf0a19d8769e7fd6
[2024-09-06T17:45:52.035+0000] {core_li.py:23} INFO - Successfully updated job requisition 66db04acbf0a19d8769e7fd8
[2024-09-06T17:45:52.046+0000] {core_li.py:23} INFO - Successfully updated job requisition 66db04acbf0a19d8769e7fda
[2024-09-06T17:45:52.052+0000] {core_li.py:23} INFO - Successfully updated job requisition 66db04acbf0a19d8769e7fdc
[2024-09-06T17:45:52.059+0000] {core_li.py:23} INFO - Successfully updated job requisition 66db04acbf0a19d8769e7fde
[2024-09-06T17:45:52.069+0000] {core_li.py:23} INFO - Successfully updated job requisition 66db04acbf0a19d8769e7fe0
[2024-09-06T17:45:52.081+0000] {core_li.py:23} INFO - Successfully updated job requisition 66db04acbf0a19d8769e7fe2
[2024-09-06T17:45:52.094+0000] {core_li.py:23} INFO - Successfully updated job requisition 66db04acbf0a19d8769e7fe4
[2024-09-06T17:45:52.101+0000] {core_li.py:23} INFO - Successfully updated job requisition 66db04acbf0a19d8769e7fe6
[2024-09-06T17:45:52.109+0000] {core_li.py:23} INFO - Successfully updated job requisition 66db04acbf0a19d8769e7fe8
[2024-09-06T17:45:52.116+0000] {core_li.py:23} INFO - Successfully updated job requisition 66db04acbf0a19d8769e7fea
[2024-09-06T17:45:52.125+0000] {core_li.py:23} INFO - Successfully updated job requisition 66db04acbf0a19d8769e7fec
[2024-09-06T17:45:52.133+0000] {core_li.py:23} INFO - Successfully updated job requisition 66db04acbf0a19d8769e7fee
[2024-09-06T17:45:52.139+0000] {core_li.py:23} INFO - Successfully updated job requisition 66db04acbf0a19d8769e7ff0
[2024-09-06T17:45:52.146+0000] {core_li.py:23} INFO - Successfully updated job requisition 66db04acbf0a19d8769e7ff2
[2024-09-06T17:45:52.152+0000] {core_li.py:23} INFO - Successfully updated job requisition 66db04acbf0a19d8769e7ff4
[2024-09-06T17:45:52.159+0000] {core_li.py:23} INFO - Successfully updated job requisition 66db04acbf0a19d8769e7ff6
[2024-09-06T17:45:52.169+0000] {core_li.py:23} INFO - Successfully updated job requisition 66db04acbf0a19d8769e7ff8
[2024-09-06T17:45:52.178+0000] {core_li.py:23} INFO - Successfully updated job requisition 66db04acbf0a19d8769e7ffa
[2024-09-06T17:45:52.186+0000] {core_li.py:23} INFO - Successfully updated job requisition 66db04acbf0a19d8769e7ffc
[2024-09-06T17:45:52.193+0000] {core_li.py:23} INFO - Successfully updated job requisition 66db04acbf0a19d8769e7ffe
[2024-09-06T17:45:52.201+0000] {core_li.py:23} INFO - Successfully updated job requisition 66db04acbf0a19d8769e8000
[2024-09-06T17:45:52.215+0000] {core_li.py:23} INFO - Successfully updated job requisition 66db04acbf0a19d8769e8002
[2024-09-06T17:45:52.223+0000] {core_li.py:23} INFO - Successfully updated job requisition 66db04acbf0a19d8769e8004
[2024-09-06T17:45:52.229+0000] {core_li.py:23} INFO - Successfully updated job requisition 66db04acbf0a19d8769e8006
[2024-09-06T17:45:52.238+0000] {core_li.py:23} INFO - Successfully updated job requisition 66db04acbf0a19d8769e8008
[2024-09-06T17:45:52.248+0000] {core_li.py:23} INFO - Successfully updated job requisition 66db04acbf0a19d8769e800a
[2024-09-06T17:45:52.261+0000] {core_li.py:23} INFO - Successfully updated job requisition 66db04acbf0a19d8769e800c
[2024-09-06T17:45:52.273+0000] {core_li.py:23} INFO - Successfully updated job requisition 66db04acbf0a19d8769e800e
[2024-09-06T17:45:52.295+0000] {core_li.py:23} INFO - Successfully updated job requisition 66db04acbf0a19d8769e8010
[2024-09-06T17:45:52.302+0000] {core_li.py:23} INFO - Successfully updated job requisition 66db04acbf0a19d8769e8012
[2024-09-06T17:45:52.306+0000] {core_li.py:23} INFO - Successfully updated job requisition 66db04acbf0a19d8769e8014
[2024-09-06T17:45:52.314+0000] {core_li.py:23} INFO - Successfully updated job requisition 66db04acbf0a19d8769e8016
[2024-09-06T17:45:52.321+0000] {core_li.py:23} INFO - Successfully updated job requisition 66db04acbf0a19d8769e8018
[2024-09-06T17:45:52.322+0000] {python.py:240} INFO - Done. Returned value was: 100
[2024-09-06T17:45:52.340+0000] {taskinstance.py:340} INFO - ::group::Post task execution logs
[2024-09-06T17:45:52.341+0000] {taskinstance.py:352} INFO - Marking task as SUCCESS. dag_id=async_flow, task_id=task_backfill_number_of_cancelled_candidates_in_batch, run_id=manual__2024-09-06T17:29:39.458358+00:00, map_index=30, execution_date=20240906T172939, start_date=20240906T174551, end_date=20240906T174552
[2024-09-06T17:45:52.372+0000] {local_task_job_runner.py:266} INFO - Task exited with return code 0
[2024-09-06T17:45:52.388+0000] {taskinstance.py:3900} INFO - 0 downstream tasks scheduled from follow-on schedule check
[2024-09-06T17:45:52.389+0000] {local_task_job_runner.py:245} INFO - ::endgroup::
