[2024-09-06T17:45:53.624+0000] {local_task_job_runner.py:123} INFO - ::group::Pre task execution logs
[2024-09-06T17:45:53.665+0000] {taskinstance.py:2612} INFO - Dependencies all met for dep_context=non-requeueable deps ti=<TaskInstance: async_flow.task_backfill_number_of_cancelled_candidates_in_batch manual__2024-09-06T17:29:39.458358+00:00 map_index=33 [queued]>
[2024-09-06T17:45:53.693+0000] {taskinstance.py:2612} INFO - Dependencies all met for dep_context=requeueable deps ti=<TaskInstance: async_flow.task_backfill_number_of_cancelled_candidates_in_batch manual__2024-09-06T17:29:39.458358+00:00 map_index=33 [queued]>
[2024-09-06T17:45:53.695+0000] {taskinstance.py:2865} INFO - Starting attempt 2 of 2
[2024-09-06T17:45:53.731+0000] {taskinstance.py:2888} INFO - Executing <Mapped(_PythonDecoratedOperator): task_backfill_number_of_cancelled_candidates_in_batch> on 2024-09-06 17:29:39.458358+00:00
[2024-09-06T17:45:53.739+0000] {warnings.py:112} WARNING - /home/***/.local/lib/python3.12/site-packages/***/task/task_runner/standard_task_runner.py:70: DeprecationWarning: This process (pid=619) is multi-threaded, use of fork() may lead to deadlocks in the child.
  pid = os.fork()

[2024-09-06T17:45:53.740+0000] {standard_task_runner.py:104} INFO - Running: ['***', 'tasks', 'run', 'async_flow', 'task_backfill_number_of_cancelled_candidates_in_batch', 'manual__2024-09-06T17:29:39.458358+00:00', '--job-id', '262', '--raw', '--subdir', 'DAGS_FOLDER/dags_async_flow.py', '--cfg-path', '/tmp/tmppx0xhgju', '--map-index', '33']
[2024-09-06T17:45:53.742+0000] {standard_task_runner.py:105} INFO - Job 262: Subtask task_backfill_number_of_cancelled_candidates_in_batch
[2024-09-06T17:45:53.741+0000] {standard_task_runner.py:72} INFO - Started process 679 to run task
[2024-09-06T17:45:53.807+0000] {task_command.py:467} INFO - Running <TaskInstance: async_flow.task_backfill_number_of_cancelled_candidates_in_batch manual__2024-09-06T17:29:39.458358+00:00 map_index=33 [running]> on host 0817eb6c24af
[2024-09-06T17:45:53.962+0000] {taskinstance.py:3131} INFO - Exporting env vars: AIRFLOW_CTX_DAG_OWNER='***' AIRFLOW_CTX_DAG_ID='async_flow' AIRFLOW_CTX_TASK_ID='task_backfill_number_of_cancelled_candidates_in_batch' AIRFLOW_CTX_EXECUTION_DATE='2024-09-06T17:29:39.458358+00:00' AIRFLOW_CTX_TRY_NUMBER='2' AIRFLOW_CTX_DAG_RUN_ID='manual__2024-09-06T17:29:39.458358+00:00'
[2024-09-06T17:45:53.964+0000] {taskinstance.py:731} INFO - ::endgroup::
[2024-09-06T17:45:53.990+0000] {core_li.py:23} INFO - Successfully updated job requisition 66db04abbf0a19d8769e739a
[2024-09-06T17:45:54.005+0000] {core_li.py:23} INFO - Successfully updated job requisition 66db04abbf0a19d8769e739c
[2024-09-06T17:45:54.017+0000] {core_li.py:23} INFO - Successfully updated job requisition 66db04abbf0a19d8769e739e
[2024-09-06T17:45:54.039+0000] {core_li.py:23} INFO - Successfully updated job requisition 66db04abbf0a19d8769e73a0
[2024-09-06T17:45:54.049+0000] {core_li.py:23} INFO - Successfully updated job requisition 66db04abbf0a19d8769e73a2
[2024-09-06T17:45:54.060+0000] {core_li.py:23} INFO - Successfully updated job requisition 66db04abbf0a19d8769e73a4
[2024-09-06T17:45:54.094+0000] {core_li.py:23} INFO - Successfully updated job requisition 66db04abbf0a19d8769e73a6
[2024-09-06T17:45:54.114+0000] {core_li.py:23} INFO - Successfully updated job requisition 66db04abbf0a19d8769e73a8
[2024-09-06T17:45:54.127+0000] {core_li.py:23} INFO - Successfully updated job requisition 66db04abbf0a19d8769e73aa
[2024-09-06T17:45:54.146+0000] {core_li.py:23} INFO - Successfully updated job requisition 66db04abbf0a19d8769e73ac
[2024-09-06T17:45:54.156+0000] {core_li.py:23} INFO - Successfully updated job requisition 66db04abbf0a19d8769e73ae
[2024-09-06T17:45:54.164+0000] {core_li.py:23} INFO - Successfully updated job requisition 66db04abbf0a19d8769e73b0
[2024-09-06T17:45:54.169+0000] {core_li.py:23} INFO - Successfully updated job requisition 66db04abbf0a19d8769e73b2
[2024-09-06T17:45:54.174+0000] {core_li.py:23} INFO - Successfully updated job requisition 66db04abbf0a19d8769e73b4
[2024-09-06T17:45:54.181+0000] {core_li.py:23} INFO - Successfully updated job requisition 66db04abbf0a19d8769e73b6
[2024-09-06T17:45:54.190+0000] {core_li.py:23} INFO - Successfully updated job requisition 66db04abbf0a19d8769e73b8
[2024-09-06T17:45:54.196+0000] {core_li.py:23} INFO - Successfully updated job requisition 66db04abbf0a19d8769e73ba
[2024-09-06T17:45:54.205+0000] {core_li.py:23} INFO - Successfully updated job requisition 66db04abbf0a19d8769e73bc
[2024-09-06T17:45:54.211+0000] {core_li.py:23} INFO - Successfully updated job requisition 66db04abbf0a19d8769e73be
[2024-09-06T17:45:54.224+0000] {core_li.py:23} INFO - Successfully updated job requisition 66db04abbf0a19d8769e73c0
[2024-09-06T17:45:54.234+0000] {core_li.py:23} INFO - Successfully updated job requisition 66db04abbf0a19d8769e73c2
[2024-09-06T17:45:54.243+0000] {core_li.py:23} INFO - Successfully updated job requisition 66db04abbf0a19d8769e73c4
[2024-09-06T17:45:54.251+0000] {core_li.py:23} INFO - Successfully updated job requisition 66db04abbf0a19d8769e73c6
[2024-09-06T17:45:54.259+0000] {core_li.py:23} INFO - Successfully updated job requisition 66db04abbf0a19d8769e73c8
[2024-09-06T17:45:54.265+0000] {core_li.py:23} INFO - Successfully updated job requisition 66db04abbf0a19d8769e73ca
[2024-09-06T17:45:54.275+0000] {core_li.py:23} INFO - Successfully updated job requisition 66db04abbf0a19d8769e73cc
[2024-09-06T17:45:54.282+0000] {core_li.py:23} INFO - Successfully updated job requisition 66db04abbf0a19d8769e73ce
[2024-09-06T17:45:54.289+0000] {core_li.py:23} INFO - Successfully updated job requisition 66db04abbf0a19d8769e73d0
[2024-09-06T17:45:54.295+0000] {core_li.py:23} INFO - Successfully updated job requisition 66db04abbf0a19d8769e73d2
[2024-09-06T17:45:54.304+0000] {core_li.py:23} INFO - Successfully updated job requisition 66db04abbf0a19d8769e73d4
[2024-09-06T17:45:54.314+0000] {core_li.py:23} INFO - Successfully updated job requisition 66db04abbf0a19d8769e73d6
[2024-09-06T17:45:54.322+0000] {core_li.py:23} INFO - Successfully updated job requisition 66db04abbf0a19d8769e73d8
[2024-09-06T17:45:54.332+0000] {core_li.py:23} INFO - Successfully updated job requisition 66db04abbf0a19d8769e73da
[2024-09-06T17:45:54.341+0000] {core_li.py:23} INFO - Successfully updated job requisition 66db04abbf0a19d8769e73dc
[2024-09-06T17:45:54.349+0000] {core_li.py:23} INFO - Successfully updated job requisition 66db04abbf0a19d8769e73de
[2024-09-06T17:45:54.355+0000] {core_li.py:23} INFO - Successfully updated job requisition 66db04abbf0a19d8769e73e0
[2024-09-06T17:45:54.361+0000] {core_li.py:23} INFO - Successfully updated job requisition 66db04abbf0a19d8769e73e2
[2024-09-06T17:45:54.370+0000] {core_li.py:23} INFO - Successfully updated job requisition 66db04abbf0a19d8769e73e4
[2024-09-06T17:45:54.379+0000] {core_li.py:23} INFO - Successfully updated job requisition 66db04abbf0a19d8769e73e6
[2024-09-06T17:45:54.387+0000] {core_li.py:23} INFO - Successfully updated job requisition 66db04abbf0a19d8769e73e8
[2024-09-06T17:45:54.395+0000] {core_li.py:23} INFO - Successfully updated job requisition 66db04abbf0a19d8769e73ea
[2024-09-06T17:45:54.402+0000] {core_li.py:23} INFO - Successfully updated job requisition 66db04abbf0a19d8769e73ec
[2024-09-06T17:45:54.416+0000] {core_li.py:23} INFO - Successfully updated job requisition 66db04abbf0a19d8769e73ee
[2024-09-06T17:45:54.424+0000] {core_li.py:23} INFO - Successfully updated job requisition 66db04abbf0a19d8769e73f0
[2024-09-06T17:45:54.430+0000] {core_li.py:23} INFO - Successfully updated job requisition 66db04abbf0a19d8769e73f2
[2024-09-06T17:45:54.437+0000] {core_li.py:23} INFO - Successfully updated job requisition 66db04abbf0a19d8769e73f4
[2024-09-06T17:45:54.446+0000] {core_li.py:23} INFO - Successfully updated job requisition 66db04abbf0a19d8769e73f6
[2024-09-06T17:45:54.453+0000] {core_li.py:23} INFO - Successfully updated job requisition 66db04abbf0a19d8769e73f8
[2024-09-06T17:45:54.462+0000] {core_li.py:23} INFO - Successfully updated job requisition 66db04abbf0a19d8769e73fa
[2024-09-06T17:45:54.470+0000] {core_li.py:23} INFO - Successfully updated job requisition 66db04abbf0a19d8769e73fc
[2024-09-06T17:45:54.478+0000] {core_li.py:23} INFO - Successfully updated job requisition 66db04abbf0a19d8769e73fe
[2024-09-06T17:45:54.487+0000] {core_li.py:23} INFO - Successfully updated job requisition 66db04abbf0a19d8769e7400
[2024-09-06T17:45:54.498+0000] {core_li.py:23} INFO - Successfully updated job requisition 66db04abbf0a19d8769e7402
[2024-09-06T17:45:54.506+0000] {core_li.py:23} INFO - Successfully updated job requisition 66db04abbf0a19d8769e7404
[2024-09-06T17:45:54.514+0000] {core_li.py:23} INFO - Successfully updated job requisition 66db04abbf0a19d8769e7406
[2024-09-06T17:45:54.522+0000] {core_li.py:23} INFO - Successfully updated job requisition 66db04abbf0a19d8769e7408
[2024-09-06T17:45:54.529+0000] {core_li.py:23} INFO - Successfully updated job requisition 66db04abbf0a19d8769e740a
[2024-09-06T17:45:54.540+0000] {core_li.py:23} INFO - Successfully updated job requisition 66db04abbf0a19d8769e740c
[2024-09-06T17:45:54.548+0000] {core_li.py:23} INFO - Successfully updated job requisition 66db04abbf0a19d8769e740e
[2024-09-06T17:45:54.558+0000] {core_li.py:23} INFO - Successfully updated job requisition 66db04abbf0a19d8769e7410
[2024-09-06T17:45:54.567+0000] {core_li.py:23} INFO - Successfully updated job requisition 66db04abbf0a19d8769e7412
[2024-09-06T17:45:54.580+0000] {core_li.py:23} INFO - Successfully updated job requisition 66db04abbf0a19d8769e7414
[2024-09-06T17:45:54.591+0000] {core_li.py:23} INFO - Successfully updated job requisition 66db04abbf0a19d8769e7416
[2024-09-06T17:45:54.601+0000] {core_li.py:23} INFO - Successfully updated job requisition 66db04abbf0a19d8769e7418
[2024-09-06T17:45:54.611+0000] {core_li.py:23} INFO - Successfully updated job requisition 66db04abbf0a19d8769e741a
[2024-09-06T17:45:54.621+0000] {core_li.py:23} INFO - Successfully updated job requisition 66db04abbf0a19d8769e741c
[2024-09-06T17:45:54.634+0000] {core_li.py:23} INFO - Successfully updated job requisition 66db04abbf0a19d8769e741e
[2024-09-06T17:45:54.642+0000] {core_li.py:23} INFO - Successfully updated job requisition 66db04abbf0a19d8769e7420
[2024-09-06T17:45:54.653+0000] {core_li.py:23} INFO - Successfully updated job requisition 66db04abbf0a19d8769e7422
[2024-09-06T17:45:54.670+0000] {core_li.py:23} INFO - Successfully updated job requisition 66db04abbf0a19d8769e7424
[2024-09-06T17:45:54.678+0000] {core_li.py:23} INFO - Successfully updated job requisition 66db04abbf0a19d8769e7426
[2024-09-06T17:45:54.684+0000] {core_li.py:23} INFO - Successfully updated job requisition 66db04abbf0a19d8769e7428
[2024-09-06T17:45:54.700+0000] {core_li.py:23} INFO - Successfully updated job requisition 66db04abbf0a19d8769e742a
[2024-09-06T17:45:54.709+0000] {core_li.py:23} INFO - Successfully updated job requisition 66db04abbf0a19d8769e742c
[2024-09-06T17:45:54.721+0000] {core_li.py:23} INFO - Successfully updated job requisition 66db04abbf0a19d8769e742e
[2024-09-06T17:45:54.730+0000] {core_li.py:23} INFO - Successfully updated job requisition 66db04abbf0a19d8769e7430
[2024-09-06T17:45:54.738+0000] {core_li.py:23} INFO - Successfully updated job requisition 66db04abbf0a19d8769e7432
[2024-09-06T17:45:54.746+0000] {core_li.py:23} INFO - Successfully updated job requisition 66db04abbf0a19d8769e7434
[2024-09-06T17:45:54.754+0000] {core_li.py:23} INFO - Successfully updated job requisition 66db04abbf0a19d8769e7436
[2024-09-06T17:45:54.764+0000] {core_li.py:23} INFO - Successfully updated job requisition 66db04abbf0a19d8769e7438
[2024-09-06T17:45:54.775+0000] {core_li.py:23} INFO - Successfully updated job requisition 66db04abbf0a19d8769e743a
[2024-09-06T17:45:54.781+0000] {core_li.py:23} INFO - Successfully updated job requisition 66db04abbf0a19d8769e743c
[2024-09-06T17:45:54.789+0000] {core_li.py:23} INFO - Successfully updated job requisition 66db04abbf0a19d8769e743e
[2024-09-06T17:45:54.799+0000] {core_li.py:23} INFO - Successfully updated job requisition 66db04abbf0a19d8769e7440
[2024-09-06T17:45:54.817+0000] {core_li.py:23} INFO - Successfully updated job requisition 66db04abbf0a19d8769e7442
[2024-09-06T17:45:54.828+0000] {core_li.py:23} INFO - Successfully updated job requisition 66db04abbf0a19d8769e7444
[2024-09-06T17:45:54.835+0000] {core_li.py:23} INFO - Successfully updated job requisition 66db04abbf0a19d8769e7446
[2024-09-06T17:45:54.845+0000] {core_li.py:23} INFO - Successfully updated job requisition 66db04abbf0a19d8769e7448
[2024-09-06T17:45:54.851+0000] {core_li.py:23} INFO - Successfully updated job requisition 66db04abbf0a19d8769e744a
[2024-09-06T17:45:54.861+0000] {core_li.py:23} INFO - Successfully updated job requisition 66db04abbf0a19d8769e744c
[2024-09-06T17:45:54.869+0000] {core_li.py:23} INFO - Successfully updated job requisition 66db04abbf0a19d8769e744e
[2024-09-06T17:45:54.876+0000] {core_li.py:23} INFO - Successfully updated job requisition 66db04abbf0a19d8769e7450
[2024-09-06T17:45:54.883+0000] {core_li.py:23} INFO - Successfully updated job requisition 66db04abbf0a19d8769e7452
[2024-09-06T17:45:54.904+0000] {core_li.py:23} INFO - Successfully updated job requisition 66db04abbf0a19d8769e7454
[2024-09-06T17:45:54.913+0000] {core_li.py:23} INFO - Successfully updated job requisition 66db04abbf0a19d8769e7456
[2024-09-06T17:45:54.925+0000] {core_li.py:23} INFO - Successfully updated job requisition 66db04abbf0a19d8769e7458
[2024-09-06T17:45:54.938+0000] {core_li.py:23} INFO - Successfully updated job requisition 66db04abbf0a19d8769e745a
[2024-09-06T17:45:54.946+0000] {core_li.py:23} INFO - Successfully updated job requisition 66db04abbf0a19d8769e745c
[2024-09-06T17:45:54.952+0000] {core_li.py:23} INFO - Successfully updated job requisition 66db04abbf0a19d8769e745e
[2024-09-06T17:45:54.961+0000] {core_li.py:23} INFO - Successfully updated job requisition 66db04abbf0a19d8769e7460
[2024-09-06T17:45:54.964+0000] {python.py:240} INFO - Done. Returned value was: 100
[2024-09-06T17:45:54.999+0000] {taskinstance.py:340} INFO - ::group::Post task execution logs
[2024-09-06T17:45:55.000+0000] {taskinstance.py:352} INFO - Marking task as SUCCESS. dag_id=async_flow, task_id=task_backfill_number_of_cancelled_candidates_in_batch, run_id=manual__2024-09-06T17:29:39.458358+00:00, map_index=33, execution_date=20240906T172939, start_date=20240906T174553, end_date=20240906T174555
[2024-09-06T17:45:55.050+0000] {local_task_job_runner.py:266} INFO - Task exited with return code 0
[2024-09-06T17:45:55.059+0000] {local_task_job_runner.py:245} INFO - ::endgroup::
