[2024-09-06T17:29:48.210+0000] {local_task_job_runner.py:123} INFO - ::group::Pre task execution logs
[2024-09-06T17:29:48.236+0000] {taskinstance.py:2612} INFO - Dependencies all met for dep_context=non-requeueable deps ti=<TaskInstance: async_flow.task_backfill_number_of_cancelled_candidates_in_batch manual__2024-09-06T17:29:39.458358+00:00 map_index=33 [queued]>
[2024-09-06T17:29:48.244+0000] {taskinstance.py:2612} INFO - Dependencies all met for dep_context=requeueable deps ti=<TaskInstance: async_flow.task_backfill_number_of_cancelled_candidates_in_batch manual__2024-09-06T17:29:39.458358+00:00 map_index=33 [queued]>
[2024-09-06T17:29:48.248+0000] {taskinstance.py:2865} INFO - Starting attempt 1 of 1
[2024-09-06T17:29:48.260+0000] {taskinstance.py:2888} INFO - Executing <Mapped(_PythonDecoratedOperator): task_backfill_number_of_cancelled_candidates_in_batch> on 2024-09-06 17:29:39.458358+00:00
[2024-09-06T17:29:48.266+0000] {standard_task_runner.py:104} INFO - Running: ['***', 'tasks', 'run', 'async_flow', 'task_backfill_number_of_cancelled_candidates_in_batch', 'manual__2024-09-06T17:29:39.458358+00:00', '--job-id', '168', '--raw', '--subdir', 'DAGS_FOLDER/dags_async_flow.py', '--cfg-path', '/tmp/tmpai92jucl', '--map-index', '33']
[2024-09-06T17:29:48.268+0000] {standard_task_runner.py:105} INFO - Job 168: Subtask task_backfill_number_of_cancelled_candidates_in_batch
[2024-09-06T17:29:48.263+0000] {warnings.py:112} WARNING - /home/***/.local/lib/python3.12/site-packages/***/task/task_runner/standard_task_runner.py:70: DeprecationWarning: This process (pid=3321) is multi-threaded, use of fork() may lead to deadlocks in the child.
  pid = os.fork()

[2024-09-06T17:29:48.273+0000] {standard_task_runner.py:72} INFO - Started process 3404 to run task
[2024-09-06T17:29:48.315+0000] {task_command.py:467} INFO - Running <TaskInstance: async_flow.task_backfill_number_of_cancelled_candidates_in_batch manual__2024-09-06T17:29:39.458358+00:00 map_index=33 [running]> on host a3a5f1897683
[2024-09-06T17:29:48.426+0000] {taskinstance.py:3131} INFO - Exporting env vars: AIRFLOW_CTX_DAG_OWNER='***' AIRFLOW_CTX_DAG_ID='async_flow' AIRFLOW_CTX_TASK_ID='task_backfill_number_of_cancelled_candidates_in_batch' AIRFLOW_CTX_EXECUTION_DATE='2024-09-06T17:29:39.458358+00:00' AIRFLOW_CTX_TRY_NUMBER='1' AIRFLOW_CTX_DAG_RUN_ID='manual__2024-09-06T17:29:39.458358+00:00'
[2024-09-06T17:29:48.431+0000] {taskinstance.py:731} INFO - ::endgroup::
[2024-09-06T17:29:48.442+0000] {core_li.py:23} INFO - Successfully updated job requisition 66db04abbf0a19d8769e739a
[2024-09-06T17:29:48.455+0000] {core_li.py:23} INFO - Successfully updated job requisition 66db04abbf0a19d8769e739c
[2024-09-06T17:29:48.465+0000] {core_li.py:23} INFO - Successfully updated job requisition 66db04abbf0a19d8769e739e
[2024-09-06T17:29:48.476+0000] {core_li.py:23} INFO - Successfully updated job requisition 66db04abbf0a19d8769e73a0
[2024-09-06T17:29:48.485+0000] {core_li.py:23} INFO - Successfully updated job requisition 66db04abbf0a19d8769e73a2
[2024-09-06T17:29:48.495+0000] {core_li.py:23} INFO - Successfully updated job requisition 66db04abbf0a19d8769e73a4
[2024-09-06T17:29:48.506+0000] {core_li.py:23} INFO - Successfully updated job requisition 66db04abbf0a19d8769e73a6
[2024-09-06T17:29:48.516+0000] {core_li.py:23} INFO - Successfully updated job requisition 66db04abbf0a19d8769e73a8
[2024-09-06T17:29:48.537+0000] {core_li.py:23} INFO - Successfully updated job requisition 66db04abbf0a19d8769e73aa
[2024-09-06T17:29:48.548+0000] {core_li.py:23} INFO - Successfully updated job requisition 66db04abbf0a19d8769e73ac
[2024-09-06T17:29:48.563+0000] {core_li.py:23} INFO - Successfully updated job requisition 66db04abbf0a19d8769e73ae
[2024-09-06T17:29:48.583+0000] {core_li.py:23} INFO - Successfully updated job requisition 66db04abbf0a19d8769e73b0
[2024-09-06T17:29:48.595+0000] {core_li.py:23} INFO - Successfully updated job requisition 66db04abbf0a19d8769e73b2
[2024-09-06T17:29:48.632+0000] {core_li.py:23} INFO - Successfully updated job requisition 66db04abbf0a19d8769e73b4
[2024-09-06T17:29:48.654+0000] {core_li.py:23} INFO - Successfully updated job requisition 66db04abbf0a19d8769e73b6
[2024-09-06T17:29:48.665+0000] {core_li.py:23} INFO - Successfully updated job requisition 66db04abbf0a19d8769e73b8
[2024-09-06T17:29:48.685+0000] {core_li.py:23} INFO - Successfully updated job requisition 66db04abbf0a19d8769e73ba
[2024-09-06T17:29:48.697+0000] {core_li.py:23} INFO - Successfully updated job requisition 66db04abbf0a19d8769e73bc
[2024-09-06T17:29:48.707+0000] {core_li.py:23} INFO - Successfully updated job requisition 66db04abbf0a19d8769e73be
[2024-09-06T17:29:48.717+0000] {core_li.py:23} INFO - Successfully updated job requisition 66db04abbf0a19d8769e73c0
[2024-09-06T17:29:48.726+0000] {core_li.py:23} INFO - Successfully updated job requisition 66db04abbf0a19d8769e73c2
[2024-09-06T17:29:48.737+0000] {core_li.py:23} INFO - Successfully updated job requisition 66db04abbf0a19d8769e73c4
[2024-09-06T17:29:48.747+0000] {core_li.py:23} INFO - Successfully updated job requisition 66db04abbf0a19d8769e73c6
[2024-09-06T17:29:48.759+0000] {core_li.py:23} INFO - Successfully updated job requisition 66db04abbf0a19d8769e73c8
[2024-09-06T17:29:48.773+0000] {core_li.py:23} INFO - Successfully updated job requisition 66db04abbf0a19d8769e73ca
[2024-09-06T17:29:48.780+0000] {core_li.py:23} INFO - Successfully updated job requisition 66db04abbf0a19d8769e73cc
[2024-09-06T17:29:48.788+0000] {core_li.py:23} INFO - Successfully updated job requisition 66db04abbf0a19d8769e73ce
[2024-09-06T17:29:48.797+0000] {core_li.py:23} INFO - Successfully updated job requisition 66db04abbf0a19d8769e73d0
[2024-09-06T17:29:48.804+0000] {core_li.py:23} INFO - Successfully updated job requisition 66db04abbf0a19d8769e73d2
[2024-09-06T17:29:48.811+0000] {core_li.py:23} INFO - Successfully updated job requisition 66db04abbf0a19d8769e73d4
[2024-09-06T17:29:48.821+0000] {core_li.py:23} INFO - Successfully updated job requisition 66db04abbf0a19d8769e73d6
[2024-09-06T17:29:48.832+0000] {core_li.py:23} INFO - Successfully updated job requisition 66db04abbf0a19d8769e73d8
[2024-09-06T17:29:48.840+0000] {core_li.py:23} INFO - Successfully updated job requisition 66db04abbf0a19d8769e73da
[2024-09-06T17:29:48.847+0000] {core_li.py:23} INFO - Successfully updated job requisition 66db04abbf0a19d8769e73dc
[2024-09-06T17:29:48.855+0000] {core_li.py:23} INFO - Successfully updated job requisition 66db04abbf0a19d8769e73de
[2024-09-06T17:29:48.864+0000] {core_li.py:23} INFO - Successfully updated job requisition 66db04abbf0a19d8769e73e0
[2024-09-06T17:29:48.872+0000] {core_li.py:23} INFO - Successfully updated job requisition 66db04abbf0a19d8769e73e2
[2024-09-06T17:29:48.881+0000] {core_li.py:23} INFO - Successfully updated job requisition 66db04abbf0a19d8769e73e4
[2024-09-06T17:29:48.889+0000] {core_li.py:23} INFO - Successfully updated job requisition 66db04abbf0a19d8769e73e6
[2024-09-06T17:29:48.901+0000] {core_li.py:23} INFO - Successfully updated job requisition 66db04abbf0a19d8769e73e8
[2024-09-06T17:29:48.911+0000] {core_li.py:23} INFO - Successfully updated job requisition 66db04abbf0a19d8769e73ea
[2024-09-06T17:29:48.918+0000] {core_li.py:23} INFO - Successfully updated job requisition 66db04abbf0a19d8769e73ec
[2024-09-06T17:29:48.926+0000] {core_li.py:23} INFO - Successfully updated job requisition 66db04abbf0a19d8769e73ee
[2024-09-06T17:29:48.935+0000] {core_li.py:23} INFO - Successfully updated job requisition 66db04abbf0a19d8769e73f0
[2024-09-06T17:29:48.945+0000] {core_li.py:23} INFO - Successfully updated job requisition 66db04abbf0a19d8769e73f2
[2024-09-06T17:29:48.954+0000] {core_li.py:23} INFO - Successfully updated job requisition 66db04abbf0a19d8769e73f4
[2024-09-06T17:29:48.963+0000] {core_li.py:23} INFO - Successfully updated job requisition 66db04abbf0a19d8769e73f6
[2024-09-06T17:29:48.971+0000] {core_li.py:23} INFO - Successfully updated job requisition 66db04abbf0a19d8769e73f8
[2024-09-06T17:29:48.978+0000] {core_li.py:23} INFO - Successfully updated job requisition 66db04abbf0a19d8769e73fa
[2024-09-06T17:29:48.989+0000] {core_li.py:23} INFO - Successfully updated job requisition 66db04abbf0a19d8769e73fc
[2024-09-06T17:29:48.997+0000] {core_li.py:23} INFO - Successfully updated job requisition 66db04abbf0a19d8769e73fe
[2024-09-06T17:29:49.005+0000] {core_li.py:23} INFO - Successfully updated job requisition 66db04abbf0a19d8769e7400
[2024-09-06T17:29:49.012+0000] {core_li.py:23} INFO - Successfully updated job requisition 66db04abbf0a19d8769e7402
[2024-09-06T17:29:49.022+0000] {core_li.py:23} INFO - Successfully updated job requisition 66db04abbf0a19d8769e7404
[2024-09-06T17:29:49.030+0000] {core_li.py:23} INFO - Successfully updated job requisition 66db04abbf0a19d8769e7406
[2024-09-06T17:29:49.043+0000] {core_li.py:23} INFO - Successfully updated job requisition 66db04abbf0a19d8769e7408
[2024-09-06T17:29:49.058+0000] {core_li.py:23} INFO - Successfully updated job requisition 66db04abbf0a19d8769e740a
[2024-09-06T17:29:49.065+0000] {core_li.py:23} INFO - Successfully updated job requisition 66db04abbf0a19d8769e740c
[2024-09-06T17:29:49.072+0000] {core_li.py:23} INFO - Successfully updated job requisition 66db04abbf0a19d8769e740e
[2024-09-06T17:29:49.081+0000] {core_li.py:23} INFO - Successfully updated job requisition 66db04abbf0a19d8769e7410
[2024-09-06T17:29:49.089+0000] {core_li.py:23} INFO - Successfully updated job requisition 66db04abbf0a19d8769e7412
[2024-09-06T17:29:49.095+0000] {core_li.py:23} INFO - Successfully updated job requisition 66db04abbf0a19d8769e7414
[2024-09-06T17:29:49.104+0000] {core_li.py:23} INFO - Successfully updated job requisition 66db04abbf0a19d8769e7416
[2024-09-06T17:29:49.114+0000] {core_li.py:23} INFO - Successfully updated job requisition 66db04abbf0a19d8769e7418
[2024-09-06T17:29:49.121+0000] {core_li.py:23} INFO - Successfully updated job requisition 66db04abbf0a19d8769e741a
[2024-09-06T17:29:49.130+0000] {core_li.py:23} INFO - Successfully updated job requisition 66db04abbf0a19d8769e741c
[2024-09-06T17:29:49.137+0000] {core_li.py:23} INFO - Successfully updated job requisition 66db04abbf0a19d8769e741e
[2024-09-06T17:29:49.148+0000] {core_li.py:23} INFO - Successfully updated job requisition 66db04abbf0a19d8769e7420
[2024-09-06T17:29:49.155+0000] {core_li.py:23} INFO - Successfully updated job requisition 66db04abbf0a19d8769e7422
[2024-09-06T17:29:49.162+0000] {core_li.py:23} INFO - Successfully updated job requisition 66db04abbf0a19d8769e7424
[2024-09-06T17:29:49.168+0000] {core_li.py:23} INFO - Successfully updated job requisition 66db04abbf0a19d8769e7426
[2024-09-06T17:29:49.176+0000] {core_li.py:23} INFO - Successfully updated job requisition 66db04abbf0a19d8769e7428
[2024-09-06T17:29:49.182+0000] {core_li.py:23} INFO - Successfully updated job requisition 66db04abbf0a19d8769e742a
[2024-09-06T17:29:49.190+0000] {core_li.py:23} INFO - Successfully updated job requisition 66db04abbf0a19d8769e742c
[2024-09-06T17:29:49.197+0000] {core_li.py:23} INFO - Successfully updated job requisition 66db04abbf0a19d8769e742e
[2024-09-06T17:29:49.211+0000] {core_li.py:23} INFO - Successfully updated job requisition 66db04abbf0a19d8769e7430
[2024-09-06T17:29:49.224+0000] {core_li.py:23} INFO - Successfully updated job requisition 66db04abbf0a19d8769e7432
[2024-09-06T17:29:49.233+0000] {core_li.py:23} INFO - Successfully updated job requisition 66db04abbf0a19d8769e7434
[2024-09-06T17:29:49.240+0000] {core_li.py:23} INFO - Successfully updated job requisition 66db04abbf0a19d8769e7436
[2024-09-06T17:29:49.248+0000] {core_li.py:23} INFO - Successfully updated job requisition 66db04abbf0a19d8769e7438
[2024-09-06T17:29:49.259+0000] {core_li.py:23} INFO - Successfully updated job requisition 66db04abbf0a19d8769e743a
[2024-09-06T17:29:49.270+0000] {core_li.py:23} INFO - Successfully updated job requisition 66db04abbf0a19d8769e743c
[2024-09-06T17:29:49.278+0000] {core_li.py:23} INFO - Successfully updated job requisition 66db04abbf0a19d8769e743e
[2024-09-06T17:29:49.287+0000] {core_li.py:23} INFO - Successfully updated job requisition 66db04abbf0a19d8769e7440
[2024-09-06T17:29:49.296+0000] {core_li.py:23} INFO - Successfully updated job requisition 66db04abbf0a19d8769e7442
[2024-09-06T17:29:49.309+0000] {core_li.py:23} INFO - Successfully updated job requisition 66db04abbf0a19d8769e7444
[2024-09-06T17:29:49.319+0000] {core_li.py:23} INFO - Successfully updated job requisition 66db04abbf0a19d8769e7446
[2024-09-06T17:29:49.326+0000] {core_li.py:23} INFO - Successfully updated job requisition 66db04abbf0a19d8769e7448
[2024-09-06T17:29:49.341+0000] {core_li.py:23} INFO - Successfully updated job requisition 66db04abbf0a19d8769e744a
[2024-09-06T17:29:49.354+0000] {core_li.py:23} INFO - Successfully updated job requisition 66db04abbf0a19d8769e744c
[2024-09-06T17:29:49.366+0000] {core_li.py:23} INFO - Successfully updated job requisition 66db04abbf0a19d8769e744e
[2024-09-06T17:29:49.394+0000] {core_li.py:23} INFO - Successfully updated job requisition 66db04abbf0a19d8769e7450
[2024-09-06T17:29:49.406+0000] {core_li.py:23} INFO - Successfully updated job requisition 66db04abbf0a19d8769e7452
[2024-09-06T17:29:49.418+0000] {core_li.py:23} INFO - Successfully updated job requisition 66db04abbf0a19d8769e7454
[2024-09-06T17:29:49.434+0000] {core_li.py:23} INFO - Successfully updated job requisition 66db04abbf0a19d8769e7456
[2024-09-06T17:29:49.454+0000] {core_li.py:23} INFO - Successfully updated job requisition 66db04abbf0a19d8769e7458
[2024-09-06T17:29:49.466+0000] {core_li.py:23} INFO - Successfully updated job requisition 66db04abbf0a19d8769e745a
[2024-09-06T17:29:49.479+0000] {core_li.py:23} INFO - Successfully updated job requisition 66db04abbf0a19d8769e745c
[2024-09-06T17:29:49.493+0000] {core_li.py:23} INFO - Successfully updated job requisition 66db04abbf0a19d8769e745e
[2024-09-06T17:29:49.504+0000] {core_li.py:23} INFO - Successfully updated job requisition 66db04abbf0a19d8769e7460
[2024-09-06T17:29:49.505+0000] {python.py:240} INFO - Done. Returned value was: 100
[2024-09-06T17:29:49.557+0000] {taskinstance.py:340} INFO - ::group::Post task execution logs
[2024-09-06T17:29:49.558+0000] {taskinstance.py:352} INFO - Marking task as SUCCESS. dag_id=async_flow, task_id=task_backfill_number_of_cancelled_candidates_in_batch, run_id=manual__2024-09-06T17:29:39.458358+00:00, map_index=33, execution_date=20240906T172939, start_date=20240906T172948, end_date=20240906T172949
[2024-09-06T17:29:49.620+0000] {local_task_job_runner.py:266} INFO - Task exited with return code 0
[2024-09-06T17:29:49.627+0000] {local_task_job_runner.py:245} INFO - ::endgroup::
