[2024-09-06T17:43:09.848+0000] {local_task_job_runner.py:123} INFO - ::group::Pre task execution logs
[2024-09-06T17:43:09.873+0000] {taskinstance.py:2612} INFO - Dependencies all met for dep_context=non-requeueable deps ti=<TaskInstance: async_flow.task_backfill_number_of_cancelled_candidates_in_batch manual__2024-09-06T17:43:02.727107+00:00 map_index=34 [queued]>
[2024-09-06T17:43:09.890+0000] {taskinstance.py:2612} INFO - Dependencies all met for dep_context=requeueable deps ti=<TaskInstance: async_flow.task_backfill_number_of_cancelled_candidates_in_batch manual__2024-09-06T17:43:02.727107+00:00 map_index=34 [queued]>
[2024-09-06T17:43:09.891+0000] {taskinstance.py:2865} INFO - Starting attempt 1 of 1
[2024-09-06T17:43:09.940+0000] {taskinstance.py:2888} INFO - Executing <Mapped(_PythonDecoratedOperator): task_backfill_number_of_cancelled_candidates_in_batch> on 2024-09-06 17:43:02.727107+00:00
[2024-09-06T17:43:09.948+0000] {warnings.py:112} WARNING - /home/***/.local/lib/python3.12/site-packages/***/task/task_runner/standard_task_runner.py:70: DeprecationWarning: This process (pid=272) is multi-threaded, use of fork() may lead to deadlocks in the child.
  pid = os.fork()

[2024-09-06T17:43:09.953+0000] {standard_task_runner.py:104} INFO - Running: ['***', 'tasks', 'run', 'async_flow', 'task_backfill_number_of_cancelled_candidates_in_batch', 'manual__2024-09-06T17:43:02.727107+00:00', '--job-id', '209', '--raw', '--subdir', 'DAGS_FOLDER/dags_async_flow.py', '--cfg-path', '/tmp/tmpnd80pbh8', '--map-index', '34']
[2024-09-06T17:43:09.952+0000] {standard_task_runner.py:72} INFO - Started process 337 to run task
[2024-09-06T17:43:09.954+0000] {standard_task_runner.py:105} INFO - Job 209: Subtask task_backfill_number_of_cancelled_candidates_in_batch
[2024-09-06T17:43:10.042+0000] {task_command.py:467} INFO - Running <TaskInstance: async_flow.task_backfill_number_of_cancelled_candidates_in_batch manual__2024-09-06T17:43:02.727107+00:00 map_index=34 [running]> on host 0817eb6c24af
[2024-09-06T17:43:10.170+0000] {taskinstance.py:3131} INFO - Exporting env vars: AIRFLOW_CTX_DAG_OWNER='***' AIRFLOW_CTX_DAG_ID='async_flow' AIRFLOW_CTX_TASK_ID='task_backfill_number_of_cancelled_candidates_in_batch' AIRFLOW_CTX_EXECUTION_DATE='2024-09-06T17:43:02.727107+00:00' AIRFLOW_CTX_TRY_NUMBER='1' AIRFLOW_CTX_DAG_RUN_ID='manual__2024-09-06T17:43:02.727107+00:00'
[2024-09-06T17:43:10.171+0000] {taskinstance.py:731} INFO - ::endgroup::
[2024-09-06T17:43:10.208+0000] {core_li.py:23} INFO - Successfully updated job requisition 66db04abbf0a19d8769e75f2
[2024-09-06T17:43:10.224+0000] {core_li.py:23} INFO - Successfully updated job requisition 66db04abbf0a19d8769e75f4
[2024-09-06T17:43:10.240+0000] {core_li.py:23} INFO - Successfully updated job requisition 66db04abbf0a19d8769e75f6
[2024-09-06T17:43:10.256+0000] {core_li.py:23} INFO - Successfully updated job requisition 66db04abbf0a19d8769e75f8
[2024-09-06T17:43:10.279+0000] {core_li.py:23} INFO - Successfully updated job requisition 66db04abbf0a19d8769e75fa
[2024-09-06T17:43:10.290+0000] {core_li.py:23} INFO - Successfully updated job requisition 66db04abbf0a19d8769e75fc
[2024-09-06T17:43:10.302+0000] {core_li.py:23} INFO - Successfully updated job requisition 66db04abbf0a19d8769e75fe
[2024-09-06T17:43:10.310+0000] {core_li.py:23} INFO - Successfully updated job requisition 66db04abbf0a19d8769e7600
[2024-09-06T17:43:10.320+0000] {core_li.py:23} INFO - Successfully updated job requisition 66db04abbf0a19d8769e7602
[2024-09-06T17:43:10.328+0000] {core_li.py:23} INFO - Successfully updated job requisition 66db04abbf0a19d8769e7604
[2024-09-06T17:43:10.339+0000] {core_li.py:23} INFO - Successfully updated job requisition 66db04abbf0a19d8769e7606
[2024-09-06T17:43:10.347+0000] {core_li.py:23} INFO - Successfully updated job requisition 66db04abbf0a19d8769e7608
[2024-09-06T17:43:10.361+0000] {core_li.py:23} INFO - Successfully updated job requisition 66db04abbf0a19d8769e760a
[2024-09-06T17:43:10.374+0000] {core_li.py:23} INFO - Successfully updated job requisition 66db04abbf0a19d8769e760c
[2024-09-06T17:43:10.387+0000] {core_li.py:23} INFO - Successfully updated job requisition 66db04abbf0a19d8769e760e
[2024-09-06T17:43:10.397+0000] {core_li.py:23} INFO - Successfully updated job requisition 66db04abbf0a19d8769e7610
[2024-09-06T17:43:10.405+0000] {core_li.py:23} INFO - Successfully updated job requisition 66db04abbf0a19d8769e7612
[2024-09-06T17:43:10.410+0000] {core_li.py:23} INFO - Successfully updated job requisition 66db04abbf0a19d8769e7614
[2024-09-06T17:43:10.417+0000] {core_li.py:23} INFO - Successfully updated job requisition 66db04abbf0a19d8769e7616
[2024-09-06T17:43:10.427+0000] {core_li.py:23} INFO - Successfully updated job requisition 66db04abbf0a19d8769e7618
[2024-09-06T17:43:10.440+0000] {core_li.py:23} INFO - Successfully updated job requisition 66db04abbf0a19d8769e761a
[2024-09-06T17:43:10.447+0000] {core_li.py:23} INFO - Successfully updated job requisition 66db04abbf0a19d8769e761c
[2024-09-06T17:43:10.453+0000] {core_li.py:23} INFO - Successfully updated job requisition 66db04abbf0a19d8769e761e
[2024-09-06T17:43:10.459+0000] {core_li.py:23} INFO - Successfully updated job requisition 66db04abbf0a19d8769e7620
[2024-09-06T17:43:10.465+0000] {core_li.py:23} INFO - Successfully updated job requisition 66db04abbf0a19d8769e7622
[2024-09-06T17:43:10.474+0000] {core_li.py:23} INFO - Successfully updated job requisition 66db04abbf0a19d8769e7624
[2024-09-06T17:43:10.485+0000] {core_li.py:23} INFO - Successfully updated job requisition 66db04abbf0a19d8769e7626
[2024-09-06T17:43:10.495+0000] {core_li.py:23} INFO - Successfully updated job requisition 66db04abbf0a19d8769e7628
[2024-09-06T17:43:10.505+0000] {core_li.py:23} INFO - Successfully updated job requisition 66db04abbf0a19d8769e762a
[2024-09-06T17:43:10.515+0000] {core_li.py:23} INFO - Successfully updated job requisition 66db04abbf0a19d8769e762c
[2024-09-06T17:43:10.523+0000] {core_li.py:23} INFO - Successfully updated job requisition 66db04abbf0a19d8769e762e
[2024-09-06T17:43:10.533+0000] {core_li.py:23} INFO - Successfully updated job requisition 66db04abbf0a19d8769e7630
[2024-09-06T17:43:10.539+0000] {core_li.py:23} INFO - Successfully updated job requisition 66db04abbf0a19d8769e7632
[2024-09-06T17:43:10.547+0000] {core_li.py:23} INFO - Successfully updated job requisition 66db04abbf0a19d8769e7634
[2024-09-06T17:43:10.554+0000] {core_li.py:23} INFO - Successfully updated job requisition 66db04abbf0a19d8769e7636
[2024-09-06T17:43:10.565+0000] {core_li.py:23} INFO - Successfully updated job requisition 66db04abbf0a19d8769e7638
[2024-09-06T17:43:10.573+0000] {core_li.py:23} INFO - Successfully updated job requisition 66db04abbf0a19d8769e763a
[2024-09-06T17:43:10.580+0000] {core_li.py:23} INFO - Successfully updated job requisition 66db04abbf0a19d8769e763c
[2024-09-06T17:43:10.586+0000] {core_li.py:23} INFO - Successfully updated job requisition 66db04abbf0a19d8769e763e
[2024-09-06T17:43:10.594+0000] {core_li.py:23} INFO - Successfully updated job requisition 66db04abbf0a19d8769e7640
[2024-09-06T17:43:10.608+0000] {core_li.py:23} INFO - Successfully updated job requisition 66db04abbf0a19d8769e7642
[2024-09-06T17:43:10.616+0000] {core_li.py:23} INFO - Successfully updated job requisition 66db04abbf0a19d8769e7644
[2024-09-06T17:43:10.623+0000] {core_li.py:23} INFO - Successfully updated job requisition 66db04abbf0a19d8769e7646
[2024-09-06T17:43:10.634+0000] {core_li.py:23} INFO - Successfully updated job requisition 66db04abbf0a19d8769e7648
[2024-09-06T17:43:10.644+0000] {core_li.py:23} INFO - Successfully updated job requisition 66db04abbf0a19d8769e764a
[2024-09-06T17:43:10.651+0000] {core_li.py:23} INFO - Successfully updated job requisition 66db04abbf0a19d8769e764c
[2024-09-06T17:43:10.670+0000] {core_li.py:23} INFO - Successfully updated job requisition 66db04abbf0a19d8769e764e
[2024-09-06T17:43:10.679+0000] {core_li.py:23} INFO - Successfully updated job requisition 66db04abbf0a19d8769e7650
[2024-09-06T17:43:10.689+0000] {core_li.py:23} INFO - Successfully updated job requisition 66db04abbf0a19d8769e7652
[2024-09-06T17:43:10.698+0000] {core_li.py:23} INFO - Successfully updated job requisition 66db04abbf0a19d8769e7654
[2024-09-06T17:43:10.715+0000] {core_li.py:23} INFO - Successfully updated job requisition 66db04abbf0a19d8769e7656
[2024-09-06T17:43:10.724+0000] {core_li.py:23} INFO - Successfully updated job requisition 66db04abbf0a19d8769e7658
[2024-09-06T17:43:10.734+0000] {core_li.py:23} INFO - Successfully updated job requisition 66db04abbf0a19d8769e765a
[2024-09-06T17:43:10.743+0000] {core_li.py:23} INFO - Successfully updated job requisition 66db04abbf0a19d8769e765c
[2024-09-06T17:43:10.753+0000] {core_li.py:23} INFO - Successfully updated job requisition 66db04abbf0a19d8769e765e
[2024-09-06T17:43:10.760+0000] {core_li.py:23} INFO - Successfully updated job requisition 66db04abbf0a19d8769e7660
[2024-09-06T17:43:10.767+0000] {core_li.py:23} INFO - Successfully updated job requisition 66db04abbf0a19d8769e7662
[2024-09-06T17:43:10.775+0000] {core_li.py:23} INFO - Successfully updated job requisition 66db04abbf0a19d8769e7664
[2024-09-06T17:43:10.782+0000] {core_li.py:23} INFO - Successfully updated job requisition 66db04abbf0a19d8769e7666
[2024-09-06T17:43:10.789+0000] {core_li.py:23} INFO - Successfully updated job requisition 66db04abbf0a19d8769e7668
[2024-09-06T17:43:10.797+0000] {core_li.py:23} INFO - Successfully updated job requisition 66db04abbf0a19d8769e766a
[2024-09-06T17:43:10.806+0000] {core_li.py:23} INFO - Successfully updated job requisition 66db04abbf0a19d8769e766c
[2024-09-06T17:43:10.814+0000] {core_li.py:23} INFO - Successfully updated job requisition 66db04abbf0a19d8769e766e
[2024-09-06T17:43:10.821+0000] {core_li.py:23} INFO - Successfully updated job requisition 66db04abbf0a19d8769e7670
[2024-09-06T17:43:10.832+0000] {core_li.py:23} INFO - Successfully updated job requisition 66db04abbf0a19d8769e7672
[2024-09-06T17:43:10.838+0000] {core_li.py:23} INFO - Successfully updated job requisition 66db04abbf0a19d8769e7674
[2024-09-06T17:43:10.846+0000] {core_li.py:23} INFO - Successfully updated job requisition 66db04abbf0a19d8769e7676
[2024-09-06T17:43:10.855+0000] {core_li.py:23} INFO - Successfully updated job requisition 66db04abbf0a19d8769e7678
[2024-09-06T17:43:10.861+0000] {core_li.py:23} INFO - Successfully updated job requisition 66db04abbf0a19d8769e767a
[2024-09-06T17:43:10.870+0000] {core_li.py:23} INFO - Successfully updated job requisition 66db04abbf0a19d8769e767c
[2024-09-06T17:43:10.878+0000] {core_li.py:23} INFO - Successfully updated job requisition 66db04abbf0a19d8769e767e
[2024-09-06T17:43:10.884+0000] {core_li.py:23} INFO - Successfully updated job requisition 66db04abbf0a19d8769e7680
[2024-09-06T17:43:10.896+0000] {core_li.py:23} INFO - Successfully updated job requisition 66db04abbf0a19d8769e7682
[2024-09-06T17:43:10.906+0000] {core_li.py:23} INFO - Successfully updated job requisition 66db04abbf0a19d8769e7684
[2024-09-06T17:43:10.914+0000] {core_li.py:23} INFO - Successfully updated job requisition 66db04abbf0a19d8769e7686
[2024-09-06T17:43:10.920+0000] {core_li.py:23} INFO - Successfully updated job requisition 66db04abbf0a19d8769e7688
[2024-09-06T17:43:10.927+0000] {core_li.py:23} INFO - Successfully updated job requisition 66db04abbf0a19d8769e768a
[2024-09-06T17:43:10.937+0000] {core_li.py:23} INFO - Successfully updated job requisition 66db04abbf0a19d8769e768c
[2024-09-06T17:43:10.944+0000] {core_li.py:23} INFO - Successfully updated job requisition 66db04abbf0a19d8769e768e
[2024-09-06T17:43:10.951+0000] {core_li.py:23} INFO - Successfully updated job requisition 66db04abbf0a19d8769e7690
[2024-09-06T17:43:10.959+0000] {core_li.py:23} INFO - Successfully updated job requisition 66db04abbf0a19d8769e7692
[2024-09-06T17:43:10.968+0000] {core_li.py:23} INFO - Successfully updated job requisition 66db04abbf0a19d8769e7694
[2024-09-06T17:43:10.976+0000] {core_li.py:23} INFO - Successfully updated job requisition 66db04abbf0a19d8769e7696
[2024-09-06T17:43:10.985+0000] {core_li.py:23} INFO - Successfully updated job requisition 66db04abbf0a19d8769e7698
[2024-09-06T17:43:10.993+0000] {core_li.py:23} INFO - Successfully updated job requisition 66db04abbf0a19d8769e769a
[2024-09-06T17:43:11.004+0000] {core_li.py:23} INFO - Successfully updated job requisition 66db04abbf0a19d8769e769c
[2024-09-06T17:43:11.014+0000] {core_li.py:23} INFO - Successfully updated job requisition 66db04abbf0a19d8769e769e
[2024-09-06T17:43:11.023+0000] {core_li.py:23} INFO - Successfully updated job requisition 66db04abbf0a19d8769e76a0
[2024-09-06T17:43:11.032+0000] {core_li.py:23} INFO - Successfully updated job requisition 66db04abbf0a19d8769e76a2
[2024-09-06T17:43:11.040+0000] {core_li.py:23} INFO - Successfully updated job requisition 66db04abbf0a19d8769e76a4
[2024-09-06T17:43:11.049+0000] {core_li.py:23} INFO - Successfully updated job requisition 66db04abbf0a19d8769e76a6
[2024-09-06T17:43:11.055+0000] {core_li.py:23} INFO - Successfully updated job requisition 66db04abbf0a19d8769e76a8
[2024-09-06T17:43:11.063+0000] {core_li.py:23} INFO - Successfully updated job requisition 66db04abbf0a19d8769e76aa
[2024-09-06T17:43:11.069+0000] {core_li.py:23} INFO - Successfully updated job requisition 66db04abbf0a19d8769e76ac
[2024-09-06T17:43:11.076+0000] {core_li.py:23} INFO - Successfully updated job requisition 66db04abbf0a19d8769e76ae
[2024-09-06T17:43:11.082+0000] {core_li.py:23} INFO - Successfully updated job requisition 66db04abbf0a19d8769e76b0
[2024-09-06T17:43:11.089+0000] {core_li.py:23} INFO - Successfully updated job requisition 66db04abbf0a19d8769e76b2
[2024-09-06T17:43:11.100+0000] {core_li.py:23} INFO - Successfully updated job requisition 66db04abbf0a19d8769e76b4
[2024-09-06T17:43:11.108+0000] {core_li.py:23} INFO - Successfully updated job requisition 66db04abbf0a19d8769e76b6
[2024-09-06T17:43:11.117+0000] {core_li.py:23} INFO - Successfully updated job requisition 66db04abbf0a19d8769e76b8
[2024-09-06T17:43:11.118+0000] {python.py:240} INFO - Done. Returned value was: 100
[2024-09-06T17:43:11.134+0000] {taskinstance.py:340} INFO - ::group::Post task execution logs
[2024-09-06T17:43:11.135+0000] {taskinstance.py:352} INFO - Marking task as SUCCESS. dag_id=async_flow, task_id=task_backfill_number_of_cancelled_candidates_in_batch, run_id=manual__2024-09-06T17:43:02.727107+00:00, map_index=34, execution_date=20240906T174302, start_date=20240906T174309, end_date=20240906T174311
[2024-09-06T17:43:11.184+0000] {local_task_job_runner.py:266} INFO - Task exited with return code 0
[2024-09-06T17:43:11.224+0000] {taskinstance.py:3900} INFO - 0 downstream tasks scheduled from follow-on schedule check
[2024-09-06T17:43:11.227+0000] {local_task_job_runner.py:245} INFO - ::endgroup::
