[2024-09-06T17:47:32.030+0000] {local_task_job_runner.py:123} INFO - ::group::Pre task execution logs
[2024-09-06T17:47:32.077+0000] {taskinstance.py:2612} INFO - Dependencies all met for dep_context=non-requeueable deps ti=<TaskInstance: async_flow.task_backfill_number_of_cancelled_candidates_in_batch manual__2024-09-06T17:47:30.120511+00:00 map_index=6 [queued]>
[2024-09-06T17:47:32.091+0000] {taskinstance.py:2612} INFO - Dependencies all met for dep_context=requeueable deps ti=<TaskInstance: async_flow.task_backfill_number_of_cancelled_candidates_in_batch manual__2024-09-06T17:47:30.120511+00:00 map_index=6 [queued]>
[2024-09-06T17:47:32.091+0000] {taskinstance.py:2865} INFO - Starting attempt 1 of 1
[2024-09-06T17:47:32.123+0000] {taskinstance.py:2888} INFO - Executing <Mapped(_PythonDecoratedOperator): task_backfill_number_of_cancelled_candidates_in_batch> on 2024-09-06 17:47:30.120511+00:00
[2024-09-06T17:47:32.143+0000] {warnings.py:112} WARNING - /home/***/.local/lib/python3.12/site-packages/***/task/task_runner/standard_task_runner.py:70: DeprecationWarning: This process (pid=1045) is multi-threaded, use of fork() may lead to deadlocks in the child.
  pid = os.fork()

[2024-09-06T17:47:32.144+0000] {standard_task_runner.py:104} INFO - Running: ['***', 'tasks', 'run', 'async_flow', 'task_backfill_number_of_cancelled_candidates_in_batch', 'manual__2024-09-06T17:47:30.120511+00:00', '--job-id', '328', '--raw', '--subdir', 'DAGS_FOLDER/dags_async_flow.py', '--cfg-path', '/tmp/tmpeoy50_gg', '--map-index', '6']
[2024-09-06T17:47:32.149+0000] {standard_task_runner.py:105} INFO - Job 328: Subtask task_backfill_number_of_cancelled_candidates_in_batch
[2024-09-06T17:47:32.146+0000] {standard_task_runner.py:72} INFO - Started process 1109 to run task
[2024-09-06T17:47:32.241+0000] {task_command.py:467} INFO - Running <TaskInstance: async_flow.task_backfill_number_of_cancelled_candidates_in_batch manual__2024-09-06T17:47:30.120511+00:00 map_index=6 [running]> on host 0817eb6c24af
[2024-09-06T17:47:32.329+0000] {taskinstance.py:3131} INFO - Exporting env vars: AIRFLOW_CTX_DAG_OWNER='***' AIRFLOW_CTX_DAG_ID='async_flow' AIRFLOW_CTX_TASK_ID='task_backfill_number_of_cancelled_candidates_in_batch' AIRFLOW_CTX_EXECUTION_DATE='2024-09-06T17:47:30.120511+00:00' AIRFLOW_CTX_TRY_NUMBER='1' AIRFLOW_CTX_DAG_RUN_ID='manual__2024-09-06T17:47:30.120511+00:00'
[2024-09-06T17:47:32.330+0000] {taskinstance.py:731} INFO - ::endgroup::
[2024-09-06T17:47:32.378+0000] {core_li.py:23} INFO - Successfully updated job requisition 66db04aabf0a19d8769e6012
[2024-09-06T17:47:32.417+0000] {core_li.py:23} INFO - Successfully updated job requisition 66db04aabf0a19d8769e6014
[2024-09-06T17:47:32.433+0000] {core_li.py:23} INFO - Successfully updated job requisition 66db04aabf0a19d8769e6016
[2024-09-06T17:47:32.462+0000] {core_li.py:23} INFO - Successfully updated job requisition 66db04aabf0a19d8769e6018
[2024-09-06T17:47:32.497+0000] {core_li.py:23} INFO - Successfully updated job requisition 66db04aabf0a19d8769e601a
[2024-09-06T17:47:32.508+0000] {core_li.py:23} INFO - Successfully updated job requisition 66db04aabf0a19d8769e601c
[2024-09-06T17:47:32.528+0000] {core_li.py:23} INFO - Successfully updated job requisition 66db04aabf0a19d8769e601e
[2024-09-06T17:47:32.539+0000] {core_li.py:23} INFO - Successfully updated job requisition 66db04aabf0a19d8769e6020
[2024-09-06T17:47:32.553+0000] {core_li.py:23} INFO - Successfully updated job requisition 66db04abbf0a19d8769e6022
[2024-09-06T17:47:32.564+0000] {core_li.py:23} INFO - Successfully updated job requisition 66db04abbf0a19d8769e6024
[2024-09-06T17:47:32.575+0000] {core_li.py:23} INFO - Successfully updated job requisition 66db04abbf0a19d8769e6026
[2024-09-06T17:47:32.587+0000] {core_li.py:23} INFO - Successfully updated job requisition 66db04abbf0a19d8769e6028
[2024-09-06T17:47:32.599+0000] {core_li.py:23} INFO - Successfully updated job requisition 66db04abbf0a19d8769e602a
[2024-09-06T17:47:32.611+0000] {core_li.py:23} INFO - Successfully updated job requisition 66db04abbf0a19d8769e602c
[2024-09-06T17:47:32.622+0000] {core_li.py:23} INFO - Successfully updated job requisition 66db04abbf0a19d8769e602e
[2024-09-06T17:47:32.632+0000] {core_li.py:23} INFO - Successfully updated job requisition 66db04abbf0a19d8769e6030
[2024-09-06T17:47:32.641+0000] {core_li.py:23} INFO - Successfully updated job requisition 66db04abbf0a19d8769e6032
[2024-09-06T17:47:32.650+0000] {core_li.py:23} INFO - Successfully updated job requisition 66db04abbf0a19d8769e6034
[2024-09-06T17:47:32.661+0000] {core_li.py:23} INFO - Successfully updated job requisition 66db04abbf0a19d8769e6036
[2024-09-06T17:47:32.672+0000] {core_li.py:23} INFO - Successfully updated job requisition 66db04abbf0a19d8769e6038
[2024-09-06T17:47:32.684+0000] {core_li.py:23} INFO - Successfully updated job requisition 66db04abbf0a19d8769e603a
[2024-09-06T17:47:32.695+0000] {core_li.py:23} INFO - Successfully updated job requisition 66db04abbf0a19d8769e603c
[2024-09-06T17:47:32.704+0000] {core_li.py:23} INFO - Successfully updated job requisition 66db04abbf0a19d8769e603e
[2024-09-06T17:47:32.714+0000] {core_li.py:23} INFO - Successfully updated job requisition 66db04abbf0a19d8769e6040
[2024-09-06T17:47:32.724+0000] {core_li.py:23} INFO - Successfully updated job requisition 66db04abbf0a19d8769e6042
[2024-09-06T17:47:32.734+0000] {core_li.py:23} INFO - Successfully updated job requisition 66db04abbf0a19d8769e6044
[2024-09-06T17:47:32.744+0000] {core_li.py:23} INFO - Successfully updated job requisition 66db04abbf0a19d8769e6046
[2024-09-06T17:47:32.756+0000] {core_li.py:23} INFO - Successfully updated job requisition 66db04abbf0a19d8769e6048
[2024-09-06T17:47:32.765+0000] {core_li.py:23} INFO - Successfully updated job requisition 66db04abbf0a19d8769e604a
[2024-09-06T17:47:32.775+0000] {core_li.py:23} INFO - Successfully updated job requisition 66db04abbf0a19d8769e604c
[2024-09-06T17:47:32.786+0000] {core_li.py:23} INFO - Successfully updated job requisition 66db04abbf0a19d8769e604e
[2024-09-06T17:47:32.799+0000] {core_li.py:23} INFO - Successfully updated job requisition 66db04abbf0a19d8769e6050
[2024-09-06T17:47:32.810+0000] {core_li.py:23} INFO - Successfully updated job requisition 66db04abbf0a19d8769e6052
[2024-09-06T17:47:32.821+0000] {core_li.py:23} INFO - Successfully updated job requisition 66db04abbf0a19d8769e6054
[2024-09-06T17:47:32.837+0000] {core_li.py:23} INFO - Successfully updated job requisition 66db04abbf0a19d8769e6056
[2024-09-06T17:47:32.848+0000] {core_li.py:23} INFO - Successfully updated job requisition 66db04abbf0a19d8769e6058
[2024-09-06T17:47:32.857+0000] {core_li.py:23} INFO - Successfully updated job requisition 66db04abbf0a19d8769e605a
[2024-09-06T17:47:32.867+0000] {core_li.py:23} INFO - Successfully updated job requisition 66db04abbf0a19d8769e605c
[2024-09-06T17:47:32.880+0000] {core_li.py:23} INFO - Successfully updated job requisition 66db04abbf0a19d8769e605e
[2024-09-06T17:47:32.890+0000] {core_li.py:23} INFO - Successfully updated job requisition 66db04abbf0a19d8769e6060
[2024-09-06T17:47:32.903+0000] {core_li.py:23} INFO - Successfully updated job requisition 66db04abbf0a19d8769e6062
[2024-09-06T17:47:32.912+0000] {core_li.py:23} INFO - Successfully updated job requisition 66db04abbf0a19d8769e6064
[2024-09-06T17:47:32.921+0000] {core_li.py:23} INFO - Successfully updated job requisition 66db04abbf0a19d8769e6066
[2024-09-06T17:47:32.932+0000] {core_li.py:23} INFO - Successfully updated job requisition 66db04abbf0a19d8769e6068
[2024-09-06T17:47:32.941+0000] {core_li.py:23} INFO - Successfully updated job requisition 66db04abbf0a19d8769e606a
[2024-09-06T17:47:32.955+0000] {core_li.py:23} INFO - Successfully updated job requisition 66db04abbf0a19d8769e606c
[2024-09-06T17:47:32.973+0000] {core_li.py:23} INFO - Successfully updated job requisition 66db04abbf0a19d8769e606e
[2024-09-06T17:47:32.986+0000] {core_li.py:23} INFO - Successfully updated job requisition 66db04abbf0a19d8769e6070
[2024-09-06T17:47:32.998+0000] {core_li.py:23} INFO - Successfully updated job requisition 66db04abbf0a19d8769e6072
[2024-09-06T17:47:33.006+0000] {core_li.py:23} INFO - Successfully updated job requisition 66db04abbf0a19d8769e6074
[2024-09-06T17:47:33.016+0000] {core_li.py:23} INFO - Successfully updated job requisition 66db04abbf0a19d8769e6076
[2024-09-06T17:47:33.024+0000] {core_li.py:23} INFO - Successfully updated job requisition 66db04abbf0a19d8769e6078
[2024-09-06T17:47:33.034+0000] {core_li.py:23} INFO - Successfully updated job requisition 66db04abbf0a19d8769e607a
[2024-09-06T17:47:33.042+0000] {core_li.py:23} INFO - Successfully updated job requisition 66db04abbf0a19d8769e607c
[2024-09-06T17:47:33.050+0000] {core_li.py:23} INFO - Successfully updated job requisition 66db04abbf0a19d8769e607e
[2024-09-06T17:47:33.057+0000] {core_li.py:23} INFO - Successfully updated job requisition 66db04abbf0a19d8769e6080
[2024-09-06T17:47:33.066+0000] {core_li.py:23} INFO - Successfully updated job requisition 66db04abbf0a19d8769e6082
[2024-09-06T17:47:33.073+0000] {core_li.py:23} INFO - Successfully updated job requisition 66db04abbf0a19d8769e6084
[2024-09-06T17:47:33.080+0000] {core_li.py:23} INFO - Successfully updated job requisition 66db04abbf0a19d8769e6086
[2024-09-06T17:47:33.087+0000] {core_li.py:23} INFO - Successfully updated job requisition 66db04abbf0a19d8769e6088
[2024-09-06T17:47:33.095+0000] {core_li.py:23} INFO - Successfully updated job requisition 66db04abbf0a19d8769e608a
[2024-09-06T17:47:33.110+0000] {core_li.py:23} INFO - Successfully updated job requisition 66db04abbf0a19d8769e608c
[2024-09-06T17:47:33.122+0000] {core_li.py:23} INFO - Successfully updated job requisition 66db04abbf0a19d8769e608e
[2024-09-06T17:47:33.132+0000] {core_li.py:23} INFO - Successfully updated job requisition 66db04abbf0a19d8769e6090
[2024-09-06T17:47:33.141+0000] {core_li.py:23} INFO - Successfully updated job requisition 66db04abbf0a19d8769e6092
[2024-09-06T17:47:33.149+0000] {core_li.py:23} INFO - Successfully updated job requisition 66db04abbf0a19d8769e6094
[2024-09-06T17:47:33.157+0000] {core_li.py:23} INFO - Successfully updated job requisition 66db04abbf0a19d8769e6096
[2024-09-06T17:47:33.166+0000] {core_li.py:23} INFO - Successfully updated job requisition 66db04abbf0a19d8769e6098
[2024-09-06T17:47:33.177+0000] {core_li.py:23} INFO - Successfully updated job requisition 66db04abbf0a19d8769e609a
[2024-09-06T17:47:33.187+0000] {core_li.py:23} INFO - Successfully updated job requisition 66db04abbf0a19d8769e609c
[2024-09-06T17:47:33.196+0000] {core_li.py:23} INFO - Successfully updated job requisition 66db04abbf0a19d8769e609e
[2024-09-06T17:47:33.207+0000] {core_li.py:23} INFO - Successfully updated job requisition 66db04abbf0a19d8769e60a0
[2024-09-06T17:47:33.217+0000] {core_li.py:23} INFO - Successfully updated job requisition 66db04abbf0a19d8769e60a2
[2024-09-06T17:47:33.226+0000] {core_li.py:23} INFO - Successfully updated job requisition 66db04abbf0a19d8769e60a4
[2024-09-06T17:47:33.240+0000] {core_li.py:23} INFO - Successfully updated job requisition 66db04abbf0a19d8769e60a6
[2024-09-06T17:47:33.248+0000] {core_li.py:23} INFO - Successfully updated job requisition 66db04abbf0a19d8769e60a8
[2024-09-06T17:47:33.257+0000] {core_li.py:23} INFO - Successfully updated job requisition 66db04abbf0a19d8769e60aa
[2024-09-06T17:47:33.263+0000] {core_li.py:23} INFO - Successfully updated job requisition 66db04abbf0a19d8769e60ac
[2024-09-06T17:47:33.273+0000] {core_li.py:23} INFO - Successfully updated job requisition 66db04abbf0a19d8769e60ae
[2024-09-06T17:47:33.281+0000] {core_li.py:23} INFO - Successfully updated job requisition 66db04abbf0a19d8769e60b0
[2024-09-06T17:47:33.288+0000] {core_li.py:23} INFO - Successfully updated job requisition 66db04abbf0a19d8769e60b2
[2024-09-06T17:47:33.297+0000] {core_li.py:23} INFO - Successfully updated job requisition 66db04abbf0a19d8769e60b4
[2024-09-06T17:47:33.305+0000] {core_li.py:23} INFO - Successfully updated job requisition 66db04abbf0a19d8769e60b6
[2024-09-06T17:47:33.312+0000] {core_li.py:23} INFO - Successfully updated job requisition 66db04abbf0a19d8769e60b8
[2024-09-06T17:47:33.320+0000] {core_li.py:23} INFO - Successfully updated job requisition 66db04abbf0a19d8769e60ba
[2024-09-06T17:47:33.328+0000] {core_li.py:23} INFO - Successfully updated job requisition 66db04abbf0a19d8769e60bc
[2024-09-06T17:47:33.335+0000] {core_li.py:23} INFO - Successfully updated job requisition 66db04abbf0a19d8769e60be
[2024-09-06T17:47:33.346+0000] {core_li.py:23} INFO - Successfully updated job requisition 66db04abbf0a19d8769e60c0
[2024-09-06T17:47:33.363+0000] {core_li.py:23} INFO - Successfully updated job requisition 66db04abbf0a19d8769e60c2
[2024-09-06T17:47:33.371+0000] {core_li.py:23} INFO - Successfully updated job requisition 66db04abbf0a19d8769e60c4
[2024-09-06T17:47:33.391+0000] {core_li.py:23} INFO - Successfully updated job requisition 66db04abbf0a19d8769e60c6
[2024-09-06T17:47:33.403+0000] {core_li.py:23} INFO - Successfully updated job requisition 66db04abbf0a19d8769e60c8
[2024-09-06T17:47:33.411+0000] {core_li.py:23} INFO - Successfully updated job requisition 66db04abbf0a19d8769e60ca
[2024-09-06T17:47:33.421+0000] {core_li.py:23} INFO - Successfully updated job requisition 66db04abbf0a19d8769e60cc
[2024-09-06T17:47:33.430+0000] {core_li.py:23} INFO - Successfully updated job requisition 66db04abbf0a19d8769e60ce
[2024-09-06T17:47:33.438+0000] {core_li.py:23} INFO - Successfully updated job requisition 66db04abbf0a19d8769e60d0
[2024-09-06T17:47:33.446+0000] {core_li.py:23} INFO - Successfully updated job requisition 66db04abbf0a19d8769e60d2
[2024-09-06T17:47:33.456+0000] {core_li.py:23} INFO - Successfully updated job requisition 66db04abbf0a19d8769e60d4
[2024-09-06T17:47:33.464+0000] {core_li.py:23} INFO - Successfully updated job requisition 66db04abbf0a19d8769e60d6
[2024-09-06T17:47:33.473+0000] {core_li.py:23} INFO - Successfully updated job requisition 66db04abbf0a19d8769e60d8
[2024-09-06T17:47:33.474+0000] {python.py:240} INFO - Done. Returned value was: 100
[2024-09-06T17:47:33.516+0000] {taskinstance.py:340} INFO - ::group::Post task execution logs
[2024-09-06T17:47:33.516+0000] {taskinstance.py:352} INFO - Marking task as SUCCESS. dag_id=async_flow, task_id=task_backfill_number_of_cancelled_candidates_in_batch, run_id=manual__2024-09-06T17:47:30.120511+00:00, map_index=6, execution_date=20240906T174730, start_date=20240906T174732, end_date=20240906T174733
[2024-09-06T17:47:33.557+0000] {local_task_job_runner.py:266} INFO - Task exited with return code 0
[2024-09-06T17:47:33.568+0000] {local_task_job_runner.py:245} INFO - ::endgroup::
