[2024-09-06T17:47:32.127+0000] {local_task_job_runner.py:123} INFO - ::group::Pre task execution logs
[2024-09-06T17:47:32.153+0000] {taskinstance.py:2612} INFO - Dependencies all met for dep_context=non-requeueable deps ti=<TaskInstance: async_flow.task_backfill_number_of_cancelled_candidates_in_batch manual__2024-09-06T17:47:30.120511+00:00 map_index=1 [queued]>
[2024-09-06T17:47:32.169+0000] {taskinstance.py:2612} INFO - Dependencies all met for dep_context=requeueable deps ti=<TaskInstance: async_flow.task_backfill_number_of_cancelled_candidates_in_batch manual__2024-09-06T17:47:30.120511+00:00 map_index=1 [queued]>
[2024-09-06T17:47:32.170+0000] {taskinstance.py:2865} INFO - Starting attempt 1 of 1
[2024-09-06T17:47:32.204+0000] {taskinstance.py:2888} INFO - Executing <Mapped(_PythonDecoratedOperator): task_backfill_number_of_cancelled_candidates_in_batch> on 2024-09-06 17:47:30.120511+00:00
[2024-09-06T17:47:32.212+0000] {warnings.py:112} WARNING - /home/***/.local/lib/python3.12/site-packages/***/task/task_runner/standard_task_runner.py:70: DeprecationWarning: This process (pid=1056) is multi-threaded, use of fork() may lead to deadlocks in the child.
  pid = os.fork()

[2024-09-06T17:47:32.217+0000] {standard_task_runner.py:72} INFO - Started process 1125 to run task
[2024-09-06T17:47:32.226+0000] {standard_task_runner.py:104} INFO - Running: ['***', 'tasks', 'run', 'async_flow', 'task_backfill_number_of_cancelled_candidates_in_batch', 'manual__2024-09-06T17:47:30.120511+00:00', '--job-id', '335', '--raw', '--subdir', 'DAGS_FOLDER/dags_async_flow.py', '--cfg-path', '/tmp/tmpspvkc7lr', '--map-index', '1']
[2024-09-06T17:47:32.228+0000] {standard_task_runner.py:105} INFO - Job 335: Subtask task_backfill_number_of_cancelled_candidates_in_batch
[2024-09-06T17:47:32.289+0000] {task_command.py:467} INFO - Running <TaskInstance: async_flow.task_backfill_number_of_cancelled_candidates_in_batch manual__2024-09-06T17:47:30.120511+00:00 map_index=1 [running]> on host 0817eb6c24af
[2024-09-06T17:47:32.391+0000] {taskinstance.py:3131} INFO - Exporting env vars: AIRFLOW_CTX_DAG_OWNER='***' AIRFLOW_CTX_DAG_ID='async_flow' AIRFLOW_CTX_TASK_ID='task_backfill_number_of_cancelled_candidates_in_batch' AIRFLOW_CTX_EXECUTION_DATE='2024-09-06T17:47:30.120511+00:00' AIRFLOW_CTX_TRY_NUMBER='1' AIRFLOW_CTX_DAG_RUN_ID='manual__2024-09-06T17:47:30.120511+00:00'
[2024-09-06T17:47:32.394+0000] {taskinstance.py:731} INFO - ::endgroup::
[2024-09-06T17:47:32.425+0000] {core_li.py:23} INFO - Successfully updated job requisition 66db04aabf0a19d8769e5c2a
[2024-09-06T17:47:32.447+0000] {core_li.py:23} INFO - Successfully updated job requisition 66db04aabf0a19d8769e5c2c
[2024-09-06T17:47:32.466+0000] {core_li.py:23} INFO - Successfully updated job requisition 66db04aabf0a19d8769e5c2e
[2024-09-06T17:47:32.478+0000] {core_li.py:23} INFO - Successfully updated job requisition 66db04aabf0a19d8769e5c30
[2024-09-06T17:47:32.492+0000] {core_li.py:23} INFO - Successfully updated job requisition 66db04aabf0a19d8769e5c32
[2024-09-06T17:47:32.504+0000] {core_li.py:23} INFO - Successfully updated job requisition 66db04aabf0a19d8769e5c34
[2024-09-06T17:47:32.527+0000] {core_li.py:23} INFO - Successfully updated job requisition 66db04aabf0a19d8769e5c36
[2024-09-06T17:47:32.538+0000] {core_li.py:23} INFO - Successfully updated job requisition 66db04aabf0a19d8769e5c38
[2024-09-06T17:47:32.548+0000] {core_li.py:23} INFO - Successfully updated job requisition 66db04aabf0a19d8769e5c3a
[2024-09-06T17:47:32.558+0000] {core_li.py:23} INFO - Successfully updated job requisition 66db04aabf0a19d8769e5c3c
[2024-09-06T17:47:32.567+0000] {core_li.py:23} INFO - Successfully updated job requisition 66db04aabf0a19d8769e5c3e
[2024-09-06T17:47:32.579+0000] {core_li.py:23} INFO - Successfully updated job requisition 66db04aabf0a19d8769e5c40
[2024-09-06T17:47:32.587+0000] {core_li.py:23} INFO - Successfully updated job requisition 66db04aabf0a19d8769e5c42
[2024-09-06T17:47:32.599+0000] {core_li.py:23} INFO - Successfully updated job requisition 66db04aabf0a19d8769e5c44
[2024-09-06T17:47:32.610+0000] {core_li.py:23} INFO - Successfully updated job requisition 66db04aabf0a19d8769e5c46
[2024-09-06T17:47:32.622+0000] {core_li.py:23} INFO - Successfully updated job requisition 66db04aabf0a19d8769e5c48
[2024-09-06T17:47:32.633+0000] {core_li.py:23} INFO - Successfully updated job requisition 66db04aabf0a19d8769e5c4a
[2024-09-06T17:47:32.643+0000] {core_li.py:23} INFO - Successfully updated job requisition 66db04aabf0a19d8769e5c4c
[2024-09-06T17:47:32.655+0000] {core_li.py:23} INFO - Successfully updated job requisition 66db04aabf0a19d8769e5c4e
[2024-09-06T17:47:32.666+0000] {core_li.py:23} INFO - Successfully updated job requisition 66db04aabf0a19d8769e5c50
[2024-09-06T17:47:32.679+0000] {core_li.py:23} INFO - Successfully updated job requisition 66db04aabf0a19d8769e5c52
[2024-09-06T17:47:32.691+0000] {core_li.py:23} INFO - Successfully updated job requisition 66db04aabf0a19d8769e5c54
[2024-09-06T17:47:32.702+0000] {core_li.py:23} INFO - Successfully updated job requisition 66db04aabf0a19d8769e5c56
[2024-09-06T17:47:32.711+0000] {core_li.py:23} INFO - Successfully updated job requisition 66db04aabf0a19d8769e5c58
[2024-09-06T17:47:32.719+0000] {core_li.py:23} INFO - Successfully updated job requisition 66db04aabf0a19d8769e5c5a
[2024-09-06T17:47:32.730+0000] {core_li.py:23} INFO - Successfully updated job requisition 66db04aabf0a19d8769e5c5c
[2024-09-06T17:47:32.740+0000] {core_li.py:23} INFO - Successfully updated job requisition 66db04aabf0a19d8769e5c5e
[2024-09-06T17:47:32.749+0000] {core_li.py:23} INFO - Successfully updated job requisition 66db04aabf0a19d8769e5c60
[2024-09-06T17:47:32.758+0000] {core_li.py:23} INFO - Successfully updated job requisition 66db04aabf0a19d8769e5c62
[2024-09-06T17:47:32.768+0000] {core_li.py:23} INFO - Successfully updated job requisition 66db04aabf0a19d8769e5c64
[2024-09-06T17:47:32.778+0000] {core_li.py:23} INFO - Successfully updated job requisition 66db04aabf0a19d8769e5c66
[2024-09-06T17:47:32.788+0000] {core_li.py:23} INFO - Successfully updated job requisition 66db04aabf0a19d8769e5c68
[2024-09-06T17:47:32.797+0000] {core_li.py:23} INFO - Successfully updated job requisition 66db04aabf0a19d8769e5c6a
[2024-09-06T17:47:32.807+0000] {core_li.py:23} INFO - Successfully updated job requisition 66db04aabf0a19d8769e5c6c
[2024-09-06T17:47:32.816+0000] {core_li.py:23} INFO - Successfully updated job requisition 66db04aabf0a19d8769e5c6e
[2024-09-06T17:47:32.824+0000] {core_li.py:23} INFO - Successfully updated job requisition 66db04aabf0a19d8769e5c70
[2024-09-06T17:47:32.832+0000] {core_li.py:23} INFO - Successfully updated job requisition 66db04aabf0a19d8769e5c72
[2024-09-06T17:47:32.844+0000] {core_li.py:23} INFO - Successfully updated job requisition 66db04aabf0a19d8769e5c74
[2024-09-06T17:47:32.850+0000] {core_li.py:23} INFO - Successfully updated job requisition 66db04aabf0a19d8769e5c76
[2024-09-06T17:47:32.862+0000] {core_li.py:23} INFO - Successfully updated job requisition 66db04aabf0a19d8769e5c78
[2024-09-06T17:47:32.873+0000] {core_li.py:23} INFO - Successfully updated job requisition 66db04aabf0a19d8769e5c7a
[2024-09-06T17:47:32.889+0000] {core_li.py:23} INFO - Successfully updated job requisition 66db04aabf0a19d8769e5c7c
[2024-09-06T17:47:32.896+0000] {core_li.py:23} INFO - Successfully updated job requisition 66db04aabf0a19d8769e5c7e
[2024-09-06T17:47:32.904+0000] {core_li.py:23} INFO - Successfully updated job requisition 66db04aabf0a19d8769e5c80
[2024-09-06T17:47:32.912+0000] {core_li.py:23} INFO - Successfully updated job requisition 66db04aabf0a19d8769e5c82
[2024-09-06T17:47:32.921+0000] {core_li.py:23} INFO - Successfully updated job requisition 66db04aabf0a19d8769e5c84
[2024-09-06T17:47:32.933+0000] {core_li.py:23} INFO - Successfully updated job requisition 66db04aabf0a19d8769e5c86
[2024-09-06T17:47:32.943+0000] {core_li.py:23} INFO - Successfully updated job requisition 66db04aabf0a19d8769e5c88
[2024-09-06T17:47:32.964+0000] {core_li.py:23} INFO - Successfully updated job requisition 66db04aabf0a19d8769e5c8a
[2024-09-06T17:47:32.975+0000] {core_li.py:23} INFO - Successfully updated job requisition 66db04aabf0a19d8769e5c8c
[2024-09-06T17:47:32.987+0000] {core_li.py:23} INFO - Successfully updated job requisition 66db04aabf0a19d8769e5c8e
[2024-09-06T17:47:33.000+0000] {core_li.py:23} INFO - Successfully updated job requisition 66db04aabf0a19d8769e5c90
[2024-09-06T17:47:33.013+0000] {core_li.py:23} INFO - Successfully updated job requisition 66db04aabf0a19d8769e5c92
[2024-09-06T17:47:33.020+0000] {core_li.py:23} INFO - Successfully updated job requisition 66db04aabf0a19d8769e5c94
[2024-09-06T17:47:33.026+0000] {core_li.py:23} INFO - Successfully updated job requisition 66db04aabf0a19d8769e5c96
[2024-09-06T17:47:33.035+0000] {core_li.py:23} INFO - Successfully updated job requisition 66db04aabf0a19d8769e5c98
[2024-09-06T17:47:33.042+0000] {core_li.py:23} INFO - Successfully updated job requisition 66db04aabf0a19d8769e5c9a
[2024-09-06T17:47:33.051+0000] {core_li.py:23} INFO - Successfully updated job requisition 66db04aabf0a19d8769e5c9c
[2024-09-06T17:47:33.059+0000] {core_li.py:23} INFO - Successfully updated job requisition 66db04aabf0a19d8769e5c9e
[2024-09-06T17:47:33.067+0000] {core_li.py:23} INFO - Successfully updated job requisition 66db04aabf0a19d8769e5ca0
[2024-09-06T17:47:33.078+0000] {core_li.py:23} INFO - Successfully updated job requisition 66db04aabf0a19d8769e5ca2
[2024-09-06T17:47:33.085+0000] {core_li.py:23} INFO - Successfully updated job requisition 66db04aabf0a19d8769e5ca4
[2024-09-06T17:47:33.093+0000] {core_li.py:23} INFO - Successfully updated job requisition 66db04aabf0a19d8769e5ca6
[2024-09-06T17:47:33.109+0000] {core_li.py:23} INFO - Successfully updated job requisition 66db04aabf0a19d8769e5ca8
[2024-09-06T17:47:33.117+0000] {core_li.py:23} INFO - Successfully updated job requisition 66db04aabf0a19d8769e5caa
[2024-09-06T17:47:33.127+0000] {core_li.py:23} INFO - Successfully updated job requisition 66db04aabf0a19d8769e5cac
[2024-09-06T17:47:33.138+0000] {core_li.py:23} INFO - Successfully updated job requisition 66db04aabf0a19d8769e5cae
[2024-09-06T17:47:33.147+0000] {core_li.py:23} INFO - Successfully updated job requisition 66db04aabf0a19d8769e5cb0
[2024-09-06T17:47:33.154+0000] {core_li.py:23} INFO - Successfully updated job requisition 66db04aabf0a19d8769e5cb2
[2024-09-06T17:47:33.163+0000] {core_li.py:23} INFO - Successfully updated job requisition 66db04aabf0a19d8769e5cb4
[2024-09-06T17:47:33.170+0000] {core_li.py:23} INFO - Successfully updated job requisition 66db04aabf0a19d8769e5cb6
[2024-09-06T17:47:33.182+0000] {core_li.py:23} INFO - Successfully updated job requisition 66db04aabf0a19d8769e5cb8
[2024-09-06T17:47:33.197+0000] {core_li.py:23} INFO - Successfully updated job requisition 66db04aabf0a19d8769e5cba
[2024-09-06T17:47:33.207+0000] {core_li.py:23} INFO - Successfully updated job requisition 66db04aabf0a19d8769e5cbc
[2024-09-06T17:47:33.215+0000] {core_li.py:23} INFO - Successfully updated job requisition 66db04aabf0a19d8769e5cbe
[2024-09-06T17:47:33.223+0000] {core_li.py:23} INFO - Successfully updated job requisition 66db04aabf0a19d8769e5cc0
[2024-09-06T17:47:33.232+0000] {core_li.py:23} INFO - Successfully updated job requisition 66db04aabf0a19d8769e5cc2
[2024-09-06T17:47:33.242+0000] {core_li.py:23} INFO - Successfully updated job requisition 66db04aabf0a19d8769e5cc4
[2024-09-06T17:47:33.267+0000] {core_li.py:23} INFO - Successfully updated job requisition 66db04aabf0a19d8769e5cc6
[2024-09-06T17:47:33.275+0000] {core_li.py:23} INFO - Successfully updated job requisition 66db04aabf0a19d8769e5cc8
[2024-09-06T17:47:33.284+0000] {core_li.py:23} INFO - Successfully updated job requisition 66db04aabf0a19d8769e5cca
[2024-09-06T17:47:33.292+0000] {core_li.py:23} INFO - Successfully updated job requisition 66db04aabf0a19d8769e5ccc
[2024-09-06T17:47:33.301+0000] {core_li.py:23} INFO - Successfully updated job requisition 66db04aabf0a19d8769e5cce
[2024-09-06T17:47:33.308+0000] {core_li.py:23} INFO - Successfully updated job requisition 66db04aabf0a19d8769e5cd0
[2024-09-06T17:47:33.316+0000] {core_li.py:23} INFO - Successfully updated job requisition 66db04aabf0a19d8769e5cd2
[2024-09-06T17:47:33.329+0000] {core_li.py:23} INFO - Successfully updated job requisition 66db04aabf0a19d8769e5cd4
[2024-09-06T17:47:33.337+0000] {core_li.py:23} INFO - Successfully updated job requisition 66db04aabf0a19d8769e5cd6
[2024-09-06T17:47:33.346+0000] {core_li.py:23} INFO - Successfully updated job requisition 66db04aabf0a19d8769e5cd8
[2024-09-06T17:47:33.354+0000] {core_li.py:23} INFO - Successfully updated job requisition 66db04aabf0a19d8769e5cda
[2024-09-06T17:47:33.361+0000] {core_li.py:23} INFO - Successfully updated job requisition 66db04aabf0a19d8769e5cdc
[2024-09-06T17:47:33.374+0000] {core_li.py:23} INFO - Successfully updated job requisition 66db04aabf0a19d8769e5cde
[2024-09-06T17:47:33.393+0000] {core_li.py:23} INFO - Successfully updated job requisition 66db04aabf0a19d8769e5ce0
[2024-09-06T17:47:33.399+0000] {core_li.py:23} INFO - Successfully updated job requisition 66db04aabf0a19d8769e5ce2
[2024-09-06T17:47:33.407+0000] {core_li.py:23} INFO - Successfully updated job requisition 66db04aabf0a19d8769e5ce4
[2024-09-06T17:47:33.420+0000] {core_li.py:23} INFO - Successfully updated job requisition 66db04aabf0a19d8769e5ce6
[2024-09-06T17:47:33.430+0000] {core_li.py:23} INFO - Successfully updated job requisition 66db04aabf0a19d8769e5ce8
[2024-09-06T17:47:33.437+0000] {core_li.py:23} INFO - Successfully updated job requisition 66db04aabf0a19d8769e5cea
[2024-09-06T17:47:33.447+0000] {core_li.py:23} INFO - Successfully updated job requisition 66db04aabf0a19d8769e5cec
[2024-09-06T17:47:33.456+0000] {core_li.py:23} INFO - Successfully updated job requisition 66db04aabf0a19d8769e5cee
[2024-09-06T17:47:33.467+0000] {core_li.py:23} INFO - Successfully updated job requisition 66db04aabf0a19d8769e5cf0
[2024-09-06T17:47:33.468+0000] {python.py:240} INFO - Done. Returned value was: 100
[2024-09-06T17:47:33.498+0000] {taskinstance.py:340} INFO - ::group::Post task execution logs
[2024-09-06T17:47:33.499+0000] {taskinstance.py:352} INFO - Marking task as SUCCESS. dag_id=async_flow, task_id=task_backfill_number_of_cancelled_candidates_in_batch, run_id=manual__2024-09-06T17:47:30.120511+00:00, map_index=1, execution_date=20240906T174730, start_date=20240906T174732, end_date=20240906T174733
[2024-09-06T17:47:33.521+0000] {local_task_job_runner.py:266} INFO - Task exited with return code 0
[2024-09-06T17:47:33.538+0000] {local_task_job_runner.py:245} INFO - ::endgroup::
