[2024-09-06T17:47:37.710+0000] {local_task_job_runner.py:123} INFO - ::group::Pre task execution logs
[2024-09-06T17:47:37.736+0000] {taskinstance.py:2612} INFO - Dependencies all met for dep_context=non-requeueable deps ti=<TaskInstance: async_flow.task_backfill_number_of_cancelled_candidates_in_batch manual__2024-09-06T17:47:30.120511+00:00 map_index=42 [queued]>
[2024-09-06T17:47:37.750+0000] {taskinstance.py:2612} INFO - Dependencies all met for dep_context=requeueable deps ti=<TaskInstance: async_flow.task_backfill_number_of_cancelled_candidates_in_batch manual__2024-09-06T17:47:30.120511+00:00 map_index=42 [queued]>
[2024-09-06T17:47:37.750+0000] {taskinstance.py:2865} INFO - Starting attempt 1 of 1
[2024-09-06T17:47:37.769+0000] {taskinstance.py:2888} INFO - Executing <Mapped(_PythonDecoratedOperator): task_backfill_number_of_cancelled_candidates_in_batch> on 2024-09-06 17:47:30.120511+00:00
[2024-09-06T17:47:37.776+0000] {warnings.py:112} WARNING - /home/***/.local/lib/python3.12/site-packages/***/task/task_runner/standard_task_runner.py:70: DeprecationWarning: This process (pid=1245) is multi-threaded, use of fork() may lead to deadlocks in the child.
  pid = os.fork()

[2024-09-06T17:47:37.783+0000] {standard_task_runner.py:72} INFO - Started process 1304 to run task
[2024-09-06T17:47:37.781+0000] {standard_task_runner.py:104} INFO - Running: ['***', 'tasks', 'run', 'async_flow', 'task_backfill_number_of_cancelled_candidates_in_batch', 'manual__2024-09-06T17:47:30.120511+00:00', '--job-id', '363', '--raw', '--subdir', 'DAGS_FOLDER/dags_async_flow.py', '--cfg-path', '/tmp/tmpl1oh4d2n', '--map-index', '42']
[2024-09-06T17:47:37.785+0000] {standard_task_runner.py:105} INFO - Job 363: Subtask task_backfill_number_of_cancelled_candidates_in_batch
[2024-09-06T17:47:37.852+0000] {task_command.py:467} INFO - Running <TaskInstance: async_flow.task_backfill_number_of_cancelled_candidates_in_batch manual__2024-09-06T17:47:30.120511+00:00 map_index=42 [running]> on host 0817eb6c24af
[2024-09-06T17:47:38.052+0000] {taskinstance.py:3131} INFO - Exporting env vars: AIRFLOW_CTX_DAG_OWNER='***' AIRFLOW_CTX_DAG_ID='async_flow' AIRFLOW_CTX_TASK_ID='task_backfill_number_of_cancelled_candidates_in_batch' AIRFLOW_CTX_EXECUTION_DATE='2024-09-06T17:47:30.120511+00:00' AIRFLOW_CTX_TRY_NUMBER='1' AIRFLOW_CTX_DAG_RUN_ID='manual__2024-09-06T17:47:30.120511+00:00'
[2024-09-06T17:47:38.054+0000] {taskinstance.py:731} INFO - ::endgroup::
[2024-09-06T17:47:38.073+0000] {core_li.py:23} INFO - Successfully updated job requisition 66db04abbf0a19d8769e6c92
[2024-09-06T17:47:38.103+0000] {core_li.py:23} INFO - Successfully updated job requisition 66db04abbf0a19d8769e6c94
[2024-09-06T17:47:38.120+0000] {core_li.py:23} INFO - Successfully updated job requisition 66db04abbf0a19d8769e6c96
[2024-09-06T17:47:38.133+0000] {core_li.py:23} INFO - Successfully updated job requisition 66db04abbf0a19d8769e6c98
[2024-09-06T17:47:38.141+0000] {core_li.py:23} INFO - Successfully updated job requisition 66db04abbf0a19d8769e6c9a
[2024-09-06T17:47:38.149+0000] {core_li.py:23} INFO - Successfully updated job requisition 66db04abbf0a19d8769e6c9c
[2024-09-06T17:47:38.161+0000] {core_li.py:23} INFO - Successfully updated job requisition 66db04abbf0a19d8769e6c9e
[2024-09-06T17:47:38.172+0000] {core_li.py:23} INFO - Successfully updated job requisition 66db04abbf0a19d8769e6ca0
[2024-09-06T17:47:38.182+0000] {core_li.py:23} INFO - Successfully updated job requisition 66db04abbf0a19d8769e6ca2
[2024-09-06T17:47:38.196+0000] {core_li.py:23} INFO - Successfully updated job requisition 66db04abbf0a19d8769e6ca4
[2024-09-06T17:47:38.207+0000] {core_li.py:23} INFO - Successfully updated job requisition 66db04abbf0a19d8769e6ca6
[2024-09-06T17:47:38.215+0000] {core_li.py:23} INFO - Successfully updated job requisition 66db04abbf0a19d8769e6ca8
[2024-09-06T17:47:38.224+0000] {core_li.py:23} INFO - Successfully updated job requisition 66db04abbf0a19d8769e6caa
[2024-09-06T17:47:38.233+0000] {core_li.py:23} INFO - Successfully updated job requisition 66db04abbf0a19d8769e6cac
[2024-09-06T17:47:38.243+0000] {core_li.py:23} INFO - Successfully updated job requisition 66db04abbf0a19d8769e6cae
[2024-09-06T17:47:38.253+0000] {core_li.py:23} INFO - Successfully updated job requisition 66db04abbf0a19d8769e6cb0
[2024-09-06T17:47:38.261+0000] {core_li.py:23} INFO - Successfully updated job requisition 66db04abbf0a19d8769e6cb2
[2024-09-06T17:47:38.270+0000] {core_li.py:23} INFO - Successfully updated job requisition 66db04abbf0a19d8769e6cb4
[2024-09-06T17:47:38.277+0000] {core_li.py:23} INFO - Successfully updated job requisition 66db04abbf0a19d8769e6cb6
[2024-09-06T17:47:38.286+0000] {core_li.py:23} INFO - Successfully updated job requisition 66db04abbf0a19d8769e6cb8
[2024-09-06T17:47:38.293+0000] {core_li.py:23} INFO - Successfully updated job requisition 66db04abbf0a19d8769e6cba
[2024-09-06T17:47:38.302+0000] {core_li.py:23} INFO - Successfully updated job requisition 66db04abbf0a19d8769e6cbc
[2024-09-06T17:47:38.312+0000] {core_li.py:23} INFO - Successfully updated job requisition 66db04abbf0a19d8769e6cbe
[2024-09-06T17:47:38.324+0000] {core_li.py:23} INFO - Successfully updated job requisition 66db04abbf0a19d8769e6cc0
[2024-09-06T17:47:38.332+0000] {core_li.py:23} INFO - Successfully updated job requisition 66db04abbf0a19d8769e6cc2
[2024-09-06T17:47:38.339+0000] {core_li.py:23} INFO - Successfully updated job requisition 66db04abbf0a19d8769e6cc4
[2024-09-06T17:47:38.347+0000] {core_li.py:23} INFO - Successfully updated job requisition 66db04abbf0a19d8769e6cc6
[2024-09-06T17:47:38.358+0000] {core_li.py:23} INFO - Successfully updated job requisition 66db04abbf0a19d8769e6cc8
[2024-09-06T17:47:38.366+0000] {core_li.py:23} INFO - Successfully updated job requisition 66db04abbf0a19d8769e6cca
[2024-09-06T17:47:38.386+0000] {core_li.py:23} INFO - Successfully updated job requisition 66db04abbf0a19d8769e6ccc
[2024-09-06T17:47:38.393+0000] {core_li.py:23} INFO - Successfully updated job requisition 66db04abbf0a19d8769e6cce
[2024-09-06T17:47:38.402+0000] {core_li.py:23} INFO - Successfully updated job requisition 66db04abbf0a19d8769e6cd0
[2024-09-06T17:47:38.408+0000] {core_li.py:23} INFO - Successfully updated job requisition 66db04abbf0a19d8769e6cd2
[2024-09-06T17:47:38.419+0000] {core_li.py:23} INFO - Successfully updated job requisition 66db04abbf0a19d8769e6cd4
[2024-09-06T17:47:38.425+0000] {core_li.py:23} INFO - Successfully updated job requisition 66db04abbf0a19d8769e6cd6
[2024-09-06T17:47:38.433+0000] {core_li.py:23} INFO - Successfully updated job requisition 66db04abbf0a19d8769e6cd8
[2024-09-06T17:47:38.442+0000] {core_li.py:23} INFO - Successfully updated job requisition 66db04abbf0a19d8769e6cda
[2024-09-06T17:47:38.452+0000] {core_li.py:23} INFO - Successfully updated job requisition 66db04abbf0a19d8769e6cdc
[2024-09-06T17:47:38.460+0000] {core_li.py:23} INFO - Successfully updated job requisition 66db04abbf0a19d8769e6cde
[2024-09-06T17:47:38.471+0000] {core_li.py:23} INFO - Successfully updated job requisition 66db04abbf0a19d8769e6ce0
[2024-09-06T17:47:38.486+0000] {core_li.py:23} INFO - Successfully updated job requisition 66db04abbf0a19d8769e6ce2
[2024-09-06T17:47:38.497+0000] {core_li.py:23} INFO - Successfully updated job requisition 66db04abbf0a19d8769e6ce4
[2024-09-06T17:47:38.521+0000] {core_li.py:23} INFO - Successfully updated job requisition 66db04abbf0a19d8769e6ce6
[2024-09-06T17:47:38.547+0000] {core_li.py:23} INFO - Successfully updated job requisition 66db04abbf0a19d8769e6ce8
[2024-09-06T17:47:38.559+0000] {core_li.py:23} INFO - Successfully updated job requisition 66db04abbf0a19d8769e6cea
[2024-09-06T17:47:38.567+0000] {core_li.py:23} INFO - Successfully updated job requisition 66db04abbf0a19d8769e6cec
[2024-09-06T17:47:38.576+0000] {core_li.py:23} INFO - Successfully updated job requisition 66db04abbf0a19d8769e6cee
[2024-09-06T17:47:38.584+0000] {core_li.py:23} INFO - Successfully updated job requisition 66db04abbf0a19d8769e6cf0
[2024-09-06T17:47:38.593+0000] {core_li.py:23} INFO - Successfully updated job requisition 66db04abbf0a19d8769e6cf2
[2024-09-06T17:47:38.601+0000] {core_li.py:23} INFO - Successfully updated job requisition 66db04abbf0a19d8769e6cf4
[2024-09-06T17:47:38.609+0000] {core_li.py:23} INFO - Successfully updated job requisition 66db04abbf0a19d8769e6cf6
[2024-09-06T17:47:38.618+0000] {core_li.py:23} INFO - Successfully updated job requisition 66db04abbf0a19d8769e6cf8
[2024-09-06T17:47:38.628+0000] {core_li.py:23} INFO - Successfully updated job requisition 66db04abbf0a19d8769e6cfa
[2024-09-06T17:47:38.634+0000] {core_li.py:23} INFO - Successfully updated job requisition 66db04abbf0a19d8769e6cfc
[2024-09-06T17:47:38.641+0000] {core_li.py:23} INFO - Successfully updated job requisition 66db04abbf0a19d8769e6cfe
[2024-09-06T17:47:38.652+0000] {core_li.py:23} INFO - Successfully updated job requisition 66db04abbf0a19d8769e6d00
[2024-09-06T17:47:38.661+0000] {core_li.py:23} INFO - Successfully updated job requisition 66db04abbf0a19d8769e6d02
[2024-09-06T17:47:38.673+0000] {core_li.py:23} INFO - Successfully updated job requisition 66db04abbf0a19d8769e6d04
[2024-09-06T17:47:38.680+0000] {core_li.py:23} INFO - Successfully updated job requisition 66db04abbf0a19d8769e6d06
[2024-09-06T17:47:38.687+0000] {core_li.py:23} INFO - Successfully updated job requisition 66db04abbf0a19d8769e6d08
[2024-09-06T17:47:38.696+0000] {core_li.py:23} INFO - Successfully updated job requisition 66db04abbf0a19d8769e6d0a
[2024-09-06T17:47:38.703+0000] {core_li.py:23} INFO - Successfully updated job requisition 66db04abbf0a19d8769e6d0c
[2024-09-06T17:47:38.720+0000] {core_li.py:23} INFO - Successfully updated job requisition 66db04abbf0a19d8769e6d0e
[2024-09-06T17:47:38.726+0000] {core_li.py:23} INFO - Successfully updated job requisition 66db04abbf0a19d8769e6d10
[2024-09-06T17:47:38.734+0000] {core_li.py:23} INFO - Successfully updated job requisition 66db04abbf0a19d8769e6d12
[2024-09-06T17:47:38.741+0000] {core_li.py:23} INFO - Successfully updated job requisition 66db04abbf0a19d8769e6d14
[2024-09-06T17:47:38.751+0000] {core_li.py:23} INFO - Successfully updated job requisition 66db04abbf0a19d8769e6d16
[2024-09-06T17:47:38.759+0000] {core_li.py:23} INFO - Successfully updated job requisition 66db04abbf0a19d8769e6d18
[2024-09-06T17:47:38.767+0000] {core_li.py:23} INFO - Successfully updated job requisition 66db04abbf0a19d8769e6d1a
[2024-09-06T17:47:38.779+0000] {core_li.py:23} INFO - Successfully updated job requisition 66db04abbf0a19d8769e6d1c
[2024-09-06T17:47:38.786+0000] {core_li.py:23} INFO - Successfully updated job requisition 66db04abbf0a19d8769e6d1e
[2024-09-06T17:47:38.794+0000] {core_li.py:23} INFO - Successfully updated job requisition 66db04abbf0a19d8769e6d20
[2024-09-06T17:47:38.802+0000] {core_li.py:23} INFO - Successfully updated job requisition 66db04abbf0a19d8769e6d22
[2024-09-06T17:47:38.812+0000] {core_li.py:23} INFO - Successfully updated job requisition 66db04abbf0a19d8769e6d24
[2024-09-06T17:47:38.821+0000] {core_li.py:23} INFO - Successfully updated job requisition 66db04abbf0a19d8769e6d26
[2024-09-06T17:47:38.829+0000] {core_li.py:23} INFO - Successfully updated job requisition 66db04abbf0a19d8769e6d28
[2024-09-06T17:47:38.839+0000] {core_li.py:23} INFO - Successfully updated job requisition 66db04abbf0a19d8769e6d2a
[2024-09-06T17:47:38.846+0000] {core_li.py:23} INFO - Successfully updated job requisition 66db04abbf0a19d8769e6d2c
[2024-09-06T17:47:38.855+0000] {core_li.py:23} INFO - Successfully updated job requisition 66db04abbf0a19d8769e6d2e
[2024-09-06T17:47:38.863+0000] {core_li.py:23} INFO - Successfully updated job requisition 66db04abbf0a19d8769e6d30
[2024-09-06T17:47:38.873+0000] {core_li.py:23} INFO - Successfully updated job requisition 66db04abbf0a19d8769e6d32
[2024-09-06T17:47:38.881+0000] {core_li.py:23} INFO - Successfully updated job requisition 66db04abbf0a19d8769e6d34
[2024-09-06T17:47:38.889+0000] {core_li.py:23} INFO - Successfully updated job requisition 66db04abbf0a19d8769e6d36
[2024-09-06T17:47:38.903+0000] {core_li.py:23} INFO - Successfully updated job requisition 66db04abbf0a19d8769e6d38
[2024-09-06T17:47:38.915+0000] {core_li.py:23} INFO - Successfully updated job requisition 66db04abbf0a19d8769e6d3a
[2024-09-06T17:47:38.924+0000] {core_li.py:23} INFO - Successfully updated job requisition 66db04abbf0a19d8769e6d3c
[2024-09-06T17:47:38.930+0000] {core_li.py:23} INFO - Successfully updated job requisition 66db04abbf0a19d8769e6d3e
[2024-09-06T17:47:38.937+0000] {core_li.py:23} INFO - Successfully updated job requisition 66db04abbf0a19d8769e6d40
[2024-09-06T17:47:38.946+0000] {core_li.py:23} INFO - Successfully updated job requisition 66db04abbf0a19d8769e6d42
[2024-09-06T17:47:38.959+0000] {core_li.py:23} INFO - Successfully updated job requisition 66db04abbf0a19d8769e6d44
[2024-09-06T17:47:38.965+0000] {core_li.py:23} INFO - Successfully updated job requisition 66db04abbf0a19d8769e6d46
[2024-09-06T17:47:38.972+0000] {core_li.py:23} INFO - Successfully updated job requisition 66db04abbf0a19d8769e6d48
[2024-09-06T17:47:38.981+0000] {core_li.py:23} INFO - Successfully updated job requisition 66db04abbf0a19d8769e6d4a
[2024-09-06T17:47:38.988+0000] {core_li.py:23} INFO - Successfully updated job requisition 66db04abbf0a19d8769e6d4c
[2024-09-06T17:47:38.998+0000] {core_li.py:23} INFO - Successfully updated job requisition 66db04abbf0a19d8769e6d4e
[2024-09-06T17:47:39.004+0000] {core_li.py:23} INFO - Successfully updated job requisition 66db04abbf0a19d8769e6d50
[2024-09-06T17:47:39.016+0000] {core_li.py:23} INFO - Successfully updated job requisition 66db04abbf0a19d8769e6d52
[2024-09-06T17:47:39.025+0000] {core_li.py:23} INFO - Successfully updated job requisition 66db04abbf0a19d8769e6d54
[2024-09-06T17:47:39.031+0000] {core_li.py:23} INFO - Successfully updated job requisition 66db04abbf0a19d8769e6d56
[2024-09-06T17:47:39.038+0000] {core_li.py:23} INFO - Successfully updated job requisition 66db04abbf0a19d8769e6d58
[2024-09-06T17:47:39.039+0000] {python.py:240} INFO - Done. Returned value was: 100
[2024-09-06T17:47:39.062+0000] {taskinstance.py:340} INFO - ::group::Post task execution logs
[2024-09-06T17:47:39.062+0000] {taskinstance.py:352} INFO - Marking task as SUCCESS. dag_id=async_flow, task_id=task_backfill_number_of_cancelled_candidates_in_batch, run_id=manual__2024-09-06T17:47:30.120511+00:00, map_index=42, execution_date=20240906T174730, start_date=20240906T174737, end_date=20240906T174739
[2024-09-06T17:47:39.120+0000] {local_task_job_runner.py:266} INFO - Task exited with return code 0
[2024-09-06T17:47:39.137+0000] {taskinstance.py:3900} INFO - 0 downstream tasks scheduled from follow-on schedule check
[2024-09-06T17:47:39.141+0000] {local_task_job_runner.py:245} INFO - ::endgroup::
