[2024-09-06T17:47:34.817+0000] {local_task_job_runner.py:123} INFO - ::group::Pre task execution logs
[2024-09-06T17:47:34.852+0000] {taskinstance.py:2612} INFO - Dependencies all met for dep_context=non-requeueable deps ti=<TaskInstance: async_flow.task_backfill_number_of_cancelled_candidates_in_batch manual__2024-09-06T17:47:30.120511+00:00 map_index=20 [queued]>
[2024-09-06T17:47:34.860+0000] {taskinstance.py:2612} INFO - Dependencies all met for dep_context=requeueable deps ti=<TaskInstance: async_flow.task_backfill_number_of_cancelled_candidates_in_batch manual__2024-09-06T17:47:30.120511+00:00 map_index=20 [queued]>
[2024-09-06T17:47:34.860+0000] {taskinstance.py:2865} INFO - Starting attempt 1 of 1
[2024-09-06T17:47:34.880+0000] {taskinstance.py:2888} INFO - Executing <Mapped(_PythonDecoratedOperator): task_backfill_number_of_cancelled_candidates_in_batch> on 2024-09-06 17:47:30.120511+00:00
[2024-09-06T17:47:34.889+0000] {warnings.py:112} WARNING - /home/***/.local/lib/python3.12/site-packages/***/task/task_runner/standard_task_runner.py:70: DeprecationWarning: This process (pid=1147) is multi-threaded, use of fork() may lead to deadlocks in the child.
  pid = os.fork()

[2024-09-06T17:47:34.892+0000] {standard_task_runner.py:72} INFO - Started process 1210 to run task
[2024-09-06T17:47:34.897+0000] {standard_task_runner.py:104} INFO - Running: ['***', 'tasks', 'run', 'async_flow', 'task_backfill_number_of_cancelled_candidates_in_batch', 'manual__2024-09-06T17:47:30.120511+00:00', '--job-id', '348', '--raw', '--subdir', 'DAGS_FOLDER/dags_async_flow.py', '--cfg-path', '/tmp/tmpufj59132', '--map-index', '20']
[2024-09-06T17:47:34.899+0000] {standard_task_runner.py:105} INFO - Job 348: Subtask task_backfill_number_of_cancelled_candidates_in_batch
[2024-09-06T17:47:34.974+0000] {task_command.py:467} INFO - Running <TaskInstance: async_flow.task_backfill_number_of_cancelled_candidates_in_batch manual__2024-09-06T17:47:30.120511+00:00 map_index=20 [running]> on host 0817eb6c24af
[2024-09-06T17:47:35.105+0000] {taskinstance.py:3131} INFO - Exporting env vars: AIRFLOW_CTX_DAG_OWNER='***' AIRFLOW_CTX_DAG_ID='async_flow' AIRFLOW_CTX_TASK_ID='task_backfill_number_of_cancelled_candidates_in_batch' AIRFLOW_CTX_EXECUTION_DATE='2024-09-06T17:47:30.120511+00:00' AIRFLOW_CTX_TRY_NUMBER='1' AIRFLOW_CTX_DAG_RUN_ID='manual__2024-09-06T17:47:30.120511+00:00'
[2024-09-06T17:47:35.108+0000] {taskinstance.py:731} INFO - ::endgroup::
[2024-09-06T17:47:35.131+0000] {core_li.py:23} INFO - Successfully updated job requisition 66db04abbf0a19d8769e7782
[2024-09-06T17:47:35.154+0000] {core_li.py:23} INFO - Successfully updated job requisition 66db04abbf0a19d8769e7784
[2024-09-06T17:47:35.170+0000] {core_li.py:23} INFO - Successfully updated job requisition 66db04abbf0a19d8769e7786
[2024-09-06T17:47:35.190+0000] {core_li.py:23} INFO - Successfully updated job requisition 66db04abbf0a19d8769e7788
[2024-09-06T17:47:35.203+0000] {core_li.py:23} INFO - Successfully updated job requisition 66db04abbf0a19d8769e778a
[2024-09-06T17:47:35.234+0000] {core_li.py:23} INFO - Successfully updated job requisition 66db04abbf0a19d8769e778c
[2024-09-06T17:47:35.242+0000] {core_li.py:23} INFO - Successfully updated job requisition 66db04abbf0a19d8769e778e
[2024-09-06T17:47:35.262+0000] {core_li.py:23} INFO - Successfully updated job requisition 66db04abbf0a19d8769e7790
[2024-09-06T17:47:35.290+0000] {core_li.py:23} INFO - Successfully updated job requisition 66db04abbf0a19d8769e7792
[2024-09-06T17:47:35.299+0000] {core_li.py:23} INFO - Successfully updated job requisition 66db04abbf0a19d8769e7794
[2024-09-06T17:47:35.312+0000] {core_li.py:23} INFO - Successfully updated job requisition 66db04abbf0a19d8769e7796
[2024-09-06T17:47:35.326+0000] {core_li.py:23} INFO - Successfully updated job requisition 66db04abbf0a19d8769e7798
[2024-09-06T17:47:35.361+0000] {core_li.py:23} INFO - Successfully updated job requisition 66db04abbf0a19d8769e779a
[2024-09-06T17:47:35.387+0000] {core_li.py:23} INFO - Successfully updated job requisition 66db04abbf0a19d8769e779c
[2024-09-06T17:47:35.400+0000] {core_li.py:23} INFO - Successfully updated job requisition 66db04abbf0a19d8769e779e
[2024-09-06T17:47:35.422+0000] {core_li.py:23} INFO - Successfully updated job requisition 66db04abbf0a19d8769e77a0
[2024-09-06T17:47:35.432+0000] {core_li.py:23} INFO - Successfully updated job requisition 66db04abbf0a19d8769e77a2
[2024-09-06T17:47:35.456+0000] {core_li.py:23} INFO - Successfully updated job requisition 66db04abbf0a19d8769e77a4
[2024-09-06T17:47:35.467+0000] {core_li.py:23} INFO - Successfully updated job requisition 66db04abbf0a19d8769e77a6
[2024-09-06T17:47:35.482+0000] {core_li.py:23} INFO - Successfully updated job requisition 66db04abbf0a19d8769e77a8
[2024-09-06T17:47:35.496+0000] {core_li.py:23} INFO - Successfully updated job requisition 66db04abbf0a19d8769e77aa
[2024-09-06T17:47:35.508+0000] {core_li.py:23} INFO - Successfully updated job requisition 66db04abbf0a19d8769e77ac
[2024-09-06T17:47:35.519+0000] {core_li.py:23} INFO - Successfully updated job requisition 66db04abbf0a19d8769e77ae
[2024-09-06T17:47:35.533+0000] {core_li.py:23} INFO - Successfully updated job requisition 66db04abbf0a19d8769e77b0
[2024-09-06T17:47:35.546+0000] {core_li.py:23} INFO - Successfully updated job requisition 66db04abbf0a19d8769e77b2
[2024-09-06T17:47:35.556+0000] {core_li.py:23} INFO - Successfully updated job requisition 66db04abbf0a19d8769e77b4
[2024-09-06T17:47:35.572+0000] {core_li.py:23} INFO - Successfully updated job requisition 66db04abbf0a19d8769e77b6
[2024-09-06T17:47:35.582+0000] {core_li.py:23} INFO - Successfully updated job requisition 66db04abbf0a19d8769e77b8
[2024-09-06T17:47:35.593+0000] {core_li.py:23} INFO - Successfully updated job requisition 66db04abbf0a19d8769e77ba
[2024-09-06T17:47:35.601+0000] {core_li.py:23} INFO - Successfully updated job requisition 66db04abbf0a19d8769e77bc
[2024-09-06T17:47:35.611+0000] {core_li.py:23} INFO - Successfully updated job requisition 66db04abbf0a19d8769e77be
[2024-09-06T17:47:35.618+0000] {core_li.py:23} INFO - Successfully updated job requisition 66db04abbf0a19d8769e77c0
[2024-09-06T17:47:35.625+0000] {core_li.py:23} INFO - Successfully updated job requisition 66db04abbf0a19d8769e77c2
[2024-09-06T17:47:35.635+0000] {core_li.py:23} INFO - Successfully updated job requisition 66db04abbf0a19d8769e77c4
[2024-09-06T17:47:35.643+0000] {core_li.py:23} INFO - Successfully updated job requisition 66db04abbf0a19d8769e77c6
[2024-09-06T17:47:35.652+0000] {core_li.py:23} INFO - Successfully updated job requisition 66db04abbf0a19d8769e77c8
[2024-09-06T17:47:35.662+0000] {core_li.py:23} INFO - Successfully updated job requisition 66db04abbf0a19d8769e77ca
[2024-09-06T17:47:35.676+0000] {core_li.py:23} INFO - Successfully updated job requisition 66db04abbf0a19d8769e77cc
[2024-09-06T17:47:35.694+0000] {core_li.py:23} INFO - Successfully updated job requisition 66db04abbf0a19d8769e77ce
[2024-09-06T17:47:35.704+0000] {core_li.py:23} INFO - Successfully updated job requisition 66db04abbf0a19d8769e77d0
[2024-09-06T17:47:35.724+0000] {core_li.py:23} INFO - Successfully updated job requisition 66db04abbf0a19d8769e77d2
[2024-09-06T17:47:35.740+0000] {core_li.py:23} INFO - Successfully updated job requisition 66db04abbf0a19d8769e77d4
[2024-09-06T17:47:35.751+0000] {core_li.py:23} INFO - Successfully updated job requisition 66db04abbf0a19d8769e77d6
[2024-09-06T17:47:35.757+0000] {core_li.py:23} INFO - Successfully updated job requisition 66db04abbf0a19d8769e77d8
[2024-09-06T17:47:35.770+0000] {core_li.py:23} INFO - Successfully updated job requisition 66db04abbf0a19d8769e77da
[2024-09-06T17:47:35.790+0000] {core_li.py:23} INFO - Successfully updated job requisition 66db04abbf0a19d8769e77dc
[2024-09-06T17:47:35.798+0000] {core_li.py:23} INFO - Successfully updated job requisition 66db04abbf0a19d8769e77de
[2024-09-06T17:47:35.810+0000] {core_li.py:23} INFO - Successfully updated job requisition 66db04abbf0a19d8769e77e0
[2024-09-06T17:47:35.822+0000] {core_li.py:23} INFO - Successfully updated job requisition 66db04abbf0a19d8769e77e2
[2024-09-06T17:47:35.828+0000] {core_li.py:23} INFO - Successfully updated job requisition 66db04abbf0a19d8769e77e4
[2024-09-06T17:47:35.837+0000] {core_li.py:23} INFO - Successfully updated job requisition 66db04abbf0a19d8769e77e6
[2024-09-06T17:47:35.850+0000] {core_li.py:23} INFO - Successfully updated job requisition 66db04abbf0a19d8769e77e8
[2024-09-06T17:47:35.861+0000] {core_li.py:23} INFO - Successfully updated job requisition 66db04abbf0a19d8769e77ea
[2024-09-06T17:47:35.869+0000] {core_li.py:23} INFO - Successfully updated job requisition 66db04abbf0a19d8769e77ec
[2024-09-06T17:47:35.881+0000] {core_li.py:23} INFO - Successfully updated job requisition 66db04abbf0a19d8769e77ee
[2024-09-06T17:47:35.890+0000] {core_li.py:23} INFO - Successfully updated job requisition 66db04abbf0a19d8769e77f0
[2024-09-06T17:47:35.899+0000] {core_li.py:23} INFO - Successfully updated job requisition 66db04abbf0a19d8769e77f2
[2024-09-06T17:47:35.907+0000] {core_li.py:23} INFO - Successfully updated job requisition 66db04abbf0a19d8769e77f4
[2024-09-06T17:47:35.916+0000] {core_li.py:23} INFO - Successfully updated job requisition 66db04abbf0a19d8769e77f6
[2024-09-06T17:47:35.926+0000] {core_li.py:23} INFO - Successfully updated job requisition 66db04abbf0a19d8769e77f8
[2024-09-06T17:47:35.938+0000] {core_li.py:23} INFO - Successfully updated job requisition 66db04abbf0a19d8769e77fa
[2024-09-06T17:47:35.949+0000] {core_li.py:23} INFO - Successfully updated job requisition 66db04abbf0a19d8769e77fc
[2024-09-06T17:47:35.963+0000] {core_li.py:23} INFO - Successfully updated job requisition 66db04abbf0a19d8769e77fe
[2024-09-06T17:47:35.976+0000] {core_li.py:23} INFO - Successfully updated job requisition 66db04abbf0a19d8769e7800
[2024-09-06T17:47:35.986+0000] {core_li.py:23} INFO - Successfully updated job requisition 66db04abbf0a19d8769e7802
[2024-09-06T17:47:35.996+0000] {core_li.py:23} INFO - Successfully updated job requisition 66db04abbf0a19d8769e7804
[2024-09-06T17:47:36.007+0000] {core_li.py:23} INFO - Successfully updated job requisition 66db04abbf0a19d8769e7806
[2024-09-06T17:47:36.018+0000] {core_li.py:23} INFO - Successfully updated job requisition 66db04abbf0a19d8769e7808
[2024-09-06T17:47:36.029+0000] {core_li.py:23} INFO - Successfully updated job requisition 66db04abbf0a19d8769e780a
[2024-09-06T17:47:36.043+0000] {core_li.py:23} INFO - Successfully updated job requisition 66db04abbf0a19d8769e780c
[2024-09-06T17:47:36.053+0000] {core_li.py:23} INFO - Successfully updated job requisition 66db04abbf0a19d8769e780e
[2024-09-06T17:47:36.061+0000] {core_li.py:23} INFO - Successfully updated job requisition 66db04abbf0a19d8769e7810
[2024-09-06T17:47:36.071+0000] {core_li.py:23} INFO - Successfully updated job requisition 66db04abbf0a19d8769e7812
[2024-09-06T17:47:36.080+0000] {core_li.py:23} INFO - Successfully updated job requisition 66db04abbf0a19d8769e7814
[2024-09-06T17:47:36.090+0000] {core_li.py:23} INFO - Successfully updated job requisition 66db04abbf0a19d8769e7816
[2024-09-06T17:47:36.096+0000] {core_li.py:23} INFO - Successfully updated job requisition 66db04abbf0a19d8769e7818
[2024-09-06T17:47:36.110+0000] {core_li.py:23} INFO - Successfully updated job requisition 66db04abbf0a19d8769e781a
[2024-09-06T17:47:36.121+0000] {core_li.py:23} INFO - Successfully updated job requisition 66db04abbf0a19d8769e781c
[2024-09-06T17:47:36.130+0000] {core_li.py:23} INFO - Successfully updated job requisition 66db04abbf0a19d8769e781e
[2024-09-06T17:47:36.139+0000] {core_li.py:23} INFO - Successfully updated job requisition 66db04abbf0a19d8769e7820
[2024-09-06T17:47:36.153+0000] {core_li.py:23} INFO - Successfully updated job requisition 66db04abbf0a19d8769e7822
[2024-09-06T17:47:36.168+0000] {core_li.py:23} INFO - Successfully updated job requisition 66db04abbf0a19d8769e7824
[2024-09-06T17:47:36.193+0000] {core_li.py:23} INFO - Successfully updated job requisition 66db04abbf0a19d8769e7826
[2024-09-06T17:47:36.216+0000] {core_li.py:23} INFO - Successfully updated job requisition 66db04abbf0a19d8769e7828
[2024-09-06T17:47:36.242+0000] {core_li.py:23} INFO - Successfully updated job requisition 66db04abbf0a19d8769e782a
[2024-09-06T17:47:36.266+0000] {core_li.py:23} INFO - Successfully updated job requisition 66db04abbf0a19d8769e782c
[2024-09-06T17:47:36.286+0000] {core_li.py:23} INFO - Successfully updated job requisition 66db04abbf0a19d8769e782e
[2024-09-06T17:47:36.313+0000] {core_li.py:23} INFO - Successfully updated job requisition 66db04abbf0a19d8769e7830
[2024-09-06T17:47:36.323+0000] {core_li.py:23} INFO - Successfully updated job requisition 66db04abbf0a19d8769e7832
[2024-09-06T17:47:36.334+0000] {core_li.py:23} INFO - Successfully updated job requisition 66db04abbf0a19d8769e7834
[2024-09-06T17:47:36.344+0000] {core_li.py:23} INFO - Successfully updated job requisition 66db04abbf0a19d8769e7836
[2024-09-06T17:47:36.354+0000] {core_li.py:23} INFO - Successfully updated job requisition 66db04abbf0a19d8769e7838
[2024-09-06T17:47:36.375+0000] {core_li.py:23} INFO - Successfully updated job requisition 66db04abbf0a19d8769e783a
[2024-09-06T17:47:36.387+0000] {core_li.py:23} INFO - Successfully updated job requisition 66db04abbf0a19d8769e783c
[2024-09-06T17:47:36.402+0000] {core_li.py:23} INFO - Successfully updated job requisition 66db04abbf0a19d8769e783e
[2024-09-06T17:47:36.416+0000] {core_li.py:23} INFO - Successfully updated job requisition 66db04abbf0a19d8769e7840
[2024-09-06T17:47:36.423+0000] {core_li.py:23} INFO - Successfully updated job requisition 66db04abbf0a19d8769e7842
[2024-09-06T17:47:36.431+0000] {core_li.py:23} INFO - Successfully updated job requisition 66db04abbf0a19d8769e7844
[2024-09-06T17:47:36.444+0000] {core_li.py:23} INFO - Successfully updated job requisition 66db04abbf0a19d8769e7846
[2024-09-06T17:47:36.454+0000] {core_li.py:23} INFO - Successfully updated job requisition 66db04abbf0a19d8769e7848
[2024-09-06T17:47:36.458+0000] {python.py:240} INFO - Done. Returned value was: 100
[2024-09-06T17:47:36.491+0000] {taskinstance.py:340} INFO - ::group::Post task execution logs
[2024-09-06T17:47:36.492+0000] {taskinstance.py:352} INFO - Marking task as SUCCESS. dag_id=async_flow, task_id=task_backfill_number_of_cancelled_candidates_in_batch, run_id=manual__2024-09-06T17:47:30.120511+00:00, map_index=20, execution_date=20240906T174730, start_date=20240906T174734, end_date=20240906T174736
[2024-09-06T17:47:36.530+0000] {local_task_job_runner.py:266} INFO - Task exited with return code 0
[2024-09-06T17:47:36.565+0000] {taskinstance.py:3900} INFO - 0 downstream tasks scheduled from follow-on schedule check
[2024-09-06T17:47:36.567+0000] {local_task_job_runner.py:245} INFO - ::endgroup::
