[2024-09-06T17:29:45.824+0000] {local_task_job_runner.py:123} INFO - ::group::Pre task execution logs
[2024-09-06T17:29:45.844+0000] {taskinstance.py:2612} INFO - Dependencies all met for dep_context=non-requeueable deps ti=<TaskInstance: async_flow.task_backfill_number_of_cancelled_candidates_in_batch manual__2024-09-06T17:29:39.458358+00:00 map_index=31 [queued]>
[2024-09-06T17:29:45.856+0000] {taskinstance.py:2612} INFO - Dependencies all met for dep_context=requeueable deps ti=<TaskInstance: async_flow.task_backfill_number_of_cancelled_candidates_in_batch manual__2024-09-06T17:29:39.458358+00:00 map_index=31 [queued]>
[2024-09-06T17:29:45.860+0000] {taskinstance.py:2865} INFO - Starting attempt 1 of 1
[2024-09-06T17:29:45.874+0000] {taskinstance.py:2888} INFO - Executing <Mapped(_PythonDecoratedOperator): task_backfill_number_of_cancelled_candidates_in_batch> on 2024-09-06 17:29:39.458358+00:00
[2024-09-06T17:29:45.882+0000] {warnings.py:112} WARNING - /home/***/.local/lib/python3.12/site-packages/***/task/task_runner/standard_task_runner.py:70: DeprecationWarning: This process (pid=3278) is multi-threaded, use of fork() may lead to deadlocks in the child.
  pid = os.fork()

[2024-09-06T17:29:45.890+0000] {standard_task_runner.py:72} INFO - Started process 3312 to run task
[2024-09-06T17:29:45.891+0000] {standard_task_runner.py:104} INFO - Running: ['***', 'tasks', 'run', 'async_flow', 'task_backfill_number_of_cancelled_candidates_in_batch', 'manual__2024-09-06T17:29:39.458358+00:00', '--job-id', '153', '--raw', '--subdir', 'DAGS_FOLDER/dags_async_flow.py', '--cfg-path', '/tmp/tmpf903lgwm', '--map-index', '31']
[2024-09-06T17:29:45.896+0000] {standard_task_runner.py:105} INFO - Job 153: Subtask task_backfill_number_of_cancelled_candidates_in_batch
[2024-09-06T17:29:45.950+0000] {task_command.py:467} INFO - Running <TaskInstance: async_flow.task_backfill_number_of_cancelled_candidates_in_batch manual__2024-09-06T17:29:39.458358+00:00 map_index=31 [running]> on host a3a5f1897683
[2024-09-06T17:29:46.028+0000] {taskinstance.py:3131} INFO - Exporting env vars: AIRFLOW_CTX_DAG_OWNER='***' AIRFLOW_CTX_DAG_ID='async_flow' AIRFLOW_CTX_TASK_ID='task_backfill_number_of_cancelled_candidates_in_batch' AIRFLOW_CTX_EXECUTION_DATE='2024-09-06T17:29:39.458358+00:00' AIRFLOW_CTX_TRY_NUMBER='1' AIRFLOW_CTX_DAG_RUN_ID='manual__2024-09-06T17:29:39.458358+00:00'
[2024-09-06T17:29:46.031+0000] {taskinstance.py:731} INFO - ::endgroup::
[2024-09-06T17:29:46.045+0000] {core_li.py:23} INFO - Successfully updated job requisition 66db04acbf0a19d8769e801a
[2024-09-06T17:29:46.055+0000] {core_li.py:23} INFO - Successfully updated job requisition 66db04acbf0a19d8769e801c
[2024-09-06T17:29:46.063+0000] {core_li.py:23} INFO - Successfully updated job requisition 66db04acbf0a19d8769e801e
[2024-09-06T17:29:46.073+0000] {core_li.py:23} INFO - Successfully updated job requisition 66db04acbf0a19d8769e8020
[2024-09-06T17:29:46.083+0000] {core_li.py:23} INFO - Successfully updated job requisition 66db04acbf0a19d8769e8022
[2024-09-06T17:29:46.095+0000] {core_li.py:23} INFO - Successfully updated job requisition 66db04acbf0a19d8769e8024
[2024-09-06T17:29:46.113+0000] {core_li.py:23} INFO - Successfully updated job requisition 66db04acbf0a19d8769e8026
[2024-09-06T17:29:46.127+0000] {core_li.py:23} INFO - Successfully updated job requisition 66db04acbf0a19d8769e8028
[2024-09-06T17:29:46.135+0000] {core_li.py:23} INFO - Successfully updated job requisition 66db04acbf0a19d8769e802a
[2024-09-06T17:29:46.153+0000] {core_li.py:23} INFO - Successfully updated job requisition 66db04acbf0a19d8769e802c
[2024-09-06T17:29:46.167+0000] {core_li.py:23} INFO - Successfully updated job requisition 66db04acbf0a19d8769e802e
[2024-09-06T17:29:46.177+0000] {core_li.py:23} INFO - Successfully updated job requisition 66db04acbf0a19d8769e8030
[2024-09-06T17:29:46.186+0000] {core_li.py:23} INFO - Successfully updated job requisition 66db04acbf0a19d8769e8032
[2024-09-06T17:29:46.198+0000] {core_li.py:23} INFO - Successfully updated job requisition 66db04acbf0a19d8769e8034
[2024-09-06T17:29:46.205+0000] {core_li.py:23} INFO - Successfully updated job requisition 66db04acbf0a19d8769e8036
[2024-09-06T17:29:46.214+0000] {core_li.py:23} INFO - Successfully updated job requisition 66db04acbf0a19d8769e8038
[2024-09-06T17:29:46.223+0000] {core_li.py:23} INFO - Successfully updated job requisition 66db04acbf0a19d8769e803a
[2024-09-06T17:29:46.233+0000] {core_li.py:23} INFO - Successfully updated job requisition 66db04acbf0a19d8769e803c
[2024-09-06T17:29:46.242+0000] {core_li.py:23} INFO - Successfully updated job requisition 66db04acbf0a19d8769e803e
[2024-09-06T17:29:46.249+0000] {core_li.py:23} INFO - Successfully updated job requisition 66db04acbf0a19d8769e8040
[2024-09-06T17:29:46.258+0000] {core_li.py:23} INFO - Successfully updated job requisition 66db04acbf0a19d8769e8042
[2024-09-06T17:29:46.264+0000] {core_li.py:23} INFO - Successfully updated job requisition 66db04acbf0a19d8769e8044
[2024-09-06T17:29:46.275+0000] {core_li.py:23} INFO - Successfully updated job requisition 66db04acbf0a19d8769e8046
[2024-09-06T17:29:46.282+0000] {core_li.py:23} INFO - Successfully updated job requisition 66db04acbf0a19d8769e8048
[2024-09-06T17:29:46.291+0000] {core_li.py:23} INFO - Successfully updated job requisition 66db04acbf0a19d8769e804a
[2024-09-06T17:29:46.303+0000] {core_li.py:23} INFO - Successfully updated job requisition 66db04acbf0a19d8769e804c
[2024-09-06T17:29:46.318+0000] {core_li.py:23} INFO - Successfully updated job requisition 66db04acbf0a19d8769e804e
[2024-09-06T17:29:46.331+0000] {core_li.py:23} INFO - Successfully updated job requisition 66db04acbf0a19d8769e8050
[2024-09-06T17:29:46.343+0000] {core_li.py:23} INFO - Successfully updated job requisition 66db04acbf0a19d8769e8052
[2024-09-06T17:29:46.355+0000] {core_li.py:23} INFO - Successfully updated job requisition 66db04acbf0a19d8769e8054
[2024-09-06T17:29:46.367+0000] {core_li.py:23} INFO - Successfully updated job requisition 66db04acbf0a19d8769e8056
[2024-09-06T17:29:46.375+0000] {core_li.py:23} INFO - Successfully updated job requisition 66db04acbf0a19d8769e8058
[2024-09-06T17:29:46.381+0000] {core_li.py:23} INFO - Successfully updated job requisition 66db04acbf0a19d8769e805a
[2024-09-06T17:29:46.390+0000] {core_li.py:23} INFO - Successfully updated job requisition 66db04acbf0a19d8769e805c
[2024-09-06T17:29:46.397+0000] {core_li.py:23} INFO - Successfully updated job requisition 66db04acbf0a19d8769e805e
[2024-09-06T17:29:46.405+0000] {core_li.py:23} INFO - Successfully updated job requisition 66db04acbf0a19d8769e8060
[2024-09-06T17:29:46.412+0000] {core_li.py:23} INFO - Successfully updated job requisition 66db04acbf0a19d8769e8062
[2024-09-06T17:29:46.423+0000] {core_li.py:23} INFO - Successfully updated job requisition 66db04acbf0a19d8769e8064
[2024-09-06T17:29:46.430+0000] {core_li.py:23} INFO - Successfully updated job requisition 66db04acbf0a19d8769e8066
[2024-09-06T17:29:46.440+0000] {core_li.py:23} INFO - Successfully updated job requisition 66db04acbf0a19d8769e8068
[2024-09-06T17:29:46.450+0000] {core_li.py:23} INFO - Successfully updated job requisition 66db04acbf0a19d8769e806a
[2024-09-06T17:29:46.459+0000] {core_li.py:23} INFO - Successfully updated job requisition 66db04acbf0a19d8769e806c
[2024-09-06T17:29:46.465+0000] {core_li.py:23} INFO - Successfully updated job requisition 66db04acbf0a19d8769e806e
[2024-09-06T17:29:46.473+0000] {core_li.py:23} INFO - Successfully updated job requisition 66db04acbf0a19d8769e8070
[2024-09-06T17:29:46.481+0000] {core_li.py:23} INFO - Successfully updated job requisition 66db04acbf0a19d8769e8072
[2024-09-06T17:29:46.491+0000] {core_li.py:23} INFO - Successfully updated job requisition 66db04acbf0a19d8769e8074
[2024-09-06T17:29:46.499+0000] {core_li.py:23} INFO - Successfully updated job requisition 66db04acbf0a19d8769e8076
[2024-09-06T17:29:46.507+0000] {core_li.py:23} INFO - Successfully updated job requisition 66db04acbf0a19d8769e8078
[2024-09-06T17:29:46.516+0000] {core_li.py:23} INFO - Successfully updated job requisition 66db04acbf0a19d8769e807a
[2024-09-06T17:29:46.523+0000] {core_li.py:23} INFO - Successfully updated job requisition 66db04acbf0a19d8769e807c
[2024-09-06T17:29:46.532+0000] {core_li.py:23} INFO - Successfully updated job requisition 66db04acbf0a19d8769e807e
[2024-09-06T17:29:46.539+0000] {core_li.py:23} INFO - Successfully updated job requisition 66db04acbf0a19d8769e8080
[2024-09-06T17:29:46.548+0000] {core_li.py:23} INFO - Successfully updated job requisition 66db04acbf0a19d8769e8082
[2024-09-06T17:29:46.555+0000] {core_li.py:23} INFO - Successfully updated job requisition 66db04acbf0a19d8769e8084
[2024-09-06T17:29:46.562+0000] {core_li.py:23} INFO - Successfully updated job requisition 66db04acbf0a19d8769e8086
[2024-09-06T17:29:46.571+0000] {core_li.py:23} INFO - Successfully updated job requisition 66db04acbf0a19d8769e8088
[2024-09-06T17:29:46.583+0000] {core_li.py:23} INFO - Successfully updated job requisition 66db04acbf0a19d8769e808a
[2024-09-06T17:29:46.590+0000] {core_li.py:23} INFO - Successfully updated job requisition 66db04acbf0a19d8769e808c
[2024-09-06T17:29:46.599+0000] {core_li.py:23} INFO - Successfully updated job requisition 66db04acbf0a19d8769e808e
[2024-09-06T17:29:46.607+0000] {core_li.py:23} INFO - Successfully updated job requisition 66db04acbf0a19d8769e8090
[2024-09-06T17:29:46.618+0000] {core_li.py:23} INFO - Successfully updated job requisition 66db04acbf0a19d8769e8092
[2024-09-06T17:29:46.627+0000] {core_li.py:23} INFO - Successfully updated job requisition 66db04acbf0a19d8769e8094
[2024-09-06T17:29:46.637+0000] {core_li.py:23} INFO - Successfully updated job requisition 66db04acbf0a19d8769e8096
[2024-09-06T17:29:46.646+0000] {core_li.py:23} INFO - Successfully updated job requisition 66db04acbf0a19d8769e8098
[2024-09-06T17:29:46.657+0000] {core_li.py:23} INFO - Successfully updated job requisition 66db04acbf0a19d8769e809a
[2024-09-06T17:29:46.666+0000] {core_li.py:23} INFO - Successfully updated job requisition 66db04acbf0a19d8769e809c
[2024-09-06T17:29:46.675+0000] {core_li.py:23} INFO - Successfully updated job requisition 66db04acbf0a19d8769e809e
[2024-09-06T17:29:46.683+0000] {core_li.py:23} INFO - Successfully updated job requisition 66db04acbf0a19d8769e80a0
[2024-09-06T17:29:46.696+0000] {core_li.py:23} INFO - Successfully updated job requisition 66db04acbf0a19d8769e80a2
[2024-09-06T17:29:46.703+0000] {core_li.py:23} INFO - Successfully updated job requisition 66db04acbf0a19d8769e80a4
[2024-09-06T17:29:46.714+0000] {core_li.py:23} INFO - Successfully updated job requisition 66db04acbf0a19d8769e80a6
[2024-09-06T17:29:46.724+0000] {core_li.py:23} INFO - Successfully updated job requisition 66db04acbf0a19d8769e80a8
[2024-09-06T17:29:46.730+0000] {core_li.py:23} INFO - Successfully updated job requisition 66db04acbf0a19d8769e80aa
[2024-09-06T17:29:46.737+0000] {core_li.py:23} INFO - Successfully updated job requisition 66db04acbf0a19d8769e80ac
[2024-09-06T17:29:46.743+0000] {core_li.py:23} INFO - Successfully updated job requisition 66db04acbf0a19d8769e80ae
[2024-09-06T17:29:46.748+0000] {core_li.py:23} INFO - Successfully updated job requisition 66db04acbf0a19d8769e80b0
[2024-09-06T17:29:46.755+0000] {core_li.py:23} INFO - Successfully updated job requisition 66db04acbf0a19d8769e80b2
[2024-09-06T17:29:46.762+0000] {core_li.py:23} INFO - Successfully updated job requisition 66db04acbf0a19d8769e80b4
[2024-09-06T17:29:46.769+0000] {core_li.py:23} INFO - Successfully updated job requisition 66db04acbf0a19d8769e80b6
[2024-09-06T17:29:46.776+0000] {core_li.py:23} INFO - Successfully updated job requisition 66db04acbf0a19d8769e80b8
[2024-09-06T17:29:46.782+0000] {core_li.py:23} INFO - Successfully updated job requisition 66db04acbf0a19d8769e80ba
[2024-09-06T17:29:46.787+0000] {core_li.py:23} INFO - Successfully updated job requisition 66db04acbf0a19d8769e80bc
[2024-09-06T17:29:46.792+0000] {core_li.py:23} INFO - Successfully updated job requisition 66db04acbf0a19d8769e80be
[2024-09-06T17:29:46.798+0000] {core_li.py:23} INFO - Successfully updated job requisition 66db04acbf0a19d8769e80c0
[2024-09-06T17:29:46.805+0000] {core_li.py:23} INFO - Successfully updated job requisition 66db04acbf0a19d8769e80c2
[2024-09-06T17:29:46.816+0000] {core_li.py:23} INFO - Successfully updated job requisition 66db04acbf0a19d8769e80c4
[2024-09-06T17:29:46.821+0000] {core_li.py:23} INFO - Successfully updated job requisition 66db04acbf0a19d8769e80c6
[2024-09-06T17:29:46.828+0000] {core_li.py:23} INFO - Successfully updated job requisition 66db04acbf0a19d8769e80c8
[2024-09-06T17:29:46.832+0000] {core_li.py:23} INFO - Successfully updated job requisition 66db04acbf0a19d8769e80ca
[2024-09-06T17:29:46.838+0000] {core_li.py:23} INFO - Successfully updated job requisition 66db04acbf0a19d8769e80cc
[2024-09-06T17:29:46.842+0000] {core_li.py:23} INFO - Successfully updated job requisition 66db04acbf0a19d8769e80ce
[2024-09-06T17:29:46.845+0000] {core_li.py:23} INFO - Successfully updated job requisition 66db04acbf0a19d8769e80d0
[2024-09-06T17:29:46.850+0000] {core_li.py:23} INFO - Successfully updated job requisition 66db04acbf0a19d8769e80d2
[2024-09-06T17:29:46.854+0000] {core_li.py:23} INFO - Successfully updated job requisition 66db04acbf0a19d8769e80d4
[2024-09-06T17:29:46.861+0000] {core_li.py:23} INFO - Successfully updated job requisition 66db04acbf0a19d8769e80d6
[2024-09-06T17:29:46.864+0000] {core_li.py:23} INFO - Successfully updated job requisition 66db04acbf0a19d8769e80d8
[2024-09-06T17:29:46.867+0000] {core_li.py:23} INFO - Successfully updated job requisition 66db04acbf0a19d8769e80da
[2024-09-06T17:29:46.871+0000] {core_li.py:23} INFO - Successfully updated job requisition 66db04acbf0a19d8769e80dc
[2024-09-06T17:29:46.875+0000] {core_li.py:23} INFO - Successfully updated job requisition 66db04acbf0a19d8769e80de
[2024-09-06T17:29:46.879+0000] {core_li.py:23} INFO - Successfully updated job requisition 66db04acbf0a19d8769e80e0
[2024-09-06T17:29:46.880+0000] {python.py:240} INFO - Done. Returned value was: 100
[2024-09-06T17:29:46.890+0000] {taskinstance.py:340} INFO - ::group::Post task execution logs
[2024-09-06T17:29:46.890+0000] {taskinstance.py:352} INFO - Marking task as SUCCESS. dag_id=async_flow, task_id=task_backfill_number_of_cancelled_candidates_in_batch, run_id=manual__2024-09-06T17:29:39.458358+00:00, map_index=31, execution_date=20240906T172939, start_date=20240906T172945, end_date=20240906T172946
[2024-09-06T17:29:46.905+0000] {local_task_job_runner.py:266} INFO - Task exited with return code 0
[2024-09-06T17:29:46.919+0000] {taskinstance.py:3900} INFO - 0 downstream tasks scheduled from follow-on schedule check
[2024-09-06T17:29:46.920+0000] {local_task_job_runner.py:245} INFO - ::endgroup::
