[2024-09-06T17:45:51.067+0000] {local_task_job_runner.py:123} INFO - ::group::Pre task execution logs
[2024-09-06T17:45:51.088+0000] {taskinstance.py:2612} INFO - Dependencies all met for dep_context=non-requeueable deps ti=<TaskInstance: async_flow.task_backfill_number_of_cancelled_candidates_in_batch manual__2024-09-06T17:29:39.458358+00:00 map_index=31 [queued]>
[2024-09-06T17:45:51.101+0000] {taskinstance.py:2612} INFO - Dependencies all met for dep_context=requeueable deps ti=<TaskInstance: async_flow.task_backfill_number_of_cancelled_candidates_in_batch manual__2024-09-06T17:29:39.458358+00:00 map_index=31 [queued]>
[2024-09-06T17:45:51.103+0000] {taskinstance.py:2865} INFO - Starting attempt 2 of 2
[2024-09-06T17:45:51.119+0000] {taskinstance.py:2888} INFO - Executing <Mapped(_PythonDecoratedOperator): task_backfill_number_of_cancelled_candidates_in_batch> on 2024-09-06 17:29:39.458358+00:00
[2024-09-06T17:45:51.125+0000] {warnings.py:112} WARNING - /home/***/.local/lib/python3.12/site-packages/***/task/task_runner/standard_task_runner.py:70: DeprecationWarning: This process (pid=520) is multi-threaded, use of fork() may lead to deadlocks in the child.
  pid = os.fork()

[2024-09-06T17:45:51.128+0000] {standard_task_runner.py:72} INFO - Started process 578 to run task
[2024-09-06T17:45:51.132+0000] {standard_task_runner.py:104} INFO - Running: ['***', 'tasks', 'run', 'async_flow', 'task_backfill_number_of_cancelled_candidates_in_batch', 'manual__2024-09-06T17:29:39.458358+00:00', '--job-id', '246', '--raw', '--subdir', 'DAGS_FOLDER/dags_async_flow.py', '--cfg-path', '/tmp/tmprojijt7v', '--map-index', '31']
[2024-09-06T17:45:51.138+0000] {standard_task_runner.py:105} INFO - Job 246: Subtask task_backfill_number_of_cancelled_candidates_in_batch
[2024-09-06T17:45:51.193+0000] {task_command.py:467} INFO - Running <TaskInstance: async_flow.task_backfill_number_of_cancelled_candidates_in_batch manual__2024-09-06T17:29:39.458358+00:00 map_index=31 [running]> on host 0817eb6c24af
[2024-09-06T17:45:51.326+0000] {taskinstance.py:3131} INFO - Exporting env vars: AIRFLOW_CTX_DAG_OWNER='***' AIRFLOW_CTX_DAG_ID='async_flow' AIRFLOW_CTX_TASK_ID='task_backfill_number_of_cancelled_candidates_in_batch' AIRFLOW_CTX_EXECUTION_DATE='2024-09-06T17:29:39.458358+00:00' AIRFLOW_CTX_TRY_NUMBER='2' AIRFLOW_CTX_DAG_RUN_ID='manual__2024-09-06T17:29:39.458358+00:00'
[2024-09-06T17:45:51.329+0000] {taskinstance.py:731} INFO - ::endgroup::
[2024-09-06T17:45:51.348+0000] {core_li.py:23} INFO - Successfully updated job requisition 66db04acbf0a19d8769e801a
[2024-09-06T17:45:51.362+0000] {core_li.py:23} INFO - Successfully updated job requisition 66db04acbf0a19d8769e801c
[2024-09-06T17:45:51.380+0000] {core_li.py:23} INFO - Successfully updated job requisition 66db04acbf0a19d8769e801e
[2024-09-06T17:45:51.390+0000] {core_li.py:23} INFO - Successfully updated job requisition 66db04acbf0a19d8769e8020
[2024-09-06T17:45:51.404+0000] {core_li.py:23} INFO - Successfully updated job requisition 66db04acbf0a19d8769e8022
[2024-09-06T17:45:51.421+0000] {core_li.py:23} INFO - Successfully updated job requisition 66db04acbf0a19d8769e8024
[2024-09-06T17:45:51.435+0000] {core_li.py:23} INFO - Successfully updated job requisition 66db04acbf0a19d8769e8026
[2024-09-06T17:45:51.445+0000] {core_li.py:23} INFO - Successfully updated job requisition 66db04acbf0a19d8769e8028
[2024-09-06T17:45:51.456+0000] {core_li.py:23} INFO - Successfully updated job requisition 66db04acbf0a19d8769e802a
[2024-09-06T17:45:51.467+0000] {core_li.py:23} INFO - Successfully updated job requisition 66db04acbf0a19d8769e802c
[2024-09-06T17:45:51.477+0000] {core_li.py:23} INFO - Successfully updated job requisition 66db04acbf0a19d8769e802e
[2024-09-06T17:45:51.485+0000] {core_li.py:23} INFO - Successfully updated job requisition 66db04acbf0a19d8769e8030
[2024-09-06T17:45:51.493+0000] {core_li.py:23} INFO - Successfully updated job requisition 66db04acbf0a19d8769e8032
[2024-09-06T17:45:51.504+0000] {core_li.py:23} INFO - Successfully updated job requisition 66db04acbf0a19d8769e8034
[2024-09-06T17:45:51.515+0000] {core_li.py:23} INFO - Successfully updated job requisition 66db04acbf0a19d8769e8036
[2024-09-06T17:45:51.520+0000] {core_li.py:23} INFO - Successfully updated job requisition 66db04acbf0a19d8769e8038
[2024-09-06T17:45:51.536+0000] {core_li.py:23} INFO - Successfully updated job requisition 66db04acbf0a19d8769e803a
[2024-09-06T17:45:51.543+0000] {core_li.py:23} INFO - Successfully updated job requisition 66db04acbf0a19d8769e803c
[2024-09-06T17:45:51.551+0000] {core_li.py:23} INFO - Successfully updated job requisition 66db04acbf0a19d8769e803e
[2024-09-06T17:45:51.558+0000] {core_li.py:23} INFO - Successfully updated job requisition 66db04acbf0a19d8769e8040
[2024-09-06T17:45:51.567+0000] {core_li.py:23} INFO - Successfully updated job requisition 66db04acbf0a19d8769e8042
[2024-09-06T17:45:51.574+0000] {core_li.py:23} INFO - Successfully updated job requisition 66db04acbf0a19d8769e8044
[2024-09-06T17:45:51.580+0000] {core_li.py:23} INFO - Successfully updated job requisition 66db04acbf0a19d8769e8046
[2024-09-06T17:45:51.588+0000] {core_li.py:23} INFO - Successfully updated job requisition 66db04acbf0a19d8769e8048
[2024-09-06T17:45:51.596+0000] {core_li.py:23} INFO - Successfully updated job requisition 66db04acbf0a19d8769e804a
[2024-09-06T17:45:51.606+0000] {core_li.py:23} INFO - Successfully updated job requisition 66db04acbf0a19d8769e804c
[2024-09-06T17:45:51.617+0000] {core_li.py:23} INFO - Successfully updated job requisition 66db04acbf0a19d8769e804e
[2024-09-06T17:45:51.630+0000] {core_li.py:23} INFO - Successfully updated job requisition 66db04acbf0a19d8769e8050
[2024-09-06T17:45:51.638+0000] {core_li.py:23} INFO - Successfully updated job requisition 66db04acbf0a19d8769e8052
[2024-09-06T17:45:51.646+0000] {core_li.py:23} INFO - Successfully updated job requisition 66db04acbf0a19d8769e8054
[2024-09-06T17:45:51.654+0000] {core_li.py:23} INFO - Successfully updated job requisition 66db04acbf0a19d8769e8056
[2024-09-06T17:45:51.664+0000] {core_li.py:23} INFO - Successfully updated job requisition 66db04acbf0a19d8769e8058
[2024-09-06T17:45:51.673+0000] {core_li.py:23} INFO - Successfully updated job requisition 66db04acbf0a19d8769e805a
[2024-09-06T17:45:51.681+0000] {core_li.py:23} INFO - Successfully updated job requisition 66db04acbf0a19d8769e805c
[2024-09-06T17:45:51.688+0000] {core_li.py:23} INFO - Successfully updated job requisition 66db04acbf0a19d8769e805e
[2024-09-06T17:45:51.695+0000] {core_li.py:23} INFO - Successfully updated job requisition 66db04acbf0a19d8769e8060
[2024-09-06T17:45:51.702+0000] {core_li.py:23} INFO - Successfully updated job requisition 66db04acbf0a19d8769e8062
[2024-09-06T17:45:51.708+0000] {core_li.py:23} INFO - Successfully updated job requisition 66db04acbf0a19d8769e8064
[2024-09-06T17:45:51.715+0000] {core_li.py:23} INFO - Successfully updated job requisition 66db04acbf0a19d8769e8066
[2024-09-06T17:45:51.723+0000] {core_li.py:23} INFO - Successfully updated job requisition 66db04acbf0a19d8769e8068
[2024-09-06T17:45:51.731+0000] {core_li.py:23} INFO - Successfully updated job requisition 66db04acbf0a19d8769e806a
[2024-09-06T17:45:51.741+0000] {core_li.py:23} INFO - Successfully updated job requisition 66db04acbf0a19d8769e806c
[2024-09-06T17:45:51.748+0000] {core_li.py:23} INFO - Successfully updated job requisition 66db04acbf0a19d8769e806e
[2024-09-06T17:45:51.754+0000] {core_li.py:23} INFO - Successfully updated job requisition 66db04acbf0a19d8769e8070
[2024-09-06T17:45:51.762+0000] {core_li.py:23} INFO - Successfully updated job requisition 66db04acbf0a19d8769e8072
[2024-09-06T17:45:51.769+0000] {core_li.py:23} INFO - Successfully updated job requisition 66db04acbf0a19d8769e8074
[2024-09-06T17:45:51.777+0000] {core_li.py:23} INFO - Successfully updated job requisition 66db04acbf0a19d8769e8076
[2024-09-06T17:45:51.785+0000] {core_li.py:23} INFO - Successfully updated job requisition 66db04acbf0a19d8769e8078
[2024-09-06T17:45:51.795+0000] {core_li.py:23} INFO - Successfully updated job requisition 66db04acbf0a19d8769e807a
[2024-09-06T17:45:51.805+0000] {core_li.py:23} INFO - Successfully updated job requisition 66db04acbf0a19d8769e807c
[2024-09-06T17:45:51.813+0000] {core_li.py:23} INFO - Successfully updated job requisition 66db04acbf0a19d8769e807e
[2024-09-06T17:45:51.820+0000] {core_li.py:23} INFO - Successfully updated job requisition 66db04acbf0a19d8769e8080
[2024-09-06T17:45:51.827+0000] {core_li.py:23} INFO - Successfully updated job requisition 66db04acbf0a19d8769e8082
[2024-09-06T17:45:51.833+0000] {core_li.py:23} INFO - Successfully updated job requisition 66db04acbf0a19d8769e8084
[2024-09-06T17:45:51.842+0000] {core_li.py:23} INFO - Successfully updated job requisition 66db04acbf0a19d8769e8086
[2024-09-06T17:45:51.850+0000] {core_li.py:23} INFO - Successfully updated job requisition 66db04acbf0a19d8769e8088
[2024-09-06T17:45:51.857+0000] {core_li.py:23} INFO - Successfully updated job requisition 66db04acbf0a19d8769e808a
[2024-09-06T17:45:51.864+0000] {core_li.py:23} INFO - Successfully updated job requisition 66db04acbf0a19d8769e808c
[2024-09-06T17:45:51.871+0000] {core_li.py:23} INFO - Successfully updated job requisition 66db04acbf0a19d8769e808e
[2024-09-06T17:45:51.879+0000] {core_li.py:23} INFO - Successfully updated job requisition 66db04acbf0a19d8769e8090
[2024-09-06T17:45:51.887+0000] {core_li.py:23} INFO - Successfully updated job requisition 66db04acbf0a19d8769e8092
[2024-09-06T17:45:51.893+0000] {core_li.py:23} INFO - Successfully updated job requisition 66db04acbf0a19d8769e8094
[2024-09-06T17:45:51.901+0000] {core_li.py:23} INFO - Successfully updated job requisition 66db04acbf0a19d8769e8096
[2024-09-06T17:45:51.908+0000] {core_li.py:23} INFO - Successfully updated job requisition 66db04acbf0a19d8769e8098
[2024-09-06T17:45:51.917+0000] {core_li.py:23} INFO - Successfully updated job requisition 66db04acbf0a19d8769e809a
[2024-09-06T17:45:51.925+0000] {core_li.py:23} INFO - Successfully updated job requisition 66db04acbf0a19d8769e809c
[2024-09-06T17:45:51.939+0000] {core_li.py:23} INFO - Successfully updated job requisition 66db04acbf0a19d8769e809e
[2024-09-06T17:45:51.949+0000] {core_li.py:23} INFO - Successfully updated job requisition 66db04acbf0a19d8769e80a0
[2024-09-06T17:45:51.957+0000] {core_li.py:23} INFO - Successfully updated job requisition 66db04acbf0a19d8769e80a2
[2024-09-06T17:45:51.965+0000] {core_li.py:23} INFO - Successfully updated job requisition 66db04acbf0a19d8769e80a4
[2024-09-06T17:45:51.971+0000] {core_li.py:23} INFO - Successfully updated job requisition 66db04acbf0a19d8769e80a6
[2024-09-06T17:45:51.982+0000] {core_li.py:23} INFO - Successfully updated job requisition 66db04acbf0a19d8769e80a8
[2024-09-06T17:45:51.990+0000] {core_li.py:23} INFO - Successfully updated job requisition 66db04acbf0a19d8769e80aa
[2024-09-06T17:45:51.998+0000] {core_li.py:23} INFO - Successfully updated job requisition 66db04acbf0a19d8769e80ac
[2024-09-06T17:45:52.007+0000] {core_li.py:23} INFO - Successfully updated job requisition 66db04acbf0a19d8769e80ae
[2024-09-06T17:45:52.016+0000] {core_li.py:23} INFO - Successfully updated job requisition 66db04acbf0a19d8769e80b0
[2024-09-06T17:45:52.025+0000] {core_li.py:23} INFO - Successfully updated job requisition 66db04acbf0a19d8769e80b2
[2024-09-06T17:45:52.033+0000] {core_li.py:23} INFO - Successfully updated job requisition 66db04acbf0a19d8769e80b4
[2024-09-06T17:45:52.040+0000] {core_li.py:23} INFO - Successfully updated job requisition 66db04acbf0a19d8769e80b6
[2024-09-06T17:45:52.048+0000] {core_li.py:23} INFO - Successfully updated job requisition 66db04acbf0a19d8769e80b8
[2024-09-06T17:45:52.056+0000] {core_li.py:23} INFO - Successfully updated job requisition 66db04acbf0a19d8769e80ba
[2024-09-06T17:45:52.064+0000] {core_li.py:23} INFO - Successfully updated job requisition 66db04acbf0a19d8769e80bc
[2024-09-06T17:45:52.073+0000] {core_li.py:23} INFO - Successfully updated job requisition 66db04acbf0a19d8769e80be
[2024-09-06T17:45:52.089+0000] {core_li.py:23} INFO - Successfully updated job requisition 66db04acbf0a19d8769e80c0
[2024-09-06T17:45:52.095+0000] {core_li.py:23} INFO - Successfully updated job requisition 66db04acbf0a19d8769e80c2
[2024-09-06T17:45:52.104+0000] {core_li.py:23} INFO - Successfully updated job requisition 66db04acbf0a19d8769e80c4
[2024-09-06T17:45:52.112+0000] {core_li.py:23} INFO - Successfully updated job requisition 66db04acbf0a19d8769e80c6
[2024-09-06T17:45:52.119+0000] {core_li.py:23} INFO - Successfully updated job requisition 66db04acbf0a19d8769e80c8
[2024-09-06T17:45:52.126+0000] {core_li.py:23} INFO - Successfully updated job requisition 66db04acbf0a19d8769e80ca
[2024-09-06T17:45:52.133+0000] {core_li.py:23} INFO - Successfully updated job requisition 66db04acbf0a19d8769e80cc
[2024-09-06T17:45:52.139+0000] {core_li.py:23} INFO - Successfully updated job requisition 66db04acbf0a19d8769e80ce
[2024-09-06T17:45:52.146+0000] {core_li.py:23} INFO - Successfully updated job requisition 66db04acbf0a19d8769e80d0
[2024-09-06T17:45:52.152+0000] {core_li.py:23} INFO - Successfully updated job requisition 66db04acbf0a19d8769e80d2
[2024-09-06T17:45:52.160+0000] {core_li.py:23} INFO - Successfully updated job requisition 66db04acbf0a19d8769e80d4
[2024-09-06T17:45:52.169+0000] {core_li.py:23} INFO - Successfully updated job requisition 66db04acbf0a19d8769e80d6
[2024-09-06T17:45:52.178+0000] {core_li.py:23} INFO - Successfully updated job requisition 66db04acbf0a19d8769e80d8
[2024-09-06T17:45:52.186+0000] {core_li.py:23} INFO - Successfully updated job requisition 66db04acbf0a19d8769e80da
[2024-09-06T17:45:52.201+0000] {core_li.py:23} INFO - Successfully updated job requisition 66db04acbf0a19d8769e80dc
[2024-09-06T17:45:52.214+0000] {core_li.py:23} INFO - Successfully updated job requisition 66db04acbf0a19d8769e80de
[2024-09-06T17:45:52.220+0000] {core_li.py:23} INFO - Successfully updated job requisition 66db04acbf0a19d8769e80e0
[2024-09-06T17:45:52.221+0000] {python.py:240} INFO - Done. Returned value was: 100
[2024-09-06T17:45:52.247+0000] {taskinstance.py:340} INFO - ::group::Post task execution logs
[2024-09-06T17:45:52.248+0000] {taskinstance.py:352} INFO - Marking task as SUCCESS. dag_id=async_flow, task_id=task_backfill_number_of_cancelled_candidates_in_batch, run_id=manual__2024-09-06T17:29:39.458358+00:00, map_index=31, execution_date=20240906T172939, start_date=20240906T174551, end_date=20240906T174552
[2024-09-06T17:45:52.298+0000] {local_task_job_runner.py:266} INFO - Task exited with return code 0
[2024-09-06T17:45:52.320+0000] {local_task_job_runner.py:245} INFO - ::endgroup::
