[2024-09-06T17:47:37.706+0000] {local_task_job_runner.py:123} INFO - ::group::Pre task execution logs
[2024-09-06T17:47:37.733+0000] {taskinstance.py:2612} INFO - Dependencies all met for dep_context=non-requeueable deps ti=<TaskInstance: async_flow.task_backfill_number_of_cancelled_candidates_in_batch manual__2024-09-06T17:47:30.120511+00:00 map_index=33 [queued]>
[2024-09-06T17:47:37.747+0000] {taskinstance.py:2612} INFO - Dependencies all met for dep_context=requeueable deps ti=<TaskInstance: async_flow.task_backfill_number_of_cancelled_candidates_in_batch manual__2024-09-06T17:47:30.120511+00:00 map_index=33 [queued]>
[2024-09-06T17:47:37.749+0000] {taskinstance.py:2865} INFO - Starting attempt 1 of 1
[2024-09-06T17:47:37.770+0000] {taskinstance.py:2888} INFO - Executing <Mapped(_PythonDecoratedOperator): task_backfill_number_of_cancelled_candidates_in_batch> on 2024-09-06 17:47:30.120511+00:00
[2024-09-06T17:47:37.779+0000] {warnings.py:112} WARNING - /home/***/.local/lib/python3.12/site-packages/***/task/task_runner/standard_task_runner.py:70: DeprecationWarning: This process (pid=1243) is multi-threaded, use of fork() may lead to deadlocks in the child.
  pid = os.fork()

[2024-09-06T17:47:37.781+0000] {standard_task_runner.py:104} INFO - Running: ['***', 'tasks', 'run', 'async_flow', 'task_backfill_number_of_cancelled_candidates_in_batch', 'manual__2024-09-06T17:47:30.120511+00:00', '--job-id', '364', '--raw', '--subdir', 'DAGS_FOLDER/dags_async_flow.py', '--cfg-path', '/tmp/tmpnhs2l0e3', '--map-index', '33']
[2024-09-06T17:47:37.783+0000] {standard_task_runner.py:105} INFO - Job 364: Subtask task_backfill_number_of_cancelled_candidates_in_batch
[2024-09-06T17:47:37.785+0000] {standard_task_runner.py:72} INFO - Started process 1305 to run task
[2024-09-06T17:47:37.837+0000] {task_command.py:467} INFO - Running <TaskInstance: async_flow.task_backfill_number_of_cancelled_candidates_in_batch manual__2024-09-06T17:47:30.120511+00:00 map_index=33 [running]> on host 0817eb6c24af
[2024-09-06T17:47:38.023+0000] {taskinstance.py:3131} INFO - Exporting env vars: AIRFLOW_CTX_DAG_OWNER='***' AIRFLOW_CTX_DAG_ID='async_flow' AIRFLOW_CTX_TASK_ID='task_backfill_number_of_cancelled_candidates_in_batch' AIRFLOW_CTX_EXECUTION_DATE='2024-09-06T17:47:30.120511+00:00' AIRFLOW_CTX_TRY_NUMBER='1' AIRFLOW_CTX_DAG_RUN_ID='manual__2024-09-06T17:47:30.120511+00:00'
[2024-09-06T17:47:38.025+0000] {taskinstance.py:731} INFO - ::endgroup::
[2024-09-06T17:47:38.068+0000] {core_li.py:23} INFO - Successfully updated job requisition 66db04abbf0a19d8769e739a
[2024-09-06T17:47:38.080+0000] {core_li.py:23} INFO - Successfully updated job requisition 66db04abbf0a19d8769e739c
[2024-09-06T17:47:38.104+0000] {core_li.py:23} INFO - Successfully updated job requisition 66db04abbf0a19d8769e739e
[2024-09-06T17:47:38.118+0000] {core_li.py:23} INFO - Successfully updated job requisition 66db04abbf0a19d8769e73a0
[2024-09-06T17:47:38.130+0000] {core_li.py:23} INFO - Successfully updated job requisition 66db04abbf0a19d8769e73a2
[2024-09-06T17:47:38.145+0000] {core_li.py:23} INFO - Successfully updated job requisition 66db04abbf0a19d8769e73a4
[2024-09-06T17:47:38.155+0000] {core_li.py:23} INFO - Successfully updated job requisition 66db04abbf0a19d8769e73a6
[2024-09-06T17:47:38.170+0000] {core_li.py:23} INFO - Successfully updated job requisition 66db04abbf0a19d8769e73a8
[2024-09-06T17:47:38.178+0000] {core_li.py:23} INFO - Successfully updated job requisition 66db04abbf0a19d8769e73aa
[2024-09-06T17:47:38.188+0000] {core_li.py:23} INFO - Successfully updated job requisition 66db04abbf0a19d8769e73ac
[2024-09-06T17:47:38.195+0000] {core_li.py:23} INFO - Successfully updated job requisition 66db04abbf0a19d8769e73ae
[2024-09-06T17:47:38.204+0000] {core_li.py:23} INFO - Successfully updated job requisition 66db04abbf0a19d8769e73b0
[2024-09-06T17:47:38.219+0000] {core_li.py:23} INFO - Successfully updated job requisition 66db04abbf0a19d8769e73b2
[2024-09-06T17:47:38.228+0000] {core_li.py:23} INFO - Successfully updated job requisition 66db04abbf0a19d8769e73b4
[2024-09-06T17:47:38.236+0000] {core_li.py:23} INFO - Successfully updated job requisition 66db04abbf0a19d8769e73b6
[2024-09-06T17:47:38.243+0000] {core_li.py:23} INFO - Successfully updated job requisition 66db04abbf0a19d8769e73b8
[2024-09-06T17:47:38.257+0000] {core_li.py:23} INFO - Successfully updated job requisition 66db04abbf0a19d8769e73ba
[2024-09-06T17:47:38.266+0000] {core_li.py:23} INFO - Successfully updated job requisition 66db04abbf0a19d8769e73bc
[2024-09-06T17:47:38.274+0000] {core_li.py:23} INFO - Successfully updated job requisition 66db04abbf0a19d8769e73be
[2024-09-06T17:47:38.283+0000] {core_li.py:23} INFO - Successfully updated job requisition 66db04abbf0a19d8769e73c0
[2024-09-06T17:47:38.292+0000] {core_li.py:23} INFO - Successfully updated job requisition 66db04abbf0a19d8769e73c2
[2024-09-06T17:47:38.302+0000] {core_li.py:23} INFO - Successfully updated job requisition 66db04abbf0a19d8769e73c4
[2024-09-06T17:47:38.312+0000] {core_li.py:23} INFO - Successfully updated job requisition 66db04abbf0a19d8769e73c6
[2024-09-06T17:47:38.326+0000] {core_li.py:23} INFO - Successfully updated job requisition 66db04abbf0a19d8769e73c8
[2024-09-06T17:47:38.334+0000] {core_li.py:23} INFO - Successfully updated job requisition 66db04abbf0a19d8769e73ca
[2024-09-06T17:47:38.341+0000] {core_li.py:23} INFO - Successfully updated job requisition 66db04abbf0a19d8769e73cc
[2024-09-06T17:47:38.349+0000] {core_li.py:23} INFO - Successfully updated job requisition 66db04abbf0a19d8769e73ce
[2024-09-06T17:47:38.357+0000] {core_li.py:23} INFO - Successfully updated job requisition 66db04abbf0a19d8769e73d0
[2024-09-06T17:47:38.365+0000] {core_li.py:23} INFO - Successfully updated job requisition 66db04abbf0a19d8769e73d2
[2024-09-06T17:47:38.388+0000] {core_li.py:23} INFO - Successfully updated job requisition 66db04abbf0a19d8769e73d4
[2024-09-06T17:47:38.394+0000] {core_li.py:23} INFO - Successfully updated job requisition 66db04abbf0a19d8769e73d6
[2024-09-06T17:47:38.404+0000] {core_li.py:23} INFO - Successfully updated job requisition 66db04abbf0a19d8769e73d8
[2024-09-06T17:47:38.411+0000] {core_li.py:23} INFO - Successfully updated job requisition 66db04abbf0a19d8769e73da
[2024-09-06T17:47:38.419+0000] {core_li.py:23} INFO - Successfully updated job requisition 66db04abbf0a19d8769e73dc
[2024-09-06T17:47:38.425+0000] {core_li.py:23} INFO - Successfully updated job requisition 66db04abbf0a19d8769e73de
[2024-09-06T17:47:38.433+0000] {core_li.py:23} INFO - Successfully updated job requisition 66db04abbf0a19d8769e73e0
[2024-09-06T17:47:38.442+0000] {core_li.py:23} INFO - Successfully updated job requisition 66db04abbf0a19d8769e73e2
[2024-09-06T17:47:38.449+0000] {core_li.py:23} INFO - Successfully updated job requisition 66db04abbf0a19d8769e73e4
[2024-09-06T17:47:38.463+0000] {core_li.py:23} INFO - Successfully updated job requisition 66db04abbf0a19d8769e73e6
[2024-09-06T17:47:38.470+0000] {core_li.py:23} INFO - Successfully updated job requisition 66db04abbf0a19d8769e73e8
[2024-09-06T17:47:38.477+0000] {core_li.py:23} INFO - Successfully updated job requisition 66db04abbf0a19d8769e73ea
[2024-09-06T17:47:38.493+0000] {core_li.py:23} INFO - Successfully updated job requisition 66db04abbf0a19d8769e73ec
[2024-09-06T17:47:38.522+0000] {core_li.py:23} INFO - Successfully updated job requisition 66db04abbf0a19d8769e73ee
[2024-09-06T17:47:38.553+0000] {core_li.py:23} INFO - Successfully updated job requisition 66db04abbf0a19d8769e73f0
[2024-09-06T17:47:38.562+0000] {core_li.py:23} INFO - Successfully updated job requisition 66db04abbf0a19d8769e73f2
[2024-09-06T17:47:38.570+0000] {core_li.py:23} INFO - Successfully updated job requisition 66db04abbf0a19d8769e73f4
[2024-09-06T17:47:38.576+0000] {core_li.py:23} INFO - Successfully updated job requisition 66db04abbf0a19d8769e73f6
[2024-09-06T17:47:38.582+0000] {core_li.py:23} INFO - Successfully updated job requisition 66db04abbf0a19d8769e73f8
[2024-09-06T17:47:38.594+0000] {core_li.py:23} INFO - Successfully updated job requisition 66db04abbf0a19d8769e73fa
[2024-09-06T17:47:38.602+0000] {core_li.py:23} INFO - Successfully updated job requisition 66db04abbf0a19d8769e73fc
[2024-09-06T17:47:38.611+0000] {core_li.py:23} INFO - Successfully updated job requisition 66db04abbf0a19d8769e73fe
[2024-09-06T17:47:38.617+0000] {core_li.py:23} INFO - Successfully updated job requisition 66db04abbf0a19d8769e7400
[2024-09-06T17:47:38.627+0000] {core_li.py:23} INFO - Successfully updated job requisition 66db04abbf0a19d8769e7402
[2024-09-06T17:47:38.635+0000] {core_li.py:23} INFO - Successfully updated job requisition 66db04abbf0a19d8769e7404
[2024-09-06T17:47:38.642+0000] {core_li.py:23} INFO - Successfully updated job requisition 66db04abbf0a19d8769e7406
[2024-09-06T17:47:38.655+0000] {core_li.py:23} INFO - Successfully updated job requisition 66db04abbf0a19d8769e7408
[2024-09-06T17:47:38.662+0000] {core_li.py:23} INFO - Successfully updated job requisition 66db04abbf0a19d8769e740a
[2024-09-06T17:47:38.670+0000] {core_li.py:23} INFO - Successfully updated job requisition 66db04abbf0a19d8769e740c
[2024-09-06T17:47:38.679+0000] {core_li.py:23} INFO - Successfully updated job requisition 66db04abbf0a19d8769e740e
[2024-09-06T17:47:38.688+0000] {core_li.py:23} INFO - Successfully updated job requisition 66db04abbf0a19d8769e7410
[2024-09-06T17:47:38.697+0000] {core_li.py:23} INFO - Successfully updated job requisition 66db04abbf0a19d8769e7412
[2024-09-06T17:47:38.703+0000] {core_li.py:23} INFO - Successfully updated job requisition 66db04abbf0a19d8769e7414
[2024-09-06T17:47:38.722+0000] {core_li.py:23} INFO - Successfully updated job requisition 66db04abbf0a19d8769e7416
[2024-09-06T17:47:38.731+0000] {core_li.py:23} INFO - Successfully updated job requisition 66db04abbf0a19d8769e7418
[2024-09-06T17:47:38.741+0000] {core_li.py:23} INFO - Successfully updated job requisition 66db04abbf0a19d8769e741a
[2024-09-06T17:47:38.749+0000] {core_li.py:23} INFO - Successfully updated job requisition 66db04abbf0a19d8769e741c
[2024-09-06T17:47:38.755+0000] {core_li.py:23} INFO - Successfully updated job requisition 66db04abbf0a19d8769e741e
[2024-09-06T17:47:38.763+0000] {core_li.py:23} INFO - Successfully updated job requisition 66db04abbf0a19d8769e7420
[2024-09-06T17:47:38.769+0000] {core_li.py:23} INFO - Successfully updated job requisition 66db04abbf0a19d8769e7422
[2024-09-06T17:47:38.778+0000] {core_li.py:23} INFO - Successfully updated job requisition 66db04abbf0a19d8769e7424
[2024-09-06T17:47:38.787+0000] {core_li.py:23} INFO - Successfully updated job requisition 66db04abbf0a19d8769e7426
[2024-09-06T17:47:38.795+0000] {core_li.py:23} INFO - Successfully updated job requisition 66db04abbf0a19d8769e7428
[2024-09-06T17:47:38.802+0000] {core_li.py:23} INFO - Successfully updated job requisition 66db04abbf0a19d8769e742a
[2024-09-06T17:47:38.812+0000] {core_li.py:23} INFO - Successfully updated job requisition 66db04abbf0a19d8769e742c
[2024-09-06T17:47:38.820+0000] {core_li.py:23} INFO - Successfully updated job requisition 66db04abbf0a19d8769e742e
[2024-09-06T17:47:38.829+0000] {core_li.py:23} INFO - Successfully updated job requisition 66db04abbf0a19d8769e7430
[2024-09-06T17:47:38.838+0000] {core_li.py:23} INFO - Successfully updated job requisition 66db04abbf0a19d8769e7432
[2024-09-06T17:47:38.845+0000] {core_li.py:23} INFO - Successfully updated job requisition 66db04abbf0a19d8769e7434
[2024-09-06T17:47:38.854+0000] {core_li.py:23} INFO - Successfully updated job requisition 66db04abbf0a19d8769e7436
[2024-09-06T17:47:38.862+0000] {core_li.py:23} INFO - Successfully updated job requisition 66db04abbf0a19d8769e7438
[2024-09-06T17:47:38.871+0000] {core_li.py:23} INFO - Successfully updated job requisition 66db04abbf0a19d8769e743a
[2024-09-06T17:47:38.887+0000] {core_li.py:23} INFO - Successfully updated job requisition 66db04abbf0a19d8769e743c
[2024-09-06T17:47:38.895+0000] {core_li.py:23} INFO - Successfully updated job requisition 66db04abbf0a19d8769e743e
[2024-09-06T17:47:38.906+0000] {core_li.py:23} INFO - Successfully updated job requisition 66db04abbf0a19d8769e7440
[2024-09-06T17:47:38.915+0000] {core_li.py:23} INFO - Successfully updated job requisition 66db04abbf0a19d8769e7442
[2024-09-06T17:47:38.923+0000] {core_li.py:23} INFO - Successfully updated job requisition 66db04abbf0a19d8769e7444
[2024-09-06T17:47:38.930+0000] {core_li.py:23} INFO - Successfully updated job requisition 66db04abbf0a19d8769e7446
[2024-09-06T17:47:38.937+0000] {core_li.py:23} INFO - Successfully updated job requisition 66db04abbf0a19d8769e7448
[2024-09-06T17:47:38.946+0000] {core_li.py:23} INFO - Successfully updated job requisition 66db04abbf0a19d8769e744a
[2024-09-06T17:47:38.956+0000] {core_li.py:23} INFO - Successfully updated job requisition 66db04abbf0a19d8769e744c
[2024-09-06T17:47:38.961+0000] {core_li.py:23} INFO - Successfully updated job requisition 66db04abbf0a19d8769e744e
[2024-09-06T17:47:38.968+0000] {core_li.py:23} INFO - Successfully updated job requisition 66db04abbf0a19d8769e7450
[2024-09-06T17:47:38.974+0000] {core_li.py:23} INFO - Successfully updated job requisition 66db04abbf0a19d8769e7452
[2024-09-06T17:47:38.981+0000] {core_li.py:23} INFO - Successfully updated job requisition 66db04abbf0a19d8769e7454
[2024-09-06T17:47:38.989+0000] {core_li.py:23} INFO - Successfully updated job requisition 66db04abbf0a19d8769e7456
[2024-09-06T17:47:38.998+0000] {core_li.py:23} INFO - Successfully updated job requisition 66db04abbf0a19d8769e7458
[2024-09-06T17:47:39.005+0000] {core_li.py:23} INFO - Successfully updated job requisition 66db04abbf0a19d8769e745a
[2024-09-06T17:47:39.015+0000] {core_li.py:23} INFO - Successfully updated job requisition 66db04abbf0a19d8769e745c
[2024-09-06T17:47:39.024+0000] {core_li.py:23} INFO - Successfully updated job requisition 66db04abbf0a19d8769e745e
[2024-09-06T17:47:39.030+0000] {core_li.py:23} INFO - Successfully updated job requisition 66db04abbf0a19d8769e7460
[2024-09-06T17:47:39.031+0000] {python.py:240} INFO - Done. Returned value was: 100
[2024-09-06T17:47:39.057+0000] {taskinstance.py:340} INFO - ::group::Post task execution logs
[2024-09-06T17:47:39.060+0000] {taskinstance.py:352} INFO - Marking task as SUCCESS. dag_id=async_flow, task_id=task_backfill_number_of_cancelled_candidates_in_batch, run_id=manual__2024-09-06T17:47:30.120511+00:00, map_index=33, execution_date=20240906T174730, start_date=20240906T174737, end_date=20240906T174739
[2024-09-06T17:47:39.113+0000] {local_task_job_runner.py:266} INFO - Task exited with return code 0
[2024-09-06T17:47:39.129+0000] {local_task_job_runner.py:245} INFO - ::endgroup::
