[2024-09-06T17:43:09.864+0000] {local_task_job_runner.py:123} INFO - ::group::Pre task execution logs
[2024-09-06T17:43:09.890+0000] {taskinstance.py:2612} INFO - Dependencies all met for dep_context=non-requeueable deps ti=<TaskInstance: async_flow.task_backfill_number_of_cancelled_candidates_in_batch manual__2024-09-06T17:43:02.727107+00:00 map_index=47 [queued]>
[2024-09-06T17:43:09.902+0000] {taskinstance.py:2612} INFO - Dependencies all met for dep_context=requeueable deps ti=<TaskInstance: async_flow.task_backfill_number_of_cancelled_candidates_in_batch manual__2024-09-06T17:43:02.727107+00:00 map_index=47 [queued]>
[2024-09-06T17:43:09.905+0000] {taskinstance.py:2865} INFO - Starting attempt 1 of 1
[2024-09-06T17:43:09.974+0000] {taskinstance.py:2888} INFO - Executing <Mapped(_PythonDecoratedOperator): task_backfill_number_of_cancelled_candidates_in_batch> on 2024-09-06 17:43:02.727107+00:00
[2024-09-06T17:43:09.982+0000] {warnings.py:112} WARNING - /home/***/.local/lib/python3.12/site-packages/***/task/task_runner/standard_task_runner.py:70: DeprecationWarning: This process (pid=280) is multi-threaded, use of fork() may lead to deadlocks in the child.
  pid = os.fork()

[2024-09-06T17:43:09.990+0000] {standard_task_runner.py:72} INFO - Started process 342 to run task
[2024-09-06T17:43:09.990+0000] {standard_task_runner.py:104} INFO - Running: ['***', 'tasks', 'run', 'async_flow', 'task_backfill_number_of_cancelled_candidates_in_batch', 'manual__2024-09-06T17:43:02.727107+00:00', '--job-id', '212', '--raw', '--subdir', 'DAGS_FOLDER/dags_async_flow.py', '--cfg-path', '/tmp/tmpex36ig8t', '--map-index', '47']
[2024-09-06T17:43:09.994+0000] {standard_task_runner.py:105} INFO - Job 212: Subtask task_backfill_number_of_cancelled_candidates_in_batch
[2024-09-06T17:43:10.079+0000] {task_command.py:467} INFO - Running <TaskInstance: async_flow.task_backfill_number_of_cancelled_candidates_in_batch manual__2024-09-06T17:43:02.727107+00:00 map_index=47 [running]> on host 0817eb6c24af
[2024-09-06T17:43:10.211+0000] {taskinstance.py:3131} INFO - Exporting env vars: AIRFLOW_CTX_DAG_OWNER='***' AIRFLOW_CTX_DAG_ID='async_flow' AIRFLOW_CTX_TASK_ID='task_backfill_number_of_cancelled_candidates_in_batch' AIRFLOW_CTX_EXECUTION_DATE='2024-09-06T17:43:02.727107+00:00' AIRFLOW_CTX_TRY_NUMBER='1' AIRFLOW_CTX_DAG_RUN_ID='manual__2024-09-06T17:43:02.727107+00:00'
[2024-09-06T17:43:10.212+0000] {taskinstance.py:731} INFO - ::endgroup::
[2024-09-06T17:43:10.229+0000] {core_li.py:23} INFO - Successfully updated job requisition 66db04acbf0a19d8769e801a
[2024-09-06T17:43:10.247+0000] {core_li.py:23} INFO - Successfully updated job requisition 66db04acbf0a19d8769e801c
[2024-09-06T17:43:10.262+0000] {core_li.py:23} INFO - Successfully updated job requisition 66db04acbf0a19d8769e801e
[2024-09-06T17:43:10.274+0000] {core_li.py:23} INFO - Successfully updated job requisition 66db04acbf0a19d8769e8020
[2024-09-06T17:43:10.286+0000] {core_li.py:23} INFO - Successfully updated job requisition 66db04acbf0a19d8769e8022
[2024-09-06T17:43:10.304+0000] {core_li.py:23} INFO - Successfully updated job requisition 66db04acbf0a19d8769e8024
[2024-09-06T17:43:10.314+0000] {core_li.py:23} INFO - Successfully updated job requisition 66db04acbf0a19d8769e8026
[2024-09-06T17:43:10.325+0000] {core_li.py:23} INFO - Successfully updated job requisition 66db04acbf0a19d8769e8028
[2024-09-06T17:43:10.335+0000] {core_li.py:23} INFO - Successfully updated job requisition 66db04acbf0a19d8769e802a
[2024-09-06T17:43:10.350+0000] {core_li.py:23} INFO - Successfully updated job requisition 66db04acbf0a19d8769e802c
[2024-09-06T17:43:10.362+0000] {core_li.py:23} INFO - Successfully updated job requisition 66db04acbf0a19d8769e802e
[2024-09-06T17:43:10.372+0000] {core_li.py:23} INFO - Successfully updated job requisition 66db04acbf0a19d8769e8030
[2024-09-06T17:43:10.381+0000] {core_li.py:23} INFO - Successfully updated job requisition 66db04acbf0a19d8769e8032
[2024-09-06T17:43:10.392+0000] {core_li.py:23} INFO - Successfully updated job requisition 66db04acbf0a19d8769e8034
[2024-09-06T17:43:10.400+0000] {core_li.py:23} INFO - Successfully updated job requisition 66db04acbf0a19d8769e8036
[2024-09-06T17:43:10.408+0000] {core_li.py:23} INFO - Successfully updated job requisition 66db04acbf0a19d8769e8038
[2024-09-06T17:43:10.417+0000] {core_li.py:23} INFO - Successfully updated job requisition 66db04acbf0a19d8769e803a
[2024-09-06T17:43:10.427+0000] {core_li.py:23} INFO - Successfully updated job requisition 66db04acbf0a19d8769e803c
[2024-09-06T17:43:10.441+0000] {core_li.py:23} INFO - Successfully updated job requisition 66db04acbf0a19d8769e803e
[2024-09-06T17:43:10.450+0000] {core_li.py:23} INFO - Successfully updated job requisition 66db04acbf0a19d8769e8040
[2024-09-06T17:43:10.456+0000] {core_li.py:23} INFO - Successfully updated job requisition 66db04acbf0a19d8769e8042
[2024-09-06T17:43:10.465+0000] {core_li.py:23} INFO - Successfully updated job requisition 66db04acbf0a19d8769e8044
[2024-09-06T17:43:10.474+0000] {core_li.py:23} INFO - Successfully updated job requisition 66db04acbf0a19d8769e8046
[2024-09-06T17:43:10.485+0000] {core_li.py:23} INFO - Successfully updated job requisition 66db04acbf0a19d8769e8048
[2024-09-06T17:43:10.495+0000] {core_li.py:23} INFO - Successfully updated job requisition 66db04acbf0a19d8769e804a
[2024-09-06T17:43:10.504+0000] {core_li.py:23} INFO - Successfully updated job requisition 66db04acbf0a19d8769e804c
[2024-09-06T17:43:10.513+0000] {core_li.py:23} INFO - Successfully updated job requisition 66db04acbf0a19d8769e804e
[2024-09-06T17:43:10.521+0000] {core_li.py:23} INFO - Successfully updated job requisition 66db04acbf0a19d8769e8050
[2024-09-06T17:43:10.528+0000] {core_li.py:23} INFO - Successfully updated job requisition 66db04acbf0a19d8769e8052
[2024-09-06T17:43:10.539+0000] {core_li.py:23} INFO - Successfully updated job requisition 66db04acbf0a19d8769e8054
[2024-09-06T17:43:10.555+0000] {core_li.py:23} INFO - Successfully updated job requisition 66db04acbf0a19d8769e8056
[2024-09-06T17:43:10.563+0000] {core_li.py:23} INFO - Successfully updated job requisition 66db04acbf0a19d8769e8058
[2024-09-06T17:43:10.573+0000] {core_li.py:23} INFO - Successfully updated job requisition 66db04acbf0a19d8769e805a
[2024-09-06T17:43:10.587+0000] {core_li.py:23} INFO - Successfully updated job requisition 66db04acbf0a19d8769e805c
[2024-09-06T17:43:10.594+0000] {core_li.py:23} INFO - Successfully updated job requisition 66db04acbf0a19d8769e805e
[2024-09-06T17:43:10.604+0000] {core_li.py:23} INFO - Successfully updated job requisition 66db04acbf0a19d8769e8060
[2024-09-06T17:43:10.611+0000] {core_li.py:23} INFO - Successfully updated job requisition 66db04acbf0a19d8769e8062
[2024-09-06T17:43:10.624+0000] {core_li.py:23} INFO - Successfully updated job requisition 66db04acbf0a19d8769e8064
[2024-09-06T17:43:10.634+0000] {core_li.py:23} INFO - Successfully updated job requisition 66db04acbf0a19d8769e8066
[2024-09-06T17:43:10.644+0000] {core_li.py:23} INFO - Successfully updated job requisition 66db04acbf0a19d8769e8068
[2024-09-06T17:43:10.653+0000] {core_li.py:23} INFO - Successfully updated job requisition 66db04acbf0a19d8769e806a
[2024-09-06T17:43:10.671+0000] {core_li.py:23} INFO - Successfully updated job requisition 66db04acbf0a19d8769e806c
[2024-09-06T17:43:10.688+0000] {core_li.py:23} INFO - Successfully updated job requisition 66db04acbf0a19d8769e806e
[2024-09-06T17:43:10.697+0000] {core_li.py:23} INFO - Successfully updated job requisition 66db04acbf0a19d8769e8070
[2024-09-06T17:43:10.703+0000] {core_li.py:23} INFO - Successfully updated job requisition 66db04acbf0a19d8769e8072
[2024-09-06T17:43:10.710+0000] {core_li.py:23} INFO - Successfully updated job requisition 66db04acbf0a19d8769e8074
[2024-09-06T17:43:10.722+0000] {core_li.py:23} INFO - Successfully updated job requisition 66db04acbf0a19d8769e8076
[2024-09-06T17:43:10.734+0000] {core_li.py:23} INFO - Successfully updated job requisition 66db04acbf0a19d8769e8078
[2024-09-06T17:43:10.743+0000] {core_li.py:23} INFO - Successfully updated job requisition 66db04acbf0a19d8769e807a
[2024-09-06T17:43:10.754+0000] {core_li.py:23} INFO - Successfully updated job requisition 66db04acbf0a19d8769e807c
[2024-09-06T17:43:10.763+0000] {core_li.py:23} INFO - Successfully updated job requisition 66db04acbf0a19d8769e807e
[2024-09-06T17:43:10.771+0000] {core_li.py:23} INFO - Successfully updated job requisition 66db04acbf0a19d8769e8080
[2024-09-06T17:43:10.776+0000] {core_li.py:23} INFO - Successfully updated job requisition 66db04acbf0a19d8769e8082
[2024-09-06T17:43:10.782+0000] {core_li.py:23} INFO - Successfully updated job requisition 66db04acbf0a19d8769e8084
[2024-09-06T17:43:10.790+0000] {core_li.py:23} INFO - Successfully updated job requisition 66db04acbf0a19d8769e8086
[2024-09-06T17:43:10.798+0000] {core_li.py:23} INFO - Successfully updated job requisition 66db04acbf0a19d8769e8088
[2024-09-06T17:43:10.805+0000] {core_li.py:23} INFO - Successfully updated job requisition 66db04acbf0a19d8769e808a
[2024-09-06T17:43:10.814+0000] {core_li.py:23} INFO - Successfully updated job requisition 66db04acbf0a19d8769e808c
[2024-09-06T17:43:10.826+0000] {core_li.py:23} INFO - Successfully updated job requisition 66db04acbf0a19d8769e808e
[2024-09-06T17:43:10.834+0000] {core_li.py:23} INFO - Successfully updated job requisition 66db04acbf0a19d8769e8090
[2024-09-06T17:43:10.843+0000] {core_li.py:23} INFO - Successfully updated job requisition 66db04acbf0a19d8769e8092
[2024-09-06T17:43:10.850+0000] {core_li.py:23} INFO - Successfully updated job requisition 66db04acbf0a19d8769e8094
[2024-09-06T17:43:10.860+0000] {core_li.py:23} INFO - Successfully updated job requisition 66db04acbf0a19d8769e8096
[2024-09-06T17:43:10.868+0000] {core_li.py:23} INFO - Successfully updated job requisition 66db04acbf0a19d8769e8098
[2024-09-06T17:43:10.874+0000] {core_li.py:23} INFO - Successfully updated job requisition 66db04acbf0a19d8769e809a
[2024-09-06T17:43:10.880+0000] {core_li.py:23} INFO - Successfully updated job requisition 66db04acbf0a19d8769e809c
[2024-09-06T17:43:10.893+0000] {core_li.py:23} INFO - Successfully updated job requisition 66db04acbf0a19d8769e809e
[2024-09-06T17:43:10.903+0000] {core_li.py:23} INFO - Successfully updated job requisition 66db04acbf0a19d8769e80a0
[2024-09-06T17:43:10.915+0000] {core_li.py:23} INFO - Successfully updated job requisition 66db04acbf0a19d8769e80a2
[2024-09-06T17:43:10.921+0000] {core_li.py:23} INFO - Successfully updated job requisition 66db04acbf0a19d8769e80a4
[2024-09-06T17:43:10.929+0000] {core_li.py:23} INFO - Successfully updated job requisition 66db04acbf0a19d8769e80a6
[2024-09-06T17:43:10.935+0000] {core_li.py:23} INFO - Successfully updated job requisition 66db04acbf0a19d8769e80a8
[2024-09-06T17:43:10.943+0000] {core_li.py:23} INFO - Successfully updated job requisition 66db04acbf0a19d8769e80aa
[2024-09-06T17:43:10.949+0000] {core_li.py:23} INFO - Successfully updated job requisition 66db04acbf0a19d8769e80ac
[2024-09-06T17:43:10.958+0000] {core_li.py:23} INFO - Successfully updated job requisition 66db04acbf0a19d8769e80ae
[2024-09-06T17:43:10.966+0000] {core_li.py:23} INFO - Successfully updated job requisition 66db04acbf0a19d8769e80b0
[2024-09-06T17:43:10.976+0000] {core_li.py:23} INFO - Successfully updated job requisition 66db04acbf0a19d8769e80b2
[2024-09-06T17:43:10.985+0000] {core_li.py:23} INFO - Successfully updated job requisition 66db04acbf0a19d8769e80b4
[2024-09-06T17:43:10.994+0000] {core_li.py:23} INFO - Successfully updated job requisition 66db04acbf0a19d8769e80b6
[2024-09-06T17:43:11.004+0000] {core_li.py:23} INFO - Successfully updated job requisition 66db04acbf0a19d8769e80b8
[2024-09-06T17:43:11.012+0000] {core_li.py:23} INFO - Successfully updated job requisition 66db04acbf0a19d8769e80ba
[2024-09-06T17:43:11.020+0000] {core_li.py:23} INFO - Successfully updated job requisition 66db04acbf0a19d8769e80bc
[2024-09-06T17:43:11.028+0000] {core_li.py:23} INFO - Successfully updated job requisition 66db04acbf0a19d8769e80be
[2024-09-06T17:43:11.037+0000] {core_li.py:23} INFO - Successfully updated job requisition 66db04acbf0a19d8769e80c0
[2024-09-06T17:43:11.047+0000] {core_li.py:23} INFO - Successfully updated job requisition 66db04acbf0a19d8769e80c2
[2024-09-06T17:43:11.054+0000] {core_li.py:23} INFO - Successfully updated job requisition 66db04acbf0a19d8769e80c4
[2024-09-06T17:43:11.061+0000] {core_li.py:23} INFO - Successfully updated job requisition 66db04acbf0a19d8769e80c6
[2024-09-06T17:43:11.070+0000] {core_li.py:23} INFO - Successfully updated job requisition 66db04acbf0a19d8769e80c8
[2024-09-06T17:43:11.077+0000] {core_li.py:23} INFO - Successfully updated job requisition 66db04acbf0a19d8769e80ca
[2024-09-06T17:43:11.084+0000] {core_li.py:23} INFO - Successfully updated job requisition 66db04acbf0a19d8769e80cc
[2024-09-06T17:43:11.092+0000] {core_li.py:23} INFO - Successfully updated job requisition 66db04acbf0a19d8769e80ce
[2024-09-06T17:43:11.098+0000] {core_li.py:23} INFO - Successfully updated job requisition 66db04acbf0a19d8769e80d0
[2024-09-06T17:43:11.105+0000] {core_li.py:23} INFO - Successfully updated job requisition 66db04acbf0a19d8769e80d2
[2024-09-06T17:43:11.113+0000] {core_li.py:23} INFO - Successfully updated job requisition 66db04acbf0a19d8769e80d4
[2024-09-06T17:43:11.121+0000] {core_li.py:23} INFO - Successfully updated job requisition 66db04acbf0a19d8769e80d6
[2024-09-06T17:43:11.127+0000] {core_li.py:23} INFO - Successfully updated job requisition 66db04acbf0a19d8769e80d8
[2024-09-06T17:43:11.149+0000] {core_li.py:23} INFO - Successfully updated job requisition 66db04acbf0a19d8769e80da
[2024-09-06T17:43:11.155+0000] {core_li.py:23} INFO - Successfully updated job requisition 66db04acbf0a19d8769e80dc
[2024-09-06T17:43:11.166+0000] {core_li.py:23} INFO - Successfully updated job requisition 66db04acbf0a19d8769e80de
[2024-09-06T17:43:11.172+0000] {core_li.py:23} INFO - Successfully updated job requisition 66db04acbf0a19d8769e80e0
[2024-09-06T17:43:11.173+0000] {python.py:240} INFO - Done. Returned value was: 100
[2024-09-06T17:43:11.199+0000] {taskinstance.py:340} INFO - ::group::Post task execution logs
[2024-09-06T17:43:11.199+0000] {taskinstance.py:352} INFO - Marking task as SUCCESS. dag_id=async_flow, task_id=task_backfill_number_of_cancelled_candidates_in_batch, run_id=manual__2024-09-06T17:43:02.727107+00:00, map_index=47, execution_date=20240906T174302, start_date=20240906T174309, end_date=20240906T174311
[2024-09-06T17:43:11.247+0000] {local_task_job_runner.py:266} INFO - Task exited with return code 0
[2024-09-06T17:43:11.266+0000] {local_task_job_runner.py:245} INFO - ::endgroup::
