[2024-09-06T17:45:56.586+0000] {local_task_job_runner.py:123} INFO - ::group::Pre task execution logs
[2024-09-06T17:45:56.614+0000] {taskinstance.py:2612} INFO - Dependencies all met for dep_context=non-requeueable deps ti=<TaskInstance: async_flow.task_backfill_number_of_cancelled_candidates_in_batch manual__2024-09-06T17:43:02.727107+00:00 map_index=7 [queued]>
[2024-09-06T17:45:56.627+0000] {taskinstance.py:2612} INFO - Dependencies all met for dep_context=requeueable deps ti=<TaskInstance: async_flow.task_backfill_number_of_cancelled_candidates_in_batch manual__2024-09-06T17:43:02.727107+00:00 map_index=7 [queued]>
[2024-09-06T17:45:56.628+0000] {taskinstance.py:2865} INFO - Starting attempt 2 of 2
[2024-09-06T17:45:56.650+0000] {taskinstance.py:2888} INFO - Executing <Mapped(_PythonDecoratedOperator): task_backfill_number_of_cancelled_candidates_in_batch> on 2024-09-06 17:43:02.727107+00:00
[2024-09-06T17:45:56.656+0000] {warnings.py:112} WARNING - /home/***/.local/lib/python3.12/site-packages/***/task/task_runner/standard_task_runner.py:70: DeprecationWarning: This process (pid=713) is multi-threaded, use of fork() may lead to deadlocks in the child.
  pid = os.fork()

[2024-09-06T17:45:56.663+0000] {standard_task_runner.py:72} INFO - Started process 797 to run task
[2024-09-06T17:45:56.666+0000] {standard_task_runner.py:104} INFO - Running: ['***', 'tasks', 'run', 'async_flow', 'task_backfill_number_of_cancelled_candidates_in_batch', 'manual__2024-09-06T17:43:02.727107+00:00', '--job-id', '289', '--raw', '--subdir', 'DAGS_FOLDER/dags_async_flow.py', '--cfg-path', '/tmp/tmp9gxd8h5i', '--map-index', '7']
[2024-09-06T17:45:56.668+0000] {standard_task_runner.py:105} INFO - Job 289: Subtask task_backfill_number_of_cancelled_candidates_in_batch
[2024-09-06T17:45:56.731+0000] {task_command.py:467} INFO - Running <TaskInstance: async_flow.task_backfill_number_of_cancelled_candidates_in_batch manual__2024-09-06T17:43:02.727107+00:00 map_index=7 [running]> on host 0817eb6c24af
[2024-09-06T17:45:56.834+0000] {taskinstance.py:3131} INFO - Exporting env vars: AIRFLOW_CTX_DAG_OWNER='***' AIRFLOW_CTX_DAG_ID='async_flow' AIRFLOW_CTX_TASK_ID='task_backfill_number_of_cancelled_candidates_in_batch' AIRFLOW_CTX_EXECUTION_DATE='2024-09-06T17:43:02.727107+00:00' AIRFLOW_CTX_TRY_NUMBER='2' AIRFLOW_CTX_DAG_RUN_ID='manual__2024-09-06T17:43:02.727107+00:00'
[2024-09-06T17:45:56.836+0000] {taskinstance.py:731} INFO - ::endgroup::
[2024-09-06T17:45:56.851+0000] {core_li.py:23} INFO - Successfully updated job requisition 66db04abbf0a19d8769e720a
[2024-09-06T17:45:56.859+0000] {core_li.py:23} INFO - Successfully updated job requisition 66db04abbf0a19d8769e720c
[2024-09-06T17:45:56.866+0000] {core_li.py:23} INFO - Successfully updated job requisition 66db04abbf0a19d8769e720e
[2024-09-06T17:45:56.874+0000] {core_li.py:23} INFO - Successfully updated job requisition 66db04abbf0a19d8769e7210
[2024-09-06T17:45:56.883+0000] {core_li.py:23} INFO - Successfully updated job requisition 66db04abbf0a19d8769e7212
[2024-09-06T17:45:56.891+0000] {core_li.py:23} INFO - Successfully updated job requisition 66db04abbf0a19d8769e7214
[2024-09-06T17:45:56.902+0000] {core_li.py:23} INFO - Successfully updated job requisition 66db04abbf0a19d8769e7216
[2024-09-06T17:45:56.912+0000] {core_li.py:23} INFO - Successfully updated job requisition 66db04abbf0a19d8769e7218
[2024-09-06T17:45:56.920+0000] {core_li.py:23} INFO - Successfully updated job requisition 66db04abbf0a19d8769e721a
[2024-09-06T17:45:56.927+0000] {core_li.py:23} INFO - Successfully updated job requisition 66db04abbf0a19d8769e721c
[2024-09-06T17:45:56.936+0000] {core_li.py:23} INFO - Successfully updated job requisition 66db04abbf0a19d8769e721e
[2024-09-06T17:45:56.942+0000] {core_li.py:23} INFO - Successfully updated job requisition 66db04abbf0a19d8769e7220
[2024-09-06T17:45:56.951+0000] {core_li.py:23} INFO - Successfully updated job requisition 66db04abbf0a19d8769e7222
[2024-09-06T17:45:56.961+0000] {core_li.py:23} INFO - Successfully updated job requisition 66db04abbf0a19d8769e7224
[2024-09-06T17:45:56.969+0000] {core_li.py:23} INFO - Successfully updated job requisition 66db04abbf0a19d8769e7226
[2024-09-06T17:45:56.975+0000] {core_li.py:23} INFO - Successfully updated job requisition 66db04abbf0a19d8769e7228
[2024-09-06T17:45:56.985+0000] {core_li.py:23} INFO - Successfully updated job requisition 66db04abbf0a19d8769e722a
[2024-09-06T17:45:56.992+0000] {core_li.py:23} INFO - Successfully updated job requisition 66db04abbf0a19d8769e722c
[2024-09-06T17:45:57.001+0000] {core_li.py:23} INFO - Successfully updated job requisition 66db04abbf0a19d8769e722e
[2024-09-06T17:45:57.009+0000] {core_li.py:23} INFO - Successfully updated job requisition 66db04abbf0a19d8769e7230
[2024-09-06T17:45:57.018+0000] {core_li.py:23} INFO - Successfully updated job requisition 66db04abbf0a19d8769e7232
[2024-09-06T17:45:57.027+0000] {core_li.py:23} INFO - Successfully updated job requisition 66db04abbf0a19d8769e7234
[2024-09-06T17:45:57.034+0000] {core_li.py:23} INFO - Successfully updated job requisition 66db04abbf0a19d8769e7236
[2024-09-06T17:45:57.049+0000] {core_li.py:23} INFO - Successfully updated job requisition 66db04abbf0a19d8769e7238
[2024-09-06T17:45:57.059+0000] {core_li.py:23} INFO - Successfully updated job requisition 66db04abbf0a19d8769e723a
[2024-09-06T17:45:57.067+0000] {core_li.py:23} INFO - Successfully updated job requisition 66db04abbf0a19d8769e723c
[2024-09-06T17:45:57.074+0000] {core_li.py:23} INFO - Successfully updated job requisition 66db04abbf0a19d8769e723e
[2024-09-06T17:45:57.083+0000] {core_li.py:23} INFO - Successfully updated job requisition 66db04abbf0a19d8769e7240
[2024-09-06T17:45:57.090+0000] {core_li.py:23} INFO - Successfully updated job requisition 66db04abbf0a19d8769e7242
[2024-09-06T17:45:57.099+0000] {core_li.py:23} INFO - Successfully updated job requisition 66db04abbf0a19d8769e7244
[2024-09-06T17:45:57.106+0000] {core_li.py:23} INFO - Successfully updated job requisition 66db04abbf0a19d8769e7246
[2024-09-06T17:45:57.114+0000] {core_li.py:23} INFO - Successfully updated job requisition 66db04abbf0a19d8769e7248
[2024-09-06T17:45:57.124+0000] {core_li.py:23} INFO - Successfully updated job requisition 66db04abbf0a19d8769e724a
[2024-09-06T17:45:57.131+0000] {core_li.py:23} INFO - Successfully updated job requisition 66db04abbf0a19d8769e724c
[2024-09-06T17:45:57.141+0000] {core_li.py:23} INFO - Successfully updated job requisition 66db04abbf0a19d8769e724e
[2024-09-06T17:45:57.154+0000] {core_li.py:23} INFO - Successfully updated job requisition 66db04abbf0a19d8769e7250
[2024-09-06T17:45:57.161+0000] {core_li.py:23} INFO - Successfully updated job requisition 66db04abbf0a19d8769e7252
[2024-09-06T17:45:57.167+0000] {core_li.py:23} INFO - Successfully updated job requisition 66db04abbf0a19d8769e7254
[2024-09-06T17:45:57.176+0000] {core_li.py:23} INFO - Successfully updated job requisition 66db04abbf0a19d8769e7256
[2024-09-06T17:45:57.185+0000] {core_li.py:23} INFO - Successfully updated job requisition 66db04abbf0a19d8769e7258
[2024-09-06T17:45:57.194+0000] {core_li.py:23} INFO - Successfully updated job requisition 66db04abbf0a19d8769e725a
[2024-09-06T17:45:57.203+0000] {core_li.py:23} INFO - Successfully updated job requisition 66db04abbf0a19d8769e725c
[2024-09-06T17:45:57.210+0000] {core_li.py:23} INFO - Successfully updated job requisition 66db04abbf0a19d8769e725e
[2024-09-06T17:45:57.215+0000] {core_li.py:23} INFO - Successfully updated job requisition 66db04abbf0a19d8769e7260
[2024-09-06T17:45:57.222+0000] {core_li.py:23} INFO - Successfully updated job requisition 66db04abbf0a19d8769e7262
[2024-09-06T17:45:57.232+0000] {core_li.py:23} INFO - Successfully updated job requisition 66db04abbf0a19d8769e7264
[2024-09-06T17:45:57.239+0000] {core_li.py:23} INFO - Successfully updated job requisition 66db04abbf0a19d8769e7266
[2024-09-06T17:45:57.258+0000] {core_li.py:23} INFO - Successfully updated job requisition 66db04abbf0a19d8769e7268
[2024-09-06T17:45:57.267+0000] {core_li.py:23} INFO - Successfully updated job requisition 66db04abbf0a19d8769e726a
[2024-09-06T17:45:57.274+0000] {core_li.py:23} INFO - Successfully updated job requisition 66db04abbf0a19d8769e726c
[2024-09-06T17:45:57.282+0000] {core_li.py:23} INFO - Successfully updated job requisition 66db04abbf0a19d8769e726e
[2024-09-06T17:45:57.290+0000] {core_li.py:23} INFO - Successfully updated job requisition 66db04abbf0a19d8769e7270
[2024-09-06T17:45:57.299+0000] {core_li.py:23} INFO - Successfully updated job requisition 66db04abbf0a19d8769e7272
[2024-09-06T17:45:57.308+0000] {core_li.py:23} INFO - Successfully updated job requisition 66db04abbf0a19d8769e7274
[2024-09-06T17:45:57.314+0000] {core_li.py:23} INFO - Successfully updated job requisition 66db04abbf0a19d8769e7276
[2024-09-06T17:45:57.325+0000] {core_li.py:23} INFO - Successfully updated job requisition 66db04abbf0a19d8769e7278
[2024-09-06T17:45:57.333+0000] {core_li.py:23} INFO - Successfully updated job requisition 66db04abbf0a19d8769e727a
[2024-09-06T17:45:57.342+0000] {core_li.py:23} INFO - Successfully updated job requisition 66db04abbf0a19d8769e727c
[2024-09-06T17:45:57.363+0000] {core_li.py:23} INFO - Successfully updated job requisition 66db04abbf0a19d8769e727e
[2024-09-06T17:45:57.374+0000] {core_li.py:23} INFO - Successfully updated job requisition 66db04abbf0a19d8769e7280
[2024-09-06T17:45:57.387+0000] {core_li.py:23} INFO - Successfully updated job requisition 66db04abbf0a19d8769e7282
[2024-09-06T17:45:57.396+0000] {core_li.py:23} INFO - Successfully updated job requisition 66db04abbf0a19d8769e7284
[2024-09-06T17:45:57.412+0000] {core_li.py:23} INFO - Successfully updated job requisition 66db04abbf0a19d8769e7286
[2024-09-06T17:45:57.418+0000] {core_li.py:23} INFO - Successfully updated job requisition 66db04abbf0a19d8769e7288
[2024-09-06T17:45:57.426+0000] {core_li.py:23} INFO - Successfully updated job requisition 66db04abbf0a19d8769e728a
[2024-09-06T17:45:57.435+0000] {core_li.py:23} INFO - Successfully updated job requisition 66db04abbf0a19d8769e728c
[2024-09-06T17:45:57.446+0000] {core_li.py:23} INFO - Successfully updated job requisition 66db04abbf0a19d8769e728e
[2024-09-06T17:45:57.457+0000] {core_li.py:23} INFO - Successfully updated job requisition 66db04abbf0a19d8769e7290
[2024-09-06T17:45:57.467+0000] {core_li.py:23} INFO - Successfully updated job requisition 66db04abbf0a19d8769e7292
[2024-09-06T17:45:57.475+0000] {core_li.py:23} INFO - Successfully updated job requisition 66db04abbf0a19d8769e7294
[2024-09-06T17:45:57.484+0000] {core_li.py:23} INFO - Successfully updated job requisition 66db04abbf0a19d8769e7296
[2024-09-06T17:45:57.491+0000] {core_li.py:23} INFO - Successfully updated job requisition 66db04abbf0a19d8769e7298
[2024-09-06T17:45:57.498+0000] {core_li.py:23} INFO - Successfully updated job requisition 66db04abbf0a19d8769e729a
[2024-09-06T17:45:57.504+0000] {core_li.py:23} INFO - Successfully updated job requisition 66db04abbf0a19d8769e729c
[2024-09-06T17:45:57.513+0000] {core_li.py:23} INFO - Successfully updated job requisition 66db04abbf0a19d8769e729e
[2024-09-06T17:45:57.521+0000] {core_li.py:23} INFO - Successfully updated job requisition 66db04abbf0a19d8769e72a0
[2024-09-06T17:45:57.528+0000] {core_li.py:23} INFO - Successfully updated job requisition 66db04abbf0a19d8769e72a2
[2024-09-06T17:45:57.536+0000] {core_li.py:23} INFO - Successfully updated job requisition 66db04abbf0a19d8769e72a4
[2024-09-06T17:45:57.543+0000] {core_li.py:23} INFO - Successfully updated job requisition 66db04abbf0a19d8769e72a6
[2024-09-06T17:45:57.553+0000] {core_li.py:23} INFO - Successfully updated job requisition 66db04abbf0a19d8769e72a8
[2024-09-06T17:45:57.561+0000] {core_li.py:23} INFO - Successfully updated job requisition 66db04abbf0a19d8769e72aa
[2024-09-06T17:45:57.579+0000] {core_li.py:23} INFO - Successfully updated job requisition 66db04abbf0a19d8769e72ac
[2024-09-06T17:45:57.590+0000] {core_li.py:23} INFO - Successfully updated job requisition 66db04abbf0a19d8769e72ae
[2024-09-06T17:45:57.600+0000] {core_li.py:23} INFO - Successfully updated job requisition 66db04abbf0a19d8769e72b0
[2024-09-06T17:45:57.613+0000] {core_li.py:23} INFO - Successfully updated job requisition 66db04abbf0a19d8769e72b2
[2024-09-06T17:45:57.627+0000] {core_li.py:23} INFO - Successfully updated job requisition 66db04abbf0a19d8769e72b4
[2024-09-06T17:45:57.638+0000] {core_li.py:23} INFO - Successfully updated job requisition 66db04abbf0a19d8769e72b6
[2024-09-06T17:45:57.645+0000] {core_li.py:23} INFO - Successfully updated job requisition 66db04abbf0a19d8769e72b8
[2024-09-06T17:45:57.662+0000] {core_li.py:23} INFO - Successfully updated job requisition 66db04abbf0a19d8769e72ba
[2024-09-06T17:45:57.673+0000] {core_li.py:23} INFO - Successfully updated job requisition 66db04abbf0a19d8769e72bc
[2024-09-06T17:45:57.687+0000] {core_li.py:23} INFO - Successfully updated job requisition 66db04abbf0a19d8769e72be
[2024-09-06T17:45:57.694+0000] {core_li.py:23} INFO - Successfully updated job requisition 66db04abbf0a19d8769e72c0
[2024-09-06T17:45:57.702+0000] {core_li.py:23} INFO - Successfully updated job requisition 66db04abbf0a19d8769e72c2
[2024-09-06T17:45:57.709+0000] {core_li.py:23} INFO - Successfully updated job requisition 66db04abbf0a19d8769e72c4
[2024-09-06T17:45:57.717+0000] {core_li.py:23} INFO - Successfully updated job requisition 66db04abbf0a19d8769e72c6
[2024-09-06T17:45:57.721+0000] {core_li.py:23} INFO - Successfully updated job requisition 66db04abbf0a19d8769e72c8
[2024-09-06T17:45:57.727+0000] {core_li.py:23} INFO - Successfully updated job requisition 66db04abbf0a19d8769e72ca
[2024-09-06T17:45:57.735+0000] {core_li.py:23} INFO - Successfully updated job requisition 66db04abbf0a19d8769e72cc
[2024-09-06T17:45:57.740+0000] {core_li.py:23} INFO - Successfully updated job requisition 66db04abbf0a19d8769e72ce
[2024-09-06T17:45:57.749+0000] {core_li.py:23} INFO - Successfully updated job requisition 66db04abbf0a19d8769e72d0
[2024-09-06T17:45:57.750+0000] {python.py:240} INFO - Done. Returned value was: 100
[2024-09-06T17:45:57.775+0000] {taskinstance.py:340} INFO - ::group::Post task execution logs
[2024-09-06T17:45:57.775+0000] {taskinstance.py:352} INFO - Marking task as SUCCESS. dag_id=async_flow, task_id=task_backfill_number_of_cancelled_candidates_in_batch, run_id=manual__2024-09-06T17:43:02.727107+00:00, map_index=7, execution_date=20240906T174302, start_date=20240906T174556, end_date=20240906T174557
[2024-09-06T17:45:57.800+0000] {local_task_job_runner.py:266} INFO - Task exited with return code 0
[2024-09-06T17:45:57.818+0000] {taskinstance.py:3900} INFO - 0 downstream tasks scheduled from follow-on schedule check
[2024-09-06T17:45:57.820+0000] {local_task_job_runner.py:245} INFO - ::endgroup::
