[2024-09-06T17:43:04.400+0000] {local_task_job_runner.py:123} INFO - ::group::Pre task execution logs
[2024-09-06T17:43:04.436+0000] {taskinstance.py:2612} INFO - Dependencies all met for dep_context=non-requeueable deps ti=<TaskInstance: async_flow.task_backfill_number_of_cancelled_candidates_in_batch manual__2024-09-06T17:43:02.727107+00:00 map_index=7 [queued]>
[2024-09-06T17:43:04.456+0000] {taskinstance.py:2612} INFO - Dependencies all met for dep_context=requeueable deps ti=<TaskInstance: async_flow.task_backfill_number_of_cancelled_candidates_in_batch manual__2024-09-06T17:43:02.727107+00:00 map_index=7 [queued]>
[2024-09-06T17:43:04.456+0000] {taskinstance.py:2865} INFO - Starting attempt 1 of 1
[2024-09-06T17:43:04.471+0000] {taskinstance.py:2888} INFO - Executing <Mapped(_PythonDecoratedOperator): task_backfill_number_of_cancelled_candidates_in_batch> on 2024-09-06 17:43:02.727107+00:00
[2024-09-06T17:43:04.480+0000] {warnings.py:112} WARNING - /home/***/.local/lib/python3.12/site-packages/***/task/task_runner/standard_task_runner.py:70: DeprecationWarning: This process (pid=78) is multi-threaded, use of fork() may lead to deadlocks in the child.
  pid = os.fork()

[2024-09-06T17:43:04.482+0000] {standard_task_runner.py:72} INFO - Started process 148 to run task
[2024-09-06T17:43:04.490+0000] {standard_task_runner.py:104} INFO - Running: ['***', 'tasks', 'run', 'async_flow', 'task_backfill_number_of_cancelled_candidates_in_batch', 'manual__2024-09-06T17:43:02.727107+00:00', '--job-id', '180', '--raw', '--subdir', 'DAGS_FOLDER/dags_async_flow.py', '--cfg-path', '/tmp/tmpe9o23e1p', '--map-index', '7']
[2024-09-06T17:43:04.493+0000] {standard_task_runner.py:105} INFO - Job 180: Subtask task_backfill_number_of_cancelled_candidates_in_batch
[2024-09-06T17:43:04.685+0000] {task_command.py:467} INFO - Running <TaskInstance: async_flow.task_backfill_number_of_cancelled_candidates_in_batch manual__2024-09-06T17:43:02.727107+00:00 map_index=7 [running]> on host 0817eb6c24af
[2024-09-06T17:43:04.983+0000] {taskinstance.py:3131} INFO - Exporting env vars: AIRFLOW_CTX_DAG_OWNER='***' AIRFLOW_CTX_DAG_ID='async_flow' AIRFLOW_CTX_TASK_ID='task_backfill_number_of_cancelled_candidates_in_batch' AIRFLOW_CTX_EXECUTION_DATE='2024-09-06T17:43:02.727107+00:00' AIRFLOW_CTX_TRY_NUMBER='1' AIRFLOW_CTX_DAG_RUN_ID='manual__2024-09-06T17:43:02.727107+00:00'
[2024-09-06T17:43:04.986+0000] {taskinstance.py:731} INFO - ::endgroup::
[2024-09-06T17:43:05.007+0000] {core_li.py:23} INFO - Successfully updated job requisition 66db04abbf0a19d8769e60da
[2024-09-06T17:43:05.021+0000] {core_li.py:23} INFO - Successfully updated job requisition 66db04abbf0a19d8769e60dc
[2024-09-06T17:43:05.034+0000] {core_li.py:23} INFO - Successfully updated job requisition 66db04abbf0a19d8769e60de
[2024-09-06T17:43:05.046+0000] {core_li.py:23} INFO - Successfully updated job requisition 66db04abbf0a19d8769e60e0
[2024-09-06T17:43:05.064+0000] {core_li.py:23} INFO - Successfully updated job requisition 66db04abbf0a19d8769e60e2
[2024-09-06T17:43:05.077+0000] {core_li.py:23} INFO - Successfully updated job requisition 66db04abbf0a19d8769e60e4
[2024-09-06T17:43:05.091+0000] {core_li.py:23} INFO - Successfully updated job requisition 66db04abbf0a19d8769e60e6
[2024-09-06T17:43:05.102+0000] {core_li.py:23} INFO - Successfully updated job requisition 66db04abbf0a19d8769e60e8
[2024-09-06T17:43:05.112+0000] {core_li.py:23} INFO - Successfully updated job requisition 66db04abbf0a19d8769e60ea
[2024-09-06T17:43:05.126+0000] {core_li.py:23} INFO - Successfully updated job requisition 66db04abbf0a19d8769e60ec
[2024-09-06T17:43:05.137+0000] {core_li.py:23} INFO - Successfully updated job requisition 66db04abbf0a19d8769e60ee
[2024-09-06T17:43:05.146+0000] {core_li.py:23} INFO - Successfully updated job requisition 66db04abbf0a19d8769e60f0
[2024-09-06T17:43:05.153+0000] {core_li.py:23} INFO - Successfully updated job requisition 66db04abbf0a19d8769e60f2
[2024-09-06T17:43:05.161+0000] {core_li.py:23} INFO - Successfully updated job requisition 66db04abbf0a19d8769e60f4
[2024-09-06T17:43:05.169+0000] {core_li.py:23} INFO - Successfully updated job requisition 66db04abbf0a19d8769e60f6
[2024-09-06T17:43:05.178+0000] {core_li.py:23} INFO - Successfully updated job requisition 66db04abbf0a19d8769e60f8
[2024-09-06T17:43:05.187+0000] {core_li.py:23} INFO - Successfully updated job requisition 66db04abbf0a19d8769e60fa
[2024-09-06T17:43:05.200+0000] {core_li.py:23} INFO - Successfully updated job requisition 66db04abbf0a19d8769e60fc
[2024-09-06T17:43:05.211+0000] {core_li.py:23} INFO - Successfully updated job requisition 66db04abbf0a19d8769e60fe
[2024-09-06T17:43:05.221+0000] {core_li.py:23} INFO - Successfully updated job requisition 66db04abbf0a19d8769e6100
[2024-09-06T17:43:05.228+0000] {core_li.py:23} INFO - Successfully updated job requisition 66db04abbf0a19d8769e6102
[2024-09-06T17:43:05.242+0000] {core_li.py:23} INFO - Successfully updated job requisition 66db04abbf0a19d8769e6104
[2024-09-06T17:43:05.254+0000] {core_li.py:23} INFO - Successfully updated job requisition 66db04abbf0a19d8769e6106
[2024-09-06T17:43:05.262+0000] {core_li.py:23} INFO - Successfully updated job requisition 66db04abbf0a19d8769e6108
[2024-09-06T17:43:05.274+0000] {core_li.py:23} INFO - Successfully updated job requisition 66db04abbf0a19d8769e610a
[2024-09-06T17:43:05.282+0000] {core_li.py:23} INFO - Successfully updated job requisition 66db04abbf0a19d8769e610c
[2024-09-06T17:43:05.298+0000] {core_li.py:23} INFO - Successfully updated job requisition 66db04abbf0a19d8769e610e
[2024-09-06T17:43:05.309+0000] {core_li.py:23} INFO - Successfully updated job requisition 66db04abbf0a19d8769e6110
[2024-09-06T17:43:05.318+0000] {core_li.py:23} INFO - Successfully updated job requisition 66db04abbf0a19d8769e6112
[2024-09-06T17:43:05.328+0000] {core_li.py:23} INFO - Successfully updated job requisition 66db04abbf0a19d8769e6114
[2024-09-06T17:43:05.339+0000] {core_li.py:23} INFO - Successfully updated job requisition 66db04abbf0a19d8769e6116
[2024-09-06T17:43:05.347+0000] {core_li.py:23} INFO - Successfully updated job requisition 66db04abbf0a19d8769e6118
[2024-09-06T17:43:05.355+0000] {core_li.py:23} INFO - Successfully updated job requisition 66db04abbf0a19d8769e611a
[2024-09-06T17:43:05.365+0000] {core_li.py:23} INFO - Successfully updated job requisition 66db04abbf0a19d8769e611c
[2024-09-06T17:43:05.374+0000] {core_li.py:23} INFO - Successfully updated job requisition 66db04abbf0a19d8769e611e
[2024-09-06T17:43:05.383+0000] {core_li.py:23} INFO - Successfully updated job requisition 66db04abbf0a19d8769e6120
[2024-09-06T17:43:05.390+0000] {core_li.py:23} INFO - Successfully updated job requisition 66db04abbf0a19d8769e6122
[2024-09-06T17:43:05.398+0000] {core_li.py:23} INFO - Successfully updated job requisition 66db04abbf0a19d8769e6124
[2024-09-06T17:43:05.409+0000] {core_li.py:23} INFO - Successfully updated job requisition 66db04abbf0a19d8769e6126
[2024-09-06T17:43:05.420+0000] {core_li.py:23} INFO - Successfully updated job requisition 66db04abbf0a19d8769e6128
[2024-09-06T17:43:05.428+0000] {core_li.py:23} INFO - Successfully updated job requisition 66db04abbf0a19d8769e612a
[2024-09-06T17:43:05.436+0000] {core_li.py:23} INFO - Successfully updated job requisition 66db04abbf0a19d8769e612c
[2024-09-06T17:43:05.442+0000] {core_li.py:23} INFO - Successfully updated job requisition 66db04abbf0a19d8769e612e
[2024-09-06T17:43:05.450+0000] {core_li.py:23} INFO - Successfully updated job requisition 66db04abbf0a19d8769e6130
[2024-09-06T17:43:05.462+0000] {core_li.py:23} INFO - Successfully updated job requisition 66db04abbf0a19d8769e6132
[2024-09-06T17:43:05.469+0000] {core_li.py:23} INFO - Successfully updated job requisition 66db04abbf0a19d8769e6134
[2024-09-06T17:43:05.481+0000] {core_li.py:23} INFO - Successfully updated job requisition 66db04abbf0a19d8769e6136
[2024-09-06T17:43:05.494+0000] {core_li.py:23} INFO - Successfully updated job requisition 66db04abbf0a19d8769e6138
[2024-09-06T17:43:05.506+0000] {core_li.py:23} INFO - Successfully updated job requisition 66db04abbf0a19d8769e613a
[2024-09-06T17:43:05.514+0000] {core_li.py:23} INFO - Successfully updated job requisition 66db04abbf0a19d8769e613c
[2024-09-06T17:43:05.523+0000] {core_li.py:23} INFO - Successfully updated job requisition 66db04abbf0a19d8769e613e
[2024-09-06T17:43:05.535+0000] {core_li.py:23} INFO - Successfully updated job requisition 66db04abbf0a19d8769e6140
[2024-09-06T17:43:05.552+0000] {core_li.py:23} INFO - Successfully updated job requisition 66db04abbf0a19d8769e6142
[2024-09-06T17:43:05.566+0000] {core_li.py:23} INFO - Successfully updated job requisition 66db04abbf0a19d8769e6144
[2024-09-06T17:43:05.583+0000] {core_li.py:23} INFO - Successfully updated job requisition 66db04abbf0a19d8769e6146
[2024-09-06T17:43:05.601+0000] {core_li.py:23} INFO - Successfully updated job requisition 66db04abbf0a19d8769e6148
[2024-09-06T17:43:05.608+0000] {core_li.py:23} INFO - Successfully updated job requisition 66db04abbf0a19d8769e614a
[2024-09-06T17:43:05.628+0000] {core_li.py:23} INFO - Successfully updated job requisition 66db04abbf0a19d8769e614c
[2024-09-06T17:43:05.643+0000] {core_li.py:23} INFO - Successfully updated job requisition 66db04abbf0a19d8769e614e
[2024-09-06T17:43:05.684+0000] {core_li.py:23} INFO - Successfully updated job requisition 66db04abbf0a19d8769e6150
[2024-09-06T17:43:05.725+0000] {core_li.py:23} INFO - Successfully updated job requisition 66db04abbf0a19d8769e6152
[2024-09-06T17:43:05.745+0000] {core_li.py:23} INFO - Successfully updated job requisition 66db04abbf0a19d8769e6154
[2024-09-06T17:43:05.758+0000] {core_li.py:23} INFO - Successfully updated job requisition 66db04abbf0a19d8769e6156
[2024-09-06T17:43:05.782+0000] {core_li.py:23} INFO - Successfully updated job requisition 66db04abbf0a19d8769e6158
[2024-09-06T17:43:05.800+0000] {core_li.py:23} INFO - Successfully updated job requisition 66db04abbf0a19d8769e615a
[2024-09-06T17:43:05.815+0000] {core_li.py:23} INFO - Successfully updated job requisition 66db04abbf0a19d8769e615c
[2024-09-06T17:43:05.825+0000] {core_li.py:23} INFO - Successfully updated job requisition 66db04abbf0a19d8769e615e
[2024-09-06T17:43:05.839+0000] {core_li.py:23} INFO - Successfully updated job requisition 66db04abbf0a19d8769e6160
[2024-09-06T17:43:05.851+0000] {core_li.py:23} INFO - Successfully updated job requisition 66db04abbf0a19d8769e6162
[2024-09-06T17:43:05.865+0000] {core_li.py:23} INFO - Successfully updated job requisition 66db04abbf0a19d8769e6164
[2024-09-06T17:43:05.884+0000] {core_li.py:23} INFO - Successfully updated job requisition 66db04abbf0a19d8769e6166
[2024-09-06T17:43:05.895+0000] {core_li.py:23} INFO - Successfully updated job requisition 66db04abbf0a19d8769e6168
[2024-09-06T17:43:05.906+0000] {core_li.py:23} INFO - Successfully updated job requisition 66db04abbf0a19d8769e616a
[2024-09-06T17:43:05.920+0000] {core_li.py:23} INFO - Successfully updated job requisition 66db04abbf0a19d8769e616c
[2024-09-06T17:43:05.933+0000] {core_li.py:23} INFO - Successfully updated job requisition 66db04abbf0a19d8769e616e
[2024-09-06T17:43:05.944+0000] {core_li.py:23} INFO - Successfully updated job requisition 66db04abbf0a19d8769e6170
[2024-09-06T17:43:05.951+0000] {core_li.py:23} INFO - Successfully updated job requisition 66db04abbf0a19d8769e6172
[2024-09-06T17:43:05.966+0000] {core_li.py:23} INFO - Successfully updated job requisition 66db04abbf0a19d8769e6174
[2024-09-06T17:43:05.976+0000] {core_li.py:23} INFO - Successfully updated job requisition 66db04abbf0a19d8769e6176
[2024-09-06T17:43:05.988+0000] {core_li.py:23} INFO - Successfully updated job requisition 66db04abbf0a19d8769e6178
[2024-09-06T17:43:06.010+0000] {core_li.py:23} INFO - Successfully updated job requisition 66db04abbf0a19d8769e617a
[2024-09-06T17:43:06.019+0000] {core_li.py:23} INFO - Successfully updated job requisition 66db04abbf0a19d8769e617c
[2024-09-06T17:43:06.028+0000] {core_li.py:23} INFO - Successfully updated job requisition 66db04abbf0a19d8769e617e
[2024-09-06T17:43:06.035+0000] {core_li.py:23} INFO - Successfully updated job requisition 66db04abbf0a19d8769e6180
[2024-09-06T17:43:06.045+0000] {core_li.py:23} INFO - Successfully updated job requisition 66db04abbf0a19d8769e6182
[2024-09-06T17:43:06.053+0000] {core_li.py:23} INFO - Successfully updated job requisition 66db04abbf0a19d8769e6184
[2024-09-06T17:43:06.064+0000] {core_li.py:23} INFO - Successfully updated job requisition 66db04abbf0a19d8769e6186
[2024-09-06T17:43:06.071+0000] {core_li.py:23} INFO - Successfully updated job requisition 66db04abbf0a19d8769e6188
[2024-09-06T17:43:06.078+0000] {core_li.py:23} INFO - Successfully updated job requisition 66db04abbf0a19d8769e618a
[2024-09-06T17:43:06.093+0000] {core_li.py:23} INFO - Successfully updated job requisition 66db04abbf0a19d8769e618c
[2024-09-06T17:43:06.102+0000] {core_li.py:23} INFO - Successfully updated job requisition 66db04abbf0a19d8769e618e
[2024-09-06T17:43:06.111+0000] {core_li.py:23} INFO - Successfully updated job requisition 66db04abbf0a19d8769e6190
[2024-09-06T17:43:06.118+0000] {core_li.py:23} INFO - Successfully updated job requisition 66db04abbf0a19d8769e6192
[2024-09-06T17:43:06.126+0000] {core_li.py:23} INFO - Successfully updated job requisition 66db04abbf0a19d8769e6194
[2024-09-06T17:43:06.136+0000] {core_li.py:23} INFO - Successfully updated job requisition 66db04abbf0a19d8769e6196
[2024-09-06T17:43:06.146+0000] {core_li.py:23} INFO - Successfully updated job requisition 66db04abbf0a19d8769e6198
[2024-09-06T17:43:06.158+0000] {core_li.py:23} INFO - Successfully updated job requisition 66db04abbf0a19d8769e619a
[2024-09-06T17:43:06.166+0000] {core_li.py:23} INFO - Successfully updated job requisition 66db04abbf0a19d8769e619c
[2024-09-06T17:43:06.173+0000] {core_li.py:23} INFO - Successfully updated job requisition 66db04abbf0a19d8769e619e
[2024-09-06T17:43:06.187+0000] {core_li.py:23} INFO - Successfully updated job requisition 66db04abbf0a19d8769e61a0
[2024-09-06T17:43:06.190+0000] {python.py:240} INFO - Done. Returned value was: 100
[2024-09-06T17:43:06.228+0000] {taskinstance.py:340} INFO - ::group::Post task execution logs
[2024-09-06T17:43:06.228+0000] {taskinstance.py:352} INFO - Marking task as SUCCESS. dag_id=async_flow, task_id=task_backfill_number_of_cancelled_candidates_in_batch, run_id=manual__2024-09-06T17:43:02.727107+00:00, map_index=7, execution_date=20240906T174302, start_date=20240906T174304, end_date=20240906T174306
[2024-09-06T17:43:06.251+0000] {local_task_job_runner.py:266} INFO - Task exited with return code 0
[2024-09-06T17:43:06.275+0000] {taskinstance.py:3900} INFO - 0 downstream tasks scheduled from follow-on schedule check
[2024-09-06T17:43:06.282+0000] {local_task_job_runner.py:245} INFO - ::endgroup::
