[2024-09-06T17:47:32.107+0000] {local_task_job_runner.py:123} INFO - ::group::Pre task execution logs
[2024-09-06T17:47:32.127+0000] {taskinstance.py:2612} INFO - Dependencies all met for dep_context=non-requeueable deps ti=<TaskInstance: async_flow.task_backfill_number_of_cancelled_candidates_in_batch manual__2024-09-06T17:47:30.120511+00:00 map_index=13 [queued]>
[2024-09-06T17:47:32.140+0000] {taskinstance.py:2612} INFO - Dependencies all met for dep_context=requeueable deps ti=<TaskInstance: async_flow.task_backfill_number_of_cancelled_candidates_in_batch manual__2024-09-06T17:47:30.120511+00:00 map_index=13 [queued]>
[2024-09-06T17:47:32.141+0000] {taskinstance.py:2865} INFO - Starting attempt 1 of 1
[2024-09-06T17:47:32.160+0000] {taskinstance.py:2888} INFO - Executing <Mapped(_PythonDecoratedOperator): task_backfill_number_of_cancelled_candidates_in_batch> on 2024-09-06 17:47:30.120511+00:00
[2024-09-06T17:47:32.164+0000] {warnings.py:112} WARNING - /home/***/.local/lib/python3.12/site-packages/***/task/task_runner/standard_task_runner.py:70: DeprecationWarning: This process (pid=1051) is multi-threaded, use of fork() may lead to deadlocks in the child.
  pid = os.fork()

[2024-09-06T17:47:32.165+0000] {standard_task_runner.py:72} INFO - Started process 1115 to run task
[2024-09-06T17:47:32.173+0000] {standard_task_runner.py:104} INFO - Running: ['***', 'tasks', 'run', 'async_flow', 'task_backfill_number_of_cancelled_candidates_in_batch', 'manual__2024-09-06T17:47:30.120511+00:00', '--job-id', '334', '--raw', '--subdir', 'DAGS_FOLDER/dags_async_flow.py', '--cfg-path', '/tmp/tmphvj_b7f0', '--map-index', '13']
[2024-09-06T17:47:32.182+0000] {standard_task_runner.py:105} INFO - Job 334: Subtask task_backfill_number_of_cancelled_candidates_in_batch
[2024-09-06T17:47:32.264+0000] {task_command.py:467} INFO - Running <TaskInstance: async_flow.task_backfill_number_of_cancelled_candidates_in_batch manual__2024-09-06T17:47:30.120511+00:00 map_index=13 [running]> on host 0817eb6c24af
[2024-09-06T17:47:32.390+0000] {taskinstance.py:3131} INFO - Exporting env vars: AIRFLOW_CTX_DAG_OWNER='***' AIRFLOW_CTX_DAG_ID='async_flow' AIRFLOW_CTX_TASK_ID='task_backfill_number_of_cancelled_candidates_in_batch' AIRFLOW_CTX_EXECUTION_DATE='2024-09-06T17:47:30.120511+00:00' AIRFLOW_CTX_TRY_NUMBER='1' AIRFLOW_CTX_DAG_RUN_ID='manual__2024-09-06T17:47:30.120511+00:00'
[2024-09-06T17:47:32.391+0000] {taskinstance.py:731} INFO - ::endgroup::
[2024-09-06T17:47:32.432+0000] {core_li.py:23} INFO - Successfully updated job requisition 66db04abbf0a19d8769e658a
[2024-09-06T17:47:32.464+0000] {core_li.py:23} INFO - Successfully updated job requisition 66db04abbf0a19d8769e658c
[2024-09-06T17:47:32.475+0000] {core_li.py:23} INFO - Successfully updated job requisition 66db04abbf0a19d8769e658e
[2024-09-06T17:47:32.504+0000] {core_li.py:23} INFO - Successfully updated job requisition 66db04abbf0a19d8769e6590
[2024-09-06T17:47:32.531+0000] {core_li.py:23} INFO - Successfully updated job requisition 66db04abbf0a19d8769e6592
[2024-09-06T17:47:32.545+0000] {core_li.py:23} INFO - Successfully updated job requisition 66db04abbf0a19d8769e6594
[2024-09-06T17:47:32.557+0000] {core_li.py:23} INFO - Successfully updated job requisition 66db04abbf0a19d8769e6596
[2024-09-06T17:47:32.569+0000] {core_li.py:23} INFO - Successfully updated job requisition 66db04abbf0a19d8769e6598
[2024-09-06T17:47:32.577+0000] {core_li.py:23} INFO - Successfully updated job requisition 66db04abbf0a19d8769e659a
[2024-09-06T17:47:32.585+0000] {core_li.py:23} INFO - Successfully updated job requisition 66db04abbf0a19d8769e659c
[2024-09-06T17:47:32.595+0000] {core_li.py:23} INFO - Successfully updated job requisition 66db04abbf0a19d8769e659e
[2024-09-06T17:47:32.607+0000] {core_li.py:23} INFO - Successfully updated job requisition 66db04abbf0a19d8769e65a0
[2024-09-06T17:47:32.618+0000] {core_li.py:23} INFO - Successfully updated job requisition 66db04abbf0a19d8769e65a2
[2024-09-06T17:47:32.630+0000] {core_li.py:23} INFO - Successfully updated job requisition 66db04abbf0a19d8769e65a4
[2024-09-06T17:47:32.640+0000] {core_li.py:23} INFO - Successfully updated job requisition 66db04abbf0a19d8769e65a6
[2024-09-06T17:47:32.653+0000] {core_li.py:23} INFO - Successfully updated job requisition 66db04abbf0a19d8769e65a8
[2024-09-06T17:47:32.663+0000] {core_li.py:23} INFO - Successfully updated job requisition 66db04abbf0a19d8769e65aa
[2024-09-06T17:47:32.676+0000] {core_li.py:23} INFO - Successfully updated job requisition 66db04abbf0a19d8769e65ac
[2024-09-06T17:47:32.687+0000] {core_li.py:23} INFO - Successfully updated job requisition 66db04abbf0a19d8769e65ae
[2024-09-06T17:47:32.699+0000] {core_li.py:23} INFO - Successfully updated job requisition 66db04abbf0a19d8769e65b0
[2024-09-06T17:47:32.710+0000] {core_li.py:23} INFO - Successfully updated job requisition 66db04abbf0a19d8769e65b2
[2024-09-06T17:47:32.720+0000] {core_li.py:23} INFO - Successfully updated job requisition 66db04abbf0a19d8769e65b4
[2024-09-06T17:47:32.729+0000] {core_li.py:23} INFO - Successfully updated job requisition 66db04abbf0a19d8769e65b6
[2024-09-06T17:47:32.738+0000] {core_li.py:23} INFO - Successfully updated job requisition 66db04abbf0a19d8769e65b8
[2024-09-06T17:47:32.747+0000] {core_li.py:23} INFO - Successfully updated job requisition 66db04abbf0a19d8769e65ba
[2024-09-06T17:47:32.757+0000] {core_li.py:23} INFO - Successfully updated job requisition 66db04abbf0a19d8769e65bc
[2024-09-06T17:47:32.766+0000] {core_li.py:23} INFO - Successfully updated job requisition 66db04abbf0a19d8769e65be
[2024-09-06T17:47:32.777+0000] {core_li.py:23} INFO - Successfully updated job requisition 66db04abbf0a19d8769e65c0
[2024-09-06T17:47:32.787+0000] {core_li.py:23} INFO - Successfully updated job requisition 66db04abbf0a19d8769e65c2
[2024-09-06T17:47:32.798+0000] {core_li.py:23} INFO - Successfully updated job requisition 66db04abbf0a19d8769e65c4
[2024-09-06T17:47:32.809+0000] {core_li.py:23} INFO - Successfully updated job requisition 66db04abbf0a19d8769e65c6
[2024-09-06T17:47:32.817+0000] {core_li.py:23} INFO - Successfully updated job requisition 66db04abbf0a19d8769e65c8
[2024-09-06T17:47:32.833+0000] {core_li.py:23} INFO - Successfully updated job requisition 66db04abbf0a19d8769e65ca
[2024-09-06T17:47:32.849+0000] {core_li.py:23} INFO - Successfully updated job requisition 66db04abbf0a19d8769e65cc
[2024-09-06T17:47:32.859+0000] {core_li.py:23} INFO - Successfully updated job requisition 66db04abbf0a19d8769e65ce
[2024-09-06T17:47:32.868+0000] {core_li.py:23} INFO - Successfully updated job requisition 66db04abbf0a19d8769e65d0
[2024-09-06T17:47:32.881+0000] {core_li.py:23} INFO - Successfully updated job requisition 66db04abbf0a19d8769e65d2
[2024-09-06T17:47:32.890+0000] {core_li.py:23} INFO - Successfully updated job requisition 66db04abbf0a19d8769e65d4
[2024-09-06T17:47:32.901+0000] {core_li.py:23} INFO - Successfully updated job requisition 66db04abbf0a19d8769e65d6
[2024-09-06T17:47:32.914+0000] {core_li.py:23} INFO - Successfully updated job requisition 66db04abbf0a19d8769e65d8
[2024-09-06T17:47:32.928+0000] {core_li.py:23} INFO - Successfully updated job requisition 66db04abbf0a19d8769e65da
[2024-09-06T17:47:32.938+0000] {core_li.py:23} INFO - Successfully updated job requisition 66db04abbf0a19d8769e65dc
[2024-09-06T17:47:32.945+0000] {core_li.py:23} INFO - Successfully updated job requisition 66db04abbf0a19d8769e65de
[2024-09-06T17:47:32.955+0000] {core_li.py:23} INFO - Successfully updated job requisition 66db04abbf0a19d8769e65e0
[2024-09-06T17:47:32.965+0000] {core_li.py:23} INFO - Successfully updated job requisition 66db04abbf0a19d8769e65e2
[2024-09-06T17:47:32.974+0000] {core_li.py:23} INFO - Successfully updated job requisition 66db04abbf0a19d8769e65e4
[2024-09-06T17:47:32.984+0000] {core_li.py:23} INFO - Successfully updated job requisition 66db04abbf0a19d8769e65e6
[2024-09-06T17:47:32.991+0000] {core_li.py:23} INFO - Successfully updated job requisition 66db04abbf0a19d8769e65e8
[2024-09-06T17:47:33.000+0000] {core_li.py:23} INFO - Successfully updated job requisition 66db04abbf0a19d8769e65ea
[2024-09-06T17:47:33.008+0000] {core_li.py:23} INFO - Successfully updated job requisition 66db04abbf0a19d8769e65ec
[2024-09-06T17:47:33.024+0000] {core_li.py:23} INFO - Successfully updated job requisition 66db04abbf0a19d8769e65ee
[2024-09-06T17:47:33.034+0000] {core_li.py:23} INFO - Successfully updated job requisition 66db04abbf0a19d8769e65f0
[2024-09-06T17:47:33.045+0000] {core_li.py:23} INFO - Successfully updated job requisition 66db04abbf0a19d8769e65f2
[2024-09-06T17:47:33.055+0000] {core_li.py:23} INFO - Successfully updated job requisition 66db04abbf0a19d8769e65f4
[2024-09-06T17:47:33.065+0000] {core_li.py:23} INFO - Successfully updated job requisition 66db04abbf0a19d8769e65f6
[2024-09-06T17:47:33.075+0000] {core_li.py:23} INFO - Successfully updated job requisition 66db04abbf0a19d8769e65f8
[2024-09-06T17:47:33.083+0000] {core_li.py:23} INFO - Successfully updated job requisition 66db04abbf0a19d8769e65fa
[2024-09-06T17:47:33.090+0000] {core_li.py:23} INFO - Successfully updated job requisition 66db04abbf0a19d8769e65fc
[2024-09-06T17:47:33.103+0000] {core_li.py:23} INFO - Successfully updated job requisition 66db04abbf0a19d8769e65fe
[2024-09-06T17:47:33.114+0000] {core_li.py:23} INFO - Successfully updated job requisition 66db04abbf0a19d8769e6600
[2024-09-06T17:47:33.123+0000] {core_li.py:23} INFO - Successfully updated job requisition 66db04abbf0a19d8769e6602
[2024-09-06T17:47:33.132+0000] {core_li.py:23} INFO - Successfully updated job requisition 66db04abbf0a19d8769e6604
[2024-09-06T17:47:33.141+0000] {core_li.py:23} INFO - Successfully updated job requisition 66db04abbf0a19d8769e6606
[2024-09-06T17:47:33.149+0000] {core_li.py:23} INFO - Successfully updated job requisition 66db04abbf0a19d8769e6608
[2024-09-06T17:47:33.159+0000] {core_li.py:23} INFO - Successfully updated job requisition 66db04abbf0a19d8769e660a
[2024-09-06T17:47:33.168+0000] {core_li.py:23} INFO - Successfully updated job requisition 66db04abbf0a19d8769e660c
[2024-09-06T17:47:33.179+0000] {core_li.py:23} INFO - Successfully updated job requisition 66db04abbf0a19d8769e660e
[2024-09-06T17:47:33.191+0000] {core_li.py:23} INFO - Successfully updated job requisition 66db04abbf0a19d8769e6610
[2024-09-06T17:47:33.201+0000] {core_li.py:23} INFO - Successfully updated job requisition 66db04abbf0a19d8769e6612
[2024-09-06T17:47:33.212+0000] {core_li.py:23} INFO - Successfully updated job requisition 66db04abbf0a19d8769e6614
[2024-09-06T17:47:33.219+0000] {core_li.py:23} INFO - Successfully updated job requisition 66db04abbf0a19d8769e6616
[2024-09-06T17:47:33.227+0000] {core_li.py:23} INFO - Successfully updated job requisition 66db04abbf0a19d8769e6618
[2024-09-06T17:47:33.238+0000] {core_li.py:23} INFO - Successfully updated job requisition 66db04abbf0a19d8769e661a
[2024-09-06T17:47:33.246+0000] {core_li.py:23} INFO - Successfully updated job requisition 66db04abbf0a19d8769e661c
[2024-09-06T17:47:33.253+0000] {core_li.py:23} INFO - Successfully updated job requisition 66db04abbf0a19d8769e661e
[2024-09-06T17:47:33.259+0000] {core_li.py:23} INFO - Successfully updated job requisition 66db04abbf0a19d8769e6620
[2024-09-06T17:47:33.266+0000] {core_li.py:23} INFO - Successfully updated job requisition 66db04abbf0a19d8769e6622
[2024-09-06T17:47:33.274+0000] {core_li.py:23} INFO - Successfully updated job requisition 66db04abbf0a19d8769e6624
[2024-09-06T17:47:33.283+0000] {core_li.py:23} INFO - Successfully updated job requisition 66db04abbf0a19d8769e6626
[2024-09-06T17:47:33.289+0000] {core_li.py:23} INFO - Successfully updated job requisition 66db04abbf0a19d8769e6628
[2024-09-06T17:47:33.301+0000] {core_li.py:23} INFO - Successfully updated job requisition 66db04abbf0a19d8769e662a
[2024-09-06T17:47:33.308+0000] {core_li.py:23} INFO - Successfully updated job requisition 66db04abbf0a19d8769e662c
[2024-09-06T17:47:33.313+0000] {core_li.py:23} INFO - Successfully updated job requisition 66db04abbf0a19d8769e662e
[2024-09-06T17:47:33.320+0000] {core_li.py:23} INFO - Successfully updated job requisition 66db04abbf0a19d8769e6630
[2024-09-06T17:47:33.327+0000] {core_li.py:23} INFO - Successfully updated job requisition 66db04abbf0a19d8769e6632
[2024-09-06T17:47:33.337+0000] {core_li.py:23} INFO - Successfully updated job requisition 66db04abbf0a19d8769e6634
[2024-09-06T17:47:33.344+0000] {core_li.py:23} INFO - Successfully updated job requisition 66db04abbf0a19d8769e6636
[2024-09-06T17:47:33.352+0000] {core_li.py:23} INFO - Successfully updated job requisition 66db04abbf0a19d8769e6638
[2024-09-06T17:47:33.359+0000] {core_li.py:23} INFO - Successfully updated job requisition 66db04abbf0a19d8769e663a
[2024-09-06T17:47:33.370+0000] {core_li.py:23} INFO - Successfully updated job requisition 66db04abbf0a19d8769e663c
[2024-09-06T17:47:33.390+0000] {core_li.py:23} INFO - Successfully updated job requisition 66db04abbf0a19d8769e663e
[2024-09-06T17:47:33.396+0000] {core_li.py:23} INFO - Successfully updated job requisition 66db04abbf0a19d8769e6640
[2024-09-06T17:47:33.402+0000] {core_li.py:23} INFO - Successfully updated job requisition 66db04abbf0a19d8769e6642
[2024-09-06T17:47:33.409+0000] {core_li.py:23} INFO - Successfully updated job requisition 66db04abbf0a19d8769e6644
[2024-09-06T17:47:33.417+0000] {core_li.py:23} INFO - Successfully updated job requisition 66db04abbf0a19d8769e6646
[2024-09-06T17:47:33.426+0000] {core_li.py:23} INFO - Successfully updated job requisition 66db04abbf0a19d8769e6648
[2024-09-06T17:47:33.434+0000] {core_li.py:23} INFO - Successfully updated job requisition 66db04abbf0a19d8769e664a
[2024-09-06T17:47:33.443+0000] {core_li.py:23} INFO - Successfully updated job requisition 66db04abbf0a19d8769e664c
[2024-09-06T17:47:33.456+0000] {core_li.py:23} INFO - Successfully updated job requisition 66db04abbf0a19d8769e664e
[2024-09-06T17:47:33.469+0000] {core_li.py:23} INFO - Successfully updated job requisition 66db04abbf0a19d8769e6650
[2024-09-06T17:47:33.470+0000] {python.py:240} INFO - Done. Returned value was: 100
[2024-09-06T17:47:33.496+0000] {taskinstance.py:340} INFO - ::group::Post task execution logs
[2024-09-06T17:47:33.499+0000] {taskinstance.py:352} INFO - Marking task as SUCCESS. dag_id=async_flow, task_id=task_backfill_number_of_cancelled_candidates_in_batch, run_id=manual__2024-09-06T17:47:30.120511+00:00, map_index=13, execution_date=20240906T174730, start_date=20240906T174732, end_date=20240906T174733
[2024-09-06T17:47:33.545+0000] {local_task_job_runner.py:266} INFO - Task exited with return code 0
[2024-09-06T17:47:33.556+0000] {local_task_job_runner.py:245} INFO - ::endgroup::
