[2024-09-06T17:47:39.972+0000] {local_task_job_runner.py:123} INFO - ::group::Pre task execution logs
[2024-09-06T17:47:39.986+0000] {taskinstance.py:2612} INFO - Dependencies all met for dep_context=non-requeueable deps ti=<TaskInstance: async_flow.task_backfill_number_of_cancelled_candidates_in_batch manual__2024-09-06T17:47:30.120511+00:00 map_index=48 [queued]>
[2024-09-06T17:47:39.993+0000] {taskinstance.py:2612} INFO - Dependencies all met for dep_context=requeueable deps ti=<TaskInstance: async_flow.task_backfill_number_of_cancelled_candidates_in_batch manual__2024-09-06T17:47:30.120511+00:00 map_index=48 [queued]>
[2024-09-06T17:47:39.995+0000] {taskinstance.py:2865} INFO - Starting attempt 1 of 1
[2024-09-06T17:47:40.001+0000] {taskinstance.py:2888} INFO - Executing <Mapped(_PythonDecoratedOperator): task_backfill_number_of_cancelled_candidates_in_batch> on 2024-09-06 17:47:30.120511+00:00
[2024-09-06T17:47:40.005+0000] {warnings.py:112} WARNING - /home/***/.local/lib/python3.12/site-packages/***/task/task_runner/standard_task_runner.py:70: DeprecationWarning: This process (pid=1333) is multi-threaded, use of fork() may lead to deadlocks in the child.
  pid = os.fork()

[2024-09-06T17:47:40.006+0000] {standard_task_runner.py:72} INFO - Started process 1342 to run task
[2024-09-06T17:47:40.007+0000] {standard_task_runner.py:104} INFO - Running: ['***', 'tasks', 'run', 'async_flow', 'task_backfill_number_of_cancelled_candidates_in_batch', 'manual__2024-09-06T17:47:30.120511+00:00', '--job-id', '376', '--raw', '--subdir', 'DAGS_FOLDER/dags_async_flow.py', '--cfg-path', '/tmp/tmp07i9ha4d', '--map-index', '48']
[2024-09-06T17:47:40.008+0000] {standard_task_runner.py:105} INFO - Job 376: Subtask task_backfill_number_of_cancelled_candidates_in_batch
[2024-09-06T17:47:40.033+0000] {task_command.py:467} INFO - Running <TaskInstance: async_flow.task_backfill_number_of_cancelled_candidates_in_batch manual__2024-09-06T17:47:30.120511+00:00 map_index=48 [running]> on host 0817eb6c24af
[2024-09-06T17:47:40.084+0000] {taskinstance.py:3131} INFO - Exporting env vars: AIRFLOW_CTX_DAG_OWNER='***' AIRFLOW_CTX_DAG_ID='async_flow' AIRFLOW_CTX_TASK_ID='task_backfill_number_of_cancelled_candidates_in_batch' AIRFLOW_CTX_EXECUTION_DATE='2024-09-06T17:47:30.120511+00:00' AIRFLOW_CTX_TRY_NUMBER='1' AIRFLOW_CTX_DAG_RUN_ID='manual__2024-09-06T17:47:30.120511+00:00'
[2024-09-06T17:47:40.084+0000] {taskinstance.py:731} INFO - ::endgroup::
[2024-09-06T17:47:40.094+0000] {core_li.py:23} INFO - Successfully updated job requisition 66db04abbf0a19d8769e7142
[2024-09-06T17:47:40.100+0000] {core_li.py:23} INFO - Successfully updated job requisition 66db04abbf0a19d8769e7144
[2024-09-06T17:47:40.106+0000] {core_li.py:23} INFO - Successfully updated job requisition 66db04abbf0a19d8769e7146
[2024-09-06T17:47:40.114+0000] {core_li.py:23} INFO - Successfully updated job requisition 66db04abbf0a19d8769e7148
[2024-09-06T17:47:40.120+0000] {core_li.py:23} INFO - Successfully updated job requisition 66db04abbf0a19d8769e714a
[2024-09-06T17:47:40.124+0000] {core_li.py:23} INFO - Successfully updated job requisition 66db04abbf0a19d8769e714c
[2024-09-06T17:47:40.131+0000] {core_li.py:23} INFO - Successfully updated job requisition 66db04abbf0a19d8769e714e
[2024-09-06T17:47:40.135+0000] {core_li.py:23} INFO - Successfully updated job requisition 66db04abbf0a19d8769e7150
[2024-09-06T17:47:40.140+0000] {core_li.py:23} INFO - Successfully updated job requisition 66db04abbf0a19d8769e7152
[2024-09-06T17:47:40.144+0000] {core_li.py:23} INFO - Successfully updated job requisition 66db04abbf0a19d8769e7154
[2024-09-06T17:47:40.148+0000] {core_li.py:23} INFO - Successfully updated job requisition 66db04abbf0a19d8769e7156
[2024-09-06T17:47:40.153+0000] {core_li.py:23} INFO - Successfully updated job requisition 66db04abbf0a19d8769e7158
[2024-09-06T17:47:40.157+0000] {core_li.py:23} INFO - Successfully updated job requisition 66db04abbf0a19d8769e715a
[2024-09-06T17:47:40.161+0000] {core_li.py:23} INFO - Successfully updated job requisition 66db04abbf0a19d8769e715c
[2024-09-06T17:47:40.166+0000] {core_li.py:23} INFO - Successfully updated job requisition 66db04abbf0a19d8769e715e
[2024-09-06T17:47:40.173+0000] {core_li.py:23} INFO - Successfully updated job requisition 66db04abbf0a19d8769e7160
[2024-09-06T17:47:40.177+0000] {core_li.py:23} INFO - Successfully updated job requisition 66db04abbf0a19d8769e7162
[2024-09-06T17:47:40.182+0000] {core_li.py:23} INFO - Successfully updated job requisition 66db04abbf0a19d8769e7164
[2024-09-06T17:47:40.186+0000] {core_li.py:23} INFO - Successfully updated job requisition 66db04abbf0a19d8769e7166
[2024-09-06T17:47:40.194+0000] {core_li.py:23} INFO - Successfully updated job requisition 66db04abbf0a19d8769e7168
[2024-09-06T17:47:40.201+0000] {core_li.py:23} INFO - Successfully updated job requisition 66db04abbf0a19d8769e716a
[2024-09-06T17:47:40.205+0000] {core_li.py:23} INFO - Successfully updated job requisition 66db04abbf0a19d8769e716c
[2024-09-06T17:47:40.209+0000] {core_li.py:23} INFO - Successfully updated job requisition 66db04abbf0a19d8769e716e
[2024-09-06T17:47:40.235+0000] {core_li.py:23} INFO - Successfully updated job requisition 66db04abbf0a19d8769e7170
[2024-09-06T17:47:40.241+0000] {core_li.py:23} INFO - Successfully updated job requisition 66db04abbf0a19d8769e7172
[2024-09-06T17:47:40.245+0000] {core_li.py:23} INFO - Successfully updated job requisition 66db04abbf0a19d8769e7174
[2024-09-06T17:47:40.256+0000] {core_li.py:23} INFO - Successfully updated job requisition 66db04abbf0a19d8769e7176
[2024-09-06T17:47:40.260+0000] {core_li.py:23} INFO - Successfully updated job requisition 66db04abbf0a19d8769e7178
[2024-09-06T17:47:40.264+0000] {core_li.py:23} INFO - Successfully updated job requisition 66db04abbf0a19d8769e717a
[2024-09-06T17:47:40.270+0000] {core_li.py:23} INFO - Successfully updated job requisition 66db04abbf0a19d8769e717c
[2024-09-06T17:47:40.274+0000] {core_li.py:23} INFO - Successfully updated job requisition 66db04abbf0a19d8769e717e
[2024-09-06T17:47:40.278+0000] {core_li.py:23} INFO - Successfully updated job requisition 66db04abbf0a19d8769e7180
[2024-09-06T17:47:40.283+0000] {core_li.py:23} INFO - Successfully updated job requisition 66db04abbf0a19d8769e7182
[2024-09-06T17:47:40.288+0000] {core_li.py:23} INFO - Successfully updated job requisition 66db04abbf0a19d8769e7184
[2024-09-06T17:47:40.295+0000] {core_li.py:23} INFO - Successfully updated job requisition 66db04abbf0a19d8769e7186
[2024-09-06T17:47:40.299+0000] {core_li.py:23} INFO - Successfully updated job requisition 66db04abbf0a19d8769e7188
[2024-09-06T17:47:40.303+0000] {core_li.py:23} INFO - Successfully updated job requisition 66db04abbf0a19d8769e718a
[2024-09-06T17:47:40.309+0000] {core_li.py:23} INFO - Successfully updated job requisition 66db04abbf0a19d8769e718c
[2024-09-06T17:47:40.314+0000] {core_li.py:23} INFO - Successfully updated job requisition 66db04abbf0a19d8769e718e
[2024-09-06T17:47:40.318+0000] {core_li.py:23} INFO - Successfully updated job requisition 66db04abbf0a19d8769e7190
[2024-09-06T17:47:40.322+0000] {core_li.py:23} INFO - Successfully updated job requisition 66db04abbf0a19d8769e7192
[2024-09-06T17:47:40.327+0000] {core_li.py:23} INFO - Successfully updated job requisition 66db04abbf0a19d8769e7194
[2024-09-06T17:47:40.331+0000] {core_li.py:23} INFO - Successfully updated job requisition 66db04abbf0a19d8769e7196
[2024-09-06T17:47:40.335+0000] {core_li.py:23} INFO - Successfully updated job requisition 66db04abbf0a19d8769e7198
[2024-09-06T17:47:40.342+0000] {core_li.py:23} INFO - Successfully updated job requisition 66db04abbf0a19d8769e719a
[2024-09-06T17:47:40.346+0000] {core_li.py:23} INFO - Successfully updated job requisition 66db04abbf0a19d8769e719c
[2024-09-06T17:47:40.350+0000] {core_li.py:23} INFO - Successfully updated job requisition 66db04abbf0a19d8769e719e
[2024-09-06T17:47:40.359+0000] {core_li.py:23} INFO - Successfully updated job requisition 66db04abbf0a19d8769e71a0
[2024-09-06T17:47:40.366+0000] {core_li.py:23} INFO - Successfully updated job requisition 66db04abbf0a19d8769e71a2
[2024-09-06T17:47:40.372+0000] {core_li.py:23} INFO - Successfully updated job requisition 66db04abbf0a19d8769e71a4
[2024-09-06T17:47:40.377+0000] {core_li.py:23} INFO - Successfully updated job requisition 66db04abbf0a19d8769e71a6
[2024-09-06T17:47:40.381+0000] {core_li.py:23} INFO - Successfully updated job requisition 66db04abbf0a19d8769e71a8
[2024-09-06T17:47:40.384+0000] {core_li.py:23} INFO - Successfully updated job requisition 66db04abbf0a19d8769e71aa
[2024-09-06T17:47:40.389+0000] {core_li.py:23} INFO - Successfully updated job requisition 66db04abbf0a19d8769e71ac
[2024-09-06T17:47:40.393+0000] {core_li.py:23} INFO - Successfully updated job requisition 66db04abbf0a19d8769e71ae
[2024-09-06T17:47:40.397+0000] {core_li.py:23} INFO - Successfully updated job requisition 66db04abbf0a19d8769e71b0
[2024-09-06T17:47:40.401+0000] {core_li.py:23} INFO - Successfully updated job requisition 66db04abbf0a19d8769e71b2
[2024-09-06T17:47:40.407+0000] {core_li.py:23} INFO - Successfully updated job requisition 66db04abbf0a19d8769e71b4
[2024-09-06T17:47:40.411+0000] {core_li.py:23} INFO - Successfully updated job requisition 66db04abbf0a19d8769e71b6
[2024-09-06T17:47:40.415+0000] {core_li.py:23} INFO - Successfully updated job requisition 66db04abbf0a19d8769e71b8
[2024-09-06T17:47:40.419+0000] {core_li.py:23} INFO - Successfully updated job requisition 66db04abbf0a19d8769e71ba
[2024-09-06T17:47:40.424+0000] {core_li.py:23} INFO - Successfully updated job requisition 66db04abbf0a19d8769e71bc
[2024-09-06T17:47:40.431+0000] {core_li.py:23} INFO - Successfully updated job requisition 66db04abbf0a19d8769e71be
[2024-09-06T17:47:40.434+0000] {core_li.py:23} INFO - Successfully updated job requisition 66db04abbf0a19d8769e71c0
[2024-09-06T17:47:40.440+0000] {core_li.py:23} INFO - Successfully updated job requisition 66db04abbf0a19d8769e71c2
[2024-09-06T17:47:40.444+0000] {core_li.py:23} INFO - Successfully updated job requisition 66db04abbf0a19d8769e71c4
[2024-09-06T17:47:40.449+0000] {core_li.py:23} INFO - Successfully updated job requisition 66db04abbf0a19d8769e71c6
[2024-09-06T17:47:40.453+0000] {core_li.py:23} INFO - Successfully updated job requisition 66db04abbf0a19d8769e71c8
[2024-09-06T17:47:40.457+0000] {core_li.py:23} INFO - Successfully updated job requisition 66db04abbf0a19d8769e71ca
[2024-09-06T17:47:40.461+0000] {core_li.py:23} INFO - Successfully updated job requisition 66db04abbf0a19d8769e71cc
[2024-09-06T17:47:40.468+0000] {core_li.py:23} INFO - Successfully updated job requisition 66db04abbf0a19d8769e71ce
[2024-09-06T17:47:40.472+0000] {core_li.py:23} INFO - Successfully updated job requisition 66db04abbf0a19d8769e71d0
[2024-09-06T17:47:40.476+0000] {core_li.py:23} INFO - Successfully updated job requisition 66db04abbf0a19d8769e71d2
[2024-09-06T17:47:40.480+0000] {core_li.py:23} INFO - Successfully updated job requisition 66db04abbf0a19d8769e71d4
[2024-09-06T17:47:40.484+0000] {core_li.py:23} INFO - Successfully updated job requisition 66db04abbf0a19d8769e71d6
[2024-09-06T17:47:40.490+0000] {core_li.py:23} INFO - Successfully updated job requisition 66db04abbf0a19d8769e71d8
[2024-09-06T17:47:40.496+0000] {core_li.py:23} INFO - Successfully updated job requisition 66db04abbf0a19d8769e71da
[2024-09-06T17:47:40.500+0000] {core_li.py:23} INFO - Successfully updated job requisition 66db04abbf0a19d8769e71dc
[2024-09-06T17:47:40.512+0000] {core_li.py:23} INFO - Successfully updated job requisition 66db04abbf0a19d8769e71de
[2024-09-06T17:47:40.518+0000] {core_li.py:23} INFO - Successfully updated job requisition 66db04abbf0a19d8769e71e0
[2024-09-06T17:47:40.530+0000] {core_li.py:23} INFO - Successfully updated job requisition 66db04abbf0a19d8769e71e2
[2024-09-06T17:47:40.534+0000] {core_li.py:23} INFO - Successfully updated job requisition 66db04abbf0a19d8769e71e4
[2024-09-06T17:47:40.538+0000] {core_li.py:23} INFO - Successfully updated job requisition 66db04abbf0a19d8769e71e6
[2024-09-06T17:47:40.541+0000] {core_li.py:23} INFO - Successfully updated job requisition 66db04abbf0a19d8769e71e8
[2024-09-06T17:47:40.544+0000] {core_li.py:23} INFO - Successfully updated job requisition 66db04abbf0a19d8769e71ea
[2024-09-06T17:47:40.548+0000] {core_li.py:23} INFO - Successfully updated job requisition 66db04abbf0a19d8769e71ec
[2024-09-06T17:47:40.552+0000] {core_li.py:23} INFO - Successfully updated job requisition 66db04abbf0a19d8769e71ee
[2024-09-06T17:47:40.556+0000] {core_li.py:23} INFO - Successfully updated job requisition 66db04abbf0a19d8769e71f0
[2024-09-06T17:47:40.560+0000] {core_li.py:23} INFO - Successfully updated job requisition 66db04abbf0a19d8769e71f2
[2024-09-06T17:47:40.563+0000] {core_li.py:23} INFO - Successfully updated job requisition 66db04abbf0a19d8769e71f4
[2024-09-06T17:47:40.569+0000] {core_li.py:23} INFO - Successfully updated job requisition 66db04abbf0a19d8769e71f6
[2024-09-06T17:47:40.571+0000] {core_li.py:23} INFO - Successfully updated job requisition 66db04abbf0a19d8769e71f8
[2024-09-06T17:47:40.576+0000] {core_li.py:23} INFO - Successfully updated job requisition 66db04abbf0a19d8769e71fa
[2024-09-06T17:47:40.579+0000] {core_li.py:23} INFO - Successfully updated job requisition 66db04abbf0a19d8769e71fc
[2024-09-06T17:47:40.584+0000] {core_li.py:23} INFO - Successfully updated job requisition 66db04abbf0a19d8769e71fe
[2024-09-06T17:47:40.588+0000] {core_li.py:23} INFO - Successfully updated job requisition 66db04abbf0a19d8769e7200
[2024-09-06T17:47:40.593+0000] {core_li.py:23} INFO - Successfully updated job requisition 66db04abbf0a19d8769e7202
[2024-09-06T17:47:40.606+0000] {core_li.py:23} INFO - Successfully updated job requisition 66db04abbf0a19d8769e7204
[2024-09-06T17:47:40.612+0000] {core_li.py:23} INFO - Successfully updated job requisition 66db04abbf0a19d8769e7206
[2024-09-06T17:47:40.616+0000] {core_li.py:23} INFO - Successfully updated job requisition 66db04abbf0a19d8769e7208
[2024-09-06T17:47:40.617+0000] {python.py:240} INFO - Done. Returned value was: 100
[2024-09-06T17:47:40.630+0000] {taskinstance.py:340} INFO - ::group::Post task execution logs
[2024-09-06T17:47:40.631+0000] {taskinstance.py:352} INFO - Marking task as SUCCESS. dag_id=async_flow, task_id=task_backfill_number_of_cancelled_candidates_in_batch, run_id=manual__2024-09-06T17:47:30.120511+00:00, map_index=48, execution_date=20240906T174730, start_date=20240906T174739, end_date=20240906T174740
[2024-09-06T17:47:40.678+0000] {local_task_job_runner.py:266} INFO - Task exited with return code 0
[2024-09-06T17:47:40.697+0000] {taskinstance.py:3900} INFO - 1 downstream tasks scheduled from follow-on schedule check
[2024-09-06T17:47:40.697+0000] {local_task_job_runner.py:245} INFO - ::endgroup::
