[2024-09-06T17:47:37.698+0000] {local_task_job_runner.py:123} INFO - ::group::Pre task execution logs
[2024-09-06T17:47:37.719+0000] {taskinstance.py:2612} INFO - Dependencies all met for dep_context=non-requeueable deps ti=<TaskInstance: async_flow.task_backfill_number_of_cancelled_candidates_in_batch manual__2024-09-06T17:47:30.120511+00:00 map_index=40 [queued]>
[2024-09-06T17:47:37.735+0000] {taskinstance.py:2612} INFO - Dependencies all met for dep_context=requeueable deps ti=<TaskInstance: async_flow.task_backfill_number_of_cancelled_candidates_in_batch manual__2024-09-06T17:47:30.120511+00:00 map_index=40 [queued]>
[2024-09-06T17:47:37.736+0000] {taskinstance.py:2865} INFO - Starting attempt 1 of 1
[2024-09-06T17:47:37.745+0000] {taskinstance.py:2888} INFO - Executing <Mapped(_PythonDecoratedOperator): task_backfill_number_of_cancelled_candidates_in_batch> on 2024-09-06 17:47:30.120511+00:00
[2024-09-06T17:47:37.749+0000] {warnings.py:112} WARNING - /home/***/.local/lib/python3.12/site-packages/***/task/task_runner/standard_task_runner.py:70: DeprecationWarning: This process (pid=1238) is multi-threaded, use of fork() may lead to deadlocks in the child.
  pid = os.fork()

[2024-09-06T17:47:37.750+0000] {standard_task_runner.py:72} INFO - Started process 1301 to run task
[2024-09-06T17:47:37.753+0000] {standard_task_runner.py:104} INFO - Running: ['***', 'tasks', 'run', 'async_flow', 'task_backfill_number_of_cancelled_candidates_in_batch', 'manual__2024-09-06T17:47:30.120511+00:00', '--job-id', '362', '--raw', '--subdir', 'DAGS_FOLDER/dags_async_flow.py', '--cfg-path', '/tmp/tmputj40hv7', '--map-index', '40']
[2024-09-06T17:47:37.754+0000] {standard_task_runner.py:105} INFO - Job 362: Subtask task_backfill_number_of_cancelled_candidates_in_batch
[2024-09-06T17:47:37.812+0000] {task_command.py:467} INFO - Running <TaskInstance: async_flow.task_backfill_number_of_cancelled_candidates_in_batch manual__2024-09-06T17:47:30.120511+00:00 map_index=40 [running]> on host 0817eb6c24af
[2024-09-06T17:47:37.936+0000] {taskinstance.py:3131} INFO - Exporting env vars: AIRFLOW_CTX_DAG_OWNER='***' AIRFLOW_CTX_DAG_ID='async_flow' AIRFLOW_CTX_TASK_ID='task_backfill_number_of_cancelled_candidates_in_batch' AIRFLOW_CTX_EXECUTION_DATE='2024-09-06T17:47:30.120511+00:00' AIRFLOW_CTX_TRY_NUMBER='1' AIRFLOW_CTX_DAG_RUN_ID='manual__2024-09-06T17:47:30.120511+00:00'
[2024-09-06T17:47:37.937+0000] {taskinstance.py:731} INFO - ::endgroup::
[2024-09-06T17:47:37.960+0000] {core_li.py:23} INFO - Successfully updated job requisition 66db04abbf0a19d8769e6b02
[2024-09-06T17:47:37.981+0000] {core_li.py:23} INFO - Successfully updated job requisition 66db04abbf0a19d8769e6b04
[2024-09-06T17:47:37.994+0000] {core_li.py:23} INFO - Successfully updated job requisition 66db04abbf0a19d8769e6b06
[2024-09-06T17:47:38.011+0000] {core_li.py:23} INFO - Successfully updated job requisition 66db04abbf0a19d8769e6b08
[2024-09-06T17:47:38.063+0000] {core_li.py:23} INFO - Successfully updated job requisition 66db04abbf0a19d8769e6b0a
[2024-09-06T17:47:38.082+0000] {core_li.py:23} INFO - Successfully updated job requisition 66db04abbf0a19d8769e6b0c
[2024-09-06T17:47:38.107+0000] {core_li.py:23} INFO - Successfully updated job requisition 66db04abbf0a19d8769e6b0e
[2024-09-06T17:47:38.119+0000] {core_li.py:23} INFO - Successfully updated job requisition 66db04abbf0a19d8769e6b10
[2024-09-06T17:47:38.134+0000] {core_li.py:23} INFO - Successfully updated job requisition 66db04abbf0a19d8769e6b12
[2024-09-06T17:47:38.145+0000] {core_li.py:23} INFO - Successfully updated job requisition 66db04abbf0a19d8769e6b14
[2024-09-06T17:47:38.152+0000] {core_li.py:23} INFO - Successfully updated job requisition 66db04abbf0a19d8769e6b16
[2024-09-06T17:47:38.166+0000] {core_li.py:23} INFO - Successfully updated job requisition 66db04abbf0a19d8769e6b18
[2024-09-06T17:47:38.173+0000] {core_li.py:23} INFO - Successfully updated job requisition 66db04abbf0a19d8769e6b1a
[2024-09-06T17:47:38.182+0000] {core_li.py:23} INFO - Successfully updated job requisition 66db04abbf0a19d8769e6b1c
[2024-09-06T17:47:38.194+0000] {core_li.py:23} INFO - Successfully updated job requisition 66db04abbf0a19d8769e6b1e
[2024-09-06T17:47:38.204+0000] {core_li.py:23} INFO - Successfully updated job requisition 66db04abbf0a19d8769e6b20
[2024-09-06T17:47:38.215+0000] {core_li.py:23} INFO - Successfully updated job requisition 66db04abbf0a19d8769e6b22
[2024-09-06T17:47:38.224+0000] {core_li.py:23} INFO - Successfully updated job requisition 66db04abbf0a19d8769e6b24
[2024-09-06T17:47:38.235+0000] {core_li.py:23} INFO - Successfully updated job requisition 66db04abbf0a19d8769e6b26
[2024-09-06T17:47:38.251+0000] {core_li.py:23} INFO - Successfully updated job requisition 66db04abbf0a19d8769e6b28
[2024-09-06T17:47:38.261+0000] {core_li.py:23} INFO - Successfully updated job requisition 66db04abbf0a19d8769e6b2a
[2024-09-06T17:47:38.272+0000] {core_li.py:23} INFO - Successfully updated job requisition 66db04abbf0a19d8769e6b2c
[2024-09-06T17:47:38.282+0000] {core_li.py:23} INFO - Successfully updated job requisition 66db04abbf0a19d8769e6b2e
[2024-09-06T17:47:38.291+0000] {core_li.py:23} INFO - Successfully updated job requisition 66db04abbf0a19d8769e6b30
[2024-09-06T17:47:38.299+0000] {core_li.py:23} INFO - Successfully updated job requisition 66db04abbf0a19d8769e6b32
[2024-09-06T17:47:38.312+0000] {core_li.py:23} INFO - Successfully updated job requisition 66db04abbf0a19d8769e6b34
[2024-09-06T17:47:38.323+0000] {core_li.py:23} INFO - Successfully updated job requisition 66db04abbf0a19d8769e6b36
[2024-09-06T17:47:38.331+0000] {core_li.py:23} INFO - Successfully updated job requisition 66db04abbf0a19d8769e6b38
[2024-09-06T17:47:38.339+0000] {core_li.py:23} INFO - Successfully updated job requisition 66db04abbf0a19d8769e6b3a
[2024-09-06T17:47:38.347+0000] {core_li.py:23} INFO - Successfully updated job requisition 66db04abbf0a19d8769e6b3c
[2024-09-06T17:47:38.355+0000] {core_li.py:23} INFO - Successfully updated job requisition 66db04abbf0a19d8769e6b3e
[2024-09-06T17:47:38.364+0000] {core_li.py:23} INFO - Successfully updated job requisition 66db04abbf0a19d8769e6b40
[2024-09-06T17:47:38.374+0000] {core_li.py:23} INFO - Successfully updated job requisition 66db04abbf0a19d8769e6b42
[2024-09-06T17:47:38.387+0000] {core_li.py:23} INFO - Successfully updated job requisition 66db04abbf0a19d8769e6b44
[2024-09-06T17:47:38.394+0000] {core_li.py:23} INFO - Successfully updated job requisition 66db04abbf0a19d8769e6b46
[2024-09-06T17:47:38.404+0000] {core_li.py:23} INFO - Successfully updated job requisition 66db04abbf0a19d8769e6b48
[2024-09-06T17:47:38.414+0000] {core_li.py:23} INFO - Successfully updated job requisition 66db04abbf0a19d8769e6b4a
[2024-09-06T17:47:38.420+0000] {core_li.py:23} INFO - Successfully updated job requisition 66db04abbf0a19d8769e6b4c
[2024-09-06T17:47:38.426+0000] {core_li.py:23} INFO - Successfully updated job requisition 66db04abbf0a19d8769e6b4e
[2024-09-06T17:47:38.435+0000] {core_li.py:23} INFO - Successfully updated job requisition 66db04abbf0a19d8769e6b50
[2024-09-06T17:47:38.443+0000] {core_li.py:23} INFO - Successfully updated job requisition 66db04abbf0a19d8769e6b52
[2024-09-06T17:47:38.455+0000] {core_li.py:23} INFO - Successfully updated job requisition 66db04abbf0a19d8769e6b54
[2024-09-06T17:47:38.466+0000] {core_li.py:23} INFO - Successfully updated job requisition 66db04abbf0a19d8769e6b56
[2024-09-06T17:47:38.474+0000] {core_li.py:23} INFO - Successfully updated job requisition 66db04abbf0a19d8769e6b58
[2024-09-06T17:47:38.485+0000] {core_li.py:23} INFO - Successfully updated job requisition 66db04abbf0a19d8769e6b5a
[2024-09-06T17:47:38.494+0000] {core_li.py:23} INFO - Successfully updated job requisition 66db04abbf0a19d8769e6b5c
[2024-09-06T17:47:38.519+0000] {core_li.py:23} INFO - Successfully updated job requisition 66db04abbf0a19d8769e6b5e
[2024-09-06T17:47:38.551+0000] {core_li.py:23} INFO - Successfully updated job requisition 66db04abbf0a19d8769e6b60
[2024-09-06T17:47:38.560+0000] {core_li.py:23} INFO - Successfully updated job requisition 66db04abbf0a19d8769e6b62
[2024-09-06T17:47:38.567+0000] {core_li.py:23} INFO - Successfully updated job requisition 66db04abbf0a19d8769e6b64
[2024-09-06T17:47:38.573+0000] {core_li.py:23} INFO - Successfully updated job requisition 66db04abbf0a19d8769e6b66
[2024-09-06T17:47:38.582+0000] {core_li.py:23} INFO - Successfully updated job requisition 66db04abbf0a19d8769e6b68
[2024-09-06T17:47:38.592+0000] {core_li.py:23} INFO - Successfully updated job requisition 66db04abbf0a19d8769e6b6a
[2024-09-06T17:47:38.599+0000] {core_li.py:23} INFO - Successfully updated job requisition 66db04abbf0a19d8769e6b6c
[2024-09-06T17:47:38.609+0000] {core_li.py:23} INFO - Successfully updated job requisition 66db04abbf0a19d8769e6b6e
[2024-09-06T17:47:38.618+0000] {core_li.py:23} INFO - Successfully updated job requisition 66db04abbf0a19d8769e6b70
[2024-09-06T17:47:38.626+0000] {core_li.py:23} INFO - Successfully updated job requisition 66db04abbf0a19d8769e6b72
[2024-09-06T17:47:38.632+0000] {core_li.py:23} INFO - Successfully updated job requisition 66db04abbf0a19d8769e6b74
[2024-09-06T17:47:38.639+0000] {core_li.py:23} INFO - Successfully updated job requisition 66db04abbf0a19d8769e6b76
[2024-09-06T17:47:38.648+0000] {core_li.py:23} INFO - Successfully updated job requisition 66db04abbf0a19d8769e6b78
[2024-09-06T17:47:38.656+0000] {core_li.py:23} INFO - Successfully updated job requisition 66db04abbf0a19d8769e6b7a
[2024-09-06T17:47:38.662+0000] {core_li.py:23} INFO - Successfully updated job requisition 66db04abbf0a19d8769e6b7c
[2024-09-06T17:47:38.669+0000] {core_li.py:23} INFO - Successfully updated job requisition 66db04abbf0a19d8769e6b7e
[2024-09-06T17:47:38.678+0000] {core_li.py:23} INFO - Successfully updated job requisition 66db04abbf0a19d8769e6b80
[2024-09-06T17:47:38.687+0000] {core_li.py:23} INFO - Successfully updated job requisition 66db04abbf0a19d8769e6b82
[2024-09-06T17:47:38.694+0000] {core_li.py:23} INFO - Successfully updated job requisition 66db04abbf0a19d8769e6b84
[2024-09-06T17:47:38.703+0000] {core_li.py:23} INFO - Successfully updated job requisition 66db04abbf0a19d8769e6b86
[2024-09-06T17:47:38.720+0000] {core_li.py:23} INFO - Successfully updated job requisition 66db04abbf0a19d8769e6b88
[2024-09-06T17:47:38.726+0000] {core_li.py:23} INFO - Successfully updated job requisition 66db04abbf0a19d8769e6b8a
[2024-09-06T17:47:38.732+0000] {core_li.py:23} INFO - Successfully updated job requisition 66db04abbf0a19d8769e6b8c
[2024-09-06T17:47:38.740+0000] {core_li.py:23} INFO - Successfully updated job requisition 66db04abbf0a19d8769e6b8e
[2024-09-06T17:47:38.750+0000] {core_li.py:23} INFO - Successfully updated job requisition 66db04abbf0a19d8769e6b90
[2024-09-06T17:47:38.756+0000] {core_li.py:23} INFO - Successfully updated job requisition 66db04abbf0a19d8769e6b92
[2024-09-06T17:47:38.774+0000] {core_li.py:23} INFO - Successfully updated job requisition 66db04abbf0a19d8769e6b94
[2024-09-06T17:47:38.780+0000] {core_li.py:23} INFO - Successfully updated job requisition 66db04abbf0a19d8769e6b96
[2024-09-06T17:47:38.789+0000] {core_li.py:23} INFO - Successfully updated job requisition 66db04abbf0a19d8769e6b98
[2024-09-06T17:47:38.797+0000] {core_li.py:23} INFO - Successfully updated job requisition 66db04abbf0a19d8769e6b9a
[2024-09-06T17:47:38.809+0000] {core_li.py:23} INFO - Successfully updated job requisition 66db04abbf0a19d8769e6b9c
[2024-09-06T17:47:38.815+0000] {core_li.py:23} INFO - Successfully updated job requisition 66db04abbf0a19d8769e6b9e
[2024-09-06T17:47:38.822+0000] {core_li.py:23} INFO - Successfully updated job requisition 66db04abbf0a19d8769e6ba0
[2024-09-06T17:47:38.831+0000] {core_li.py:23} INFO - Successfully updated job requisition 66db04abbf0a19d8769e6ba2
[2024-09-06T17:47:38.839+0000] {core_li.py:23} INFO - Successfully updated job requisition 66db04abbf0a19d8769e6ba4
[2024-09-06T17:47:38.846+0000] {core_li.py:23} INFO - Successfully updated job requisition 66db04abbf0a19d8769e6ba6
[2024-09-06T17:47:38.854+0000] {core_li.py:23} INFO - Successfully updated job requisition 66db04abbf0a19d8769e6ba8
[2024-09-06T17:47:38.862+0000] {core_li.py:23} INFO - Successfully updated job requisition 66db04abbf0a19d8769e6baa
[2024-09-06T17:47:38.872+0000] {core_li.py:23} INFO - Successfully updated job requisition 66db04abbf0a19d8769e6bac
[2024-09-06T17:47:38.879+0000] {core_li.py:23} INFO - Successfully updated job requisition 66db04abbf0a19d8769e6bae
[2024-09-06T17:47:38.888+0000] {core_li.py:23} INFO - Successfully updated job requisition 66db04abbf0a19d8769e6bb0
[2024-09-06T17:47:38.896+0000] {core_li.py:23} INFO - Successfully updated job requisition 66db04abbf0a19d8769e6bb2
[2024-09-06T17:47:38.907+0000] {core_li.py:23} INFO - Successfully updated job requisition 66db04abbf0a19d8769e6bb4
[2024-09-06T17:47:38.915+0000] {core_li.py:23} INFO - Successfully updated job requisition 66db04abbf0a19d8769e6bb6
[2024-09-06T17:47:38.922+0000] {core_li.py:23} INFO - Successfully updated job requisition 66db04abbf0a19d8769e6bb8
[2024-09-06T17:47:38.928+0000] {core_li.py:23} INFO - Successfully updated job requisition 66db04abbf0a19d8769e6bba
[2024-09-06T17:47:38.937+0000] {core_li.py:23} INFO - Successfully updated job requisition 66db04abbf0a19d8769e6bbc
[2024-09-06T17:47:38.946+0000] {core_li.py:23} INFO - Successfully updated job requisition 66db04abbf0a19d8769e6bbe
[2024-09-06T17:47:38.953+0000] {core_li.py:23} INFO - Successfully updated job requisition 66db04abbf0a19d8769e6bc0
[2024-09-06T17:47:38.958+0000] {core_li.py:23} INFO - Successfully updated job requisition 66db04abbf0a19d8769e6bc2
[2024-09-06T17:47:38.964+0000] {core_li.py:23} INFO - Successfully updated job requisition 66db04abbf0a19d8769e6bc4
[2024-09-06T17:47:38.974+0000] {core_li.py:23} INFO - Successfully updated job requisition 66db04abbf0a19d8769e6bc6
[2024-09-06T17:47:38.982+0000] {core_li.py:23} INFO - Successfully updated job requisition 66db04abbf0a19d8769e6bc8
[2024-09-06T17:47:38.983+0000] {python.py:240} INFO - Done. Returned value was: 100
[2024-09-06T17:47:39.003+0000] {taskinstance.py:340} INFO - ::group::Post task execution logs
[2024-09-06T17:47:39.004+0000] {taskinstance.py:352} INFO - Marking task as SUCCESS. dag_id=async_flow, task_id=task_backfill_number_of_cancelled_candidates_in_batch, run_id=manual__2024-09-06T17:47:30.120511+00:00, map_index=40, execution_date=20240906T174730, start_date=20240906T174737, end_date=20240906T174739
[2024-09-06T17:47:39.045+0000] {local_task_job_runner.py:266} INFO - Task exited with return code 0
[2024-09-06T17:47:39.061+0000] {local_task_job_runner.py:245} INFO - ::endgroup::
