[2024-09-06T17:43:07.294+0000] {local_task_job_runner.py:123} INFO - ::group::Pre task execution logs
[2024-09-06T17:43:07.324+0000] {taskinstance.py:2612} INFO - Dependencies all met for dep_context=non-requeueable deps ti=<TaskInstance: async_flow.task_backfill_number_of_cancelled_candidates_in_batch manual__2024-09-06T17:43:02.727107+00:00 map_index=25 [queued]>
[2024-09-06T17:43:07.332+0000] {taskinstance.py:2612} INFO - Dependencies all met for dep_context=requeueable deps ti=<TaskInstance: async_flow.task_backfill_number_of_cancelled_candidates_in_batch manual__2024-09-06T17:43:02.727107+00:00 map_index=25 [queued]>
[2024-09-06T17:43:07.336+0000] {taskinstance.py:2865} INFO - Starting attempt 1 of 1
[2024-09-06T17:43:07.372+0000] {taskinstance.py:2888} INFO - Executing <Mapped(_PythonDecoratedOperator): task_backfill_number_of_cancelled_candidates_in_batch> on 2024-09-06 17:43:02.727107+00:00
[2024-09-06T17:43:07.377+0000] {warnings.py:112} WARNING - /home/***/.local/lib/python3.12/site-packages/***/task/task_runner/standard_task_runner.py:70: DeprecationWarning: This process (pid=183) is multi-threaded, use of fork() may lead to deadlocks in the child.
  pid = os.fork()

[2024-09-06T17:43:07.378+0000] {standard_task_runner.py:72} INFO - Started process 244 to run task
[2024-09-06T17:43:07.379+0000] {standard_task_runner.py:104} INFO - Running: ['***', 'tasks', 'run', 'async_flow', 'task_backfill_number_of_cancelled_candidates_in_batch', 'manual__2024-09-06T17:43:02.727107+00:00', '--job-id', '202', '--raw', '--subdir', 'DAGS_FOLDER/dags_async_flow.py', '--cfg-path', '/tmp/tmprqph_r8o', '--map-index', '25']
[2024-09-06T17:43:07.388+0000] {standard_task_runner.py:105} INFO - Job 202: Subtask task_backfill_number_of_cancelled_candidates_in_batch
[2024-09-06T17:43:07.434+0000] {task_command.py:467} INFO - Running <TaskInstance: async_flow.task_backfill_number_of_cancelled_candidates_in_batch manual__2024-09-06T17:43:02.727107+00:00 map_index=25 [running]> on host 0817eb6c24af
[2024-09-06T17:43:07.603+0000] {taskinstance.py:3131} INFO - Exporting env vars: AIRFLOW_CTX_DAG_OWNER='***' AIRFLOW_CTX_DAG_ID='async_flow' AIRFLOW_CTX_TASK_ID='task_backfill_number_of_cancelled_candidates_in_batch' AIRFLOW_CTX_EXECUTION_DATE='2024-09-06T17:43:02.727107+00:00' AIRFLOW_CTX_TRY_NUMBER='1' AIRFLOW_CTX_DAG_RUN_ID='manual__2024-09-06T17:43:02.727107+00:00'
[2024-09-06T17:43:07.605+0000] {taskinstance.py:731} INFO - ::endgroup::
[2024-09-06T17:43:07.623+0000] {core_li.py:23} INFO - Successfully updated job requisition 66db04abbf0a19d8769e6eea
[2024-09-06T17:43:07.634+0000] {core_li.py:23} INFO - Successfully updated job requisition 66db04abbf0a19d8769e6eec
[2024-09-06T17:43:07.644+0000] {core_li.py:23} INFO - Successfully updated job requisition 66db04abbf0a19d8769e6eee
[2024-09-06T17:43:07.659+0000] {core_li.py:23} INFO - Successfully updated job requisition 66db04abbf0a19d8769e6ef0
[2024-09-06T17:43:07.665+0000] {core_li.py:23} INFO - Successfully updated job requisition 66db04abbf0a19d8769e6ef2
[2024-09-06T17:43:07.675+0000] {core_li.py:23} INFO - Successfully updated job requisition 66db04abbf0a19d8769e6ef4
[2024-09-06T17:43:07.686+0000] {core_li.py:23} INFO - Successfully updated job requisition 66db04abbf0a19d8769e6ef6
[2024-09-06T17:43:07.693+0000] {core_li.py:23} INFO - Successfully updated job requisition 66db04abbf0a19d8769e6ef8
[2024-09-06T17:43:07.701+0000] {core_li.py:23} INFO - Successfully updated job requisition 66db04abbf0a19d8769e6efa
[2024-09-06T17:43:07.709+0000] {core_li.py:23} INFO - Successfully updated job requisition 66db04abbf0a19d8769e6efc
[2024-09-06T17:43:07.723+0000] {core_li.py:23} INFO - Successfully updated job requisition 66db04abbf0a19d8769e6efe
[2024-09-06T17:43:07.733+0000] {core_li.py:23} INFO - Successfully updated job requisition 66db04abbf0a19d8769e6f00
[2024-09-06T17:43:07.739+0000] {core_li.py:23} INFO - Successfully updated job requisition 66db04abbf0a19d8769e6f02
[2024-09-06T17:43:07.749+0000] {core_li.py:23} INFO - Successfully updated job requisition 66db04abbf0a19d8769e6f04
[2024-09-06T17:43:07.755+0000] {core_li.py:23} INFO - Successfully updated job requisition 66db04abbf0a19d8769e6f06
[2024-09-06T17:43:07.763+0000] {core_li.py:23} INFO - Successfully updated job requisition 66db04abbf0a19d8769e6f08
[2024-09-06T17:43:07.771+0000] {core_li.py:23} INFO - Successfully updated job requisition 66db04abbf0a19d8769e6f0a
[2024-09-06T17:43:07.779+0000] {core_li.py:23} INFO - Successfully updated job requisition 66db04abbf0a19d8769e6f0c
[2024-09-06T17:43:07.789+0000] {core_li.py:23} INFO - Successfully updated job requisition 66db04abbf0a19d8769e6f0e
[2024-09-06T17:43:07.800+0000] {core_li.py:23} INFO - Successfully updated job requisition 66db04abbf0a19d8769e6f10
[2024-09-06T17:43:07.809+0000] {core_li.py:23} INFO - Successfully updated job requisition 66db04abbf0a19d8769e6f12
[2024-09-06T17:43:07.818+0000] {core_li.py:23} INFO - Successfully updated job requisition 66db04abbf0a19d8769e6f14
[2024-09-06T17:43:07.834+0000] {core_li.py:23} INFO - Successfully updated job requisition 66db04abbf0a19d8769e6f16
[2024-09-06T17:43:07.842+0000] {core_li.py:23} INFO - Successfully updated job requisition 66db04abbf0a19d8769e6f18
[2024-09-06T17:43:07.848+0000] {core_li.py:23} INFO - Successfully updated job requisition 66db04abbf0a19d8769e6f1a
[2024-09-06T17:43:07.859+0000] {core_li.py:23} INFO - Successfully updated job requisition 66db04abbf0a19d8769e6f1c
[2024-09-06T17:43:07.871+0000] {core_li.py:23} INFO - Successfully updated job requisition 66db04abbf0a19d8769e6f1e
[2024-09-06T17:43:07.878+0000] {core_li.py:23} INFO - Successfully updated job requisition 66db04abbf0a19d8769e6f20
[2024-09-06T17:43:07.885+0000] {core_li.py:23} INFO - Successfully updated job requisition 66db04abbf0a19d8769e6f22
[2024-09-06T17:43:07.892+0000] {core_li.py:23} INFO - Successfully updated job requisition 66db04abbf0a19d8769e6f24
[2024-09-06T17:43:07.902+0000] {core_li.py:23} INFO - Successfully updated job requisition 66db04abbf0a19d8769e6f26
[2024-09-06T17:43:07.910+0000] {core_li.py:23} INFO - Successfully updated job requisition 66db04abbf0a19d8769e6f28
[2024-09-06T17:43:07.922+0000] {core_li.py:23} INFO - Successfully updated job requisition 66db04abbf0a19d8769e6f2a
[2024-09-06T17:43:07.929+0000] {core_li.py:23} INFO - Successfully updated job requisition 66db04abbf0a19d8769e6f2c
[2024-09-06T17:43:07.937+0000] {core_li.py:23} INFO - Successfully updated job requisition 66db04abbf0a19d8769e6f2e
[2024-09-06T17:43:07.942+0000] {core_li.py:23} INFO - Successfully updated job requisition 66db04abbf0a19d8769e6f30
[2024-09-06T17:43:07.949+0000] {core_li.py:23} INFO - Successfully updated job requisition 66db04abbf0a19d8769e6f32
[2024-09-06T17:43:07.955+0000] {core_li.py:23} INFO - Successfully updated job requisition 66db04abbf0a19d8769e6f34
[2024-09-06T17:43:07.964+0000] {core_li.py:23} INFO - Successfully updated job requisition 66db04abbf0a19d8769e6f36
[2024-09-06T17:43:07.971+0000] {core_li.py:23} INFO - Successfully updated job requisition 66db04abbf0a19d8769e6f38
[2024-09-06T17:43:07.986+0000] {core_li.py:23} INFO - Successfully updated job requisition 66db04abbf0a19d8769e6f3a
[2024-09-06T17:43:07.996+0000] {core_li.py:23} INFO - Successfully updated job requisition 66db04abbf0a19d8769e6f3c
[2024-09-06T17:43:08.006+0000] {core_li.py:23} INFO - Successfully updated job requisition 66db04abbf0a19d8769e6f3e
[2024-09-06T17:43:08.013+0000] {core_li.py:23} INFO - Successfully updated job requisition 66db04abbf0a19d8769e6f40
[2024-09-06T17:43:08.022+0000] {core_li.py:23} INFO - Successfully updated job requisition 66db04abbf0a19d8769e6f42
[2024-09-06T17:43:08.030+0000] {core_li.py:23} INFO - Successfully updated job requisition 66db04abbf0a19d8769e6f44
[2024-09-06T17:43:08.043+0000] {core_li.py:23} INFO - Successfully updated job requisition 66db04abbf0a19d8769e6f46
[2024-09-06T17:43:08.052+0000] {core_li.py:23} INFO - Successfully updated job requisition 66db04abbf0a19d8769e6f48
[2024-09-06T17:43:08.061+0000] {core_li.py:23} INFO - Successfully updated job requisition 66db04abbf0a19d8769e6f4a
[2024-09-06T17:43:08.069+0000] {core_li.py:23} INFO - Successfully updated job requisition 66db04abbf0a19d8769e6f4c
[2024-09-06T17:43:08.077+0000] {core_li.py:23} INFO - Successfully updated job requisition 66db04abbf0a19d8769e6f4e
[2024-09-06T17:43:08.089+0000] {core_li.py:23} INFO - Successfully updated job requisition 66db04abbf0a19d8769e6f50
[2024-09-06T17:43:08.101+0000] {core_li.py:23} INFO - Successfully updated job requisition 66db04abbf0a19d8769e6f52
[2024-09-06T17:43:08.111+0000] {core_li.py:23} INFO - Successfully updated job requisition 66db04abbf0a19d8769e6f54
[2024-09-06T17:43:08.117+0000] {core_li.py:23} INFO - Successfully updated job requisition 66db04abbf0a19d8769e6f56
[2024-09-06T17:43:08.125+0000] {core_li.py:23} INFO - Successfully updated job requisition 66db04abbf0a19d8769e6f58
[2024-09-06T17:43:08.141+0000] {core_li.py:23} INFO - Successfully updated job requisition 66db04abbf0a19d8769e6f5a
[2024-09-06T17:43:08.149+0000] {core_li.py:23} INFO - Successfully updated job requisition 66db04abbf0a19d8769e6f5c
[2024-09-06T17:43:08.155+0000] {core_li.py:23} INFO - Successfully updated job requisition 66db04abbf0a19d8769e6f5e
[2024-09-06T17:43:08.163+0000] {core_li.py:23} INFO - Successfully updated job requisition 66db04abbf0a19d8769e6f60
[2024-09-06T17:43:08.170+0000] {core_li.py:23} INFO - Successfully updated job requisition 66db04abbf0a19d8769e6f62
[2024-09-06T17:43:08.177+0000] {core_li.py:23} INFO - Successfully updated job requisition 66db04abbf0a19d8769e6f64
[2024-09-06T17:43:08.187+0000] {core_li.py:23} INFO - Successfully updated job requisition 66db04abbf0a19d8769e6f66
[2024-09-06T17:43:08.195+0000] {core_li.py:23} INFO - Successfully updated job requisition 66db04abbf0a19d8769e6f68
[2024-09-06T17:43:08.204+0000] {core_li.py:23} INFO - Successfully updated job requisition 66db04abbf0a19d8769e6f6a
[2024-09-06T17:43:08.211+0000] {core_li.py:23} INFO - Successfully updated job requisition 66db04abbf0a19d8769e6f6c
[2024-09-06T17:43:08.217+0000] {core_li.py:23} INFO - Successfully updated job requisition 66db04abbf0a19d8769e6f6e
[2024-09-06T17:43:08.224+0000] {core_li.py:23} INFO - Successfully updated job requisition 66db04abbf0a19d8769e6f70
[2024-09-06T17:43:08.232+0000] {core_li.py:23} INFO - Successfully updated job requisition 66db04abbf0a19d8769e6f72
[2024-09-06T17:43:08.240+0000] {core_li.py:23} INFO - Successfully updated job requisition 66db04abbf0a19d8769e6f74
[2024-09-06T17:43:08.248+0000] {core_li.py:23} INFO - Successfully updated job requisition 66db04abbf0a19d8769e6f76
[2024-09-06T17:43:08.264+0000] {core_li.py:23} INFO - Successfully updated job requisition 66db04abbf0a19d8769e6f78
[2024-09-06T17:43:08.272+0000] {core_li.py:23} INFO - Successfully updated job requisition 66db04abbf0a19d8769e6f7a
[2024-09-06T17:43:08.281+0000] {core_li.py:23} INFO - Successfully updated job requisition 66db04abbf0a19d8769e6f7c
[2024-09-06T17:43:08.289+0000] {core_li.py:23} INFO - Successfully updated job requisition 66db04abbf0a19d8769e6f7e
[2024-09-06T17:43:08.298+0000] {core_li.py:23} INFO - Successfully updated job requisition 66db04abbf0a19d8769e6f80
[2024-09-06T17:43:08.309+0000] {core_li.py:23} INFO - Successfully updated job requisition 66db04abbf0a19d8769e6f82
[2024-09-06T17:43:08.317+0000] {core_li.py:23} INFO - Successfully updated job requisition 66db04abbf0a19d8769e6f84
[2024-09-06T17:43:08.325+0000] {core_li.py:23} INFO - Successfully updated job requisition 66db04abbf0a19d8769e6f86
[2024-09-06T17:43:08.338+0000] {core_li.py:23} INFO - Successfully updated job requisition 66db04abbf0a19d8769e6f88
[2024-09-06T17:43:08.347+0000] {core_li.py:23} INFO - Successfully updated job requisition 66db04abbf0a19d8769e6f8a
[2024-09-06T17:43:08.353+0000] {core_li.py:23} INFO - Successfully updated job requisition 66db04abbf0a19d8769e6f8c
[2024-09-06T17:43:08.361+0000] {core_li.py:23} INFO - Successfully updated job requisition 66db04abbf0a19d8769e6f8e
[2024-09-06T17:43:08.369+0000] {core_li.py:23} INFO - Successfully updated job requisition 66db04abbf0a19d8769e6f90
[2024-09-06T17:43:08.384+0000] {core_li.py:23} INFO - Successfully updated job requisition 66db04abbf0a19d8769e6f92
[2024-09-06T17:43:08.391+0000] {core_li.py:23} INFO - Successfully updated job requisition 66db04abbf0a19d8769e6f94
[2024-09-06T17:43:08.403+0000] {core_li.py:23} INFO - Successfully updated job requisition 66db04abbf0a19d8769e6f96
[2024-09-06T17:43:08.411+0000] {core_li.py:23} INFO - Successfully updated job requisition 66db04abbf0a19d8769e6f98
[2024-09-06T17:43:08.421+0000] {core_li.py:23} INFO - Successfully updated job requisition 66db04abbf0a19d8769e6f9a
[2024-09-06T17:43:08.432+0000] {core_li.py:23} INFO - Successfully updated job requisition 66db04abbf0a19d8769e6f9c
[2024-09-06T17:43:08.442+0000] {core_li.py:23} INFO - Successfully updated job requisition 66db04abbf0a19d8769e6f9e
[2024-09-06T17:43:08.466+0000] {core_li.py:23} INFO - Successfully updated job requisition 66db04abbf0a19d8769e6fa0
[2024-09-06T17:43:08.490+0000] {core_li.py:23} INFO - Successfully updated job requisition 66db04abbf0a19d8769e6fa2
[2024-09-06T17:43:08.507+0000] {core_li.py:23} INFO - Successfully updated job requisition 66db04abbf0a19d8769e6fa4
[2024-09-06T17:43:08.521+0000] {core_li.py:23} INFO - Successfully updated job requisition 66db04abbf0a19d8769e6fa6
[2024-09-06T17:43:08.540+0000] {core_li.py:23} INFO - Successfully updated job requisition 66db04abbf0a19d8769e6fa8
[2024-09-06T17:43:08.557+0000] {core_li.py:23} INFO - Successfully updated job requisition 66db04abbf0a19d8769e6faa
[2024-09-06T17:43:08.570+0000] {core_li.py:23} INFO - Successfully updated job requisition 66db04abbf0a19d8769e6fac
[2024-09-06T17:43:08.584+0000] {core_li.py:23} INFO - Successfully updated job requisition 66db04abbf0a19d8769e6fae
[2024-09-06T17:43:08.594+0000] {core_li.py:23} INFO - Successfully updated job requisition 66db04abbf0a19d8769e6fb0
[2024-09-06T17:43:08.595+0000] {python.py:240} INFO - Done. Returned value was: 100
[2024-09-06T17:43:08.620+0000] {taskinstance.py:340} INFO - ::group::Post task execution logs
[2024-09-06T17:43:08.620+0000] {taskinstance.py:352} INFO - Marking task as SUCCESS. dag_id=async_flow, task_id=task_backfill_number_of_cancelled_candidates_in_batch, run_id=manual__2024-09-06T17:43:02.727107+00:00, map_index=25, execution_date=20240906T174302, start_date=20240906T174307, end_date=20240906T174308
[2024-09-06T17:43:08.679+0000] {local_task_job_runner.py:266} INFO - Task exited with return code 0
[2024-09-06T17:43:08.688+0000] {local_task_job_runner.py:245} INFO - ::endgroup::
