[2024-09-06T17:46:01.582+0000] {local_task_job_runner.py:123} INFO - ::group::Pre task execution logs
[2024-09-06T17:46:01.592+0000] {taskinstance.py:2612} INFO - Dependencies all met for dep_context=non-requeueable deps ti=<TaskInstance: async_flow.task_sum manual__2024-09-06T17:29:39.458358+00:00 [queued]>
[2024-09-06T17:46:01.598+0000] {taskinstance.py:2612} INFO - Dependencies all met for dep_context=requeueable deps ti=<TaskInstance: async_flow.task_sum manual__2024-09-06T17:29:39.458358+00:00 [queued]>
[2024-09-06T17:46:01.600+0000] {taskinstance.py:2865} INFO - Starting attempt 1 of 1
[2024-09-06T17:46:01.608+0000] {taskinstance.py:2888} INFO - Executing <Task(_PythonDecoratedOperator): task_sum> on 2024-09-06 17:29:39.458358+00:00
[2024-09-06T17:46:01.611+0000] {warnings.py:112} WARNING - /home/***/.local/lib/python3.12/site-packages/***/task/task_runner/standard_task_runner.py:70: DeprecationWarning: This process (pid=996) is multi-threaded, use of fork() may lead to deadlocks in the child.
  pid = os.fork()

[2024-09-06T17:46:01.612+0000] {standard_task_runner.py:72} INFO - Started process 1016 to run task
[2024-09-06T17:46:01.614+0000] {standard_task_runner.py:104} INFO - Running: ['***', 'tasks', 'run', 'async_flow', 'task_sum', 'manual__2024-09-06T17:29:39.458358+00:00', '--job-id', '325', '--raw', '--subdir', 'DAGS_FOLDER/dags_async_flow.py', '--cfg-path', '/tmp/tmp65rfkir_']
[2024-09-06T17:46:01.615+0000] {standard_task_runner.py:105} INFO - Job 325: Subtask task_sum
[2024-09-06T17:46:01.642+0000] {task_command.py:467} INFO - Running <TaskInstance: async_flow.task_sum manual__2024-09-06T17:29:39.458358+00:00 [running]> on host 0817eb6c24af
[2024-09-06T17:46:01.704+0000] {taskinstance.py:3131} INFO - Exporting env vars: AIRFLOW_CTX_DAG_OWNER='***' AIRFLOW_CTX_DAG_ID='async_flow' AIRFLOW_CTX_TASK_ID='task_sum' AIRFLOW_CTX_EXECUTION_DATE='2024-09-06T17:29:39.458358+00:00' AIRFLOW_CTX_TRY_NUMBER='1' AIRFLOW_CTX_DAG_RUN_ID='manual__2024-09-06T17:29:39.458358+00:00'
[2024-09-06T17:46:01.705+0000] {taskinstance.py:731} INFO - ::endgroup::
[2024-09-06T17:46:01.706+0000] {dags_async_flow.py:39} INFO - Summing number of process job requisitions: LazySelectSequence([50 items])
[2024-09-06T17:46:01.711+0000] {python.py:240} INFO - Done. Returned value was: 5000
[2024-09-06T17:46:01.723+0000] {taskinstance.py:340} INFO - ::group::Post task execution logs
[2024-09-06T17:46:01.723+0000] {taskinstance.py:352} INFO - Marking task as SUCCESS. dag_id=async_flow, task_id=task_sum, run_id=manual__2024-09-06T17:29:39.458358+00:00, execution_date=20240906T172939, start_date=20240906T174601, end_date=20240906T174601
[2024-09-06T17:46:01.751+0000] {local_task_job_runner.py:266} INFO - Task exited with return code 0
[2024-09-06T17:46:01.763+0000] {taskinstance.py:3900} INFO - 0 downstream tasks scheduled from follow-on schedule check
[2024-09-06T17:46:01.765+0000] {local_task_job_runner.py:245} INFO - ::endgroup::
