[2024-09-06T17:47:37.954+0000] {local_task_job_runner.py:123} INFO - ::group::Pre task execution logs
[2024-09-06T17:47:37.975+0000] {taskinstance.py:2612} INFO - Dependencies all met for dep_context=non-requeueable deps ti=<TaskInstance: async_flow.task_backfill_number_of_cancelled_candidates_in_batch manual__2024-09-06T17:47:30.120511+00:00 map_index=45 [queued]>
[2024-09-06T17:47:37.987+0000] {taskinstance.py:2612} INFO - Dependencies all met for dep_context=requeueable deps ti=<TaskInstance: async_flow.task_backfill_number_of_cancelled_candidates_in_batch manual__2024-09-06T17:47:30.120511+00:00 map_index=45 [queued]>
[2024-09-06T17:47:37.990+0000] {taskinstance.py:2865} INFO - Starting attempt 1 of 1
[2024-09-06T17:47:38.013+0000] {taskinstance.py:2888} INFO - Executing <Mapped(_PythonDecoratedOperator): task_backfill_number_of_cancelled_candidates_in_batch> on 2024-09-06 17:47:30.120511+00:00
[2024-09-06T17:47:38.024+0000] {warnings.py:112} WARNING - /home/***/.local/lib/python3.12/site-packages/***/task/task_runner/standard_task_runner.py:70: DeprecationWarning: This process (pid=1250) is multi-threaded, use of fork() may lead to deadlocks in the child.
  pid = os.fork()

[2024-09-06T17:47:38.043+0000] {standard_task_runner.py:72} INFO - Started process 1329 to run task
[2024-09-06T17:47:38.046+0000] {standard_task_runner.py:104} INFO - Running: ['***', 'tasks', 'run', 'async_flow', 'task_backfill_number_of_cancelled_candidates_in_batch', 'manual__2024-09-06T17:47:30.120511+00:00', '--job-id', '374', '--raw', '--subdir', 'DAGS_FOLDER/dags_async_flow.py', '--cfg-path', '/tmp/tmpph7n8k7a', '--map-index', '45']
[2024-09-06T17:47:38.050+0000] {standard_task_runner.py:105} INFO - Job 374: Subtask task_backfill_number_of_cancelled_candidates_in_batch
[2024-09-06T17:47:38.107+0000] {task_command.py:467} INFO - Running <TaskInstance: async_flow.task_backfill_number_of_cancelled_candidates_in_batch manual__2024-09-06T17:47:30.120511+00:00 map_index=45 [running]> on host 0817eb6c24af
[2024-09-06T17:47:38.188+0000] {taskinstance.py:3131} INFO - Exporting env vars: AIRFLOW_CTX_DAG_OWNER='***' AIRFLOW_CTX_DAG_ID='async_flow' AIRFLOW_CTX_TASK_ID='task_backfill_number_of_cancelled_candidates_in_batch' AIRFLOW_CTX_EXECUTION_DATE='2024-09-06T17:47:30.120511+00:00' AIRFLOW_CTX_TRY_NUMBER='1' AIRFLOW_CTX_DAG_RUN_ID='manual__2024-09-06T17:47:30.120511+00:00'
[2024-09-06T17:47:38.189+0000] {taskinstance.py:731} INFO - ::endgroup::
[2024-09-06T17:47:38.205+0000] {core_li.py:23} INFO - Successfully updated job requisition 66db04abbf0a19d8769e6eea
[2024-09-06T17:47:38.215+0000] {core_li.py:23} INFO - Successfully updated job requisition 66db04abbf0a19d8769e6eec
[2024-09-06T17:47:38.226+0000] {core_li.py:23} INFO - Successfully updated job requisition 66db04abbf0a19d8769e6eee
[2024-09-06T17:47:38.233+0000] {core_li.py:23} INFO - Successfully updated job requisition 66db04abbf0a19d8769e6ef0
[2024-09-06T17:47:38.243+0000] {core_li.py:23} INFO - Successfully updated job requisition 66db04abbf0a19d8769e6ef2
[2024-09-06T17:47:38.254+0000] {core_li.py:23} INFO - Successfully updated job requisition 66db04abbf0a19d8769e6ef4
[2024-09-06T17:47:38.265+0000] {core_li.py:23} INFO - Successfully updated job requisition 66db04abbf0a19d8769e6ef6
[2024-09-06T17:47:38.275+0000] {core_li.py:23} INFO - Successfully updated job requisition 66db04abbf0a19d8769e6ef8
[2024-09-06T17:47:38.282+0000] {core_li.py:23} INFO - Successfully updated job requisition 66db04abbf0a19d8769e6efa
[2024-09-06T17:47:38.292+0000] {core_li.py:23} INFO - Successfully updated job requisition 66db04abbf0a19d8769e6efc
[2024-09-06T17:47:38.299+0000] {core_li.py:23} INFO - Successfully updated job requisition 66db04abbf0a19d8769e6efe
[2024-09-06T17:47:38.312+0000] {core_li.py:23} INFO - Successfully updated job requisition 66db04abbf0a19d8769e6f00
[2024-09-06T17:47:38.323+0000] {core_li.py:23} INFO - Successfully updated job requisition 66db04abbf0a19d8769e6f02
[2024-09-06T17:47:38.332+0000] {core_li.py:23} INFO - Successfully updated job requisition 66db04abbf0a19d8769e6f04
[2024-09-06T17:47:38.340+0000] {core_li.py:23} INFO - Successfully updated job requisition 66db04abbf0a19d8769e6f06
[2024-09-06T17:47:38.349+0000] {core_li.py:23} INFO - Successfully updated job requisition 66db04abbf0a19d8769e6f08
[2024-09-06T17:47:38.357+0000] {core_li.py:23} INFO - Successfully updated job requisition 66db04abbf0a19d8769e6f0a
[2024-09-06T17:47:38.364+0000] {core_li.py:23} INFO - Successfully updated job requisition 66db04abbf0a19d8769e6f0c
[2024-09-06T17:47:38.389+0000] {core_li.py:23} INFO - Successfully updated job requisition 66db04abbf0a19d8769e6f0e
[2024-09-06T17:47:38.397+0000] {core_li.py:23} INFO - Successfully updated job requisition 66db04abbf0a19d8769e6f10
[2024-09-06T17:47:38.405+0000] {core_li.py:23} INFO - Successfully updated job requisition 66db04abbf0a19d8769e6f12
[2024-09-06T17:47:38.415+0000] {core_li.py:23} INFO - Successfully updated job requisition 66db04abbf0a19d8769e6f14
[2024-09-06T17:47:38.431+0000] {core_li.py:23} INFO - Successfully updated job requisition 66db04abbf0a19d8769e6f16
[2024-09-06T17:47:38.444+0000] {core_li.py:23} INFO - Successfully updated job requisition 66db04abbf0a19d8769e6f18
[2024-09-06T17:47:38.453+0000] {core_li.py:23} INFO - Successfully updated job requisition 66db04abbf0a19d8769e6f1a
[2024-09-06T17:47:38.460+0000] {core_li.py:23} INFO - Successfully updated job requisition 66db04abbf0a19d8769e6f1c
[2024-09-06T17:47:38.469+0000] {core_li.py:23} INFO - Successfully updated job requisition 66db04abbf0a19d8769e6f1e
[2024-09-06T17:47:38.477+0000] {core_li.py:23} INFO - Successfully updated job requisition 66db04abbf0a19d8769e6f20
[2024-09-06T17:47:38.488+0000] {core_li.py:23} INFO - Successfully updated job requisition 66db04abbf0a19d8769e6f22
[2024-09-06T17:47:38.496+0000] {core_li.py:23} INFO - Successfully updated job requisition 66db04abbf0a19d8769e6f24
[2024-09-06T17:47:38.522+0000] {core_li.py:23} INFO - Successfully updated job requisition 66db04abbf0a19d8769e6f26
[2024-09-06T17:47:38.547+0000] {core_li.py:23} INFO - Successfully updated job requisition 66db04abbf0a19d8769e6f28
[2024-09-06T17:47:38.561+0000] {core_li.py:23} INFO - Successfully updated job requisition 66db04abbf0a19d8769e6f2a
[2024-09-06T17:47:38.569+0000] {core_li.py:23} INFO - Successfully updated job requisition 66db04abbf0a19d8769e6f2c
[2024-09-06T17:47:38.577+0000] {core_li.py:23} INFO - Successfully updated job requisition 66db04abbf0a19d8769e6f2e
[2024-09-06T17:47:38.585+0000] {core_li.py:23} INFO - Successfully updated job requisition 66db04abbf0a19d8769e6f30
[2024-09-06T17:47:38.591+0000] {core_li.py:23} INFO - Successfully updated job requisition 66db04abbf0a19d8769e6f32
[2024-09-06T17:47:38.599+0000] {core_li.py:23} INFO - Successfully updated job requisition 66db04abbf0a19d8769e6f34
[2024-09-06T17:47:38.608+0000] {core_li.py:23} INFO - Successfully updated job requisition 66db04abbf0a19d8769e6f36
[2024-09-06T17:47:38.618+0000] {core_li.py:23} INFO - Successfully updated job requisition 66db04abbf0a19d8769e6f38
[2024-09-06T17:47:38.627+0000] {core_li.py:23} INFO - Successfully updated job requisition 66db04abbf0a19d8769e6f3a
[2024-09-06T17:47:38.642+0000] {core_li.py:23} INFO - Successfully updated job requisition 66db04abbf0a19d8769e6f3c
[2024-09-06T17:47:38.650+0000] {core_li.py:23} INFO - Successfully updated job requisition 66db04abbf0a19d8769e6f3e
[2024-09-06T17:47:38.659+0000] {core_li.py:23} INFO - Successfully updated job requisition 66db04abbf0a19d8769e6f40
[2024-09-06T17:47:38.667+0000] {core_li.py:23} INFO - Successfully updated job requisition 66db04abbf0a19d8769e6f42
[2024-09-06T17:47:38.678+0000] {core_li.py:23} INFO - Successfully updated job requisition 66db04abbf0a19d8769e6f44
[2024-09-06T17:47:38.691+0000] {core_li.py:23} INFO - Successfully updated job requisition 66db04abbf0a19d8769e6f46
[2024-09-06T17:47:38.699+0000] {core_li.py:23} INFO - Successfully updated job requisition 66db04abbf0a19d8769e6f48
[2024-09-06T17:47:38.710+0000] {core_li.py:23} INFO - Successfully updated job requisition 66db04abbf0a19d8769e6f4a
[2024-09-06T17:47:38.720+0000] {core_li.py:23} INFO - Successfully updated job requisition 66db04abbf0a19d8769e6f4c
[2024-09-06T17:47:38.730+0000] {core_li.py:23} INFO - Successfully updated job requisition 66db04abbf0a19d8769e6f4e
[2024-09-06T17:47:38.737+0000] {core_li.py:23} INFO - Successfully updated job requisition 66db04abbf0a19d8769e6f50
[2024-09-06T17:47:38.745+0000] {core_li.py:23} INFO - Successfully updated job requisition 66db04abbf0a19d8769e6f52
[2024-09-06T17:47:38.751+0000] {core_li.py:23} INFO - Successfully updated job requisition 66db04abbf0a19d8769e6f54
[2024-09-06T17:47:38.756+0000] {core_li.py:23} INFO - Successfully updated job requisition 66db04abbf0a19d8769e6f56
[2024-09-06T17:47:38.764+0000] {core_li.py:23} INFO - Successfully updated job requisition 66db04abbf0a19d8769e6f58
[2024-09-06T17:47:38.773+0000] {core_li.py:23} INFO - Successfully updated job requisition 66db04abbf0a19d8769e6f5a
[2024-09-06T17:47:38.783+0000] {core_li.py:23} INFO - Successfully updated job requisition 66db04abbf0a19d8769e6f5c
[2024-09-06T17:47:38.791+0000] {core_li.py:23} INFO - Successfully updated job requisition 66db04abbf0a19d8769e6f5e
[2024-09-06T17:47:38.797+0000] {core_li.py:23} INFO - Successfully updated job requisition 66db04abbf0a19d8769e6f60
[2024-09-06T17:47:38.810+0000] {core_li.py:23} INFO - Successfully updated job requisition 66db04abbf0a19d8769e6f62
[2024-09-06T17:47:38.817+0000] {core_li.py:23} INFO - Successfully updated job requisition 66db04abbf0a19d8769e6f64
[2024-09-06T17:47:38.829+0000] {core_li.py:23} INFO - Successfully updated job requisition 66db04abbf0a19d8769e6f66
[2024-09-06T17:47:38.839+0000] {core_li.py:23} INFO - Successfully updated job requisition 66db04abbf0a19d8769e6f68
[2024-09-06T17:47:38.846+0000] {core_li.py:23} INFO - Successfully updated job requisition 66db04abbf0a19d8769e6f6a
[2024-09-06T17:47:38.853+0000] {core_li.py:23} INFO - Successfully updated job requisition 66db04abbf0a19d8769e6f6c
[2024-09-06T17:47:38.862+0000] {core_li.py:23} INFO - Successfully updated job requisition 66db04abbf0a19d8769e6f6e
[2024-09-06T17:47:38.870+0000] {core_li.py:23} INFO - Successfully updated job requisition 66db04abbf0a19d8769e6f70
[2024-09-06T17:47:38.877+0000] {core_li.py:23} INFO - Successfully updated job requisition 66db04abbf0a19d8769e6f72
[2024-09-06T17:47:38.886+0000] {core_li.py:23} INFO - Successfully updated job requisition 66db04abbf0a19d8769e6f74
[2024-09-06T17:47:38.896+0000] {core_li.py:23} INFO - Successfully updated job requisition 66db04abbf0a19d8769e6f76
[2024-09-06T17:47:38.909+0000] {core_li.py:23} INFO - Successfully updated job requisition 66db04abbf0a19d8769e6f78
[2024-09-06T17:47:38.916+0000] {core_li.py:23} INFO - Successfully updated job requisition 66db04abbf0a19d8769e6f7a
[2024-09-06T17:47:38.923+0000] {core_li.py:23} INFO - Successfully updated job requisition 66db04abbf0a19d8769e6f7c
[2024-09-06T17:47:38.931+0000] {core_li.py:23} INFO - Successfully updated job requisition 66db04abbf0a19d8769e6f7e
[2024-09-06T17:47:38.938+0000] {core_li.py:23} INFO - Successfully updated job requisition 66db04abbf0a19d8769e6f80
[2024-09-06T17:47:38.946+0000] {core_li.py:23} INFO - Successfully updated job requisition 66db04abbf0a19d8769e6f82
[2024-09-06T17:47:38.953+0000] {core_li.py:23} INFO - Successfully updated job requisition 66db04abbf0a19d8769e6f84
[2024-09-06T17:47:38.960+0000] {core_li.py:23} INFO - Successfully updated job requisition 66db04abbf0a19d8769e6f86
[2024-09-06T17:47:38.968+0000] {core_li.py:23} INFO - Successfully updated job requisition 66db04abbf0a19d8769e6f88
[2024-09-06T17:47:38.974+0000] {core_li.py:23} INFO - Successfully updated job requisition 66db04abbf0a19d8769e6f8a
[2024-09-06T17:47:38.981+0000] {core_li.py:23} INFO - Successfully updated job requisition 66db04abbf0a19d8769e6f8c
[2024-09-06T17:47:38.988+0000] {core_li.py:23} INFO - Successfully updated job requisition 66db04abbf0a19d8769e6f8e
[2024-09-06T17:47:38.997+0000] {core_li.py:23} INFO - Successfully updated job requisition 66db04abbf0a19d8769e6f90
[2024-09-06T17:47:39.005+0000] {core_li.py:23} INFO - Successfully updated job requisition 66db04abbf0a19d8769e6f92
[2024-09-06T17:47:39.014+0000] {core_li.py:23} INFO - Successfully updated job requisition 66db04abbf0a19d8769e6f94
[2024-09-06T17:47:39.025+0000] {core_li.py:23} INFO - Successfully updated job requisition 66db04abbf0a19d8769e6f96
[2024-09-06T17:47:39.032+0000] {core_li.py:23} INFO - Successfully updated job requisition 66db04abbf0a19d8769e6f98
[2024-09-06T17:47:39.038+0000] {core_li.py:23} INFO - Successfully updated job requisition 66db04abbf0a19d8769e6f9a
[2024-09-06T17:47:39.045+0000] {core_li.py:23} INFO - Successfully updated job requisition 66db04abbf0a19d8769e6f9c
[2024-09-06T17:47:39.050+0000] {core_li.py:23} INFO - Successfully updated job requisition 66db04abbf0a19d8769e6f9e
[2024-09-06T17:47:39.058+0000] {core_li.py:23} INFO - Successfully updated job requisition 66db04abbf0a19d8769e6fa0
[2024-09-06T17:47:39.066+0000] {core_li.py:23} INFO - Successfully updated job requisition 66db04abbf0a19d8769e6fa2
[2024-09-06T17:47:39.091+0000] {core_li.py:23} INFO - Successfully updated job requisition 66db04abbf0a19d8769e6fa4
[2024-09-06T17:47:39.102+0000] {core_li.py:23} INFO - Successfully updated job requisition 66db04abbf0a19d8769e6fa6
[2024-09-06T17:47:39.110+0000] {core_li.py:23} INFO - Successfully updated job requisition 66db04abbf0a19d8769e6fa8
[2024-09-06T17:47:39.117+0000] {core_li.py:23} INFO - Successfully updated job requisition 66db04abbf0a19d8769e6faa
[2024-09-06T17:47:39.128+0000] {core_li.py:23} INFO - Successfully updated job requisition 66db04abbf0a19d8769e6fac
[2024-09-06T17:47:39.137+0000] {core_li.py:23} INFO - Successfully updated job requisition 66db04abbf0a19d8769e6fae
[2024-09-06T17:47:39.146+0000] {core_li.py:23} INFO - Successfully updated job requisition 66db04abbf0a19d8769e6fb0
[2024-09-06T17:47:39.147+0000] {python.py:240} INFO - Done. Returned value was: 100
[2024-09-06T17:47:39.169+0000] {taskinstance.py:340} INFO - ::group::Post task execution logs
[2024-09-06T17:47:39.170+0000] {taskinstance.py:352} INFO - Marking task as SUCCESS. dag_id=async_flow, task_id=task_backfill_number_of_cancelled_candidates_in_batch, run_id=manual__2024-09-06T17:47:30.120511+00:00, map_index=45, execution_date=20240906T174730, start_date=20240906T174737, end_date=20240906T174739
[2024-09-06T17:47:39.192+0000] {local_task_job_runner.py:266} INFO - Task exited with return code 0
[2024-09-06T17:47:39.204+0000] {local_task_job_runner.py:245} INFO - ::endgroup::
