[2024-09-06T17:43:07.195+0000] {local_task_job_runner.py:123} INFO - ::group::Pre task execution logs
[2024-09-06T17:43:07.238+0000] {taskinstance.py:2612} INFO - Dependencies all met for dep_context=non-requeueable deps ti=<TaskInstance: async_flow.task_backfill_number_of_cancelled_candidates_in_batch manual__2024-09-06T17:43:02.727107+00:00 map_index=24 [queued]>
[2024-09-06T17:43:07.284+0000] {taskinstance.py:2612} INFO - Dependencies all met for dep_context=requeueable deps ti=<TaskInstance: async_flow.task_backfill_number_of_cancelled_candidates_in_batch manual__2024-09-06T17:43:02.727107+00:00 map_index=24 [queued]>
[2024-09-06T17:43:07.292+0000] {taskinstance.py:2865} INFO - Starting attempt 1 of 1
[2024-09-06T17:43:07.432+0000] {taskinstance.py:2888} INFO - Executing <Mapped(_PythonDecoratedOperator): task_backfill_number_of_cancelled_candidates_in_batch> on 2024-09-06 17:43:02.727107+00:00
[2024-09-06T17:43:07.442+0000] {warnings.py:112} WARNING - /home/***/.local/lib/python3.12/site-packages/***/task/task_runner/standard_task_runner.py:70: DeprecationWarning: This process (pid=184) is multi-threaded, use of fork() may lead to deadlocks in the child.
  pid = os.fork()

[2024-09-06T17:43:07.447+0000] {standard_task_runner.py:72} INFO - Started process 254 to run task
[2024-09-06T17:43:07.443+0000] {standard_task_runner.py:104} INFO - Running: ['***', 'tasks', 'run', 'async_flow', 'task_backfill_number_of_cancelled_candidates_in_batch', 'manual__2024-09-06T17:43:02.727107+00:00', '--job-id', '196', '--raw', '--subdir', 'DAGS_FOLDER/dags_async_flow.py', '--cfg-path', '/tmp/tmpsnit6sdt', '--map-index', '24']
[2024-09-06T17:43:07.450+0000] {standard_task_runner.py:105} INFO - Job 196: Subtask task_backfill_number_of_cancelled_candidates_in_batch
[2024-09-06T17:43:07.519+0000] {task_command.py:467} INFO - Running <TaskInstance: async_flow.task_backfill_number_of_cancelled_candidates_in_batch manual__2024-09-06T17:43:02.727107+00:00 map_index=24 [running]> on host 0817eb6c24af
[2024-09-06T17:43:07.606+0000] {taskinstance.py:3131} INFO - Exporting env vars: AIRFLOW_CTX_DAG_OWNER='***' AIRFLOW_CTX_DAG_ID='async_flow' AIRFLOW_CTX_TASK_ID='task_backfill_number_of_cancelled_candidates_in_batch' AIRFLOW_CTX_EXECUTION_DATE='2024-09-06T17:43:02.727107+00:00' AIRFLOW_CTX_TRY_NUMBER='1' AIRFLOW_CTX_DAG_RUN_ID='manual__2024-09-06T17:43:02.727107+00:00'
[2024-09-06T17:43:07.607+0000] {taskinstance.py:731} INFO - ::endgroup::
[2024-09-06T17:43:07.621+0000] {core_li.py:23} INFO - Successfully updated job requisition 66db04abbf0a19d8769e6e22
[2024-09-06T17:43:07.631+0000] {core_li.py:23} INFO - Successfully updated job requisition 66db04abbf0a19d8769e6e24
[2024-09-06T17:43:07.639+0000] {core_li.py:23} INFO - Successfully updated job requisition 66db04abbf0a19d8769e6e26
[2024-09-06T17:43:07.646+0000] {core_li.py:23} INFO - Successfully updated job requisition 66db04abbf0a19d8769e6e28
[2024-09-06T17:43:07.657+0000] {core_li.py:23} INFO - Successfully updated job requisition 66db04abbf0a19d8769e6e2a
[2024-09-06T17:43:07.671+0000] {core_li.py:23} INFO - Successfully updated job requisition 66db04abbf0a19d8769e6e2c
[2024-09-06T17:43:07.681+0000] {core_li.py:23} INFO - Successfully updated job requisition 66db04abbf0a19d8769e6e2e
[2024-09-06T17:43:07.690+0000] {core_li.py:23} INFO - Successfully updated job requisition 66db04abbf0a19d8769e6e30
[2024-09-06T17:43:07.696+0000] {core_li.py:23} INFO - Successfully updated job requisition 66db04abbf0a19d8769e6e32
[2024-09-06T17:43:07.701+0000] {core_li.py:23} INFO - Successfully updated job requisition 66db04abbf0a19d8769e6e34
[2024-09-06T17:43:07.708+0000] {core_li.py:23} INFO - Successfully updated job requisition 66db04abbf0a19d8769e6e36
[2024-09-06T17:43:07.716+0000] {core_li.py:23} INFO - Successfully updated job requisition 66db04abbf0a19d8769e6e38
[2024-09-06T17:43:07.725+0000] {core_li.py:23} INFO - Successfully updated job requisition 66db04abbf0a19d8769e6e3a
[2024-09-06T17:43:07.733+0000] {core_li.py:23} INFO - Successfully updated job requisition 66db04abbf0a19d8769e6e3c
[2024-09-06T17:43:07.740+0000] {core_li.py:23} INFO - Successfully updated job requisition 66db04abbf0a19d8769e6e3e
[2024-09-06T17:43:07.749+0000] {core_li.py:23} INFO - Successfully updated job requisition 66db04abbf0a19d8769e6e40
[2024-09-06T17:43:07.759+0000] {core_li.py:23} INFO - Successfully updated job requisition 66db04abbf0a19d8769e6e42
[2024-09-06T17:43:07.768+0000] {core_li.py:23} INFO - Successfully updated job requisition 66db04abbf0a19d8769e6e44
[2024-09-06T17:43:07.778+0000] {core_li.py:23} INFO - Successfully updated job requisition 66db04abbf0a19d8769e6e46
[2024-09-06T17:43:07.789+0000] {core_li.py:23} INFO - Successfully updated job requisition 66db04abbf0a19d8769e6e48
[2024-09-06T17:43:07.801+0000] {core_li.py:23} INFO - Successfully updated job requisition 66db04abbf0a19d8769e6e4a
[2024-09-06T17:43:07.810+0000] {core_li.py:23} INFO - Successfully updated job requisition 66db04abbf0a19d8769e6e4c
[2024-09-06T17:43:07.819+0000] {core_li.py:23} INFO - Successfully updated job requisition 66db04abbf0a19d8769e6e4e
[2024-09-06T17:43:07.832+0000] {core_li.py:23} INFO - Successfully updated job requisition 66db04abbf0a19d8769e6e50
[2024-09-06T17:43:07.840+0000] {core_li.py:23} INFO - Successfully updated job requisition 66db04abbf0a19d8769e6e52
[2024-09-06T17:43:07.849+0000] {core_li.py:23} INFO - Successfully updated job requisition 66db04abbf0a19d8769e6e54
[2024-09-06T17:43:07.859+0000] {core_li.py:23} INFO - Successfully updated job requisition 66db04abbf0a19d8769e6e56
[2024-09-06T17:43:07.872+0000] {core_li.py:23} INFO - Successfully updated job requisition 66db04abbf0a19d8769e6e58
[2024-09-06T17:43:07.887+0000] {core_li.py:23} INFO - Successfully updated job requisition 66db04abbf0a19d8769e6e5a
[2024-09-06T17:43:07.895+0000] {core_li.py:23} INFO - Successfully updated job requisition 66db04abbf0a19d8769e6e5c
[2024-09-06T17:43:07.908+0000] {core_li.py:23} INFO - Successfully updated job requisition 66db04abbf0a19d8769e6e5e
[2024-09-06T17:43:07.920+0000] {core_li.py:23} INFO - Successfully updated job requisition 66db04abbf0a19d8769e6e60
[2024-09-06T17:43:07.928+0000] {core_li.py:23} INFO - Successfully updated job requisition 66db04abbf0a19d8769e6e62
[2024-09-06T17:43:07.938+0000] {core_li.py:23} INFO - Successfully updated job requisition 66db04abbf0a19d8769e6e64
[2024-09-06T17:43:07.943+0000] {core_li.py:23} INFO - Successfully updated job requisition 66db04abbf0a19d8769e6e66
[2024-09-06T17:43:07.951+0000] {core_li.py:23} INFO - Successfully updated job requisition 66db04abbf0a19d8769e6e68
[2024-09-06T17:43:07.958+0000] {core_li.py:23} INFO - Successfully updated job requisition 66db04abbf0a19d8769e6e6a
[2024-09-06T17:43:07.965+0000] {core_li.py:23} INFO - Successfully updated job requisition 66db04abbf0a19d8769e6e6c
[2024-09-06T17:43:07.979+0000] {core_li.py:23} INFO - Successfully updated job requisition 66db04abbf0a19d8769e6e6e
[2024-09-06T17:43:07.987+0000] {core_li.py:23} INFO - Successfully updated job requisition 66db04abbf0a19d8769e6e70
[2024-09-06T17:43:07.996+0000] {core_li.py:23} INFO - Successfully updated job requisition 66db04abbf0a19d8769e6e72
[2024-09-06T17:43:08.009+0000] {core_li.py:23} INFO - Successfully updated job requisition 66db04abbf0a19d8769e6e74
[2024-09-06T17:43:08.017+0000] {core_li.py:23} INFO - Successfully updated job requisition 66db04abbf0a19d8769e6e76
[2024-09-06T17:43:08.025+0000] {core_li.py:23} INFO - Successfully updated job requisition 66db04abbf0a19d8769e6e78
[2024-09-06T17:43:08.035+0000] {core_li.py:23} INFO - Successfully updated job requisition 66db04abbf0a19d8769e6e7a
[2024-09-06T17:43:08.045+0000] {core_li.py:23} INFO - Successfully updated job requisition 66db04abbf0a19d8769e6e7c
[2024-09-06T17:43:08.054+0000] {core_li.py:23} INFO - Successfully updated job requisition 66db04abbf0a19d8769e6e7e
[2024-09-06T17:43:08.061+0000] {core_li.py:23} INFO - Successfully updated job requisition 66db04abbf0a19d8769e6e80
[2024-09-06T17:43:08.069+0000] {core_li.py:23} INFO - Successfully updated job requisition 66db04abbf0a19d8769e6e82
[2024-09-06T17:43:08.076+0000] {core_li.py:23} INFO - Successfully updated job requisition 66db04abbf0a19d8769e6e84
[2024-09-06T17:43:08.086+0000] {core_li.py:23} INFO - Successfully updated job requisition 66db04abbf0a19d8769e6e86
[2024-09-06T17:43:08.100+0000] {core_li.py:23} INFO - Successfully updated job requisition 66db04abbf0a19d8769e6e88
[2024-09-06T17:43:08.107+0000] {core_li.py:23} INFO - Successfully updated job requisition 66db04abbf0a19d8769e6e8a
[2024-09-06T17:43:08.116+0000] {core_li.py:23} INFO - Successfully updated job requisition 66db04abbf0a19d8769e6e8c
[2024-09-06T17:43:08.123+0000] {core_li.py:23} INFO - Successfully updated job requisition 66db04abbf0a19d8769e6e8e
[2024-09-06T17:43:08.130+0000] {core_li.py:23} INFO - Successfully updated job requisition 66db04abbf0a19d8769e6e90
[2024-09-06T17:43:08.144+0000] {core_li.py:23} INFO - Successfully updated job requisition 66db04abbf0a19d8769e6e92
[2024-09-06T17:43:08.155+0000] {core_li.py:23} INFO - Successfully updated job requisition 66db04abbf0a19d8769e6e94
[2024-09-06T17:43:08.164+0000] {core_li.py:23} INFO - Successfully updated job requisition 66db04abbf0a19d8769e6e96
[2024-09-06T17:43:08.173+0000] {core_li.py:23} INFO - Successfully updated job requisition 66db04abbf0a19d8769e6e98
[2024-09-06T17:43:08.179+0000] {core_li.py:23} INFO - Successfully updated job requisition 66db04abbf0a19d8769e6e9a
[2024-09-06T17:43:08.186+0000] {core_li.py:23} INFO - Successfully updated job requisition 66db04abbf0a19d8769e6e9c
[2024-09-06T17:43:08.195+0000] {core_li.py:23} INFO - Successfully updated job requisition 66db04abbf0a19d8769e6e9e
[2024-09-06T17:43:08.203+0000] {core_li.py:23} INFO - Successfully updated job requisition 66db04abbf0a19d8769e6ea0
[2024-09-06T17:43:08.211+0000] {core_li.py:23} INFO - Successfully updated job requisition 66db04abbf0a19d8769e6ea2
[2024-09-06T17:43:08.224+0000] {core_li.py:23} INFO - Successfully updated job requisition 66db04abbf0a19d8769e6ea4
[2024-09-06T17:43:08.234+0000] {core_li.py:23} INFO - Successfully updated job requisition 66db04abbf0a19d8769e6ea6
[2024-09-06T17:43:08.242+0000] {core_li.py:23} INFO - Successfully updated job requisition 66db04abbf0a19d8769e6ea8
[2024-09-06T17:43:08.250+0000] {core_li.py:23} INFO - Successfully updated job requisition 66db04abbf0a19d8769e6eaa
[2024-09-06T17:43:08.263+0000] {core_li.py:23} INFO - Successfully updated job requisition 66db04abbf0a19d8769e6eac
[2024-09-06T17:43:08.275+0000] {core_li.py:23} INFO - Successfully updated job requisition 66db04abbf0a19d8769e6eae
[2024-09-06T17:43:08.283+0000] {core_li.py:23} INFO - Successfully updated job requisition 66db04abbf0a19d8769e6eb0
[2024-09-06T17:43:08.290+0000] {core_li.py:23} INFO - Successfully updated job requisition 66db04abbf0a19d8769e6eb2
[2024-09-06T17:43:08.308+0000] {core_li.py:23} INFO - Successfully updated job requisition 66db04abbf0a19d8769e6eb4
[2024-09-06T17:43:08.316+0000] {core_li.py:23} INFO - Successfully updated job requisition 66db04abbf0a19d8769e6eb6
[2024-09-06T17:43:08.323+0000] {core_li.py:23} INFO - Successfully updated job requisition 66db04abbf0a19d8769e6eb8
[2024-09-06T17:43:08.333+0000] {core_li.py:23} INFO - Successfully updated job requisition 66db04abbf0a19d8769e6eba
[2024-09-06T17:43:08.342+0000] {core_li.py:23} INFO - Successfully updated job requisition 66db04abbf0a19d8769e6ebc
[2024-09-06T17:43:08.349+0000] {core_li.py:23} INFO - Successfully updated job requisition 66db04abbf0a19d8769e6ebe
[2024-09-06T17:43:08.361+0000] {core_li.py:23} INFO - Successfully updated job requisition 66db04abbf0a19d8769e6ec0
[2024-09-06T17:43:08.369+0000] {core_li.py:23} INFO - Successfully updated job requisition 66db04abbf0a19d8769e6ec2
[2024-09-06T17:43:08.378+0000] {core_li.py:23} INFO - Successfully updated job requisition 66db04abbf0a19d8769e6ec4
[2024-09-06T17:43:08.390+0000] {core_li.py:23} INFO - Successfully updated job requisition 66db04abbf0a19d8769e6ec6
[2024-09-06T17:43:08.395+0000] {core_li.py:23} INFO - Successfully updated job requisition 66db04abbf0a19d8769e6ec8
[2024-09-06T17:43:08.410+0000] {core_li.py:23} INFO - Successfully updated job requisition 66db04abbf0a19d8769e6eca
[2024-09-06T17:43:08.423+0000] {core_li.py:23} INFO - Successfully updated job requisition 66db04abbf0a19d8769e6ecc
[2024-09-06T17:43:08.437+0000] {core_li.py:23} INFO - Successfully updated job requisition 66db04abbf0a19d8769e6ece
[2024-09-06T17:43:08.456+0000] {core_li.py:23} INFO - Successfully updated job requisition 66db04abbf0a19d8769e6ed0
[2024-09-06T17:43:08.484+0000] {core_li.py:23} INFO - Successfully updated job requisition 66db04abbf0a19d8769e6ed2
[2024-09-06T17:43:08.503+0000] {core_li.py:23} INFO - Successfully updated job requisition 66db04abbf0a19d8769e6ed4
[2024-09-06T17:43:08.525+0000] {core_li.py:23} INFO - Successfully updated job requisition 66db04abbf0a19d8769e6ed6
[2024-09-06T17:43:08.545+0000] {core_li.py:23} INFO - Successfully updated job requisition 66db04abbf0a19d8769e6ed8
[2024-09-06T17:43:08.558+0000] {core_li.py:23} INFO - Successfully updated job requisition 66db04abbf0a19d8769e6eda
[2024-09-06T17:43:08.569+0000] {core_li.py:23} INFO - Successfully updated job requisition 66db04abbf0a19d8769e6edc
[2024-09-06T17:43:08.575+0000] {core_li.py:23} INFO - Successfully updated job requisition 66db04abbf0a19d8769e6ede
[2024-09-06T17:43:08.586+0000] {core_li.py:23} INFO - Successfully updated job requisition 66db04abbf0a19d8769e6ee0
[2024-09-06T17:43:08.593+0000] {core_li.py:23} INFO - Successfully updated job requisition 66db04abbf0a19d8769e6ee2
[2024-09-06T17:43:08.600+0000] {core_li.py:23} INFO - Successfully updated job requisition 66db04abbf0a19d8769e6ee4
[2024-09-06T17:43:08.610+0000] {core_li.py:23} INFO - Successfully updated job requisition 66db04abbf0a19d8769e6ee6
[2024-09-06T17:43:08.619+0000] {core_li.py:23} INFO - Successfully updated job requisition 66db04abbf0a19d8769e6ee8
[2024-09-06T17:43:08.620+0000] {python.py:240} INFO - Done. Returned value was: 100
[2024-09-06T17:43:08.642+0000] {taskinstance.py:340} INFO - ::group::Post task execution logs
[2024-09-06T17:43:08.643+0000] {taskinstance.py:352} INFO - Marking task as SUCCESS. dag_id=async_flow, task_id=task_backfill_number_of_cancelled_candidates_in_batch, run_id=manual__2024-09-06T17:43:02.727107+00:00, map_index=24, execution_date=20240906T174302, start_date=20240906T174307, end_date=20240906T174308
[2024-09-06T17:43:08.662+0000] {local_task_job_runner.py:266} INFO - Task exited with return code 0
[2024-09-06T17:43:08.685+0000] {taskinstance.py:3900} INFO - 0 downstream tasks scheduled from follow-on schedule check
[2024-09-06T17:43:08.689+0000] {local_task_job_runner.py:245} INFO - ::endgroup::
