[2024-09-06T17:45:53.856+0000] {local_task_job_runner.py:123} INFO - ::group::Pre task execution logs
[2024-09-06T17:45:53.876+0000] {taskinstance.py:2612} INFO - Dependencies all met for dep_context=non-requeueable deps ti=<TaskInstance: async_flow.task_backfill_number_of_cancelled_candidates_in_batch manual__2024-09-06T17:29:39.458358+00:00 map_index=32 [queued]>
[2024-09-06T17:45:53.882+0000] {taskinstance.py:2612} INFO - Dependencies all met for dep_context=requeueable deps ti=<TaskInstance: async_flow.task_backfill_number_of_cancelled_candidates_in_batch manual__2024-09-06T17:29:39.458358+00:00 map_index=32 [queued]>
[2024-09-06T17:45:53.882+0000] {taskinstance.py:2865} INFO - Starting attempt 2 of 2
[2024-09-06T17:45:53.895+0000] {taskinstance.py:2888} INFO - Executing <Mapped(_PythonDecoratedOperator): task_backfill_number_of_cancelled_candidates_in_batch> on 2024-09-06 17:29:39.458358+00:00
[2024-09-06T17:45:53.907+0000] {warnings.py:112} WARNING - /home/***/.local/lib/python3.12/site-packages/***/task/task_runner/standard_task_runner.py:70: DeprecationWarning: This process (pid=612) is multi-threaded, use of fork() may lead to deadlocks in the child.
  pid = os.fork()

[2024-09-06T17:45:53.909+0000] {standard_task_runner.py:72} INFO - Started process 691 to run task
[2024-09-06T17:45:53.915+0000] {standard_task_runner.py:104} INFO - Running: ['***', 'tasks', 'run', 'async_flow', 'task_backfill_number_of_cancelled_candidates_in_batch', 'manual__2024-09-06T17:29:39.458358+00:00', '--job-id', '269', '--raw', '--subdir', 'DAGS_FOLDER/dags_async_flow.py', '--cfg-path', '/tmp/tmpel06sb8r', '--map-index', '32']
[2024-09-06T17:45:53.922+0000] {standard_task_runner.py:105} INFO - Job 269: Subtask task_backfill_number_of_cancelled_candidates_in_batch
[2024-09-06T17:45:53.987+0000] {task_command.py:467} INFO - Running <TaskInstance: async_flow.task_backfill_number_of_cancelled_candidates_in_batch manual__2024-09-06T17:29:39.458358+00:00 map_index=32 [running]> on host 0817eb6c24af
[2024-09-06T17:45:54.145+0000] {taskinstance.py:3131} INFO - Exporting env vars: AIRFLOW_CTX_DAG_OWNER='***' AIRFLOW_CTX_DAG_ID='async_flow' AIRFLOW_CTX_TASK_ID='task_backfill_number_of_cancelled_candidates_in_batch' AIRFLOW_CTX_EXECUTION_DATE='2024-09-06T17:29:39.458358+00:00' AIRFLOW_CTX_TRY_NUMBER='2' AIRFLOW_CTX_DAG_RUN_ID='manual__2024-09-06T17:29:39.458358+00:00'
[2024-09-06T17:45:54.148+0000] {taskinstance.py:731} INFO - ::endgroup::
[2024-09-06T17:45:54.165+0000] {core_li.py:23} INFO - Successfully updated job requisition 66db04abbf0a19d8769e72d2
[2024-09-06T17:45:54.173+0000] {core_li.py:23} INFO - Successfully updated job requisition 66db04abbf0a19d8769e72d4
[2024-09-06T17:45:54.182+0000] {core_li.py:23} INFO - Successfully updated job requisition 66db04abbf0a19d8769e72d6
[2024-09-06T17:45:54.189+0000] {core_li.py:23} INFO - Successfully updated job requisition 66db04abbf0a19d8769e72d8
[2024-09-06T17:45:54.195+0000] {core_li.py:23} INFO - Successfully updated job requisition 66db04abbf0a19d8769e72da
[2024-09-06T17:45:54.203+0000] {core_li.py:23} INFO - Successfully updated job requisition 66db04abbf0a19d8769e72dc
[2024-09-06T17:45:54.209+0000] {core_li.py:23} INFO - Successfully updated job requisition 66db04abbf0a19d8769e72de
[2024-09-06T17:45:54.222+0000] {core_li.py:23} INFO - Successfully updated job requisition 66db04abbf0a19d8769e72e0
[2024-09-06T17:45:54.231+0000] {core_li.py:23} INFO - Successfully updated job requisition 66db04abbf0a19d8769e72e2
[2024-09-06T17:45:54.238+0000] {core_li.py:23} INFO - Successfully updated job requisition 66db04abbf0a19d8769e72e4
[2024-09-06T17:45:54.243+0000] {core_li.py:23} INFO - Successfully updated job requisition 66db04abbf0a19d8769e72e6
[2024-09-06T17:45:54.251+0000] {core_li.py:23} INFO - Successfully updated job requisition 66db04abbf0a19d8769e72e8
[2024-09-06T17:45:54.259+0000] {core_li.py:23} INFO - Successfully updated job requisition 66db04abbf0a19d8769e72ea
[2024-09-06T17:45:54.266+0000] {core_li.py:23} INFO - Successfully updated job requisition 66db04abbf0a19d8769e72ec
[2024-09-06T17:45:54.274+0000] {core_li.py:23} INFO - Successfully updated job requisition 66db04abbf0a19d8769e72ee
[2024-09-06T17:45:54.283+0000] {core_li.py:23} INFO - Successfully updated job requisition 66db04abbf0a19d8769e72f0
[2024-09-06T17:45:54.290+0000] {core_li.py:23} INFO - Successfully updated job requisition 66db04abbf0a19d8769e72f2
[2024-09-06T17:45:54.297+0000] {core_li.py:23} INFO - Successfully updated job requisition 66db04abbf0a19d8769e72f4
[2024-09-06T17:45:54.303+0000] {core_li.py:23} INFO - Successfully updated job requisition 66db04abbf0a19d8769e72f6
[2024-09-06T17:45:54.310+0000] {core_li.py:23} INFO - Successfully updated job requisition 66db04abbf0a19d8769e72f8
[2024-09-06T17:45:54.318+0000] {core_li.py:23} INFO - Successfully updated job requisition 66db04abbf0a19d8769e72fa
[2024-09-06T17:45:54.323+0000] {core_li.py:23} INFO - Successfully updated job requisition 66db04abbf0a19d8769e72fc
[2024-09-06T17:45:54.328+0000] {core_li.py:23} INFO - Successfully updated job requisition 66db04abbf0a19d8769e72fe
[2024-09-06T17:45:54.334+0000] {core_li.py:23} INFO - Successfully updated job requisition 66db04abbf0a19d8769e7300
[2024-09-06T17:45:54.343+0000] {core_li.py:23} INFO - Successfully updated job requisition 66db04abbf0a19d8769e7302
[2024-09-06T17:45:54.352+0000] {core_li.py:23} INFO - Successfully updated job requisition 66db04abbf0a19d8769e7304
[2024-09-06T17:45:54.359+0000] {core_li.py:23} INFO - Successfully updated job requisition 66db04abbf0a19d8769e7306
[2024-09-06T17:45:54.369+0000] {core_li.py:23} INFO - Successfully updated job requisition 66db04abbf0a19d8769e7308
[2024-09-06T17:45:54.378+0000] {core_li.py:23} INFO - Successfully updated job requisition 66db04abbf0a19d8769e730a
[2024-09-06T17:45:54.385+0000] {core_li.py:23} INFO - Successfully updated job requisition 66db04abbf0a19d8769e730c
[2024-09-06T17:45:54.392+0000] {core_li.py:23} INFO - Successfully updated job requisition 66db04abbf0a19d8769e730e
[2024-09-06T17:45:54.399+0000] {core_li.py:23} INFO - Successfully updated job requisition 66db04abbf0a19d8769e7310
[2024-09-06T17:45:54.406+0000] {core_li.py:23} INFO - Successfully updated job requisition 66db04abbf0a19d8769e7312
[2024-09-06T17:45:54.415+0000] {core_li.py:23} INFO - Successfully updated job requisition 66db04abbf0a19d8769e7314
[2024-09-06T17:45:54.424+0000] {core_li.py:23} INFO - Successfully updated job requisition 66db04abbf0a19d8769e7316
[2024-09-06T17:45:54.433+0000] {core_li.py:23} INFO - Successfully updated job requisition 66db04abbf0a19d8769e7318
[2024-09-06T17:45:54.441+0000] {core_li.py:23} INFO - Successfully updated job requisition 66db04abbf0a19d8769e731a
[2024-09-06T17:45:54.449+0000] {core_li.py:23} INFO - Successfully updated job requisition 66db04abbf0a19d8769e731c
[2024-09-06T17:45:54.456+0000] {core_li.py:23} INFO - Successfully updated job requisition 66db04abbf0a19d8769e731e
[2024-09-06T17:45:54.463+0000] {core_li.py:23} INFO - Successfully updated job requisition 66db04abbf0a19d8769e7320
[2024-09-06T17:45:54.474+0000] {core_li.py:23} INFO - Successfully updated job requisition 66db04abbf0a19d8769e7322
[2024-09-06T17:45:54.483+0000] {core_li.py:23} INFO - Successfully updated job requisition 66db04abbf0a19d8769e7324
[2024-09-06T17:45:54.494+0000] {core_li.py:23} INFO - Successfully updated job requisition 66db04abbf0a19d8769e7326
[2024-09-06T17:45:54.505+0000] {core_li.py:23} INFO - Successfully updated job requisition 66db04abbf0a19d8769e7328
[2024-09-06T17:45:54.517+0000] {core_li.py:23} INFO - Successfully updated job requisition 66db04abbf0a19d8769e732a
[2024-09-06T17:45:54.524+0000] {core_li.py:23} INFO - Successfully updated job requisition 66db04abbf0a19d8769e732c
[2024-09-06T17:45:54.535+0000] {core_li.py:23} INFO - Successfully updated job requisition 66db04abbf0a19d8769e732e
[2024-09-06T17:45:54.544+0000] {core_li.py:23} INFO - Successfully updated job requisition 66db04abbf0a19d8769e7330
[2024-09-06T17:45:54.554+0000] {core_li.py:23} INFO - Successfully updated job requisition 66db04abbf0a19d8769e7332
[2024-09-06T17:45:54.568+0000] {core_li.py:23} INFO - Successfully updated job requisition 66db04abbf0a19d8769e7334
[2024-09-06T17:45:54.580+0000] {core_li.py:23} INFO - Successfully updated job requisition 66db04abbf0a19d8769e7336
[2024-09-06T17:45:54.593+0000] {core_li.py:23} INFO - Successfully updated job requisition 66db04abbf0a19d8769e7338
[2024-09-06T17:45:54.601+0000] {core_li.py:23} INFO - Successfully updated job requisition 66db04abbf0a19d8769e733a
[2024-09-06T17:45:54.609+0000] {core_li.py:23} INFO - Successfully updated job requisition 66db04abbf0a19d8769e733c
[2024-09-06T17:45:54.620+0000] {core_li.py:23} INFO - Successfully updated job requisition 66db04abbf0a19d8769e733e
[2024-09-06T17:45:54.631+0000] {core_li.py:23} INFO - Successfully updated job requisition 66db04abbf0a19d8769e7340
[2024-09-06T17:45:54.642+0000] {core_li.py:23} INFO - Successfully updated job requisition 66db04abbf0a19d8769e7342
[2024-09-06T17:45:54.652+0000] {core_li.py:23} INFO - Successfully updated job requisition 66db04abbf0a19d8769e7344
[2024-09-06T17:45:54.666+0000] {core_li.py:23} INFO - Successfully updated job requisition 66db04abbf0a19d8769e7346
[2024-09-06T17:45:54.677+0000] {core_li.py:23} INFO - Successfully updated job requisition 66db04abbf0a19d8769e7348
[2024-09-06T17:45:54.693+0000] {core_li.py:23} INFO - Successfully updated job requisition 66db04abbf0a19d8769e734a
[2024-09-06T17:45:54.701+0000] {core_li.py:23} INFO - Successfully updated job requisition 66db04abbf0a19d8769e734c
[2024-09-06T17:45:54.710+0000] {core_li.py:23} INFO - Successfully updated job requisition 66db04abbf0a19d8769e734e
[2024-09-06T17:45:54.721+0000] {core_li.py:23} INFO - Successfully updated job requisition 66db04abbf0a19d8769e7350
[2024-09-06T17:45:54.726+0000] {core_li.py:23} INFO - Successfully updated job requisition 66db04abbf0a19d8769e7352
[2024-09-06T17:45:54.736+0000] {core_li.py:23} INFO - Successfully updated job requisition 66db04abbf0a19d8769e7354
[2024-09-06T17:45:54.743+0000] {core_li.py:23} INFO - Successfully updated job requisition 66db04abbf0a19d8769e7356
[2024-09-06T17:45:54.750+0000] {core_li.py:23} INFO - Successfully updated job requisition 66db04abbf0a19d8769e7358
[2024-09-06T17:45:54.762+0000] {core_li.py:23} INFO - Successfully updated job requisition 66db04abbf0a19d8769e735a
[2024-09-06T17:45:54.772+0000] {core_li.py:23} INFO - Successfully updated job requisition 66db04abbf0a19d8769e735c
[2024-09-06T17:45:54.780+0000] {core_li.py:23} INFO - Successfully updated job requisition 66db04abbf0a19d8769e735e
[2024-09-06T17:45:54.789+0000] {core_li.py:23} INFO - Successfully updated job requisition 66db04abbf0a19d8769e7360
[2024-09-06T17:45:54.800+0000] {core_li.py:23} INFO - Successfully updated job requisition 66db04abbf0a19d8769e7362
[2024-09-06T17:45:54.808+0000] {core_li.py:23} INFO - Successfully updated job requisition 66db04abbf0a19d8769e7364
[2024-09-06T17:45:54.817+0000] {core_li.py:23} INFO - Successfully updated job requisition 66db04abbf0a19d8769e7366
[2024-09-06T17:45:54.827+0000] {core_li.py:23} INFO - Successfully updated job requisition 66db04abbf0a19d8769e7368
[2024-09-06T17:45:54.838+0000] {core_li.py:23} INFO - Successfully updated job requisition 66db04abbf0a19d8769e736a
[2024-09-06T17:45:54.846+0000] {core_li.py:23} INFO - Successfully updated job requisition 66db04abbf0a19d8769e736c
[2024-09-06T17:45:54.854+0000] {core_li.py:23} INFO - Successfully updated job requisition 66db04abbf0a19d8769e736e
[2024-09-06T17:45:54.862+0000] {core_li.py:23} INFO - Successfully updated job requisition 66db04abbf0a19d8769e7370
[2024-09-06T17:45:54.872+0000] {core_li.py:23} INFO - Successfully updated job requisition 66db04abbf0a19d8769e7372
[2024-09-06T17:45:54.884+0000] {core_li.py:23} INFO - Successfully updated job requisition 66db04abbf0a19d8769e7374
[2024-09-06T17:45:54.896+0000] {core_li.py:23} INFO - Successfully updated job requisition 66db04abbf0a19d8769e7376
[2024-09-06T17:45:54.914+0000] {core_li.py:23} INFO - Successfully updated job requisition 66db04abbf0a19d8769e7378
[2024-09-06T17:45:54.928+0000] {core_li.py:23} INFO - Successfully updated job requisition 66db04abbf0a19d8769e737a
[2024-09-06T17:45:54.938+0000] {core_li.py:23} INFO - Successfully updated job requisition 66db04abbf0a19d8769e737c
[2024-09-06T17:45:54.948+0000] {core_li.py:23} INFO - Successfully updated job requisition 66db04abbf0a19d8769e737e
[2024-09-06T17:45:54.955+0000] {core_li.py:23} INFO - Successfully updated job requisition 66db04abbf0a19d8769e7380
[2024-09-06T17:45:54.962+0000] {core_li.py:23} INFO - Successfully updated job requisition 66db04abbf0a19d8769e7382
[2024-09-06T17:45:54.976+0000] {core_li.py:23} INFO - Successfully updated job requisition 66db04abbf0a19d8769e7384
[2024-09-06T17:45:54.990+0000] {core_li.py:23} INFO - Successfully updated job requisition 66db04abbf0a19d8769e7386
[2024-09-06T17:45:54.995+0000] {core_li.py:23} INFO - Successfully updated job requisition 66db04abbf0a19d8769e7388
[2024-09-06T17:45:55.004+0000] {core_li.py:23} INFO - Successfully updated job requisition 66db04abbf0a19d8769e738a
[2024-09-06T17:45:55.011+0000] {core_li.py:23} INFO - Successfully updated job requisition 66db04abbf0a19d8769e738c
[2024-09-06T17:45:55.020+0000] {core_li.py:23} INFO - Successfully updated job requisition 66db04abbf0a19d8769e738e
[2024-09-06T17:45:55.034+0000] {core_li.py:23} INFO - Successfully updated job requisition 66db04abbf0a19d8769e7390
[2024-09-06T17:45:55.041+0000] {core_li.py:23} INFO - Successfully updated job requisition 66db04abbf0a19d8769e7392
[2024-09-06T17:45:55.050+0000] {core_li.py:23} INFO - Successfully updated job requisition 66db04abbf0a19d8769e7394
[2024-09-06T17:45:55.058+0000] {core_li.py:23} INFO - Successfully updated job requisition 66db04abbf0a19d8769e7396
[2024-09-06T17:45:55.068+0000] {core_li.py:23} INFO - Successfully updated job requisition 66db04abbf0a19d8769e7398
[2024-09-06T17:45:55.069+0000] {python.py:240} INFO - Done. Returned value was: 100
[2024-09-06T17:45:55.093+0000] {taskinstance.py:340} INFO - ::group::Post task execution logs
[2024-09-06T17:45:55.095+0000] {taskinstance.py:352} INFO - Marking task as SUCCESS. dag_id=async_flow, task_id=task_backfill_number_of_cancelled_candidates_in_batch, run_id=manual__2024-09-06T17:29:39.458358+00:00, map_index=32, execution_date=20240906T172939, start_date=20240906T174553, end_date=20240906T174555
[2024-09-06T17:45:55.122+0000] {local_task_job_runner.py:266} INFO - Task exited with return code 0
[2024-09-06T17:45:55.130+0000] {local_task_job_runner.py:245} INFO - ::endgroup::
