[2024-09-06T17:29:47.887+0000] {local_task_job_runner.py:123} INFO - ::group::Pre task execution logs
[2024-09-06T17:29:47.937+0000] {taskinstance.py:2612} INFO - Dependencies all met for dep_context=non-requeueable deps ti=<TaskInstance: async_flow.task_backfill_number_of_cancelled_candidates_in_batch manual__2024-09-06T17:29:39.458358+00:00 map_index=32 [queued]>
[2024-09-06T17:29:47.962+0000] {taskinstance.py:2612} INFO - Dependencies all met for dep_context=requeueable deps ti=<TaskInstance: async_flow.task_backfill_number_of_cancelled_candidates_in_batch manual__2024-09-06T17:29:39.458358+00:00 map_index=32 [queued]>
[2024-09-06T17:29:47.963+0000] {taskinstance.py:2865} INFO - Starting attempt 1 of 1
[2024-09-06T17:29:47.998+0000] {taskinstance.py:2888} INFO - Executing <Mapped(_PythonDecoratedOperator): task_backfill_number_of_cancelled_candidates_in_batch> on 2024-09-06 17:29:39.458358+00:00
[2024-09-06T17:29:48.006+0000] {warnings.py:112} WARNING - /home/***/.local/lib/python3.12/site-packages/***/task/task_runner/standard_task_runner.py:70: DeprecationWarning: This process (pid=3317) is multi-threaded, use of fork() may lead to deadlocks in the child.
  pid = os.fork()

[2024-09-06T17:29:48.010+0000] {standard_task_runner.py:72} INFO - Started process 3380 to run task
[2024-09-06T17:29:48.009+0000] {standard_task_runner.py:104} INFO - Running: ['***', 'tasks', 'run', 'async_flow', 'task_backfill_number_of_cancelled_candidates_in_batch', 'manual__2024-09-06T17:29:39.458358+00:00', '--job-id', '155', '--raw', '--subdir', 'DAGS_FOLDER/dags_async_flow.py', '--cfg-path', '/tmp/tmp6qhxosp3', '--map-index', '32']
[2024-09-06T17:29:48.015+0000] {standard_task_runner.py:105} INFO - Job 155: Subtask task_backfill_number_of_cancelled_candidates_in_batch
[2024-09-06T17:29:48.079+0000] {task_command.py:467} INFO - Running <TaskInstance: async_flow.task_backfill_number_of_cancelled_candidates_in_batch manual__2024-09-06T17:29:39.458358+00:00 map_index=32 [running]> on host a3a5f1897683
[2024-09-06T17:29:48.275+0000] {taskinstance.py:3131} INFO - Exporting env vars: AIRFLOW_CTX_DAG_OWNER='***' AIRFLOW_CTX_DAG_ID='async_flow' AIRFLOW_CTX_TASK_ID='task_backfill_number_of_cancelled_candidates_in_batch' AIRFLOW_CTX_EXECUTION_DATE='2024-09-06T17:29:39.458358+00:00' AIRFLOW_CTX_TRY_NUMBER='1' AIRFLOW_CTX_DAG_RUN_ID='manual__2024-09-06T17:29:39.458358+00:00'
[2024-09-06T17:29:48.277+0000] {taskinstance.py:731} INFO - ::endgroup::
[2024-09-06T17:29:48.297+0000] {core_li.py:23} INFO - Successfully updated job requisition 66db04abbf0a19d8769e72d2
[2024-09-06T17:29:48.333+0000] {core_li.py:23} INFO - Successfully updated job requisition 66db04abbf0a19d8769e72d4
[2024-09-06T17:29:48.344+0000] {core_li.py:23} INFO - Successfully updated job requisition 66db04abbf0a19d8769e72d6
[2024-09-06T17:29:48.362+0000] {core_li.py:23} INFO - Successfully updated job requisition 66db04abbf0a19d8769e72d8
[2024-09-06T17:29:48.375+0000] {core_li.py:23} INFO - Successfully updated job requisition 66db04abbf0a19d8769e72da
[2024-09-06T17:29:48.388+0000] {core_li.py:23} INFO - Successfully updated job requisition 66db04abbf0a19d8769e72dc
[2024-09-06T17:29:48.394+0000] {core_li.py:23} INFO - Successfully updated job requisition 66db04abbf0a19d8769e72de
[2024-09-06T17:29:48.408+0000] {core_li.py:23} INFO - Successfully updated job requisition 66db04abbf0a19d8769e72e0
[2024-09-06T17:29:48.427+0000] {core_li.py:23} INFO - Successfully updated job requisition 66db04abbf0a19d8769e72e2
[2024-09-06T17:29:48.447+0000] {core_li.py:23} INFO - Successfully updated job requisition 66db04abbf0a19d8769e72e4
[2024-09-06T17:29:48.461+0000] {core_li.py:23} INFO - Successfully updated job requisition 66db04abbf0a19d8769e72e6
[2024-09-06T17:29:48.476+0000] {core_li.py:23} INFO - Successfully updated job requisition 66db04abbf0a19d8769e72e8
[2024-09-06T17:29:48.483+0000] {core_li.py:23} INFO - Successfully updated job requisition 66db04abbf0a19d8769e72ea
[2024-09-06T17:29:48.497+0000] {core_li.py:23} INFO - Successfully updated job requisition 66db04abbf0a19d8769e72ec
[2024-09-06T17:29:48.506+0000] {core_li.py:23} INFO - Successfully updated job requisition 66db04abbf0a19d8769e72ee
[2024-09-06T17:29:48.516+0000] {core_li.py:23} INFO - Successfully updated job requisition 66db04abbf0a19d8769e72f0
[2024-09-06T17:29:48.537+0000] {core_li.py:23} INFO - Successfully updated job requisition 66db04abbf0a19d8769e72f2
[2024-09-06T17:29:48.549+0000] {core_li.py:23} INFO - Successfully updated job requisition 66db04abbf0a19d8769e72f4
[2024-09-06T17:29:48.567+0000] {core_li.py:23} INFO - Successfully updated job requisition 66db04abbf0a19d8769e72f6
[2024-09-06T17:29:48.585+0000] {core_li.py:23} INFO - Successfully updated job requisition 66db04abbf0a19d8769e72f8
[2024-09-06T17:29:48.598+0000] {core_li.py:23} INFO - Successfully updated job requisition 66db04abbf0a19d8769e72fa
[2024-09-06T17:29:48.649+0000] {core_li.py:23} INFO - Successfully updated job requisition 66db04abbf0a19d8769e72fc
[2024-09-06T17:29:48.664+0000] {core_li.py:23} INFO - Successfully updated job requisition 66db04abbf0a19d8769e72fe
[2024-09-06T17:29:48.686+0000] {core_li.py:23} INFO - Successfully updated job requisition 66db04abbf0a19d8769e7300
[2024-09-06T17:29:48.698+0000] {core_li.py:23} INFO - Successfully updated job requisition 66db04abbf0a19d8769e7302
[2024-09-06T17:29:48.708+0000] {core_li.py:23} INFO - Successfully updated job requisition 66db04abbf0a19d8769e7304
[2024-09-06T17:29:48.718+0000] {core_li.py:23} INFO - Successfully updated job requisition 66db04abbf0a19d8769e7306
[2024-09-06T17:29:48.730+0000] {core_li.py:23} INFO - Successfully updated job requisition 66db04abbf0a19d8769e7308
[2024-09-06T17:29:48.742+0000] {core_li.py:23} INFO - Successfully updated job requisition 66db04abbf0a19d8769e730a
[2024-09-06T17:29:48.753+0000] {core_li.py:23} INFO - Successfully updated job requisition 66db04abbf0a19d8769e730c
[2024-09-06T17:29:48.760+0000] {core_li.py:23} INFO - Successfully updated job requisition 66db04abbf0a19d8769e730e
[2024-09-06T17:29:48.775+0000] {core_li.py:23} INFO - Successfully updated job requisition 66db04abbf0a19d8769e7310
[2024-09-06T17:29:48.782+0000] {core_li.py:23} INFO - Successfully updated job requisition 66db04abbf0a19d8769e7312
[2024-09-06T17:29:48.789+0000] {core_li.py:23} INFO - Successfully updated job requisition 66db04abbf0a19d8769e7314
[2024-09-06T17:29:48.797+0000] {core_li.py:23} INFO - Successfully updated job requisition 66db04abbf0a19d8769e7316
[2024-09-06T17:29:48.806+0000] {core_li.py:23} INFO - Successfully updated job requisition 66db04abbf0a19d8769e7318
[2024-09-06T17:29:48.816+0000] {core_li.py:23} INFO - Successfully updated job requisition 66db04abbf0a19d8769e731a
[2024-09-06T17:29:48.822+0000] {core_li.py:23} INFO - Successfully updated job requisition 66db04abbf0a19d8769e731c
[2024-09-06T17:29:48.830+0000] {core_li.py:23} INFO - Successfully updated job requisition 66db04abbf0a19d8769e731e
[2024-09-06T17:29:48.839+0000] {core_li.py:23} INFO - Successfully updated job requisition 66db04abbf0a19d8769e7320
[2024-09-06T17:29:48.847+0000] {core_li.py:23} INFO - Successfully updated job requisition 66db04abbf0a19d8769e7322
[2024-09-06T17:29:48.866+0000] {core_li.py:23} INFO - Successfully updated job requisition 66db04abbf0a19d8769e7324
[2024-09-06T17:29:48.885+0000] {core_li.py:23} INFO - Successfully updated job requisition 66db04abbf0a19d8769e7326
[2024-09-06T17:29:48.899+0000] {core_li.py:23} INFO - Successfully updated job requisition 66db04abbf0a19d8769e7328
[2024-09-06T17:29:48.905+0000] {core_li.py:23} INFO - Successfully updated job requisition 66db04abbf0a19d8769e732a
[2024-09-06T17:29:48.913+0000] {core_li.py:23} INFO - Successfully updated job requisition 66db04abbf0a19d8769e732c
[2024-09-06T17:29:48.919+0000] {core_li.py:23} INFO - Successfully updated job requisition 66db04abbf0a19d8769e732e
[2024-09-06T17:29:48.927+0000] {core_li.py:23} INFO - Successfully updated job requisition 66db04abbf0a19d8769e7330
[2024-09-06T17:29:48.934+0000] {core_li.py:23} INFO - Successfully updated job requisition 66db04abbf0a19d8769e7332
[2024-09-06T17:29:48.944+0000] {core_li.py:23} INFO - Successfully updated job requisition 66db04abbf0a19d8769e7334
[2024-09-06T17:29:48.952+0000] {core_li.py:23} INFO - Successfully updated job requisition 66db04abbf0a19d8769e7336
[2024-09-06T17:29:48.959+0000] {core_li.py:23} INFO - Successfully updated job requisition 66db04abbf0a19d8769e7338
[2024-09-06T17:29:48.966+0000] {core_li.py:23} INFO - Successfully updated job requisition 66db04abbf0a19d8769e733a
[2024-09-06T17:29:48.976+0000] {core_li.py:23} INFO - Successfully updated job requisition 66db04abbf0a19d8769e733c
[2024-09-06T17:29:48.991+0000] {core_li.py:23} INFO - Successfully updated job requisition 66db04abbf0a19d8769e733e
[2024-09-06T17:29:48.998+0000] {core_li.py:23} INFO - Successfully updated job requisition 66db04abbf0a19d8769e7340
[2024-09-06T17:29:49.006+0000] {core_li.py:23} INFO - Successfully updated job requisition 66db04abbf0a19d8769e7342
[2024-09-06T17:29:49.013+0000] {core_li.py:23} INFO - Successfully updated job requisition 66db04abbf0a19d8769e7344
[2024-09-06T17:29:49.020+0000] {core_li.py:23} INFO - Successfully updated job requisition 66db04abbf0a19d8769e7346
[2024-09-06T17:29:49.029+0000] {core_li.py:23} INFO - Successfully updated job requisition 66db04abbf0a19d8769e7348
[2024-09-06T17:29:49.037+0000] {core_li.py:23} INFO - Successfully updated job requisition 66db04abbf0a19d8769e734a
[2024-09-06T17:29:49.052+0000] {core_li.py:23} INFO - Successfully updated job requisition 66db04abbf0a19d8769e734c
[2024-09-06T17:29:49.062+0000] {core_li.py:23} INFO - Successfully updated job requisition 66db04abbf0a19d8769e734e
[2024-09-06T17:29:49.069+0000] {core_li.py:23} INFO - Successfully updated job requisition 66db04abbf0a19d8769e7350
[2024-09-06T17:29:49.076+0000] {core_li.py:23} INFO - Successfully updated job requisition 66db04abbf0a19d8769e7352
[2024-09-06T17:29:49.084+0000] {core_li.py:23} INFO - Successfully updated job requisition 66db04abbf0a19d8769e7354
[2024-09-06T17:29:49.092+0000] {core_li.py:23} INFO - Successfully updated job requisition 66db04abbf0a19d8769e7356
[2024-09-06T17:29:49.101+0000] {core_li.py:23} INFO - Successfully updated job requisition 66db04abbf0a19d8769e7358
[2024-09-06T17:29:49.108+0000] {core_li.py:23} INFO - Successfully updated job requisition 66db04abbf0a19d8769e735a
[2024-09-06T17:29:49.118+0000] {core_li.py:23} INFO - Successfully updated job requisition 66db04abbf0a19d8769e735c
[2024-09-06T17:29:49.126+0000] {core_li.py:23} INFO - Successfully updated job requisition 66db04abbf0a19d8769e735e
[2024-09-06T17:29:49.133+0000] {core_li.py:23} INFO - Successfully updated job requisition 66db04abbf0a19d8769e7360
[2024-09-06T17:29:49.140+0000] {core_li.py:23} INFO - Successfully updated job requisition 66db04abbf0a19d8769e7362
[2024-09-06T17:29:49.148+0000] {core_li.py:23} INFO - Successfully updated job requisition 66db04abbf0a19d8769e7364
[2024-09-06T17:29:49.155+0000] {core_li.py:23} INFO - Successfully updated job requisition 66db04abbf0a19d8769e7366
[2024-09-06T17:29:49.163+0000] {core_li.py:23} INFO - Successfully updated job requisition 66db04abbf0a19d8769e7368
[2024-09-06T17:29:49.172+0000] {core_li.py:23} INFO - Successfully updated job requisition 66db04abbf0a19d8769e736a
[2024-09-06T17:29:49.180+0000] {core_li.py:23} INFO - Successfully updated job requisition 66db04abbf0a19d8769e736c
[2024-09-06T17:29:49.188+0000] {core_li.py:23} INFO - Successfully updated job requisition 66db04abbf0a19d8769e736e
[2024-09-06T17:29:49.197+0000] {core_li.py:23} INFO - Successfully updated job requisition 66db04abbf0a19d8769e7370
[2024-09-06T17:29:49.209+0000] {core_li.py:23} INFO - Successfully updated job requisition 66db04abbf0a19d8769e7372
[2024-09-06T17:29:49.224+0000] {core_li.py:23} INFO - Successfully updated job requisition 66db04abbf0a19d8769e7374
[2024-09-06T17:29:49.232+0000] {core_li.py:23} INFO - Successfully updated job requisition 66db04abbf0a19d8769e7376
[2024-09-06T17:29:49.239+0000] {core_li.py:23} INFO - Successfully updated job requisition 66db04abbf0a19d8769e7378
[2024-09-06T17:29:49.247+0000] {core_li.py:23} INFO - Successfully updated job requisition 66db04abbf0a19d8769e737a
[2024-09-06T17:29:49.258+0000] {core_li.py:23} INFO - Successfully updated job requisition 66db04abbf0a19d8769e737c
[2024-09-06T17:29:49.264+0000] {core_li.py:23} INFO - Successfully updated job requisition 66db04abbf0a19d8769e737e
[2024-09-06T17:29:49.271+0000] {core_li.py:23} INFO - Successfully updated job requisition 66db04abbf0a19d8769e7380
[2024-09-06T17:29:49.279+0000] {core_li.py:23} INFO - Successfully updated job requisition 66db04abbf0a19d8769e7382
[2024-09-06T17:29:49.290+0000] {core_li.py:23} INFO - Successfully updated job requisition 66db04abbf0a19d8769e7384
[2024-09-06T17:29:49.300+0000] {core_li.py:23} INFO - Successfully updated job requisition 66db04abbf0a19d8769e7386
[2024-09-06T17:29:49.309+0000] {core_li.py:23} INFO - Successfully updated job requisition 66db04abbf0a19d8769e7388
[2024-09-06T17:29:49.319+0000] {core_li.py:23} INFO - Successfully updated job requisition 66db04abbf0a19d8769e738a
[2024-09-06T17:29:49.327+0000] {core_li.py:23} INFO - Successfully updated job requisition 66db04abbf0a19d8769e738c
[2024-09-06T17:29:49.339+0000] {core_li.py:23} INFO - Successfully updated job requisition 66db04abbf0a19d8769e738e
[2024-09-06T17:29:49.360+0000] {core_li.py:23} INFO - Successfully updated job requisition 66db04abbf0a19d8769e7390
[2024-09-06T17:29:49.374+0000] {core_li.py:23} INFO - Successfully updated job requisition 66db04abbf0a19d8769e7392
[2024-09-06T17:29:49.393+0000] {core_li.py:23} INFO - Successfully updated job requisition 66db04abbf0a19d8769e7394
[2024-09-06T17:29:49.408+0000] {core_li.py:23} INFO - Successfully updated job requisition 66db04abbf0a19d8769e7396
[2024-09-06T17:29:49.421+0000] {core_li.py:23} INFO - Successfully updated job requisition 66db04abbf0a19d8769e7398
[2024-09-06T17:29:49.424+0000] {python.py:240} INFO - Done. Returned value was: 100
[2024-09-06T17:29:49.451+0000] {taskinstance.py:340} INFO - ::group::Post task execution logs
[2024-09-06T17:29:49.452+0000] {taskinstance.py:352} INFO - Marking task as SUCCESS. dag_id=async_flow, task_id=task_backfill_number_of_cancelled_candidates_in_batch, run_id=manual__2024-09-06T17:29:39.458358+00:00, map_index=32, execution_date=20240906T172939, start_date=20240906T172947, end_date=20240906T172949
[2024-09-06T17:29:49.543+0000] {local_task_job_runner.py:266} INFO - Task exited with return code 0
[2024-09-06T17:29:49.568+0000] {taskinstance.py:3900} INFO - 0 downstream tasks scheduled from follow-on schedule check
[2024-09-06T17:29:49.570+0000] {local_task_job_runner.py:245} INFO - ::endgroup::
