[2024-09-06T17:47:35.028+0000] {local_task_job_runner.py:123} INFO - ::group::Pre task execution logs
[2024-09-06T17:47:35.061+0000] {taskinstance.py:2612} INFO - Dependencies all met for dep_context=non-requeueable deps ti=<TaskInstance: async_flow.task_backfill_number_of_cancelled_candidates_in_batch manual__2024-09-06T17:47:30.120511+00:00 map_index=27 [queued]>
[2024-09-06T17:47:35.067+0000] {taskinstance.py:2612} INFO - Dependencies all met for dep_context=requeueable deps ti=<TaskInstance: async_flow.task_backfill_number_of_cancelled_candidates_in_batch manual__2024-09-06T17:47:30.120511+00:00 map_index=27 [queued]>
[2024-09-06T17:47:35.068+0000] {taskinstance.py:2865} INFO - Starting attempt 1 of 1
[2024-09-06T17:47:35.145+0000] {taskinstance.py:2888} INFO - Executing <Mapped(_PythonDecoratedOperator): task_backfill_number_of_cancelled_candidates_in_batch> on 2024-09-06 17:47:30.120511+00:00
[2024-09-06T17:47:35.152+0000] {warnings.py:112} WARNING - /home/***/.local/lib/python3.12/site-packages/***/task/task_runner/standard_task_runner.py:70: DeprecationWarning: This process (pid=1151) is multi-threaded, use of fork() may lead to deadlocks in the child.
  pid = os.fork()

[2024-09-06T17:47:35.153+0000] {standard_task_runner.py:104} INFO - Running: ['***', 'tasks', 'run', 'async_flow', 'task_backfill_number_of_cancelled_candidates_in_batch', 'manual__2024-09-06T17:47:30.120511+00:00', '--job-id', '355', '--raw', '--subdir', 'DAGS_FOLDER/dags_async_flow.py', '--cfg-path', '/tmp/tmpd003z856', '--map-index', '27']
[2024-09-06T17:47:35.155+0000] {standard_task_runner.py:72} INFO - Started process 1227 to run task
[2024-09-06T17:47:35.155+0000] {standard_task_runner.py:105} INFO - Job 355: Subtask task_backfill_number_of_cancelled_candidates_in_batch
[2024-09-06T17:47:35.219+0000] {task_command.py:467} INFO - Running <TaskInstance: async_flow.task_backfill_number_of_cancelled_candidates_in_batch manual__2024-09-06T17:47:30.120511+00:00 map_index=27 [running]> on host 0817eb6c24af
[2024-09-06T17:47:35.318+0000] {taskinstance.py:3131} INFO - Exporting env vars: AIRFLOW_CTX_DAG_OWNER='***' AIRFLOW_CTX_DAG_ID='async_flow' AIRFLOW_CTX_TASK_ID='task_backfill_number_of_cancelled_candidates_in_batch' AIRFLOW_CTX_EXECUTION_DATE='2024-09-06T17:47:30.120511+00:00' AIRFLOW_CTX_TRY_NUMBER='1' AIRFLOW_CTX_DAG_RUN_ID='manual__2024-09-06T17:47:30.120511+00:00'
[2024-09-06T17:47:35.320+0000] {taskinstance.py:731} INFO - ::endgroup::
[2024-09-06T17:47:35.362+0000] {core_li.py:23} INFO - Successfully updated job requisition 66db04acbf0a19d8769e7cfa
[2024-09-06T17:47:35.382+0000] {core_li.py:23} INFO - Successfully updated job requisition 66db04acbf0a19d8769e7cfc
[2024-09-06T17:47:35.393+0000] {core_li.py:23} INFO - Successfully updated job requisition 66db04acbf0a19d8769e7cfe
[2024-09-06T17:47:35.409+0000] {core_li.py:23} INFO - Successfully updated job requisition 66db04acbf0a19d8769e7d00
[2024-09-06T17:47:35.432+0000] {core_li.py:23} INFO - Successfully updated job requisition 66db04acbf0a19d8769e7d02
[2024-09-06T17:47:35.451+0000] {core_li.py:23} INFO - Successfully updated job requisition 66db04acbf0a19d8769e7d04
[2024-09-06T17:47:35.467+0000] {core_li.py:23} INFO - Successfully updated job requisition 66db04acbf0a19d8769e7d06
[2024-09-06T17:47:35.481+0000] {core_li.py:23} INFO - Successfully updated job requisition 66db04acbf0a19d8769e7d08
[2024-09-06T17:47:35.495+0000] {core_li.py:23} INFO - Successfully updated job requisition 66db04acbf0a19d8769e7d0a
[2024-09-06T17:47:35.507+0000] {core_li.py:23} INFO - Successfully updated job requisition 66db04acbf0a19d8769e7d0c
[2024-09-06T17:47:35.521+0000] {core_li.py:23} INFO - Successfully updated job requisition 66db04acbf0a19d8769e7d0e
[2024-09-06T17:47:35.534+0000] {core_li.py:23} INFO - Successfully updated job requisition 66db04acbf0a19d8769e7d10
[2024-09-06T17:47:35.544+0000] {core_li.py:23} INFO - Successfully updated job requisition 66db04acbf0a19d8769e7d12
[2024-09-06T17:47:35.553+0000] {core_li.py:23} INFO - Successfully updated job requisition 66db04acbf0a19d8769e7d14
[2024-09-06T17:47:35.566+0000] {core_li.py:23} INFO - Successfully updated job requisition 66db04acbf0a19d8769e7d16
[2024-09-06T17:47:35.576+0000] {core_li.py:23} INFO - Successfully updated job requisition 66db04acbf0a19d8769e7d18
[2024-09-06T17:47:35.587+0000] {core_li.py:23} INFO - Successfully updated job requisition 66db04acbf0a19d8769e7d1a
[2024-09-06T17:47:35.597+0000] {core_li.py:23} INFO - Successfully updated job requisition 66db04acbf0a19d8769e7d1c
[2024-09-06T17:47:35.604+0000] {core_li.py:23} INFO - Successfully updated job requisition 66db04acbf0a19d8769e7d1e
[2024-09-06T17:47:35.617+0000] {core_li.py:23} INFO - Successfully updated job requisition 66db04acbf0a19d8769e7d20
[2024-09-06T17:47:35.627+0000] {core_li.py:23} INFO - Successfully updated job requisition 66db04acbf0a19d8769e7d22
[2024-09-06T17:47:35.634+0000] {core_li.py:23} INFO - Successfully updated job requisition 66db04acbf0a19d8769e7d24
[2024-09-06T17:47:35.643+0000] {core_li.py:23} INFO - Successfully updated job requisition 66db04acbf0a19d8769e7d26
[2024-09-06T17:47:35.652+0000] {core_li.py:23} INFO - Successfully updated job requisition 66db04acbf0a19d8769e7d28
[2024-09-06T17:47:35.667+0000] {core_li.py:23} INFO - Successfully updated job requisition 66db04acbf0a19d8769e7d2a
[2024-09-06T17:47:35.681+0000] {core_li.py:23} INFO - Successfully updated job requisition 66db04acbf0a19d8769e7d2c
[2024-09-06T17:47:35.693+0000] {core_li.py:23} INFO - Successfully updated job requisition 66db04acbf0a19d8769e7d2e
[2024-09-06T17:47:35.704+0000] {core_li.py:23} INFO - Successfully updated job requisition 66db04acbf0a19d8769e7d30
[2024-09-06T17:47:35.717+0000] {core_li.py:23} INFO - Successfully updated job requisition 66db04acbf0a19d8769e7d32
[2024-09-06T17:47:35.738+0000] {core_li.py:23} INFO - Successfully updated job requisition 66db04acbf0a19d8769e7d34
[2024-09-06T17:47:35.756+0000] {core_li.py:23} INFO - Successfully updated job requisition 66db04acbf0a19d8769e7d36
[2024-09-06T17:47:35.770+0000] {core_li.py:23} INFO - Successfully updated job requisition 66db04acbf0a19d8769e7d38
[2024-09-06T17:47:35.779+0000] {core_li.py:23} INFO - Successfully updated job requisition 66db04acbf0a19d8769e7d3a
[2024-09-06T17:47:35.791+0000] {core_li.py:23} INFO - Successfully updated job requisition 66db04acbf0a19d8769e7d3c
[2024-09-06T17:47:35.797+0000] {core_li.py:23} INFO - Successfully updated job requisition 66db04acbf0a19d8769e7d3e
[2024-09-06T17:47:35.808+0000] {core_li.py:23} INFO - Successfully updated job requisition 66db04acbf0a19d8769e7d40
[2024-09-06T17:47:35.816+0000] {core_li.py:23} INFO - Successfully updated job requisition 66db04acbf0a19d8769e7d42
[2024-09-06T17:47:35.827+0000] {core_li.py:23} INFO - Successfully updated job requisition 66db04acbf0a19d8769e7d44
[2024-09-06T17:47:35.836+0000] {core_li.py:23} INFO - Successfully updated job requisition 66db04acbf0a19d8769e7d46
[2024-09-06T17:47:35.845+0000] {core_li.py:23} INFO - Successfully updated job requisition 66db04acbf0a19d8769e7d48
[2024-09-06T17:47:35.856+0000] {core_li.py:23} INFO - Successfully updated job requisition 66db04acbf0a19d8769e7d4a
[2024-09-06T17:47:35.862+0000] {core_li.py:23} INFO - Successfully updated job requisition 66db04acbf0a19d8769e7d4c
[2024-09-06T17:47:35.872+0000] {core_li.py:23} INFO - Successfully updated job requisition 66db04acbf0a19d8769e7d4e
[2024-09-06T17:47:35.890+0000] {core_li.py:23} INFO - Successfully updated job requisition 66db04acbf0a19d8769e7d50
[2024-09-06T17:47:35.900+0000] {core_li.py:23} INFO - Successfully updated job requisition 66db04acbf0a19d8769e7d52
[2024-09-06T17:47:35.914+0000] {core_li.py:23} INFO - Successfully updated job requisition 66db04acbf0a19d8769e7d54
[2024-09-06T17:47:35.925+0000] {core_li.py:23} INFO - Successfully updated job requisition 66db04acbf0a19d8769e7d56
[2024-09-06T17:47:35.937+0000] {core_li.py:23} INFO - Successfully updated job requisition 66db04acbf0a19d8769e7d58
[2024-09-06T17:47:35.948+0000] {core_li.py:23} INFO - Successfully updated job requisition 66db04acbf0a19d8769e7d5a
[2024-09-06T17:47:35.961+0000] {core_li.py:23} INFO - Successfully updated job requisition 66db04acbf0a19d8769e7d5c
[2024-09-06T17:47:35.976+0000] {core_li.py:23} INFO - Successfully updated job requisition 66db04acbf0a19d8769e7d5e
[2024-09-06T17:47:35.987+0000] {core_li.py:23} INFO - Successfully updated job requisition 66db04acbf0a19d8769e7d60
[2024-09-06T17:47:35.996+0000] {core_li.py:23} INFO - Successfully updated job requisition 66db04acbf0a19d8769e7d62
[2024-09-06T17:47:36.007+0000] {core_li.py:23} INFO - Successfully updated job requisition 66db04acbf0a19d8769e7d64
[2024-09-06T17:47:36.019+0000] {core_li.py:23} INFO - Successfully updated job requisition 66db04acbf0a19d8769e7d66
[2024-09-06T17:47:36.027+0000] {core_li.py:23} INFO - Successfully updated job requisition 66db04acbf0a19d8769e7d68
[2024-09-06T17:47:36.040+0000] {core_li.py:23} INFO - Successfully updated job requisition 66db04acbf0a19d8769e7d6a
[2024-09-06T17:47:36.050+0000] {core_li.py:23} INFO - Successfully updated job requisition 66db04acbf0a19d8769e7d6c
[2024-09-06T17:47:36.061+0000] {core_li.py:23} INFO - Successfully updated job requisition 66db04acbf0a19d8769e7d6e
[2024-09-06T17:47:36.071+0000] {core_li.py:23} INFO - Successfully updated job requisition 66db04acbf0a19d8769e7d70
[2024-09-06T17:47:36.081+0000] {core_li.py:23} INFO - Successfully updated job requisition 66db04acbf0a19d8769e7d72
[2024-09-06T17:47:36.090+0000] {core_li.py:23} INFO - Successfully updated job requisition 66db04acbf0a19d8769e7d74
[2024-09-06T17:47:36.097+0000] {core_li.py:23} INFO - Successfully updated job requisition 66db04acbf0a19d8769e7d76
[2024-09-06T17:47:36.108+0000] {core_li.py:23} INFO - Successfully updated job requisition 66db04acbf0a19d8769e7d78
[2024-09-06T17:47:36.118+0000] {core_li.py:23} INFO - Successfully updated job requisition 66db04acbf0a19d8769e7d7a
[2024-09-06T17:47:36.134+0000] {core_li.py:23} INFO - Successfully updated job requisition 66db04acbf0a19d8769e7d7c
[2024-09-06T17:47:36.141+0000] {core_li.py:23} INFO - Successfully updated job requisition 66db04acbf0a19d8769e7d7e
[2024-09-06T17:47:36.152+0000] {core_li.py:23} INFO - Successfully updated job requisition 66db04acbf0a19d8769e7d80
[2024-09-06T17:47:36.171+0000] {core_li.py:23} INFO - Successfully updated job requisition 66db04acbf0a19d8769e7d82
[2024-09-06T17:47:36.193+0000] {core_li.py:23} INFO - Successfully updated job requisition 66db04acbf0a19d8769e7d84
[2024-09-06T17:47:36.216+0000] {core_li.py:23} INFO - Successfully updated job requisition 66db04acbf0a19d8769e7d86
[2024-09-06T17:47:36.234+0000] {core_li.py:23} INFO - Successfully updated job requisition 66db04acbf0a19d8769e7d88
[2024-09-06T17:47:36.255+0000] {core_li.py:23} INFO - Successfully updated job requisition 66db04acbf0a19d8769e7d8a
[2024-09-06T17:47:36.272+0000] {core_li.py:23} INFO - Successfully updated job requisition 66db04acbf0a19d8769e7d8c
[2024-09-06T17:47:36.287+0000] {core_li.py:23} INFO - Successfully updated job requisition 66db04acbf0a19d8769e7d8e
[2024-09-06T17:47:36.301+0000] {core_li.py:23} INFO - Successfully updated job requisition 66db04acbf0a19d8769e7d90
[2024-09-06T17:47:36.313+0000] {core_li.py:23} INFO - Successfully updated job requisition 66db04acbf0a19d8769e7d92
[2024-09-06T17:47:36.323+0000] {core_li.py:23} INFO - Successfully updated job requisition 66db04acbf0a19d8769e7d94
[2024-09-06T17:47:36.335+0000] {core_li.py:23} INFO - Successfully updated job requisition 66db04acbf0a19d8769e7d96
[2024-09-06T17:47:36.348+0000] {core_li.py:23} INFO - Successfully updated job requisition 66db04acbf0a19d8769e7d98
[2024-09-06T17:47:36.359+0000] {core_li.py:23} INFO - Successfully updated job requisition 66db04acbf0a19d8769e7d9a
[2024-09-06T17:47:36.385+0000] {core_li.py:23} INFO - Successfully updated job requisition 66db04acbf0a19d8769e7d9c
[2024-09-06T17:47:36.401+0000] {core_li.py:23} INFO - Successfully updated job requisition 66db04acbf0a19d8769e7d9e
[2024-09-06T17:47:36.410+0000] {core_li.py:23} INFO - Successfully updated job requisition 66db04acbf0a19d8769e7da0
[2024-09-06T17:47:36.419+0000] {core_li.py:23} INFO - Successfully updated job requisition 66db04acbf0a19d8769e7da2
[2024-09-06T17:47:36.426+0000] {core_li.py:23} INFO - Successfully updated job requisition 66db04acbf0a19d8769e7da4
[2024-09-06T17:47:36.436+0000] {core_li.py:23} INFO - Successfully updated job requisition 66db04acbf0a19d8769e7da6
[2024-09-06T17:47:36.448+0000] {core_li.py:23} INFO - Successfully updated job requisition 66db04acbf0a19d8769e7da8
[2024-09-06T17:47:36.461+0000] {core_li.py:23} INFO - Successfully updated job requisition 66db04acbf0a19d8769e7daa
[2024-09-06T17:47:36.470+0000] {core_li.py:23} INFO - Successfully updated job requisition 66db04acbf0a19d8769e7dac
[2024-09-06T17:47:36.480+0000] {core_li.py:23} INFO - Successfully updated job requisition 66db04acbf0a19d8769e7dae
[2024-09-06T17:47:36.491+0000] {core_li.py:23} INFO - Successfully updated job requisition 66db04acbf0a19d8769e7db0
[2024-09-06T17:47:36.505+0000] {core_li.py:23} INFO - Successfully updated job requisition 66db04acbf0a19d8769e7db2
[2024-09-06T17:47:36.518+0000] {core_li.py:23} INFO - Successfully updated job requisition 66db04acbf0a19d8769e7db4
[2024-09-06T17:47:36.528+0000] {core_li.py:23} INFO - Successfully updated job requisition 66db04acbf0a19d8769e7db6
[2024-09-06T17:47:36.536+0000] {core_li.py:23} INFO - Successfully updated job requisition 66db04acbf0a19d8769e7db8
[2024-09-06T17:47:36.544+0000] {core_li.py:23} INFO - Successfully updated job requisition 66db04acbf0a19d8769e7dba
[2024-09-06T17:47:36.560+0000] {core_li.py:23} INFO - Successfully updated job requisition 66db04acbf0a19d8769e7dbc
[2024-09-06T17:47:36.576+0000] {core_li.py:23} INFO - Successfully updated job requisition 66db04acbf0a19d8769e7dbe
[2024-09-06T17:47:36.607+0000] {core_li.py:23} INFO - Successfully updated job requisition 66db04acbf0a19d8769e7dc0
[2024-09-06T17:47:36.608+0000] {python.py:240} INFO - Done. Returned value was: 100
[2024-09-06T17:47:36.633+0000] {taskinstance.py:340} INFO - ::group::Post task execution logs
[2024-09-06T17:47:36.634+0000] {taskinstance.py:352} INFO - Marking task as SUCCESS. dag_id=async_flow, task_id=task_backfill_number_of_cancelled_candidates_in_batch, run_id=manual__2024-09-06T17:47:30.120511+00:00, map_index=27, execution_date=20240906T174730, start_date=20240906T174735, end_date=20240906T174736
[2024-09-06T17:47:36.691+0000] {local_task_job_runner.py:266} INFO - Task exited with return code 0
[2024-09-06T17:47:36.705+0000] {local_task_job_runner.py:245} INFO - ::endgroup::
