[2024-09-06T17:47:37.931+0000] {local_task_job_runner.py:123} INFO - ::group::Pre task execution logs
[2024-09-06T17:47:37.979+0000] {taskinstance.py:2612} INFO - Dependencies all met for dep_context=non-requeueable deps ti=<TaskInstance: async_flow.task_backfill_number_of_cancelled_candidates_in_batch manual__2024-09-06T17:47:30.120511+00:00 map_index=46 [queued]>
[2024-09-06T17:47:37.990+0000] {taskinstance.py:2612} INFO - Dependencies all met for dep_context=requeueable deps ti=<TaskInstance: async_flow.task_backfill_number_of_cancelled_candidates_in_batch manual__2024-09-06T17:47:30.120511+00:00 map_index=46 [queued]>
[2024-09-06T17:47:37.991+0000] {taskinstance.py:2865} INFO - Starting attempt 1 of 1
[2024-09-06T17:47:38.043+0000] {taskinstance.py:2888} INFO - Executing <Mapped(_PythonDecoratedOperator): task_backfill_number_of_cancelled_candidates_in_batch> on 2024-09-06 17:47:30.120511+00:00
[2024-09-06T17:47:38.048+0000] {warnings.py:112} WARNING - /home/***/.local/lib/python3.12/site-packages/***/task/task_runner/standard_task_runner.py:70: DeprecationWarning: This process (pid=1248) is multi-threaded, use of fork() may lead to deadlocks in the child.
  pid = os.fork()

[2024-09-06T17:47:38.050+0000] {standard_task_runner.py:72} INFO - Started process 1331 to run task
[2024-09-06T17:47:38.051+0000] {standard_task_runner.py:104} INFO - Running: ['***', 'tasks', 'run', 'async_flow', 'task_backfill_number_of_cancelled_candidates_in_batch', 'manual__2024-09-06T17:47:30.120511+00:00', '--job-id', '375', '--raw', '--subdir', 'DAGS_FOLDER/dags_async_flow.py', '--cfg-path', '/tmp/tmp9ofq54nz', '--map-index', '46']
[2024-09-06T17:47:38.055+0000] {standard_task_runner.py:105} INFO - Job 375: Subtask task_backfill_number_of_cancelled_candidates_in_batch
[2024-09-06T17:47:38.114+0000] {task_command.py:467} INFO - Running <TaskInstance: async_flow.task_backfill_number_of_cancelled_candidates_in_batch manual__2024-09-06T17:47:30.120511+00:00 map_index=46 [running]> on host 0817eb6c24af
[2024-09-06T17:47:38.196+0000] {taskinstance.py:3131} INFO - Exporting env vars: AIRFLOW_CTX_DAG_OWNER='***' AIRFLOW_CTX_DAG_ID='async_flow' AIRFLOW_CTX_TASK_ID='task_backfill_number_of_cancelled_candidates_in_batch' AIRFLOW_CTX_EXECUTION_DATE='2024-09-06T17:47:30.120511+00:00' AIRFLOW_CTX_TRY_NUMBER='1' AIRFLOW_CTX_DAG_RUN_ID='manual__2024-09-06T17:47:30.120511+00:00'
[2024-09-06T17:47:38.197+0000] {taskinstance.py:731} INFO - ::endgroup::
[2024-09-06T17:47:38.215+0000] {core_li.py:23} INFO - Successfully updated job requisition 66db04abbf0a19d8769e6fb2
[2024-09-06T17:47:38.225+0000] {core_li.py:23} INFO - Successfully updated job requisition 66db04abbf0a19d8769e6fb4
[2024-09-06T17:47:38.233+0000] {core_li.py:23} INFO - Successfully updated job requisition 66db04abbf0a19d8769e6fb6
[2024-09-06T17:47:38.243+0000] {core_li.py:23} INFO - Successfully updated job requisition 66db04abbf0a19d8769e6fb8
[2024-09-06T17:47:38.256+0000] {core_li.py:23} INFO - Successfully updated job requisition 66db04abbf0a19d8769e6fba
[2024-09-06T17:47:38.262+0000] {core_li.py:23} INFO - Successfully updated job requisition 66db04abbf0a19d8769e6fbc
[2024-09-06T17:47:38.269+0000] {core_li.py:23} INFO - Successfully updated job requisition 66db04abbf0a19d8769e6fbe
[2024-09-06T17:47:38.276+0000] {core_li.py:23} INFO - Successfully updated job requisition 66db04abbf0a19d8769e6fc0
[2024-09-06T17:47:38.285+0000] {core_li.py:23} INFO - Successfully updated job requisition 66db04abbf0a19d8769e6fc2
[2024-09-06T17:47:38.296+0000] {core_li.py:23} INFO - Successfully updated job requisition 66db04abbf0a19d8769e6fc4
[2024-09-06T17:47:38.302+0000] {core_li.py:23} INFO - Successfully updated job requisition 66db04abbf0a19d8769e6fc6
[2024-09-06T17:47:38.312+0000] {core_li.py:23} INFO - Successfully updated job requisition 66db04abbf0a19d8769e6fc8
[2024-09-06T17:47:38.324+0000] {core_li.py:23} INFO - Successfully updated job requisition 66db04abbf0a19d8769e6fca
[2024-09-06T17:47:38.334+0000] {core_li.py:23} INFO - Successfully updated job requisition 66db04abbf0a19d8769e6fcc
[2024-09-06T17:47:38.342+0000] {core_li.py:23} INFO - Successfully updated job requisition 66db04abbf0a19d8769e6fce
[2024-09-06T17:47:38.352+0000] {core_li.py:23} INFO - Successfully updated job requisition 66db04abbf0a19d8769e6fd0
[2024-09-06T17:47:38.358+0000] {core_li.py:23} INFO - Successfully updated job requisition 66db04abbf0a19d8769e6fd2
[2024-09-06T17:47:38.365+0000] {core_li.py:23} INFO - Successfully updated job requisition 66db04abbf0a19d8769e6fd4
[2024-09-06T17:47:38.375+0000] {core_li.py:23} INFO - Successfully updated job requisition 66db04abbf0a19d8769e6fd6
[2024-09-06T17:47:38.388+0000] {core_li.py:23} INFO - Successfully updated job requisition 66db04abbf0a19d8769e6fd8
[2024-09-06T17:47:38.394+0000] {core_li.py:23} INFO - Successfully updated job requisition 66db04abbf0a19d8769e6fda
[2024-09-06T17:47:38.400+0000] {core_li.py:23} INFO - Successfully updated job requisition 66db04abbf0a19d8769e6fdc
[2024-09-06T17:47:38.407+0000] {core_li.py:23} INFO - Successfully updated job requisition 66db04abbf0a19d8769e6fde
[2024-09-06T17:47:38.414+0000] {core_li.py:23} INFO - Successfully updated job requisition 66db04abbf0a19d8769e6fe0
[2024-09-06T17:47:38.422+0000] {core_li.py:23} INFO - Successfully updated job requisition 66db04abbf0a19d8769e6fe2
[2024-09-06T17:47:38.430+0000] {core_li.py:23} INFO - Successfully updated job requisition 66db04abbf0a19d8769e6fe4
[2024-09-06T17:47:38.436+0000] {core_li.py:23} INFO - Successfully updated job requisition 66db04abbf0a19d8769e6fe6
[2024-09-06T17:47:38.450+0000] {core_li.py:23} INFO - Successfully updated job requisition 66db04abbf0a19d8769e6fe8
[2024-09-06T17:47:38.459+0000] {core_li.py:23} INFO - Successfully updated job requisition 66db04abbf0a19d8769e6fea
[2024-09-06T17:47:38.471+0000] {core_li.py:23} INFO - Successfully updated job requisition 66db04abbf0a19d8769e6fec
[2024-09-06T17:47:38.477+0000] {core_li.py:23} INFO - Successfully updated job requisition 66db04abbf0a19d8769e6fee
[2024-09-06T17:47:38.488+0000] {core_li.py:23} INFO - Successfully updated job requisition 66db04abbf0a19d8769e6ff0
[2024-09-06T17:47:38.498+0000] {core_li.py:23} INFO - Successfully updated job requisition 66db04abbf0a19d8769e6ff2
[2024-09-06T17:47:38.520+0000] {core_li.py:23} INFO - Successfully updated job requisition 66db04abbf0a19d8769e6ff4
[2024-09-06T17:47:38.547+0000] {core_li.py:23} INFO - Successfully updated job requisition 66db04abbf0a19d8769e6ff6
[2024-09-06T17:47:38.560+0000] {core_li.py:23} INFO - Successfully updated job requisition 66db04abbf0a19d8769e6ff8
[2024-09-06T17:47:38.567+0000] {core_li.py:23} INFO - Successfully updated job requisition 66db04abbf0a19d8769e6ffa
[2024-09-06T17:47:38.574+0000] {core_li.py:23} INFO - Successfully updated job requisition 66db04abbf0a19d8769e6ffc
[2024-09-06T17:47:38.582+0000] {core_li.py:23} INFO - Successfully updated job requisition 66db04abbf0a19d8769e6ffe
[2024-09-06T17:47:38.590+0000] {core_li.py:23} INFO - Successfully updated job requisition 66db04abbf0a19d8769e7000
[2024-09-06T17:47:38.598+0000] {core_li.py:23} INFO - Successfully updated job requisition 66db04abbf0a19d8769e7002
[2024-09-06T17:47:38.606+0000] {core_li.py:23} INFO - Successfully updated job requisition 66db04abbf0a19d8769e7004
[2024-09-06T17:47:38.613+0000] {core_li.py:23} INFO - Successfully updated job requisition 66db04abbf0a19d8769e7006
[2024-09-06T17:47:38.621+0000] {core_li.py:23} INFO - Successfully updated job requisition 66db04abbf0a19d8769e7008
[2024-09-06T17:47:38.628+0000] {core_li.py:23} INFO - Successfully updated job requisition 66db04abbf0a19d8769e700a
[2024-09-06T17:47:38.636+0000] {core_li.py:23} INFO - Successfully updated job requisition 66db04abbf0a19d8769e700c
[2024-09-06T17:47:38.644+0000] {core_li.py:23} INFO - Successfully updated job requisition 66db04abbf0a19d8769e700e
[2024-09-06T17:47:38.650+0000] {core_li.py:23} INFO - Successfully updated job requisition 66db04abbf0a19d8769e7010
[2024-09-06T17:47:38.656+0000] {core_li.py:23} INFO - Successfully updated job requisition 66db04abbf0a19d8769e7012
[2024-09-06T17:47:38.661+0000] {core_li.py:23} INFO - Successfully updated job requisition 66db04abbf0a19d8769e7014
[2024-09-06T17:47:38.679+0000] {core_li.py:23} INFO - Successfully updated job requisition 66db04abbf0a19d8769e7016
[2024-09-06T17:47:38.688+0000] {core_li.py:23} INFO - Successfully updated job requisition 66db04abbf0a19d8769e7018
[2024-09-06T17:47:38.695+0000] {core_li.py:23} INFO - Successfully updated job requisition 66db04abbf0a19d8769e701a
[2024-09-06T17:47:38.702+0000] {core_li.py:23} INFO - Successfully updated job requisition 66db04abbf0a19d8769e701c
[2024-09-06T17:47:38.718+0000] {core_li.py:23} INFO - Successfully updated job requisition 66db04abbf0a19d8769e701e
[2024-09-06T17:47:38.725+0000] {core_li.py:23} INFO - Successfully updated job requisition 66db04abbf0a19d8769e7020
[2024-09-06T17:47:38.731+0000] {core_li.py:23} INFO - Successfully updated job requisition 66db04abbf0a19d8769e7022
[2024-09-06T17:47:38.740+0000] {core_li.py:23} INFO - Successfully updated job requisition 66db04abbf0a19d8769e7024
[2024-09-06T17:47:38.748+0000] {core_li.py:23} INFO - Successfully updated job requisition 66db04abbf0a19d8769e7026
[2024-09-06T17:47:38.755+0000] {core_li.py:23} INFO - Successfully updated job requisition 66db04abbf0a19d8769e7028
[2024-09-06T17:47:38.764+0000] {core_li.py:23} INFO - Successfully updated job requisition 66db04abbf0a19d8769e702a
[2024-09-06T17:47:38.772+0000] {core_li.py:23} INFO - Successfully updated job requisition 66db04abbf0a19d8769e702c
[2024-09-06T17:47:38.780+0000] {core_li.py:23} INFO - Successfully updated job requisition 66db04abbf0a19d8769e702e
[2024-09-06T17:47:38.789+0000] {core_li.py:23} INFO - Successfully updated job requisition 66db04abbf0a19d8769e7030
[2024-09-06T17:47:38.798+0000] {core_li.py:23} INFO - Successfully updated job requisition 66db04abbf0a19d8769e7032
[2024-09-06T17:47:38.809+0000] {core_li.py:23} INFO - Successfully updated job requisition 66db04abbf0a19d8769e7034
[2024-09-06T17:47:38.817+0000] {core_li.py:23} INFO - Successfully updated job requisition 66db04abbf0a19d8769e7036
[2024-09-06T17:47:38.825+0000] {core_li.py:23} INFO - Successfully updated job requisition 66db04abbf0a19d8769e7038
[2024-09-06T17:47:38.833+0000] {core_li.py:23} INFO - Successfully updated job requisition 66db04abbf0a19d8769e703a
[2024-09-06T17:47:38.841+0000] {core_li.py:23} INFO - Successfully updated job requisition 66db04abbf0a19d8769e703c
[2024-09-06T17:47:38.855+0000] {core_li.py:23} INFO - Successfully updated job requisition 66db04abbf0a19d8769e703e
[2024-09-06T17:47:38.863+0000] {core_li.py:23} INFO - Successfully updated job requisition 66db04abbf0a19d8769e7040
[2024-09-06T17:47:38.871+0000] {core_li.py:23} INFO - Successfully updated job requisition 66db04abbf0a19d8769e7042
[2024-09-06T17:47:38.878+0000] {core_li.py:23} INFO - Successfully updated job requisition 66db04abbf0a19d8769e7044
[2024-09-06T17:47:38.886+0000] {core_li.py:23} INFO - Successfully updated job requisition 66db04abbf0a19d8769e7046
[2024-09-06T17:47:38.894+0000] {core_li.py:23} INFO - Successfully updated job requisition 66db04abbf0a19d8769e7048
[2024-09-06T17:47:38.905+0000] {core_li.py:23} INFO - Successfully updated job requisition 66db04abbf0a19d8769e704a
[2024-09-06T17:47:38.914+0000] {core_li.py:23} INFO - Successfully updated job requisition 66db04abbf0a19d8769e704c
[2024-09-06T17:47:38.922+0000] {core_li.py:23} INFO - Successfully updated job requisition 66db04abbf0a19d8769e704e
[2024-09-06T17:47:38.928+0000] {core_li.py:23} INFO - Successfully updated job requisition 66db04abbf0a19d8769e7050
[2024-09-06T17:47:38.935+0000] {core_li.py:23} INFO - Successfully updated job requisition 66db04abbf0a19d8769e7052
[2024-09-06T17:47:38.941+0000] {core_li.py:23} INFO - Successfully updated job requisition 66db04abbf0a19d8769e7054
[2024-09-06T17:47:38.948+0000] {core_li.py:23} INFO - Successfully updated job requisition 66db04abbf0a19d8769e7056
[2024-09-06T17:47:38.956+0000] {core_li.py:23} INFO - Successfully updated job requisition 66db04abbf0a19d8769e7058
[2024-09-06T17:47:38.964+0000] {core_li.py:23} INFO - Successfully updated job requisition 66db04abbf0a19d8769e705a
[2024-09-06T17:47:38.972+0000] {core_li.py:23} INFO - Successfully updated job requisition 66db04abbf0a19d8769e705c
[2024-09-06T17:47:38.979+0000] {core_li.py:23} INFO - Successfully updated job requisition 66db04abbf0a19d8769e705e
[2024-09-06T17:47:38.986+0000] {core_li.py:23} INFO - Successfully updated job requisition 66db04abbf0a19d8769e7060
[2024-09-06T17:47:38.995+0000] {core_li.py:23} INFO - Successfully updated job requisition 66db04abbf0a19d8769e7062
[2024-09-06T17:47:39.004+0000] {core_li.py:23} INFO - Successfully updated job requisition 66db04abbf0a19d8769e7064
[2024-09-06T17:47:39.014+0000] {core_li.py:23} INFO - Successfully updated job requisition 66db04abbf0a19d8769e7066
[2024-09-06T17:47:39.022+0000] {core_li.py:23} INFO - Successfully updated job requisition 66db04abbf0a19d8769e7068
[2024-09-06T17:47:39.031+0000] {core_li.py:23} INFO - Successfully updated job requisition 66db04abbf0a19d8769e706a
[2024-09-06T17:47:39.039+0000] {core_li.py:23} INFO - Successfully updated job requisition 66db04abbf0a19d8769e706c
[2024-09-06T17:47:39.046+0000] {core_li.py:23} INFO - Successfully updated job requisition 66db04abbf0a19d8769e706e
[2024-09-06T17:47:39.059+0000] {core_li.py:23} INFO - Successfully updated job requisition 66db04abbf0a19d8769e7070
[2024-09-06T17:47:39.068+0000] {core_li.py:23} INFO - Successfully updated job requisition 66db04abbf0a19d8769e7072
[2024-09-06T17:47:39.078+0000] {core_li.py:23} INFO - Successfully updated job requisition 66db04abbf0a19d8769e7074
[2024-09-06T17:47:39.091+0000] {core_li.py:23} INFO - Successfully updated job requisition 66db04abbf0a19d8769e7076
[2024-09-06T17:47:39.099+0000] {core_li.py:23} INFO - Successfully updated job requisition 66db04abbf0a19d8769e7078
[2024-09-06T17:47:39.099+0000] {python.py:240} INFO - Done. Returned value was: 100
[2024-09-06T17:47:39.127+0000] {taskinstance.py:340} INFO - ::group::Post task execution logs
[2024-09-06T17:47:39.127+0000] {taskinstance.py:352} INFO - Marking task as SUCCESS. dag_id=async_flow, task_id=task_backfill_number_of_cancelled_candidates_in_batch, run_id=manual__2024-09-06T17:47:30.120511+00:00, map_index=46, execution_date=20240906T174730, start_date=20240906T174737, end_date=20240906T174739
[2024-09-06T17:47:39.155+0000] {local_task_job_runner.py:266} INFO - Task exited with return code 0
[2024-09-06T17:47:39.174+0000] {taskinstance.py:3900} INFO - 0 downstream tasks scheduled from follow-on schedule check
[2024-09-06T17:47:39.175+0000] {local_task_job_runner.py:245} INFO - ::endgroup::
