[2024-09-06T17:45:53.953+0000] {local_task_job_runner.py:123} INFO - ::group::Pre task execution logs
[2024-09-06T17:45:53.986+0000] {taskinstance.py:2612} INFO - Dependencies all met for dep_context=non-requeueable deps ti=<TaskInstance: async_flow.task_backfill_number_of_cancelled_candidates_in_batch manual__2024-09-06T17:29:39.458358+00:00 map_index=39 [queued]>
[2024-09-06T17:45:53.993+0000] {taskinstance.py:2612} INFO - Dependencies all met for dep_context=requeueable deps ti=<TaskInstance: async_flow.task_backfill_number_of_cancelled_candidates_in_batch manual__2024-09-06T17:29:39.458358+00:00 map_index=39 [queued]>
[2024-09-06T17:45:53.994+0000] {taskinstance.py:2865} INFO - Starting attempt 2 of 2
[2024-09-06T17:45:54.002+0000] {taskinstance.py:2888} INFO - Executing <Mapped(_PythonDecoratedOperator): task_backfill_number_of_cancelled_candidates_in_batch> on 2024-09-06 17:29:39.458358+00:00
[2024-09-06T17:45:54.008+0000] {warnings.py:112} WARNING - /home/***/.local/lib/python3.12/site-packages/***/task/task_runner/standard_task_runner.py:70: DeprecationWarning: This process (pid=623) is multi-threaded, use of fork() may lead to deadlocks in the child.
  pid = os.fork()

[2024-09-06T17:45:54.009+0000] {standard_task_runner.py:72} INFO - Started process 704 to run task
[2024-09-06T17:45:54.013+0000] {standard_task_runner.py:104} INFO - Running: ['***', 'tasks', 'run', 'async_flow', 'task_backfill_number_of_cancelled_candidates_in_batch', 'manual__2024-09-06T17:29:39.458358+00:00', '--job-id', '274', '--raw', '--subdir', 'DAGS_FOLDER/dags_async_flow.py', '--cfg-path', '/tmp/tmp9n_r75zi', '--map-index', '39']
[2024-09-06T17:45:54.016+0000] {standard_task_runner.py:105} INFO - Job 274: Subtask task_backfill_number_of_cancelled_candidates_in_batch
[2024-09-06T17:45:54.063+0000] {task_command.py:467} INFO - Running <TaskInstance: async_flow.task_backfill_number_of_cancelled_candidates_in_batch manual__2024-09-06T17:29:39.458358+00:00 map_index=39 [running]> on host 0817eb6c24af
[2024-09-06T17:45:54.162+0000] {taskinstance.py:3131} INFO - Exporting env vars: AIRFLOW_CTX_DAG_OWNER='***' AIRFLOW_CTX_DAG_ID='async_flow' AIRFLOW_CTX_TASK_ID='task_backfill_number_of_cancelled_candidates_in_batch' AIRFLOW_CTX_EXECUTION_DATE='2024-09-06T17:29:39.458358+00:00' AIRFLOW_CTX_TRY_NUMBER='2' AIRFLOW_CTX_DAG_RUN_ID='manual__2024-09-06T17:29:39.458358+00:00'
[2024-09-06T17:45:54.162+0000] {taskinstance.py:731} INFO - ::endgroup::
[2024-09-06T17:45:54.173+0000] {core_li.py:23} INFO - Successfully updated job requisition 66db04abbf0a19d8769e6a3a
[2024-09-06T17:45:54.179+0000] {core_li.py:23} INFO - Successfully updated job requisition 66db04abbf0a19d8769e6a3c
[2024-09-06T17:45:54.187+0000] {core_li.py:23} INFO - Successfully updated job requisition 66db04abbf0a19d8769e6a3e
[2024-09-06T17:45:54.193+0000] {core_li.py:23} INFO - Successfully updated job requisition 66db04abbf0a19d8769e6a40
[2024-09-06T17:45:54.200+0000] {core_li.py:23} INFO - Successfully updated job requisition 66db04abbf0a19d8769e6a42
[2024-09-06T17:45:54.207+0000] {core_li.py:23} INFO - Successfully updated job requisition 66db04abbf0a19d8769e6a44
[2024-09-06T17:45:54.213+0000] {core_li.py:23} INFO - Successfully updated job requisition 66db04abbf0a19d8769e6a46
[2024-09-06T17:45:54.225+0000] {core_li.py:23} INFO - Successfully updated job requisition 66db04abbf0a19d8769e6a48
[2024-09-06T17:45:54.234+0000] {core_li.py:23} INFO - Successfully updated job requisition 66db04abbf0a19d8769e6a4a
[2024-09-06T17:45:54.241+0000] {core_li.py:23} INFO - Successfully updated job requisition 66db04abbf0a19d8769e6a4c
[2024-09-06T17:45:54.249+0000] {core_li.py:23} INFO - Successfully updated job requisition 66db04abbf0a19d8769e6a4e
[2024-09-06T17:45:54.255+0000] {core_li.py:23} INFO - Successfully updated job requisition 66db04abbf0a19d8769e6a50
[2024-09-06T17:45:54.263+0000] {core_li.py:23} INFO - Successfully updated job requisition 66db04abbf0a19d8769e6a52
[2024-09-06T17:45:54.271+0000] {core_li.py:23} INFO - Successfully updated job requisition 66db04abbf0a19d8769e6a54
[2024-09-06T17:45:54.277+0000] {core_li.py:23} INFO - Successfully updated job requisition 66db04abbf0a19d8769e6a56
[2024-09-06T17:45:54.284+0000] {core_li.py:23} INFO - Successfully updated job requisition 66db04abbf0a19d8769e6a58
[2024-09-06T17:45:54.292+0000] {core_li.py:23} INFO - Successfully updated job requisition 66db04abbf0a19d8769e6a5a
[2024-09-06T17:45:54.298+0000] {core_li.py:23} INFO - Successfully updated job requisition 66db04abbf0a19d8769e6a5c
[2024-09-06T17:45:54.306+0000] {core_li.py:23} INFO - Successfully updated job requisition 66db04abbf0a19d8769e6a5e
[2024-09-06T17:45:54.315+0000] {core_li.py:23} INFO - Successfully updated job requisition 66db04abbf0a19d8769e6a60
[2024-09-06T17:45:54.323+0000] {core_li.py:23} INFO - Successfully updated job requisition 66db04abbf0a19d8769e6a62
[2024-09-06T17:45:54.329+0000] {core_li.py:23} INFO - Successfully updated job requisition 66db04abbf0a19d8769e6a64
[2024-09-06T17:45:54.339+0000] {core_li.py:23} INFO - Successfully updated job requisition 66db04abbf0a19d8769e6a66
[2024-09-06T17:45:54.347+0000] {core_li.py:23} INFO - Successfully updated job requisition 66db04abbf0a19d8769e6a68
[2024-09-06T17:45:54.354+0000] {core_li.py:23} INFO - Successfully updated job requisition 66db04abbf0a19d8769e6a6a
[2024-09-06T17:45:54.360+0000] {core_li.py:23} INFO - Successfully updated job requisition 66db04abbf0a19d8769e6a6c
[2024-09-06T17:45:54.367+0000] {core_li.py:23} INFO - Successfully updated job requisition 66db04abbf0a19d8769e6a6e
[2024-09-06T17:45:54.376+0000] {core_li.py:23} INFO - Successfully updated job requisition 66db04abbf0a19d8769e6a70
[2024-09-06T17:45:54.385+0000] {core_li.py:23} INFO - Successfully updated job requisition 66db04abbf0a19d8769e6a72
[2024-09-06T17:45:54.392+0000] {core_li.py:23} INFO - Successfully updated job requisition 66db04abbf0a19d8769e6a74
[2024-09-06T17:45:54.399+0000] {core_li.py:23} INFO - Successfully updated job requisition 66db04abbf0a19d8769e6a76
[2024-09-06T17:45:54.405+0000] {core_li.py:23} INFO - Successfully updated job requisition 66db04abbf0a19d8769e6a78
[2024-09-06T17:45:54.416+0000] {core_li.py:23} INFO - Successfully updated job requisition 66db04abbf0a19d8769e6a7a
[2024-09-06T17:45:54.426+0000] {core_li.py:23} INFO - Successfully updated job requisition 66db04abbf0a19d8769e6a7c
[2024-09-06T17:45:54.435+0000] {core_li.py:23} INFO - Successfully updated job requisition 66db04abbf0a19d8769e6a7e
[2024-09-06T17:45:54.443+0000] {core_li.py:23} INFO - Successfully updated job requisition 66db04abbf0a19d8769e6a80
[2024-09-06T17:45:54.451+0000] {core_li.py:23} INFO - Successfully updated job requisition 66db04abbf0a19d8769e6a82
[2024-09-06T17:45:54.459+0000] {core_li.py:23} INFO - Successfully updated job requisition 66db04abbf0a19d8769e6a84
[2024-09-06T17:45:54.467+0000] {core_li.py:23} INFO - Successfully updated job requisition 66db04abbf0a19d8769e6a86
[2024-09-06T17:45:54.475+0000] {core_li.py:23} INFO - Successfully updated job requisition 66db04abbf0a19d8769e6a88
[2024-09-06T17:45:54.483+0000] {core_li.py:23} INFO - Successfully updated job requisition 66db04abbf0a19d8769e6a8a
[2024-09-06T17:45:54.492+0000] {core_li.py:23} INFO - Successfully updated job requisition 66db04abbf0a19d8769e6a8c
[2024-09-06T17:45:54.499+0000] {core_li.py:23} INFO - Successfully updated job requisition 66db04abbf0a19d8769e6a8e
[2024-09-06T17:45:54.508+0000] {core_li.py:23} INFO - Successfully updated job requisition 66db04abbf0a19d8769e6a90
[2024-09-06T17:45:54.516+0000] {core_li.py:23} INFO - Successfully updated job requisition 66db04abbf0a19d8769e6a92
[2024-09-06T17:45:54.525+0000] {core_li.py:23} INFO - Successfully updated job requisition 66db04abbf0a19d8769e6a94
[2024-09-06T17:45:54.536+0000] {core_li.py:23} INFO - Successfully updated job requisition 66db04abbf0a19d8769e6a96
[2024-09-06T17:45:54.544+0000] {core_li.py:23} INFO - Successfully updated job requisition 66db04abbf0a19d8769e6a98
[2024-09-06T17:45:54.552+0000] {core_li.py:23} INFO - Successfully updated job requisition 66db04abbf0a19d8769e6a9a
[2024-09-06T17:45:54.562+0000] {core_li.py:23} INFO - Successfully updated job requisition 66db04abbf0a19d8769e6a9c
[2024-09-06T17:45:54.574+0000] {core_li.py:23} INFO - Successfully updated job requisition 66db04abbf0a19d8769e6a9e
[2024-09-06T17:45:54.588+0000] {core_li.py:23} INFO - Successfully updated job requisition 66db04abbf0a19d8769e6aa0
[2024-09-06T17:45:54.595+0000] {core_li.py:23} INFO - Successfully updated job requisition 66db04abbf0a19d8769e6aa2
[2024-09-06T17:45:54.606+0000] {core_li.py:23} INFO - Successfully updated job requisition 66db04abbf0a19d8769e6aa4
[2024-09-06T17:45:54.615+0000] {core_li.py:23} INFO - Successfully updated job requisition 66db04abbf0a19d8769e6aa6
[2024-09-06T17:45:54.630+0000] {core_li.py:23} INFO - Successfully updated job requisition 66db04abbf0a19d8769e6aa8
[2024-09-06T17:45:54.642+0000] {core_li.py:23} INFO - Successfully updated job requisition 66db04abbf0a19d8769e6aaa
[2024-09-06T17:45:54.653+0000] {core_li.py:23} INFO - Successfully updated job requisition 66db04abbf0a19d8769e6aac
[2024-09-06T17:45:54.660+0000] {core_li.py:23} INFO - Successfully updated job requisition 66db04abbf0a19d8769e6aae
[2024-09-06T17:45:54.675+0000] {core_li.py:23} INFO - Successfully updated job requisition 66db04abbf0a19d8769e6ab0
[2024-09-06T17:45:54.697+0000] {core_li.py:23} INFO - Successfully updated job requisition 66db04abbf0a19d8769e6ab2
[2024-09-06T17:45:54.713+0000] {core_li.py:23} INFO - Successfully updated job requisition 66db04abbf0a19d8769e6ab4
[2024-09-06T17:45:54.725+0000] {core_li.py:23} INFO - Successfully updated job requisition 66db04abbf0a19d8769e6ab6
[2024-09-06T17:45:54.738+0000] {core_li.py:23} INFO - Successfully updated job requisition 66db04abbf0a19d8769e6ab8
[2024-09-06T17:45:54.746+0000] {core_li.py:23} INFO - Successfully updated job requisition 66db04abbf0a19d8769e6aba
[2024-09-06T17:45:54.760+0000] {core_li.py:23} INFO - Successfully updated job requisition 66db04abbf0a19d8769e6abc
[2024-09-06T17:45:54.766+0000] {core_li.py:23} INFO - Successfully updated job requisition 66db04abbf0a19d8769e6abe
[2024-09-06T17:45:54.780+0000] {core_li.py:23} INFO - Successfully updated job requisition 66db04abbf0a19d8769e6ac0
[2024-09-06T17:45:54.798+0000] {core_li.py:23} INFO - Successfully updated job requisition 66db04abbf0a19d8769e6ac2
[2024-09-06T17:45:54.806+0000] {core_li.py:23} INFO - Successfully updated job requisition 66db04abbf0a19d8769e6ac4
[2024-09-06T17:45:54.815+0000] {core_li.py:23} INFO - Successfully updated job requisition 66db04abbf0a19d8769e6ac6
[2024-09-06T17:45:54.828+0000] {core_li.py:23} INFO - Successfully updated job requisition 66db04abbf0a19d8769e6ac8
[2024-09-06T17:45:54.837+0000] {core_li.py:23} INFO - Successfully updated job requisition 66db04abbf0a19d8769e6aca
[2024-09-06T17:45:54.845+0000] {core_li.py:23} INFO - Successfully updated job requisition 66db04abbf0a19d8769e6acc
[2024-09-06T17:45:54.852+0000] {core_li.py:23} INFO - Successfully updated job requisition 66db04abbf0a19d8769e6ace
[2024-09-06T17:45:54.860+0000] {core_li.py:23} INFO - Successfully updated job requisition 66db04abbf0a19d8769e6ad0
[2024-09-06T17:45:54.869+0000] {core_li.py:23} INFO - Successfully updated job requisition 66db04abbf0a19d8769e6ad2
[2024-09-06T17:45:54.876+0000] {core_li.py:23} INFO - Successfully updated job requisition 66db04abbf0a19d8769e6ad4
[2024-09-06T17:45:54.883+0000] {core_li.py:23} INFO - Successfully updated job requisition 66db04abbf0a19d8769e6ad6
[2024-09-06T17:45:54.895+0000] {core_li.py:23} INFO - Successfully updated job requisition 66db04abbf0a19d8769e6ad8
[2024-09-06T17:45:54.912+0000] {core_li.py:23} INFO - Successfully updated job requisition 66db04abbf0a19d8769e6ada
[2024-09-06T17:45:54.924+0000] {core_li.py:23} INFO - Successfully updated job requisition 66db04abbf0a19d8769e6adc
[2024-09-06T17:45:54.935+0000] {core_li.py:23} INFO - Successfully updated job requisition 66db04abbf0a19d8769e6ade
[2024-09-06T17:45:54.941+0000] {core_li.py:23} INFO - Successfully updated job requisition 66db04abbf0a19d8769e6ae0
[2024-09-06T17:45:54.949+0000] {core_li.py:23} INFO - Successfully updated job requisition 66db04abbf0a19d8769e6ae2
[2024-09-06T17:45:54.958+0000] {core_li.py:23} INFO - Successfully updated job requisition 66db04abbf0a19d8769e6ae4
[2024-09-06T17:45:54.968+0000] {core_li.py:23} INFO - Successfully updated job requisition 66db04abbf0a19d8769e6ae6
[2024-09-06T17:45:54.987+0000] {core_li.py:23} INFO - Successfully updated job requisition 66db04abbf0a19d8769e6ae8
[2024-09-06T17:45:54.994+0000] {core_li.py:23} INFO - Successfully updated job requisition 66db04abbf0a19d8769e6aea
[2024-09-06T17:45:55.002+0000] {core_li.py:23} INFO - Successfully updated job requisition 66db04abbf0a19d8769e6aec
[2024-09-06T17:45:55.013+0000] {core_li.py:23} INFO - Successfully updated job requisition 66db04abbf0a19d8769e6aee
[2024-09-06T17:45:55.029+0000] {core_li.py:23} INFO - Successfully updated job requisition 66db04abbf0a19d8769e6af0
[2024-09-06T17:45:55.038+0000] {core_li.py:23} INFO - Successfully updated job requisition 66db04abbf0a19d8769e6af2
[2024-09-06T17:45:55.047+0000] {core_li.py:23} INFO - Successfully updated job requisition 66db04abbf0a19d8769e6af4
[2024-09-06T17:45:55.056+0000] {core_li.py:23} INFO - Successfully updated job requisition 66db04abbf0a19d8769e6af6
[2024-09-06T17:45:55.067+0000] {core_li.py:23} INFO - Successfully updated job requisition 66db04abbf0a19d8769e6af8
[2024-09-06T17:45:55.077+0000] {core_li.py:23} INFO - Successfully updated job requisition 66db04abbf0a19d8769e6afa
[2024-09-06T17:45:55.088+0000] {core_li.py:23} INFO - Successfully updated job requisition 66db04abbf0a19d8769e6afc
[2024-09-06T17:45:55.096+0000] {core_li.py:23} INFO - Successfully updated job requisition 66db04abbf0a19d8769e6afe
[2024-09-06T17:45:55.104+0000] {core_li.py:23} INFO - Successfully updated job requisition 66db04abbf0a19d8769e6b00
[2024-09-06T17:45:55.105+0000] {python.py:240} INFO - Done. Returned value was: 100
[2024-09-06T17:45:55.127+0000] {taskinstance.py:340} INFO - ::group::Post task execution logs
[2024-09-06T17:45:55.128+0000] {taskinstance.py:352} INFO - Marking task as SUCCESS. dag_id=async_flow, task_id=task_backfill_number_of_cancelled_candidates_in_batch, run_id=manual__2024-09-06T17:29:39.458358+00:00, map_index=39, execution_date=20240906T172939, start_date=20240906T174553, end_date=20240906T174555
[2024-09-06T17:45:55.147+0000] {local_task_job_runner.py:266} INFO - Task exited with return code 0
[2024-09-06T17:45:55.164+0000] {taskinstance.py:3900} INFO - 0 downstream tasks scheduled from follow-on schedule check
[2024-09-06T17:45:55.165+0000] {local_task_job_runner.py:245} INFO - ::endgroup::
