[2024-09-06T17:43:07.195+0000] {local_task_job_runner.py:123} INFO - ::group::Pre task execution logs
[2024-09-06T17:43:07.293+0000] {taskinstance.py:2612} INFO - Dependencies all met for dep_context=non-requeueable deps ti=<TaskInstance: async_flow.task_backfill_number_of_cancelled_candidates_in_batch manual__2024-09-06T17:43:02.727107+00:00 map_index=17 [queued]>
[2024-09-06T17:43:07.312+0000] {taskinstance.py:2612} INFO - Dependencies all met for dep_context=requeueable deps ti=<TaskInstance: async_flow.task_backfill_number_of_cancelled_candidates_in_batch manual__2024-09-06T17:43:02.727107+00:00 map_index=17 [queued]>
[2024-09-06T17:43:07.317+0000] {taskinstance.py:2865} INFO - Starting attempt 1 of 1
[2024-09-06T17:43:07.346+0000] {taskinstance.py:2888} INFO - Executing <Mapped(_PythonDecoratedOperator): task_backfill_number_of_cancelled_candidates_in_batch> on 2024-09-06 17:43:02.727107+00:00
[2024-09-06T17:43:07.353+0000] {warnings.py:112} WARNING - /home/***/.local/lib/python3.12/site-packages/***/task/task_runner/standard_task_runner.py:70: DeprecationWarning: This process (pid=176) is multi-threaded, use of fork() may lead to deadlocks in the child.
  pid = os.fork()

[2024-09-06T17:43:07.356+0000] {standard_task_runner.py:72} INFO - Started process 237 to run task
[2024-09-06T17:43:07.356+0000] {standard_task_runner.py:104} INFO - Running: ['***', 'tasks', 'run', 'async_flow', 'task_backfill_number_of_cancelled_candidates_in_batch', 'manual__2024-09-06T17:43:02.727107+00:00', '--job-id', '194', '--raw', '--subdir', 'DAGS_FOLDER/dags_async_flow.py', '--cfg-path', '/tmp/tmpmiqye0e6', '--map-index', '17']
[2024-09-06T17:43:07.367+0000] {standard_task_runner.py:105} INFO - Job 194: Subtask task_backfill_number_of_cancelled_candidates_in_batch
[2024-09-06T17:43:07.417+0000] {task_command.py:467} INFO - Running <TaskInstance: async_flow.task_backfill_number_of_cancelled_candidates_in_batch manual__2024-09-06T17:43:02.727107+00:00 map_index=17 [running]> on host 0817eb6c24af
[2024-09-06T17:43:07.552+0000] {taskinstance.py:3131} INFO - Exporting env vars: AIRFLOW_CTX_DAG_OWNER='***' AIRFLOW_CTX_DAG_ID='async_flow' AIRFLOW_CTX_TASK_ID='task_backfill_number_of_cancelled_candidates_in_batch' AIRFLOW_CTX_EXECUTION_DATE='2024-09-06T17:43:02.727107+00:00' AIRFLOW_CTX_TRY_NUMBER='1' AIRFLOW_CTX_DAG_RUN_ID='manual__2024-09-06T17:43:02.727107+00:00'
[2024-09-06T17:43:07.554+0000] {taskinstance.py:731} INFO - ::endgroup::
[2024-09-06T17:43:07.570+0000] {core_li.py:23} INFO - Successfully updated job requisition 66db04abbf0a19d8769e68aa
[2024-09-06T17:43:07.581+0000] {core_li.py:23} INFO - Successfully updated job requisition 66db04abbf0a19d8769e68ac
[2024-09-06T17:43:07.594+0000] {core_li.py:23} INFO - Successfully updated job requisition 66db04abbf0a19d8769e68ae
[2024-09-06T17:43:07.611+0000] {core_li.py:23} INFO - Successfully updated job requisition 66db04abbf0a19d8769e68b0
[2024-09-06T17:43:07.621+0000] {core_li.py:23} INFO - Successfully updated job requisition 66db04abbf0a19d8769e68b2
[2024-09-06T17:43:07.630+0000] {core_li.py:23} INFO - Successfully updated job requisition 66db04abbf0a19d8769e68b4
[2024-09-06T17:43:07.641+0000] {core_li.py:23} INFO - Successfully updated job requisition 66db04abbf0a19d8769e68b6
[2024-09-06T17:43:07.646+0000] {core_li.py:23} INFO - Successfully updated job requisition 66db04abbf0a19d8769e68b8
[2024-09-06T17:43:07.659+0000] {core_li.py:23} INFO - Successfully updated job requisition 66db04abbf0a19d8769e68ba
[2024-09-06T17:43:07.676+0000] {core_li.py:23} INFO - Successfully updated job requisition 66db04abbf0a19d8769e68bc
[2024-09-06T17:43:07.684+0000] {core_li.py:23} INFO - Successfully updated job requisition 66db04abbf0a19d8769e68be
[2024-09-06T17:43:07.693+0000] {core_li.py:23} INFO - Successfully updated job requisition 66db04abbf0a19d8769e68c0
[2024-09-06T17:43:07.702+0000] {core_li.py:23} INFO - Successfully updated job requisition 66db04abbf0a19d8769e68c2
[2024-09-06T17:43:07.711+0000] {core_li.py:23} INFO - Successfully updated job requisition 66db04abbf0a19d8769e68c4
[2024-09-06T17:43:07.719+0000] {core_li.py:23} INFO - Successfully updated job requisition 66db04abbf0a19d8769e68c6
[2024-09-06T17:43:07.733+0000] {core_li.py:23} INFO - Successfully updated job requisition 66db04abbf0a19d8769e68c8
[2024-09-06T17:43:07.740+0000] {core_li.py:23} INFO - Successfully updated job requisition 66db04abbf0a19d8769e68ca
[2024-09-06T17:43:07.748+0000] {core_li.py:23} INFO - Successfully updated job requisition 66db04abbf0a19d8769e68cc
[2024-09-06T17:43:07.760+0000] {core_li.py:23} INFO - Successfully updated job requisition 66db04abbf0a19d8769e68ce
[2024-09-06T17:43:07.768+0000] {core_li.py:23} INFO - Successfully updated job requisition 66db04abbf0a19d8769e68d0
[2024-09-06T17:43:07.778+0000] {core_li.py:23} INFO - Successfully updated job requisition 66db04abbf0a19d8769e68d2
[2024-09-06T17:43:07.787+0000] {core_li.py:23} INFO - Successfully updated job requisition 66db04abbf0a19d8769e68d4
[2024-09-06T17:43:07.800+0000] {core_li.py:23} INFO - Successfully updated job requisition 66db04abbf0a19d8769e68d6
[2024-09-06T17:43:07.808+0000] {core_li.py:23} INFO - Successfully updated job requisition 66db04abbf0a19d8769e68d8
[2024-09-06T17:43:07.818+0000] {core_li.py:23} INFO - Successfully updated job requisition 66db04abbf0a19d8769e68da
[2024-09-06T17:43:07.833+0000] {core_li.py:23} INFO - Successfully updated job requisition 66db04abbf0a19d8769e68dc
[2024-09-06T17:43:07.842+0000] {core_li.py:23} INFO - Successfully updated job requisition 66db04abbf0a19d8769e68de
[2024-09-06T17:43:07.850+0000] {core_li.py:23} INFO - Successfully updated job requisition 66db04abbf0a19d8769e68e0
[2024-09-06T17:43:07.857+0000] {core_li.py:23} INFO - Successfully updated job requisition 66db04abbf0a19d8769e68e2
[2024-09-06T17:43:07.869+0000] {core_li.py:23} INFO - Successfully updated job requisition 66db04abbf0a19d8769e68e4
[2024-09-06T17:43:07.876+0000] {core_li.py:23} INFO - Successfully updated job requisition 66db04abbf0a19d8769e68e6
[2024-09-06T17:43:07.885+0000] {core_li.py:23} INFO - Successfully updated job requisition 66db04abbf0a19d8769e68e8
[2024-09-06T17:43:07.892+0000] {core_li.py:23} INFO - Successfully updated job requisition 66db04abbf0a19d8769e68ea
[2024-09-06T17:43:07.904+0000] {core_li.py:23} INFO - Successfully updated job requisition 66db04abbf0a19d8769e68ec
[2024-09-06T17:43:07.915+0000] {core_li.py:23} INFO - Successfully updated job requisition 66db04abbf0a19d8769e68ee
[2024-09-06T17:43:07.923+0000] {core_li.py:23} INFO - Successfully updated job requisition 66db04abbf0a19d8769e68f0
[2024-09-06T17:43:07.935+0000] {core_li.py:23} INFO - Successfully updated job requisition 66db04abbf0a19d8769e68f2
[2024-09-06T17:43:07.940+0000] {core_li.py:23} INFO - Successfully updated job requisition 66db04abbf0a19d8769e68f4
[2024-09-06T17:43:07.947+0000] {core_li.py:23} INFO - Successfully updated job requisition 66db04abbf0a19d8769e68f6
[2024-09-06T17:43:07.955+0000] {core_li.py:23} INFO - Successfully updated job requisition 66db04abbf0a19d8769e68f8
[2024-09-06T17:43:07.961+0000] {core_li.py:23} INFO - Successfully updated job requisition 66db04abbf0a19d8769e68fa
[2024-09-06T17:43:07.967+0000] {core_li.py:23} INFO - Successfully updated job requisition 66db04abbf0a19d8769e68fc
[2024-09-06T17:43:07.979+0000] {core_li.py:23} INFO - Successfully updated job requisition 66db04abbf0a19d8769e68fe
[2024-09-06T17:43:07.988+0000] {core_li.py:23} INFO - Successfully updated job requisition 66db04abbf0a19d8769e6900
[2024-09-06T17:43:07.996+0000] {core_li.py:23} INFO - Successfully updated job requisition 66db04abbf0a19d8769e6902
[2024-09-06T17:43:08.006+0000] {core_li.py:23} INFO - Successfully updated job requisition 66db04abbf0a19d8769e6904
[2024-09-06T17:43:08.014+0000] {core_li.py:23} INFO - Successfully updated job requisition 66db04abbf0a19d8769e6906
[2024-09-06T17:43:08.023+0000] {core_li.py:23} INFO - Successfully updated job requisition 66db04abbf0a19d8769e6908
[2024-09-06T17:43:08.028+0000] {core_li.py:23} INFO - Successfully updated job requisition 66db04abbf0a19d8769e690a
[2024-09-06T17:43:08.042+0000] {core_li.py:23} INFO - Successfully updated job requisition 66db04abbf0a19d8769e690c
[2024-09-06T17:43:08.053+0000] {core_li.py:23} INFO - Successfully updated job requisition 66db04abbf0a19d8769e690e
[2024-09-06T17:43:08.062+0000] {core_li.py:23} INFO - Successfully updated job requisition 66db04abbf0a19d8769e6910
[2024-09-06T17:43:08.070+0000] {core_li.py:23} INFO - Successfully updated job requisition 66db04abbf0a19d8769e6912
[2024-09-06T17:43:08.078+0000] {core_li.py:23} INFO - Successfully updated job requisition 66db04abbf0a19d8769e6914
[2024-09-06T17:43:08.088+0000] {core_li.py:23} INFO - Successfully updated job requisition 66db04abbf0a19d8769e6916
[2024-09-06T17:43:08.101+0000] {core_li.py:23} INFO - Successfully updated job requisition 66db04abbf0a19d8769e6918
[2024-09-06T17:43:08.111+0000] {core_li.py:23} INFO - Successfully updated job requisition 66db04abbf0a19d8769e691a
[2024-09-06T17:43:08.118+0000] {core_li.py:23} INFO - Successfully updated job requisition 66db04abbf0a19d8769e691c
[2024-09-06T17:43:08.125+0000] {core_li.py:23} INFO - Successfully updated job requisition 66db04abbf0a19d8769e691e
[2024-09-06T17:43:08.141+0000] {core_li.py:23} INFO - Successfully updated job requisition 66db04abbf0a19d8769e6920
[2024-09-06T17:43:08.150+0000] {core_li.py:23} INFO - Successfully updated job requisition 66db04abbf0a19d8769e6922
[2024-09-06T17:43:08.157+0000] {core_li.py:23} INFO - Successfully updated job requisition 66db04abbf0a19d8769e6924
[2024-09-06T17:43:08.162+0000] {core_li.py:23} INFO - Successfully updated job requisition 66db04abbf0a19d8769e6926
[2024-09-06T17:43:08.170+0000] {core_li.py:23} INFO - Successfully updated job requisition 66db04abbf0a19d8769e6928
[2024-09-06T17:43:08.178+0000] {core_li.py:23} INFO - Successfully updated job requisition 66db04abbf0a19d8769e692a
[2024-09-06T17:43:08.186+0000] {core_li.py:23} INFO - Successfully updated job requisition 66db04abbf0a19d8769e692c
[2024-09-06T17:43:08.195+0000] {core_li.py:23} INFO - Successfully updated job requisition 66db04abbf0a19d8769e692e
[2024-09-06T17:43:08.203+0000] {core_li.py:23} INFO - Successfully updated job requisition 66db04abbf0a19d8769e6930
[2024-09-06T17:43:08.212+0000] {core_li.py:23} INFO - Successfully updated job requisition 66db04abbf0a19d8769e6932
[2024-09-06T17:43:08.217+0000] {core_li.py:23} INFO - Successfully updated job requisition 66db04abbf0a19d8769e6934
[2024-09-06T17:43:08.225+0000] {core_li.py:23} INFO - Successfully updated job requisition 66db04abbf0a19d8769e6936
[2024-09-06T17:43:08.233+0000] {core_li.py:23} INFO - Successfully updated job requisition 66db04abbf0a19d8769e6938
[2024-09-06T17:43:08.241+0000] {core_li.py:23} INFO - Successfully updated job requisition 66db04abbf0a19d8769e693a
[2024-09-06T17:43:08.251+0000] {core_li.py:23} INFO - Successfully updated job requisition 66db04abbf0a19d8769e693c
[2024-09-06T17:43:08.265+0000] {core_li.py:23} INFO - Successfully updated job requisition 66db04abbf0a19d8769e693e
[2024-09-06T17:43:08.276+0000] {core_li.py:23} INFO - Successfully updated job requisition 66db04abbf0a19d8769e6940
[2024-09-06T17:43:08.285+0000] {core_li.py:23} INFO - Successfully updated job requisition 66db04abbf0a19d8769e6942
[2024-09-06T17:43:08.294+0000] {core_li.py:23} INFO - Successfully updated job requisition 66db04abbf0a19d8769e6944
[2024-09-06T17:43:08.303+0000] {core_li.py:23} INFO - Successfully updated job requisition 66db04abbf0a19d8769e6946
[2024-09-06T17:43:08.311+0000] {core_li.py:23} INFO - Successfully updated job requisition 66db04abbf0a19d8769e6948
[2024-09-06T17:43:08.318+0000] {core_li.py:23} INFO - Successfully updated job requisition 66db04abbf0a19d8769e694a
[2024-09-06T17:43:08.328+0000] {core_li.py:23} INFO - Successfully updated job requisition 66db04abbf0a19d8769e694c
[2024-09-06T17:43:08.340+0000] {core_li.py:23} INFO - Successfully updated job requisition 66db04abbf0a19d8769e694e
[2024-09-06T17:43:08.346+0000] {core_li.py:23} INFO - Successfully updated job requisition 66db04abbf0a19d8769e6950
[2024-09-06T17:43:08.353+0000] {core_li.py:23} INFO - Successfully updated job requisition 66db04abbf0a19d8769e6952
[2024-09-06T17:43:08.362+0000] {core_li.py:23} INFO - Successfully updated job requisition 66db04abbf0a19d8769e6954
[2024-09-06T17:43:08.370+0000] {core_li.py:23} INFO - Successfully updated job requisition 66db04abbf0a19d8769e6956
[2024-09-06T17:43:08.384+0000] {core_li.py:23} INFO - Successfully updated job requisition 66db04abbf0a19d8769e6958
[2024-09-06T17:43:08.406+0000] {core_li.py:23} INFO - Successfully updated job requisition 66db04abbf0a19d8769e695a
[2024-09-06T17:43:08.418+0000] {core_li.py:23} INFO - Successfully updated job requisition 66db04abbf0a19d8769e695c
[2024-09-06T17:43:08.432+0000] {core_li.py:23} INFO - Successfully updated job requisition 66db04abbf0a19d8769e695e
[2024-09-06T17:43:08.448+0000] {core_li.py:23} INFO - Successfully updated job requisition 66db04abbf0a19d8769e6960
[2024-09-06T17:43:08.466+0000] {core_li.py:23} INFO - Successfully updated job requisition 66db04abbf0a19d8769e6962
[2024-09-06T17:43:08.485+0000] {core_li.py:23} INFO - Successfully updated job requisition 66db04abbf0a19d8769e6964
[2024-09-06T17:43:08.508+0000] {core_li.py:23} INFO - Successfully updated job requisition 66db04abbf0a19d8769e6966
[2024-09-06T17:43:08.517+0000] {core_li.py:23} INFO - Successfully updated job requisition 66db04abbf0a19d8769e6968
[2024-09-06T17:43:08.527+0000] {core_li.py:23} INFO - Successfully updated job requisition 66db04abbf0a19d8769e696a
[2024-09-06T17:43:08.544+0000] {core_li.py:23} INFO - Successfully updated job requisition 66db04abbf0a19d8769e696c
[2024-09-06T17:43:08.558+0000] {core_li.py:23} INFO - Successfully updated job requisition 66db04abbf0a19d8769e696e
[2024-09-06T17:43:08.568+0000] {core_li.py:23} INFO - Successfully updated job requisition 66db04abbf0a19d8769e6970
[2024-09-06T17:43:08.569+0000] {python.py:240} INFO - Done. Returned value was: 100
[2024-09-06T17:43:08.595+0000] {taskinstance.py:340} INFO - ::group::Post task execution logs
[2024-09-06T17:43:08.597+0000] {taskinstance.py:352} INFO - Marking task as SUCCESS. dag_id=async_flow, task_id=task_backfill_number_of_cancelled_candidates_in_batch, run_id=manual__2024-09-06T17:43:02.727107+00:00, map_index=17, execution_date=20240906T174302, start_date=20240906T174307, end_date=20240906T174308
[2024-09-06T17:43:08.646+0000] {local_task_job_runner.py:266} INFO - Task exited with return code 0
[2024-09-06T17:43:08.657+0000] {local_task_job_runner.py:245} INFO - ::endgroup::
