[2024-09-06T17:45:56.497+0000] {local_task_job_runner.py:123} INFO - ::group::Pre task execution logs
[2024-09-06T17:45:56.525+0000] {taskinstance.py:2612} INFO - Dependencies all met for dep_context=non-requeueable deps ti=<TaskInstance: async_flow.task_backfill_number_of_cancelled_candidates_in_batch manual__2024-09-06T17:43:02.727107+00:00 map_index=2 [queued]>
[2024-09-06T17:45:56.537+0000] {taskinstance.py:2612} INFO - Dependencies all met for dep_context=requeueable deps ti=<TaskInstance: async_flow.task_backfill_number_of_cancelled_candidates_in_batch manual__2024-09-06T17:43:02.727107+00:00 map_index=2 [queued]>
[2024-09-06T17:45:56.541+0000] {taskinstance.py:2865} INFO - Starting attempt 2 of 2
[2024-09-06T17:45:56.568+0000] {taskinstance.py:2888} INFO - Executing <Mapped(_PythonDecoratedOperator): task_backfill_number_of_cancelled_candidates_in_batch> on 2024-09-06 17:43:02.727107+00:00
[2024-09-06T17:45:56.577+0000] {warnings.py:112} WARNING - /home/***/.local/lib/python3.12/site-packages/***/task/task_runner/standard_task_runner.py:70: DeprecationWarning: This process (pid=706) is multi-threaded, use of fork() may lead to deadlocks in the child.
  pid = os.fork()

[2024-09-06T17:45:56.582+0000] {standard_task_runner.py:72} INFO - Started process 788 to run task
[2024-09-06T17:45:56.581+0000] {standard_task_runner.py:104} INFO - Running: ['***', 'tasks', 'run', 'async_flow', 'task_backfill_number_of_cancelled_candidates_in_batch', 'manual__2024-09-06T17:43:02.727107+00:00', '--job-id', '285', '--raw', '--subdir', 'DAGS_FOLDER/dags_async_flow.py', '--cfg-path', '/tmp/tmpp9t_wqfo', '--map-index', '2']
[2024-09-06T17:45:56.584+0000] {standard_task_runner.py:105} INFO - Job 285: Subtask task_backfill_number_of_cancelled_candidates_in_batch
[2024-09-06T17:45:56.667+0000] {task_command.py:467} INFO - Running <TaskInstance: async_flow.task_backfill_number_of_cancelled_candidates_in_batch manual__2024-09-06T17:43:02.727107+00:00 map_index=2 [running]> on host 0817eb6c24af
[2024-09-06T17:45:56.764+0000] {taskinstance.py:3131} INFO - Exporting env vars: AIRFLOW_CTX_DAG_OWNER='***' AIRFLOW_CTX_DAG_ID='async_flow' AIRFLOW_CTX_TASK_ID='task_backfill_number_of_cancelled_candidates_in_batch' AIRFLOW_CTX_EXECUTION_DATE='2024-09-06T17:43:02.727107+00:00' AIRFLOW_CTX_TRY_NUMBER='2' AIRFLOW_CTX_DAG_RUN_ID='manual__2024-09-06T17:43:02.727107+00:00'
[2024-09-06T17:45:56.767+0000] {taskinstance.py:731} INFO - ::endgroup::
[2024-09-06T17:45:56.785+0000] {core_li.py:23} INFO - Successfully updated job requisition 66db04abbf0a19d8769e7142
[2024-09-06T17:45:56.793+0000] {core_li.py:23} INFO - Successfully updated job requisition 66db04abbf0a19d8769e7144
[2024-09-06T17:45:56.801+0000] {core_li.py:23} INFO - Successfully updated job requisition 66db04abbf0a19d8769e7146
[2024-09-06T17:45:56.813+0000] {core_li.py:23} INFO - Successfully updated job requisition 66db04abbf0a19d8769e7148
[2024-09-06T17:45:56.821+0000] {core_li.py:23} INFO - Successfully updated job requisition 66db04abbf0a19d8769e714a
[2024-09-06T17:45:56.831+0000] {core_li.py:23} INFO - Successfully updated job requisition 66db04abbf0a19d8769e714c
[2024-09-06T17:45:56.842+0000] {core_li.py:23} INFO - Successfully updated job requisition 66db04abbf0a19d8769e714e
[2024-09-06T17:45:56.850+0000] {core_li.py:23} INFO - Successfully updated job requisition 66db04abbf0a19d8769e7150
[2024-09-06T17:45:56.856+0000] {core_li.py:23} INFO - Successfully updated job requisition 66db04abbf0a19d8769e7152
[2024-09-06T17:45:56.863+0000] {core_li.py:23} INFO - Successfully updated job requisition 66db04abbf0a19d8769e7154
[2024-09-06T17:45:56.869+0000] {core_li.py:23} INFO - Successfully updated job requisition 66db04abbf0a19d8769e7156
[2024-09-06T17:45:56.876+0000] {core_li.py:23} INFO - Successfully updated job requisition 66db04abbf0a19d8769e7158
[2024-09-06T17:45:56.882+0000] {core_li.py:23} INFO - Successfully updated job requisition 66db04abbf0a19d8769e715a
[2024-09-06T17:45:56.891+0000] {core_li.py:23} INFO - Successfully updated job requisition 66db04abbf0a19d8769e715c
[2024-09-06T17:45:56.899+0000] {core_li.py:23} INFO - Successfully updated job requisition 66db04abbf0a19d8769e715e
[2024-09-06T17:45:56.906+0000] {core_li.py:23} INFO - Successfully updated job requisition 66db04abbf0a19d8769e7160
[2024-09-06T17:45:56.913+0000] {core_li.py:23} INFO - Successfully updated job requisition 66db04abbf0a19d8769e7162
[2024-09-06T17:45:56.921+0000] {core_li.py:23} INFO - Successfully updated job requisition 66db04abbf0a19d8769e7164
[2024-09-06T17:45:56.929+0000] {core_li.py:23} INFO - Successfully updated job requisition 66db04abbf0a19d8769e7166
[2024-09-06T17:45:56.937+0000] {core_li.py:23} INFO - Successfully updated job requisition 66db04abbf0a19d8769e7168
[2024-09-06T17:45:56.945+0000] {core_li.py:23} INFO - Successfully updated job requisition 66db04abbf0a19d8769e716a
[2024-09-06T17:45:56.962+0000] {core_li.py:23} INFO - Successfully updated job requisition 66db04abbf0a19d8769e716c
[2024-09-06T17:45:56.969+0000] {core_li.py:23} INFO - Successfully updated job requisition 66db04abbf0a19d8769e716e
[2024-09-06T17:45:56.976+0000] {core_li.py:23} INFO - Successfully updated job requisition 66db04abbf0a19d8769e7170
[2024-09-06T17:45:56.984+0000] {core_li.py:23} INFO - Successfully updated job requisition 66db04abbf0a19d8769e7172
[2024-09-06T17:45:56.994+0000] {core_li.py:23} INFO - Successfully updated job requisition 66db04abbf0a19d8769e7174
[2024-09-06T17:45:57.005+0000] {core_li.py:23} INFO - Successfully updated job requisition 66db04abbf0a19d8769e7176
[2024-09-06T17:45:57.016+0000] {core_li.py:23} INFO - Successfully updated job requisition 66db04abbf0a19d8769e7178
[2024-09-06T17:45:57.026+0000] {core_li.py:23} INFO - Successfully updated job requisition 66db04abbf0a19d8769e717a
[2024-09-06T17:45:57.034+0000] {core_li.py:23} INFO - Successfully updated job requisition 66db04abbf0a19d8769e717c
[2024-09-06T17:45:57.044+0000] {core_li.py:23} INFO - Successfully updated job requisition 66db04abbf0a19d8769e717e
[2024-09-06T17:45:57.052+0000] {core_li.py:23} INFO - Successfully updated job requisition 66db04abbf0a19d8769e7180
[2024-09-06T17:45:57.060+0000] {core_li.py:23} INFO - Successfully updated job requisition 66db04abbf0a19d8769e7182
[2024-09-06T17:45:57.067+0000] {core_li.py:23} INFO - Successfully updated job requisition 66db04abbf0a19d8769e7184
[2024-09-06T17:45:57.077+0000] {core_li.py:23} INFO - Successfully updated job requisition 66db04abbf0a19d8769e7186
[2024-09-06T17:45:57.084+0000] {core_li.py:23} INFO - Successfully updated job requisition 66db04abbf0a19d8769e7188
[2024-09-06T17:45:57.090+0000] {core_li.py:23} INFO - Successfully updated job requisition 66db04abbf0a19d8769e718a
[2024-09-06T17:45:57.097+0000] {core_li.py:23} INFO - Successfully updated job requisition 66db04abbf0a19d8769e718c
[2024-09-06T17:45:57.106+0000] {core_li.py:23} INFO - Successfully updated job requisition 66db04abbf0a19d8769e718e
[2024-09-06T17:45:57.113+0000] {core_li.py:23} INFO - Successfully updated job requisition 66db04abbf0a19d8769e7190
[2024-09-06T17:45:57.125+0000] {core_li.py:23} INFO - Successfully updated job requisition 66db04abbf0a19d8769e7192
[2024-09-06T17:45:57.136+0000] {core_li.py:23} INFO - Successfully updated job requisition 66db04abbf0a19d8769e7194
[2024-09-06T17:45:57.145+0000] {core_li.py:23} INFO - Successfully updated job requisition 66db04abbf0a19d8769e7196
[2024-09-06T17:45:57.154+0000] {core_li.py:23} INFO - Successfully updated job requisition 66db04abbf0a19d8769e7198
[2024-09-06T17:45:57.161+0000] {core_li.py:23} INFO - Successfully updated job requisition 66db04abbf0a19d8769e719a
[2024-09-06T17:45:57.168+0000] {core_li.py:23} INFO - Successfully updated job requisition 66db04abbf0a19d8769e719c
[2024-09-06T17:45:57.176+0000] {core_li.py:23} INFO - Successfully updated job requisition 66db04abbf0a19d8769e719e
[2024-09-06T17:45:57.185+0000] {core_li.py:23} INFO - Successfully updated job requisition 66db04abbf0a19d8769e71a0
[2024-09-06T17:45:57.196+0000] {core_li.py:23} INFO - Successfully updated job requisition 66db04abbf0a19d8769e71a2
[2024-09-06T17:45:57.203+0000] {core_li.py:23} INFO - Successfully updated job requisition 66db04abbf0a19d8769e71a4
[2024-09-06T17:45:57.213+0000] {core_li.py:23} INFO - Successfully updated job requisition 66db04abbf0a19d8769e71a6
[2024-09-06T17:45:57.224+0000] {core_li.py:23} INFO - Successfully updated job requisition 66db04abbf0a19d8769e71a8
[2024-09-06T17:45:57.230+0000] {core_li.py:23} INFO - Successfully updated job requisition 66db04abbf0a19d8769e71aa
[2024-09-06T17:45:57.239+0000] {core_li.py:23} INFO - Successfully updated job requisition 66db04abbf0a19d8769e71ac
[2024-09-06T17:45:57.251+0000] {core_li.py:23} INFO - Successfully updated job requisition 66db04abbf0a19d8769e71ae
[2024-09-06T17:45:57.264+0000] {core_li.py:23} INFO - Successfully updated job requisition 66db04abbf0a19d8769e71b0
[2024-09-06T17:45:57.271+0000] {core_li.py:23} INFO - Successfully updated job requisition 66db04abbf0a19d8769e71b2
[2024-09-06T17:45:57.279+0000] {core_li.py:23} INFO - Successfully updated job requisition 66db04abbf0a19d8769e71b4
[2024-09-06T17:45:57.286+0000] {core_li.py:23} INFO - Successfully updated job requisition 66db04abbf0a19d8769e71b6
[2024-09-06T17:45:57.295+0000] {core_li.py:23} INFO - Successfully updated job requisition 66db04abbf0a19d8769e71b8
[2024-09-06T17:45:57.301+0000] {core_li.py:23} INFO - Successfully updated job requisition 66db04abbf0a19d8769e71ba
[2024-09-06T17:45:57.310+0000] {core_li.py:23} INFO - Successfully updated job requisition 66db04abbf0a19d8769e71bc
[2024-09-06T17:45:57.321+0000] {core_li.py:23} INFO - Successfully updated job requisition 66db04abbf0a19d8769e71be
[2024-09-06T17:45:57.327+0000] {core_li.py:23} INFO - Successfully updated job requisition 66db04abbf0a19d8769e71c0
[2024-09-06T17:45:57.339+0000] {core_li.py:23} INFO - Successfully updated job requisition 66db04abbf0a19d8769e71c2
[2024-09-06T17:45:57.348+0000] {core_li.py:23} INFO - Successfully updated job requisition 66db04abbf0a19d8769e71c4
[2024-09-06T17:45:57.358+0000] {core_li.py:23} INFO - Successfully updated job requisition 66db04abbf0a19d8769e71c6
[2024-09-06T17:45:57.369+0000] {core_li.py:23} INFO - Successfully updated job requisition 66db04abbf0a19d8769e71c8
[2024-09-06T17:45:57.381+0000] {core_li.py:23} INFO - Successfully updated job requisition 66db04abbf0a19d8769e71ca
[2024-09-06T17:45:57.390+0000] {core_li.py:23} INFO - Successfully updated job requisition 66db04abbf0a19d8769e71cc
[2024-09-06T17:45:57.398+0000] {core_li.py:23} INFO - Successfully updated job requisition 66db04abbf0a19d8769e71ce
[2024-09-06T17:45:57.413+0000] {core_li.py:23} INFO - Successfully updated job requisition 66db04abbf0a19d8769e71d0
[2024-09-06T17:45:57.421+0000] {core_li.py:23} INFO - Successfully updated job requisition 66db04abbf0a19d8769e71d2
[2024-09-06T17:45:57.426+0000] {core_li.py:23} INFO - Successfully updated job requisition 66db04abbf0a19d8769e71d4
[2024-09-06T17:45:57.435+0000] {core_li.py:23} INFO - Successfully updated job requisition 66db04abbf0a19d8769e71d6
[2024-09-06T17:45:57.444+0000] {core_li.py:23} INFO - Successfully updated job requisition 66db04abbf0a19d8769e71d8
[2024-09-06T17:45:57.456+0000] {core_li.py:23} INFO - Successfully updated job requisition 66db04abbf0a19d8769e71da
[2024-09-06T17:45:57.465+0000] {core_li.py:23} INFO - Successfully updated job requisition 66db04abbf0a19d8769e71dc
[2024-09-06T17:45:57.473+0000] {core_li.py:23} INFO - Successfully updated job requisition 66db04abbf0a19d8769e71de
[2024-09-06T17:45:57.483+0000] {core_li.py:23} INFO - Successfully updated job requisition 66db04abbf0a19d8769e71e0
[2024-09-06T17:45:57.494+0000] {core_li.py:23} INFO - Successfully updated job requisition 66db04abbf0a19d8769e71e2
[2024-09-06T17:45:57.502+0000] {core_li.py:23} INFO - Successfully updated job requisition 66db04abbf0a19d8769e71e4
[2024-09-06T17:45:57.510+0000] {core_li.py:23} INFO - Successfully updated job requisition 66db04abbf0a19d8769e71e6
[2024-09-06T17:45:57.519+0000] {core_li.py:23} INFO - Successfully updated job requisition 66db04abbf0a19d8769e71e8
[2024-09-06T17:45:57.528+0000] {core_li.py:23} INFO - Successfully updated job requisition 66db04abbf0a19d8769e71ea
[2024-09-06T17:45:57.536+0000] {core_li.py:23} INFO - Successfully updated job requisition 66db04abbf0a19d8769e71ec
[2024-09-06T17:45:57.543+0000] {core_li.py:23} INFO - Successfully updated job requisition 66db04abbf0a19d8769e71ee
[2024-09-06T17:45:57.553+0000] {core_li.py:23} INFO - Successfully updated job requisition 66db04abbf0a19d8769e71f0
[2024-09-06T17:45:57.561+0000] {core_li.py:23} INFO - Successfully updated job requisition 66db04abbf0a19d8769e71f2
[2024-09-06T17:45:57.581+0000] {core_li.py:23} INFO - Successfully updated job requisition 66db04abbf0a19d8769e71f4
[2024-09-06T17:45:57.590+0000] {core_li.py:23} INFO - Successfully updated job requisition 66db04abbf0a19d8769e71f6
[2024-09-06T17:45:57.599+0000] {core_li.py:23} INFO - Successfully updated job requisition 66db04abbf0a19d8769e71f8
[2024-09-06T17:45:57.606+0000] {core_li.py:23} INFO - Successfully updated job requisition 66db04abbf0a19d8769e71fa
[2024-09-06T17:45:57.623+0000] {core_li.py:23} INFO - Successfully updated job requisition 66db04abbf0a19d8769e71fc
[2024-09-06T17:45:57.631+0000] {core_li.py:23} INFO - Successfully updated job requisition 66db04abbf0a19d8769e71fe
[2024-09-06T17:45:57.640+0000] {core_li.py:23} INFO - Successfully updated job requisition 66db04abbf0a19d8769e7200
[2024-09-06T17:45:57.647+0000] {core_li.py:23} INFO - Successfully updated job requisition 66db04abbf0a19d8769e7202
[2024-09-06T17:45:57.653+0000] {core_li.py:23} INFO - Successfully updated job requisition 66db04abbf0a19d8769e7204
[2024-09-06T17:45:57.667+0000] {core_li.py:23} INFO - Successfully updated job requisition 66db04abbf0a19d8769e7206
[2024-09-06T17:45:57.675+0000] {core_li.py:23} INFO - Successfully updated job requisition 66db04abbf0a19d8769e7208
[2024-09-06T17:45:57.676+0000] {python.py:240} INFO - Done. Returned value was: 100
[2024-09-06T17:45:57.700+0000] {taskinstance.py:340} INFO - ::group::Post task execution logs
[2024-09-06T17:45:57.701+0000] {taskinstance.py:352} INFO - Marking task as SUCCESS. dag_id=async_flow, task_id=task_backfill_number_of_cancelled_candidates_in_batch, run_id=manual__2024-09-06T17:43:02.727107+00:00, map_index=2, execution_date=20240906T174302, start_date=20240906T174556, end_date=20240906T174557
[2024-09-06T17:45:57.752+0000] {local_task_job_runner.py:266} INFO - Task exited with return code 0
[2024-09-06T17:45:57.763+0000] {local_task_job_runner.py:245} INFO - ::endgroup::
