[2024-09-06T17:47:37.730+0000] {local_task_job_runner.py:123} INFO - ::group::Pre task execution logs
[2024-09-06T17:47:37.758+0000] {taskinstance.py:2612} INFO - Dependencies all met for dep_context=non-requeueable deps ti=<TaskInstance: async_flow.task_backfill_number_of_cancelled_candidates_in_batch manual__2024-09-06T17:47:30.120511+00:00 map_index=47 [queued]>
[2024-09-06T17:47:37.770+0000] {taskinstance.py:2612} INFO - Dependencies all met for dep_context=requeueable deps ti=<TaskInstance: async_flow.task_backfill_number_of_cancelled_candidates_in_batch manual__2024-09-06T17:47:30.120511+00:00 map_index=47 [queued]>
[2024-09-06T17:47:37.771+0000] {taskinstance.py:2865} INFO - Starting attempt 1 of 1
[2024-09-06T17:47:37.791+0000] {taskinstance.py:2888} INFO - Executing <Mapped(_PythonDecoratedOperator): task_backfill_number_of_cancelled_candidates_in_batch> on 2024-09-06 17:47:30.120511+00:00
[2024-09-06T17:47:37.801+0000] {warnings.py:112} WARNING - /home/***/.local/lib/python3.12/site-packages/***/task/task_runner/standard_task_runner.py:70: DeprecationWarning: This process (pid=1251) is multi-threaded, use of fork() may lead to deadlocks in the child.
  pid = os.fork()

[2024-09-06T17:47:37.812+0000] {standard_task_runner.py:72} INFO - Started process 1311 to run task
[2024-09-06T17:47:37.807+0000] {standard_task_runner.py:104} INFO - Running: ['***', 'tasks', 'run', 'async_flow', 'task_backfill_number_of_cancelled_candidates_in_batch', 'manual__2024-09-06T17:47:30.120511+00:00', '--job-id', '367', '--raw', '--subdir', 'DAGS_FOLDER/dags_async_flow.py', '--cfg-path', '/tmp/tmpvc_ag7i8', '--map-index', '47']
[2024-09-06T17:47:37.814+0000] {standard_task_runner.py:105} INFO - Job 367: Subtask task_backfill_number_of_cancelled_candidates_in_batch
[2024-09-06T17:47:37.868+0000] {task_command.py:467} INFO - Running <TaskInstance: async_flow.task_backfill_number_of_cancelled_candidates_in_batch manual__2024-09-06T17:47:30.120511+00:00 map_index=47 [running]> on host 0817eb6c24af
[2024-09-06T17:47:38.023+0000] {taskinstance.py:3131} INFO - Exporting env vars: AIRFLOW_CTX_DAG_OWNER='***' AIRFLOW_CTX_DAG_ID='async_flow' AIRFLOW_CTX_TASK_ID='task_backfill_number_of_cancelled_candidates_in_batch' AIRFLOW_CTX_EXECUTION_DATE='2024-09-06T17:47:30.120511+00:00' AIRFLOW_CTX_TRY_NUMBER='1' AIRFLOW_CTX_DAG_RUN_ID='manual__2024-09-06T17:47:30.120511+00:00'
[2024-09-06T17:47:38.044+0000] {taskinstance.py:731} INFO - ::endgroup::
[2024-09-06T17:47:38.068+0000] {core_li.py:23} INFO - Successfully updated job requisition 66db04abbf0a19d8769e707a
[2024-09-06T17:47:38.080+0000] {core_li.py:23} INFO - Successfully updated job requisition 66db04abbf0a19d8769e707c
[2024-09-06T17:47:38.103+0000] {core_li.py:23} INFO - Successfully updated job requisition 66db04abbf0a19d8769e707e
[2024-09-06T17:47:38.115+0000] {core_li.py:23} INFO - Successfully updated job requisition 66db04abbf0a19d8769e7080
[2024-09-06T17:47:38.127+0000] {core_li.py:23} INFO - Successfully updated job requisition 66db04abbf0a19d8769e7082
[2024-09-06T17:47:38.139+0000] {core_li.py:23} INFO - Successfully updated job requisition 66db04abbf0a19d8769e7084
[2024-09-06T17:47:38.152+0000] {core_li.py:23} INFO - Successfully updated job requisition 66db04abbf0a19d8769e7086
[2024-09-06T17:47:38.167+0000] {core_li.py:23} INFO - Successfully updated job requisition 66db04abbf0a19d8769e7088
[2024-09-06T17:47:38.176+0000] {core_li.py:23} INFO - Successfully updated job requisition 66db04abbf0a19d8769e708a
[2024-09-06T17:47:38.185+0000] {core_li.py:23} INFO - Successfully updated job requisition 66db04abbf0a19d8769e708c
[2024-09-06T17:47:38.198+0000] {core_li.py:23} INFO - Successfully updated job requisition 66db04abbf0a19d8769e708e
[2024-09-06T17:47:38.205+0000] {core_li.py:23} INFO - Successfully updated job requisition 66db04abbf0a19d8769e7090
[2024-09-06T17:47:38.215+0000] {core_li.py:23} INFO - Successfully updated job requisition 66db04abbf0a19d8769e7092
[2024-09-06T17:47:38.225+0000] {core_li.py:23} INFO - Successfully updated job requisition 66db04abbf0a19d8769e7094
[2024-09-06T17:47:38.232+0000] {core_li.py:23} INFO - Successfully updated job requisition 66db04abbf0a19d8769e7096
[2024-09-06T17:47:38.242+0000] {core_li.py:23} INFO - Successfully updated job requisition 66db04abbf0a19d8769e7098
[2024-09-06T17:47:38.256+0000] {core_li.py:23} INFO - Successfully updated job requisition 66db04abbf0a19d8769e709a
[2024-09-06T17:47:38.262+0000] {core_li.py:23} INFO - Successfully updated job requisition 66db04abbf0a19d8769e709c
[2024-09-06T17:47:38.272+0000] {core_li.py:23} INFO - Successfully updated job requisition 66db04abbf0a19d8769e709e
[2024-09-06T17:47:38.281+0000] {core_li.py:23} INFO - Successfully updated job requisition 66db04abbf0a19d8769e70a0
[2024-09-06T17:47:38.287+0000] {core_li.py:23} INFO - Successfully updated job requisition 66db04abbf0a19d8769e70a2
[2024-09-06T17:47:38.298+0000] {core_li.py:23} INFO - Successfully updated job requisition 66db04abbf0a19d8769e70a4
[2024-09-06T17:47:38.308+0000] {core_li.py:23} INFO - Successfully updated job requisition 66db04abbf0a19d8769e70a6
[2024-09-06T17:47:38.320+0000] {core_li.py:23} INFO - Successfully updated job requisition 66db04abbf0a19d8769e70a8
[2024-09-06T17:47:38.331+0000] {core_li.py:23} INFO - Successfully updated job requisition 66db04abbf0a19d8769e70aa
[2024-09-06T17:47:38.338+0000] {core_li.py:23} INFO - Successfully updated job requisition 66db04abbf0a19d8769e70ac
[2024-09-06T17:47:38.346+0000] {core_li.py:23} INFO - Successfully updated job requisition 66db04abbf0a19d8769e70ae
[2024-09-06T17:47:38.354+0000] {core_li.py:23} INFO - Successfully updated job requisition 66db04abbf0a19d8769e70b0
[2024-09-06T17:47:38.365+0000] {core_li.py:23} INFO - Successfully updated job requisition 66db04abbf0a19d8769e70b2
[2024-09-06T17:47:38.387+0000] {core_li.py:23} INFO - Successfully updated job requisition 66db04abbf0a19d8769e70b4
[2024-09-06T17:47:38.393+0000] {core_li.py:23} INFO - Successfully updated job requisition 66db04abbf0a19d8769e70b6
[2024-09-06T17:47:38.402+0000] {core_li.py:23} INFO - Successfully updated job requisition 66db04abbf0a19d8769e70b8
[2024-09-06T17:47:38.413+0000] {core_li.py:23} INFO - Successfully updated job requisition 66db04abbf0a19d8769e70ba
[2024-09-06T17:47:38.421+0000] {core_li.py:23} INFO - Successfully updated job requisition 66db04abbf0a19d8769e70bc
[2024-09-06T17:47:38.429+0000] {core_li.py:23} INFO - Successfully updated job requisition 66db04abbf0a19d8769e70be
[2024-09-06T17:47:38.435+0000] {core_li.py:23} INFO - Successfully updated job requisition 66db04abbf0a19d8769e70c0
[2024-09-06T17:47:38.443+0000] {core_li.py:23} INFO - Successfully updated job requisition 66db04abbf0a19d8769e70c2
[2024-09-06T17:47:38.452+0000] {core_li.py:23} INFO - Successfully updated job requisition 66db04abbf0a19d8769e70c4
[2024-09-06T17:47:38.462+0000] {core_li.py:23} INFO - Successfully updated job requisition 66db04abbf0a19d8769e70c6
[2024-09-06T17:47:38.470+0000] {core_li.py:23} INFO - Successfully updated job requisition 66db04abbf0a19d8769e70c8
[2024-09-06T17:47:38.476+0000] {core_li.py:23} INFO - Successfully updated job requisition 66db04abbf0a19d8769e70ca
[2024-09-06T17:47:38.487+0000] {core_li.py:23} INFO - Successfully updated job requisition 66db04abbf0a19d8769e70cc
[2024-09-06T17:47:38.498+0000] {core_li.py:23} INFO - Successfully updated job requisition 66db04abbf0a19d8769e70ce
[2024-09-06T17:47:38.542+0000] {core_li.py:23} INFO - Successfully updated job requisition 66db04abbf0a19d8769e70d0
[2024-09-06T17:47:38.556+0000] {core_li.py:23} INFO - Successfully updated job requisition 66db04abbf0a19d8769e70d2
[2024-09-06T17:47:38.562+0000] {core_li.py:23} INFO - Successfully updated job requisition 66db04abbf0a19d8769e70d4
[2024-09-06T17:47:38.569+0000] {core_li.py:23} INFO - Successfully updated job requisition 66db04abbf0a19d8769e70d6
[2024-09-06T17:47:38.578+0000] {core_li.py:23} INFO - Successfully updated job requisition 66db04abbf0a19d8769e70d8
[2024-09-06T17:47:38.584+0000] {core_li.py:23} INFO - Successfully updated job requisition 66db04abbf0a19d8769e70da
[2024-09-06T17:47:38.592+0000] {core_li.py:23} INFO - Successfully updated job requisition 66db04abbf0a19d8769e70dc
[2024-09-06T17:47:38.602+0000] {core_li.py:23} INFO - Successfully updated job requisition 66db04abbf0a19d8769e70de
[2024-09-06T17:47:38.611+0000] {core_li.py:23} INFO - Successfully updated job requisition 66db04abbf0a19d8769e70e0
[2024-09-06T17:47:38.620+0000] {core_li.py:23} INFO - Successfully updated job requisition 66db04abbf0a19d8769e70e2
[2024-09-06T17:47:38.626+0000] {core_li.py:23} INFO - Successfully updated job requisition 66db04abbf0a19d8769e70e4
[2024-09-06T17:47:38.634+0000] {core_li.py:23} INFO - Successfully updated job requisition 66db04abbf0a19d8769e70e6
[2024-09-06T17:47:38.642+0000] {core_li.py:23} INFO - Successfully updated job requisition 66db04abbf0a19d8769e70e8
[2024-09-06T17:47:38.649+0000] {core_li.py:23} INFO - Successfully updated job requisition 66db04abbf0a19d8769e70ea
[2024-09-06T17:47:38.657+0000] {core_li.py:23} INFO - Successfully updated job requisition 66db04abbf0a19d8769e70ec
[2024-09-06T17:47:38.667+0000] {core_li.py:23} INFO - Successfully updated job requisition 66db04abbf0a19d8769e70ee
[2024-09-06T17:47:38.676+0000] {core_li.py:23} INFO - Successfully updated job requisition 66db04abbf0a19d8769e70f0
[2024-09-06T17:47:38.684+0000] {core_li.py:23} INFO - Successfully updated job requisition 66db04abbf0a19d8769e70f2
[2024-09-06T17:47:38.694+0000] {core_li.py:23} INFO - Successfully updated job requisition 66db04abbf0a19d8769e70f4
[2024-09-06T17:47:38.703+0000] {core_li.py:23} INFO - Successfully updated job requisition 66db04abbf0a19d8769e70f6
[2024-09-06T17:47:38.720+0000] {core_li.py:23} INFO - Successfully updated job requisition 66db04abbf0a19d8769e70f8
[2024-09-06T17:47:38.730+0000] {core_li.py:23} INFO - Successfully updated job requisition 66db04abbf0a19d8769e70fa
[2024-09-06T17:47:38.738+0000] {core_li.py:23} INFO - Successfully updated job requisition 66db04abbf0a19d8769e70fc
[2024-09-06T17:47:38.744+0000] {core_li.py:23} INFO - Successfully updated job requisition 66db04abbf0a19d8769e70fe
[2024-09-06T17:47:38.752+0000] {core_li.py:23} INFO - Successfully updated job requisition 66db04abbf0a19d8769e7100
[2024-09-06T17:47:38.760+0000] {core_li.py:23} INFO - Successfully updated job requisition 66db04abbf0a19d8769e7102
[2024-09-06T17:47:38.766+0000] {core_li.py:23} INFO - Successfully updated job requisition 66db04abbf0a19d8769e7104
[2024-09-06T17:47:38.777+0000] {core_li.py:23} INFO - Successfully updated job requisition 66db04abbf0a19d8769e7106
[2024-09-06T17:47:38.797+0000] {core_li.py:23} INFO - Successfully updated job requisition 66db04abbf0a19d8769e7108
[2024-09-06T17:47:38.810+0000] {core_li.py:23} INFO - Successfully updated job requisition 66db04abbf0a19d8769e710a
[2024-09-06T17:47:38.818+0000] {core_li.py:23} INFO - Successfully updated job requisition 66db04abbf0a19d8769e710c
[2024-09-06T17:47:38.823+0000] {core_li.py:23} INFO - Successfully updated job requisition 66db04abbf0a19d8769e710e
[2024-09-06T17:47:38.829+0000] {core_li.py:23} INFO - Successfully updated job requisition 66db04abbf0a19d8769e7110
[2024-09-06T17:47:38.839+0000] {core_li.py:23} INFO - Successfully updated job requisition 66db04abbf0a19d8769e7112
[2024-09-06T17:47:38.851+0000] {core_li.py:23} INFO - Successfully updated job requisition 66db04abbf0a19d8769e7114
[2024-09-06T17:47:38.860+0000] {core_li.py:23} INFO - Successfully updated job requisition 66db04abbf0a19d8769e7116
[2024-09-06T17:47:38.869+0000] {core_li.py:23} INFO - Successfully updated job requisition 66db04abbf0a19d8769e7118
[2024-09-06T17:47:38.877+0000] {core_li.py:23} INFO - Successfully updated job requisition 66db04abbf0a19d8769e711a
[2024-09-06T17:47:38.885+0000] {core_li.py:23} INFO - Successfully updated job requisition 66db04abbf0a19d8769e711c
[2024-09-06T17:47:38.894+0000] {core_li.py:23} INFO - Successfully updated job requisition 66db04abbf0a19d8769e711e
[2024-09-06T17:47:38.906+0000] {core_li.py:23} INFO - Successfully updated job requisition 66db04abbf0a19d8769e7120
[2024-09-06T17:47:38.913+0000] {core_li.py:23} INFO - Successfully updated job requisition 66db04abbf0a19d8769e7122
[2024-09-06T17:47:38.920+0000] {core_li.py:23} INFO - Successfully updated job requisition 66db04abbf0a19d8769e7124
[2024-09-06T17:47:38.927+0000] {core_li.py:23} INFO - Successfully updated job requisition 66db04abbf0a19d8769e7126
[2024-09-06T17:47:38.935+0000] {core_li.py:23} INFO - Successfully updated job requisition 66db04abbf0a19d8769e7128
[2024-09-06T17:47:38.942+0000] {core_li.py:23} INFO - Successfully updated job requisition 66db04abbf0a19d8769e712a
[2024-09-06T17:47:38.950+0000] {core_li.py:23} INFO - Successfully updated job requisition 66db04abbf0a19d8769e712c
[2024-09-06T17:47:38.957+0000] {core_li.py:23} INFO - Successfully updated job requisition 66db04abbf0a19d8769e712e
[2024-09-06T17:47:38.964+0000] {core_li.py:23} INFO - Successfully updated job requisition 66db04abbf0a19d8769e7130
[2024-09-06T17:47:38.971+0000] {core_li.py:23} INFO - Successfully updated job requisition 66db04abbf0a19d8769e7132
[2024-09-06T17:47:38.979+0000] {core_li.py:23} INFO - Successfully updated job requisition 66db04abbf0a19d8769e7134
[2024-09-06T17:47:38.986+0000] {core_li.py:23} INFO - Successfully updated job requisition 66db04abbf0a19d8769e7136
[2024-09-06T17:47:38.994+0000] {core_li.py:23} INFO - Successfully updated job requisition 66db04abbf0a19d8769e7138
[2024-09-06T17:47:39.002+0000] {core_li.py:23} INFO - Successfully updated job requisition 66db04abbf0a19d8769e713a
[2024-09-06T17:47:39.009+0000] {core_li.py:23} INFO - Successfully updated job requisition 66db04abbf0a19d8769e713c
[2024-09-06T17:47:39.016+0000] {core_li.py:23} INFO - Successfully updated job requisition 66db04abbf0a19d8769e713e
[2024-09-06T17:47:39.023+0000] {core_li.py:23} INFO - Successfully updated job requisition 66db04abbf0a19d8769e7140
[2024-09-06T17:47:39.024+0000] {python.py:240} INFO - Done. Returned value was: 100
[2024-09-06T17:47:39.044+0000] {taskinstance.py:340} INFO - ::group::Post task execution logs
[2024-09-06T17:47:39.044+0000] {taskinstance.py:352} INFO - Marking task as SUCCESS. dag_id=async_flow, task_id=task_backfill_number_of_cancelled_candidates_in_batch, run_id=manual__2024-09-06T17:47:30.120511+00:00, map_index=47, execution_date=20240906T174730, start_date=20240906T174737, end_date=20240906T174739
[2024-09-06T17:47:39.073+0000] {local_task_job_runner.py:266} INFO - Task exited with return code 0
[2024-09-06T17:47:39.085+0000] {local_task_job_runner.py:245} INFO - ::endgroup::
