[2024-09-06T17:43:07.202+0000] {local_task_job_runner.py:123} INFO - ::group::Pre task execution logs
[2024-09-06T17:43:07.295+0000] {taskinstance.py:2612} INFO - Dependencies all met for dep_context=non-requeueable deps ti=<TaskInstance: async_flow.task_backfill_number_of_cancelled_candidates_in_batch manual__2024-09-06T17:43:02.727107+00:00 map_index=16 [queued]>
[2024-09-06T17:43:07.319+0000] {taskinstance.py:2612} INFO - Dependencies all met for dep_context=requeueable deps ti=<TaskInstance: async_flow.task_backfill_number_of_cancelled_candidates_in_batch manual__2024-09-06T17:43:02.727107+00:00 map_index=16 [queued]>
[2024-09-06T17:43:07.324+0000] {taskinstance.py:2865} INFO - Starting attempt 1 of 1
[2024-09-06T17:43:07.355+0000] {taskinstance.py:2888} INFO - Executing <Mapped(_PythonDecoratedOperator): task_backfill_number_of_cancelled_candidates_in_batch> on 2024-09-06 17:43:02.727107+00:00
[2024-09-06T17:43:07.370+0000] {warnings.py:112} WARNING - /home/***/.local/lib/python3.12/site-packages/***/task/task_runner/standard_task_runner.py:70: DeprecationWarning: This process (pid=175) is multi-threaded, use of fork() may lead to deadlocks in the child.
  pid = os.fork()

[2024-09-06T17:43:07.373+0000] {standard_task_runner.py:72} INFO - Started process 242 to run task
[2024-09-06T17:43:07.373+0000] {standard_task_runner.py:104} INFO - Running: ['***', 'tasks', 'run', 'async_flow', 'task_backfill_number_of_cancelled_candidates_in_batch', 'manual__2024-09-06T17:43:02.727107+00:00', '--job-id', '197', '--raw', '--subdir', 'DAGS_FOLDER/dags_async_flow.py', '--cfg-path', '/tmp/tmpj9vbckvm', '--map-index', '16']
[2024-09-06T17:43:07.377+0000] {standard_task_runner.py:105} INFO - Job 197: Subtask task_backfill_number_of_cancelled_candidates_in_batch
[2024-09-06T17:43:07.416+0000] {task_command.py:467} INFO - Running <TaskInstance: async_flow.task_backfill_number_of_cancelled_candidates_in_batch manual__2024-09-06T17:43:02.727107+00:00 map_index=16 [running]> on host 0817eb6c24af
[2024-09-06T17:43:07.552+0000] {taskinstance.py:3131} INFO - Exporting env vars: AIRFLOW_CTX_DAG_OWNER='***' AIRFLOW_CTX_DAG_ID='async_flow' AIRFLOW_CTX_TASK_ID='task_backfill_number_of_cancelled_candidates_in_batch' AIRFLOW_CTX_EXECUTION_DATE='2024-09-06T17:43:02.727107+00:00' AIRFLOW_CTX_TRY_NUMBER='1' AIRFLOW_CTX_DAG_RUN_ID='manual__2024-09-06T17:43:02.727107+00:00'
[2024-09-06T17:43:07.554+0000] {taskinstance.py:731} INFO - ::endgroup::
[2024-09-06T17:43:07.569+0000] {core_li.py:23} INFO - Successfully updated job requisition 66db04abbf0a19d8769e67e2
[2024-09-06T17:43:07.581+0000] {core_li.py:23} INFO - Successfully updated job requisition 66db04abbf0a19d8769e67e4
[2024-09-06T17:43:07.590+0000] {core_li.py:23} INFO - Successfully updated job requisition 66db04abbf0a19d8769e67e6
[2024-09-06T17:43:07.604+0000] {core_li.py:23} INFO - Successfully updated job requisition 66db04abbf0a19d8769e67e8
[2024-09-06T17:43:07.616+0000] {core_li.py:23} INFO - Successfully updated job requisition 66db04abbf0a19d8769e67ea
[2024-09-06T17:43:07.626+0000] {core_li.py:23} INFO - Successfully updated job requisition 66db04abbf0a19d8769e67ec
[2024-09-06T17:43:07.638+0000] {core_li.py:23} INFO - Successfully updated job requisition 66db04abbf0a19d8769e67ee
[2024-09-06T17:43:07.661+0000] {core_li.py:23} INFO - Successfully updated job requisition 66db04abbf0a19d8769e67f0
[2024-09-06T17:43:07.678+0000] {core_li.py:23} INFO - Successfully updated job requisition 66db04abbf0a19d8769e67f2
[2024-09-06T17:43:07.685+0000] {core_li.py:23} INFO - Successfully updated job requisition 66db04abbf0a19d8769e67f4
[2024-09-06T17:43:07.692+0000] {core_li.py:23} INFO - Successfully updated job requisition 66db04abbf0a19d8769e67f6
[2024-09-06T17:43:07.701+0000] {core_li.py:23} INFO - Successfully updated job requisition 66db04abbf0a19d8769e67f8
[2024-09-06T17:43:07.708+0000] {core_li.py:23} INFO - Successfully updated job requisition 66db04abbf0a19d8769e67fa
[2024-09-06T17:43:07.720+0000] {core_li.py:23} INFO - Successfully updated job requisition 66db04abbf0a19d8769e67fc
[2024-09-06T17:43:07.733+0000] {core_li.py:23} INFO - Successfully updated job requisition 66db04abbf0a19d8769e67fe
[2024-09-06T17:43:07.742+0000] {core_li.py:23} INFO - Successfully updated job requisition 66db04abbf0a19d8769e6800
[2024-09-06T17:43:07.753+0000] {core_li.py:23} INFO - Successfully updated job requisition 66db04abbf0a19d8769e6802
[2024-09-06T17:43:07.762+0000] {core_li.py:23} INFO - Successfully updated job requisition 66db04abbf0a19d8769e6804
[2024-09-06T17:43:07.771+0000] {core_li.py:23} INFO - Successfully updated job requisition 66db04abbf0a19d8769e6806
[2024-09-06T17:43:07.779+0000] {core_li.py:23} INFO - Successfully updated job requisition 66db04abbf0a19d8769e6808
[2024-09-06T17:43:07.793+0000] {core_li.py:23} INFO - Successfully updated job requisition 66db04abbf0a19d8769e680a
[2024-09-06T17:43:07.801+0000] {core_li.py:23} INFO - Successfully updated job requisition 66db04abbf0a19d8769e680c
[2024-09-06T17:43:07.811+0000] {core_li.py:23} INFO - Successfully updated job requisition 66db04abbf0a19d8769e680e
[2024-09-06T17:43:07.819+0000] {core_li.py:23} INFO - Successfully updated job requisition 66db04abbf0a19d8769e6810
[2024-09-06T17:43:07.834+0000] {core_li.py:23} INFO - Successfully updated job requisition 66db04abbf0a19d8769e6812
[2024-09-06T17:43:07.840+0000] {core_li.py:23} INFO - Successfully updated job requisition 66db04abbf0a19d8769e6814
[2024-09-06T17:43:07.849+0000] {core_li.py:23} INFO - Successfully updated job requisition 66db04abbf0a19d8769e6816
[2024-09-06T17:43:07.856+0000] {core_li.py:23} INFO - Successfully updated job requisition 66db04abbf0a19d8769e6818
[2024-09-06T17:43:07.868+0000] {core_li.py:23} INFO - Successfully updated job requisition 66db04abbf0a19d8769e681a
[2024-09-06T17:43:07.876+0000] {core_li.py:23} INFO - Successfully updated job requisition 66db04abbf0a19d8769e681c
[2024-09-06T17:43:07.882+0000] {core_li.py:23} INFO - Successfully updated job requisition 66db04abbf0a19d8769e681e
[2024-09-06T17:43:07.890+0000] {core_li.py:23} INFO - Successfully updated job requisition 66db04abbf0a19d8769e6820
[2024-09-06T17:43:07.900+0000] {core_li.py:23} INFO - Successfully updated job requisition 66db04abbf0a19d8769e6822
[2024-09-06T17:43:07.911+0000] {core_li.py:23} INFO - Successfully updated job requisition 66db04abbf0a19d8769e6824
[2024-09-06T17:43:07.918+0000] {core_li.py:23} INFO - Successfully updated job requisition 66db04abbf0a19d8769e6826
[2024-09-06T17:43:07.928+0000] {core_li.py:23} INFO - Successfully updated job requisition 66db04abbf0a19d8769e6828
[2024-09-06T17:43:07.934+0000] {core_li.py:23} INFO - Successfully updated job requisition 66db04abbf0a19d8769e682a
[2024-09-06T17:43:07.941+0000] {core_li.py:23} INFO - Successfully updated job requisition 66db04abbf0a19d8769e682c
[2024-09-06T17:43:07.950+0000] {core_li.py:23} INFO - Successfully updated job requisition 66db04abbf0a19d8769e682e
[2024-09-06T17:43:07.957+0000] {core_li.py:23} INFO - Successfully updated job requisition 66db04abbf0a19d8769e6830
[2024-09-06T17:43:07.964+0000] {core_li.py:23} INFO - Successfully updated job requisition 66db04abbf0a19d8769e6832
[2024-09-06T17:43:07.979+0000] {core_li.py:23} INFO - Successfully updated job requisition 66db04abbf0a19d8769e6834
[2024-09-06T17:43:07.987+0000] {core_li.py:23} INFO - Successfully updated job requisition 66db04abbf0a19d8769e6836
[2024-09-06T17:43:07.994+0000] {core_li.py:23} INFO - Successfully updated job requisition 66db04abbf0a19d8769e6838
[2024-09-06T17:43:08.002+0000] {core_li.py:23} INFO - Successfully updated job requisition 66db04abbf0a19d8769e683a
[2024-09-06T17:43:08.009+0000] {core_li.py:23} INFO - Successfully updated job requisition 66db04abbf0a19d8769e683c
[2024-09-06T17:43:08.019+0000] {core_li.py:23} INFO - Successfully updated job requisition 66db04abbf0a19d8769e683e
[2024-09-06T17:43:08.027+0000] {core_li.py:23} INFO - Successfully updated job requisition 66db04abbf0a19d8769e6840
[2024-09-06T17:43:08.039+0000] {core_li.py:23} INFO - Successfully updated job requisition 66db04abbf0a19d8769e6842
[2024-09-06T17:43:08.046+0000] {core_li.py:23} INFO - Successfully updated job requisition 66db04abbf0a19d8769e6844
[2024-09-06T17:43:08.057+0000] {core_li.py:23} INFO - Successfully updated job requisition 66db04abbf0a19d8769e6846
[2024-09-06T17:43:08.064+0000] {core_li.py:23} INFO - Successfully updated job requisition 66db04abbf0a19d8769e6848
[2024-09-06T17:43:08.073+0000] {core_li.py:23} INFO - Successfully updated job requisition 66db04abbf0a19d8769e684a
[2024-09-06T17:43:08.081+0000] {core_li.py:23} INFO - Successfully updated job requisition 66db04abbf0a19d8769e684c
[2024-09-06T17:43:08.090+0000] {core_li.py:23} INFO - Successfully updated job requisition 66db04abbf0a19d8769e684e
[2024-09-06T17:43:08.100+0000] {core_li.py:23} INFO - Successfully updated job requisition 66db04abbf0a19d8769e6850
[2024-09-06T17:43:08.107+0000] {core_li.py:23} INFO - Successfully updated job requisition 66db04abbf0a19d8769e6852
[2024-09-06T17:43:08.116+0000] {core_li.py:23} INFO - Successfully updated job requisition 66db04abbf0a19d8769e6854
[2024-09-06T17:43:08.124+0000] {core_li.py:23} INFO - Successfully updated job requisition 66db04abbf0a19d8769e6856
[2024-09-06T17:43:08.131+0000] {core_li.py:23} INFO - Successfully updated job requisition 66db04abbf0a19d8769e6858
[2024-09-06T17:43:08.147+0000] {core_li.py:23} INFO - Successfully updated job requisition 66db04abbf0a19d8769e685a
[2024-09-06T17:43:08.153+0000] {core_li.py:23} INFO - Successfully updated job requisition 66db04abbf0a19d8769e685c
[2024-09-06T17:43:08.162+0000] {core_li.py:23} INFO - Successfully updated job requisition 66db04abbf0a19d8769e685e
[2024-09-06T17:43:08.169+0000] {core_li.py:23} INFO - Successfully updated job requisition 66db04abbf0a19d8769e6860
[2024-09-06T17:43:08.178+0000] {core_li.py:23} INFO - Successfully updated job requisition 66db04abbf0a19d8769e6862
[2024-09-06T17:43:08.185+0000] {core_li.py:23} INFO - Successfully updated job requisition 66db04abbf0a19d8769e6864
[2024-09-06T17:43:08.195+0000] {core_li.py:23} INFO - Successfully updated job requisition 66db04abbf0a19d8769e6866
[2024-09-06T17:43:08.207+0000] {core_li.py:23} INFO - Successfully updated job requisition 66db04abbf0a19d8769e6868
[2024-09-06T17:43:08.217+0000] {core_li.py:23} INFO - Successfully updated job requisition 66db04abbf0a19d8769e686a
[2024-09-06T17:43:08.224+0000] {core_li.py:23} INFO - Successfully updated job requisition 66db04abbf0a19d8769e686c
[2024-09-06T17:43:08.236+0000] {core_li.py:23} INFO - Successfully updated job requisition 66db04abbf0a19d8769e686e
[2024-09-06T17:43:08.246+0000] {core_li.py:23} INFO - Successfully updated job requisition 66db04abbf0a19d8769e6870
[2024-09-06T17:43:08.255+0000] {core_li.py:23} INFO - Successfully updated job requisition 66db04abbf0a19d8769e6872
[2024-09-06T17:43:08.265+0000] {core_li.py:23} INFO - Successfully updated job requisition 66db04abbf0a19d8769e6874
[2024-09-06T17:43:08.272+0000] {core_li.py:23} INFO - Successfully updated job requisition 66db04abbf0a19d8769e6876
[2024-09-06T17:43:08.279+0000] {core_li.py:23} INFO - Successfully updated job requisition 66db04abbf0a19d8769e6878
[2024-09-06T17:43:08.288+0000] {core_li.py:23} INFO - Successfully updated job requisition 66db04abbf0a19d8769e687a
[2024-09-06T17:43:08.295+0000] {core_li.py:23} INFO - Successfully updated job requisition 66db04abbf0a19d8769e687c
[2024-09-06T17:43:08.307+0000] {core_li.py:23} INFO - Successfully updated job requisition 66db04abbf0a19d8769e687e
[2024-09-06T17:43:08.316+0000] {core_li.py:23} INFO - Successfully updated job requisition 66db04abbf0a19d8769e6880
[2024-09-06T17:43:08.325+0000] {core_li.py:23} INFO - Successfully updated job requisition 66db04abbf0a19d8769e6882
[2024-09-06T17:43:08.338+0000] {core_li.py:23} INFO - Successfully updated job requisition 66db04abbf0a19d8769e6884
[2024-09-06T17:43:08.346+0000] {core_li.py:23} INFO - Successfully updated job requisition 66db04abbf0a19d8769e6886
[2024-09-06T17:43:08.354+0000] {core_li.py:23} INFO - Successfully updated job requisition 66db04abbf0a19d8769e6888
[2024-09-06T17:43:08.369+0000] {core_li.py:23} INFO - Successfully updated job requisition 66db04abbf0a19d8769e688a
[2024-09-06T17:43:08.378+0000] {core_li.py:23} INFO - Successfully updated job requisition 66db04abbf0a19d8769e688c
[2024-09-06T17:43:08.388+0000] {core_li.py:23} INFO - Successfully updated job requisition 66db04abbf0a19d8769e688e
[2024-09-06T17:43:08.395+0000] {core_li.py:23} INFO - Successfully updated job requisition 66db04abbf0a19d8769e6890
[2024-09-06T17:43:08.407+0000] {core_li.py:23} INFO - Successfully updated job requisition 66db04abbf0a19d8769e6892
[2024-09-06T17:43:08.432+0000] {core_li.py:23} INFO - Successfully updated job requisition 66db04abbf0a19d8769e6894
[2024-09-06T17:43:08.447+0000] {core_li.py:23} INFO - Successfully updated job requisition 66db04abbf0a19d8769e6896
[2024-09-06T17:43:08.457+0000] {core_li.py:23} INFO - Successfully updated job requisition 66db04abbf0a19d8769e6898
[2024-09-06T17:43:08.498+0000] {core_li.py:23} INFO - Successfully updated job requisition 66db04abbf0a19d8769e689a
[2024-09-06T17:43:08.511+0000] {core_li.py:23} INFO - Successfully updated job requisition 66db04abbf0a19d8769e689c
[2024-09-06T17:43:08.522+0000] {core_li.py:23} INFO - Successfully updated job requisition 66db04abbf0a19d8769e689e
[2024-09-06T17:43:08.543+0000] {core_li.py:23} INFO - Successfully updated job requisition 66db04abbf0a19d8769e68a0
[2024-09-06T17:43:08.560+0000] {core_li.py:23} INFO - Successfully updated job requisition 66db04abbf0a19d8769e68a2
[2024-09-06T17:43:08.568+0000] {core_li.py:23} INFO - Successfully updated job requisition 66db04abbf0a19d8769e68a4
[2024-09-06T17:43:08.579+0000] {core_li.py:23} INFO - Successfully updated job requisition 66db04abbf0a19d8769e68a6
[2024-09-06T17:43:08.587+0000] {core_li.py:23} INFO - Successfully updated job requisition 66db04abbf0a19d8769e68a8
[2024-09-06T17:43:08.588+0000] {python.py:240} INFO - Done. Returned value was: 100
[2024-09-06T17:43:08.612+0000] {taskinstance.py:340} INFO - ::group::Post task execution logs
[2024-09-06T17:43:08.613+0000] {taskinstance.py:352} INFO - Marking task as SUCCESS. dag_id=async_flow, task_id=task_backfill_number_of_cancelled_candidates_in_batch, run_id=manual__2024-09-06T17:43:02.727107+00:00, map_index=16, execution_date=20240906T174302, start_date=20240906T174307, end_date=20240906T174308
[2024-09-06T17:43:08.637+0000] {local_task_job_runner.py:266} INFO - Task exited with return code 0
[2024-09-06T17:43:08.662+0000] {taskinstance.py:3900} INFO - 0 downstream tasks scheduled from follow-on schedule check
[2024-09-06T17:43:08.664+0000] {local_task_job_runner.py:245} INFO - ::endgroup::
