[2024-09-06T17:43:04.399+0000] {local_task_job_runner.py:123} INFO - ::group::Pre task execution logs
[2024-09-06T17:43:04.426+0000] {taskinstance.py:2612} INFO - Dependencies all met for dep_context=non-requeueable deps ti=<TaskInstance: async_flow.task_backfill_number_of_cancelled_candidates_in_batch manual__2024-09-06T17:43:02.727107+00:00 map_index=9 [queued]>
[2024-09-06T17:43:04.445+0000] {taskinstance.py:2612} INFO - Dependencies all met for dep_context=requeueable deps ti=<TaskInstance: async_flow.task_backfill_number_of_cancelled_candidates_in_batch manual__2024-09-06T17:43:02.727107+00:00 map_index=9 [queued]>
[2024-09-06T17:43:04.446+0000] {taskinstance.py:2865} INFO - Starting attempt 1 of 1
[2024-09-06T17:43:04.463+0000] {taskinstance.py:2888} INFO - Executing <Mapped(_PythonDecoratedOperator): task_backfill_number_of_cancelled_candidates_in_batch> on 2024-09-06 17:43:02.727107+00:00
[2024-09-06T17:43:04.477+0000] {warnings.py:112} WARNING - /home/***/.local/lib/python3.12/site-packages/***/task/task_runner/standard_task_runner.py:70: DeprecationWarning: This process (pid=92) is multi-threaded, use of fork() may lead to deadlocks in the child.
  pid = os.fork()

[2024-09-06T17:43:04.485+0000] {standard_task_runner.py:72} INFO - Started process 147 to run task
[2024-09-06T17:43:04.483+0000] {standard_task_runner.py:104} INFO - Running: ['***', 'tasks', 'run', 'async_flow', 'task_backfill_number_of_cancelled_candidates_in_batch', 'manual__2024-09-06T17:43:02.727107+00:00', '--job-id', '178', '--raw', '--subdir', 'DAGS_FOLDER/dags_async_flow.py', '--cfg-path', '/tmp/tmpbuc9nutc', '--map-index', '9']
[2024-09-06T17:43:04.488+0000] {standard_task_runner.py:105} INFO - Job 178: Subtask task_backfill_number_of_cancelled_candidates_in_batch
[2024-09-06T17:43:04.671+0000] {task_command.py:467} INFO - Running <TaskInstance: async_flow.task_backfill_number_of_cancelled_candidates_in_batch manual__2024-09-06T17:43:02.727107+00:00 map_index=9 [running]> on host 0817eb6c24af
[2024-09-06T17:43:04.941+0000] {taskinstance.py:3131} INFO - Exporting env vars: AIRFLOW_CTX_DAG_OWNER='***' AIRFLOW_CTX_DAG_ID='async_flow' AIRFLOW_CTX_TASK_ID='task_backfill_number_of_cancelled_candidates_in_batch' AIRFLOW_CTX_EXECUTION_DATE='2024-09-06T17:43:02.727107+00:00' AIRFLOW_CTX_TRY_NUMBER='1' AIRFLOW_CTX_DAG_RUN_ID='manual__2024-09-06T17:43:02.727107+00:00'
[2024-09-06T17:43:04.950+0000] {taskinstance.py:731} INFO - ::endgroup::
[2024-09-06T17:43:04.988+0000] {core_li.py:23} INFO - Successfully updated job requisition 66db04abbf0a19d8769e626a
[2024-09-06T17:43:05.005+0000] {core_li.py:23} INFO - Successfully updated job requisition 66db04abbf0a19d8769e626c
[2024-09-06T17:43:05.023+0000] {core_li.py:23} INFO - Successfully updated job requisition 66db04abbf0a19d8769e626e
[2024-09-06T17:43:05.037+0000] {core_li.py:23} INFO - Successfully updated job requisition 66db04abbf0a19d8769e6270
[2024-09-06T17:43:05.046+0000] {core_li.py:23} INFO - Successfully updated job requisition 66db04abbf0a19d8769e6272
[2024-09-06T17:43:05.061+0000] {core_li.py:23} INFO - Successfully updated job requisition 66db04abbf0a19d8769e6274
[2024-09-06T17:43:05.072+0000] {core_li.py:23} INFO - Successfully updated job requisition 66db04abbf0a19d8769e6276
[2024-09-06T17:43:05.088+0000] {core_li.py:23} INFO - Successfully updated job requisition 66db04abbf0a19d8769e6278
[2024-09-06T17:43:05.099+0000] {core_li.py:23} INFO - Successfully updated job requisition 66db04abbf0a19d8769e627a
[2024-09-06T17:43:05.111+0000] {core_li.py:23} INFO - Successfully updated job requisition 66db04abbf0a19d8769e627c
[2024-09-06T17:43:05.125+0000] {core_li.py:23} INFO - Successfully updated job requisition 66db04abbf0a19d8769e627e
[2024-09-06T17:43:05.140+0000] {core_li.py:23} INFO - Successfully updated job requisition 66db04abbf0a19d8769e6280
[2024-09-06T17:43:05.150+0000] {core_li.py:23} INFO - Successfully updated job requisition 66db04abbf0a19d8769e6282
[2024-09-06T17:43:05.159+0000] {core_li.py:23} INFO - Successfully updated job requisition 66db04abbf0a19d8769e6284
[2024-09-06T17:43:05.166+0000] {core_li.py:23} INFO - Successfully updated job requisition 66db04abbf0a19d8769e6286
[2024-09-06T17:43:05.175+0000] {core_li.py:23} INFO - Successfully updated job requisition 66db04abbf0a19d8769e6288
[2024-09-06T17:43:05.184+0000] {core_li.py:23} INFO - Successfully updated job requisition 66db04abbf0a19d8769e628a
[2024-09-06T17:43:05.202+0000] {core_li.py:23} INFO - Successfully updated job requisition 66db04abbf0a19d8769e628c
[2024-09-06T17:43:05.210+0000] {core_li.py:23} INFO - Successfully updated job requisition 66db04abbf0a19d8769e628e
[2024-09-06T17:43:05.221+0000] {core_li.py:23} INFO - Successfully updated job requisition 66db04abbf0a19d8769e6290
[2024-09-06T17:43:05.228+0000] {core_li.py:23} INFO - Successfully updated job requisition 66db04abbf0a19d8769e6292
[2024-09-06T17:43:05.239+0000] {core_li.py:23} INFO - Successfully updated job requisition 66db04abbf0a19d8769e6294
[2024-09-06T17:43:05.258+0000] {core_li.py:23} INFO - Successfully updated job requisition 66db04abbf0a19d8769e6296
[2024-09-06T17:43:05.272+0000] {core_li.py:23} INFO - Successfully updated job requisition 66db04abbf0a19d8769e6298
[2024-09-06T17:43:05.286+0000] {core_li.py:23} INFO - Successfully updated job requisition 66db04abbf0a19d8769e629a
[2024-09-06T17:43:05.297+0000] {core_li.py:23} INFO - Successfully updated job requisition 66db04abbf0a19d8769e629c
[2024-09-06T17:43:05.310+0000] {core_li.py:23} INFO - Successfully updated job requisition 66db04abbf0a19d8769e629e
[2024-09-06T17:43:05.323+0000] {core_li.py:23} INFO - Successfully updated job requisition 66db04abbf0a19d8769e62a0
[2024-09-06T17:43:05.332+0000] {core_li.py:23} INFO - Successfully updated job requisition 66db04abbf0a19d8769e62a2
[2024-09-06T17:43:05.345+0000] {core_li.py:23} INFO - Successfully updated job requisition 66db04abbf0a19d8769e62a4
[2024-09-06T17:43:05.354+0000] {core_li.py:23} INFO - Successfully updated job requisition 66db04abbf0a19d8769e62a6
[2024-09-06T17:43:05.362+0000] {core_li.py:23} INFO - Successfully updated job requisition 66db04abbf0a19d8769e62a8
[2024-09-06T17:43:05.372+0000] {core_li.py:23} INFO - Successfully updated job requisition 66db04abbf0a19d8769e62aa
[2024-09-06T17:43:05.381+0000] {core_li.py:23} INFO - Successfully updated job requisition 66db04abbf0a19d8769e62ac
[2024-09-06T17:43:05.389+0000] {core_li.py:23} INFO - Successfully updated job requisition 66db04abbf0a19d8769e62ae
[2024-09-06T17:43:05.396+0000] {core_li.py:23} INFO - Successfully updated job requisition 66db04abbf0a19d8769e62b0
[2024-09-06T17:43:05.409+0000] {core_li.py:23} INFO - Successfully updated job requisition 66db04abbf0a19d8769e62b2
[2024-09-06T17:43:05.419+0000] {core_li.py:23} INFO - Successfully updated job requisition 66db04abbf0a19d8769e62b4
[2024-09-06T17:43:05.430+0000] {core_li.py:23} INFO - Successfully updated job requisition 66db04abbf0a19d8769e62b6
[2024-09-06T17:43:05.438+0000] {core_li.py:23} INFO - Successfully updated job requisition 66db04abbf0a19d8769e62b8
[2024-09-06T17:43:05.446+0000] {core_li.py:23} INFO - Successfully updated job requisition 66db04abbf0a19d8769e62ba
[2024-09-06T17:43:05.459+0000] {core_li.py:23} INFO - Successfully updated job requisition 66db04abbf0a19d8769e62bc
[2024-09-06T17:43:05.469+0000] {core_li.py:23} INFO - Successfully updated job requisition 66db04abbf0a19d8769e62be
[2024-09-06T17:43:05.478+0000] {core_li.py:23} INFO - Successfully updated job requisition 66db04abbf0a19d8769e62c0
[2024-09-06T17:43:05.490+0000] {core_li.py:23} INFO - Successfully updated job requisition 66db04abbf0a19d8769e62c2
[2024-09-06T17:43:05.501+0000] {core_li.py:23} INFO - Successfully updated job requisition 66db04abbf0a19d8769e62c4
[2024-09-06T17:43:05.512+0000] {core_li.py:23} INFO - Successfully updated job requisition 66db04abbf0a19d8769e62c6
[2024-09-06T17:43:05.521+0000] {core_li.py:23} INFO - Successfully updated job requisition 66db04abbf0a19d8769e62c8
[2024-09-06T17:43:05.529+0000] {core_li.py:23} INFO - Successfully updated job requisition 66db04abbf0a19d8769e62ca
[2024-09-06T17:43:05.542+0000] {core_li.py:23} INFO - Successfully updated job requisition 66db04abbf0a19d8769e62cc
[2024-09-06T17:43:05.553+0000] {core_li.py:23} INFO - Successfully updated job requisition 66db04abbf0a19d8769e62ce
[2024-09-06T17:43:05.563+0000] {core_li.py:23} INFO - Successfully updated job requisition 66db04abbf0a19d8769e62d0
[2024-09-06T17:43:05.579+0000] {core_li.py:23} INFO - Successfully updated job requisition 66db04abbf0a19d8769e62d2
[2024-09-06T17:43:05.589+0000] {core_li.py:23} INFO - Successfully updated job requisition 66db04abbf0a19d8769e62d4
[2024-09-06T17:43:05.605+0000] {core_li.py:23} INFO - Successfully updated job requisition 66db04abbf0a19d8769e62d6
[2024-09-06T17:43:05.620+0000] {core_li.py:23} INFO - Successfully updated job requisition 66db04abbf0a19d8769e62d8
[2024-09-06T17:43:05.656+0000] {core_li.py:23} INFO - Successfully updated job requisition 66db04abbf0a19d8769e62da
[2024-09-06T17:43:05.699+0000] {core_li.py:23} INFO - Successfully updated job requisition 66db04abbf0a19d8769e62dc
[2024-09-06T17:43:05.741+0000] {core_li.py:23} INFO - Successfully updated job requisition 66db04abbf0a19d8769e62de
[2024-09-06T17:43:05.755+0000] {core_li.py:23} INFO - Successfully updated job requisition 66db04abbf0a19d8769e62e0
[2024-09-06T17:43:05.776+0000] {core_li.py:23} INFO - Successfully updated job requisition 66db04abbf0a19d8769e62e2
[2024-09-06T17:43:05.800+0000] {core_li.py:23} INFO - Successfully updated job requisition 66db04abbf0a19d8769e62e4
[2024-09-06T17:43:05.817+0000] {core_li.py:23} INFO - Successfully updated job requisition 66db04abbf0a19d8769e62e6
[2024-09-06T17:43:05.829+0000] {core_li.py:23} INFO - Successfully updated job requisition 66db04abbf0a19d8769e62e8
[2024-09-06T17:43:05.845+0000] {core_li.py:23} INFO - Successfully updated job requisition 66db04abbf0a19d8769e62ea
[2024-09-06T17:43:05.857+0000] {core_li.py:23} INFO - Successfully updated job requisition 66db04abbf0a19d8769e62ec
[2024-09-06T17:43:05.872+0000] {core_li.py:23} INFO - Successfully updated job requisition 66db04abbf0a19d8769e62ee
[2024-09-06T17:43:05.891+0000] {core_li.py:23} INFO - Successfully updated job requisition 66db04abbf0a19d8769e62f0
[2024-09-06T17:43:05.898+0000] {core_li.py:23} INFO - Successfully updated job requisition 66db04abbf0a19d8769e62f2
[2024-09-06T17:43:05.910+0000] {core_li.py:23} INFO - Successfully updated job requisition 66db04abbf0a19d8769e62f4
[2024-09-06T17:43:05.924+0000] {core_li.py:23} INFO - Successfully updated job requisition 66db04abbf0a19d8769e62f6
[2024-09-06T17:43:05.938+0000] {core_li.py:23} INFO - Successfully updated job requisition 66db04abbf0a19d8769e62f8
[2024-09-06T17:43:05.950+0000] {core_li.py:23} INFO - Successfully updated job requisition 66db04abbf0a19d8769e62fa
[2024-09-06T17:43:05.967+0000] {core_li.py:23} INFO - Successfully updated job requisition 66db04abbf0a19d8769e62fc
[2024-09-06T17:43:05.977+0000] {core_li.py:23} INFO - Successfully updated job requisition 66db04abbf0a19d8769e62fe
[2024-09-06T17:43:05.988+0000] {core_li.py:23} INFO - Successfully updated job requisition 66db04abbf0a19d8769e6300
[2024-09-06T17:43:06.010+0000] {core_li.py:23} INFO - Successfully updated job requisition 66db04abbf0a19d8769e6302
[2024-09-06T17:43:06.018+0000] {core_li.py:23} INFO - Successfully updated job requisition 66db04abbf0a19d8769e6304
[2024-09-06T17:43:06.028+0000] {core_li.py:23} INFO - Successfully updated job requisition 66db04abbf0a19d8769e6306
[2024-09-06T17:43:06.036+0000] {core_li.py:23} INFO - Successfully updated job requisition 66db04abbf0a19d8769e6308
[2024-09-06T17:43:06.045+0000] {core_li.py:23} INFO - Successfully updated job requisition 66db04abbf0a19d8769e630a
[2024-09-06T17:43:06.055+0000] {core_li.py:23} INFO - Successfully updated job requisition 66db04abbf0a19d8769e630c
[2024-09-06T17:43:06.067+0000] {core_li.py:23} INFO - Successfully updated job requisition 66db04abbf0a19d8769e630e
[2024-09-06T17:43:06.076+0000] {core_li.py:23} INFO - Successfully updated job requisition 66db04abbf0a19d8769e6310
[2024-09-06T17:43:06.089+0000] {core_li.py:23} INFO - Successfully updated job requisition 66db04abbf0a19d8769e6312
[2024-09-06T17:43:06.098+0000] {core_li.py:23} INFO - Successfully updated job requisition 66db04abbf0a19d8769e6314
[2024-09-06T17:43:06.110+0000] {core_li.py:23} INFO - Successfully updated job requisition 66db04abbf0a19d8769e6316
[2024-09-06T17:43:06.117+0000] {core_li.py:23} INFO - Successfully updated job requisition 66db04abbf0a19d8769e6318
[2024-09-06T17:43:06.125+0000] {core_li.py:23} INFO - Successfully updated job requisition 66db04abbf0a19d8769e631a
[2024-09-06T17:43:06.132+0000] {core_li.py:23} INFO - Successfully updated job requisition 66db04abbf0a19d8769e631c
[2024-09-06T17:43:06.150+0000] {core_li.py:23} INFO - Successfully updated job requisition 66db04abbf0a19d8769e631e
[2024-09-06T17:43:06.162+0000] {core_li.py:23} INFO - Successfully updated job requisition 66db04abbf0a19d8769e6320
[2024-09-06T17:43:06.169+0000] {core_li.py:23} INFO - Successfully updated job requisition 66db04abbf0a19d8769e6322
[2024-09-06T17:43:06.179+0000] {core_li.py:23} INFO - Successfully updated job requisition 66db04abbf0a19d8769e6324
[2024-09-06T17:43:06.187+0000] {core_li.py:23} INFO - Successfully updated job requisition 66db04abbf0a19d8769e6326
[2024-09-06T17:43:06.199+0000] {core_li.py:23} INFO - Successfully updated job requisition 66db04abbf0a19d8769e6328
[2024-09-06T17:43:06.206+0000] {core_li.py:23} INFO - Successfully updated job requisition 66db04abbf0a19d8769e632a
[2024-09-06T17:43:06.214+0000] {core_li.py:23} INFO - Successfully updated job requisition 66db04abbf0a19d8769e632c
[2024-09-06T17:43:06.228+0000] {core_li.py:23} INFO - Successfully updated job requisition 66db04abbf0a19d8769e632e
[2024-09-06T17:43:06.239+0000] {core_li.py:23} INFO - Successfully updated job requisition 66db04abbf0a19d8769e6330
[2024-09-06T17:43:06.241+0000] {python.py:240} INFO - Done. Returned value was: 100
[2024-09-06T17:43:06.275+0000] {taskinstance.py:340} INFO - ::group::Post task execution logs
[2024-09-06T17:43:06.278+0000] {taskinstance.py:352} INFO - Marking task as SUCCESS. dag_id=async_flow, task_id=task_backfill_number_of_cancelled_candidates_in_batch, run_id=manual__2024-09-06T17:43:02.727107+00:00, map_index=9, execution_date=20240906T174302, start_date=20240906T174304, end_date=20240906T174306
[2024-09-06T17:43:06.304+0000] {local_task_job_runner.py:266} INFO - Task exited with return code 0
[2024-09-06T17:43:06.311+0000] {local_task_job_runner.py:245} INFO - ::endgroup::
